


--------------------------------------------------
Starting lstm.py at '2024-10-16 14:03:30.326081'.
Reading './isDaoActiveData(4).json'... Done.
Total training Data: 379
DAOs trained so far:236
Size of training set: 29
Size of test set: 114
Preparing data for training...
Preparing data for testing...
Parameters:
	Num epochs: 60
	Initial learning rate: 0.001
	Patience: 12
	Window size: 60
	Timeseries splits: 3
	Minimum number of timeseries datapoints: 64
Gradient boosting params: 
	{"max_depth": 3, "learning_rate": 0.05, "n_estimators": 100, "objective": "binary:logistic", "eval_metric": "logloss"}
	Creating sequence for 'arcblock'... Training group 0, split 1
	Y Train Labels:(array([1.], dtype=float32), array([576]))
	Y Val Labels:(array([1.], dtype=float32), array([574]))
Training group 0, split 2
	Y Train Labels:(array([1.], dtype=float32), array([1150]))
	Y Val Labels:(array([1.], dtype=float32), array([574]))
Training group 0, split 3
	Y Train Labels:(array([1.], dtype=float32), array([1724]))
	Y Val Labels:(array([1.], dtype=float32), array([574]))
Done.
	Creating sequence for 'circuits-of-value'... Training group 1, split 1
	Y Train Labels:(array([1.], dtype=float32), array([181]))
	Y Val Labels:(array([1.], dtype=float32), array([178]))
Training group 1, split 2
	Y Train Labels:(array([1.], dtype=float32), array([359]))
	Y Val Labels:(array([1.], dtype=float32), array([178]))
Training group 1, split 3
	Y Train Labels:(array([1.], dtype=float32), array([537]))
	Y Val Labels:(array([1.], dtype=float32), array([178]))
Done.
	Creating sequence for 'book-of-meme'... Training group 2, split 1
	Early stopping at epoch 45
	Y Train Labels:(array([1.], dtype=float32), array([36]))
	Y Val Labels:(array([1.], dtype=float32), array([33]))
Training group 2, split 2
	Early stopping at epoch 17
	Y Train Labels:(array([1.], dtype=float32), array([69]))
	Y Val Labels:(array([0., 1.], dtype=float32), array([17, 16]))
Training group 2, split 3
	Early stopping at epoch 47
	Y Train Labels:(array([0., 1.], dtype=float32), array([17, 85]))
	Y Val Labels:(array([0.], dtype=float32), array([33]))
Done.
	Creating sequence for 'aventus'... Training group 3, split 1
	Y Train Labels:(array([1.], dtype=float32), array([230]))
	Y Val Labels:(array([1.], dtype=float32), array([230]))
Training group 3, split 2
	Y Train Labels:(array([1.], dtype=float32), array([460]))
	Y Val Labels:(array([1.], dtype=float32), array([230]))
Training group 3, split 3
	Y Train Labels:(array([1.], dtype=float32), array([690]))
	Y Val Labels:(array([1.], dtype=float32), array([230]))
Done.
	Creating sequence for 'adappter-token'... Training group 4, split 1
	Early stopping at epoch 13
	Y Train Labels:(array([1.], dtype=float32), array([331]))
	Y Val Labels:(array([0., 1.], dtype=float32), array([212, 117]))
Training group 4, split 2
	Early stopping at epoch 36
	Y Train Labels:(array([0., 1.], dtype=float32), array([212, 448]))
	Y Val Labels:(array([0.], dtype=float32), array([329]))
Training group 4, split 3
	Early stopping at epoch 30
	Y Train Labels:(array([0., 1.], dtype=float32), array([541, 448]))
	Y Val Labels:(array([0.], dtype=float32), array([329]))
Done.
	Creating sequence for '404aliens'... Training group 5, split 1
	Y Train Labels:(array([0.], dtype=float32), array([41]))
	Y Val Labels:(array([0.], dtype=float32), array([39]))
Training group 5, split 2
	Y Train Labels:(array([0.], dtype=float32), array([80]))
	Y Val Labels:(array([0.], dtype=float32), array([39]))
Training group 5, split 3
	Y Train Labels:(array([0.], dtype=float32), array([119]))
	Y Val Labels:(array([0.], dtype=float32), array([39]))
Done.
	Creating sequence for 'cratos'... Training group 6, split 1
	Y Train Labels:(array([1.], dtype=float32), array([260]))
	Y Val Labels:(array([1.], dtype=float32), array([259]))
Training group 6, split 2
	Y Train Labels:(array([1.], dtype=float32), array([519]))
	Y Val Labels:(array([1.], dtype=float32), array([259]))
Training group 6, split 3
	Y Train Labels:(array([1.], dtype=float32), array([778]))
	Y Val Labels:(array([1.], dtype=float32), array([259]))
Done.
	Creating sequence for 'cartesi'... Training group 7, split 1
	Y Train Labels:(array([1.], dtype=float32), array([371]))
	Y Val Labels:(array([1.], dtype=float32), array([371]))
Training group 7, split 2
	Y Train Labels:(array([1.], dtype=float32), array([742]))
	Y Val Labels:(array([1.], dtype=float32), array([371]))
Training group 7, split 3
