


--------------------------------------------------
Starting lstm.py at '2024-10-23 19:53:18.277588'.
Reading '../classifiedDAOs.json'... Done.
Total training Data: 1578
DAOs trained so far:617
Size of training set: 487
Size of test set: 474
Preparing data for training...
Preparing data for testing...
Parameters:
	Num epochs: 60
	Initial learning rate: 0.001
	Patience: 12
	Window size: 60
	Timeseries splits: 3
	Minimum number of timeseries datapoints: 64
Gradient boosting params: 
	{"max_depth": 3, "learning_rate": 0.05, "n_estimators": 100, "objective": "binary:logistic", "eval_metric": "logloss"}
	Creating sequence for 'nsure-network'... Training group 0, split 1
	Early stopping at epoch 40
	Y Train Labels:(array([0., 1.], dtype=float32), array([ 19, 306]))
	Y Val Labels:(array([0.], dtype=float32), array([324]))
Training group 0, split 2
	Early stopping at epoch 14
	Y Train Labels:(array([0., 1.], dtype=float32), array([343, 306]))
	Y Val Labels:(array([0.], dtype=float32), array([324]))
Training group 0, split 3
	Early stopping at epoch 49
	Y Train Labels:(array([0., 1.], dtype=float32), array([667, 306]))
	Y Val Labels:(array([0.], dtype=float32), array([324]))
Done.
	Creating sequence for 'vvs-finance'... Training group 1, split 1
	Y Train Labels:(array([1.], dtype=float32), array([234]))
	Y Val Labels:(array([1.], dtype=float32), array([232]))
Training group 1, split 2
	Y Train Labels:(array([1.], dtype=float32), array([466]))
	Y Val Labels:(array([1.], dtype=float32), array([232]))
Training group 1, split 3
	Y Train Labels:(array([1.], dtype=float32), array([698]))
	Y Val Labels:(array([1.], dtype=float32), array([232]))
Done.
	Creating sequence for 'maple'... Training group 2, split 1
	Y Train Labels:(array([1.], dtype=float32), array([236]))
	Y Val Labels:(array([1.], dtype=float32), array([236]))
Training group 2, split 2
	Y Train Labels:(array([1.], dtype=float32), array([472]))
	Y Val Labels:(array([1.], dtype=float32), array([236]))
Training group 2, split 3
	Y Train Labels:(array([1.], dtype=float32), array([708]))
	Y Val Labels:(array([1.], dtype=float32), array([236]))
Done.
	Creating sequence for 'gifto'... Training group 3, split 1
	Y Train Labels:(array([1.], dtype=float32), array([442]))
	Y Val Labels:(array([1.], dtype=float32), array([439]))
Training group 3, split 2
	Early stopping at epoch 43
	Y Train Labels:(array([1.], dtype=float32), array([881]))
	Y Val Labels:(array([1.], dtype=float32), array([439]))
Training group 3, split 3
	Early stopping at epoch 30
	Y Train Labels:(array([1.], dtype=float32), array([1320]))
	Y Val Labels:(array([1.], dtype=float32), array([439]))
Done.
	Creating sequence for 'nexus'... Training group 4, split 1
	Early stopping at epoch 34
	Y Train Labels:(array([1.], dtype=float32), array([518]))
	Y Val Labels:(array([1.], dtype=float32), array([516]))
Training group 4, split 2
	Early stopping at epoch 29
	Y Train Labels:(array([1.], dtype=float32), array([1034]))
	Y Val Labels:(array([1.], dtype=float32), array([516]))
Training group 4, split 3
	Early stopping at epoch 15
	Y Train Labels:(array([1.], dtype=float32), array([1550]))
	Y Val Labels:(array([1.], dtype=float32), array([516]))
Done.
	Creating sequence for 'lattice-token'... Training group 5, split 1
	Early stopping at epoch 41
	Y Train Labels:(array([1.], dtype=float32), array([335]))
	Y Val Labels:(array([1.], dtype=float32), array([333]))
Training group 5, split 2
	Early stopping at epoch 19
	Y Train Labels:(array([1.], dtype=float32), array([668]))
	Y Val Labels:(array([0., 1.], dtype=float32), array([245,  88]))
Training group 5, split 3
