


--------------------------------------------------
Starting lstm.py at '2024-10-23 21:14:14.648947'.
Reading '../classifiedDAOs.json'... Done.
Total training Data: 1578
DAOs trained so far:1072
Size of training set: 32
Size of test set: 474
Preparing data for training...
Preparing data for testing...
Parameters:
	Num epochs: 60
	Initial learning rate: 0.001
	Patience: 12
	Window size: 60
	Timeseries splits: 3
	Minimum number of timeseries datapoints: 64
Gradient boosting params: 
	{"max_depth": 3, "learning_rate": 0.05, "n_estimators": 100, "objective": "binary:logistic", "eval_metric": "logloss"}
	Creating sequence for 'solend'... Training group 0, split 1
	Y Train Labels:(array([1.], dtype=float32), array([153]))
	Y Val Labels:(array([1.], dtype=float32), array([151]))
Training group 0, split 2
	Y Train Labels:(array([1.], dtype=float32), array([304]))
	Y Val Labels:(array([1.], dtype=float32), array([151]))
Training group 0, split 3
	Early stopping at epoch 23
	Y Train Labels:(array([1.], dtype=float32), array([455]))
	Y Val Labels:(array([1.], dtype=float32), array([151]))
Done.
	Creating sequence for 'loom-network'... Training group 1, split 1
	Early stopping at epoch 23
	Y Train Labels:(array([1.], dtype=float32), array([570]))
	Y Val Labels:(array([1.], dtype=float32), array([569]))
Training group 1, split 2
	Early stopping at epoch 19
	Y Train Labels:(array([1.], dtype=float32), array([1139]))
	Y Val Labels:(array([1.], dtype=float32), array([569]))
Training group 1, split 3
	Early stopping at epoch 19
	Y Train Labels:(array([1.], dtype=float32), array([1708]))
	Y Val Labels:(array([1.], dtype=float32), array([569]))
Done.
	Creating sequence for 'ruff'... Training group 2, split 1
	Early stopping at epoch 13
	Y Train Labels:(array([1.], dtype=float32), array([576]))
	Y Val Labels:(array([0., 1.], dtype=float32), array([ 35, 541]))
Training group 2, split 2
	Early stopping at epoch 24
	Y Train Labels:(array([0., 1.], dtype=float32), array([  35, 1117]))
	Y Val Labels:(array([0.], dtype=float32), array([576]))
Training group 2, split 3
	Early stopping at epoch 34
	Y Train Labels:(array([0., 1.], dtype=float32), array([ 611, 1117]))
	Y Val Labels:(array([0.], dtype=float32), array([576]))
Done.
	Creating sequence for 'equalizer'... Training group 3, split 1
	Early stopping at epoch 25
	Y Train Labels:(array([0., 1.], dtype=float32), array([ 94, 156]))
	Y Val Labels:(array([0.], dtype=float32), array([249]))
Training group 3, split 2
	Early stopping at epoch 26
	Y Train Labels:(array([0., 1.], dtype=float32), array([343, 156]))
	Y Val Labels:(array([0.], dtype=float32), array([249]))
Training group 3, split 3
	Early stopping at epoch 37
	Y Train Labels:(array([0., 1.], dtype=float32), array([592, 156]))
	Y Val Labels:(array([0.], dtype=float32), array([249]))
Done.
	Creating sequence for 'kira-network'... Training group 4, split 1
	Y Train Labels:(array([1.], dtype=float32), array([334]))
	Y Val Labels:(array([1.], dtype=float32), array([331]))
Training group 4, split 2
	Y Train Labels:(array([1.], dtype=float32), array([665]))
	Y Val Labels:(array([1.], dtype=float32), array([331]))
Training group 4, split 3
	Early stopping at epoch 45
	Y Train Labels:(array([1.], dtype=float32), array([996]))
	Y Val Labels:(array([1.], dtype=float32), array([331]))
Done.
	Creating sequence for 'brz'... Training group 5, split 1
	Early stopping at epoch 15
	Y Train Labels:(array([1.], dtype=float32), array([448]))
	Y Val Labels:(array([1.], dtype=float32), array([445]))
Training group 5, split 2
	Early stopping at epoch 13
	Y Train Labels:(array([1.], dtype=float32), array([893]))
	Y Val Labels:(array([0., 1.], dtype=float32), array([ 62, 383]))
Training group 5, split 3
	Early stopping at epoch 16
	Y Train Labels:(array([0., 1.], dtype=float32), array([  62, 1276]))
	Y Val Labels:(array([0.], dtype=float32), array([445]))
Done.
	Creating sequence for 'humanscape'... 00
Done.
	Creating sequence for 'tiger-king'... Training group 7, split 1
	Early stopping at epoch 59
	Y Train Labels:(array([0., 1.], dtype=float32), array([ 61, 171]))
	Y Val Labels:(array([0.], dtype=float32), array([232]))
Training group 7, split 2
	Y Train Labels:(array([0., 1.], dtype=float32), array([293, 171]))
	Y Val Labels:(array([0.], dtype=float32), array([232]))
Training group 7, split 3
	Early stopping at epoch 41
	Y Train Labels:(array([0., 1.], dtype=float32), array([525, 171]))
	Y Val Labels:(array([0.], dtype=float32), array([232]))
Done.
	Creating sequence for 'webuy'... Training group 8, split 1
	Early stopping at epoch 13
	Y Train Labels:(array([1.], dtype=float32), array([195]))
	Y Val Labels:(array([0., 1.], dtype=float32), array([170,  23]))
Training group 8, split 2
	Y Train Labels:(array([0., 1.], dtype=float32), array([170, 218]))
	Y Val Labels:(array([0.], dtype=float32), array([193]))
Training group 8, split 3
	Y Train Labels:(array([0., 1.], dtype=float32), array([363, 218]))
	Y Val Labels:(array([0.], dtype=float32), array([193]))
Done.
	Creating sequence for 'sealwifhat'... Training group 9, split 1
	Y Train Labels:(array([0.], dtype=float32), array([35]))
	Y Val Labels:(array([0.], dtype=float32), array([34]))
Training group 9, split 2
	Early stopping at epoch 13
	Y Train Labels:(array([0.], dtype=float32), array([69]))
	Y Val Labels:(array([0.], dtype=float32), array([34]))
Training group 9, split 3
	Y Train Labels:(array([0.], dtype=float32), array([103]))
	Y Val Labels:(array([0.], dtype=float32), array([34]))
Done.
	Creating sequence for 'dydx-chain'... Training group 10, split 1
	Y Train Labels:(array([1.], dtype=float32), array([69]))
	Y Val Labels:(array([1.], dtype=float32), array([67]))
Training group 10, split 2
	Early stopping at epoch 13
	Y Train Labels:(array([1.], dtype=float32), array([136]))
	Y Val Labels:(array([0., 1.], dtype=float32), array([ 2, 65]))
Training group 10, split 3
	Early stopping at epoch 30
	Y Train Labels:(array([0., 1.], dtype=float32), array([  2, 201]))
	Y Val Labels:(array([0.], dtype=float32), array([67]))
Done.
	Creating sequence for 'neon'... Training group 11, split 1
	Early stopping at epoch 13
	Y Train Labels:(array([1.], dtype=float32), array([85]))
	Y Val Labels:(array([1.], dtype=float32), array([85]))
Training group 11, split 2
	Early stopping at epoch 13
	Y Train Labels:(array([1.], dtype=float32), array([170]))
	Y Val Labels:(array([1.], dtype=float32), array([85]))
Training group 11, split 3
	Early stopping at epoch 13
	Y Train Labels:(array([1.], dtype=float32), array([255]))
	Y Val Labels:(array([1.], dtype=float32), array([85]))
Done.
	Creating sequence for 'tokocrypto'... Training group 12, split 1
	Early stopping at epoch 20
	Y Train Labels:(array([1.], dtype=float32), array([278]))
	Y Val Labels:(array([0., 1.], dtype=float32), array([249,  29]))
Training group 12, split 2
