


--------------------------------------------------
Starting lstm.py at '2024-10-16 12:56:23.599917'.
Reading './isDaoActiveData(4).json'... Done.
Total training Data: 379
DAOs trained so far:0
Size of training set: 265
Size of test set: 114
Preparing data for training...
Preparing data for testing...
Parameters:
	Num epochs: 60
	Initial learning rate: 0.001
	Patience: 12
	Window size: 60
	Timeseries splits: 3
	Minimum number of timeseries datapoints: 64
Gradient boosting params: 
	{"max_depth": 3, "learning_rate": 0.05, "n_estimators": 100, "objective": "binary:logistic", "eval_metric": "logloss"}
	Creating sequence for 'chiliz'... Training group 0, split 1
	Y Train Labels:(array([1.], dtype=float32), array([459]))
	Y Val Labels:(array([1.], dtype=float32), array([456]))
Training group 0, split 2
	Early stopping at epoch 46
	Y Train Labels:(array([1.], dtype=float32), array([915]))
	Y Val Labels:(array([1.], dtype=float32), array([456]))
Training group 0, split 3
	Early stopping at epoch 13
	Y Train Labels:(array([1.], dtype=float32), array([1371]))
	Y Val Labels:(array([0., 1.], dtype=float32), array([326, 130]))
Done.
	Creating sequence for 'alphabet-erc404'... Training group 1, split 1
	Y Train Labels:(array([0.], dtype=float32), array([33]))
	Y Val Labels:(array([0.], dtype=float32), array([33]))
Training group 1, split 2
	Y Train Labels:(array([0.], dtype=float32), array([66]))
	Y Val Labels:(array([0.], dtype=float32), array([33]))
Training group 1, split 3
	Y Train Labels:(array([0.], dtype=float32), array([99]))
	Y Val Labels:(array([0.], dtype=float32), array([33]))
Done.
	Creating sequence for 'across-protocol'... Training group 2, split 1
	Y Train Labels:(array([1.], dtype=float32), array([154]))
	Y Val Labels:(array([1.], dtype=float32), array([151]))
Training group 2, split 2
	Y Train Labels:(array([1.], dtype=float32), array([305]))
	Y Val Labels:(array([1.], dtype=float32), array([151]))
Training group 2, split 3
	Y Train Labels:(array([1.], dtype=float32), array([456]))
	Y Val Labels:(array([1.], dtype=float32), array([151]))
Done.
	Creating sequence for 'clore-ai'... Training group 3, split 1
	Early stopping at epoch 30
	Y Train Labels:(array([1.], dtype=float32), array([108]))
	Y Val Labels:(array([1.], dtype=float32), array([105]))
Training group 3, split 2
	Early stopping at epoch 19
	Y Train Labels:(array([1.], dtype=float32), array([213]))
	Y Val Labels:(array([1.], dtype=float32), array([105]))
Training group 3, split 3
	Early stopping at epoch 13
	Y Train Labels:(array([1.], dtype=float32), array([318]))
	Y Val Labels:(array([0., 1.], dtype=float32), array([30, 75]))
Done.
	Creating sequence for 'alchemist'... Training group 4, split 1
	Early stopping at epoch 13
	Y Train Labels:(array([1.], dtype=float32), array([284]))
	Y Val Labels:(array([0., 1.], dtype=float32), array([187,  97]))
Training group 4, split 2
	Early stopping at epoch 13
	Y Train Labels:(array([0., 1.], dtype=float32), array([187, 381]))
	Y Val Labels:(array([0.], dtype=float32), array([284]))
Training group 4, split 3
	Y Train Labels:(array([0., 1.], dtype=float32), array([471, 381]))
	Y Val Labels:(array([0.], dtype=float32), array([284]))
Done.
	Creating sequence for 'cnns'... Training group 5, split 1
	Y Train Labels:(array([1.], dtype=float32), array([74]))
	Y Val Labels:(array([1.], dtype=float32), array([71]))
Training group 5, split 2
	Y Train Labels:(array([1.], dtype=float32), array([145]))
	Y Val Labels:(array([1.], dtype=float32), array([71]))
Training group 5, split 3
	Early stopping at epoch 25
	Y Train Labels:(array([1.], dtype=float32), array([216]))
	Y Val Labels:(array([1.], dtype=float32), array([71]))
Done.
	Creating sequence for 'bnktothefuture'... Training group 6, split 1
	Early stopping at epoch 20
	Y Train Labels:(array([1.], dtype=float32), array([563]))
	Y Val Labels:(array([1.], dtype=float32), array([560]))
Training group 6, split 2
