


--------------------------------------------------
Starting lstm.py at '2024-10-23 19:29:09.043710'.
Reading '../classifiedDAOs.json'... Done.
Total training Data: 1578
DAOs trained so far:476
Size of training set: 628
Size of test set: 474
Preparing data for training...
Preparing data for testing...
Parameters:
	Num epochs: 60
	Initial learning rate: 0.001
	Patience: 12
	Window size: 60
	Timeseries splits: 3
	Minimum number of timeseries datapoints: 64
Gradient boosting params: 
	{"max_depth": 3, "learning_rate": 0.05, "n_estimators": 100, "objective": "binary:logistic", "eval_metric": "logloss"}
	Creating sequence for 'coin98'... Training group 0, split 1
	Y Train Labels:(array([1.], dtype=float32), array([263]))
	Y Val Labels:(array([1.], dtype=float32), array([262]))
Training group 0, split 2
	Y Train Labels:(array([1.], dtype=float32), array([525]))
	Y Val Labels:(array([1.], dtype=float32), array([262]))
Training group 0, split 3
	Y Train Labels:(array([1.], dtype=float32), array([787]))
	Y Val Labels:(array([1.], dtype=float32), array([262]))
Done.
	Creating sequence for 'edelcoin'... Training group 1, split 1
	Y Train Labels:(array([0.], dtype=float32), array([70]))
	Y Val Labels:(array([0.], dtype=float32), array([68]))
Training group 1, split 2
	Y Train Labels:(array([0.], dtype=float32), array([138]))
	Y Val Labels:(array([0.], dtype=float32), array([68]))
Training group 1, split 3
	Y Train Labels:(array([0.], dtype=float32), array([206]))
	Y Val Labels:(array([0.], dtype=float32), array([68]))
Done.
	Creating sequence for 'edgeware'... Training group 2, split 1
	Y Train Labels:(array([1.], dtype=float32), array([388]))
	Y Val Labels:(array([1.], dtype=float32), array([387]))
Training group 2, split 2
	Y Train Labels:(array([1.], dtype=float32), array([775]))
	Y Val Labels:(array([1.], dtype=float32), array([387]))
Training group 2, split 3
	Y Train Labels:(array([1.], dtype=float32), array([1162]))
	Y Val Labels:(array([1.], dtype=float32), array([387]))
Done.
	Creating sequence for 'ferrum-network'... Training group 3, split 1
	Y Train Labels:(array([1.], dtype=float32), array([431]))
	Y Val Labels:(array([1.], dtype=float32), array([428]))
Training group 3, split 2
	Y Train Labels:(array([1.], dtype=float32), array([859]))
	Y Val Labels:(array([1.], dtype=float32), array([428]))
Training group 3, split 3
	Y Train Labels:(array([1.], dtype=float32), array([1287]))
	Y Val Labels:(array([1.], dtype=float32), array([428]))
Done.
	Creating sequence for 'karura'... Training group 4, split 1
	Y Train Labels:(array([1.], dtype=float32), array([242]))
	Y Val Labels:(array([1.], dtype=float32), array([240]))
Training group 4, split 2
	Y Train Labels:(array([1.], dtype=float32), array([482]))
	Y Val Labels:(array([1.], dtype=float32), array([240]))
Training group 4, split 3
	Y Train Labels:(array([1.], dtype=float32), array([722]))
	Y Val Labels:(array([1.], dtype=float32), array([240]))
Done.
	Creating sequence for 'feathercoin'... Training group 5, split 1
	Y Train Labels:(array([1.], dtype=float32), array([564]))
	Y Val Labels:(array([1.], dtype=float32), array([563]))
Training group 5, split 2
