


--------------------------------------------------
Starting lstm.py at '2024-10-25 17:52:44.918416'.
Reading './balancedDataset.json'... Done.
Total training Data: 1030
DAOs trained so far:634
Size of training set: 87
Size of test set: 309
Preparing data for training...
Preparing data for testing...
Parameters:
	Num epochs: 60
	Initial learning rate: 0.001
	Patience: 12
	Window size: 60
	Timeseries splits: 3
	Minimum number of timeseries datapoints: 64
Gradient boosting params: 
	{"max_depth": 3, "learning_rate": 0.05, "n_estimators": 100, "objective": "binary:logistic", "eval_metric": "logloss"}
	Creating sequence for 'blockstack'... Training group 0, split 1
	Early stopping at epoch 13
	Y Train Labels:(array([1.], dtype=float32), array([316]))
	Y Val Labels:(array([1.], dtype=float32), array([314]))
Training group 0, split 2
	Early stopping at epoch 13
	Y Train Labels:(array([1.], dtype=float32), array([630]))
	Y Val Labels:(array([1.], dtype=float32), array([314]))
Training group 0, split 3
	Early stopping at epoch 13
	Y Train Labels:(array([1.], dtype=float32), array([944]))
	Y Val Labels:(array([1.], dtype=float32), array([314]))
Done.
	Creating sequence for 'tokenfi'... Training group 1, split 1
	Early stopping at epoch 13
	Y Train Labels:(array([1.], dtype=float32), array([70]))
	Y Val Labels:(array([1.], dtype=float32), array([68]))
Training group 1, split 2
	Early stopping at epoch 13
	Y Train Labels:(array([1.], dtype=float32), array([138]))
	Y Val Labels:(array([1.], dtype=float32), array([68]))
Training group 1, split 3
	Early stopping at epoch 13
	Y Train Labels:(array([1.], dtype=float32), array([206]))
	Y Val Labels:(array([1.], dtype=float32), array([68]))
Done.
	Creating sequence for 'monero'... Training group 2, split 1
	Early stopping at epoch 13
	Y Train Labels:(array([1.], dtype=float32), array([544]))
	Y Val Labels:(array([1.], dtype=float32), array([542]))
Training group 2, split 2
	Early stopping at epoch 13
	Y Train Labels:(array([1.], dtype=float32), array([1086]))
	Y Val Labels:(array([1.], dtype=float32), array([542]))
Training group 2, split 3
	Early stopping at epoch 13
	Y Train Labels:(array([1.], dtype=float32), array([1628]))
	Y Val Labels:(array([1.], dtype=float32), array([542]))
Done.
	Creating sequence for 'fibos'... Training group 3, split 1
	Early stopping at epoch 13
	Y Train Labels:(array([1.], dtype=float32), array([441]))
	Y Val Labels:(array([1.], dtype=float32), array([439]))
Training group 3, split 2
	Early stopping at epoch 13
	Y Train Labels:(array([1.], dtype=float32), array([880]))
	Y Val Labels:(array([0., 1.], dtype=float32), array([305, 134]))
Training group 3, split 3
	Early stopping at epoch 13
	Y Train Labels:(array([0., 1.], dtype=float32), array([ 305, 1014]))
	Y Val Labels:(array([0.], dtype=float32), array([439]))
Done.
	Creating sequence for 'myro'... Training group 4, split 1
	Early stopping at epoch 13
	Y Train Labels:(array([1.], dtype=float32), array([67]))
	Y Val Labels:(array([1.], dtype=float32), array([64]))
Training group 4, split 2
	Early stopping at epoch 13
	Y Train Labels:(array([1.], dtype=float32), array([131]))
	Y Val Labels:(array([1.], dtype=float32), array([64]))
Training group 4, split 3
	Early stopping at epoch 13
	Y Train Labels:(array([1.], dtype=float32), array([195]))
	Y Val Labels:(array([1.], dtype=float32), array([64]))
Done.
	Creating sequence for 'hex'... Training group 5, split 1
	Early stopping at epoch 13
	Y Train Labels:(array([1.], dtype=float32), array([351]))
	Y Val Labels:(array([1.], dtype=float32), array([351]))
Training group 5, split 2
