


--------------------------------------------------
Starting lstm.py at '2024-10-23 19:59:32.680124'.
Reading '../classifiedDAOs.json'... Done.
Total training Data: 1578
DAOs trained so far:651
Size of training set: 453
Size of test set: 474
Preparing data for training...
Preparing data for testing...
Parameters:
	Num epochs: 60
	Initial learning rate: 0.001
	Patience: 12
	Window size: 60
	Timeseries splits: 3
	Minimum number of timeseries datapoints: 64
Gradient boosting params: 
	{"max_depth": 3, "learning_rate": 0.05, "n_estimators": 100, "objective": "binary:logistic", "eval_metric": "logloss"}
	Creating sequence for 'melon'... Training group 0, split 1
	Y Train Labels:(array([1.], dtype=float32), array([311]))
	Y Val Labels:(array([1.], dtype=float32), array([311]))
Training group 0, split 2
	Y Train Labels:(array([1.], dtype=float32), array([622]))
	Y Val Labels:(array([1.], dtype=float32), array([311]))
Training group 0, split 3
	Y Train Labels:(array([1.], dtype=float32), array([933]))
	Y Val Labels:(array([1.], dtype=float32), array([311]))
Done.
	Creating sequence for 'adapad'... Training group 1, split 1
	Early stopping at epoch 32
	Y Train Labels:(array([0., 1.], dtype=float32), array([141,  92]))
	Y Val Labels:(array([0.], dtype=float32), array([233]))
Training group 1, split 2
	Early stopping at epoch 26
	Y Train Labels:(array([0., 1.], dtype=float32), array([374,  92]))
	Y Val Labels:(array([0.], dtype=float32), array([233]))
Training group 1, split 3
	Early stopping at epoch 28
	Y Train Labels:(array([0., 1.], dtype=float32), array([607,  92]))
	Y Val Labels:(array([0.], dtype=float32), array([233]))
Done.
	Creating sequence for 'woonkly-power'... Training group 2, split 1
	Early stopping at epoch 14
	Y Train Labels:(array([1.], dtype=float32), array([305]))
	Y Val Labels:(array([0., 1.], dtype=float32), array([284,  21]))
Training group 2, split 2
	Early stopping at epoch 43
	Y Train Labels:(array([0., 1.], dtype=float32), array([284, 326]))
	Y Val Labels:(array([0.], dtype=float32), array([305]))
Training group 2, split 3
	Early stopping at epoch 30
	Y Train Labels:(array([0., 1.], dtype=float32), array([589, 326]))
	Y Val Labels:(array([0.], dtype=float32), array([305]))
Done.
	Creating sequence for 'tezos'... Training group 3, split 1
	Y Train Labels:(array([1.], dtype=float32), array([543]))
	Y Val Labels:(array([1.], dtype=float32), array([543]))
Training group 3, split 2
	Early stopping at epoch 41
	Y Train Labels:(array([1.], dtype=float32), array([1086]))
	Y Val Labels:(array([1.], dtype=float32), array([543]))
Training group 3, split 3
	Y Train Labels:(array([1.], dtype=float32), array([1629]))
	Y Val Labels:(array([1.], dtype=float32), array([543]))
Done.
	Creating sequence for 'stratos'... Training group 4, split 1
	Y Train Labels:(array([1.], dtype=float32), array([287]))
	Y Val Labels:(array([1.], dtype=float32), array([285]))
Training group 4, split 2
	Y Train Labels:(array([1.], dtype=float32), array([572]))
	Y Val Labels:(array([1.], dtype=float32), array([285]))
Training group 4, split 3
	Early stopping at epoch 13
	Y Train Labels:(array([1.], dtype=float32), array([857]))
	Y Val Labels:(array([0., 1.], dtype=float32), array([111, 174]))
Done.
	Creating sequence for 'moonbot'... 5403
Done.
	Creating sequence for 'indexed-finance'... Training group 6, split 1
	Early stopping at epoch 15
	Y Train Labels:(array([1.], dtype=float32), array([275]))
	Y Val Labels:(array([0., 1.], dtype=float32), array([191,  83]))
Training group 6, split 2
	Y Train Labels:(array([0., 1.], dtype=float32), array([191, 358]))
	Y Val Labels:(array([0.], dtype=float32), array([274]))
Training group 6, split 3
	Y Train Labels:(array([0., 1.], dtype=float32), array([465, 358]))
	Y Val Labels:(array([0.], dtype=float32), array([274]))
Done.
	Creating sequence for 'witch-token'... Training group 7, split 1
	Y Train Labels:(array([1.], dtype=float32), array([43]))
	Y Val Labels:(array([1.], dtype=float32), array([43]))
Training group 7, split 2
	Early stopping at epoch 13
	Y Train Labels:(array([1.], dtype=float32), array([86]))
	Y Val Labels:(array([0., 1.], dtype=float32), array([28, 15]))
Training group 7, split 3
	Early stopping at epoch 27
	Y Train Labels:(array([0., 1.], dtype=float32), array([ 28, 101]))
	Y Val Labels:(array([0.], dtype=float32), array([43]))
Done.
	Creating sequence for 'secret'... Training group 8, split 1
	Early stopping at epoch 13
	Y Train Labels:(array([1.], dtype=float32), array([335]))
	Y Val Labels:(array([0., 1.], dtype=float32), array([127, 207]))
Training group 8, split 2
	Early stopping at epoch 30
	Y Train Labels:(array([0., 1.], dtype=float32), array([127, 542]))
	Y Val Labels:(array([0.], dtype=float32), array([334]))
Training group 8, split 3
