


--------------------------------------------------
Starting lstm.py at '2024-10-27 02:08:05.604343'.
Reading '../classifiedDAOs.json'... Done.
Total training Data: 1578
DAOs trained so far:1092
Size of training set: 12
Size of test set: 474
Preparing data for training...
Preparing data for testing...
Parameters:
	Num epochs: 60
	Initial learning rate: 0.001
	Patience: 12
	Window size: 60
	Timeseries splits: 3
	Minimum number of timeseries datapoints: 64
Gradient boosting params: 
	{"max_depth": 3, "learning_rate": 0.05, "n_estimators": 100, "objective": "binary:logistic", "eval_metric": "logloss"}
	Creating sequence for 'band-protocol'... Training group 0, split 1
	Y Train Labels:(array([1.], dtype=float32), array([437]))
	Y Val Labels:(array([1.], dtype=float32), array([437]))
Training group 0, split 2
	Y Train Labels:(array([1.], dtype=float32), array([874]))
	Y Val Labels:(array([1.], dtype=float32), array([437]))
Training group 0, split 3
	Y Train Labels:(array([1.], dtype=float32), array([1311]))
	Y Val Labels:(array([1.], dtype=float32), array([437]))
Done.
	Creating sequence for 'power-ledger'... Training group 1, split 1
	Y Train Labels:(array([1.], dtype=float32), array([562]))
	Y Val Labels:(array([1.], dtype=float32), array([562]))
Training group 1, split 2
	Y Train Labels:(array([1.], dtype=float32), array([1124]))
	Y Val Labels:(array([1.], dtype=float32), array([562]))
Training group 1, split 3
	Y Train Labels:(array([1.], dtype=float32), array([1686]))
	Y Val Labels:(array([1.], dtype=float32), array([562]))
Done.
	Creating sequence for 'parcl'... Training group 2, split 1
	Y Train Labels:(array([1.], dtype=float32), array([27]))
	Y Val Labels:(array([1.], dtype=float32), array([25]))
Training group 2, split 2
	Y Train Labels:(array([1.], dtype=float32), array([52]))
	Y Val Labels:(array([1.], dtype=float32), array([25]))
Training group 2, split 3
	Y Train Labels:(array([1.], dtype=float32), array([77]))
	Y Val Labels:(array([1.], dtype=float32), array([25]))
Done.
	Creating sequence for 'nano'... Training group 3, split 1
	Y Train Labels:(array([1.], dtype=float32), array([546]))
	Y Val Labels:(array([1.], dtype=float32), array([543]))
Training group 3, split 2
