


--------------------------------------------------
Starting lstm.py at '2024-10-26 22:59:41.540996'.
Reading '../classifiedDAOs.json'... Done.
Total training Data: 1578
DAOs trained so far:353
Size of training set: 751
Size of test set: 474
Preparing data for training...
Preparing data for testing...
Parameters:
	Num epochs: 60
	Initial learning rate: 0.001
	Patience: 12
	Window size: 60
	Timeseries splits: 3
	Minimum number of timeseries datapoints: 64
Gradient boosting params: 
	{"max_depth": 3, "learning_rate": 0.05, "n_estimators": 100, "objective": "binary:logistic", "eval_metric": "logloss"}
	Creating sequence for 'defichain'... Training group 0, split 1
	Early stopping at epoch 13
	Y Train Labels:(array([1.], dtype=float32), array([255]))
	Y Val Labels:(array([1.], dtype=float32), array([254]))
Training group 0, split 2
	Early stopping at epoch 13
	Y Train Labels:(array([1.], dtype=float32), array([509]))
	Y Val Labels:(array([1.], dtype=float32), array([254]))
Training group 0, split 3
	Early stopping at epoch 13
	Y Train Labels:(array([1.], dtype=float32), array([763]))
	Y Val Labels:(array([1.], dtype=float32), array([254]))
Done.
	Creating sequence for 'adappter-token'... Training group 1, split 1
	Early stopping at epoch 13
	Y Train Labels:(array([1.], dtype=float32), array([331]))
	Y Val Labels:(array([0., 1.], dtype=float32), array([212, 117]))
Training group 1, split 2
	Early stopping at epoch 13
	Y Train Labels:(array([0., 1.], dtype=float32), array([212, 448]))
	Y Val Labels:(array([0.], dtype=float32), array([329]))
Training group 1, split 3
	Early stopping at epoch 13
	Y Train Labels:(array([0., 1.], dtype=float32), array([541, 448]))
	Y Val Labels:(array([0.], dtype=float32), array([329]))
Done.
	Creating sequence for 'polkafoundry'... Training group 2, split 1
	Early stopping at epoch 13
	Y Train Labels:(array([1.], dtype=float32), array([298]))
	Y Val Labels:(array([1.], dtype=float32), array([298]))
Training group 2, split 2
	Early stopping at epoch 13
	Y Train Labels:(array([1.], dtype=float32), array([596]))
	Y Val Labels:(array([1.], dtype=float32), array([298]))
Training group 2, split 3
	Early stopping at epoch 13
	Y Train Labels:(array([1.], dtype=float32), array([894]))
	Y Val Labels:(array([0., 1.], dtype=float32), array([253,  45]))
Done.
	Creating sequence for 'mines-of-dalarnia'... Training group 3, split 1
	Early stopping at epoch 13
	Y Train Labels:(array([0., 1.], dtype=float32), array([ 29, 210]))
	Y Val Labels:(array([0.], dtype=float32), array([237]))
Training group 3, split 2
	Early stopping at epoch 13
	Y Train Labels:(array([0., 1.], dtype=float32), array([266, 210]))
	Y Val Labels:(array([0.], dtype=float32), array([237]))
Training group 3, split 3
	Early stopping at epoch 13
	Y Train Labels:(array([0., 1.], dtype=float32), array([503, 210]))
	Y Val Labels:(array([0.], dtype=float32), array([237]))
Done.
	Creating sequence for 'ambo'... Skipped.
	Creating sequence for 'fc-barcelona-fan-token'... Training group 4, split 1
	Early stopping at epoch 13
	Y Train Labels:(array([1.], dtype=float32), array([374]))
	Y Val Labels:(array([1.], dtype=float32), array([373]))
Training group 4, split 2
