


--------------------------------------------------
Starting lstm.py at '2024-10-24 18:19:00.255480'.
Reading './balancedDataset.json'... Done.
Total training Data: 1030
DAOs trained so far:227
Size of training set: 494
Size of test set: 309
Preparing data for training...
Preparing data for testing...
Parameters:
	Num epochs: 60
	Initial learning rate: 0.001
	Patience: 12
	Window size: 60
	Timeseries splits: 3
	Minimum number of timeseries datapoints: 64
Gradient boosting params: 
	{"max_depth": 3, "learning_rate": 0.05, "n_estimators": 100, "objective": "binary:logistic", "eval_metric": "logloss"}
	Creating sequence for 'wonderman-nation'... Training group 0, split 1
	Y Train Labels:(array([1.], dtype=float32), array([203]))
	Y Val Labels:(array([1.], dtype=float32), array([202]))
Training group 0, split 2
	Y Train Labels:(array([1.], dtype=float32), array([405]))
	Y Val Labels:(array([1.], dtype=float32), array([202]))
Training group 0, split 3
	Y Train Labels:(array([1.], dtype=float32), array([607]))
	Y Val Labels:(array([1.], dtype=float32), array([202]))
Done.
	Creating sequence for 'smartofgiving'... Training group 1, split 1
	Y Train Labels:(array([1.], dtype=float32), array([443]))
	Y Val Labels:(array([1.], dtype=float32), array([441]))
Training group 1, split 2
	Y Train Labels:(array([1.], dtype=float32), array([884]))
	Y Val Labels:(array([1.], dtype=float32), array([441]))
Training group 1, split 3
	Y Train Labels:(array([1.], dtype=float32), array([1325]))
	Y Val Labels:(array([1.], dtype=float32), array([441]))
Done.
	Creating sequence for 'wilder-world'... Training group 2, split 1
	Y Train Labels:(array([1.], dtype=float32), array([240]))
	Y Val Labels:(array([1.], dtype=float32), array([237]))
Training group 2, split 2
	Y Train Labels:(array([1.], dtype=float32), array([477]))
	Y Val Labels:(array([1.], dtype=float32), array([237]))
Training group 2, split 3
	Y Train Labels:(array([1.], dtype=float32), array([714]))
	Y Val Labels:(array([1.], dtype=float32), array([237]))
Done.
	Creating sequence for 'neo'... Training group 3, split 1
	Y Train Labels:(array([1.], dtype=float32), array([568]))
	Y Val Labels:(array([1.], dtype=float32), array([567]))
Training group 3, split 2
	Y Train Labels:(array([1.], dtype=float32), array([1135]))
	Y Val Labels:(array([1.], dtype=float32), array([567]))
Training group 3, split 3
	Y Train Labels:(array([1.], dtype=float32), array([1702]))
	Y Val Labels:(array([1.], dtype=float32), array([567]))
Done.
	Creating sequence for 'pocket-network'... Training group 4, split 1
	Y Train Labels:(array([1.], dtype=float32), array([110]))
	Y Val Labels:(array([1.], dtype=float32), array([110]))
Training group 4, split 2
	Early stopping at epoch 48
	Y Train Labels:(array([1.], dtype=float32), array([220]))
	Y Val Labels:(array([1.], dtype=float32), array([110]))
Training group 4, split 3
	Early stopping at epoch 21
	Y Train Labels:(array([1.], dtype=float32), array([330]))
	Y Val Labels:(array([1.], dtype=float32), array([110]))
Done.
	Creating sequence for 'uniswap'... Training group 5, split 1
	Early stopping at epoch 23
	Y Train Labels:(array([1.], dtype=float32), array([296]))
	Y Val Labels:(array([1.], dtype=float32), array([294]))
Training group 5, split 2
	Early stopping at epoch 53
	Y Train Labels:(array([1.], dtype=float32), array([590]))
	Y Val Labels:(array([1.], dtype=float32), array([294]))
Training group 5, split 3
	Y Train Labels:(array([1.], dtype=float32), array([884]))
	Y Val Labels:(array([1.], dtype=float32), array([294]))
Done.
	Creating sequence for 'manta-network'... Training group 6, split 1
	Y Train Labels:(array([1.], dtype=float32), array([50]))
	Y Val Labels:(array([1.], dtype=float32), array([47]))
Training group 6, split 2
	Y Train Labels:(array([1.], dtype=float32), array([97]))
	Y Val Labels:(array([1.], dtype=float32), array([47]))
Training group 6, split 3
	Y Train Labels:(array([1.], dtype=float32), array([144]))
	Y Val Labels:(array([1.], dtype=float32), array([47]))
Done.
	Creating sequence for 'ime-lab'... Training group 7, split 1
	Y Train Labels:(array([1.], dtype=float32), array([284]))
	Y Val Labels:(array([1.], dtype=float32), array([282]))
Training group 7, split 2
	Y Train Labels:(array([1.], dtype=float32), array([566]))
	Y Val Labels:(array([1.], dtype=float32), array([282]))
Training group 7, split 3
	Y Train Labels:(array([1.], dtype=float32), array([848]))
	Y Val Labels:(array([1.], dtype=float32), array([282]))
Done.
	Creating sequence for 'pendle'... Training group 8, split 1
	Early stopping at epoch 35
	Y Train Labels:(array([1.], dtype=float32), array([89]))
	Y Val Labels:(array([1.], dtype=float32), array([86]))
Training group 8, split 2
	Early stopping at epoch 22
	Y Train Labels:(array([1.], dtype=float32), array([175]))
	Y Val Labels:(array([1.], dtype=float32), array([86]))
Training group 8, split 3
	Early stopping at epoch 29
	Y Train Labels:(array([1.], dtype=float32), array([261]))
	Y Val Labels:(array([1.], dtype=float32), array([86]))
Done.
	Creating sequence for 'darwinia-commitment-token'... Training group 9, split 1
	Y Train Labels:(array([1.], dtype=float32), array([343]))
	Y Val Labels:(array([1.], dtype=float32), array([343]))
Training group 9, split 2
