


--------------------------------------------------
Starting lstm.py at '2024-10-26 22:39:38.680509'.
Reading '../classifiedDAOs.json'... Done.
Total training Data: 1578
DAOs trained so far:231
Size of training set: 873
Size of test set: 474
Preparing data for training...
Preparing data for testing...
Parameters:
	Num epochs: 60
	Initial learning rate: 0.001
	Patience: 12
	Window size: 60
	Timeseries splits: 3
	Minimum number of timeseries datapoints: 64
Gradient boosting params: 
	{"max_depth": 3, "learning_rate": 0.05, "n_estimators": 100, "objective": "binary:logistic", "eval_metric": "logloss"}
	Creating sequence for 'insure'... Training group 0, split 1
	Early stopping at epoch 13
	Y Train Labels:(array([1.], dtype=float32), array([239]))
	Y Val Labels:(array([1.], dtype=float32), array([239]))
Training group 0, split 2
	Early stopping at epoch 13
	Y Train Labels:(array([1.], dtype=float32), array([478]))
	Y Val Labels:(array([1.], dtype=float32), array([239]))
Training group 0, split 3
	Early stopping at epoch 13
	Y Train Labels:(array([1.], dtype=float32), array([717]))
	Y Val Labels:(array([1.], dtype=float32), array([239]))
Done.
	Creating sequence for 'banano'... Training group 1, split 1
	Early stopping at epoch 13
	Y Train Labels:(array([1.], dtype=float32), array([414]))
	Y Val Labels:(array([1.], dtype=float32), array([411]))
Training group 1, split 2
	Early stopping at epoch 13
	Y Train Labels:(array([1.], dtype=float32), array([825]))
	Y Val Labels:(array([1.], dtype=float32), array([411]))
Training group 1, split 3
	Early stopping at epoch 13
	Y Train Labels:(array([1.], dtype=float32), array([1236]))
	Y Val Labels:(array([0., 1.], dtype=float32), array([202, 209]))
Done.
	Creating sequence for 'dogey-inu'... Training group 2, split 1
	Early stopping at epoch 13
	Y Train Labels:(array([1.], dtype=float32), array([116]))
	Y Val Labels:(array([1.], dtype=float32), array([116]))
Training group 2, split 2
	Early stopping at epoch 13
	Y Train Labels:(array([1.], dtype=float32), array([232]))
	Y Val Labels:(array([1.], dtype=float32), array([116]))
Training group 2, split 3
	Early stopping at epoch 13
	Y Train Labels:(array([1.], dtype=float32), array([348]))
	Y Val Labels:(array([0., 1.], dtype=float32), array([59, 57]))
Done.
	Creating sequence for 'cardano'... Training group 3, split 1
	Early stopping at epoch 13
	Y Train Labels:(array([1.], dtype=float32), array([152]))
	Y Val Labels:(array([1.], dtype=float32), array([150]))
Training group 3, split 2
	Early stopping at epoch 13
	Y Train Labels:(array([1.], dtype=float32), array([302]))
	Y Val Labels:(array([1.], dtype=float32), array([150]))
Training group 3, split 3
	Early stopping at epoch 13
	Y Train Labels:(array([1.], dtype=float32), array([452]))
	Y Val Labels:(array([1.], dtype=float32), array([150]))
Done.
	Creating sequence for 'infinitecoin'... Training group 4, split 1
	Early stopping at epoch 13
	Y Train Labels:(array([1.], dtype=float32), array([885]))
	Y Val Labels:(array([1.], dtype=float32), array([882]))
Training group 4, split 2
