


--------------------------------------------------
Starting lstm.py at '2024-10-27 00:37:16.564984'.
Reading '../classifiedDAOs.json'... Done.
Total training Data: 1578
DAOs trained so far:872
Size of training set: 232
Size of test set: 474
Preparing data for training...
Preparing data for testing...
Parameters:
	Num epochs: 60
	Initial learning rate: 0.001
	Patience: 12
	Window size: 60
	Timeseries splits: 3
	Minimum number of timeseries datapoints: 64
Gradient boosting params: 
	{"max_depth": 3, "learning_rate": 0.05, "n_estimators": 100, "objective": "binary:logistic", "eval_metric": "logloss"}
	Creating sequence for 'gochain'... Training group 0, split 1
	Y Train Labels:(array([1.], dtype=float32), array([550]))
	Y Val Labels:(array([1.], dtype=float32), array([549]))
Training group 0, split 2
	Early stopping at epoch 13
	Y Train Labels:(array([1.], dtype=float32), array([1099]))
	Y Val Labels:(array([0., 1.], dtype=float32), array([ 13, 536]))
Training group 0, split 3
	Y Train Labels:(array([0., 1.], dtype=float32), array([  13, 1635]))
	Y Val Labels:(array([0.], dtype=float32), array([549]))
Done.
	Creating sequence for 'portion'... Training group 1, split 1
	Early stopping at epoch 14
	Y Train Labels:(array([1.], dtype=float32), array([165]))
	Y Val Labels:(array([0., 1.], dtype=float32), array([147,  16]))
Training group 1, split 2
	Early stopping at epoch 32
	Y Train Labels:(array([0., 1.], dtype=float32), array([147, 181]))
	Y Val Labels:(array([0.], dtype=float32), array([163]))
Training group 1, split 3
	Early stopping at epoch 27
	Y Train Labels:(array([0., 1.], dtype=float32), array([310, 181]))
	Y Val Labels:(array([0.], dtype=float32), array([163]))
Done.
	Creating sequence for 'dxdao'... Training group 2, split 1
	Y Train Labels:(array([1.], dtype=float32), array([347]))
	Y Val Labels:(array([1.], dtype=float32), array([345]))
Training group 2, split 2
	Y Train Labels:(array([1.], dtype=float32), array([692]))
	Y Val Labels:(array([1.], dtype=float32), array([345]))
Training group 2, split 3
	Y Train Labels:(array([1.], dtype=float32), array([1037]))
	Y Val Labels:(array([1.], dtype=float32), array([345]))
Done.
	Creating sequence for 'fibos'... Training group 3, split 1
	Y Train Labels:(array([1.], dtype=float32), array([441]))
	Y Val Labels:(array([1.], dtype=float32), array([439]))
Training group 3, split 2
	Early stopping at epoch 13
	Y Train Labels:(array([1.], dtype=float32), array([880]))
	Y Val Labels:(array([0., 1.], dtype=float32), array([305, 134]))
Training group 3, split 3
