


--------------------------------------------------
Starting lstm.py at '2024-10-27 01:07:59.245688'.
Reading '../classifiedDAOs.json'... Done.
Total training Data: 1578
DAOs trained so far:946
Size of training set: 158
Size of test set: 474
Preparing data for training...
Preparing data for testing...
Parameters:
	Num epochs: 60
	Initial learning rate: 0.001
	Patience: 12
	Window size: 60
	Timeseries splits: 3
	Minimum number of timeseries datapoints: 64
Gradient boosting params: 
	{"max_depth": 3, "learning_rate": 0.05, "n_estimators": 100, "objective": "binary:logistic", "eval_metric": "logloss"}
	Creating sequence for 'maker'... Training group 0, split 1
	Y Train Labels:(array([1.], dtype=float32), array([586]))
	Y Val Labels:(array([1.], dtype=float32), array([584]))
Training group 0, split 2
	Y Train Labels:(array([1.], dtype=float32), array([1170]))
	Y Val Labels:(array([1.], dtype=float32), array([584]))
Training group 0, split 3
	Y Train Labels:(array([1.], dtype=float32), array([1754]))
	Y Val Labels:(array([1.], dtype=float32), array([584]))
Done.
	Creating sequence for 'bitcore'... Training group 1, split 1
	Y Train Labels:(array([1.], dtype=float32), array([570]))
	Y Val Labels:(array([1.], dtype=float32), array([567]))
Training group 1, split 2
	Early stopping at epoch 16
	Y Train Labels:(array([1.], dtype=float32), array([1137]))
	Y Val Labels:(array([0., 1.], dtype=float32), array([ 72, 495]))
Training group 1, split 3
	Y Train Labels:(array([0., 1.], dtype=float32), array([  72, 1632]))
	Y Val Labels:(array([0.], dtype=float32), array([567]))
Done.
	Creating sequence for 'zebi'... Training group 2, split 1
	Early stopping at epoch 27
	Y Train Labels:(array([0., 1.], dtype=float32), array([292, 195]))
	Y Val Labels:(array([0.], dtype=float32), array([484]))
Training group 2, split 2
