


--------------------------------------------------
Starting lstm.py at '2024-10-11 19:13:50.122546'.
Reading './isDaoActiveData(4).json'... Done.
Total training Data: 379
Size of training set: 265
Size of test set: 114
Preparing data for training...
<torch.utils.data.dataloader.DataLoader object at 0x128d12a80>
Preparing data for testing...
Trained so far:133
Parameters:
	Num epochs: 60
	Initial learning rate: 0.001
	Patience: 12
	Window size: 60
	Timeseries splits: 3
	Minimum number of timeseries datapoints: 64
Gradient boosting params: 
	{"max_depth": 3, "learning_rate": 0.05, "n_estimators": 100, "objective": "binary:logistic", "eval_metric": "logloss"}
	Creating sequence for 'algorand'... Done.
Training group 0, split 1
	Early stopping at epoch 13
	Y Train Labels:(array([1.], dtype=float32), array([468]))
	Y Val Labels:(array([1.], dtype=float32), array([465]))
Training group 0, split 2
	Early stopping at epoch 13
	Y Train Labels:(array([1.], dtype=float32), array([933]))
	Y Val Labels:(array([1.], dtype=float32), array([465]))
Training group 0, split 3
	Early stopping at epoch 13
	Y Train Labels:(array([1.], dtype=float32), array([1398]))
	Y Val Labels:(array([0., 1.], dtype=float32), array([408,  57]))
	Creating sequence for 'aragon'... Done.
Training group 1, split 1
	Early stopping at epoch 13
	Y Train Labels:(array([1.], dtype=float32), array([659]))
	Y Val Labels:(array([1.], dtype=float32), array([656]))
Training group 1, split 2
	Early stopping at epoch 13
	Y Train Labels:(array([1.], dtype=float32), array([1315]))
	Y Val Labels:(array([1.], dtype=float32), array([656]))
Training group 1, split 3
	Early stopping at epoch 13
	Y Train Labels:(array([1.], dtype=float32), array([1971]))
	Y Val Labels:(array([1.], dtype=float32), array([656]))
	Creating sequence for 'anchor-protocol'... Done.
Training group 2, split 1
	Early stopping at epoch 13
	Y Train Labels:(array([1.], dtype=float32), array([309]))
	Y Val Labels:(array([0., 1.], dtype=float32), array([258,  48]))
Training group 2, split 2
	Early stopping at epoch 13
	Y Train Labels:(array([0., 1.], dtype=float32), array([258, 357]))
	Y Val Labels:(array([0.], dtype=float32), array([306]))
Training group 2, split 3
	Early stopping at epoch 13
	Y Train Labels:(array([0., 1.], dtype=float32), array([564, 357]))
	Y Val Labels:(array([0.], dtype=float32), array([306]))
	Creating sequence for 'babb'... Done.
Training group 3, split 1
	Early stopping at epoch 13
	Y Train Labels:(array([1.], dtype=float32), array([583]))
	Y Val Labels:(array([1.], dtype=float32), array([583]))
Training group 3, split 2
	Early stopping at epoch 13
	Y Train Labels:(array([1.], dtype=float32), array([1166]))
	Y Val Labels:(array([1.], dtype=float32), array([583]))
Training group 3, split 3
	Early stopping at epoch 13
	Y Train Labels:(array([1.], dtype=float32), array([1749]))
	Y Val Labels:(array([0., 1.], dtype=float32), array([542,  41]))
	Creating sequence for 'blockchain-certified-data-token'... Done.
Training group 4, split 1
	Early stopping at epoch 13
	Y Train Labels:(array([1.], dtype=float32), array([401]))
	Y Val Labels:(array([1.], dtype=float32), array([398]))
Training group 4, split 2
	Early stopping at epoch 13
	Y Train Labels:(array([1.], dtype=float32), array([799]))
	Y Val Labels:(array([1.], dtype=float32), array([398]))
Training group 4, split 3
	Early stopping at epoch 13
	Y Train Labels:(array([1.], dtype=float32), array([1197]))
	Y Val Labels:(array([0., 1.], dtype=float32), array([315,  83]))
	Creating sequence for 'contentos'... Done.
Training group 5, split 1
	Early stopping at epoch 13
	Y Train Labels:(array([1.], dtype=float32), array([466]))
	Y Val Labels:(array([1.], dtype=float32), array([466]))
Training group 5, split 2
	Early stopping at epoch 13
	Y Train Labels:(array([1.], dtype=float32), array([932]))
	Y Val Labels:(array([1.], dtype=float32), array([466]))
Training group 5, split 3
	Early stopping at epoch 13
	Y Train Labels:(array([1.], dtype=float32), array([1398]))
	Y Val Labels:(array([0., 1.], dtype=float32), array([285, 181]))
	Creating sequence for 'azuki'... Done.
Training group 6, split 1
	Early stopping at epoch 13
	Y Train Labels:(array([1.], dtype=float32), array([337]))
	Y Val Labels:(array([0., 1.], dtype=float32), array([231, 106]))
Training group 6, split 2
	Early stopping at epoch 13
	Y Train Labels:(array([0., 1.], dtype=float32), array([231, 443]))
	Y Val Labels:(array([0.], dtype=float32), array([337]))
Training group 6, split 3
	Early stopping at epoch 13
	Y Train Labels:(array([0., 1.], dtype=float32), array([568, 443]))
	Y Val Labels:(array([0.], dtype=float32), array([337]))
	Creating sequence for 'cvault-finance'... Done.
Training group 7, split 1
	Early stopping at epoch 13
	Y Train Labels:(array([1.], dtype=float32), array([349]))
	Y Val Labels:(array([1.], dtype=float32), array([348]))
Training group 7, split 2
	Early stopping at epoch 13
	Y Train Labels:(array([1.], dtype=float32), array([697]))
	Y Val Labels:(array([1.], dtype=float32), array([348]))
Training group 7, split 3
	Early stopping at epoch 13
	Y Train Labels:(array([1.], dtype=float32), array([1045]))
	Y Val Labels:(array([1.], dtype=float32), array([348]))
	Creating sequence for 'boba-network'... Done.
Training group 8, split 1
	Early stopping at epoch 13
	Y Train Labels:(array([1.], dtype=float32), array([247]))
	Y Val Labels:(array([0., 1.], dtype=float32), array([ 89, 155]))
Training group 8, split 2
	Early stopping at epoch 13
	Y Train Labels:(array([0., 1.], dtype=float32), array([ 89, 402]))
	Y Val Labels:(array([0.], dtype=float32), array([244]))
Training group 8, split 3
	Early stopping at epoch 13
	Y Train Labels:(array([0., 1.], dtype=float32), array([333, 402]))
	Y Val Labels:(array([0.], dtype=float32), array([244]))
	Creating sequence for 'basic-attention-token'... Done.
Training group 9, split 1
	Early stopping at epoch 13
	Y Train Labels:(array([1.], dtype=float32), array([654]))
	Y Val Labels:(array([1.], dtype=float32), array([653]))
Training group 9, split 2
	Early stopping at epoch 13
	Y Train Labels:(array([1.], dtype=float32), array([1307]))
	Y Val Labels:(array([1.], dtype=float32), array([653]))
Training group 9, split 3
	Early stopping at epoch 13
	Y Train Labels:(array([1.], dtype=float32), array([1960]))
	Y Val Labels:(array([1.], dtype=float32), array([653]))
	Creating sequence for 'bitcore'... Done.
Training group 10, split 1
	Early stopping at epoch 13
	Y Train Labels:(array([1.], dtype=float32), array([662]))
	Y Val Labels:(array([1.], dtype=float32), array([662]))
Training group 10, split 2
	Early stopping at epoch 13
	Y Train Labels:(array([1.], dtype=float32), array([1324]))
	Y Val Labels:(array([0., 1.], dtype=float32), array([354, 308]))
Training group 10, split 3
	Early stopping at epoch 13
	Y Train Labels:(array([0., 1.], dtype=float32), array([ 354, 1632]))
	Y Val Labels:(array([0.], dtype=float32), array([662]))
	Creating sequence for 'crowns'... Done.
Training group 11, split 1
	Early stopping at epoch 13
	Y Train Labels:(array([1.], dtype=float32), array([309]))
	Y Val Labels:(array([1.], dtype=float32), array([307]))
Training group 11, split 2
	Early stopping at epoch 13
	Y Train Labels:(array([1.], dtype=float32), array([616]))
	Y Val Labels:(array([1.], dtype=float32), array([307]))
Training group 11, split 3
