


--------------------------------------------------
Starting lstm.py at '2024-10-25 17:45:45.220598'.
Reading './balancedDataset.json'... Done.
Total training Data: 1030
DAOs trained so far:591
Size of training set: 130
Size of test set: 309
Preparing data for training...
Preparing data for testing...
Parameters:
	Num epochs: 60
	Initial learning rate: 0.001
	Patience: 12
	Window size: 60
	Timeseries splits: 3
	Minimum number of timeseries datapoints: 64
Gradient boosting params: 
	{"max_depth": 3, "learning_rate": 0.05, "n_estimators": 100, "objective": "binary:logistic", "eval_metric": "logloss"}
	Creating sequence for 'konomi-network'... Training group 0, split 1
	Early stopping at epoch 13
	Y Train Labels:(array([1.], dtype=float32), array([301]))
	Y Val Labels:(array([0., 1.], dtype=float32), array([272,  26]))
Training group 0, split 2
	Early stopping at epoch 13
	Y Train Labels:(array([0., 1.], dtype=float32), array([272, 327]))
	Y Val Labels:(array([0.], dtype=float32), array([298]))
Training group 0, split 3
	Early stopping at epoch 13
	Y Train Labels:(array([0., 1.], dtype=float32), array([570, 327]))
	Y Val Labels:(array([0.], dtype=float32), array([298]))
Done.
	Creating sequence for 'zksync'... Training group 1, split 1
	Early stopping at epoch 13
	Y Train Labels:(array([1.], dtype=float32), array([10]))
	Y Val Labels:(array([1.], dtype=float32), array([10]))
Training group 1, split 2
	Early stopping at epoch 13
	Y Train Labels:(array([1.], dtype=float32), array([20]))
	Y Val Labels:(array([1.], dtype=float32), array([10]))
Training group 1, split 3
	Early stopping at epoch 13
	Y Train Labels:(array([1.], dtype=float32), array([30]))
	Y Val Labels:(array([1.], dtype=float32), array([10]))
Done.
	Creating sequence for 'okb'... Training group 2, split 1
	Early stopping at epoch 13
	Y Train Labels:(array([1.], dtype=float32), array([231]))
	Y Val Labels:(array([1.], dtype=float32), array([231]))
Training group 2, split 2
	Early stopping at epoch 13
	Y Train Labels:(array([1.], dtype=float32), array([462]))
	Y Val Labels:(array([1.], dtype=float32), array([231]))
Training group 2, split 3
	Early stopping at epoch 13
	Y Train Labels:(array([1.], dtype=float32), array([693]))
	Y Val Labels:(array([1.], dtype=float32), array([231]))
Done.
	Creating sequence for 'dawn-protocol'... Training group 3, split 1
	Early stopping at epoch 13
	Y Train Labels:(array([1.], dtype=float32), array([270]))
	Y Val Labels:(array([1.], dtype=float32), array([270]))
Training group 3, split 2
	Early stopping at epoch 13
	Y Train Labels:(array([1.], dtype=float32), array([540]))
	Y Val Labels:(array([0., 1.], dtype=float32), array([ 85, 185]))
Training group 3, split 3
	Early stopping at epoch 13
	Y Train Labels:(array([0., 1.], dtype=float32), array([ 85, 725]))
	Y Val Labels:(array([0.], dtype=float32), array([270]))
Done.
	Creating sequence for 'gochain'... Training group 4, split 1
	Early stopping at epoch 13
	Y Train Labels:(array([1.], dtype=float32), array([550]))
	Y Val Labels:(array([1.], dtype=float32), array([549]))
Training group 4, split 2
	Early stopping at epoch 13
	Y Train Labels:(array([1.], dtype=float32), array([1099]))
	Y Val Labels:(array([0., 1.], dtype=float32), array([ 13, 536]))
Training group 4, split 3
