


--------------------------------------------------
Starting lstm.py at '2024-10-11 22:53:13.461810'.
Reading './isDaoActiveData(4).json'... Done.
Total training Data: 379
Preparing data for training...
<torch.utils.data.dataloader.DataLoader object at 0x12b3b7fe0>
Preparing data for testing...
Trained so far:24
Parameters:
	Num epochs: 60
	Initial learning rate: 0.001
	Patience: 12
	Window size: 60
	Timeseries splits: 3
	Minimum number of timeseries datapoints: 64
Gradient boosting params: 
	{"max_depth": 3, "learning_rate": 0.05, "n_estimators": 100, "objective": "binary:logistic", "eval_metric": "logloss"}
	Creating sequence for 'ark'... [[[ 3.75446345e-01  2.70000000e+01 -6.90000000e+01]
  [ 3.72231308e-01  3.20000000e+01  4.70000000e+01]
  [ 3.60774946e-01  2.40000000e+01  1.60000000e+01]
  ...
  [ 4.58468953e-01  1.00000000e+00  4.30000000e+01]
  [ 4.29768961e-01  1.50000000e+01 -7.00000000e+00]
  [ 4.33107940e-01  2.70000000e+01  1.90000000e+01]]

 [[ 3.87686804e-01  2.50000000e+01 -1.00000000e+01]
  [ 3.75446345e-01  2.70000000e+01 -6.90000000e+01]
  [ 3.72231308e-01  3.20000000e+01  4.70000000e+01]
  ...
  [ 5.43454505e-01  0.00000000e+00  3.30000000e+01]
  [ 4.58468953e-01  1.00000000e+00  4.30000000e+01]
  [ 4.29768961e-01  1.50000000e+01 -7.00000000e+00]]

 [[ 4.09214951e-01  1.00000000e+00 -4.20000000e+01]
  [ 3.87686804e-01  2.50000000e+01 -1.00000000e+01]
  [ 3.75446345e-01  2.70000000e+01 -6.90000000e+01]
  ...
  [ 5.18217532e-01  3.50000000e+01 -7.00000000e+00]
  [ 5.43454505e-01  0.00000000e+00  3.30000000e+01]
  [ 4.58468953e-01  1.00000000e+00  4.30000000e+01]]

 ...

 [[ 3.78219000e+00  1.70000000e+01  5.99000000e+03]
  [ 4.31877000e+00  2.00000000e+00  2.29000000e+02]
  [ 4.53276000e+00  9.00000000e+00  8.50000000e+02]
  ...
  [ 4.08852000e+00  2.70000000e+01  1.27000000e+02]
  [ 4.16187000e+00  1.20000000e+01  1.20000000e+02]
  [ 4.47816000e+00  3.40000000e+01  1.29000000e+02]]

 [[ 3.17865000e+00  7.00000000e+00  7.67000000e+02]
  [ 3.78219000e+00  1.70000000e+01  5.99000000e+03]
  [ 4.31877000e+00  2.00000000e+00  2.29000000e+02]
  ...
  [ 3.82640000e+00  1.20000000e+01  1.17000000e+02]
  [ 4.08852000e+00  2.70000000e+01  1.27000000e+02]
  [ 4.16187000e+00  1.20000000e+01  1.20000000e+02]]

 [[ 3.11634000e+00  2.10000000e+01  1.84720000e+04]
  [ 3.17865000e+00  7.00000000e+00  7.67000000e+02]
  [ 3.78219000e+00  1.70000000e+01  5.99000000e+03]
  ...
  [ 4.10550000e+00  2.90000000e+01  1.32000000e+02]
  [ 3.82640000e+00  1.20000000e+01  1.17000000e+02]
  [ 4.08852000e+00  2.70000000e+01  1.27000000e+02]]][0 0 0 ... 1 1 1]
Done.
Training group 0, split 1
	Early stopping at epoch 13
	Y Train Labels:(array([0.], dtype=float32), array([594]))
	Y Val Labels:(array([0., 1.], dtype=float32), array([125, 467]))
Training group 0, split 2
	Early stopping at epoch 13
	Y Train Labels:(array([0., 1.], dtype=float32), array([719, 467]))
	Y Val Labels:(array([1.], dtype=float32), array([592]))
Training group 0, split 3
	Early stopping at epoch 13
	Y Train Labels:(array([0., 1.], dtype=float32), array([ 719, 1059]))
	Y Val Labels:(array([1.], dtype=float32), array([592]))
	Creating sequence for 'bonfida'... [[[ 2.64005436e-01  0.00000000e+00  2.40000000e+01]
  [ 2.71630946e-01  0.00000000e+00 -1.00000000e+00]
  [ 2.85043435e-01  0.00000000e+00  1.70000000e+01]
  ...
  [ 3.27072259e-01  0.00000000e+00  2.30000000e+01]
  [ 2.86595674e-01  0.00000000e+00  1.40000000e+01]
  [ 2.93579456e-01  0.00000000e+00  3.00000000e+00]]

 [[ 2.51523878e-01  0.00000000e+00  1.10000000e+01]
  [ 2.64005436e-01  0.00000000e+00  2.40000000e+01]
  [ 2.71630946e-01  0.00000000e+00 -1.00000000e+00]
  ...
  [ 3.37361805e-01  0.00000000e+00  1.60000000e+01]
  [ 3.27072259e-01  0.00000000e+00  2.30000000e+01]
  [ 2.86595674e-01  0.00000000e+00  1.40000000e+01]]

 [[ 2.65392571e-01  0.00000000e+00 -1.00000000e+00]
  [ 2.51523878e-01  0.00000000e+00  1.10000000e+01]
  [ 2.64005436e-01  0.00000000e+00  2.40000000e+01]
  ...
  [ 3.42325714e-01  0.00000000e+00  6.70000000e+01]
  [ 3.37361805e-01  0.00000000e+00  1.60000000e+01]
  [ 3.27072259e-01  0.00000000e+00  2.30000000e+01]]

 ...

 [[ 3.73290907e-01  0.00000000e+00  2.10000000e+01]
  [ 3.90712168e-01  0.00000000e+00  2.50000000e+01]
  [ 4.55916018e-01  0.00000000e+00  1.10000000e+01]
  ...
  [ 1.94651437e+00  1.00000000e+00  3.08000000e+02]
  [ 1.76611002e+00  4.00000000e+00  2.88000000e+02]
  [ 1.74950208e+00  0.00000000e+00 -1.30000000e+02]]

 [[ 3.65418605e-01  0.00000000e+00  2.70000000e+01]
  [ 3.73290907e-01  0.00000000e+00  2.10000000e+01]
  [ 3.90712168e-01  0.00000000e+00  2.50000000e+01]
  ...
  [ 1.96980135e+00  7.00000000e+00  1.67000000e+02]
  [ 1.94651437e+00  1.00000000e+00  3.08000000e+02]
  [ 1.76611002e+00  4.00000000e+00  2.88000000e+02]]

 [[ 3.70010868e-01  0.00000000e+00  3.10000000e+01]
  [ 3.65418605e-01  0.00000000e+00  2.70000000e+01]
  [ 3.73290907e-01  0.00000000e+00  2.10000000e+01]
  ...
  [ 1.94350717e+00  1.00000000e+00  1.73000000e+02]
  [ 1.96980135e+00  7.00000000e+00  1.67000000e+02]
  [ 1.94651437e+00  1.00000000e+00  3.08000000e+02]]][1 1 1 ... 1 1 1]
Done.
Training group 1, split 1
	Y Train Labels:(array([1.], dtype=float32), array([292]))
	Y Val Labels:(array([1.], dtype=float32), array([290]))
Training group 1, split 2
	Y Train Labels:(array([1.], dtype=float32), array([582]))
	Y Val Labels:(array([1.], dtype=float32), array([290]))
Training group 1, split 3
	Y Train Labels:(array([1.], dtype=float32), array([872]))
	Y Val Labels:(array([1.], dtype=float32), array([290]))
	Creating sequence for 'balpha'... [[[  14.36357849    0.           -9.        ]
  [  13.62491271    0.          -37.        ]
  [  13.62491271    0.          -19.        ]
  ...
  [   9.14433778    0.           15.        ]
  [   9.14433778    0.           -8.        ]
  [   9.14433778    0.          -10.        ]]

 [[  14.36357849    0.           11.        ]
  [  14.36357849    0.           -9.        ]
  [  13.62491271    0.          -37.        ]
  ...
  [   8.76244506    0.           -5.        ]
  [   9.14433778    0.           15.        ]
  [   9.14433778    0.           -8.        ]]

 [[  14.56382303    0.           15.        ]
  [  14.36357849    0.           11.        ]
  [  14.36357849    0.           -9.        ]
  ...
  [   8.76244506    0.            2.        ]
  [   8.76244506    0.           -5.        ]
  [   9.14433778    0.           15.        ]]

 ...

 [[1339.45590528    0.          135.        ]
  [1343.27993717    0.            6.        ]
  [1204.80908047    0.          114.        ]
  ...
  [ 410.32850804    0.            5.        ]
  [ 330.05892004    0.           14.        ]
  [ 249.21228197    0.           18.        ]]

 [[1545.18410849    0.         -281.        ]
  [1339.45590528    0.          135.        ]
  [1343.27993717    0.            6.        ]
  ...
  [ 645.05044579    0.           69.        ]
  [ 410.32850804    0.            5.        ]
  [ 330.05892004    0.           14.        ]]

 [[1425.96083734    0.           85.        ]
  [1545.18410849    0.         -281.        ]
  [1339.45590528    0.          135.        ]
  ...
  [ 704.04892974    0.           67.        ]
  [ 645.05044579    0.           69.        ]
  [ 410.32850804    0.            5.        ]]][0 0 0 ... 1 1 1]
Done.
Training group 2, split 1
	Early stopping at epoch 58
	Y Train Labels:(array([0.], dtype=float32), array([300]))
	Y Val Labels:(array([0., 1.], dtype=float32), array([241,  58]))
Training group 2, split 2
	Early stopping at epoch 13
	Y Train Labels:(array([0., 1.], dtype=float32), array([541,  58]))
	Y Val Labels:(array([1.], dtype=float32), array([299]))
Training group 2, split 3
	Early stopping at epoch 13
	Y Train Labels:(array([0., 1.], dtype=float32), array([541, 357]))
	Y Val Labels:(array([1.], dtype=float32), array([299]))
	Creating sequence for 'base-protocol'... [[[ 1.20743050e+00  0.00000000e+00  1.00000000e+00]
  [ 1.20044915e+00  0.00000000e+00 -2.00000000e+00]
  [ 1.20613153e+00  0.00000000e+00  2.00000000e+00]
  ...
  [ 1.05047879e+00  0.00000000e+00  0.00000000e+00]
  [ 1.04254317e+00  0.00000000e+00  1.00000000e+00]
  [ 1.05812328e+00  0.00000000e+00  0.00000000e+00]]

 [[ 1.18291752e+00  0.00000000e+00 -3.00000000e+00]
  [ 1.20743050e+00  0.00000000e+00  1.00000000e+00]
  [ 1.20044915e+00  0.00000000e+00 -2.00000000e+00]
  ...
  [ 1.03706643e+00  0.00000000e+00  0.00000000e+00]
  [ 1.05047879e+00  0.00000000e+00  0.00000000e+00]
  [ 1.04254317e+00  0.00000000e+00  1.00000000e+00]]

 [[ 1.22167692e+00  0.00000000e+00 -3.00000000e+00]
  [ 1.18291752e+00  0.00000000e+00 -3.00000000e+00]
  [ 1.20743050e+00  0.00000000e+00  1.00000000e+00]
  ...
  [ 1.01464829e+00  0.00000000e+00  0.00000000e+00]
  [ 1.03706643e+00  0.00000000e+00  0.00000000e+00]
  [ 1.05047879e+00  0.00000000e+00  0.00000000e+00]]

 ...

 [[ 6.08367865e-01  0.00000000e+00  4.78000000e+02]
  [ 4.85910586e-01  0.00000000e+00  4.06000000e+02]
  [ 5.11860517e-01  0.00000000e+00  1.81000000e+02]
  ...
  [ 1.50458923e+00  0.00000000e+00  5.30000000e+01]
  [ 1.63084391e+00  0.00000000e+00  4.40000000e+01]
  [ 1.57698159e+00  0.00000000e+00  1.00000000e+01]]

 [[ 7.43636774e-01  0.00000000e+00  1.15500000e+03]
  [ 6.08367865e-01  0.00000000e+00  4.78000000e+02]
  [ 4.85910586e-01  0.00000000e+00  4.06000000e+02]
  ...
  [ 1.40690141e+00  0.00000000e+00  6.80000000e+01]
  [ 1.50458923e+00  0.00000000e+00  5.30000000e+01]
  [ 1.63084391e+00  0.00000000e+00  4.40000000e+01]]

 [[ 7.82135999e-01  0.00000000e+00  8.56000000e+02]
  [ 7.43636774e-01  0.00000000e+00  1.15500000e+03]
  [ 6.08367865e-01  0.00000000e+00  4.78000000e+02]
  ...
  [ 1.25127316e+00  0.00000000e+00 -3.00000000e+01]
  [ 1.40690141e+00  0.00000000e+00  6.80000000e+01]
  [ 1.50458923e+00  0.00000000e+00  5.30000000e+01]]][0 0 0 ... 1 1 1]
Done.
Training group 3, split 1
	Early stopping at epoch 13
	Y Train Labels:(array([0., 1.], dtype=float32), array([  7, 291]))
	Y Val Labels:(array([1.], dtype=float32), array([298]))
Training group 3, split 2
	Early stopping at epoch 13
	Y Train Labels:(array([0., 1.], dtype=float32), array([  7, 589]))
	Y Val Labels:(array([1.], dtype=float32), array([298]))
Training group 3, split 3
	Early stopping at epoch 13
	Y Train Labels:(array([0., 1.], dtype=float32), array([  7, 887]))
	Y Val Labels:(array([1.], dtype=float32), array([298]))
	Creating sequence for 'cudos'... [[[ 9.91544025e-03  0.00000000e+00  1.40000000e+01]
  [ 9.77555981e-03  0.00000000e+00 -1.79000000e+02]
  [ 9.61073430e-03  0.00000000e+00  8.70000000e+01]
  ...
  [ 1.17017765e-02  0.00000000e+00  4.00000000e+00]
  [ 1.18480855e-02  0.00000000e+00  2.20000000e+01]
  [ 1.21300801e-02  0.00000000e+00  1.13000000e+02]]

 [[ 1.00637278e-02  0.00000000e+00 -1.37000000e+02]
  [ 9.91544025e-03  0.00000000e+00  1.40000000e+01]
  [ 9.77555981e-03  0.00000000e+00 -1.79000000e+02]
  ...
  [ 1.06280096e-02  0.00000000e+00  6.60000000e+01]
  [ 1.17017765e-02  0.00000000e+00  4.00000000e+00]
  [ 1.18480855e-02  0.00000000e+00  2.20000000e+01]]

 [[ 1.02181163e-02  0.00000000e+00 -1.05000000e+02]
  [ 1.00637278e-02  0.00000000e+00 -1.37000000e+02]
  [ 9.91544025e-03  0.00000000e+00  1.40000000e+01]
  ...
  [ 9.70761910e-03  0.00000000e+00  8.70000000e+01]
  [ 1.06280096e-02  0.00000000e+00  6.60000000e+01]
  [ 1.17017765e-02  0.00000000e+00  4.00000000e+00]]

 ...

 [[ 3.40147936e-02  0.00000000e+00  2.50000000e+01]
  [ 5.11066377e-02  0.00000000e+00  1.70000000e+01]
  [ 4.61356618e-02  0.00000000e+00 -1.30000000e+01]
  ...
  [ 6.90214772e-02  0.00000000e+00  2.20000000e+01]
  [ 7.11286129e-02  0.00000000e+00 -9.00000000e+00]
  [ 6.66263474e-02  0.00000000e+00  2.40000000e+01]]

 [[ 3.77039190e-02  0.00000000e+00  5.10000000e+01]
  [ 3.40147936e-02  0.00000000e+00  2.50000000e+01]
  [ 5.11066377e-02  0.00000000e+00  1.70000000e+01]
  ...
  [ 6.90591946e-02  0.00000000e+00  3.20000000e+01]
  [ 6.90214772e-02  0.00000000e+00  2.20000000e+01]
  [ 7.11286129e-02  0.00000000e+00 -9.00000000e+00]]

 [[ 4.36820807e-02  0.00000000e+00  6.90000000e+01]
  [ 3.77039190e-02  0.00000000e+00  5.10000000e+01]
  [ 3.40147936e-02  0.00000000e+00  2.50000000e+01]
  ...
  [ 6.12368277e-02  0.00000000e+00  4.30000000e+01]
  [ 6.90591946e-02  0.00000000e+00  3.20000000e+01]
  [ 6.90214772e-02  0.00000000e+00  2.20000000e+01]]][1 1 1 ... 1 1 1]
Done.
Training group 4, split 1
	Early stopping at epoch 13
	Y Train Labels:(array([1.], dtype=float32), array([309]))
	Y Val Labels:(array([1.], dtype=float32), array([308]))
Training group 4, split 2
	Early stopping at epoch 13
	Y Train Labels:(array([1.], dtype=float32), array([617]))
	Y Val Labels:(array([1.], dtype=float32), array([308]))
Training group 4, split 3
	Early stopping at epoch 13
	Y Train Labels:(array([1.], dtype=float32), array([925]))
	Y Val Labels:(array([1.], dtype=float32), array([308]))
	Creating sequence for 'biconomy'... [[[ 3.07996944e-01  0.00000000e+00  4.30000000e+01]
  [ 3.07822589e-01  0.00000000e+00  3.22000000e+02]
  [ 2.97790670e-01  0.00000000e+00 -7.54000000e+02]
  ...
  [ 2.32719956e-01  8.00000000e+00  1.53000000e+02]
  [ 2.34388106e-01  1.05000000e+02  1.44000000e+02]
  [ 2.40957615e-01  5.60000000e+01  1.45000000e+02]]

 [[ 2.85912217e-01  7.00000000e+00  3.00000000e+00]
  [ 3.07996944e-01  0.00000000e+00  4.30000000e+01]
  [ 3.07822589e-01  0.00000000e+00  3.22000000e+02]
  ...
  [ 2.40850463e-01  1.00000000e+00  2.60000000e+02]
  [ 2.32719956e-01  8.00000000e+00  1.53000000e+02]
  [ 2.34388106e-01  1.05000000e+02  1.44000000e+02]]

 [[ 3.00021314e-01  0.00000000e+00 -1.00000000e+01]
  [ 2.85912217e-01  7.00000000e+00  3.00000000e+00]
  [ 3.07996944e-01  0.00000000e+00  4.30000000e+01]
  ...
  [ 2.35572873e-01  5.90000000e+01 -2.25000000e+02]
  [ 2.40850463e-01  1.00000000e+00  2.60000000e+02]
  [ 2.32719956e-01  8.00000000e+00  1.53000000e+02]]

 ...

 [[ 6.51236174e+00  2.00000000e+01  5.03000000e+02]
  [ 6.24543667e+00  3.50000000e+01  5.65000000e+02]
  [ 5.66337355e+00  1.50000000e+01  3.52000000e+02]
  ...
  [ 2.04016782e+00  9.00000000e+00  1.20000000e+02]
  [ 1.88366159e+00  8.00000000e+00  1.51000000e+02]
  [ 2.02328260e+00  9.00000000e+00  2.15000000e+02]]

 [[ 6.65216365e+00  0.00000000e+00  7.79000000e+02]
  [ 6.51236174e+00  2.00000000e+01  5.03000000e+02]
  [ 6.24543667e+00  3.50000000e+01  5.65000000e+02]
  ...
  [ 2.16591276e+00  3.00000000e+00  8.70000000e+01]
  [ 2.04016782e+00  9.00000000e+00  1.20000000e+02]
  [ 1.88366159e+00  8.00000000e+00  1.51000000e+02]]

 [[ 7.20526886e+00  1.00000000e+00  7.87000000e+02]
  [ 6.65216365e+00  0.00000000e+00  7.79000000e+02]
  [ 6.51236174e+00  2.00000000e+01  5.03000000e+02]
  ...
  [ 2.12569264e+00  3.00000000e+00  1.64000000e+02]
  [ 2.16591276e+00  3.00000000e+00  8.70000000e+01]
  [ 2.04016782e+00  9.00000000e+00  1.20000000e+02]]][1 1 1 1 1 1 1 1 1 1 1 1 1 1 1 1 1 1 1 1 1 1 1 1 1 1 1 1 1 1 1 1 1 1 1 1 1
 1 1 1 1 1 1 1 1 1 1 1 1 1 1 1 1 1 1 1 1 1 1 1 1 1 1 1 1 1 1 1 1 1 1 1 1 1
 1 1 1 1 1 1 1 1 1 1 1 1 1 1 1 1 1 1 1 1 1 1 1 1 1 1 1 1 1 1 1 1 1 1 1 1 1
 1 1 1 1 1 1 1 1 1 1 1 1 1 1 1 1 1 1 1 1 1 1 1 1 1 1 1 1 1 1 1 1 1 1 1 1 1
 1 1 1 1 1 1 1 1 1 1 1 1 1 1 1 1 1 1 1 1 1 1 1 1 1 1 1 1 1 1 1 1 1 1 1 1 1
 1 1 1 1 1 1 1 1 1 1 1 1 1 1 1 1 1 1 1 1 1 1 1 1 1 1 1 1 1 1 1 1 1 1 1 1 1
 1 1 1 1 1 1 1 1 1 1 1 1 1 1 1 1 1 1 1 1 1 1 1 1 1 1 1 1 1 1 1 1 1 1 1 1 1
 1 1 1 1 1 1 1 1 1 1 1 1 1 1 1 1 1 1 1 1 1 1 1 1 1 1 1 1 1 1 1 1 1 1 1 1 1
 1 1 1 1 1 1 1 1 1 1 1 1 1 1 1 1 1 1 1 1 1 1 1 1 1 1 1 1 1 1 1 1 1 1 1 1 1
 1 1 1 1 1 1 1 1 1 1 1 1 1 1 1 1 1 1 1 1 1 1 1 1 1 1 1 1 1 1 1 1 1 1 1 1 1
 1 1 1 1 1 1 1 1 1 1 1 1 1 1 1 1 1 1 1 1 1 1 1 1 1 1 1 1 1 1 1 1 1 1 1 1 1
 1 1 1 1 1 1 1 1 1 1 1 1 1 1 1 1 1 1 1 1 1 1 1 1 1 1 1 1 1 1 1 1 1 1 1 1 1
 1 1 1 1 1 1 1 1 1 1 1 1 1 1 1 1 1 1 1 1 1 1 1 1 1 1 1 1 1 1 1 1 1 1 1 1 1
 1 1 1 1 1 1 1 1 1 1 1 1 1 1 1 1 1 1 1 1 1 1 1 1 1 1 1 1 1 1 1 1 1 1 1 1 1
 1 1 1 1 1 1 1 1 1 1 1 1 1 1 1 1 1 1 1 1 1 1 1 1 1 1 1 1 1 1 1 1 1 1 1 1 1
 1 1 1 1 1 1 1 1 1 1 1 1 1 1 1 1 1 1 1 1 1 1 1 1 1 1 1 1 1 1 1 1 1 1 1 1 1
 1 1 1 1 1 1 1 1 1 1 1 1 1 1 1 1 1 1 1 1 1 1 1 1 1 1 1 1 1 1 1 1 1 1 1 1 1
 1 1 1 1 1 1 1 1 1 1 1 1 1 1 1 1 1 1 1 1 1 1 1 1 1 1 1 1 1 1 1 1 1 1 1 1 1
 1 1 1 1 1 1 1 1 1 1 1 1 1 1 1 1 1 1 1 1 1 1 1 1 1 1 1 1 1 1 1 1 1 1 1 1 1
 1 1 1 1 1 1 1 1 1 1 1 1 1 1 1 1 1 1 1 1 1 1 1 1 1 1 1 1 1 1 1 1 1 1 1 1 1
 1 1 1 1 1 1 1 1 1 1 1 1 1 1 1 1 1 1 1 1 1 1 1 1 1 1 1 1 1 1 1 1 1 1 1 1 1
 1 1 1 1 1 1 1 1 1 1 1 1 1 1 1 1 1 1 1 1 1 1 1 1 1 1 1 1 1 1 1 1 1 1 1 1 1
 1 1 1 1 1 1 1 1 1 1 1 1 1 1 1 1 1 1 1 1 1 1 1 1 1 1 1 1 1 1 1 1 1 1 1 1 1
 1 1 1 1 1 1 1 1 1 1 1 1 1 1 1 1 1 1 1 1 1 1 1 1 1 1 1 1 1 1 1 1 1 1 1 1 1
 1 1 1 1 1 1 1 1 1 1 1 1 1 1 1 1 1 1 1 1 1 1 1 1 1 1 1 1 1 1 1 1 1 1 1 1 1
 1 1 1 1 1 1 1 1 1 1 1 1 1 1 1 1 1 1 1 1 1 1 1 1]
Done.
Training group 5, split 1
	Y Train Labels:(array([1.], dtype=float32), array([238]))
	Y Val Labels:(array([1.], dtype=float32), array([237]))
Training group 5, split 2
	Y Train Labels:(array([1.], dtype=float32), array([475]))
	Y Val Labels:(array([1.], dtype=float32), array([237]))
Training group 5, split 3
	Early stopping at epoch 22
	Y Train Labels:(array([1.], dtype=float32), array([712]))
	Y Val Labels:(array([1.], dtype=float32), array([237]))
	Creating sequence for 'blind-boxes'... [[[ 8.51279998e-03  0.00000000e+00 -3.60000000e+01]
  [ 8.42446600e-03  0.00000000e+00 -2.80000000e+01]
  [ 8.51168701e-03  0.00000000e+00  1.40000000e+01]
  ...
  [ 2.36340514e-03  0.00000000e+00 -7.00000000e+00]
  [ 2.69336422e-03  0.00000000e+00  1.30000000e+01]
  [ 2.45194650e-03  0.00000000e+00 -1.00000000e+00]]

 [[ 8.73491665e-03  0.00000000e+00 -6.00000000e+00]
  [ 8.51279998e-03  0.00000000e+00 -3.60000000e+01]
  [ 8.42446600e-03  0.00000000e+00 -2.80000000e+01]
  ...
  [ 2.45584425e-03  0.00000000e+00 -2.00000000e+00]
  [ 2.36340514e-03  0.00000000e+00 -7.00000000e+00]
  [ 2.69336422e-03  0.00000000e+00  1.30000000e+01]]

 [[ 8.82343403e-03  0.00000000e+00 -3.40000000e+01]
  [ 8.73491665e-03  0.00000000e+00 -6.00000000e+00]
  [ 8.51279998e-03  0.00000000e+00 -3.60000000e+01]
  ...
  [ 2.35731335e-03  0.00000000e+00  9.00000000e+00]
  [ 2.45584425e-03  0.00000000e+00 -2.00000000e+00]
  [ 2.36340514e-03  0.00000000e+00 -7.00000000e+00]]

 ...

 [[ 4.19091449e+00  1.00000000e+00  1.28000000e+02]
  [ 3.88556635e+00  5.00000000e+00  1.19000000e+02]
  [ 3.74196597e+00  2.00000000e+00  1.33000000e+02]
  ...
  [ 4.25810460e-01  0.00000000e+00 -4.00000000e+00]
  [ 4.32475080e-01  0.00000000e+00  7.00000000e+00]
  [ 4.76380460e-01  0.00000000e+00  1.20000000e+01]]

 [[ 4.66706722e+00  0.00000000e+00  2.28000000e+02]
  [ 4.19091449e+00  1.00000000e+00  1.28000000e+02]
  [ 3.88556635e+00  5.00000000e+00  1.19000000e+02]
  ...
  [ 3.99445200e-01  0.00000000e+00  1.90000000e+01]
  [ 4.25810460e-01  0.00000000e+00 -4.00000000e+00]
  [ 4.32475080e-01  0.00000000e+00  7.00000000e+00]]

 [[ 4.39938568e+00  3.00000000e+00  1.40000000e+02]
  [ 4.66706722e+00  0.00000000e+00  2.28000000e+02]
  [ 4.19091449e+00  1.00000000e+00  1.28000000e+02]
  ...
  [ 3.70911680e-01  0.00000000e+00  1.30000000e+01]
  [ 3.99445200e-01  0.00000000e+00  1.90000000e+01]
  [ 4.25810460e-01  0.00000000e+00 -4.00000000e+00]]][0 0 0 ... 1 1 1]
Done.
Training group 6, split 1
	Y Train Labels:(array([0.], dtype=float32), array([289]))
	Y Val Labels:(array([0.], dtype=float32), array([287]))
Training group 6, split 2
	Early stopping at epoch 33
	Y Train Labels:(array([0.], dtype=float32), array([576]))
	Y Val Labels:(array([0., 1.], dtype=float32), array([226,  61]))
Training group 6, split 3
	Early stopping at epoch 13
	Y Train Labels:(array([0., 1.], dtype=float32), array([802,  61]))
	Y Val Labels:(array([1.], dtype=float32), array([287]))
	Creating sequence for 'coti'... [[[ 1.18425758e-01  5.00000000e+00  9.40000000e+01]
  [ 1.20152970e-01  0.00000000e+00 -2.81000000e+02]
  [ 1.19314430e-01  7.00000000e+00 -1.70000000e+01]
  ...
  [ 1.21105522e-01  1.00000000e+00  9.00000000e+01]
  [ 1.27235296e-01  0.00000000e+00  1.21000000e+02]
  [ 1.25300423e-01  2.40000000e+01 -6.00000000e+00]]

 [[ 1.11691859e-01  2.70000000e+01  3.57000000e+02]
  [ 1.18425758e-01  5.00000000e+00  9.40000000e+01]
  [ 1.20152970e-01  0.00000000e+00 -2.81000000e+02]
  ...
  [ 1.25461968e-01  0.00000000e+00  6.00000000e+01]
  [ 1.21105522e-01  1.00000000e+00  9.00000000e+01]
  [ 1.27235296e-01  0.00000000e+00  1.21000000e+02]]

 [[ 1.15016864e-01  3.00000000e+00 -9.70000000e+01]
  [ 1.11691859e-01  2.70000000e+01  3.57000000e+02]
  [ 1.18425758e-01  5.00000000e+00  9.40000000e+01]
  ...
  [ 1.24738611e-01  0.00000000e+00  0.00000000e+00]
  [ 1.25461968e-01  0.00000000e+00  6.00000000e+01]
  [ 1.21105522e-01  1.00000000e+00  9.00000000e+01]]

 ...

 [[ 8.81193369e-02  0.00000000e+00 -5.00000000e+00]
  [ 8.28887750e-02  0.00000000e+00 -1.20000000e+01]
  [ 8.22568168e-02  0.00000000e+00  0.00000000e+00]
  ...
  [ 5.56617471e-02  0.00000000e+00  8.00000000e+00]
  [ 5.41438204e-02  0.00000000e+00 -7.00000000e+00]
  [ 5.46069280e-02  6.00000000e+00  0.00000000e+00]]

 [[ 9.11763162e-02  0.00000000e+00  9.00000000e+00]
  [ 8.81193369e-02  0.00000000e+00 -5.00000000e+00]
  [ 8.28887750e-02  0.00000000e+00 -1.20000000e+01]
  ...
  [ 5.70109128e-02  0.00000000e+00 -2.00000000e+00]
  [ 5.56617471e-02  0.00000000e+00  8.00000000e+00]
  [ 5.41438204e-02  0.00000000e+00 -7.00000000e+00]]

 [[ 8.28253119e-02  0.00000000e+00  1.10000000e+01]
  [ 9.11763162e-02  0.00000000e+00  9.00000000e+00]
  [ 8.81193369e-02  0.00000000e+00 -5.00000000e+00]
  ...
  [ 5.86158635e-02  1.50000000e+01  6.00000000e+00]
  [ 5.70109128e-02  0.00000000e+00 -2.00000000e+00]
  [ 5.56617471e-02  0.00000000e+00  8.00000000e+00]]][1 1 1 ... 1 1 1]
Done.
Training group 7, split 1
	Early stopping at epoch 13
	Y Train Labels:(array([1.], dtype=float32), array([460]))
	Y Val Labels:(array([1.], dtype=float32), array([458]))
Training group 7, split 2
	Early stopping at epoch 13
	Y Train Labels:(array([1.], dtype=float32), array([918]))
	Y Val Labels:(array([1.], dtype=float32), array([458]))
Training group 7, split 3
