


--------------------------------------------------
Starting lstm.py at '2024-10-11 19:16:46.772564'.
Reading './isDaoActiveData(4).json'... Done.
Total training Data: 379
Size of training set: 265
Size of test set: 114
Preparing data for training...
<torch.utils.data.dataloader.DataLoader object at 0x11d96f140>
Preparing data for testing...
Trained so far:144
Parameters:
	Num epochs: 60
	Initial learning rate: 0.001
	Patience: 12
	Window size: 60
	Timeseries splits: 3
	Minimum number of timeseries datapoints: 64
Gradient boosting params: 
	{"max_depth": 3, "learning_rate": 0.05, "n_estimators": 100, "objective": "binary:logistic", "eval_metric": "logloss"}
	Creating sequence for 'barnbridge'... Done.
Training group 0, split 1
	Early stopping at epoch 13
	Y Train Labels:(array([0.], dtype=float32), array([323]))
	Y Val Labels:(array([0.], dtype=float32), array([321]))
Training group 0, split 2
	Early stopping at epoch 13
	Y Train Labels:(array([0.], dtype=float32), array([644]))
	Y Val Labels:(array([0., 1.], dtype=float32), array([148, 173]))
Training group 0, split 3
	Early stopping at epoch 13
	Y Train Labels:(array([0., 1.], dtype=float32), array([792, 173]))
	Y Val Labels:(array([1.], dtype=float32), array([321]))
	Creating sequence for 'blind-boxes'... Done.
Training group 1, split 1
	Early stopping at epoch 13
	Y Train Labels:(array([0.], dtype=float32), array([298]))
	Y Val Labels:(array([0.], dtype=float32), array([296]))
Training group 1, split 2
	Early stopping at epoch 13
	Y Train Labels:(array([0.], dtype=float32), array([594]))
	Y Val Labels:(array([0., 1.], dtype=float32), array([244,  52]))
Training group 1, split 3
	Early stopping at epoch 13
	Y Train Labels:(array([0., 1.], dtype=float32), array([838,  52]))
	Y Val Labels:(array([1.], dtype=float32), array([296]))
	Creating sequence for 'bitcoin-atom'... Done.
Training group 2, split 1
	Early stopping at epoch 13
	Y Train Labels:(array([0., 1.], dtype=float32), array([ 60, 538]))
	Y Val Labels:(array([1.], dtype=float32), array([596]))
Training group 2, split 2
	Early stopping at epoch 13
	Y Train Labels:(array([0., 1.], dtype=float32), array([  60, 1134]))
	Y Val Labels:(array([1.], dtype=float32), array([596]))
Training group 2, split 3
	Early stopping at epoch 13
	Y Train Labels:(array([0., 1.], dtype=float32), array([  60, 1730]))
	Y Val Labels:(array([1.], dtype=float32), array([596]))
	Creating sequence for 'cargox'... Done.
Training group 3, split 1
	Early stopping at epoch 13
	Y Train Labels:(array([1.], dtype=float32), array([568]))
	Y Val Labels:(array([1.], dtype=float32), array([565]))
Training group 3, split 2
	Early stopping at epoch 13
	Y Train Labels:(array([1.], dtype=float32), array([1133]))
	Y Val Labels:(array([1.], dtype=float32), array([565]))
Training group 3, split 3
	Early stopping at epoch 13
	Y Train Labels:(array([1.], dtype=float32), array([1698]))
	Y Val Labels:(array([1.], dtype=float32), array([565]))
	Creating sequence for 'chainx'... Done.
Training group 4, split 1
	Early stopping at epoch 13
	Y Train Labels:(array([0., 1.], dtype=float32), array([267, 190]))
	Y Val Labels:(array([1.], dtype=float32), array([455]))
Training group 4, split 2
	Early stopping at epoch 13
	Y Train Labels:(array([0., 1.], dtype=float32), array([267, 645]))
	Y Val Labels:(array([1.], dtype=float32), array([455]))
Training group 4, split 3
	Early stopping at epoch 13
	Y Train Labels:(array([0., 1.], dtype=float32), array([ 267, 1100]))
	Y Val Labels:(array([1.], dtype=float32), array([455]))
	Creating sequence for 'convex-finance'... Done.
Training group 5, split 1
	Early stopping at epoch 13
	Y Train Labels:(array([1.], dtype=float32), array([293]))
	Y Val Labels:(array([1.], dtype=float32), array([291]))
Training group 5, split 2
	Early stopping at epoch 13
	Y Train Labels:(array([1.], dtype=float32), array([584]))
	Y Val Labels:(array([1.], dtype=float32), array([291]))
Training group 5, split 3
	Early stopping at epoch 13
	Y Train Labels:(array([1.], dtype=float32), array([875]))
	Y Val Labels:(array([1.], dtype=float32), array([291]))
	Creating sequence for 'arcblock'... Done.
Training group 6, split 1
	Early stopping at epoch 13
	Y Train Labels:(array([1.], dtype=float32), array([588]))
	Y Val Labels:(array([1.], dtype=float32), array([585]))
Training group 6, split 2
	Early stopping at epoch 13
	Y Train Labels:(array([1.], dtype=float32), array([1173]))
	Y Val Labels:(array([1.], dtype=float32), array([585]))
Training group 6, split 3
	Early stopping at epoch 13
	Y Train Labels:(array([1.], dtype=float32), array([1758]))
	Y Val Labels:(array([1.], dtype=float32), array([585]))
	Creating sequence for 'celo'... Done.
Training group 7, split 1
	Early stopping at epoch 13
	Y Train Labels:(array([1.], dtype=float32), array([384]))
	Y Val Labels:(array([1.], dtype=float32), array([381]))
Training group 7, split 2
	Early stopping at epoch 13
	Y Train Labels:(array([1.], dtype=float32), array([765]))
	Y Val Labels:(array([1.], dtype=float32), array([381]))
Training group 7, split 3
	Early stopping at epoch 13
	Y Train Labels:(array([1.], dtype=float32), array([1146]))
	Y Val Labels:(array([1.], dtype=float32), array([381]))
	Creating sequence for 'cloudbric'... Done.
Training group 8, split 1
	Early stopping at epoch 13
	Y Train Labels:(array([0., 1.], dtype=float32), array([ 19, 479]))
	Y Val Labels:(array([1.], dtype=float32), array([497]))
Training group 8, split 2
	Early stopping at epoch 13
	Y Train Labels:(array([0., 1.], dtype=float32), array([ 19, 976]))
	Y Val Labels:(array([1.], dtype=float32), array([497]))
Training group 8, split 3
	Early stopping at epoch 13
	Y Train Labels:(array([0., 1.], dtype=float32), array([  19, 1473]))
	Y Val Labels:(array([1.], dtype=float32), array([497]))
	Creating sequence for 'aptos'... Done.
Training group 9, split 1
	Early stopping at epoch 13
	Y Train Labels:(array([1.], dtype=float32), array([164]))
	Y Val Labels:(array([1.], dtype=float32), array([161]))
Training group 9, split 2
	Early stopping at epoch 13
	Y Train Labels:(array([1.], dtype=float32), array([325]))
	Y Val Labels:(array([1.], dtype=float32), array([161]))
Training group 9, split 3
	Early stopping at epoch 13
	Y Train Labels:(array([1.], dtype=float32), array([486]))
	Y Val Labels:(array([1.], dtype=float32), array([161]))
	Creating sequence for 'covesting'... Done.
Training group 10, split 1
	Early stopping at epoch 13
	Y Train Labels:(array([0., 1.], dtype=float32), array([ 15, 518]))
	Y Val Labels:(array([1.], dtype=float32), array([530]))
Training group 10, split 2
	Early stopping at epoch 13
	Y Train Labels:(array([0., 1.], dtype=float32), array([  15, 1048]))
	Y Val Labels:(array([1.], dtype=float32), array([530]))
Training group 10, split 3
	Early stopping at epoch 13
	Y Train Labels:(array([0., 1.], dtype=float32), array([  15, 1578]))
	Y Val Labels:(array([1.], dtype=float32), array([530]))
	Creating sequence for 'axelar'... Done.
Training group 11, split 1
	Early stopping at epoch 13
	Y Train Labels:(array([1.], dtype=float32), array([168]))
	Y Val Labels:(array([1.], dtype=float32), array([167]))
Training group 11, split 2
	Early stopping at epoch 13
	Y Train Labels:(array([1.], dtype=float32), array([335]))
	Y Val Labels:(array([1.], dtype=float32), array([167]))
Training group 11, split 3
	Early stopping at epoch 13
	Y Train Labels:(array([1.], dtype=float32), array([502]))
	Y Val Labels:(array([1.], dtype=float32), array([167]))
	Creating sequence for 'cosmos'... Done.
Training group 12, split 1
	Early stopping at epoch 13
	Y Train Labels:(array([1.], dtype=float32), array([492]))
	Y Val Labels:(array([1.], dtype=float32), array([490]))
Training group 12, split 2
	Early stopping at epoch 13
	Y Train Labels:(array([1.], dtype=float32), array([982]))
	Y Val Labels:(array([1.], dtype=float32), array([490]))
Training group 12, split 3
