


--------------------------------------------------
Starting lstm.py at '2024-10-25 16:41:22.394441'.
Reading './balancedDataset.json'... Done.
Total training Data: 1030
DAOs trained so far:145
Size of training set: 576
Size of test set: 309
Preparing data for training...
Preparing data for testing...
Parameters:
	Num epochs: 60
	Initial learning rate: 0.001
	Patience: 12
	Window size: 60
	Timeseries splits: 3
	Minimum number of timeseries datapoints: 64
Gradient boosting params: 
	{"max_depth": 3, "learning_rate": 0.05, "n_estimators": 100, "objective": "binary:logistic", "eval_metric": "logloss"}
	Creating sequence for 'gatechain-token'... Training group 0, split 1
	Early stopping at epoch 13
	Y Train Labels:(array([1.], dtype=float32), array([437]))
	Y Val Labels:(array([1.], dtype=float32), array([436]))
Training group 0, split 2
	Early stopping at epoch 13
	Y Train Labels:(array([1.], dtype=float32), array([873]))
	Y Val Labels:(array([1.], dtype=float32), array([436]))
Training group 0, split 3
	Early stopping at epoch 13
	Y Train Labels:(array([1.], dtype=float32), array([1309]))
	Y Val Labels:(array([1.], dtype=float32), array([436]))
Done.
	Creating sequence for 'edelcoin'... Training group 1, split 1
	Early stopping at epoch 13
	Y Train Labels:(array([0.], dtype=float32), array([70]))
	Y Val Labels:(array([0.], dtype=float32), array([68]))
Training group 1, split 2
	Early stopping at epoch 13
	Y Train Labels:(array([0.], dtype=float32), array([138]))
	Y Val Labels:(array([0.], dtype=float32), array([68]))
Training group 1, split 3
	Early stopping at epoch 13
	Y Train Labels:(array([0.], dtype=float32), array([206]))
	Y Val Labels:(array([0.], dtype=float32), array([68]))
Done.
	Creating sequence for 'cyclone-protocol'... Training group 2, split 1
	Early stopping at epoch 13
	Y Train Labels:(array([1.], dtype=float32), array([303]))
	Y Val Labels:(array([0., 1.], dtype=float32), array([268,  35]))
Training group 2, split 2
	Early stopping at epoch 13
	Y Train Labels:(array([0., 1.], dtype=float32), array([268, 338]))
	Y Val Labels:(array([0.], dtype=float32), array([303]))
Training group 2, split 3
	Early stopping at epoch 13
	Y Train Labels:(array([0., 1.], dtype=float32), array([571, 338]))
	Y Val Labels:(array([0.], dtype=float32), array([303]))
Done.
	Creating sequence for 'mx-token'... Training group 3, split 1
	Early stopping at epoch 13
	Y Train Labels:(array([1.], dtype=float32), array([142]))
	Y Val Labels:(array([1.], dtype=float32), array([140]))
Training group 3, split 2
	Early stopping at epoch 13
	Y Train Labels:(array([1.], dtype=float32), array([282]))
	Y Val Labels:(array([1.], dtype=float32), array([140]))
Training group 3, split 3
	Early stopping at epoch 13
	Y Train Labels:(array([1.], dtype=float32), array([422]))
	Y Val Labels:(array([1.], dtype=float32), array([140]))
Done.
	Creating sequence for 'ethpad'... Training group 4, split 1
	Early stopping at epoch 13
	Y Train Labels:(array([1.], dtype=float32), array([274]))
	Y Val Labels:(array([0., 1.], dtype=float32), array([ 34, 237]))
Training group 4, split 2
	Early stopping at epoch 13
	Y Train Labels:(array([0., 1.], dtype=float32), array([ 34, 511]))
	Y Val Labels:(array([0.], dtype=float32), array([271]))
Training group 4, split 3
	Early stopping at epoch 13
	Y Train Labels:(array([0., 1.], dtype=float32), array([305, 511]))
	Y Val Labels:(array([0.], dtype=float32), array([271]))
Done.
	Creating sequence for 'blocery'... Training group 5, split 1
	Early stopping at epoch 13
	Y Train Labels:(array([1.], dtype=float32), array([308]))
	Y Val Labels:(array([1.], dtype=float32), array([308]))
Training group 5, split 2
