


--------------------------------------------------
Starting lstm.py at '2024-10-11 13:48:02.009419'.
Reading './isDaoActiveData(4).json'... Done.
Total training Data: 379
Size of training set: 265
Size of test set: 114
Preparing data for training...
	Creating sequence for 'chiliz'... Done.
	Creating sequence for 'alphabet-erc404'... Done.
	Creating sequence for 'across-protocol'... Done.
	Creating sequence for 'clore-ai'... Done.
	Creating sequence for 'alchemist'... Done.
	Creating sequence for 'cnns'... Done.
	Creating sequence for 'bnktothefuture'... Done.
	Creating sequence for 'cornucopias'... Done.
	Creating sequence for 'aave-busd'... Skipped.
	Creating sequence for 'base-protocol'... Done.
	Creating sequence for 'algorand'... Done.
	Creating sequence for '0x0-ai-ai-smart-contract'... Done.
	Creating sequence for 'bytom'... Done.
	Creating sequence for 'as-roma-fan-token'... Done.
	Creating sequence for 'cajutel'... Done.
	Creating sequence for 'chainbing'... Done.
	Creating sequence for 'calcium'... Done.
	Creating sequence for 'belt'... Done.
	Creating sequence for 'baasid'... Done.
	Creating sequence for 'cobak-token'... Done.
	Creating sequence for 'agatech'... Done.
	Creating sequence for 'clearpool'... Done.
	Creating sequence for 'bridge-mutual'... Done.
	Creating sequence for 'bitget-wallet-token'... Done.
	Creating sequence for 'chainx'... Done.
	Creating sequence for 'anyswap'... Done.
	Creating sequence for 'botto'... Done.
	Creating sequence for 'bitcoin'... Done.
	Creating sequence for 'centrifuge'... Done.
	Creating sequence for 'basis-cash'... Done.
	Creating sequence for 'bolt'... Done.
	Creating sequence for 'creo-engine'... Done.
	Creating sequence for 'band-protocol'... Done.
	Creating sequence for 'celestia'... Done.
	Creating sequence for 'antimatter'... Done.
	Creating sequence for 'bistroo'... Done.
	Creating sequence for 'aipad'... Done.
	Creating sequence for 'bidao'... Done.
	Creating sequence for 'bitmart-token'... Done.
	Creating sequence for 'blocknet'... Done.
	Creating sequence for 'aviator'... Done.
	Creating sequence for 'ark'... Done.
	Creating sequence for 'bifrost'... Done.
	Creating sequence for 'assemble-protocol'... Done.
	Creating sequence for 'aergo'... Done.
	Creating sequence for 'artrade'... Done.
	Creating sequence for 'access-protocol'... Done.
	Creating sequence for 'aurusx'... Done.
	Creating sequence for 'affyn'... Done.
	Creating sequence for 'adapad'... Done.
	Creating sequence for 'crypto-asset-governance-alliance'... Done.
	Creating sequence for 'compound-basic-attention-token'... Done.
	Creating sequence for 'aave-usdt'... Skipped.
	Creating sequence for 'apy-finance'... Done.
	Creating sequence for 'arweave'... Done.
	Creating sequence for 'ageofgods'... Done.
	Creating sequence for 'biswap'... Done.
	Creating sequence for 'dafi-protocol'... Done.
	Creating sequence for 'biconomy'... Done.
	Creating sequence for 'cumrocket'... Done.
	Creating sequence for 'beoble'... Done.
	Creating sequence for 'apm-coin'... Done.
	Creating sequence for 'bottos'... Done.
	Creating sequence for 'aave-usdc'... Skipped.
	Creating sequence for 'bullperks'... Done.
	Creating sequence for 'bittorrent'... Done.
	Creating sequence for 'aurory'... Done.
	Creating sequence for 'acala'... Done.
	Creating sequence for 'banano'... Done.
	Creating sequence for 'aston-martin-cognizant-fan-token'... Done.
	Creating sequence for 'argent'... Skipped.
	Creating sequence for 'celo-dollar'... Done.
	Creating sequence for 'blendr-network'... Done.
	Creating sequence for 'adamant-messenger'... Done.
	Creating sequence for 'compound-ether'... Done.
	Creating sequence for 'cloudbric'... Done.
	Creating sequence for 'achain'... Done.
	Creating sequence for 'ben-the-dog'... Done.
	Creating sequence for 'arkham'... Done.
	Creating sequence for 'cellframe'... Done.
	Creating sequence for 'basic-attention-token'... Done.
	Creating sequence for 'connex'... Done.
	Creating sequence for 'coinsbit-token'... Done.
	Creating sequence for 'chronicle'... Done.
	Creating sequence for 'dacxi'... Done.
	Creating sequence for 'arcs'... Done.
	Creating sequence for 'billionhappiness'... Done.
	Creating sequence for 'burger-swap'... Done.
	Creating sequence for '1inch'... Done.
	Creating sequence for 'binance-usd'... Done.
	Creating sequence for 'beyond-finance'... Done.
	Creating sequence for 'binemon'... Done.
	Creating sequence for 'b20'... Done.
	Creating sequence for 'bemo-staked-ton'... Done.
	Creating sequence for 'aeron'... Done.
	Creating sequence for 'coldstack'... Done.
	Creating sequence for 'brz'... Done.
	Creating sequence for 'blockstack'... Done.
	Creating sequence for 'bamboo-defi'... Done.
	Creating sequence for 'astroswap'... Done.
	Creating sequence for 'barnbridge'... Done.
	Creating sequence for 'bitcoin-wizards'... Done.
	Creating sequence for 'commune-ai'... Done.
	Creating sequence for 'alva'... Done.
	Creating sequence for 'balpha'... Done.
	Creating sequence for 'cardano'... Done.
	Creating sequence for 'alvey-chain'... Done.
	Creating sequence for 'adreward'... Done.
	Creating sequence for 'acorn-protocol'... Done.
	Creating sequence for 'bitcoin-cash'... 