


--------------------------------------------------
Starting lstm.py at '2024-10-23 20:26:11.238532'.
Reading '../classifiedDAOs.json'... Done.
Total training Data: 1578
DAOs trained so far:796
Size of training set: 308
Size of test set: 474
Preparing data for training...
Preparing data for testing...
Parameters:
	Num epochs: 60
	Initial learning rate: 0.001
	Patience: 12
	Window size: 60
	Timeseries splits: 3
	Minimum number of timeseries datapoints: 64
Gradient boosting params: 
	{"max_depth": 3, "learning_rate": 0.05, "n_estimators": 100, "objective": "binary:logistic", "eval_metric": "logloss"}
	Creating sequence for 'genaro-network'... Training group 0, split 1
	Early stopping at epoch 29
	Y Train Labels:(array([1.], dtype=float32), array([561]))
	Y Val Labels:(array([1.], dtype=float32), array([561]))
Training group 0, split 2
	Early stopping at epoch 20
	Y Train Labels:(array([1.], dtype=float32), array([1122]))
	Y Val Labels:(array([1.], dtype=float32), array([561]))
Training group 0, split 3
	Early stopping at epoch 21
	Y Train Labels:(array([1.], dtype=float32), array([1683]))
	Y Val Labels:(array([0., 1.], dtype=float32), array([414, 147]))
Done.
	Creating sequence for 'drife'... Training group 1, split 1
	Early stopping at epoch 13
	Y Train Labels:(array([1.], dtype=float32), array([108]))
	Y Val Labels:(array([0., 1.], dtype=float32), array([49, 57]))
Training group 1, split 2
	Early stopping at epoch 36
	Y Train Labels:(array([0., 1.], dtype=float32), array([ 49, 165]))
	Y Val Labels:(array([0.], dtype=float32), array([106]))
Training group 1, split 3
	Early stopping at epoch 26
	Y Train Labels:(array([0., 1.], dtype=float32), array([155, 165]))
	Y Val Labels:(array([0.], dtype=float32), array([106]))
Done.
	Creating sequence for 'superwalk'... Training group 2, split 1
	Y Train Labels:(array([1.], dtype=float32), array([172]))
	Y Val Labels:(array([1.], dtype=float32), array([172]))
Training group 2, split 2
	Y Train Labels:(array([1.], dtype=float32), array([344]))
	Y Val Labels:(array([1.], dtype=float32), array([172]))
Training group 2, split 3
	Y Train Labels:(array([1.], dtype=float32), array([516]))
	Y Val Labels:(array([1.], dtype=float32), array([172]))
Done.
	Creating sequence for 'uniswap'... Training group 3, split 1
	Early stopping at epoch 14
	Y Train Labels:(array([1.], dtype=float32), array([296]))
	Y Val Labels:(array([1.], dtype=float32), array([294]))
Training group 3, split 2
	Early stopping at epoch 39
	Y Train Labels:(array([1.], dtype=float32), array([590]))
	Y Val Labels:(array([1.], dtype=float32), array([294]))
Training group 3, split 3
	Early stopping at epoch 13
	Y Train Labels:(array([1.], dtype=float32), array([884]))
	Y Val Labels:(array([1.], dtype=float32), array([294]))
Done.
	Creating sequence for 'coinfi'... Training group 4, split 1
	Early stopping at epoch 13
	Y Train Labels:(array([1.], dtype=float32), array([580]))
	Y Val Labels:(array([1.], dtype=float32), array([579]))
Training group 4, split 2
	Early stopping at epoch 29
	Y Train Labels:(array([1.], dtype=float32), array([1159]))
	Y Val Labels:(array([0., 1.], dtype=float32), array([435, 144]))
Training group 4, split 3
	Y Train Labels:(array([0., 1.], dtype=float32), array([ 435, 1303]))
	Y Val Labels:(array([0.], dtype=float32), array([579]))
Done.
	Creating sequence for 'darwinia-commitment-token'... Training group 5, split 1
	Early stopping at epoch 13
	Y Train Labels:(array([1.], dtype=float32), array([343]))
	Y Val Labels:(array([1.], dtype=float32), array([343]))
Training group 5, split 2
	Early stopping at epoch 13
	Y Train Labels:(array([1.], dtype=float32), array([686]))
	Y Val Labels:(array([1.], dtype=float32), array([343]))
Training group 5, split 3
	Early stopping at epoch 13
	Y Train Labels:(array([1.], dtype=float32), array([1029]))
	Y Val Labels:(array([1.], dtype=float32), array([343]))
Done.
	Creating sequence for 'bread'... Training group 6, split 1
	Y Train Labels:(array([1.], dtype=float32), array([540]))
	Y Val Labels:(array([1.], dtype=float32), array([538]))
Training group 6, split 2
