


--------------------------------------------------
Starting lstm.py at '2024-10-23 20:13:47.797362'.
Reading '../classifiedDAOs.json'... Done.
Total training Data: 1578
DAOs trained so far:730
Size of training set: 374
Size of test set: 474
Preparing data for training...
Preparing data for testing...
Parameters:
	Num epochs: 60
	Initial learning rate: 0.001
	Patience: 12
	Window size: 60
	Timeseries splits: 3
	Minimum number of timeseries datapoints: 64
Gradient boosting params: 
	{"max_depth": 3, "learning_rate": 0.05, "n_estimators": 100, "objective": "binary:logistic", "eval_metric": "logloss"}
	Creating sequence for 'b20'... Training group 0, split 1
	Early stopping at epoch 23
	Y Train Labels:(array([0., 1.], dtype=float32), array([158,  40]))
	Y Val Labels:(array([0.], dtype=float32), array([196]))
Training group 0, split 2
	Y Train Labels:(array([0., 1.], dtype=float32), array([354,  40]))
	Y Val Labels:(array([0.], dtype=float32), array([196]))
Training group 0, split 3
	Y Train Labels:(array([0., 1.], dtype=float32), array([550,  40]))
	Y Val Labels:(array([0.], dtype=float32), array([196]))
Done.
	Creating sequence for 'alpaca-finance'... Training group 1, split 1
	Y Train Labels:(array([1.], dtype=float32), array([269]))
	Y Val Labels:(array([1.], dtype=float32), array([268]))
Training group 1, split 2
	Y Train Labels:(array([1.], dtype=float32), array([537]))
	Y Val Labels:(array([1.], dtype=float32), array([268]))
Training group 1, split 3
	Early stopping at epoch 13
	Y Train Labels:(array([1.], dtype=float32), array([805]))
	Y Val Labels:(array([0., 1.], dtype=float32), array([245,  23]))
Done.
	Creating sequence for 'tenx'... Training group 2, split 1
	Early stopping at epoch 13
	Y Train Labels:(array([0., 1.], dtype=float32), array([ 15, 579]))
	Y Val Labels:(array([0.], dtype=float32), array([593]))
Training group 2, split 2
	Early stopping at epoch 47
	Y Train Labels:(array([0., 1.], dtype=float32), array([608, 579]))
	Y Val Labels:(array([0.], dtype=float32), array([593]))
Training group 2, split 3
	Early stopping at epoch 13
	Y Train Labels:(array([0., 1.], dtype=float32), array([1201,  579]))
	Y Val Labels:(array([0.], dtype=float32), array([593]))
Done.
	Creating sequence for 'altered-state-token'... Training group 3, split 1
	Early stopping at epoch 20
	Y Train Labels:(array([0., 1.], dtype=float32), array([200,  10]))
	Y Val Labels:(array([0.], dtype=float32), array([210]))
Training group 3, split 2
	Early stopping at epoch 26
	Y Train Labels:(array([0., 1.], dtype=float32), array([410,  10]))
	Y Val Labels:(array([0.], dtype=float32), array([210]))
Training group 3, split 3
	Early stopping at epoch 13
	Y Train Labels:(array([0., 1.], dtype=float32), array([620,  10]))
	Y Val Labels:(array([0.], dtype=float32), array([210]))
Done.
	Creating sequence for 'babyswap'... Training group 4, split 1
	Y Train Labels:(array([1.], dtype=float32), array([235]))
	Y Val Labels:(array([1.], dtype=float32), array([233]))
Training group 4, split 2
	Early stopping at epoch 15
	Y Train Labels:(array([1.], dtype=float32), array([468]))
	Y Val Labels:(array([0., 1.], dtype=float32), array([120, 113]))
Training group 4, split 3
	Early stopping at epoch 33
	Y Train Labels:(array([0., 1.], dtype=float32), array([120, 581]))
	Y Val Labels:(array([0.], dtype=float32), array([233]))
Done.
	Creating sequence for 'bazaars'... Training group 5, split 1
	Y Train Labels:(array([1.], dtype=float32), array([117]))
	Y Val Labels:(array([1.], dtype=float32), array([116]))
Training group 5, split 2
	Y Train Labels:(array([1.], dtype=float32), array([233]))
	Y Val Labels:(array([1.], dtype=float32), array([116]))
Training group 5, split 3
	Y Train Labels:(array([1.], dtype=float32), array([349]))
	Y Val Labels:(array([1.], dtype=float32), array([116]))
Done.
	Creating sequence for 'smartcash'... Training group 6, split 1
	Y Train Labels:(array([0., 1.], dtype=float32), array([199, 133]))
	Y Val Labels:(array([0.], dtype=float32), array([331]))
Training group 6, split 2
	Early stopping at epoch 30
	Y Train Labels:(array([0., 1.], dtype=float32), array([530, 133]))
	Y Val Labels:(array([0.], dtype=float32), array([331]))
Training group 6, split 3
	Early stopping at epoch 47
	Y Train Labels:(array([0., 1.], dtype=float32), array([861, 133]))
	Y Val Labels:(array([0.], dtype=float32), array([331]))
Done.
	Creating sequence for 'hedget'... Training group 7, split 1
	Y Train Labels:(array([1.], dtype=float32), array([258]))
	Y Val Labels:(array([1.], dtype=float32), array([257]))
Training group 7, split 2
	Early stopping at epoch 13
	Y Train Labels:(array([1.], dtype=float32), array([515]))
	Y Val Labels:(array([0., 1.], dtype=float32), array([155, 102]))
Training group 7, split 3
