


--------------------------------------------------
Starting lstm.py at '2024-10-23 20:50:40.235763'.
Reading '../classifiedDAOs.json'... Done.
Total training Data: 1578
DAOs trained so far:934
Size of training set: 170
Size of test set: 474
Preparing data for training...
Preparing data for testing...
Parameters:
	Num epochs: 60
	Initial learning rate: 0.001
	Patience: 12
	Window size: 60
	Timeseries splits: 3
	Minimum number of timeseries datapoints: 64
Gradient boosting params: 
	{"max_depth": 3, "learning_rate": 0.05, "n_estimators": 100, "objective": "binary:logistic", "eval_metric": "logloss"}
	Creating sequence for 'digifinextoken'... Training group 0, split 1
	Early stopping at epoch 24
	Y Train Labels:(array([1.], dtype=float32), array([529]))
	Y Val Labels:(array([1.], dtype=float32), array([527]))
Training group 0, split 2
	Y Train Labels:(array([1.], dtype=float32), array([1056]))
	Y Val Labels:(array([1.], dtype=float32), array([527]))
Training group 0, split 3
	Y Train Labels:(array([1.], dtype=float32), array([1583]))
	Y Val Labels:(array([1.], dtype=float32), array([527]))
Done.
	Creating sequence for 'achain'... Training group 1, split 1
	Early stopping at epoch 27
	Y Train Labels:(array([1.], dtype=float32), array([563]))
	Y Val Labels:(array([0., 1.], dtype=float32), array([368, 195]))
Training group 1, split 2
	Early stopping at epoch 13
	Y Train Labels:(array([0., 1.], dtype=float32), array([368, 758]))
	Y Val Labels:(array([0.], dtype=float32), array([563]))
Training group 1, split 3
	Y Train Labels:(array([0., 1.], dtype=float32), array([931, 758]))
	Y Val Labels:(array([0.], dtype=float32), array([563]))
Done.
	Creating sequence for 'bittensor'... Training group 2, split 1
	Y Train Labels:(array([1.], dtype=float32), array([128]))
	Y Val Labels:(array([1.], dtype=float32), array([127]))
Training group 2, split 2
	Y Train Labels:(array([1.], dtype=float32), array([255]))
	Y Val Labels:(array([1.], dtype=float32), array([127]))
Training group 2, split 3
	Y Train Labels:(array([1.], dtype=float32), array([382]))
	Y Val Labels:(array([1.], dtype=float32), array([127]))
Done.
	Creating sequence for 'zkfair'... Training group 3, split 1
	Early stopping at epoch 39
	Y Train Labels:(array([0., 1.], dtype=float32), array([15, 37]))
	Y Val Labels:(array([0.], dtype=float32), array([51]))
Training group 3, split 2
	Early stopping at epoch 18
	Y Train Labels:(array([0., 1.], dtype=float32), array([66, 37]))
	Y Val Labels:(array([0.], dtype=float32), array([51]))
Training group 3, split 3
	Early stopping at epoch 17
	Y Train Labels:(array([0., 1.], dtype=float32), array([117,  37]))
	Y Val Labels:(array([0.], dtype=float32), array([51]))
Done.
	Creating sequence for 'exnetwork-token'... Training group 4, split 1
	Y Train Labels:(array([1.], dtype=float32), array([227]))
	Y Val Labels:(array([1.], dtype=float32), array([227]))
Training group 4, split 2
	Early stopping at epoch 13
	Y Train Labels:(array([1.], dtype=float32), array([454]))
	Y Val Labels:(array([0., 1.], dtype=float32), array([134,  93]))
Training group 4, split 3
	Early stopping at epoch 34
	Y Train Labels:(array([0., 1.], dtype=float32), array([134, 547]))
	Y Val Labels:(array([0.], dtype=float32), array([227]))
Done.
	Creating sequence for 'dao-maker'... Training group 5, split 1
	Y Train Labels:(array([1.], dtype=float32), array([305]))
	Y Val Labels:(array([1.], dtype=float32), array([304]))
Training group 5, split 2
	Y Train Labels:(array([1.], dtype=float32), array([609]))
	Y Val Labels:(array([1.], dtype=float32), array([304]))
Training group 5, split 3
	Y Train Labels:(array([1.], dtype=float32), array([913]))
	Y Val Labels:(array([1.], dtype=float32), array([304]))
Done.
	Creating sequence for 'forest-knight'... Training group 6, split 1
	Early stopping at epoch 13
	Y Train Labels:(array([0., 1.], dtype=float32), array([  5, 255]))
	Y Val Labels:(array([0.], dtype=float32), array([257]))
Training group 6, split 2
	Early stopping at epoch 33
	Y Train Labels:(array([0., 1.], dtype=float32), array([262, 255]))
	Y Val Labels:(array([0.], dtype=float32), array([257]))
Training group 6, split 3
	Early stopping at epoch 34
	Y Train Labels:(array([0., 1.], dtype=float32), array([519, 255]))
	Y Val Labels:(array([0.], dtype=float32), array([257]))
Done.
	Creating sequence for 'adreward'... 00
Done.
	Creating sequence for 'lif3'... Training group 8, split 1
	Early stopping at epoch 37
	Y Train Labels:(array([0., 1.], dtype=float32), array([191,   2]))
	Y Val Labels:(array([0.], dtype=float32), array([193]))
Training group 8, split 2
	Y Train Labels:(array([0., 1.], dtype=float32), array([384,   2]))
	Y Val Labels:(array([0.], dtype=float32), array([193]))
Training group 8, split 3
	Y Train Labels:(array([0., 1.], dtype=float32), array([577,   2]))
	Y Val Labels:(array([0.], dtype=float32), array([193]))
Done.
	Creating sequence for 'x-cash'... Training group 9, split 1
	Early stopping at epoch 41
	Y Train Labels:(array([1.], dtype=float32), array([314]))
	Y Val Labels:(array([0., 1.], dtype=float32), array([ 77, 237]))
Training group 9, split 2
