


--------------------------------------------------
Starting lstm.py at '2024-10-27 01:33:30.151231'.
Reading '../classifiedDAOs.json'... Done.
Total training Data: 1578
DAOs trained so far:1013
Size of training set: 91
Size of test set: 474
Preparing data for training...
Preparing data for testing...
Parameters:
	Num epochs: 60
	Initial learning rate: 0.001
	Patience: 12
	Window size: 60
	Timeseries splits: 3
	Minimum number of timeseries datapoints: 64
Gradient boosting params: 
	{"max_depth": 3, "learning_rate": 0.05, "n_estimators": 100, "objective": "binary:logistic", "eval_metric": "logloss"}
	Creating sequence for 'kalao'... Training group 0, split 1
	Early stopping at epoch 13
	Y Train Labels:(array([0., 1.], dtype=float32), array([222,  37]))
	Y Val Labels:(array([0.], dtype=float32), array([258]))
Training group 0, split 2
	Y Train Labels:(array([0., 1.], dtype=float32), array([480,  37]))
	Y Val Labels:(array([0.], dtype=float32), array([258]))
Training group 0, split 3
	Y Train Labels:(array([0., 1.], dtype=float32), array([738,  37]))
	Y Val Labels:(array([0.], dtype=float32), array([258]))
Done.
	Creating sequence for 'pillar'... Training group 1, split 1
	Y Train Labels:(array([1.], dtype=float32), array([592]))
	Y Val Labels:(array([1.], dtype=float32), array([591]))
Training group 1, split 2
	Y Train Labels:(array([1.], dtype=float32), array([1183]))
	Y Val Labels:(array([1.], dtype=float32), array([591]))
Training group 1, split 3
	Y Train Labels:(array([1.], dtype=float32), array([1774]))
	Y Val Labels:(array([1.], dtype=float32), array([591]))
Done.
	Creating sequence for 'impt'... Training group 2, split 1
	Y Train Labels:(array([1.], dtype=float32), array([149]))
	Y Val Labels:(array([1.], dtype=float32), array([147]))
Training group 2, split 2
	Y Train Labels:(array([1.], dtype=float32), array([296]))
	Y Val Labels:(array([1.], dtype=float32), array([147]))
Training group 2, split 3
	Early stopping at epoch 41
	Y Train Labels:(array([1.], dtype=float32), array([443]))
	Y Val Labels:(array([1.], dtype=float32), array([147]))
Done.
	Creating sequence for 'blazestake-staked-sol'... Training group 3, split 1
	Early stopping at epoch 13
	Y Train Labels:(array([1.], dtype=float32), array([53]))
	Y Val Labels:(array([1.], dtype=float32), array([53]))
Training group 3, split 2
	Early stopping at epoch 18
	Y Train Labels:(array([1.], dtype=float32), array([106]))
	Y Val Labels:(array([1.], dtype=float32), array([53]))
Training group 3, split 3
	Early stopping at epoch 13
	Y Train Labels:(array([1.], dtype=float32), array([159]))
	Y Val Labels:(array([1.], dtype=float32), array([53]))
Done.
	Creating sequence for 'lockchain'... Training group 4, split 1
	Early stopping at epoch 13
	Y Train Labels:(array([1.], dtype=float32), array([227]))
	Y Val Labels:(array([1.], dtype=float32), array([226]))
Training group 4, split 2
	Y Train Labels:(array([1.], dtype=float32), array([453]))
	Y Val Labels:(array([1.], dtype=float32), array([226]))
Training group 4, split 3
