


--------------------------------------------------
Starting lstm.py at '2024-10-25 17:34:23.704903'.
Reading './balancedDataset.json'... Done.
Total training Data: 1030
DAOs trained so far:512
Size of training set: 209
Size of test set: 309
Preparing data for training...
Preparing data for testing...
Parameters:
	Num epochs: 60
	Initial learning rate: 0.001
	Patience: 12
	Window size: 60
	Timeseries splits: 3
	Minimum number of timeseries datapoints: 64
Gradient boosting params: 
	{"max_depth": 3, "learning_rate": 0.05, "n_estimators": 100, "objective": "binary:logistic", "eval_metric": "logloss"}
	Creating sequence for 'formation-fi'... Training group 0, split 1
	Early stopping at epoch 13
	Y Train Labels:(array([0., 1.], dtype=float32), array([ 51, 177]))
	Y Val Labels:(array([0.], dtype=float32), array([226]))
Training group 0, split 2
	Early stopping at epoch 13
	Y Train Labels:(array([0., 1.], dtype=float32), array([277, 177]))
	Y Val Labels:(array([0.], dtype=float32), array([226]))
Training group 0, split 3
	Early stopping at epoch 13
	Y Train Labels:(array([0., 1.], dtype=float32), array([503, 177]))
	Y Val Labels:(array([0.], dtype=float32), array([226]))
Done.
	Creating sequence for 'iotex'... Training group 1, split 1
	Early stopping at epoch 13
	Y Train Labels:(array([1.], dtype=float32), array([544]))
	Y Val Labels:(array([1.], dtype=float32), array([544]))
Training group 1, split 2
	Early stopping at epoch 13
	Y Train Labels:(array([1.], dtype=float32), array([1088]))
	Y Val Labels:(array([1.], dtype=float32), array([544]))
Training group 1, split 3
	Early stopping at epoch 13
	Y Train Labels:(array([1.], dtype=float32), array([1632]))
	Y Val Labels:(array([1.], dtype=float32), array([544]))
Done.
	Creating sequence for 'cotrader'... Training group 2, split 1
	Early stopping at epoch 13
	Y Train Labels:(array([1.], dtype=float32), array([318]))
	Y Val Labels:(array([1.], dtype=float32), array([316]))
Training group 2, split 2
	Early stopping at epoch 13
	Y Train Labels:(array([1.], dtype=float32), array([634]))
	Y Val Labels:(array([1.], dtype=float32), array([316]))
Training group 2, split 3
	Early stopping at epoch 13
	Y Train Labels:(array([1.], dtype=float32), array([950]))
	Y Val Labels:(array([1.], dtype=float32), array([316]))
Done.
	Creating sequence for 'joystream'... Training group 3, split 1
	Early stopping at epoch 13
	Y Train Labels:(array([1.], dtype=float32), array([100]))
	Y Val Labels:(array([1.], dtype=float32), array([100]))
Training group 3, split 2
	Early stopping at epoch 13
	Y Train Labels:(array([1.], dtype=float32), array([200]))
	Y Val Labels:(array([1.], dtype=float32), array([100]))
Training group 3, split 3
	Early stopping at epoch 13
	Y Train Labels:(array([1.], dtype=float32), array([300]))
	Y Val Labels:(array([1.], dtype=float32), array([100]))
Done.
	Creating sequence for 'nkn'... Training group 4, split 1
	Early stopping at epoch 13
	Y Train Labels:(array([1.], dtype=float32), array([558]))
	Y Val Labels:(array([1.], dtype=float32), array([558]))
Training group 4, split 2
