


--------------------------------------------------
Starting lstm.py at '2024-10-26 23:03:39.091109'.
Reading '../classifiedDAOs.json'... Done.
Total training Data: 1578
DAOs trained so far:379
Size of training set: 725
Size of test set: 474
Preparing data for training...
Preparing data for testing...
Parameters:
	Num epochs: 60
	Initial learning rate: 0.001
	Patience: 12
	Window size: 60
	Timeseries splits: 3
	Minimum number of timeseries datapoints: 64
Gradient boosting params: 
	{"max_depth": 3, "learning_rate": 0.05, "n_estimators": 100, "objective": "binary:logistic", "eval_metric": "logloss"}
	Creating sequence for 'plastiks'... Training group 0, split 1
	Early stopping at epoch 13
	Y Train Labels:(array([1.], dtype=float32), array([242]))
	Y Val Labels:(array([1.], dtype=float32), array([241]))
Training group 0, split 2
	Early stopping at epoch 13
	Y Train Labels:(array([1.], dtype=float32), array([483]))
	Y Val Labels:(array([0., 1.], dtype=float32), array([138, 103]))
Training group 0, split 3
	Early stopping at epoch 13
	Y Train Labels:(array([0., 1.], dtype=float32), array([138, 586]))
	Y Val Labels:(array([0.], dtype=float32), array([241]))
Done.
	Creating sequence for 'electric-vehicle-zone'... Training group 1, split 1
	Early stopping at epoch 13
	Y Train Labels:(array([1.], dtype=float32), array([79]))
	Y Val Labels:(array([1.], dtype=float32), array([79]))
Training group 1, split 2
	Early stopping at epoch 13
	Y Train Labels:(array([1.], dtype=float32), array([158]))
	Y Val Labels:(array([0., 1.], dtype=float32), array([16, 63]))
Training group 1, split 3
	Early stopping at epoch 13
	Y Train Labels:(array([0., 1.], dtype=float32), array([ 16, 221]))
	Y Val Labels:(array([0.], dtype=float32), array([79]))
Done.
	Creating sequence for 'glitch'... Training group 2, split 1
	Early stopping at epoch 13
	Y Train Labels:(array([1.], dtype=float32), array([313]))
	Y Val Labels:(array([1.], dtype=float32), array([310]))
Training group 2, split 2
	Early stopping at epoch 13
	Y Train Labels:(array([1.], dtype=float32), array([623]))
	Y Val Labels:(array([0., 1.], dtype=float32), array([ 33, 277]))
Training group 2, split 3
	Early stopping at epoch 13
	Y Train Labels:(array([0., 1.], dtype=float32), array([ 33, 900]))
	Y Val Labels:(array([0.], dtype=float32), array([310]))
Done.
	Creating sequence for 'frax-share'... Training group 3, split 1
	Early stopping at epoch 13
	Y Train Labels:(array([1.], dtype=float32), array([315]))
	Y Val Labels:(array([1.], dtype=float32), array([315]))
Training group 3, split 2
	Early stopping at epoch 13
	Y Train Labels:(array([1.], dtype=float32), array([630]))
	Y Val Labels:(array([1.], dtype=float32), array([315]))
Training group 3, split 3
	Early stopping at epoch 13
	Y Train Labels:(array([1.], dtype=float32), array([945]))
	Y Val Labels:(array([1.], dtype=float32), array([315]))
Done.
	Creating sequence for 'quiztok'... Training group 4, split 1
	Early stopping at epoch 13
	Y Train Labels:(array([0., 1.], dtype=float32), array([ 45, 344]))
	Y Val Labels:(array([0.], dtype=float32), array([387]))
Training group 4, split 2
	Early stopping at epoch 13
	Y Train Labels:(array([0., 1.], dtype=float32), array([432, 344]))
	Y Val Labels:(array([0.], dtype=float32), array([387]))
Training group 4, split 3
