


--------------------------------------------------
Starting lstm.py at '2024-10-11 23:47:17.564798'.
Reading './isDaoActiveData(4).json'... Done.
Total training Data: 379
Preparing data for training...
<torch.utils.data.dataloader.DataLoader object at 0x125c46ae0>
Preparing data for testing...
Trained so far:105
Parameters:
	Num epochs: 60
	Initial learning rate: 0.001
	Patience: 12
	Window size: 60
	Timeseries splits: 3
	Minimum number of timeseries datapoints: 64
Gradient boosting params: 
	{"max_depth": 3, "learning_rate": 0.05, "n_estimators": 100, "objective": "binary:logistic", "eval_metric": "logloss"}
	Creating sequence for 'aeon'... [[[ 0.06355199  0.         -1.        ]
  [ 0.06005161  0.          0.        ]
  [ 0.05946354  0.          0.        ]
  ...
  [ 0.06647506  0.         -3.        ]
  [ 0.06647506  0.         -3.        ]
  [ 0.06647506  0.         -2.        ]]

 [[ 0.06585759  0.         -2.        ]
  [ 0.06355199  0.         -1.        ]
  [ 0.06005161  0.          0.        ]
  ...
  [ 0.06647506  0.         -3.        ]
  [ 0.06647506  0.         -3.        ]
  [ 0.06647506  0.         -3.        ]]

 [[ 0.0710145   0.         -1.        ]
  [ 0.06585759  0.         -2.        ]
  [ 0.06355199  0.         -1.        ]
  ...
  [ 0.06647506  0.          1.        ]
  [ 0.06647506  0.         -3.        ]
  [ 0.06647506  0.         -3.        ]]

 ...

 [[ 1.89822     0.          3.        ]
  [ 2.02678     1.         17.        ]
  [ 1.97039     0.         30.        ]
  ...
  [ 1.32932     0.          5.        ]
  [ 1.28198     2.         -2.        ]
  [ 1.31346     0.          0.        ]]

 [[ 1.75968     0.          7.        ]
  [ 1.89822     0.          3.        ]
  [ 2.02678     1.         17.        ]
  ...
  [ 1.25046     0.         -6.        ]
  [ 1.32932     0.          5.        ]
  [ 1.28198     2.         -2.        ]]

 [[ 2.18733     0.          6.        ]
  [ 1.75968     0.          7.        ]
  [ 1.89822     0.          3.        ]
  ...
  [ 1.22963     0.          1.        ]
  [ 1.25046     0.         -6.        ]
  [ 1.32932     0.          5.        ]]][0 0 0 ... 1 1 1]
Done.
Training group 0, split 1
	Early stopping at epoch 13
	Y Train Labels:(array([0.], dtype=float32), array([480]))
	Y Val Labels:(array([0., 1.], dtype=float32), array([403,  75]))
Training group 0, split 2
	Early stopping at epoch 13
	Y Train Labels:(array([0., 1.], dtype=float32), array([883,  75]))
	Y Val Labels:(array([1.], dtype=float32), array([478]))
Training group 0, split 3
	Early stopping at epoch 13
	Y Train Labels:(array([0., 1.], dtype=float32), array([883, 553]))
	Y Val Labels:(array([1.], dtype=float32), array([478]))
	Creating sequence for 'conceal'... [[[  0.05258356   1.         -12.        ]
  [  0.04915145   0.           3.        ]
  [  0.04678742   0.         -11.        ]
  ...
  [  0.04838136   0.           5.        ]
  [  0.04838136   0.           4.        ]
  [  0.04838136   4.         -13.        ]]

 [[  0.05482639   5.          -2.        ]
  [  0.05258356   1.         -12.        ]
  [  0.04915145   0.           3.        ]
  ...
  [  0.04838136   0.          -2.        ]
  [  0.04838136   0.           5.        ]
  [  0.04838136   0.           4.        ]]

 [[  0.05280109  21.          -4.        ]
  [  0.05482639   5.          -2.        ]
  [  0.05258356   1.         -12.        ]
  ...
  [  0.04838136   0.           0.        ]
  [  0.04838136   0.          -2.        ]
  [  0.04838136   0.           5.        ]]

 ...

 [[  0.21868668  35.           4.        ]
  [  0.22085346  31.           5.        ]
  [  0.22602653  28.           1.        ]
  ...
  [  0.30761923   4.           0.        ]
  [  0.31196742   0.           1.        ]
  [  0.30563227  20.          -1.        ]]

 [[  0.21155078   1.           0.        ]
  [  0.21868668  35.           4.        ]
  [  0.22085346  31.           5.        ]
  ...
  [  0.26379792   7.           2.        ]
  [  0.30761923   4.           0.        ]
  [  0.31196742   0.           1.        ]]

 [[  0.21452427   7.          14.        ]
  [  0.21155078   1.           0.        ]
  [  0.21868668  35.           4.        ]
  ...
  [  0.33004474   5.           0.        ]
  [  0.26379792   7.           2.        ]
  [  0.30761923   4.           0.        ]]][1 1 1 1 1 1 1 1 1 1 1 1 1 1 1 1 1 1 1 1 1 1 1 1 1 1 1 1 1 1 1 1 1 1 1 1 1
 1 1 1 1 1 1 1 1 1 1 1 1 1 1 1 1 1 1 1 1 1 1 1 1 1 1 1 1 1 1 1 1 1 1 1 1 1
 1 1 1 1 1 1 1 1 1 1 1 1 1 1 1 1 1 1 1 1 1 1 1 1 1 1 1 1 1 1 1 1 1 1 1 1 1
 1 1 1 1 1 1 1 1 1 1 1 1 1 1 1 1 1 1 1 1 1 1 1 1 1 1 1 1 1 1 1 1 1 1 1 1 1
 1 1 1 1 1 1 1 1 1 1 1 1 1 1 1 1 1 1 1 1 1 1 1 1 1 1 1 1 1 1 1 1 1 1 1 1 1
 1 1 1 1 1 1 1 1 1 1 1 1 1 1 1 1 1 1 1 1 1 1 1 1 1 1 1 1 1 1 1 1 1 1 1 1 1
 1 1 1 1 1 1 1 1 1 1 1 1 1 1 1 1 1 1 1 1 1 1 1 1 1 1 1 1 1 1 1 1 1 1 1 1 1
 1 1 1 1 1 1 1 1 1 1 1 1 1 1 1 1 1 1 1 1 1 1 1 1 1 1 1 1 1 1 1 1 1 1 1 1 1
 1 1 1 1 1 1 1 1 1 1 1 1 1 1 1 1 1 1 1 1 1 1 1 1 1 1 1 1 1 1 1 1 1 1 1 1 1
 1 1 1 1 1 1 1 1 1 1 1 1 1 1 1 1 1 1 1 1 1 1 1 1 1 1 1 1 1 1 1 1 1 1 1 1 1
 1 1 1 1 1 1 1 1 1 1 1 1 1 1 1 1 1 1 1 1 1 1 1 1 1 1 1 1 1 1 1 1 1 1 1 1 1
 1 1 1 1 1 1 1 1 1 1 1 1 1 1 1 1 1 1 1 1 1 1 1 1 1 1 1 1 1 1 1 1 1 1 1 1 1
 1 1 1 1]
Done.
Training group 1, split 1
	Early stopping at epoch 13
	Y Train Labels:(array([1.], dtype=float32), array([112]))
	Y Val Labels:(array([1.], dtype=float32), array([112]))
Training group 1, split 2
	Early stopping at epoch 13
	Y Train Labels:(array([1.], dtype=float32), array([224]))
	Y Val Labels:(array([1.], dtype=float32), array([112]))
Training group 1, split 3
	Early stopping at epoch 13
	Y Train Labels:(array([1.], dtype=float32), array([336]))
	Y Val Labels:(array([1.], dtype=float32), array([112]))
	Creating sequence for 'cudos'... [[[ 9.91544025e-03  0.00000000e+00  1.40000000e+01]
  [ 9.77555981e-03  0.00000000e+00 -1.79000000e+02]
  [ 9.61073430e-03  0.00000000e+00  8.70000000e+01]
  ...
  [ 1.17017765e-02  0.00000000e+00  4.00000000e+00]
  [ 1.18480855e-02  0.00000000e+00  2.20000000e+01]
  [ 1.21300801e-02  0.00000000e+00  1.13000000e+02]]

 [[ 1.00637278e-02  0.00000000e+00 -1.37000000e+02]
  [ 9.91544025e-03  0.00000000e+00  1.40000000e+01]
  [ 9.77555981e-03  0.00000000e+00 -1.79000000e+02]
  ...
  [ 1.06280096e-02  0.00000000e+00  6.60000000e+01]
  [ 1.17017765e-02  0.00000000e+00  4.00000000e+00]
  [ 1.18480855e-02  0.00000000e+00  2.20000000e+01]]

 [[ 1.02181163e-02  0.00000000e+00 -1.05000000e+02]
  [ 1.00637278e-02  0.00000000e+00 -1.37000000e+02]
  [ 9.91544025e-03  0.00000000e+00  1.40000000e+01]
  ...
  [ 9.70761910e-03  0.00000000e+00  8.70000000e+01]
  [ 1.06280096e-02  0.00000000e+00  6.60000000e+01]
  [ 1.17017765e-02  0.00000000e+00  4.00000000e+00]]

 ...

 [[ 3.40147936e-02  0.00000000e+00  2.50000000e+01]
  [ 5.11066377e-02  0.00000000e+00  1.70000000e+01]
  [ 4.61356618e-02  0.00000000e+00 -1.30000000e+01]
  ...
  [ 6.90214772e-02  0.00000000e+00  2.20000000e+01]
  [ 7.11286129e-02  0.00000000e+00 -9.00000000e+00]
  [ 6.66263474e-02  0.00000000e+00  2.40000000e+01]]

 [[ 3.77039190e-02  0.00000000e+00  5.10000000e+01]
  [ 3.40147936e-02  0.00000000e+00  2.50000000e+01]
  [ 5.11066377e-02  0.00000000e+00  1.70000000e+01]
  ...
  [ 6.90591946e-02  0.00000000e+00  3.20000000e+01]
  [ 6.90214772e-02  0.00000000e+00  2.20000000e+01]
  [ 7.11286129e-02  0.00000000e+00 -9.00000000e+00]]

 [[ 4.36820807e-02  0.00000000e+00  6.90000000e+01]
  [ 3.77039190e-02  0.00000000e+00  5.10000000e+01]
  [ 3.40147936e-02  0.00000000e+00  2.50000000e+01]
  ...
  [ 6.12368277e-02  0.00000000e+00  4.30000000e+01]
  [ 6.90591946e-02  0.00000000e+00  3.20000000e+01]
  [ 6.90214772e-02  0.00000000e+00  2.20000000e+01]]][1 1 1 ... 1 1 1]
Done.
Training group 2, split 1
	Early stopping at epoch 13
	Y Train Labels:(array([1.], dtype=float32), array([309]))
	Y Val Labels:(array([1.], dtype=float32), array([308]))
Training group 2, split 2
	Early stopping at epoch 13
	Y Train Labels:(array([1.], dtype=float32), array([617]))
	Y Val Labels:(array([1.], dtype=float32), array([308]))
Training group 2, split 3
	Early stopping at epoch 13
	Y Train Labels:(array([1.], dtype=float32), array([925]))
	Y Val Labels:(array([1.], dtype=float32), array([308]))
	Creating sequence for 'burger-swap'... [[[ 6.00292274e-01  0.00000000e+00  0.00000000e+00]
  [ 5.42661898e-01  0.00000000e+00  1.00000000e+00]
  [ 5.43415526e-01  0.00000000e+00  0.00000000e+00]
  ...
  [ 7.13677728e-01  0.00000000e+00  4.24000000e+02]
  [ 7.60195246e-01  0.00000000e+00  3.48000000e+02]
  [ 7.87857252e-01  0.00000000e+00 -5.90000000e+01]]

 [[ 6.17517918e-01  0.00000000e+00 -1.00000000e+00]
  [ 6.00292274e-01  0.00000000e+00  0.00000000e+00]
  [ 5.42661898e-01  0.00000000e+00  1.00000000e+00]
  ...
  [ 6.90194586e-01  0.00000000e+00  1.10000000e+01]
  [ 7.13677728e-01  0.00000000e+00  4.24000000e+02]
  [ 7.60195246e-01  0.00000000e+00  3.48000000e+02]]

 [[ 5.82621333e-01  0.00000000e+00  0.00000000e+00]
  [ 6.17517918e-01  0.00000000e+00 -1.00000000e+00]
  [ 6.00292274e-01  0.00000000e+00  0.00000000e+00]
  ...
  [ 6.71519305e-01  0.00000000e+00 -2.76000000e+02]
  [ 6.90194586e-01  0.00000000e+00  1.10000000e+01]
  [ 7.13677728e-01  0.00000000e+00  4.24000000e+02]]

 ...

 [[ 4.96369254e-01  0.00000000e+00  6.70000000e+01]
  [ 4.95268383e-01  0.00000000e+00  8.90000000e+01]
  [ 5.11730370e-01  0.00000000e+00  1.34000000e+02]
  ...
  [ 5.50951383e-01  0.00000000e+00  1.23000000e+02]
  [ 5.82005702e-01  0.00000000e+00 -2.40000000e+01]
  [ 5.55301820e-01  0.00000000e+00 -4.80000000e+01]]

 [[ 4.19785583e-01  0.00000000e+00  9.00000000e+01]
  [ 4.96369254e-01  0.00000000e+00  6.70000000e+01]
  [ 4.95268383e-01  0.00000000e+00  8.90000000e+01]
  ...
  [ 5.53605968e-01  0.00000000e+00 -2.20000000e+01]
  [ 5.50951383e-01  0.00000000e+00  1.23000000e+02]
  [ 5.82005702e-01  0.00000000e+00 -2.40000000e+01]]

 [[ 4.88978010e-01  0.00000000e+00  8.20000000e+01]
  [ 4.19785583e-01  0.00000000e+00  9.00000000e+01]
  [ 4.96369254e-01  0.00000000e+00  6.70000000e+01]
  ...
  [ 5.66058663e-01  0.00000000e+00 -7.50000000e+01]
  [ 5.53605968e-01  0.00000000e+00 -2.20000000e+01]
  [ 5.50951383e-01  0.00000000e+00  1.23000000e+02]]][0 0 0 ... 1 1 1]
Done.
Training group 3, split 1
	Early stopping at epoch 13
	Y Train Labels:(array([0.], dtype=float32), array([275]))
	Y Val Labels:(array([0., 1.], dtype=float32), array([ 79, 196]))
Training group 3, split 2
	Early stopping at epoch 13
	Y Train Labels:(array([0., 1.], dtype=float32), array([354, 196]))
	Y Val Labels:(array([1.], dtype=float32), array([275]))
Training group 3, split 3
	Early stopping at epoch 13
	Y Train Labels:(array([0., 1.], dtype=float32), array([354, 471]))
	Y Val Labels:(array([1.], dtype=float32), array([275]))
	Creating sequence for 'chainbing'... [[[ 1.39903031e-01  0.00000000e+00  1.20000000e+01]
  [ 1.27268211e-01  0.00000000e+00 -6.50000000e+01]
  [ 1.25534722e-01  0.00000000e+00  2.00000000e+00]
  ...
  [ 1.21761385e-01  0.00000000e+00  4.00000000e+00]
  [ 1.22684749e-01  0.00000000e+00 -3.00000000e+01]
  [ 1.22791323e-01  0.00000000e+00  2.30000000e+01]]

 [[ 1.08969529e-01  0.00000000e+00  1.04000000e+02]
  [ 1.39903031e-01  0.00000000e+00  1.20000000e+01]
  [ 1.27268211e-01  0.00000000e+00 -6.50000000e+01]
  ...
  [ 1.23897578e-01  0.00000000e+00 -1.60000000e+01]
  [ 1.21761385e-01  0.00000000e+00  4.00000000e+00]
  [ 1.22684749e-01  0.00000000e+00 -3.00000000e+01]]

 [[ 1.09270258e-01  0.00000000e+00 -5.20000000e+01]
  [ 1.08969529e-01  0.00000000e+00  1.04000000e+02]
  [ 1.39903031e-01  0.00000000e+00  1.20000000e+01]
  ...
  [ 1.21248512e-01  0.00000000e+00  2.90000000e+01]
  [ 1.23897578e-01  0.00000000e+00 -1.60000000e+01]
  [ 1.21761385e-01  0.00000000e+00  4.00000000e+00]]

 ...

 [[ 2.80725558e+00  0.00000000e+00  1.21000000e+02]
  [ 2.80279456e+00  0.00000000e+00 -2.11000000e+02]
  [ 2.80297594e+00  0.00000000e+00 -5.42000000e+02]
  ...
  [ 3.63869516e+01  0.00000000e+00  4.17000000e+02]
  [ 3.69342411e+01  0.00000000e+00  2.55000000e+02]
  [ 4.03805528e+01  0.00000000e+00  2.35000000e+02]]

 [[ 2.80507637e+00  0.00000000e+00  3.22000000e+02]
  [ 2.80725558e+00  0.00000000e+00  1.21000000e+02]
  [ 2.80279456e+00  0.00000000e+00 -2.11000000e+02]
  ...
  [ 1.29283338e+01  0.00000000e+00  1.87200000e+03]
  [ 3.63869516e+01  0.00000000e+00  4.17000000e+02]
  [ 3.69342411e+01  0.00000000e+00  2.55000000e+02]]

 [[ 2.80265958e+00  0.00000000e+00  7.90900000e+03]
  [ 2.80507637e+00  0.00000000e+00  3.22000000e+02]
  [ 2.80725558e+00  0.00000000e+00  1.21000000e+02]
  ...
  [ 1.78751358e+01  0.00000000e+00  5.71100000e+03]
  [ 1.29283338e+01  0.00000000e+00  1.87200000e+03]
  [ 3.63869516e+01  0.00000000e+00  4.17000000e+02]]][0 0 0 0 0 0 0 0 0 0 0 0 0 0 0 0 0 0 0 0 0 0 0 0 0 0 0 0 0 0 0 0 0 0 0 0 0
 0 0 0 0 0 0 0 0 0 0 0 0 0 0 0 0 0 0 0 0 0 0 0 0 0 0 0 0 0 0 0 0 0 0 0 0 0
 0 0 0 0 0 0 0 0 0 0 0 0 0 0 0 0 0 0 0 0 0 0 0 0 0 0 0 0 0 0 0 0 0 0 0 0 0
 0 0 0 0 0 0 0 0 0 0 0 0 0 0 0 0 0 0 0 0 0 0 0 0 0 0 0 0 0 0 0 0 0 0 0 0 0
 0 0 0 0 0 0 0 0 0 0 0 0 0 0 0 0 0 0 0 0 0 0 0 0 0 0 0 0 0 0 0 0 0 0 0 0 0
 0 0 0 0 0 0 0 0 0 0 0 0 0 0 0 0 0 0 0 0 0 0 0 0 0 0 0 0 0 0 0 0 0 0 0 0 0
 0 0 0 0 0 0 0 0 0 0 0 0 0 0 0 0 0 0 0 0 0 0 0 0 0 0 0 0 0 0 0 0 0 0 0 0 0
 0 0 0 0 0 0 0 0 0 0 0 0 0 0 0 0 0 0 0 0 0 0 0 0 0 0 0 0 0 0 0 0 0 0 0 0 0
 0 0 0 0 0 0 0 0 0 0 0 0 0 0 0 0 0 0 0 0 0 0 0 0 0 0 0 0 0 0 0 0 0 0 0 0 0
 0 0 0 0 0 0 0 0 0 0 0 0 0 0 0 0 0 0 0 0 0 0 0 0 0 0 0 0 0 0 0 0 0 0 0 0 0
 0 0 0 0 0 0 0 0 0 0 0 0 0 0 0 0 0 0 0 0 0 0 0 0 0 0 0 0 0 0 0 0 0 0 0 0 0
 0 0 0 0 0 0 0 0 0 0 0 0 0 0 0 0 1 1 1 1 1 1 1 1 1 1 1 1 1 1 1 1 1 1 1 1 1
 1 1 1 1 1 1 1 1 1 1 1 1 1 1 1 1 1 1 1 1 1 1 1 1 1 1 1 1 1 1 1 1 1 1 1 1 1
 1 1 1 1 1 1 1 1 1 1 1 1 1 1 1 1 1 1 1 1 1 1 1 1 1 1 1 1 1 1 1 1 1 1 1 1 1
 1 1 1 1 1 1 1 1 1 1 1 1 1 1 1 1 1 1 1 1 1 1 1 1 1 1 1 1 1 1 1 1 1 1 1 1 1
 1 1 1 1 1 1 1 1 1 1 1 1 1 1 1 1 1 1 1 1 1 1 1 1 1 1 1 1 1 1 1 1 1 1 1 1 1
 1 1 1 1 1 1 1 1 1 1 1 1 1 1 1 1 1 1 1 1 1 1 1 1 1 1 1 1 1 1 1 1 1 1 1 1 1
 1 1 1 1 1 1 1 1 1 1 1 1 1 1 1 1 1 1 1 1 1 1 1 1 1 1 1 1 1 1 1 1 1 1 1 1 1
 1 1 1 1 1 1 1 1 1 1 1 1 1 1 1 1 1 1 1 1 1 1 1 1 1 1 1 1 1 1 1 1 1 1 1 1 1
 1 1 1 1 1 1 1 1 1 1 1 1 1 1 1 1 1 1 1 1 1 1 1 1 1 1 1 1 1 1 1 1 1 1 1 1 1
 1 1 1 1 1 1 1 1 1 1 1 1 1 1 1 1 1 1 1 1 1 1 1 1 1 1 1 1 1 1 1 1 1 1 1 1 1
 1 1 1 1 1 1 1 1 1 1 1 1 1 1 1 1 1 1 1 1 1 1 1 1 1 1 1 1 1 1 1 1 1 1 1 1 1
 1 1 1 1 1 1 1 1 1 1 1 1 1 1 1 1 1 1 1 1 1 1 1 1 1 1 1 1 1 1 1 1 1 1 1 1 1
 1 1 1 1 1 1 1 1 1 1 1 1 1 1 1 1 1 1 1 1 1 1 1 1 1 1 1 1 1 1 1 1 1 1 1 1 1
 1 1 1 1 1 1 1 1 1 1 1 1 1 1 1 1 1 1 1 1 1 1 1 1 1 1 1 1 1 1 1 1 1]
Done.
Training group 4, split 1
	Early stopping at epoch 13
	Y Train Labels:(array([0.], dtype=float32), array([231]))
	Y Val Labels:(array([0., 1.], dtype=float32), array([192,  38]))
Training group 4, split 2
	Early stopping at epoch 13
	Y Train Labels:(array([0., 1.], dtype=float32), array([423,  38]))
	Y Val Labels:(array([1.], dtype=float32), array([230]))
Training group 4, split 3
	Early stopping at epoch 13
	Y Train Labels:(array([0., 1.], dtype=float32), array([423, 268]))
	Y Val Labels:(array([1.], dtype=float32), array([230]))
	Creating sequence for 'adamant-messenger'... [[[ 2.95959086e-02  1.00000000e+00  2.96000000e+02]
  [ 2.96040719e-02  6.00000000e+00 -4.67000000e+02]
  [ 2.96312073e-02  6.00000000e+00  3.40000000e+02]
  ...
  [ 2.94114684e-02  1.80000000e+01 -5.14000000e+02]
  [ 2.93128959e-02  1.10000000e+01  6.80000000e+01]
  [ 2.92889586e-02  9.00000000e+00  8.62000000e+02]]

 [[ 2.95718948e-02  5.00000000e+00 -1.96600000e+03]
  [ 2.95959086e-02  1.00000000e+00  2.96000000e+02]
  [ 2.96040719e-02  6.00000000e+00 -4.67000000e+02]
  ...
  [ 2.95395912e-02  2.60000000e+01 -8.30000000e+01]
  [ 2.94114684e-02  1.80000000e+01 -5.14000000e+02]
  [ 2.93128959e-02  1.10000000e+01  6.80000000e+01]]

 [[ 2.95321192e-02  0.00000000e+00 -1.95200000e+03]
  [ 2.95718948e-02  5.00000000e+00 -1.96600000e+03]
  [ 2.95959086e-02  1.00000000e+00  2.96000000e+02]
  ...
  [ 2.93994488e-02  3.20000000e+01 -8.02000000e+02]
  [ 2.95395912e-02  2.60000000e+01 -8.30000000e+01]
  [ 2.94114684e-02  1.80000000e+01 -5.14000000e+02]]

 ...

 [[ 5.17343632e-02  1.10000000e+01  1.00000000e+00]
  [ 4.57333860e-02  7.00000000e+00  2.00000000e+00]
  [ 4.68204368e-02  1.60000000e+01  1.70000000e+01]
  ...
  [ 2.72341291e-02  1.70000000e+01  2.00000000e+00]
  [ 3.53107321e-02  1.80000000e+01 -2.00000000e+00]
  [ 4.20836479e-02  2.00000000e+00  0.00000000e+00]]

 [[ 4.71793891e-02  3.10000000e+01  1.00000000e+00]
  [ 5.17343632e-02  1.10000000e+01  1.00000000e+00]
  [ 4.57333860e-02  7.00000000e+00  2.00000000e+00]
  ...
  [ 2.79030536e-02  5.00000000e+00  3.00000000e+00]
  [ 2.72341291e-02  1.70000000e+01  2.00000000e+00]
  [ 3.53107321e-02  1.80000000e+01 -2.00000000e+00]]

 [[ 4.93112821e-02  2.10000000e+01  1.00000000e+00]
  [ 4.71793891e-02  3.10000000e+01  1.00000000e+00]
  [ 5.17343632e-02  1.10000000e+01  1.00000000e+00]
  ...
  [ 2.24428614e-02  7.00000000e+00 -3.00000000e+00]
  [ 2.79030536e-02  5.00000000e+00  3.00000000e+00]
  [ 2.72341291e-02  1.70000000e+01  2.00000000e+00]]][1 1 1 ... 1 1 1]
Done.
Training group 5, split 1
	Early stopping at epoch 13
	Y Train Labels:(array([1.], dtype=float32), array([485]))
	Y Val Labels:(array([1.], dtype=float32), array([485]))
Training group 5, split 2
	Early stopping at epoch 13
	Y Train Labels:(array([1.], dtype=float32), array([970]))
	Y Val Labels:(array([1.], dtype=float32), array([485]))
Training group 5, split 3
	Early stopping at epoch 13
	Y Train Labels:(array([1.], dtype=float32), array([1455]))
	Y Val Labels:(array([1.], dtype=float32), array([485]))
	Creating sequence for 'aeron'... [[[ 2.269396e-06  0.000000e+00  1.300000e+01]
  [ 2.796022e-06  0.000000e+00 -4.000000e+00]
  [ 2.550852e-06  0.000000e+00 -7.700000e+01]
  ...
  [ 3.717796e-06  0.000000e+00  9.000000e+00]
  [ 1.895060e-06  0.000000e+00 -8.000000e+00]
  [ 2.360521e-06  0.000000e+00  2.900000e+01]]

 [[ 2.266919e-06  0.000000e+00 -2.400000e+01]
  [ 2.269396e-06  0.000000e+00  1.300000e+01]
  [ 2.796022e-06  0.000000e+00 -4.000000e+00]
  ...
  [ 3.493922e-06  0.000000e+00 -2.300000e+01]
  [ 3.717796e-06  0.000000e+00  9.000000e+00]
  [ 1.895060e-06  0.000000e+00 -8.000000e+00]]

 [[ 3.335874e-06  0.000000e+00  5.000000e+00]
  [ 2.266919e-06  0.000000e+00 -2.400000e+01]
  [ 2.269396e-06  0.000000e+00  1.300000e+01]
  ...
  [ 2.606802e-06  0.000000e+00  1.500000e+01]
  [ 3.493922e-06  0.000000e+00 -2.300000e+01]
  [ 3.717796e-06  0.000000e+00  9.000000e+00]]

 ...

 [[ 1.485320e+00  0.000000e+00 -2.700000e+01]
  [ 1.577650e+00  0.000000e+00 -6.400000e+01]
  [ 1.777880e+00  0.000000e+00 -4.000000e+00]
  ...
  [ 7.830700e-01  0.000000e+00 -1.800000e+01]
  [ 6.425370e-01  0.000000e+00  4.000000e+00]
  [ 6.432580e-01  0.000000e+00 -1.600000e+01]]

 [[ 1.409180e+00  0.000000e+00  3.100000e+02]
  [ 1.485320e+00  0.000000e+00 -2.700000e+01]
  [ 1.577650e+00  0.000000e+00 -6.400000e+01]
  ...
  [ 7.941610e-01  0.000000e+00 -3.400000e+01]
  [ 7.830700e-01  0.000000e+00 -1.800000e+01]
  [ 6.425370e-01  0.000000e+00  4.000000e+00]]

 [[ 1.200150e+00  0.000000e+00  8.890000e+02]
  [ 1.409180e+00  0.000000e+00  3.100000e+02]
  [ 1.485320e+00  0.000000e+00 -2.700000e+01]
  ...
  [ 8.074690e-01  0.000000e+00 -4.200000e+01]
  [ 7.941610e-01  0.000000e+00 -3.400000e+01]
  [ 7.830700e-01  0.000000e+00 -1.800000e+01]]][0 0 0 ... 1 1 1]
Done.
Training group 6, split 1
	Early stopping at epoch 13
	Y Train Labels:(array([0.], dtype=float32), array([568]))
	Y Val Labels:(array([0.], dtype=float32), array([566]))
Training group 6, split 2
	Early stopping at epoch 13
	Y Train Labels:(array([0.], dtype=float32), array([1134]))
	Y Val Labels:(array([0., 1.], dtype=float32), array([365, 201]))
Training group 6, split 3
	Early stopping at epoch 13
	Y Train Labels:(array([0., 1.], dtype=float32), array([1499,  201]))
	Y Val Labels:(array([1.], dtype=float32), array([566]))
	Creating sequence for 'bonfida'... [[[ 2.64005436e-01  0.00000000e+00  2.40000000e+01]
  [ 2.71630946e-01  0.00000000e+00 -1.00000000e+00]
  [ 2.85043435e-01  0.00000000e+00  1.70000000e+01]
  ...
  [ 3.27072259e-01  0.00000000e+00  2.30000000e+01]
  [ 2.86595674e-01  0.00000000e+00  1.40000000e+01]
  [ 2.93579456e-01  0.00000000e+00  3.00000000e+00]]

 [[ 2.51523878e-01  0.00000000e+00  1.10000000e+01]
  [ 2.64005436e-01  0.00000000e+00  2.40000000e+01]
  [ 2.71630946e-01  0.00000000e+00 -1.00000000e+00]
  ...
  [ 3.37361805e-01  0.00000000e+00  1.60000000e+01]
  [ 3.27072259e-01  0.00000000e+00  2.30000000e+01]
  [ 2.86595674e-01  0.00000000e+00  1.40000000e+01]]

 [[ 2.65392571e-01  0.00000000e+00 -1.00000000e+00]
  [ 2.51523878e-01  0.00000000e+00  1.10000000e+01]
  [ 2.64005436e-01  0.00000000e+00  2.40000000e+01]
  ...
  [ 3.42325714e-01  0.00000000e+00  6.70000000e+01]
  [ 3.37361805e-01  0.00000000e+00  1.60000000e+01]
  [ 3.27072259e-01  0.00000000e+00  2.30000000e+01]]

 ...

 [[ 3.73290907e-01  0.00000000e+00  2.10000000e+01]
  [ 3.90712168e-01  0.00000000e+00  2.50000000e+01]
  [ 4.55916018e-01  0.00000000e+00  1.10000000e+01]
  ...
  [ 1.94651437e+00  1.00000000e+00  3.08000000e+02]
  [ 1.76611002e+00  4.00000000e+00  2.88000000e+02]
  [ 1.74950208e+00  0.00000000e+00 -1.30000000e+02]]

 [[ 3.65418605e-01  0.00000000e+00  2.70000000e+01]
  [ 3.73290907e-01  0.00000000e+00  2.10000000e+01]
  [ 3.90712168e-01  0.00000000e+00  2.50000000e+01]
  ...
  [ 1.96980135e+00  7.00000000e+00  1.67000000e+02]
  [ 1.94651437e+00  1.00000000e+00  3.08000000e+02]
  [ 1.76611002e+00  4.00000000e+00  2.88000000e+02]]

 [[ 3.70010868e-01  0.00000000e+00  3.10000000e+01]
  [ 3.65418605e-01  0.00000000e+00  2.70000000e+01]
  [ 3.73290907e-01  0.00000000e+00  2.10000000e+01]
  ...
  [ 1.94350717e+00  1.00000000e+00  1.73000000e+02]
  [ 1.96980135e+00  7.00000000e+00  1.67000000e+02]
  [ 1.94651437e+00  1.00000000e+00  3.08000000e+02]]][1 1 1 ... 1 1 1]
Done.
Training group 7, split 1
	Early stopping at epoch 13
	Y Train Labels:(array([1.], dtype=float32), array([292]))
	Y Val Labels:(array([1.], dtype=float32), array([290]))
Training group 7, split 2
	Early stopping at epoch 13
	Y Train Labels:(array([1.], dtype=float32), array([582]))
	Y Val Labels:(array([1.], dtype=float32), array([290]))
Training group 7, split 3
	Early stopping at epoch 13
	Y Train Labels:(array([1.], dtype=float32), array([872]))
	Y Val Labels:(array([1.], dtype=float32), array([290]))
	Creating sequence for 'biswap'... [[[ 5.99314908e-02  0.00000000e+00  9.07000000e+02]
  [ 5.96487385e-02  0.00000000e+00  1.26300000e+03]
  [ 6.20247300e-02  0.00000000e+00  2.62000000e+02]
  ...
  [ 7.29736731e-02  0.00000000e+00  3.14000000e+02]
  [ 7.30569631e-02  0.00000000e+00  3.06000000e+02]
  [ 7.22201090e-02  0.00000000e+00  1.63000000e+02]]

 [[ 6.21379625e-02  0.00000000e+00 -4.04000000e+02]
  [ 5.99314908e-02  0.00000000e+00  9.07000000e+02]
  [ 5.96487385e-02  0.00000000e+00  1.26300000e+03]
  ...
  [ 7.04619669e-02  0.00000000e+00 -1.30000000e+02]
  [ 7.29736731e-02  0.00000000e+00  3.14000000e+02]
  [ 7.30569631e-02  0.00000000e+00  3.06000000e+02]]

 [[ 6.35952065e-02  0.00000000e+00 -1.46400000e+03]
  [ 6.21379625e-02  0.00000000e+00 -4.04000000e+02]
  [ 5.99314908e-02  0.00000000e+00  9.07000000e+02]
  ...
  [ 6.99504947e-02  0.00000000e+00 -1.00000000e+02]
  [ 7.04619669e-02  0.00000000e+00 -1.30000000e+02]
  [ 7.29736731e-02  0.00000000e+00  3.14000000e+02]]

 ...

 [[ 1.07069852e+00  0.00000000e+00  8.68000000e+02]
  [ 1.17172336e+00  0.00000000e+00  8.31000000e+02]
  [ 1.14136031e+00  0.00000000e+00  3.26000000e+02]
  ...
  [ 6.97262172e-01  0.00000000e+00 -7.09000000e+02]
  [ 6.92306632e-01  0.00000000e+00  6.91000000e+02]
  [ 6.61115495e-01  2.00000000e+00  4.88000000e+02]]

 [[ 1.16126714e+00  0.00000000e+00  2.34000000e+02]
  [ 1.07069852e+00  0.00000000e+00  8.68000000e+02]
  [ 1.17172336e+00  0.00000000e+00  8.31000000e+02]
  ...
  [ 6.93423956e-01  2.00000000e+00  6.23000000e+02]
  [ 6.97262172e-01  0.00000000e+00 -7.09000000e+02]
  [ 6.92306632e-01  0.00000000e+00  6.91000000e+02]]

 [[ 1.14343018e+00  0.00000000e+00  5.31000000e+02]
  [ 1.16126714e+00  0.00000000e+00  2.34000000e+02]
  [ 1.07069852e+00  0.00000000e+00  8.68000000e+02]
  ...
  [ 7.48377594e-01  0.00000000e+00 -1.50000000e+01]
  [ 6.93423956e-01  2.00000000e+00  6.23000000e+02]
  [ 6.97262172e-01  0.00000000e+00 -7.09000000e+02]]][0 0 0 0 0 0 0 0 0 0 0 0 0 0 0 0 0 0 0 0 0 0 0 0 0 0 0 0 0 0 0 0 0 0 0 0 0
 0 0 0 0 0 0 0 0 0 0 0 0 0 0 0 0 0 0 0 0 0 0 0 0 0 0 0 0 0 0 0 0 0 0 0 0 0
 0 0 0 0 0 0 0 0 0 0 0 0 0 0 0 0 0 0 0 0 0 0 0 0 0 0 0 0 0 0 0 0 0 0 0 0 0
 0 0 0 0 0 0 0 0 0 0 0 0 0 0 0 0 0 0 0 0 0 0 0 0 0 0 0 0 0 0 0 0 0 0 0 0 0
 0 0 0 0 0 0 0 0 0 0 0 0 0 0 0 0 0 0 0 0 0 0 0 0 0 0 0 0 0 0 0 0 0 0 0 0 0
 0 0 0 0 0 0 0 0 0 0 0 0 0 0 0 0 0 0 0 0 0 0 0 0 0 0 0 0 0 0 0 0 0 0 0 0 0
 0 0 0 0 0 0 0 0 0 0 0 0 0 0 0 0 0 0 0 0 0 0 0 0 0 0 0 0 0 0 0 0 0 0 0 0 0
 0 0 0 0 0 0 0 0 0 0 0 0 0 0 0 0 0 0 0 0 0 0 0 0 0 0 0 0 0 0 0 0 0 0 0 0 0
 0 0 0 0 0 0 0 0 0 0 0 0 0 0 0 0 0 0 0 0 0 0 0 0 0 0 0 0 0 0 0 0 0 0 0 0 0
 0 0 0 0 0 0 0 0 0 0 0 0 0 0 0 0 0 0 0 0 0 0 0 0 0 0 0 0 0 0 0 0 0 0 0 0 0
 0 0 0 0 0 0 0 0 0 0 0 0 0 0 0 0 0 0 0 0 0 0 0 0 0 0 0 0 0 0 0 0 0 0 0 0 1
 1 1 1 1 1 1 1 1 1 1 1 1 1 1 1 1 1 1 1 1 1 1 1 1 1 1 1 1 1 1 1 1 1 1 1 1 1
 1 1 1 1 1 1 1 1 1 1 1 1 1 1 1 1 1 1 1 1 1 1 1 1 1 1 1 1 1 1 1 1 1 1 1 1 1
 1 1 1 1 1 1 1 1 1 1 1 1 1 1 1 1 1 1 1 1 1 1 1 1 1 1 1 1 1 1 1 1 1 1 1 1 1
 1 1 1 1 1 1 1 1 1 1 1 1 1 1 1 1 1 1 1 1 1 1 1 1 1 1 1 1 1 1 1 1 1 1 1 1 1
 1 1 1 1 1 1 1 1 1 1 1 1 1 1 1 1 1 1 1 1 1 1 1 1 1 1 1 1 1 1 1 1 1 1 1 1 1
 1 1 1 1 1 1 1 1 1 1 1 1 1 1 1 1 1 1 1 1 1 1 1 1 1 1 1 1 1 1 1 1 1 1 1 1 1
 1 1 1 1 1 1 1 1 1 1 1 1 1 1 1 1 1 1 1 1 1 1 1 1 1 1 1 1 1 1 1 1 1 1 1 1 1
 1 1 1 1 1 1 1 1 1 1 1 1 1 1 1 1 1 1 1 1 1 1 1 1 1 1 1 1 1 1 1 1 1 1 1 1 1
 1 1 1 1 1 1 1 1 1 1 1 1 1 1 1 1 1 1 1 1 1 1 1 1 1 1 1 1 1 1 1 1 1 1 1 1 1
 1 1 1 1 1 1 1 1 1 1 1 1 1 1 1 1 1 1 1 1 1 1 1 1 1 1 1 1 1 1 1 1 1 1 1 1 1
 1 1 1 1 1 1 1 1 1 1 1 1 1 1 1 1 1 1 1 1 1 1 1 1 1 1 1 1 1 1 1 1 1 1 1 1 1
 1 1 1 1 1 1 1 1 1 1 1 1 1 1 1 1 1 1 1 1 1 1 1 1 1 1 1 1 1 1 1 1 1 1 1 1 1
 1 1 1 1 1 1 1 1 1 1 1 1 1 1 1 1 1 1 1 1 1 1 1 1 1 1 1 1 1 1 1 1 1 1 1 1 1
 1 1 1 1 1 1 1 1 1 1 1 1 1 1 1 1 1 1 1 1 1 1 1 1 1 1 1 1 1 1 1 1 1 1 1 1 1
 1 1 1 1 1 1 1 1 1 1 1 1 1 1 1 1 1 1 1 1 1 1]
Done.
Training group 8, split 1
	Early stopping at epoch 13
	Y Train Labels:(array([0.], dtype=float32), array([239]))
	Y Val Labels:(array([0., 1.], dtype=float32), array([167,  69]))
Training group 8, split 2
	Early stopping at epoch 13
	Y Train Labels:(array([0., 1.], dtype=float32), array([406,  69]))
	Y Val Labels:(array([1.], dtype=float32), array([236]))
Training group 8, split 3
	Early stopping at epoch 13
	Y Train Labels:(array([0., 1.], dtype=float32), array([406, 305]))
	Y Val Labels:(array([1.], dtype=float32), array([236]))
	Creating sequence for 'circuits-of-value'... [[[ 3.18452011e-03  0.00000000e+00 -8.00000000e+00]
  [ 3.45086138e-03  0.00000000e+00  1.00000000e+00]
  [ 3.13594217e-03  0.00000000e+00 -1.00000000e+00]
  ...
  [ 2.67279816e-03  0.00000000e+00  0.00000000e+00]
  [ 2.61116037e-03  0.00000000e+00  0.00000000e+00]
  [ 3.17206911e-03  0.00000000e+00  2.00000000e+00]]

 [[ 3.52546623e-03  0.00000000e+00  4.00000000e+00]
  [ 3.18452011e-03  0.00000000e+00 -8.00000000e+00]
  [ 3.45086138e-03  0.00000000e+00  1.00000000e+00]
  ...
  [ 2.57620521e-03  0.00000000e+00  0.00000000e+00]
  [ 2.67279816e-03  0.00000000e+00  0.00000000e+00]
  [ 2.61116037e-03  0.00000000e+00  0.00000000e+00]]

 [[ 3.96565505e-03  0.00000000e+00 -2.40000000e+01]
  [ 3.52546623e-03  0.00000000e+00  4.00000000e+00]
  [ 3.18452011e-03  0.00000000e+00 -8.00000000e+00]
  ...
  [ 2.49572825e-03  0.00000000e+00  0.00000000e+00]
  [ 2.57620521e-03  0.00000000e+00  0.00000000e+00]
  [ 2.67279816e-03  0.00000000e+00  0.00000000e+00]]

 ...

 [[ 1.57008217e-01  0.00000000e+00  2.28000000e+02]
  [ 1.45579876e-01  0.00000000e+00  7.30000000e+01]
  [ 1.21399576e-01  4.00000000e+00  9.50000000e+01]
  ...
  [ 6.71845424e-02  0.00000000e+00  1.10000000e+01]
  [ 6.58679472e-02  0.00000000e+00 -2.00000000e+00]
  [ 6.16691044e-02  0.00000000e+00  9.00000000e+00]]

 [[ 1.77718041e-01  0.00000000e+00  3.68000000e+02]
  [ 1.57008217e-01  0.00000000e+00  2.28000000e+02]
  [ 1.45579876e-01  0.00000000e+00  7.30000000e+01]
  ...
  [ 6.80033685e-02  0.00000000e+00  3.00000000e+00]
  [ 6.71845424e-02  0.00000000e+00  1.10000000e+01]
  [ 6.58679472e-02  0.00000000e+00 -2.00000000e+00]]

 [[ 1.25525735e-01  0.00000000e+00  1.49000000e+02]
  [ 1.77718041e-01  0.00000000e+00  3.68000000e+02]
  [ 1.57008217e-01  0.00000000e+00  2.28000000e+02]
  ...
  [ 6.14564158e-02  0.00000000e+00  9.00000000e+00]
  [ 6.80033685e-02  0.00000000e+00  3.00000000e+00]
  [ 6.71845424e-02  0.00000000e+00  1.10000000e+01]]][1 1 1 1 1 1 1 1 1 1 1 1 1 1 1 1 1 1 1 1 1 1 1 1 1 1 1 1 1 1 1 1 1 1 1 1 1
 1 1 1 1 1 1 1 1 1 1 1 1 1 1 1 1 1 1 1 1 1 1 1 1 1 1 1 1 1 1 1 1 1 1 1 1 1
 1 1 1 1 1 1 1 1 1 1 1 1 1 1 1 1 1 1 1 1 1 1 1 1 1 1 1 1 1 1 1 1 1 1 1 1 1
 1 1 1 1 1 1 1 1 1 1 1 1 1 1 1 1 1 1 1 1 1 1 1 1 1 1 1 1 1 1 1 1 1 1 1 1 1
 1 1 1 1 1 1 1 1 1 1 1 1 1 1 1 1 1 1 1 1 1 1 1 1 1 1 1 1 1 1 1 1 1 1 1 1 1
 1 1 1 1 1 1 1 1 1 1 1 1 1 1 1 1 1 1 1 1 1 1 1 1 1 1 1 1 1 1 1 1 1 1 1 1 1
 1 1 1 1 1 1 1 1 1 1 1 1 1 1 1 1 1 1 1 1 1 1 1 1 1 1 1 1 1 1 1 1 1 1 1 1 1
 1 1 1 1 1 1 1 1 1 1 1 1 1 1 1 1 1 1 1 1 1 1 1 1 1 1 1 1 1 1 1 1 1 1 1 1 1
 1 1 1 1 1 1 1 1 1 1 1 1 1 1 1 1 1 1 1 1 1 1 1 1 1 1 1 1 1 1 1 1 1 1 1 1 1
 1 1 1 1 1 1 1 1 1 1 1 1 1 1 1 1 1 1 1 1 1 1 1 1 1 1 1 1 1 1 1 1 1 1 1 1 1
 1 1 1 1 1 1 1 1 1 1 1 1 1 1 1 1 1 1 1 1 1 1 1 1 1 1 1 1 1 1 1 1 1 1 1 1 1
 1 1 1 1 1 1 1 1 1 1 1 1 1 1 1 1 1 1 1 1 1 1 1 1 1 1 1 1 1 1 1 1 1 1 1 1 1
 1 1 1 1 1 1 1 1 1 1 1 1 1 1 1 1 1 1 1 1 1 1 1 1 1 1 1 1 1 1 1 1 1 1 1 1 1
 1 1 1 1 1 1 1 1 1 1 1 1 1 1 1 1 1 1 1 1 1 1 1 1 1 1 1 1 1 1 1 1 1 1 1 1 1
 1 1 1 1 1 1 1 1 1 1 1 1 1 1 1 1 1 1 1 1 1 1 1 1 1 1 1 1 1 1 1 1 1 1 1 1 1
 1 1 1 1 1 1 1 1 1 1 1 1 1 1 1 1 1 1 1 1 1 1 1 1 1 1 1 1 1 1 1 1 1 1 1 1 1
 1 1 1 1 1 1 1 1 1 1 1 1 1 1 1 1 1 1 1 1 1 1 1 1 1 1 1 1 1 1 1 1 1 1 1 1 1
 1 1 1 1 1 1 1 1 1 1 1 1 1 1 1 1 1 1 1 1 1 1 1 1 1 1 1 1 1 1 1 1 1 1 1 1 1
 1 1 1 1 1 1 1 1 1 1 1 1 1 1 1 1 1 1 1 1 1 1 1 1 1 1 1 1 1 1 1 1 1 1 1 1 1
 1 1 1 1 1 1 1 1 1 1 1 1]
Done.
Training group 9, split 1
	Early stopping at epoch 13
	Y Train Labels:(array([1.], dtype=float32), array([181]))
	Y Val Labels:(array([1.], dtype=float32), array([178]))
Training group 9, split 2
	Early stopping at epoch 13
	Y Train Labels:(array([1.], dtype=float32), array([359]))
	Y Val Labels:(array([1.], dtype=float32), array([178]))
Training group 9, split 3
	Early stopping at epoch 13
	Y Train Labels:(array([1.], dtype=float32), array([537]))
	Y Val Labels:(array([1.], dtype=float32), array([178]))
	Creating sequence for 'alchemix'... [[[ 1.65178491e+01  0.00000000e+00 -8.00000000e+00]
  [ 1.64259158e+01  0.00000000e+00 -1.09000000e+02]
  [ 1.64655378e+01  0.00000000e+00  9.80000000e+01]
  ...
  [ 1.47539632e+01  0.00000000e+00  5.40000000e+01]
  [ 1.50539429e+01  2.40000000e+01 -2.10000000e+01]
  [ 1.51975516e+01  8.00000000e+00  4.90000000e+01]]

 [[ 1.60129401e+01  0.00000000e+00  3.60000000e+01]
  [ 1.65178491e+01  0.00000000e+00 -8.00000000e+00]
  [ 1.64259158e+01  0.00000000e+00 -1.09000000e+02]
  ...
  [ 1.50605280e+01  0.00000000e+00  4.00000000e+00]
  [ 1.47539632e+01  0.00000000e+00  5.40000000e+01]
  [ 1.50539429e+01  2.40000000e+01 -2.10000000e+01]]

 [[ 1.59227677e+01  0.00000000e+00  9.00000000e+01]
  [ 1.60129401e+01  0.00000000e+00  3.60000000e+01]
  [ 1.65178491e+01  0.00000000e+00 -8.00000000e+00]
  ...
  [ 1.47803972e+01  1.00000000e+00 -3.70000000e+01]
  [ 1.50605280e+01  0.00000000e+00  4.00000000e+00]
  [ 1.47539632e+01  0.00000000e+00  5.40000000e+01]]

 ...

 [[ 1.70499934e+03  0.00000000e+00  1.96000000e+02]
  [ 1.95768990e+03  1.00000000e+00 -9.20000000e+01]
  [ 1.82449558e+03  0.00000000e+00  2.59000000e+02]
  ...
  [ 1.53542857e+03  0.00000000e+00  3.31000000e+02]
  [ 1.35980994e+03  0.00000000e+00  2.45000000e+02]
  [ 1.49308881e+03  0.00000000e+00  9.20000000e+01]]

 [[ 1.59442599e+03  0.00000000e+00  5.30000000e+02]
  [ 1.70499934e+03  0.00000000e+00  1.96000000e+02]
  [ 1.95768990e+03  1.00000000e+00 -9.20000000e+01]
  ...
  [ 1.56789997e+03  0.00000000e+00  2.25000000e+02]
  [ 1.53542857e+03  0.00000000e+00  3.31000000e+02]
  [ 1.35980994e+03  0.00000000e+00  2.45000000e+02]]

 [[ 1.71929377e+03  0.00000000e+00  6.72000000e+02]
  [ 1.59442599e+03  0.00000000e+00  5.30000000e+02]
  [ 1.70499934e+03  0.00000000e+00  1.96000000e+02]
  ...
  [ 1.64347112e+03  0.00000000e+00  2.51000000e+02]
  [ 1.56789997e+03  0.00000000e+00  2.25000000e+02]
  [ 1.53542857e+03  0.00000000e+00  3.31000000e+02]]][1 1 1 ... 1 1 1]
Done.
Training group 10, split 1
	Early stopping at epoch 13
	Y Train Labels:(array([1.], dtype=float32), array([300]))
	Y Val Labels:(array([1.], dtype=float32), array([300]))
Training group 10, split 2
	Early stopping at epoch 13
	Y Train Labels:(array([1.], dtype=float32), array([600]))
	Y Val Labels:(array([1.], dtype=float32), array([300]))
Training group 10, split 3
	Early stopping at epoch 13
	Y Train Labels:(array([1.], dtype=float32), array([900]))
	Y Val Labels:(array([1.], dtype=float32), array([300]))
	Creating sequence for 'cvault-finance'... [[[ 6.03077641e+03  0.00000000e+00  0.00000000e+00]
  [ 6.05156613e+03  0.00000000e+00 -1.60000000e+01]
  [ 6.04153497e+03  0.00000000e+00  7.00000000e+00]
  ...
  [ 4.60404431e+03  0.00000000e+00  7.00000000e+00]
  [ 4.60404431e+03  0.00000000e+00 -7.00000000e+00]
  [ 4.95863642e+03  0.00000000e+00 -2.00000000e+00]]

 [[ 5.82148488e+03  0.00000000e+00  8.00000000e+00]
  [ 6.03077641e+03  0.00000000e+00  0.00000000e+00]
  [ 6.05156613e+03  0.00000000e+00 -1.60000000e+01]
  ...
  [ 4.60404431e+03  0.00000000e+00 -4.00000000e+00]
  [ 4.60404431e+03  0.00000000e+00  7.00000000e+00]
  [ 4.60404431e+03  0.00000000e+00 -7.00000000e+00]]

 [[ 6.06171003e+03  0.00000000e+00 -8.00000000e+00]
  [ 5.82148488e+03  0.00000000e+00  8.00000000e+00]
  [ 6.03077641e+03  0.00000000e+00  0.00000000e+00]
  ...
  [ 4.60404431e+03  0.00000000e+00 -9.00000000e+00]
  [ 4.60404431e+03  0.00000000e+00 -4.00000000e+00]
  [ 4.60404431e+03  0.00000000e+00  7.00000000e+00]]

 ...

 [[ 6.75844990e+03  0.00000000e+00  3.95000000e+02]
  [ 6.63015819e+03  0.00000000e+00  3.28000000e+02]
  [ 5.10050457e+03  0.00000000e+00  1.14000000e+02]
  ...
  [ 4.07730336e+03  0.00000000e+00  9.00000000e+00]
  [ 4.59895329e+03  0.00000000e+00  3.00000000e+00]
  [ 4.67327054e+03  1.00000000e+00  1.00000000e+01]]

 [[ 8.38512451e+03  1.00000000e+00  3.56000000e+02]
  [ 6.75844990e+03  0.00000000e+00  3.95000000e+02]
  [ 6.63015819e+03  0.00000000e+00  3.28000000e+02]
  ...
  [ 3.81163155e+03  1.00000000e+00  7.00000000e+00]
  [ 4.07730336e+03  0.00000000e+00  9.00000000e+00]
  [ 4.59895329e+03  0.00000000e+00  3.00000000e+00]]

 [[ 7.12535109e+03  1.00000000e+00  5.48000000e+02]
  [ 8.38512451e+03  1.00000000e+00  3.56000000e+02]
  [ 6.75844990e+03  0.00000000e+00  3.95000000e+02]
  ...
  [ 3.54915316e+03  0.00000000e+00  1.30000000e+01]
  [ 3.81163155e+03  1.00000000e+00  7.00000000e+00]
  [ 4.07730336e+03  0.00000000e+00  9.00000000e+00]]][1 1 1 ... 1 1 1]
Done.
Training group 11, split 1
	Early stopping at epoch 13
	Y Train Labels:(array([1.], dtype=float32), array([334]))
	Y Val Labels:(array([1.], dtype=float32), array([332]))
Training group 11, split 2
	Early stopping at epoch 13
	Y Train Labels:(array([1.], dtype=float32), array([666]))
	Y Val Labels:(array([1.], dtype=float32), array([332]))
Training group 11, split 3
	Early stopping at epoch 13
	Y Train Labels:(array([1.], dtype=float32), array([998]))
	Y Val Labels:(array([1.], dtype=float32), array([332]))
	Creating sequence for 'achain'... [[[ 4.00840839e-04  1.00000000e+00  4.00000000e+00]
  [ 3.16049722e-04  0.00000000e+00 -1.50000000e+01]
  [ 3.97169227e-04  0.00000000e+00 -5.80000000e+01]
  ...
  [ 9.58230149e-04  0.00000000e+00  2.10000000e+01]
  [ 9.58298089e-04  0.00000000e+00 -3.00000000e+00]
  [ 9.57528317e-04  0.00000000e+00 -4.00000000e+00]]

 [[ 4.97995892e-04  0.00000000e+00  3.60000000e+01]
  [ 4.00840839e-04  1.00000000e+00  4.00000000e+00]
  [ 3.16049722e-04  0.00000000e+00 -1.50000000e+01]
  ...
  [ 9.58230149e-04  0.00000000e+00 -2.70000000e+01]
  [ 9.58230149e-04  0.00000000e+00  2.10000000e+01]
  [ 9.58298089e-04  0.00000000e+00 -3.00000000e+00]]

 [[ 1.19464251e-03  0.00000000e+00 -5.00000000e+00]
  [ 4.97995892e-04  0.00000000e+00  3.60000000e+01]
  [ 4.00840839e-04  1.00000000e+00  4.00000000e+00]
  ...
  [ 9.56766748e-04  1.00000000e+00  2.00000000e+00]
  [ 9.58230149e-04  0.00000000e+00 -2.70000000e+01]
  [ 9.58230149e-04  0.00000000e+00  2.10000000e+01]]

 ...

 [[ 3.96561000e-01  8.00000000e+00  1.12000000e+02]
  [ 3.63202000e-01  3.00000000e+00  4.60000000e+01]
  [ 2.55555000e-01  1.10000000e+01  7.16200000e+03]
  ...
  [ 2.14352000e-01  3.00000000e+00  6.10000000e+01]
  [ 2.13138000e-01  0.00000000e+00  0.00000000e+00]
  [ 2.29507000e-01  0.00000000e+00 -3.00000000e+00]]

 [[ 3.88253000e-01  1.00000000e+00  1.59700000e+03]
  [ 3.96561000e-01  8.00000000e+00  1.12000000e+02]
  [ 3.63202000e-01  3.00000000e+00  4.60000000e+01]
  ...
  [ 2.00638000e-01  0.00000000e+00  3.00000000e+01]
  [ 2.14352000e-01  3.00000000e+00  6.10000000e+01]
  [ 2.13138000e-01  0.00000000e+00  0.00000000e+00]]

 [[ 3.55418000e-01  2.00000000e+00  5.36900000e+03]
  [ 3.88253000e-01  1.00000000e+00  1.59700000e+03]
  [ 3.96561000e-01  8.00000000e+00  1.12000000e+02]
  ...
  [ 2.30211000e-01  0.00000000e+00  4.00000000e+00]
  [ 2.00638000e-01  0.00000000e+00  3.00000000e+01]
  [ 2.14352000e-01  3.00000000e+00  6.10000000e+01]]][0 0 0 ... 1 1 1]
Done.
Training group 12, split 1
	Early stopping at epoch 13
	Y Train Labels:(array([0.], dtype=float32), array([563]))
	Y Val Labels:(array([0.], dtype=float32), array([563]))
Training group 12, split 2
	Early stopping at epoch 13
	Y Train Labels:(array([0.], dtype=float32), array([1126]))
	Y Val Labels:(array([0., 1.], dtype=float32), array([369, 194]))
Training group 12, split 3
	Early stopping at epoch 13
	Y Train Labels:(array([0., 1.], dtype=float32), array([1495,  194]))
	Y Val Labels:(array([1.], dtype=float32), array([563]))
	Creating sequence for 'bluzelle'... [[[ 1.71085014e-01  0.00000000e+00  1.07000000e+02]
  [ 1.72062659e-01  0.00000000e+00  4.40000000e+01]
  [ 1.77376869e-01  0.00000000e+00 -1.51000000e+02]
  ...
  [ 1.48024889e-01  0.00000000e+00  2.00000000e+01]
  [ 1.46156717e-01  0.00000000e+00 -4.00000000e+00]
  [ 1.57523181e-01  0.00000000e+00  5.10000000e+01]]

 [[ 1.71442638e-01  0.00000000e+00 -7.30000000e+01]
  [ 1.71085014e-01  0.00000000e+00  1.07000000e+02]
  [ 1.72062659e-01  0.00000000e+00  4.40000000e+01]
  ...
  [ 1.47739284e-01  1.00000000e+00 -2.10000000e+01]
  [ 1.48024889e-01  0.00000000e+00  2.00000000e+01]
  [ 1.46156717e-01  0.00000000e+00 -4.00000000e+00]]

 [[ 1.75582246e-01  0.00000000e+00 -1.64000000e+02]
  [ 1.71442638e-01  0.00000000e+00 -7.30000000e+01]
  [ 1.71085014e-01  0.00000000e+00  1.07000000e+02]
  ...
  [ 1.40540367e-01  0.00000000e+00  3.00000000e+00]
  [ 1.47739284e-01  1.00000000e+00 -2.10000000e+01]
  [ 1.48024889e-01  0.00000000e+00  2.00000000e+01]]

 ...

 [[ 7.02272000e-01  3.00000000e+00  3.80000000e+02]
  [ 6.10147000e-01  1.00000000e+00 -2.05000000e+02]
  [ 6.39372000e-01  0.00000000e+00  2.30000000e+02]
  ...
  [ 2.93303000e-01  0.00000000e+00  1.80000000e+01]
  [ 2.95719000e-01  4.00000000e+00  2.80000000e+01]
  [ 2.97903000e-01  8.00000000e+00  4.20000000e+01]]

 [[ 7.84651000e-01  6.00000000e+00  4.31000000e+02]
  [ 7.02272000e-01  3.00000000e+00  3.80000000e+02]
  [ 6.10147000e-01  1.00000000e+00 -2.05000000e+02]
  ...
  [ 2.58938000e-01  0.00000000e+00 -2.40000000e+01]
  [ 2.93303000e-01  0.00000000e+00  1.80000000e+01]
  [ 2.95719000e-01  4.00000000e+00  2.80000000e+01]]

 [[ 6.55314000e-01  8.00000000e+00  8.17000000e+02]
  [ 7.84651000e-01  6.00000000e+00  4.31000000e+02]
  [ 7.02272000e-01  3.00000000e+00  3.80000000e+02]
  ...
  [ 2.66078000e-01  0.00000000e+00  2.70000000e+01]
  [ 2.58938000e-01  0.00000000e+00 -2.40000000e+01]
  [ 2.93303000e-01  0.00000000e+00  1.80000000e+01]]][1 1 1 ... 1 1 1]
Done.
Training group 13, split 1
	Early stopping at epoch 13
	Y Train Labels:(array([1.], dtype=float32), array([574]))
	Y Val Labels:(array([1.], dtype=float32), array([573]))
Training group 13, split 2
	Early stopping at epoch 13
	Y Train Labels:(array([1.], dtype=float32), array([1147]))
	Y Val Labels:(array([1.], dtype=float32), array([573]))
Training group 13, split 3
	Early stopping at epoch 13
	Y Train Labels:(array([1.], dtype=float32), array([1720]))
	Y Val Labels:(array([1.], dtype=float32), array([573]))
	Creating sequence for 'armor'... [[[ 2.36075030e-03  0.00000000e+00  0.00000000e+00]
  [ 2.36075030e-03  0.00000000e+00  0.00000000e+00]
  [ 2.36075030e-03  0.00000000e+00  1.00000000e+00]
  ...
  [ 2.22203291e-03  0.00000000e+00  1.60000000e+01]
  [ 2.22203291e-03  0.00000000e+00 -7.00000000e+00]
  [ 2.22203291e-03  0.00000000e+00 -4.00000000e+00]]

 [[ 2.36169451e-03  0.00000000e+00  0.00000000e+00]
  [ 2.36075030e-03  0.00000000e+00  0.00000000e+00]
  [ 2.36075030e-03  0.00000000e+00  0.00000000e+00]
  ...
  [ 2.22203291e-03  0.00000000e+00 -2.00000000e+00]
  [ 2.22203291e-03  0.00000000e+00  1.60000000e+01]
  [ 2.22203291e-03  0.00000000e+00 -7.00000000e+00]]

 [[ 2.36075030e-03  0.00000000e+00  0.00000000e+00]
  [ 2.36169451e-03  0.00000000e+00  0.00000000e+00]
  [ 2.36075030e-03  0.00000000e+00  0.00000000e+00]
  ...
  [ 2.22203291e-03  0.00000000e+00 -1.00000000e+00]
  [ 2.22203291e-03  0.00000000e+00 -2.00000000e+00]
  [ 2.22203291e-03  0.00000000e+00  1.60000000e+01]]

 ...

 [[ 5.97258968e-01  4.00000000e+00  5.20000000e+01]
  [ 8.35685973e-01  2.00000000e+00  1.47000000e+02]
  [ 7.00983879e-01  6.00000000e+00  2.15000000e+02]
  ...
  [ 5.63195611e-01  0.00000000e+00 -9.60000000e+01]
  [ 5.57810150e-01  0.00000000e+00 -4.70000000e+01]
  [ 5.45806108e-01  0.00000000e+00  1.50000000e+01]]

 [[ 7.95515373e-01  1.00000000e+00  5.60000000e+01]
  [ 5.97258968e-01  4.00000000e+00  5.20000000e+01]
  [ 8.35685973e-01  2.00000000e+00  1.47000000e+02]
  ...
  [ 5.38813190e-01  0.00000000e+00  1.20000000e+01]
  [ 5.63195611e-01  0.00000000e+00 -9.60000000e+01]
  [ 5.57810150e-01  0.00000000e+00 -4.70000000e+01]]

 [[ 7.33174937e-01  7.00000000e+00  7.00000000e+01]
  [ 7.95515373e-01  1.00000000e+00  5.60000000e+01]
  [ 5.97258968e-01  4.00000000e+00  5.20000000e+01]
  ...
  [ 5.68703422e-01  0.00000000e+00  1.20000000e+01]
  [ 5.38813190e-01  0.00000000e+00  1.20000000e+01]
  [ 5.63195611e-01  0.00000000e+00 -9.60000000e+01]]][0 0 0 ... 1 1 1]
Done.
Training group 14, split 1
	Early stopping at epoch 13
	Y Train Labels:(array([0.], dtype=float32), array([293]))
	Y Val Labels:(array([0.], dtype=float32), array([292]))
Training group 14, split 2
	Early stopping at epoch 13
	Y Train Labels:(array([0.], dtype=float32), array([585]))
	Y Val Labels:(array([0., 1.], dtype=float32), array([260,  32]))
Training group 14, split 3
	Early stopping at epoch 13
	Y Train Labels:(array([0., 1.], dtype=float32), array([845,  32]))
	Y Val Labels:(array([1.], dtype=float32), array([292]))
	Creating sequence for 'aergo'... [[[  0.09267643   5.          -6.        ]
  [  0.09773255   0.         -36.        ]
  [  0.10129646   0.         -11.        ]
  ...
  [  0.11091283   0.           5.        ]
  [  0.10901952   0.          35.        ]
  [  0.11329727   1.          15.        ]]

 [[  0.0964104    0.          43.        ]
  [  0.09267643   5.          -6.        ]
  [  0.09773255   0.         -36.        ]
  ...
  [  0.11818296   0.          15.        ]
  [  0.11091283   0.           5.        ]
  [  0.10901952   0.          35.        ]]

 [[  0.09878127   0.          29.        ]
  [  0.0964104    0.          43.        ]
  [  0.09267643   5.          -6.        ]
  ...
  [  0.1054712    0.           4.        ]
  [  0.11818296   0.          15.        ]
  [  0.11091283   0.           5.        ]]

 ...

 [[  0.17153306   6.          69.        ]
  [  0.17786501   0.          36.        ]
  [  0.18165763  25.          14.        ]
  ...
  [  0.14311088   0.           6.        ]
  [  0.15155298  35.          -1.        ]
  [  0.15766284  13.           9.        ]]

 [[  0.15729555  28.           5.        ]
  [  0.17153306   6.          69.        ]
  [  0.17786501   0.          36.        ]
  ...
  [  0.14874692   7.          -2.        ]
  [  0.14311088   0.           6.        ]
  [  0.15155298  35.          -1.        ]]

 [[  0.14304695  22.         -70.        ]
  [  0.15729555  28.           5.        ]
  [  0.17153306   6.          69.        ]
  ...
  [  0.15263444  12.          12.        ]
  [  0.14874692   7.          -2.        ]
  [  0.14311088   0.           6.        ]]][1 1 1 ... 1 1 1]
Done.
Training group 15, split 1
	Early stopping at epoch 13
	Y Train Labels:(array([1.], dtype=float32), array([480]))
	Y Val Labels:(array([1.], dtype=float32), array([477]))
Training group 15, split 2
	Early stopping at epoch 13
	Y Train Labels:(array([1.], dtype=float32), array([957]))
	Y Val Labels:(array([1.], dtype=float32), array([477]))
Training group 15, split 3
	Early stopping at epoch 13
	Y Train Labels:(array([1.], dtype=float32), array([1434]))
	Y Val Labels:(array([1.], dtype=float32), array([477]))
	Creating sequence for 'algorand'... [[[ 1.43119690e-01  1.00000000e+00 -4.60000000e+02]
  [ 1.39151246e-01  3.00000000e+00 -1.39000000e+02]
  [ 1.38928302e-01  6.00000000e+01  5.00000000e+00]
  ...
  [ 1.32181882e-01  1.00000000e+00 -1.72000000e+02]
  [ 1.34137324e-01  3.00000000e+00  2.80000000e+01]
  [ 1.38607292e-01  1.60000000e+01  4.20000000e+01]]

 [[ 1.42755435e-01  4.30000000e+01  1.49000000e+02]
  [ 1.43119690e-01  1.00000000e+00 -4.60000000e+02]
  [ 1.39151246e-01  3.00000000e+00 -1.39000000e+02]
  ...
  [ 1.36258881e-01  2.10000000e+01  3.79000000e+02]
  [ 1.32181882e-01  1.00000000e+00 -1.72000000e+02]
  [ 1.34137324e-01  3.00000000e+00  2.80000000e+01]]

 [[ 1.37192646e-01  2.30000000e+01  1.34000000e+02]
  [ 1.42755435e-01  4.30000000e+01  1.49000000e+02]
  [ 1.43119690e-01  1.00000000e+00 -4.60000000e+02]
  ...
  [ 1.32793330e-01  1.00000000e+00 -1.59000000e+02]
  [ 1.36258881e-01  2.10000000e+01  3.79000000e+02]
  [ 1.32181882e-01  1.00000000e+00 -1.72000000e+02]]

 ...

 [[ 1.38372779e+00  1.50000000e+01  2.04000000e+02]
  [ 1.53728999e+00  2.70000000e+01  1.60000000e+02]
  [ 1.58398224e+00  8.60000000e+01  9.00000000e+01]
  ...
  [ 6.25581842e-01  1.80000000e+01  2.70000000e+01]
  [ 5.67144321e-01  8.00000000e+00  1.60000000e+01]
  [ 5.73075607e-01  2.50000000e+01  2.90000000e+01]]

 [[ 1.89070204e+00  4.00000000e+00  2.74000000e+02]
  [ 1.38372779e+00  1.50000000e+01  2.04000000e+02]
  [ 1.53728999e+00  2.70000000e+01  1.60000000e+02]
  ...
  [ 6.60957837e-01  9.00000000e+00  2.00000000e+01]
  [ 6.25581842e-01  1.80000000e+01  2.70000000e+01]
  [ 5.67144321e-01  8.00000000e+00  1.60000000e+01]]

 [[ 2.15896747e+00  4.00000000e+00  3.07000000e+02]
  [ 1.89070204e+00  4.00000000e+00  2.74000000e+02]
  [ 1.38372779e+00  1.50000000e+01  2.04000000e+02]
  ...
  [ 6.77905032e-01  2.00000000e+00  1.70000000e+01]
  [ 6.60957837e-01  9.00000000e+00  2.00000000e+01]
  [ 6.25581842e-01  1.80000000e+01  2.70000000e+01]]][0 0 0 ... 1 1 1]
Done.
Training group 16, split 1
	Early stopping at epoch 13
	Y Train Labels:(array([0., 1.], dtype=float32), array([352, 101]))
	Y Val Labels:(array([1.], dtype=float32), array([451]))
Training group 16, split 2
	Early stopping at epoch 13
	Y Train Labels:(array([0., 1.], dtype=float32), array([352, 552]))
	Y Val Labels:(array([1.], dtype=float32), array([451]))
Training group 16, split 3
	Early stopping at epoch 13
	Y Train Labels:(array([0., 1.], dtype=float32), array([ 352, 1003]))
	Y Val Labels:(array([1.], dtype=float32), array([451]))
	Creating sequence for 'bidao'... [[[ 1.36499467e-03  0.00000000e+00 -1.60000000e+01]
  [ 1.33946011e-03  0.00000000e+00 -2.20000000e+01]
  [ 1.34323444e-03  0.00000000e+00  1.80000000e+01]
  ...
  [ 1.03983885e-03  0.00000000e+00  3.00000000e+00]
  [ 1.03184405e-03  0.00000000e+00 -1.20000000e+01]
  [ 1.03184405e-03  0.00000000e+00  1.90000000e+01]]

 [[ 1.34430265e-03  0.00000000e+00  1.00000000e+01]
  [ 1.36499467e-03  0.00000000e+00 -1.60000000e+01]
  [ 1.33946011e-03  0.00000000e+00 -2.20000000e+01]
  ...
  [ 1.04737443e-03  0.00000000e+00  8.00000000e+00]
  [ 1.03983885e-03  0.00000000e+00  3.00000000e+00]
  [ 1.03184405e-03  0.00000000e+00 -1.20000000e+01]]

 [[ 1.47642885e-03  0.00000000e+00 -1.50000000e+01]
  [ 1.34430265e-03  0.00000000e+00  1.00000000e+01]
  [ 1.36499467e-03  0.00000000e+00 -1.60000000e+01]
  ...
  [ 8.98155204e-04  0.00000000e+00  1.00000000e+00]
  [ 1.04737443e-03  0.00000000e+00  8.00000000e+00]
  [ 1.03983885e-03  0.00000000e+00  3.00000000e+00]]

 ...

 [[ 2.20256427e-02  0.00000000e+00  1.70000000e+01]
  [ 2.31874696e-02  0.00000000e+00  1.10000000e+01]
  [ 2.41836692e-02  0.00000000e+00  2.10000000e+01]
  ...
  [ 1.03634100e-02  0.00000000e+00 -6.00000000e+00]
  [ 1.01662900e-02  0.00000000e+00 -3.00000000e+00]
  [ 1.02761000e-02  0.00000000e+00  8.00000000e+00]]

 [[ 2.41261257e-02  0.00000000e+00  3.50000000e+01]
  [ 2.20256427e-02  0.00000000e+00  1.70000000e+01]
  [ 2.31874696e-02  0.00000000e+00  1.10000000e+01]
  ...
  [ 1.01156400e-02  0.00000000e+00  1.00000000e+00]
  [ 1.03634100e-02  0.00000000e+00 -6.00000000e+00]
  [ 1.01662900e-02  0.00000000e+00 -3.00000000e+00]]

 [[ 3.12196721e-02  0.00000000e+00  6.00000000e+01]
  [ 2.41261257e-02  0.00000000e+00  3.50000000e+01]
  [ 2.20256427e-02  0.00000000e+00  1.70000000e+01]
  ...
  [ 9.97712000e-03  0.00000000e+00 -9.00000000e+00]
  [ 1.01156400e-02  0.00000000e+00  1.00000000e+00]
  [ 1.03634100e-02  0.00000000e+00 -6.00000000e+00]]][0 0 0 ... 1 1 1]
Done.
Training group 17, split 1
	Early stopping at epoch 13
	Y Train Labels:(array([0.], dtype=float32), array([319]))
	Y Val Labels:(array([0.], dtype=float32), array([319]))
Training group 17, split 2
	Early stopping at epoch 13
	Y Train Labels:(array([0.], dtype=float32), array([638]))
	Y Val Labels:(array([0., 1.], dtype=float32), array([178, 141]))
Training group 17, split 3
	Early stopping at epoch 13
	Y Train Labels:(array([0., 1.], dtype=float32), array([816, 141]))
	Y Val Labels:(array([1.], dtype=float32), array([319]))
	Creating sequence for 'bread'... [[[ 4.76802771e-03  0.00000000e+00 -1.10000000e+01]
  [ 4.92592663e-03  0.00000000e+00 -2.20000000e+01]
  [ 4.91953597e-03  0.00000000e+00 -2.70000000e+01]
  ...
  [ 4.79800795e-03  0.00000000e+00  1.50000000e+01]
  [ 4.78304556e-03  0.00000000e+00  5.00000000e+00]
  [ 4.80746747e-03  0.00000000e+00  5.00000000e+00]]

 [[ 4.84463940e-03  0.00000000e+00  5.20000000e+01]
  [ 4.76802771e-03  0.00000000e+00 -1.10000000e+01]
  [ 4.92592663e-03  0.00000000e+00 -2.20000000e+01]
  ...
  [ 4.74571260e-03  0.00000000e+00 -1.70000000e+01]
  [ 4.79800795e-03  0.00000000e+00  1.50000000e+01]
  [ 4.78304556e-03  0.00000000e+00  5.00000000e+00]]

 [[ 4.95108128e-03  0.00000000e+00 -1.00000000e+01]
  [ 4.84463940e-03  0.00000000e+00  5.20000000e+01]
  [ 4.76802771e-03  0.00000000e+00 -1.10000000e+01]
  ...
  [ 4.68663687e-03  1.00000000e+00  5.00000000e+00]
  [ 4.74571260e-03  0.00000000e+00 -1.70000000e+01]
  [ 4.79800795e-03  0.00000000e+00  1.50000000e+01]]

 ...

 [[ 5.61993000e-01  4.00000000e+00 -1.95000000e+02]
  [ 5.48700000e-01  1.20000000e+01  7.34000000e+02]
  [ 4.46338000e-01  6.00000000e+00 -2.39000000e+02]
  ...
  [ 3.08257000e-01  2.00000000e+00 -1.30000000e+01]
  [ 2.94155000e-01  3.00000000e+00 -4.10000000e+01]
  [ 3.17896000e-01  2.00000000e+00 -7.00000000e+00]]

 [[ 5.65317000e-01  6.00000000e+00 -1.32000000e+02]
  [ 5.61993000e-01  4.00000000e+00 -1.95000000e+02]
  [ 5.48700000e-01  1.20000000e+01  7.34000000e+02]
  ...
  [ 3.01182716e-01  1.00000000e+00 -6.80000000e+01]
  [ 3.08257000e-01  2.00000000e+00 -1.30000000e+01]
  [ 2.94155000e-01  3.00000000e+00 -4.10000000e+01]]

 [[ 4.87187000e-01  7.00000000e+00  2.72490000e+04]
  [ 5.65317000e-01  6.00000000e+00 -1.32000000e+02]
  [ 5.61993000e-01  4.00000000e+00 -1.95000000e+02]
  ...
  [ 2.97232000e-01  0.00000000e+00  2.70000000e+01]
  [ 3.01182716e-01  1.00000000e+00 -6.80000000e+01]
  [ 3.08257000e-01  2.00000000e+00 -1.30000000e+01]]][0 0 0 ... 1 1 1]
Done.
Training group 18, split 1
	Early stopping at epoch 13
	Y Train Labels:(array([0.], dtype=float32), array([540]))
	Y Val Labels:(array([0., 1.], dtype=float32), array([147, 391]))
Training group 18, split 2
	Early stopping at epoch 13
	Y Train Labels:(array([0., 1.], dtype=float32), array([687, 391]))
	Y Val Labels:(array([1.], dtype=float32), array([538]))
Training group 18, split 3
	Early stopping at epoch 13
	Y Train Labels:(array([0., 1.], dtype=float32), array([687, 929]))
	Y Val Labels:(array([1.], dtype=float32), array([538]))
	Creating sequence for 'blind-boxes'... [[[ 8.51279998e-03  0.00000000e+00 -3.60000000e+01]
  [ 8.42446600e-03  0.00000000e+00 -2.80000000e+01]
  [ 8.51168701e-03  0.00000000e+00  1.40000000e+01]
  ...
  [ 2.36340514e-03  0.00000000e+00 -7.00000000e+00]
  [ 2.69336422e-03  0.00000000e+00  1.30000000e+01]
  [ 2.45194650e-03  0.00000000e+00 -1.00000000e+00]]

 [[ 8.73491665e-03  0.00000000e+00 -6.00000000e+00]
  [ 8.51279998e-03  0.00000000e+00 -3.60000000e+01]
  [ 8.42446600e-03  0.00000000e+00 -2.80000000e+01]
  ...
  [ 2.45584425e-03  0.00000000e+00 -2.00000000e+00]
  [ 2.36340514e-03  0.00000000e+00 -7.00000000e+00]
  [ 2.69336422e-03  0.00000000e+00  1.30000000e+01]]

 [[ 8.82343403e-03  0.00000000e+00 -3.40000000e+01]
  [ 8.73491665e-03  0.00000000e+00 -6.00000000e+00]
  [ 8.51279998e-03  0.00000000e+00 -3.60000000e+01]
  ...
  [ 2.35731335e-03  0.00000000e+00  9.00000000e+00]
  [ 2.45584425e-03  0.00000000e+00 -2.00000000e+00]
  [ 2.36340514e-03  0.00000000e+00 -7.00000000e+00]]

 ...

 [[ 4.19091449e+00  1.00000000e+00  1.28000000e+02]
  [ 3.88556635e+00  5.00000000e+00  1.19000000e+02]
  [ 3.74196597e+00  2.00000000e+00  1.33000000e+02]
  ...
  [ 4.25810460e-01  0.00000000e+00 -4.00000000e+00]
  [ 4.32475080e-01  0.00000000e+00  7.00000000e+00]
  [ 4.76380460e-01  0.00000000e+00  1.20000000e+01]]

 [[ 4.66706722e+00  0.00000000e+00  2.28000000e+02]
  [ 4.19091449e+00  1.00000000e+00  1.28000000e+02]
  [ 3.88556635e+00  5.00000000e+00  1.19000000e+02]
  ...
  [ 3.99445200e-01  0.00000000e+00  1.90000000e+01]
  [ 4.25810460e-01  0.00000000e+00 -4.00000000e+00]
  [ 4.32475080e-01  0.00000000e+00  7.00000000e+00]]

 [[ 4.39938568e+00  3.00000000e+00  1.40000000e+02]
  [ 4.66706722e+00  0.00000000e+00  2.28000000e+02]
  [ 4.19091449e+00  1.00000000e+00  1.28000000e+02]
  ...
  [ 3.70911680e-01  0.00000000e+00  1.30000000e+01]
  [ 3.99445200e-01  0.00000000e+00  1.90000000e+01]
  [ 4.25810460e-01  0.00000000e+00 -4.00000000e+00]]][0 0 0 ... 1 1 1]
Done.
Training group 19, split 1
	Early stopping at epoch 13
	Y Train Labels:(array([0.], dtype=float32), array([289]))
	Y Val Labels:(array([0.], dtype=float32), array([287]))
Training group 19, split 2
	Early stopping at epoch 13
	Y Train Labels:(array([0.], dtype=float32), array([576]))
	Y Val Labels:(array([0., 1.], dtype=float32), array([226,  61]))
Training group 19, split 3
	Early stopping at epoch 13
	Y Train Labels:(array([0., 1.], dtype=float32), array([802,  61]))
	Y Val Labels:(array([1.], dtype=float32), array([287]))
	Creating sequence for 'bitcoin-diamond'... [[[ 6.52705677e-02  0.00000000e+00  2.10000000e+01]
  [ 6.18894765e-02  0.00000000e+00  3.70000000e+01]
  [ 6.49454027e-02  0.00000000e+00 -2.40000000e+01]
  ...
  [ 6.42177436e-02  0.00000000e+00  1.40000000e+01]
  [ 6.42131262e-02  0.00000000e+00  3.30000000e+01]
  [ 6.46138058e-02  0.00000000e+00 -1.70000000e+01]]

 [[ 6.04371836e-02  0.00000000e+00 -2.10000000e+01]
  [ 6.52705677e-02  0.00000000e+00  2.10000000e+01]
  [ 6.18894765e-02  0.00000000e+00  3.70000000e+01]
  ...
  [ 6.66758498e-02  0.00000000e+00 -4.20000000e+01]
  [ 6.42177436e-02  0.00000000e+00  1.40000000e+01]
  [ 6.42131262e-02  0.00000000e+00  3.30000000e+01]]

 [[ 6.42736866e-02  0.00000000e+00  7.00000000e+00]
  [ 6.04371836e-02  0.00000000e+00 -2.10000000e+01]
  [ 6.52705677e-02  0.00000000e+00  2.10000000e+01]
  ...
  [ 6.23211546e-02  0.00000000e+00  1.00000000e+01]
  [ 6.66758498e-02  0.00000000e+00 -4.20000000e+01]
  [ 6.42177436e-02  0.00000000e+00  1.40000000e+01]]

 ...

 [[ 2.86432000e+00  0.00000000e+00  1.31500000e+03]
  [ 2.70768000e+00  0.00000000e+00  3.54000000e+02]
  [ 2.54795000e+00  0.00000000e+00  1.38400000e+03]
  ...
  [ 2.88041000e+00  0.00000000e+00 -8.50000000e+01]
  [ 2.82603000e+00  1.00000000e+00 -5.00000000e+01]
  [ 2.80558000e+00  0.00000000e+00 -1.02000000e+02]]

 [[ 3.09078000e+00  0.00000000e+00 -1.18000000e+02]
  [ 2.86432000e+00  0.00000000e+00  1.31500000e+03]
  [ 2.70768000e+00  0.00000000e+00  3.54000000e+02]
  ...
  [ 2.77723000e+00  0.00000000e+00 -1.00000000e+02]
  [ 2.88041000e+00  0.00000000e+00 -8.50000000e+01]
  [ 2.82603000e+00  1.00000000e+00 -5.00000000e+01]]

 [[ 2.55137000e+00  0.00000000e+00  2.92000000e+02]
  [ 3.09078000e+00  0.00000000e+00 -1.18000000e+02]
  [ 2.86432000e+00  0.00000000e+00  1.31500000e+03]
  ...
  [ 3.12989000e+00  0.00000000e+00  1.93500000e+03]
  [ 2.77723000e+00  0.00000000e+00 -1.00000000e+02]
  [ 2.88041000e+00  0.00000000e+00 -8.50000000e+01]]][0 0 0 ... 1 1 1]
Done.
Training group 20, split 1
	Early stopping at epoch 13
	Y Train Labels:(array([0.], dtype=float32), array([566]))
	Y Val Labels:(array([0., 1.], dtype=float32), array([160, 404]))
Training group 20, split 2
	Early stopping at epoch 13
	Y Train Labels:(array([0., 1.], dtype=float32), array([726, 404]))
	Y Val Labels:(array([1.], dtype=float32), array([564]))
Training group 20, split 3
