


--------------------------------------------------
Starting lstm.py at '2024-10-25 16:50:57.562841'.
Reading './balancedDataset.json'... Done.
Total training Data: 1030
DAOs trained so far:217
Size of training set: 504
Size of test set: 309
Preparing data for training...
Preparing data for testing...
Parameters:
	Num epochs: 60
	Initial learning rate: 0.001
	Patience: 12
	Window size: 60
	Timeseries splits: 3
	Minimum number of timeseries datapoints: 64
Gradient boosting params: 
	{"max_depth": 3, "learning_rate": 0.05, "n_estimators": 100, "objective": "binary:logistic", "eval_metric": "logloss"}
	Creating sequence for 'defichain'... Training group 0, split 1
	Early stopping at epoch 13
	Y Train Labels:(array([1.], dtype=float32), array([255]))
	Y Val Labels:(array([1.], dtype=float32), array([254]))
Training group 0, split 2
	Early stopping at epoch 13
	Y Train Labels:(array([1.], dtype=float32), array([509]))
	Y Val Labels:(array([1.], dtype=float32), array([254]))
Training group 0, split 3
	Early stopping at epoch 13
	Y Train Labels:(array([1.], dtype=float32), array([763]))
	Y Val Labels:(array([1.], dtype=float32), array([254]))
Done.
	Creating sequence for 'global-social-chain'... Training group 1, split 1
	Early stopping at epoch 13
	Y Train Labels:(array([1.], dtype=float32), array([553]))
	Y Val Labels:(array([1.], dtype=float32), array([553]))
Training group 1, split 2
	Early stopping at epoch 13
	Y Train Labels:(array([1.], dtype=float32), array([1106]))
	Y Val Labels:(array([0., 1.], dtype=float32), array([191, 362]))
Training group 1, split 3
	Early stopping at epoch 13
	Y Train Labels:(array([0., 1.], dtype=float32), array([ 191, 1468]))
	Y Val Labels:(array([0.], dtype=float32), array([553]))
Done.
	Creating sequence for 'areon-network'... Training group 2, split 1
	Early stopping at epoch 13
	Y Train Labels:(array([1.], dtype=float32), array([141]))
	Y Val Labels:(array([1.], dtype=float32), array([138]))
Training group 2, split 2
	Early stopping at epoch 13
	Y Train Labels:(array([1.], dtype=float32), array([279]))
	Y Val Labels:(array([1.], dtype=float32), array([138]))
Training group 2, split 3
	Early stopping at epoch 13
	Y Train Labels:(array([1.], dtype=float32), array([417]))
	Y Val Labels:(array([0., 1.], dtype=float32), array([110,  28]))
Done.
	Creating sequence for 'moviebloc'... Training group 3, split 1
	Early stopping at epoch 13
	Y Train Labels:(array([1.], dtype=float32), array([457]))
	Y Val Labels:(array([1.], dtype=float32), array([455]))
Training group 3, split 2
	Early stopping at epoch 13
	Y Train Labels:(array([1.], dtype=float32), array([912]))
	Y Val Labels:(array([1.], dtype=float32), array([455]))
Training group 3, split 3
