


--------------------------------------------------
Starting lstm.py at '2024-10-12 01:51:35.737249'.
Reading './isDaoActiveData(4).json'... Done.
Total training Data: 379
Size of training set: 54
Size of test set: 114
Preparing data for training...
Preparing data for testing...
Trained so far:211
Parameters:
	Num epochs: 60
	Initial learning rate: 0.001
	Patience: 12
	Window size: 60
	Timeseries splits: 3
	Minimum number of timeseries datapoints: 64
Gradient boosting params: 
	{"max_depth": 3, "learning_rate": 0.05, "n_estimators": 100, "objective": "binary:logistic", "eval_metric": "logloss"}
	Creating sequence for 'avail'... Skipped.
	Creating sequence for 'amond'... Training group 0, split 1
	Early stopping at epoch 13
	Y Train Labels:(array([1.], dtype=float32), array([438]))
	Y Val Labels:(array([0., 1.], dtype=float32), array([189, 248]))
Training group 0, split 2
	Y Train Labels:(array([0., 1.], dtype=float32), array([189, 686]))
	Y Val Labels:(array([0.], dtype=float32), array([437]))
Training group 0, split 3
	Early stopping at epoch 40
	Y Train Labels:(array([0., 1.], dtype=float32), array([626, 686]))
	Y Val Labels:(array([0.], dtype=float32), array([437]))
Done.
	Creating sequence for 'akash-network'... Training group 1, split 1
	Y Train Labels:(array([1.], dtype=float32), array([315]))
	Y Val Labels:(array([1.], dtype=float32), array([314]))
Training group 1, split 2
	Y Train Labels:(array([1.], dtype=float32), array([629]))
	Y Val Labels:(array([1.], dtype=float32), array([314]))
Training group 1, split 3
	Early stopping at epoch 13
	Y Train Labels:(array([1.], dtype=float32), array([943]))
	Y Val Labels:(array([0., 1.], dtype=float32), array([110, 204]))
Done.
	Creating sequence for 'bitcicoin'... Training group 2, split 1
	Y Train Labels:(array([1.], dtype=float32), array([295]))
	Y Val Labels:(array([1.], dtype=float32), array([294]))
Training group 2, split 2
	Early stopping at epoch 13
	Y Train Labels:(array([1.], dtype=float32), array([589]))
	Y Val Labels:(array([0., 1.], dtype=float32), array([190, 104]))
Training group 2, split 3
	Y Train Labels:(array([0., 1.], dtype=float32), array([190, 693]))
	Y Val Labels:(array([0.], dtype=float32), array([294]))
Done.
	Creating sequence for 'aave-knc'... Skipped.
	Creating sequence for '0x'... Training group 3, split 1
	Early stopping at epoch 13
	Y Train Labels:(array([1.], dtype=float32), array([589]))
	Y Val Labels:(array([1.], dtype=float32), array([586]))
Training group 3, split 2
	Y Train Labels:(array([1.], dtype=float32), array([1175]))
	Y Val Labels:(array([1.], dtype=float32), array([586]))
Training group 3, split 3
	Y Train Labels:(array([1.], dtype=float32), array([1761]))
	Y Val Labels:(array([1.], dtype=float32), array([586]))
Done.
	Creating sequence for 'billy'... Training group 4, split 1
	Y Train Labels:(array([0.], dtype=float32), array([10]))
	Y Val Labels:(array([0.], dtype=float32), array([9]))
Training group 4, split 2
	Y Train Labels:(array([0.], dtype=float32), array([19]))
	Y Val Labels:(array([0.], dtype=float32), array([9]))
Training group 4, split 3
	Y Train Labels:(array([0.], dtype=float32), array([28]))
	Y Val Labels:(array([0.], dtype=float32), array([9]))
Done.
	Creating sequence for 'bbs-network'... Training group 5, split 1
	Y Train Labels:(array([1.], dtype=float32), array([223]))
	Y Val Labels:(array([1.], dtype=float32), array([222]))
Training group 5, split 2
	Early stopping at epoch 13
	Y Train Labels:(array([1.], dtype=float32), array([445]))
	Y Val Labels:(array([0., 1.], dtype=float32), array([173,  49]))
Training group 5, split 3
	Y Train Labels:(array([0., 1.], dtype=float32), array([173, 494]))
	Y Val Labels:(array([0.], dtype=float32), array([222]))
Done.
	Creating sequence for 'atlas-navi'... Training group 6, split 1
	Y Train Labels:(array([1.], dtype=float32), array([151]))
	Y Val Labels:(array([1.], dtype=float32), array([149]))
Training group 6, split 2
	Y Train Labels:(array([1.], dtype=float32), array([300]))
	Y Val Labels:(array([1.], dtype=float32), array([149]))
Training group 6, split 3
	Early stopping at epoch 13
	Y Train Labels:(array([1.], dtype=float32), array([449]))
	Y Val Labels:(array([0., 1.], dtype=float32), array([76, 73]))
Done.
	Creating sequence for 'api3'... Training group 7, split 1
	Y Train Labels:(array([1.], dtype=float32), array([326]))
	Y Val Labels:(array([1.], dtype=float32), array([324]))
Training group 7, split 2
	Y Train Labels:(array([1.], dtype=float32), array([650]))
	Y Val Labels:(array([1.], dtype=float32), array([324]))
Training group 7, split 3
	Y Train Labels:(array([1.], dtype=float32), array([974]))
	Y Val Labels:(array([1.], dtype=float32), array([324]))
Done.
	Creating sequence for 'andy-on-sol'... Training group 8, split 1
	Y Train Labels:(array([0.], dtype=float32), array([35]))
	Y Val Labels:(array([0.], dtype=float32), array([34]))
Training group 8, split 2
	Y Train Labels:(array([0.], dtype=float32), array([69]))
	Y Val Labels:(array([0.], dtype=float32), array([34]))
Training group 8, split 3
	Y Train Labels:(array([0.], dtype=float32), array([103]))
	Y Val Labels:(array([0.], dtype=float32), array([34]))
Done.
	Creating sequence for 'credits'... Training group 9, split 1
	Y Train Labels:(array([1.], dtype=float32), array([567]))
	Y Val Labels:(array([1.], dtype=float32), array([567]))
Training group 9, split 2
	Y Train Labels:(array([1.], dtype=float32), array([1134]))
	Y Val Labels:(array([1.], dtype=float32), array([567]))
Training group 9, split 3
	Y Train Labels:(array([1.], dtype=float32), array([1701]))
	Y Val Labels:(array([1.], dtype=float32), array([567]))
Done.
	Creating sequence for '5ire'... Training group 10, split 1
	Y Train Labels:(array([0.], dtype=float32), array([60]))
	Y Val Labels:(array([0.], dtype=float32), array([58]))
Training group 10, split 2
	Y Train Labels:(array([0.], dtype=float32), array([118]))
	Y Val Labels:(array([0.], dtype=float32), array([58]))
Training group 10, split 3
	Y Train Labels:(array([0.], dtype=float32), array([176]))
	Y Val Labels:(array([0.], dtype=float32), array([58]))
Done.
	Creating sequence for 'aethir'... Training group 11, split 1
	Y Train Labels:(array([0.], dtype=float32), array([12]))
	Y Val Labels:(array([0.], dtype=float32), array([11]))
Training group 11, split 2
	Y Train Labels:(array([0.], dtype=float32), array([23]))
	Y Val Labels:(array([0.], dtype=float32), array([11]))
Training group 11, split 3
	Y Train Labels:(array([0.], dtype=float32), array([34]))
	Y Val Labels:(array([0.], dtype=float32), array([11]))
Done.
	Creating sequence for 'axie-infinity'... Training group 12, split 1
	Y Train Labels:(array([1.], dtype=float32), array([327]))
	Y Val Labels:(array([1.], dtype=float32), array([324]))
Training group 12, split 2
	Early stopping at epoch 13
	Y Train Labels:(array([1.], dtype=float32), array([651]))
	Y Val Labels:(array([0., 1.], dtype=float32), array([210, 114]))
Training group 12, split 3
	Early stopping at epoch 51
	Y Train Labels:(array([0., 1.], dtype=float32), array([210, 765]))
	Y Val Labels:(array([0.], dtype=float32), array([324]))
Done.
	Creating sequence for 'compound-uniswap'... Training group 13, split 1
	Early stopping at epoch 13
	Y Train Labels:(array([0., 1.], dtype=float32), array([ 27, 136]))
	Y Val Labels:(array([0.], dtype=float32), array([160]))
Training group 13, split 2
	Early stopping at epoch 13
	Y Train Labels:(array([0., 1.], dtype=float32), array([187, 136]))
	Y Val Labels:(array([0.], dtype=float32), array([160]))
Training group 13, split 3
	Early stopping at epoch 13
	Y Train Labels:(array([0., 1.], dtype=float32), array([347, 136]))
	Y Val Labels:(array([0.], dtype=float32), array([160]))
Done.
	Creating sequence for 'beta-finance'... Training group 14, split 1
	Early stopping at epoch 13
	Y Train Labels:(array([1.], dtype=float32), array([239]))
	Y Val Labels:(array([0., 1.], dtype=float32), array([227,  11]))
Training group 14, split 2
	Early stopping at epoch 52
	Y Train Labels:(array([0., 1.], dtype=float32), array([227, 250]))
	Y Val Labels:(array([0.], dtype=float32), array([238]))
Training group 14, split 3
	Early stopping at epoch 25
	Y Train Labels:(array([0., 1.], dtype=float32), array([465, 250]))
	Y Val Labels:(array([0.], dtype=float32), array([238]))
Done.
	Creating sequence for 'blockasset'... Training group 15, split 1
	Y Train Labels:(array([1.], dtype=float32), array([222]))
	Y Val Labels:(array([1.], dtype=float32), array([222]))
Training group 15, split 2
	Y Train Labels:(array([1.], dtype=float32), array([444]))
	Y Val Labels:(array([1.], dtype=float32), array([222]))
Training group 15, split 3
	Early stopping at epoch 13
	Y Train Labels:(array([1.], dtype=float32), array([666]))
	Y Val Labels:(array([0., 1.], dtype=float32), array([ 56, 166]))
Done.
	Creating sequence for 'art-de-finance'... Training group 16, split 1
	Early stopping at epoch 13
	Y Train Labels:(array([1.], dtype=float32), array([106]))
	Y Val Labels:(array([0., 1.], dtype=float32), array([59, 47]))
Training group 16, split 2
	Y Train Labels:(array([0., 1.], dtype=float32), array([ 59, 153]))
	Y Val Labels:(array([0.], dtype=float32), array([106]))
Training group 16, split 3
	Early stopping at epoch 36
	Y Train Labels:(array([0., 1.], dtype=float32), array([165, 153]))
	Y Val Labels:(array([0.], dtype=float32), array([106]))
Done.
	Creating sequence for '3space-art'... Training group 17, split 1
	Y Train Labels:(array([1.], dtype=float32), array([57]))
	Y Val Labels:(array([1.], dtype=float32), array([57]))
Training group 17, split 2
	Y Train Labels:(array([1.], dtype=float32), array([114]))
	Y Val Labels:(array([1.], dtype=float32), array([57]))
Training group 17, split 3
	Early stopping at epoch 13
	Y Train Labels:(array([1.], dtype=float32), array([171]))
	Y Val Labels:(array([0., 1.], dtype=float32), array([50,  7]))
Done.
	Creating sequence for 'carry'... Training group 18, split 1
	Y Train Labels:(array([1.], dtype=float32), array([431]))
	Y Val Labels:(array([1.], dtype=float32), array([431]))
Training group 18, split 2
	Y Train Labels:(array([1.], dtype=float32), array([862]))
	Y Val Labels:(array([1.], dtype=float32), array([431]))
Training group 18, split 3
	Early stopping at epoch 13
	Y Train Labels:(array([1.], dtype=float32), array([1293]))
	Y Val Labels:(array([0., 1.], dtype=float32), array([ 32, 399]))
Done.
	Creating sequence for 'amber'... Training group 19, split 1
	Y Train Labels:(array([1.], dtype=float32), array([274]))
	Y Val Labels:(array([1.], dtype=float32), array([273]))
Training group 19, split 2
	Y Train Labels:(array([1.], dtype=float32), array([547]))
	Y Val Labels:(array([1.], dtype=float32), array([273]))
Training group 19, split 3
	Y Train Labels:(array([1.], dtype=float32), array([820]))
	Y Val Labels:(array([1.], dtype=float32), array([273]))
Done.
	Creating sequence for 'alephium'... Training group 20, split 1
	Y Train Labels:(array([1.], dtype=float32), array([233]))
	Y Val Labels:(array([1.], dtype=float32), array([231]))
Training group 20, split 2
	Y Train Labels:(array([1.], dtype=float32), array([464]))
	Y Val Labels:(array([1.], dtype=float32), array([231]))
Training group 20, split 3
	Y Train Labels:(array([1.], dtype=float32), array([695]))
	Y Val Labels:(array([1.], dtype=float32), array([231]))
Done.
	Creating sequence for 'bibox-token'... Training group 21, split 1
	Y Train Labels:(array([1.], dtype=float32), array([565]))
	Y Val Labels:(array([1.], dtype=float32), array([563]))
Training group 21, split 2
	Early stopping at epoch 13
	Y Train Labels:(array([1.], dtype=float32), array([1128]))
	Y Val Labels:(array([0., 1.], dtype=float32), array([ 83, 480]))
Training group 21, split 3
	Y Train Labels:(array([0., 1.], dtype=float32), array([  83, 1608]))
	Y Val Labels:(array([0.], dtype=float32), array([563]))
Done.
	Creating sequence for 'boson-protocol'... Training group 22, split 1
	Early stopping at epoch 13
	Y Train Labels:(array([1.], dtype=float32), array([285]))
	Y Val Labels:(array([1.], dtype=float32), array([285]))
Training group 22, split 2
	Y Train Labels:(array([1.], dtype=float32), array([570]))
	Y Val Labels:(array([1.], dtype=float32), array([285]))
Training group 22, split 3
	Early stopping at epoch 13
	Y Train Labels:(array([1.], dtype=float32), array([855]))
	Y Val Labels:(array([0., 1.], dtype=float32), array([ 87, 198]))
Done.
	Creating sequence for 'arcblock'... Training group 23, split 1
	Y Train Labels:(array([1.], dtype=float32), array([576]))
	Y Val Labels:(array([1.], dtype=float32), array([574]))
Training group 23, split 2
	Y Train Labels:(array([1.], dtype=float32), array([1150]))
	Y Val Labels:(array([1.], dtype=float32), array([574]))
Training group 23, split 3
	Early stopping at epoch 42
	Y Train Labels:(array([1.], dtype=float32), array([1724]))
	Y Val Labels:(array([1.], dtype=float32), array([574]))
Done.
	Creating sequence for 'circuits-of-value'... Training group 24, split 1
	Y Train Labels:(array([1.], dtype=float32), array([181]))
	Y Val Labels:(array([1.], dtype=float32), array([178]))
Training group 24, split 2
	Early stopping at epoch 25
	Y Train Labels:(array([1.], dtype=float32), array([359]))
	Y Val Labels:(array([1.], dtype=float32), array([178]))
Training group 24, split 3
	Y Train Labels:(array([1.], dtype=float32), array([537]))
	Y Val Labels:(array([1.], dtype=float32), array([178]))
Done.
	Creating sequence for 'book-of-meme'... Training group 25, split 1
	Y Train Labels:(array([1.], dtype=float32), array([36]))
	Y Val Labels:(array([1.], dtype=float32), array([33]))
Training group 25, split 2
	Early stopping at epoch 13
	Y Train Labels:(array([1.], dtype=float32), array([69]))
	Y Val Labels:(array([0., 1.], dtype=float32), array([17, 16]))
Training group 25, split 3
	Y Train Labels:(array([0., 1.], dtype=float32), array([17, 85]))
	Y Val Labels:(array([0.], dtype=float32), array([33]))
Done.
	Creating sequence for 'aventus'... Training group 26, split 1
	Y Train Labels:(array([1.], dtype=float32), array([230]))
	Y Val Labels:(array([1.], dtype=float32), array([230]))
Training group 26, split 2
	Y Train Labels:(array([1.], dtype=float32), array([460]))
	Y Val Labels:(array([1.], dtype=float32), array([230]))
Training group 26, split 3
	Y Train Labels:(array([1.], dtype=float32), array([690]))
	Y Val Labels:(array([1.], dtype=float32), array([230]))
Done.
	Creating sequence for 'adappter-token'... Training group 27, split 1
	Early stopping at epoch 13
	Y Train Labels:(array([1.], dtype=float32), array([331]))
	Y Val Labels:(array([0., 1.], dtype=float32), array([212, 117]))
Training group 27, split 2
	Early stopping at epoch 43
	Y Train Labels:(array([0., 1.], dtype=float32), array([212, 448]))
	Y Val Labels:(array([0.], dtype=float32), array([329]))
Training group 27, split 3
	Early stopping at epoch 31
	Y Train Labels:(array([0., 1.], dtype=float32), array([541, 448]))
	Y Val Labels:(array([0.], dtype=float32), array([329]))
Done.
	Creating sequence for '404aliens'... Training group 28, split 1
	Y Train Labels:(array([0.], dtype=float32), array([41]))
	Y Val Labels:(array([0.], dtype=float32), array([39]))
Training group 28, split 2
	Y Train Labels:(array([0.], dtype=float32), array([80]))
	Y Val Labels:(array([0.], dtype=float32), array([39]))
Training group 28, split 3
	Y Train Labels:(array([0.], dtype=float32), array([119]))
	Y Val Labels:(array([0.], dtype=float32), array([39]))
Done.
	Creating sequence for 'cratos'... Training group 29, split 1
	Y Train Labels:(array([1.], dtype=float32), array([260]))
	Y Val Labels:(array([1.], dtype=float32), array([259]))
Training group 29, split 2
	Y Train Labels:(array([1.], dtype=float32), array([519]))
	Y Val Labels:(array([1.], dtype=float32), array([259]))
Training group 29, split 3
	Y Train Labels:(array([1.], dtype=float32), array([778]))
	Y Val Labels:(array([1.], dtype=float32), array([259]))
Done.
	Creating sequence for 'cartesi'... Training group 30, split 1
	Y Train Labels:(array([1.], dtype=float32), array([371]))
	Y Val Labels:(array([1.], dtype=float32), array([371]))
Training group 30, split 2
	Y Train Labels:(array([1.], dtype=float32), array([742]))
	Y Val Labels:(array([1.], dtype=float32), array([371]))
Training group 30, split 3
	Y Train Labels:(array([1.], dtype=float32), array([1113]))
	Y Val Labels:(array([1.], dtype=float32), array([371]))
Done.
	Creating sequence for 'choise'... Training group 31, split 1
	Y Train Labels:(array([1.], dtype=float32), array([127]))
	Y Val Labels:(array([1.], dtype=float32), array([125]))
Training group 31, split 2
	Y Train Labels:(array([1.], dtype=float32), array([252]))
	Y Val Labels:(array([1.], dtype=float32), array([125]))
Training group 31, split 3
	Y Train Labels:(array([1.], dtype=float32), array([377]))
	Y Val Labels:(array([1.], dtype=float32), array([125]))
Done.
	Creating sequence for 'amaterasu-omikami'... Training group 32, split 1
	Y Train Labels:(array([1.], dtype=float32), array([80]))
	Y Val Labels:(array([1.], dtype=float32), array([77]))
Training group 32, split 2
	Y Train Labels:(array([1.], dtype=float32), array([157]))
	Y Val Labels:(array([1.], dtype=float32), array([77]))
Training group 32, split 3
	Early stopping at epoch 13
	Y Train Labels:(array([1.], dtype=float32), array([234]))
	Y Val Labels:(array([0., 1.], dtype=float32), array([ 9, 68]))
Done.
	Creating sequence for 'adventure-gold'... Training group 33, split 1
	Y Train Labels:(array([1.], dtype=float32), array([258]))
	Y Val Labels:(array([1.], dtype=float32), array([255]))
Training group 33, split 2
	Y Train Labels:(array([1.], dtype=float32), array([513]))
	Y Val Labels:(array([1.], dtype=float32), array([255]))
Training group 33, split 3
	Y Train Labels:(array([1.], dtype=float32), array([768]))
	Y Val Labels:(array([1.], dtype=float32), array([255]))
Done.
	Creating sequence for 'celer-network'... Training group 34, split 1
	Y Train Labels:(array([1.], dtype=float32), array([476]))
	Y Val Labels:(array([1.], dtype=float32), array([475]))
Training group 34, split 2
	Y Train Labels:(array([1.], dtype=float32), array([951]))
	Y Val Labels:(array([1.], dtype=float32), array([475]))
Training group 34, split 3
	Early stopping at epoch 13
	Y Train Labels:(array([1.], dtype=float32), array([1426]))
	Y Val Labels:(array([0., 1.], dtype=float32), array([ 50, 425]))
Done.
	Creating sequence for 'bitpanda-ecosystem-token'... Training group 35, split 1
	Y Train Labels:(array([1.], dtype=float32), array([421]))
	Y Val Labels:(array([1.], dtype=float32), array([420]))
Training group 35, split 2
	Y Train Labels:(array([1.], dtype=float32), array([841]))
	Y Val Labels:(array([1.], dtype=float32), array([420]))
Training group 35, split 3
	Y Train Labels:(array([1.], dtype=float32), array([1261]))
	Y Val Labels:(array([1.], dtype=float32), array([420]))
Done.
	Creating sequence for 'celo-euro'... Training group 36, split 1
	Y Train Labels:(array([1.], dtype=float32), array([207]))
	Y Val Labels:(array([1.], dtype=float32), array([204]))
Training group 36, split 2
	Y Train Labels:(array([1.], dtype=float32), array([411]))
	Y Val Labels:(array([1.], dtype=float32), array([204]))
Training group 36, split 3
	Y Train Labels:(array([1.], dtype=float32), array([615]))
	Y Val Labels:(array([1.], dtype=float32), array([204]))
Done.
	Creating sequence for 'bomb'... Training group 37, split 1
	Early stopping at epoch 20
	Y Train Labels:(array([1.], dtype=float32), array([465]))
	Y Val Labels:(array([1.], dtype=float32), array([462]))
Training group 37, split 2
	Early stopping at epoch 13
	Y Train Labels:(array([1.], dtype=float32), array([927]))
	Y Val Labels:(array([0., 1.], dtype=float32), array([349, 113]))
Training group 37, split 3
	Early stopping at epoch 55
	Y Train Labels:(array([0., 1.], dtype=float32), array([ 349, 1040]))
	Y Val Labels:(array([0.], dtype=float32), array([462]))
Done.
	Creating sequence for 'cosmos'... Training group 38, split 1
	Y Train Labels:(array([1.], dtype=float32), array([359]))
	Y Val Labels:(array([1.], dtype=float32), array([356]))
Training group 38, split 2
	Y Train Labels:(array([1.], dtype=float32), array([715]))
	Y Val Labels:(array([1.], dtype=float32), array([356]))
Training group 38, split 3
	Y Train Labels:(array([1.], dtype=float32), array([1071]))
	Y Val Labels:(array([1.], dtype=float32), array([356]))
Done.
	Creating sequence for 'cudos'... Training group 39, split 1
	Y Train Labels:(array([1.], dtype=float32), array([309]))
	Y Val Labels:(array([1.], dtype=float32), array([308]))
Training group 39, split 2
	Y Train Labels:(array([1.], dtype=float32), array([617]))
	Y Val Labels:(array([1.], dtype=float32), array([308]))
Training group 39, split 3
	Y Train Labels:(array([1.], dtype=float32), array([925]))
	Y Val Labels:(array([1.], dtype=float32), array([308]))
Done.
	Creating sequence for 'bora'... Training group 40, split 1
	Y Train Labels:(array([1.], dtype=float32), array([475]))
	Y Val Labels:(array([1.], dtype=float32), array([473]))
Training group 40, split 2
	Early stopping at epoch 13
	Y Train Labels:(array([1.], dtype=float32), array([948]))
	Y Val Labels:(array([0., 1.], dtype=float32), array([  1, 472]))
Training group 40, split 3
	Early stopping at epoch 13
	Y Train Labels:(array([0., 1.], dtype=float32), array([   1, 1420]))
	Y Val Labels:(array([0.], dtype=float32), array([473]))
Done.
	Creating sequence for 'altlayer'... Training group 41, split 1
	Y Train Labels:(array([1.], dtype=float32), array([46]))
	Y Val Labels:(array([1.], dtype=float32), array([46]))
Training group 41, split 2
	Y Train Labels:(array([1.], dtype=float32), array([92]))
	Y Val Labels:(array([1.], dtype=float32), array([46]))
Training group 41, split 3
	Y Train Labels:(array([1.], dtype=float32), array([138]))
	Y Val Labels:(array([1.], dtype=float32), array([46]))
Done.
	Creating sequence for 'aave-dai'... Skipped.
	Creating sequence for 'aimalls'... Training group 42, split 1
	Y Train Labels:(array([0.], dtype=float32), array([70]))
	Y Val Labels:(array([0.], dtype=float32), array([67]))
Training group 42, split 2
	Y Train Labels:(array([0.], dtype=float32), array([137]))
	Y Val Labels:(array([0.], dtype=float32), array([67]))
Training group 42, split 3
	Y Train Labels:(array([0.], dtype=float32), array([204]))
	Y Val Labels:(array([0.], dtype=float32), array([67]))
Done.
	Creating sequence for 'bitrock'... Training group 43, split 1
	Y Train Labels:(array([1.], dtype=float32), array([94]))
	Y Val Labels:(array([1.], dtype=float32), array([94]))
Training group 43, split 2
	Y Train Labels:(array([1.], dtype=float32), array([188]))
	Y Val Labels:(array([1.], dtype=float32), array([94]))
Training group 43, split 3
	Y Train Labels:(array([1.], dtype=float32), array([282]))
	Y Val Labels:(array([1.], dtype=float32), array([94]))
Done.
	Creating sequence for 'acute-angle-cloud'... Training group 44, split 1
	Y Train Labels:(array([1.], dtype=float32), array([124]))
	Y Val Labels:(array([1.], dtype=float32), array([124]))
Training group 44, split 2
	Y Train Labels:(array([1.], dtype=float32), array([248]))
	Y Val Labels:(array([1.], dtype=float32), array([124]))
Training group 44, split 3
	Y Train Labels:(array([1.], dtype=float32), array([372]))
	Y Val Labels:(array([1.], dtype=float32), array([124]))
Done.
	Creating sequence for 'blocery'... Training group 45, split 1
	Y Train Labels:(array([1.], dtype=float32), array([308]))
	Y Val Labels:(array([1.], dtype=float32), array([308]))
Training group 45, split 2
	Early stopping at epoch 13
	Y Train Labels:(array([1.], dtype=float32), array([616]))
	Y Val Labels:(array([0., 1.], dtype=float32), array([199, 109]))
Training group 45, split 3
	Y Train Labels:(array([0., 1.], dtype=float32), array([199, 725]))
	Y Val Labels:(array([0.], dtype=float32), array([308]))
Done.
	Creating sequence for 'beamswap'... Training group 46, split 1
	Y Train Labels:(array([1.], dtype=float32), array([216]))
	Y Val Labels:(array([1.], dtype=float32), array([215]))
Training group 46, split 2
	Early stopping at epoch 13
	Y Train Labels:(array([1.], dtype=float32), array([431]))
	Y Val Labels:(array([0., 1.], dtype=float32), array([170,  45]))
Training group 46, split 3
	Early stopping at epoch 53
	Y Train Labels:(array([0., 1.], dtype=float32), array([170, 476]))
	Y Val Labels:(array([0.], dtype=float32), array([215]))
Done.
	Creating sequence for 'alkimi'... Training group 47, split 1
	Y Train Labels:(array([1.], dtype=float32), array([85]))
	Y Val Labels:(array([1.], dtype=float32), array([84]))
Training group 47, split 2
	Y Train Labels:(array([1.], dtype=float32), array([169]))
	Y Val Labels:(array([1.], dtype=float32), array([84]))
Training group 47, split 3
	Early stopping at epoch 13
	Y Train Labels:(array([1.], dtype=float32), array([253]))
	Y Val Labels:(array([0., 1.], dtype=float32), array([45, 39]))
Done.
	Creating sequence for 'attila'... Training group 48, split 1
	Y Train Labels:(array([0., 1.], dtype=float32), array([ 76, 307]))
	Y Val Labels:(array([0.], dtype=float32), array([380]))
Training group 48, split 2
