


--------------------------------------------------
Starting lstm.py at '2024-10-23 21:03:54.001879'.
Reading '../classifiedDAOs.json'... Done.
Total training Data: 1578
DAOs trained so far:1014
Size of training set: 90
Size of test set: 474
Preparing data for training...
Preparing data for testing...
Parameters:
	Num epochs: 60
	Initial learning rate: 0.001
	Patience: 12
	Window size: 60
	Timeseries splits: 3
	Minimum number of timeseries datapoints: 64
Gradient boosting params: 
	{"max_depth": 3, "learning_rate": 0.05, "n_estimators": 100, "objective": "binary:logistic", "eval_metric": "logloss"}
	Creating sequence for 'pillar'... Training group 0, split 1
	Early stopping at epoch 46
	Y Train Labels:(array([1.], dtype=float32), array([592]))
	Y Val Labels:(array([1.], dtype=float32), array([591]))
Training group 0, split 2
	Y Train Labels:(array([1.], dtype=float32), array([1183]))
	Y Val Labels:(array([1.], dtype=float32), array([591]))
Training group 0, split 3
	Y Train Labels:(array([1.], dtype=float32), array([1774]))
	Y Val Labels:(array([1.], dtype=float32), array([591]))
Done.
	Creating sequence for 'impt'... Training group 1, split 1
	Y Train Labels:(array([1.], dtype=float32), array([149]))
	Y Val Labels:(array([1.], dtype=float32), array([147]))
Training group 1, split 2
	Early stopping at epoch 28
	Y Train Labels:(array([1.], dtype=float32), array([296]))
	Y Val Labels:(array([1.], dtype=float32), array([147]))
Training group 1, split 3
	Early stopping at epoch 21
	Y Train Labels:(array([1.], dtype=float32), array([443]))
	Y Val Labels:(array([1.], dtype=float32), array([147]))
Done.
	Creating sequence for 'blazestake-staked-sol'... Training group 2, split 1
	Early stopping at epoch 52
	Y Train Labels:(array([1.], dtype=float32), array([53]))
	Y Val Labels:(array([1.], dtype=float32), array([53]))
Training group 2, split 2
	Early stopping at epoch 13
	Y Train Labels:(array([1.], dtype=float32), array([106]))
	Y Val Labels:(array([1.], dtype=float32), array([53]))
Training group 2, split 3
	Early stopping at epoch 13
	Y Train Labels:(array([1.], dtype=float32), array([159]))
	Y Val Labels:(array([1.], dtype=float32), array([53]))
Done.
	Creating sequence for 'lockchain'... Training group 3, split 1
	Y Train Labels:(array([1.], dtype=float32), array([227]))
	Y Val Labels:(array([1.], dtype=float32), array([226]))
Training group 3, split 2
	Y Train Labels:(array([1.], dtype=float32), array([453]))
	Y Val Labels:(array([1.], dtype=float32), array([226]))
Training group 3, split 3
	Y Train Labels:(array([1.], dtype=float32), array([679]))
	Y Val Labels:(array([1.], dtype=float32), array([226]))
Done.
	Creating sequence for 'coreum'... Training group 4, split 1
	Early stopping at epoch 13
	Y Train Labels:(array([1.], dtype=float32), array([220]))
	Y Val Labels:(array([1.], dtype=float32), array([217]))
Training group 4, split 2
	Early stopping at epoch 29
	Y Train Labels:(array([1.], dtype=float32), array([437]))
	Y Val Labels:(array([0., 1.], dtype=float32), array([ 21, 196]))
Training group 4, split 3
	Y Train Labels:(array([0., 1.], dtype=float32), array([ 21, 633]))
	Y Val Labels:(array([0.], dtype=float32), array([217]))
Done.
	Creating sequence for 'bird-money'... Training group 5, split 1
	Early stopping at epoch 27
	Y Train Labels:(array([1.], dtype=float32), array([334]))
	Y Val Labels:(array([0., 1.], dtype=float32), array([237,  97]))
Training group 5, split 2
	Early stopping at epoch 34
	Y Train Labels:(array([0., 1.], dtype=float32), array([237, 431]))
	Y Val Labels:(array([0.], dtype=float32), array([334]))
Training group 5, split 3
	Y Train Labels:(array([0., 1.], dtype=float32), array([571, 431]))
	Y Val Labels:(array([0.], dtype=float32), array([334]))
Done.
	Creating sequence for 'deapcoin'... Training group 6, split 1
	Y Train Labels:(array([1.], dtype=float32), array([368]))
	Y Val Labels:(array([1.], dtype=float32), array([366]))
Training group 6, split 2
	Early stopping at epoch 28
	Y Train Labels:(array([1.], dtype=float32), array([734]))
	Y Val Labels:(array([1.], dtype=float32), array([366]))
Training group 6, split 3
