


--------------------------------------------------
Starting lstm.py at '2024-10-23 20:17:05.997934'.
Reading '../classifiedDAOs.json'... Done.
Total training Data: 1578
DAOs trained so far:749
Size of training set: 355
Size of test set: 474
Preparing data for training...
Preparing data for testing...
Parameters:
	Num epochs: 60
	Initial learning rate: 0.001
	Patience: 12
	Window size: 60
	Timeseries splits: 3
	Minimum number of timeseries datapoints: 64
Gradient boosting params: 
	{"max_depth": 3, "learning_rate": 0.05, "n_estimators": 100, "objective": "binary:logistic", "eval_metric": "logloss"}
	Creating sequence for 'barnbridge'... Training group 0, split 1
	Early stopping at epoch 18
	Y Train Labels:(array([1.], dtype=float32), array([313]))
	Y Val Labels:(array([0., 1.], dtype=float32), array([130, 182]))
Training group 0, split 2
	Early stopping at epoch 26
	Y Train Labels:(array([0., 1.], dtype=float32), array([130, 495]))
	Y Val Labels:(array([0.], dtype=float32), array([312]))
Training group 0, split 3
	Early stopping at epoch 27
	Y Train Labels:(array([0., 1.], dtype=float32), array([442, 495]))
	Y Val Labels:(array([0.], dtype=float32), array([312]))
Done.
	Creating sequence for 'pegasys'... Skipped.
	Creating sequence for 'loopring'... Training group 1, split 1
	Y Train Labels:(array([1.], dtype=float32), array([568]))
	Y Val Labels:(array([1.], dtype=float32), array([567]))
Training group 1, split 2
	Y Train Labels:(array([1.], dtype=float32), array([1135]))
	Y Val Labels:(array([1.], dtype=float32), array([567]))
Training group 1, split 3
	Y Train Labels:(array([1.], dtype=float32), array([1702]))
	Y Val Labels:(array([1.], dtype=float32), array([567]))
Done.
	Creating sequence for 'lightning-bitcoin'... Training group 2, split 1
	Y Train Labels:(array([1.], dtype=float32), array([466]))
	Y Val Labels:(array([1.], dtype=float32), array([465]))
Training group 2, split 2
	Early stopping at epoch 13
	Y Train Labels:(array([1.], dtype=float32), array([931]))
	Y Val Labels:(array([0., 1.], dtype=float32), array([ 49, 416]))
Training group 2, split 3
	Early stopping at epoch 49
	Y Train Labels:(array([0., 1.], dtype=float32), array([  49, 1347]))
	Y Val Labels:(array([0.], dtype=float32), array([465]))
Done.
	Creating sequence for 'hedgetrade'... Training group 3, split 1
	Y Train Labels:(array([1.], dtype=float32), array([481]))
	Y Val Labels:(array([1.], dtype=float32), array([480]))
Training group 3, split 2
	Early stopping at epoch 13
	Y Train Labels:(array([1.], dtype=float32), array([961]))
	Y Val Labels:(array([0., 1.], dtype=float32), array([235, 245]))
Training group 3, split 3
	Early stopping at epoch 30
	Y Train Labels:(array([0., 1.], dtype=float32), array([ 235, 1206]))
	Y Val Labels:(array([0.], dtype=float32), array([480]))
Done.
	Creating sequence for 'only1'... Training group 4, split 1
	Y Train Labels:(array([1.], dtype=float32), array([273]))
	Y Val Labels:(array([1.], dtype=float32), array([272]))
Training group 4, split 2
	Early stopping at epoch 47
	Y Train Labels:(array([1.], dtype=float32), array([545]))
	Y Val Labels:(array([1.], dtype=float32), array([272]))
Training group 4, split 3
	Early stopping at epoch 13
	Y Train Labels:(array([1.], dtype=float32), array([817]))
	Y Val Labels:(array([0., 1.], dtype=float32), array([122, 150]))
Done.
	Creating sequence for 'kubecoin'... Training group 5, split 1
	Y Train Labels:(array([0.], dtype=float32), array([188]))
	Y Val Labels:(array([0.], dtype=float32), array([186]))
Training group 5, split 2
	Y Train Labels:(array([0.], dtype=float32), array([374]))
	Y Val Labels:(array([0.], dtype=float32), array([186]))
Training group 5, split 3
	Y Train Labels:(array([0.], dtype=float32), array([560]))
	Y Val Labels:(array([0.], dtype=float32), array([186]))
Done.
	Creating sequence for 'tifi-token'... Training group 6, split 1
	Early stopping at epoch 13
	Y Train Labels:(array([0., 1.], dtype=float32), array([ 59, 125]))
	Y Val Labels:(array([0.], dtype=float32), array([183]))
Training group 6, split 2
	Early stopping at epoch 13
	Y Train Labels:(array([0., 1.], dtype=float32), array([242, 125]))
	Y Val Labels:(array([0.], dtype=float32), array([183]))
Training group 6, split 3
	Early stopping at epoch 26
	Y Train Labels:(array([0., 1.], dtype=float32), array([425, 125]))
	Y Val Labels:(array([0.], dtype=float32), array([183]))
Done.
	Creating sequence for 'spiritswap'... Training group 7, split 1
	Early stopping at epoch 13
	Y Train Labels:(array([0., 1.], dtype=float32), array([ 44, 244]))
	Y Val Labels:(array([0.], dtype=float32), array([287]))
Training group 7, split 2
	Early stopping at epoch 30
	Y Train Labels:(array([0., 1.], dtype=float32), array([331, 244]))
	Y Val Labels:(array([0.], dtype=float32), array([287]))
Training group 7, split 3
