


--------------------------------------------------
Starting lstm.py at '2024-10-25 17:29:44.185867'.
Reading './balancedDataset.json'... Done.
Total training Data: 1030
DAOs trained so far:480
Size of training set: 241
Size of test set: 309
Preparing data for training...
Preparing data for testing...
Parameters:
	Num epochs: 60
	Initial learning rate: 0.001
	Patience: 12
	Window size: 60
	Timeseries splits: 3
	Minimum number of timeseries datapoints: 64
Gradient boosting params: 
	{"max_depth": 3, "learning_rate": 0.05, "n_estimators": 100, "objective": "binary:logistic", "eval_metric": "logloss"}
	Creating sequence for 'mainframe'... Training group 0, split 1
	Early stopping at epoch 13
	Y Train Labels:(array([1.], dtype=float32), array([305]))
	Y Val Labels:(array([1.], dtype=float32), array([304]))
Training group 0, split 2
	Early stopping at epoch 13
	Y Train Labels:(array([1.], dtype=float32), array([609]))
	Y Val Labels:(array([1.], dtype=float32), array([304]))
Training group 0, split 3
	Early stopping at epoch 13
	Y Train Labels:(array([1.], dtype=float32), array([913]))
	Y Val Labels:(array([1.], dtype=float32), array([304]))
Done.
	Creating sequence for 'status'... Training group 1, split 1
	Early stopping at epoch 13
	Y Train Labels:(array([1.], dtype=float32), array([588]))
	Y Val Labels:(array([1.], dtype=float32), array([588]))
Training group 1, split 2
	Early stopping at epoch 13
	Y Train Labels:(array([1.], dtype=float32), array([1176]))
	Y Val Labels:(array([1.], dtype=float32), array([588]))
Training group 1, split 3
	Early stopping at epoch 13
	Y Train Labels:(array([1.], dtype=float32), array([1764]))
	Y Val Labels:(array([1.], dtype=float32), array([588]))
Done.
	Creating sequence for 'rss3'... Training group 2, split 1
	Early stopping at epoch 13
	Y Train Labels:(array([1.], dtype=float32), array([180]))
	Y Val Labels:(array([1.], dtype=float32), array([180]))
Training group 2, split 2
	Early stopping at epoch 13
	Y Train Labels:(array([1.], dtype=float32), array([360]))
	Y Val Labels:(array([1.], dtype=float32), array([180]))
Training group 2, split 3
	Early stopping at epoch 13
	Y Train Labels:(array([1.], dtype=float32), array([540]))
	Y Val Labels:(array([1.], dtype=float32), array([180]))
Done.
	Creating sequence for 'coreum'... Training group 3, split 1
	Early stopping at epoch 13
	Y Train Labels:(array([1.], dtype=float32), array([220]))
	Y Val Labels:(array([1.], dtype=float32), array([217]))
Training group 3, split 2
	Early stopping at epoch 13
	Y Train Labels:(array([1.], dtype=float32), array([437]))
	Y Val Labels:(array([0., 1.], dtype=float32), array([ 21, 196]))
Training group 3, split 3
	Early stopping at epoch 13
	Y Train Labels:(array([0., 1.], dtype=float32), array([ 21, 633]))
	Y Val Labels:(array([0.], dtype=float32), array([217]))
Done.
	Creating sequence for 'bitpanda-ecosystem-token'... Training group 4, split 1
	Early stopping at epoch 13
	Y Train Labels:(array([1.], dtype=float32), array([421]))
	Y Val Labels:(array([1.], dtype=float32), array([420]))
Training group 4, split 2
