


--------------------------------------------------
Starting lstm.py at '2024-10-26 23:09:54.539986'.
Reading '../classifiedDAOs.json'... Done.
Total training Data: 1578
DAOs trained so far:417
Size of training set: 687
Size of test set: 474
Preparing data for training...
Preparing data for testing...
Parameters:
	Num epochs: 60
	Initial learning rate: 0.001
	Patience: 12
	Window size: 60
	Timeseries splits: 3
	Minimum number of timeseries datapoints: 64
Gradient boosting params: 
	{"max_depth": 3, "learning_rate": 0.05, "n_estimators": 100, "objective": "binary:logistic", "eval_metric": "logloss"}
	Creating sequence for 'opendao'... Training group 0, split 1
	Early stopping at epoch 13
	Y Train Labels:(array([1.], dtype=float32), array([229]))
	Y Val Labels:(array([0., 1.], dtype=float32), array([225,   1]))
Training group 0, split 2
	Early stopping at epoch 13
	Y Train Labels:(array([0., 1.], dtype=float32), array([225, 230]))
	Y Val Labels:(array([0.], dtype=float32), array([226]))
Training group 0, split 3
	Early stopping at epoch 13
	Y Train Labels:(array([0., 1.], dtype=float32), array([451, 230]))
	Y Val Labels:(array([0.], dtype=float32), array([226]))
Done.
	Creating sequence for 'hiens3'... Training group 1, split 1
	Early stopping at epoch 13
	Y Train Labels:(array([0., 1.], dtype=float32), array([74, 98]))
	Y Val Labels:(array([0.], dtype=float32), array([170]))
Training group 1, split 2
	Early stopping at epoch 13
	Y Train Labels:(array([0., 1.], dtype=float32), array([244,  98]))
	Y Val Labels:(array([0.], dtype=float32), array([170]))
Training group 1, split 3
	Early stopping at epoch 13
	Y Train Labels:(array([0., 1.], dtype=float32), array([414,  98]))
	Y Val Labels:(array([0.], dtype=float32), array([170]))
Done.
	Creating sequence for 'basis-cash'... Training group 2, split 1
	Early stopping at epoch 13
	Y Train Labels:(array([1.], dtype=float32), array([331]))
	Y Val Labels:(array([0., 1.], dtype=float32), array([195, 133]))
Training group 2, split 2
	Early stopping at epoch 13
	Y Train Labels:(array([0., 1.], dtype=float32), array([195, 464]))
	Y Val Labels:(array([0.], dtype=float32), array([328]))
Training group 2, split 3
	Early stopping at epoch 13
	Y Train Labels:(array([0., 1.], dtype=float32), array([523, 464]))
	Y Val Labels:(array([0.], dtype=float32), array([328]))
Done.
	Creating sequence for 'hamster'... Training group 3, split 1
	Early stopping at epoch 13
	Y Train Labels:(array([1.], dtype=float32), array([234]))
	Y Val Labels:(array([1.], dtype=float32), array([234]))
Training group 3, split 2
	Early stopping at epoch 13
	Y Train Labels:(array([1.], dtype=float32), array([468]))
	Y Val Labels:(array([1.], dtype=float32), array([234]))
Training group 3, split 3
	Early stopping at epoch 13
	Y Train Labels:(array([1.], dtype=float32), array([702]))
	Y Val Labels:(array([0., 1.], dtype=float32), array([215,  19]))
Done.
	Creating sequence for 'noia-network'... Training group 4, split 1
	Early stopping at epoch 13
	Y Train Labels:(array([1.], dtype=float32), array([320]))
	Y Val Labels:(array([1.], dtype=float32), array([317]))
Training group 4, split 2
