


--------------------------------------------------
Starting lstm.py at '2024-10-26 22:54:45.886035'.
Reading '../classifiedDAOs.json'... Done.
Total training Data: 1578
DAOs trained so far:325
Size of training set: 779
Size of test set: 474
Preparing data for training...
Preparing data for testing...
Parameters:
	Num epochs: 60
	Initial learning rate: 0.001
	Patience: 12
	Window size: 60
	Timeseries splits: 3
	Minimum number of timeseries datapoints: 64
Gradient boosting params: 
	{"max_depth": 3, "learning_rate": 0.05, "n_estimators": 100, "objective": "binary:logistic", "eval_metric": "logloss"}
	Creating sequence for 'unvest'... Training group 0, split 1
	Early stopping at epoch 13
	Y Train Labels:(array([0., 1.], dtype=float32), array([27, 25]))
	Y Val Labels:(array([0.], dtype=float32), array([50]))
Training group 0, split 2
	Early stopping at epoch 13
	Y Train Labels:(array([0., 1.], dtype=float32), array([77, 25]))
	Y Val Labels:(array([0.], dtype=float32), array([50]))
Training group 0, split 3
	Early stopping at epoch 13
	Y Train Labels:(array([0., 1.], dtype=float32), array([127,  25]))
	Y Val Labels:(array([0.], dtype=float32), array([50]))
Done.
	Creating sequence for 'bbs-network'... Training group 1, split 1
	Early stopping at epoch 13
	Y Train Labels:(array([1.], dtype=float32), array([223]))
	Y Val Labels:(array([1.], dtype=float32), array([222]))
Training group 1, split 2
	Early stopping at epoch 13
	Y Train Labels:(array([1.], dtype=float32), array([445]))
	Y Val Labels:(array([0., 1.], dtype=float32), array([173,  49]))
Training group 1, split 3
	Early stopping at epoch 13
	Y Train Labels:(array([0., 1.], dtype=float32), array([173, 494]))
	Y Val Labels:(array([0.], dtype=float32), array([222]))
Done.
	Creating sequence for 'wanchain'... Training group 2, split 1
	Early stopping at epoch 13
	Y Train Labels:(array([1.], dtype=float32), array([567]))
	Y Val Labels:(array([1.], dtype=float32), array([566]))
Training group 2, split 2
	Early stopping at epoch 13
	Y Train Labels:(array([1.], dtype=float32), array([1133]))
	Y Val Labels:(array([1.], dtype=float32), array([566]))
Training group 2, split 3
	Early stopping at epoch 13
	Y Train Labels:(array([1.], dtype=float32), array([1699]))
	Y Val Labels:(array([0., 1.], dtype=float32), array([126, 440]))
Done.
	Creating sequence for 'yawn'... Skipped.
	Creating sequence for 'juventus-fan-token'... Training group 3, split 1
	Early stopping at epoch 13
	Y Train Labels:(array([1.], dtype=float32), array([329]))
	Y Val Labels:(array([0., 1.], dtype=float32), array([326,   2]))
Training group 3, split 2
