


--------------------------------------------------
Starting lstm.py at '2024-10-12 02:12:28.318764'.
Reading './isDaoActiveData(4).json'... Done.
Total training Data: 379
Size of training set: 6
Size of test set: 114
Preparing data for training...
Preparing data for testing...
Trained so far:259
Parameters:
	Num epochs: 60
	Initial learning rate: 0.001
	Patience: 12
	Window size: 60
	Timeseries splits: 3
	Minimum number of timeseries datapoints: 64
Gradient boosting params: 
	{"max_depth": 3, "learning_rate": 0.05, "n_estimators": 100, "objective": "binary:logistic", "eval_metric": "logloss"}
	Creating sequence for 'blocery'... Training group 0, split 1
	Y Train Labels:(array([1.], dtype=float32), array([308]))
	Y Val Labels:(array([1.], dtype=float32), array([308]))
Training group 0, split 2
	Early stopping at epoch 13
	Y Train Labels:(array([1.], dtype=float32), array([616]))
	Y Val Labels:(array([0., 1.], dtype=float32), array([199, 109]))
Training group 0, split 3
	Early stopping at epoch 50
	Y Train Labels:(array([0., 1.], dtype=float32), array([199, 725]))
	Y Val Labels:(array([0.], dtype=float32), array([308]))
Done.
	Creating sequence for 'beamswap'... Training group 1, split 1
	Y Train Labels:(array([1.], dtype=float32), array([216]))
	Y Val Labels:(array([1.], dtype=float32), array([215]))
Training group 1, split 2
	Early stopping at epoch 13
	Y Train Labels:(array([1.], dtype=float32), array([431]))
	Y Val Labels:(array([0., 1.], dtype=float32), array([170,  45]))
Training group 1, split 3
	Early stopping at epoch 56
	Y Train Labels:(array([0., 1.], dtype=float32), array([170, 476]))
	Y Val Labels:(array([0.], dtype=float32), array([215]))
Done.
	Creating sequence for 'alkimi'... Training group 2, split 1
	Y Train Labels:(array([1.], dtype=float32), array([85]))
	Y Val Labels:(array([1.], dtype=float32), array([84]))
Training group 2, split 2
	Y Train Labels:(array([1.], dtype=float32), array([169]))
	Y Val Labels:(array([1.], dtype=float32), array([84]))
Training group 2, split 3
	Early stopping at epoch 13
	Y Train Labels:(array([1.], dtype=float32), array([253]))
	Y Val Labels:(array([0., 1.], dtype=float32), array([45, 39]))
Done.
	Creating sequence for 'attila'... Training group 3, split 1
	Y Train Labels:(array([0., 1.], dtype=float32), array([ 76, 307]))
	Y Val Labels:(array([0.], dtype=float32), array([380]))
Training group 3, split 2
	Early stopping at epoch 33
	Y Train Labels:(array([0., 1.], dtype=float32), array([456, 307]))
	Y Val Labels:(array([0.], dtype=float32), array([380]))
Training group 3, split 3
	Early stopping at epoch 46
	Y Train Labels:(array([0., 1.], dtype=float32), array([836, 307]))
	Y Val Labels:(array([0.], dtype=float32), array([380]))
Done.
	Creating sequence for 'brickken'... Training group 4, split 1
	Y Train Labels:(array([0.], dtype=float32), array([94]))
	Y Val Labels:(array([0.], dtype=float32), array([91]))
Training group 4, split 2
	Y Train Labels:(array([0.], dtype=float32), array([185]))
	Y Val Labels:(array([0.], dtype=float32), array([91]))
Training group 4, split 3
	Y Train Labels:(array([0.], dtype=float32), array([276]))
	Y Val Labels:(array([0.], dtype=float32), array([91]))
Done.
	Creating sequence for 'alethea-artificial-liquid-intelligence-token'... Training group 5, split 1
	Y Train Labels:(array([1.], dtype=float32), array([202]))
	Y Val Labels:(array([1.], dtype=float32), array([202]))
Training group 5, split 2
	Y Train Labels:(array([1.], dtype=float32), array([404]))
	Y Val Labels:(array([1.], dtype=float32), array([202]))
Training group 5, split 3
	Early stopping at epoch 13
	Y Train Labels:(array([1.], dtype=float32), array([606]))
	Y Val Labels:(array([0., 1.], dtype=float32), array([ 80, 122]))
Done.
Actual training set: 6 entries
Actual testing set:  0 entries
Actual training/total ratio: 0.0158311345646438
Final Classification Report with Gradient Boosting:
              precision    recall  f1-score   support

   Abandoned       1.00      0.43      0.60      2430
   Operating       0.50      1.00      0.67      1410

    accuracy                           0.64      3840
   macro avg       0.75      0.72      0.64      3840
weighted avg       0.82      0.64      0.63      3840

Finished execution at '2024-10-12 02:14:24.293257'.
Execution took: 115.974558
--------------------------------------------------
