


--------------------------------------------------
Starting lstm.py at '2024-10-26 22:46:28.639166'.
Reading '../classifiedDAOs.json'... Done.
Total training Data: 1578
DAOs trained so far:274
Size of training set: 830
Size of test set: 474
Preparing data for training...
Preparing data for testing...
Parameters:
	Num epochs: 60
	Initial learning rate: 0.001
	Patience: 12
	Window size: 60
	Timeseries splits: 3
	Minimum number of timeseries datapoints: 64
Gradient boosting params: 
	{"max_depth": 3, "learning_rate": 0.05, "n_estimators": 100, "objective": "binary:logistic", "eval_metric": "logloss"}
	Creating sequence for 'counterparty'... Training group 0, split 1
	Early stopping at epoch 13
	Y Train Labels:(array([1.], dtype=float32), array([594]))
	Y Val Labels:(array([1.], dtype=float32), array([592]))
Training group 0, split 2
	Early stopping at epoch 13
	Y Train Labels:(array([1.], dtype=float32), array([1186]))
	Y Val Labels:(array([1.], dtype=float32), array([592]))
Training group 0, split 3
	Early stopping at epoch 13
	Y Train Labels:(array([1.], dtype=float32), array([1778]))
	Y Val Labels:(array([1.], dtype=float32), array([592]))
Done.
	Creating sequence for 'heroes-of-mavia'... Training group 1, split 1
	Early stopping at epoch 13
	Y Train Labels:(array([1.], dtype=float32), array([43]))
	Y Val Labels:(array([1.], dtype=float32), array([43]))
Training group 1, split 2
	Early stopping at epoch 13
	Y Train Labels:(array([1.], dtype=float32), array([86]))
	Y Val Labels:(array([1.], dtype=float32), array([43]))
Training group 1, split 3
	Early stopping at epoch 13
	Y Train Labels:(array([1.], dtype=float32), array([129]))
	Y Val Labels:(array([1.], dtype=float32), array([43]))
Done.
	Creating sequence for 'ramp'... Training group 2, split 1
	Early stopping at epoch 13
	Y Train Labels:(array([1.], dtype=float32), array([235]))
	Y Val Labels:(array([1.], dtype=float32), array([235]))
Training group 2, split 2
	Early stopping at epoch 13
	Y Train Labels:(array([1.], dtype=float32), array([470]))
	Y Val Labels:(array([1.], dtype=float32), array([235]))
Training group 2, split 3
	Early stopping at epoch 13
	Y Train Labels:(array([1.], dtype=float32), array([705]))
	Y Val Labels:(array([1.], dtype=float32), array([235]))
Done.
	Creating sequence for 'the-tokenized-bitcoin'... Training group 3, split 1
	Early stopping at epoch 13
	Y Train Labels:(array([1.], dtype=float32), array([171]))
	Y Val Labels:(array([1.], dtype=float32), array([168]))
Training group 3, split 2
	Early stopping at epoch 13
	Y Train Labels:(array([1.], dtype=float32), array([339]))
	Y Val Labels:(array([1.], dtype=float32), array([168]))
Training group 3, split 3
	Early stopping at epoch 13
	Y Train Labels:(array([1.], dtype=float32), array([507]))
	Y Val Labels:(array([0., 1.], dtype=float32), array([90, 78]))
Done.
	Creating sequence for 'moonbeam'... Training group 4, split 1
	Early stopping at epoch 13
	Y Train Labels:(array([1.], dtype=float32), array([224]))
	Y Val Labels:(array([1.], dtype=float32), array([222]))
Training group 4, split 2
	Early stopping at epoch 13
	Y Train Labels:(array([1.], dtype=float32), array([446]))
	Y Val Labels:(array([1.], dtype=float32), array([222]))
Training group 4, split 3
	Early stopping at epoch 13
	Y Train Labels:(array([1.], dtype=float32), array([668]))
	Y Val Labels:(array([1.], dtype=float32), array([222]))
Done.
	Creating sequence for 'catman'... Training group 5, split 1
	Early stopping at epoch 13
	Y Train Labels:(array([1.], dtype=float32), array([49]))
	Y Val Labels:(array([0., 1.], dtype=float32), array([25, 22]))
Training group 5, split 2
	Early stopping at epoch 13
	Y Train Labels:(array([0., 1.], dtype=float32), array([25, 71]))
	Y Val Labels:(array([0.], dtype=float32), array([47]))
Training group 5, split 3
	Early stopping at epoch 13
	Y Train Labels:(array([0., 1.], dtype=float32), array([72, 71]))
	Y Val Labels:(array([0.], dtype=float32), array([47]))
Done.
	Creating sequence for '0x0-ai-ai-smart-contract'... Training group 6, split 1
	Early stopping at epoch 13
	Y Train Labels:(array([1.], dtype=float32), array([3]))
	Y Val Labels:(array([1.], dtype=float32), array([2]))
Training group 6, split 2
	Early stopping at epoch 13
	Y Train Labels:(array([1.], dtype=float32), array([5]))
	Y Val Labels:(array([1.], dtype=float32), array([2]))
Training group 6, split 3
	Early stopping at epoch 13
	Y Train Labels:(array([1.], dtype=float32), array([7]))
	Y Val Labels:(array([1.], dtype=float32), array([2]))
Done.
	Creating sequence for 'meverse'... Training group 7, split 1
	Early stopping at epoch 13
	Y Train Labels:(array([1.], dtype=float32), array([216]))
	Y Val Labels:(array([0., 1.], dtype=float32), array([ 52, 161]))
Training group 7, split 2
	Early stopping at epoch 13
	Y Train Labels:(array([0., 1.], dtype=float32), array([ 52, 377]))
	Y Val Labels:(array([0.], dtype=float32), array([213]))
Training group 7, split 3
