


--------------------------------------------------
Starting lstm.py at '2024-10-25 17:20:04.729879'.
Reading './balancedDataset.json'... Done.
Total training Data: 1030
DAOs trained so far:418
Size of training set: 303
Size of test set: 309
Preparing data for training...
Preparing data for testing...
Parameters:
	Num epochs: 60
	Initial learning rate: 0.001
	Patience: 12
	Window size: 60
	Timeseries splits: 3
	Minimum number of timeseries datapoints: 64
Gradient boosting params: 
	{"max_depth": 3, "learning_rate": 0.05, "n_estimators": 100, "objective": "binary:logistic", "eval_metric": "logloss"}
	Creating sequence for 'telos'... Training group 0, split 1
	Early stopping at epoch 13
	Y Train Labels:(array([1.], dtype=float32), array([444]))
	Y Val Labels:(array([1.], dtype=float32), array([443]))
Training group 0, split 2
	Early stopping at epoch 13
	Y Train Labels:(array([1.], dtype=float32), array([887]))
	Y Val Labels:(array([1.], dtype=float32), array([443]))
Training group 0, split 3
	Early stopping at epoch 13
	Y Train Labels:(array([1.], dtype=float32), array([1330]))
	Y Val Labels:(array([1.], dtype=float32), array([443]))
Done.
	Creating sequence for 'decentralized-vulnerability-platform'... Training group 1, split 1
	Early stopping at epoch 13
	Y Train Labels:(array([1.], dtype=float32), array([440]))
	Y Val Labels:(array([1.], dtype=float32), array([438]))
Training group 1, split 2
	Early stopping at epoch 13
	Y Train Labels:(array([1.], dtype=float32), array([878]))
	Y Val Labels:(array([0.], dtype=float32), array([438]))
Training group 1, split 3
	Early stopping at epoch 13
	Y Train Labels:(array([0., 1.], dtype=float32), array([438, 878]))
	Y Val Labels:(array([0.], dtype=float32), array([438]))
Done.
	Creating sequence for 'dragonchain'... Training group 2, split 1
	Early stopping at epoch 13
	Y Train Labels:(array([1.], dtype=float32), array([579]))
	Y Val Labels:(array([1.], dtype=float32), array([578]))
Training group 2, split 2
	Early stopping at epoch 13
	Y Train Labels:(array([1.], dtype=float32), array([1157]))
	Y Val Labels:(array([0., 1.], dtype=float32), array([148, 430]))
Training group 2, split 3
