


--------------------------------------------------
Starting lstm.py at '2024-10-26 22:23:41.068673'.
Reading '../classifiedDAOs.json'... Done.
Total training Data: 1578
DAOs trained so far:122
Size of training set: 982
Size of test set: 474
Preparing data for training...
Preparing data for testing...
Parameters:
	Num epochs: 60
	Initial learning rate: 0.001
	Patience: 12
	Window size: 60
	Timeseries splits: 3
	Minimum number of timeseries datapoints: 64
Gradient boosting params: 
	{"max_depth": 3, "learning_rate": 0.05, "n_estimators": 100, "objective": "binary:logistic", "eval_metric": "logloss"}
	Creating sequence for 'timeless'... Training group 0, split 1
	Early stopping at epoch 13
	Y Train Labels:(array([1.], dtype=float32), array([118]))
	Y Val Labels:(array([1.], dtype=float32), array([115]))
Training group 0, split 2
	Early stopping at epoch 13
	Y Train Labels:(array([1.], dtype=float32), array([233]))
	Y Val Labels:(array([1.], dtype=float32), array([115]))
Training group 0, split 3
	Early stopping at epoch 13
	Y Train Labels:(array([1.], dtype=float32), array([348]))
	Y Val Labels:(array([1.], dtype=float32), array([115]))
Done.
	Creating sequence for 'golff'... Training group 1, split 1
	Early stopping at epoch 13
	Y Train Labels:(array([1.], dtype=float32), array([339]))
	Y Val Labels:(array([1.], dtype=float32), array([337]))
Training group 1, split 2
	Early stopping at epoch 13
	Y Train Labels:(array([1.], dtype=float32), array([676]))
	Y Val Labels:(array([0., 1.], dtype=float32), array([201, 136]))
Training group 1, split 3
	Early stopping at epoch 13
	Y Train Labels:(array([0., 1.], dtype=float32), array([201, 812]))
	Y Val Labels:(array([0.], dtype=float32), array([337]))
Done.
	Creating sequence for 'spores-network'... Training group 2, split 1
	Early stopping at epoch 13
	Y Train Labels:(array([0.], dtype=float32), array([275]))
	Y Val Labels:(array([0.], dtype=float32), array([272]))
Training group 2, split 2
	Early stopping at epoch 13
	Y Train Labels:(array([0.], dtype=float32), array([547]))
	Y Val Labels:(array([0.], dtype=float32), array([272]))
Training group 2, split 3
	Early stopping at epoch 13
	Y Train Labels:(array([0.], dtype=float32), array([819]))
	Y Val Labels:(array([0.], dtype=float32), array([272]))
Done.
	Creating sequence for 'tbtc'... Skipped.
	Creating sequence for 'paint'... Training group 3, split 1
	Early stopping at epoch 13
	Y Train Labels:(array([0., 1.], dtype=float32), array([137, 143]))
	Y Val Labels:(array([0.], dtype=float32), array([280]))
Training group 3, split 2
	Early stopping at epoch 13
	Y Train Labels:(array([0., 1.], dtype=float32), array([417, 143]))
	Y Val Labels:(array([0.], dtype=float32), array([280]))
Training group 3, split 3
	Early stopping at epoch 13
	Y Train Labels:(array([0., 1.], dtype=float32), array([697, 143]))
	Y Val Labels:(array([0.], dtype=float32), array([280]))
Done.
	Creating sequence for 'raze-network'... Training group 4, split 1
	Early stopping at epoch 13
	Y Train Labels:(array([1.], dtype=float32), array([255]))
	Y Val Labels:(array([0., 1.], dtype=float32), array([229,  23]))
Training group 4, split 2
	Early stopping at epoch 13
	Y Train Labels:(array([0., 1.], dtype=float32), array([229, 278]))
	Y Val Labels:(array([0.], dtype=float32), array([252]))
Training group 4, split 3
	Early stopping at epoch 13
	Y Train Labels:(array([0., 1.], dtype=float32), array([481, 278]))
	Y Val Labels:(array([0.], dtype=float32), array([252]))
Done.
	Creating sequence for 'electroneum'... Training group 5, split 1
	Early stopping at epoch 13
	Y Train Labels:(array([1.], dtype=float32), array([567]))
	Y Val Labels:(array([1.], dtype=float32), array([567]))
Training group 5, split 2
