


--------------------------------------------------
Starting lstm.py at '2024-10-16 15:02:59.836729'.
Reading './isDaoActiveData(4).json'... Done.
Total training Data: 379
DAOs trained so far:152
Size of training set: 113
Size of test set: 114
Preparing data for training...
Preparing data for testing...
Parameters:
	Num epochs: 60
	Initial learning rate: 0.001
	Patience: 12
	Window size: 60
	Timeseries splits: 3
	Minimum number of timeseries datapoints: 64
Gradient boosting params: 
	{"max_depth": 3, "learning_rate": 0.05, "n_estimators": 100, "objective": "binary:logistic", "eval_metric": "logloss"}
	Creating sequence for 'astar'... Training group 0, split 1
	Y Train Labels:(array([1.], dtype=float32), array([219]))
	Y Val Labels:(array([1.], dtype=float32), array([216]))
Training group 0, split 2
	Y Train Labels:(array([1.], dtype=float32), array([435]))
	Y Val Labels:(array([1.], dtype=float32), array([216]))
Training group 0, split 3
	Y Train Labels:(array([1.], dtype=float32), array([651]))
	Y Val Labels:(array([1.], dtype=float32), array([216]))
Done.
	Creating sequence for 'augur'... Training group 1, split 1
	Y Train Labels:(array([1.], dtype=float32), array([587]))
	Y Val Labels:(array([1.], dtype=float32), array([586]))
Training group 1, split 2
	Y Train Labels:(array([1.], dtype=float32), array([1173]))
	Y Val Labels:(array([1.], dtype=float32), array([586]))
Training group 1, split 3
	Early stopping at epoch 13
	Y Train Labels:(array([1.], dtype=float32), array([1759]))
	Y Val Labels:(array([0., 1.], dtype=float32), array([222, 364]))
Done.
	Creating sequence for 'adshares'... Training group 2, split 1
	Y Train Labels:(array([1.], dtype=float32), array([569]))
	Y Val Labels:(array([1.], dtype=float32), array([568]))
Training group 2, split 2
	Y Train Labels:(array([1.], dtype=float32), array([1137]))
	Y Val Labels:(array([1.], dtype=float32), array([568]))
Training group 2, split 3
	Early stopping at epoch 13
	Y Train Labels:(array([1.], dtype=float32), array([1705]))
	Y Val Labels:(array([0., 1.], dtype=float32), array([171, 397]))
Done.
	Creating sequence for 'ceres'... Training group 3, split 1
	Y Train Labels:(array([1.], dtype=float32), array([263]))
	Y Val Labels:(array([1.], dtype=float32), array([261]))
Training group 3, split 2
	Early stopping at epoch 13
	Y Train Labels:(array([1.], dtype=float32), array([524]))
	Y Val Labels:(array([0., 1.], dtype=float32), array([236,  25]))
Training group 3, split 3
	Early stopping at epoch 29
	Y Train Labels:(array([0., 1.], dtype=float32), array([236, 549]))
	Y Val Labels:(array([0.], dtype=float32), array([261]))
Done.
	Creating sequence for 'constitutiondao'... Training group 4, split 1
	Y Train Labels:(array([1.], dtype=float32), array([235]))
	Y Val Labels:(array([1.], dtype=float32), array([232]))
Training group 4, split 2
	Y Train Labels:(array([1.], dtype=float32), array([467]))
	Y Val Labels:(array([1.], dtype=float32), array([232]))
Training group 4, split 3
	Y Train Labels:(array([1.], dtype=float32), array([699]))
	Y Val Labels:(array([1.], dtype=float32), array([232]))
Done.
	Creating sequence for 'aragon'... Training group 5, split 1
	Y Train Labels:(array([1.], dtype=float32), array([586]))
	Y Val Labels:(array([1.], dtype=float32), array([586]))
Training group 5, split 2
