


--------------------------------------------------
Starting lstm.py at '2024-10-27 00:44:08.147345'.
Reading '../classifiedDAOs.json'... Done.
Total training Data: 1578
DAOs trained so far:889
Size of training set: 215
Size of test set: 474
Preparing data for training...
Preparing data for testing...
Parameters:
	Num epochs: 60
	Initial learning rate: 0.001
	Patience: 12
	Window size: 60
	Timeseries splits: 3
	Minimum number of timeseries datapoints: 64
Gradient boosting params: 
	{"max_depth": 3, "learning_rate": 0.05, "n_estimators": 100, "objective": "binary:logistic", "eval_metric": "logloss"}
	Creating sequence for 'genesis-shards'... Training group 0, split 1
	Early stopping at epoch 13
	Y Train Labels:(array([1.], dtype=float32), array([292]))
	Y Val Labels:(array([0., 1.], dtype=float32), array([232,  59]))
Training group 0, split 2
	Early stopping at epoch 41
	Y Train Labels:(array([0., 1.], dtype=float32), array([232, 351]))
	Y Val Labels:(array([0.], dtype=float32), array([291]))
Training group 0, split 3
	Early stopping at epoch 39
	Y Train Labels:(array([0., 1.], dtype=float32), array([523, 351]))
	Y Val Labels:(array([0.], dtype=float32), array([291]))
Done.
	Creating sequence for 'wazirx'... Training group 1, split 1
	Early stopping at epoch 13
	Y Train Labels:(array([1.], dtype=float32), array([395]))
	Y Val Labels:(array([0., 1.], dtype=float32), array([115, 278]))
Training group 1, split 2
	Early stopping at epoch 47
	Y Train Labels:(array([0., 1.], dtype=float32), array([115, 673]))
	Y Val Labels:(array([0.], dtype=float32), array([393]))
Training group 1, split 3
	Early stopping at epoch 21
	Y Train Labels:(array([0., 1.], dtype=float32), array([508, 673]))
	Y Val Labels:(array([0.], dtype=float32), array([393]))
Done.
	Creating sequence for 'azuki'... Training group 2, split 1
	Early stopping at epoch 22
	Y Train Labels:(array([1.], dtype=float32), array([245]))
	Y Val Labels:(array([0., 1.], dtype=float32), array([ 46, 198]))
Training group 2, split 2
	Y Train Labels:(array([0., 1.], dtype=float32), array([ 46, 443]))
	Y Val Labels:(array([0.], dtype=float32), array([244]))
Training group 2, split 3
	Early stopping at epoch 26
	Y Train Labels:(array([0., 1.], dtype=float32), array([290, 443]))
	Y Val Labels:(array([0.], dtype=float32), array([244]))
Done.
	Creating sequence for 'adamant-messenger'... Training group 3, split 1
	Y Train Labels:(array([1.], dtype=float32), array([485]))
	Y Val Labels:(array([1.], dtype=float32), array([485]))
Training group 3, split 2
	Y Train Labels:(array([1.], dtype=float32), array([970]))
	Y Val Labels:(array([1.], dtype=float32), array([485]))
Training group 3, split 3
