


--------------------------------------------------
Starting lstm.py at '2024-10-26 23:31:39.739825'.
Reading '../classifiedDAOs.json'... Done.
Total training Data: 1578
DAOs trained so far:564
Size of training set: 540
Size of test set: 474
Preparing data for training...
Preparing data for testing...
Parameters:
	Num epochs: 60
	Initial learning rate: 0.001
	Patience: 12
	Window size: 60
	Timeseries splits: 3
	Minimum number of timeseries datapoints: 64
Gradient boosting params: 
	{"max_depth": 3, "learning_rate": 0.05, "n_estimators": 100, "objective": "binary:logistic", "eval_metric": "logloss"}
	Creating sequence for 'metronome'... Training group 0, split 1
	Early stopping at epoch 13
	Y Train Labels:(array([1.], dtype=float32), array([543]))
	Y Val Labels:(array([1.], dtype=float32), array([541]))
Training group 0, split 2
	Early stopping at epoch 13
	Y Train Labels:(array([1.], dtype=float32), array([1084]))
	Y Val Labels:(array([1.], dtype=float32), array([541]))
Training group 0, split 3
	Early stopping at epoch 13
	Y Train Labels:(array([1.], dtype=float32), array([1625]))
	Y Val Labels:(array([0., 1.], dtype=float32), array([ 16, 525]))
Done.
	Creating sequence for 'realio-network'... Training group 1, split 1
	Early stopping at epoch 13
	Y Train Labels:(array([1.], dtype=float32), array([375]))
	Y Val Labels:(array([1.], dtype=float32), array([372]))
Training group 1, split 2
	Early stopping at epoch 13
	Y Train Labels:(array([1.], dtype=float32), array([747]))
	Y Val Labels:(array([1.], dtype=float32), array([372]))
Training group 1, split 3
	Early stopping at epoch 13
	Y Train Labels:(array([1.], dtype=float32), array([1119]))
	Y Val Labels:(array([1.], dtype=float32), array([372]))
Done.
	Creating sequence for 'revolve-games'... Training group 2, split 1
	Early stopping at epoch 13
	Y Train Labels:(array([0., 1.], dtype=float32), array([ 42, 165]))
	Y Val Labels:(array([0.], dtype=float32), array([206]))
Training group 2, split 2
	Early stopping at epoch 13
	Y Train Labels:(array([0., 1.], dtype=float32), array([248, 165]))
	Y Val Labels:(array([0.], dtype=float32), array([206]))
Training group 2, split 3
	Early stopping at epoch 13
	Y Train Labels:(array([0., 1.], dtype=float32), array([454, 165]))
	Y Val Labels:(array([0.], dtype=float32), array([206]))
Done.
	Creating sequence for 'polygon-ecosystem-token'... Training group 3, split 1
	Early stopping at epoch 13
	Y Train Labels:(array([1.], dtype=float32), array([66]))
	Y Val Labels:(array([1.], dtype=float32), array([66]))
Training group 3, split 2
	Early stopping at epoch 13
	Y Train Labels:(array([1.], dtype=float32), array([132]))
	Y Val Labels:(array([1.], dtype=float32), array([66]))
Training group 3, split 3
	Early stopping at epoch 13
	Y Train Labels:(array([1.], dtype=float32), array([198]))
	Y Val Labels:(array([1.], dtype=float32), array([66]))
Done.
	Creating sequence for 'cryptofranc'... Training group 4, split 1
	Early stopping at epoch 13
	Y Train Labels:(array([0.], dtype=float32), array([424]))
	Y Val Labels:(array([0.], dtype=float32), array([421]))
Training group 4, split 2
