


--------------------------------------------------
Starting lstm.py at '2024-10-11 20:04:54.358805'.
Reading './isDaoActiveData(4).json'... Done.
Total training Data: 379
Preparing data for training...
<torch.utils.data.dataloader.DataLoader object at 0x11d9ee300>
Preparing data for testing...
Trained so far:224
Parameters:
	Num epochs: 60
	Initial learning rate: 0.001
	Patience: 12
	Window size: 60
	Timeseries splits: 3
	Minimum number of timeseries datapoints: 64
Gradient boosting params: 
	{"max_depth": 3, "learning_rate": 0.05, "n_estimators": 100, "objective": "binary:logistic", "eval_metric": "logloss"}
	Creating sequence for 'biswap'... [[[nan  0. nan]
  [nan  0. nan]
  [nan  0. nan]
  ...
  [nan  0. nan]
  [nan  0. nan]
  [nan  0. nan]]

 [[nan  0. nan]
  [nan  0. nan]
  [nan  0. nan]
  ...
  [nan  0. nan]
  [nan  0. nan]
  [nan  0. nan]]

 [[nan  0. nan]
  [nan  0. nan]
  [nan  0. nan]
  ...
  [nan  0. nan]
  [nan  0. nan]
  [nan  0. nan]]

 ...

 [[nan  0. nan]
  [nan  0. nan]
  [nan  0. nan]
  ...
  [nan  0. nan]
  [nan  0. nan]
  [nan  0. nan]]

 [[nan  0. nan]
  [nan  0. nan]
  [nan  0. nan]
  ...
  [nan  0. nan]
  [nan  0. nan]
  [nan  0. nan]]

 [[nan  0. nan]
  [nan  0. nan]
  [nan  0. nan]
  ...
  [nan  0. nan]
  [nan  0. nan]
  [nan  0. nan]]][0 0 0 ... 1 1 1]
Done.
Training group 0, split 1
