


--------------------------------------------------
Starting lstm.py at '2024-10-23 19:11:12.031397'.
Reading '../classifiedDAOs.json'... Done.
Total training Data: 1578
DAOs trained so far:381
Size of training set: 723
Size of test set: 474
Preparing data for training...
Preparing data for testing...
Parameters:
	Num epochs: 60
	Initial learning rate: 0.001
	Patience: 12
	Window size: 60
	Timeseries splits: 3
	Minimum number of timeseries datapoints: 64
Gradient boosting params: 
	{"max_depth": 3, "learning_rate": 0.05, "n_estimators": 100, "objective": "binary:logistic", "eval_metric": "logloss"}
	Creating sequence for 'glitch'... Training group 0, split 1
	Early stopping at epoch 13
	Y Train Labels:(array([1.], dtype=float32), array([313]))
	Y Val Labels:(array([1.], dtype=float32), array([310]))
Training group 0, split 2
	Early stopping at epoch 17
	Y Train Labels:(array([1.], dtype=float32), array([623]))
	Y Val Labels:(array([0., 1.], dtype=float32), array([ 33, 277]))
Training group 0, split 3
	Early stopping at epoch 47
	Y Train Labels:(array([0., 1.], dtype=float32), array([ 33, 900]))
	Y Val Labels:(array([0.], dtype=float32), array([310]))
Done.
	Creating sequence for 'frax-share'... Training group 1, split 1
	Y Train Labels:(array([1.], dtype=float32), array([315]))
	Y Val Labels:(array([1.], dtype=float32), array([315]))
Training group 1, split 2
	Y Train Labels:(array([1.], dtype=float32), array([630]))
	Y Val Labels:(array([1.], dtype=float32), array([315]))
Training group 1, split 3
	Y Train Labels:(array([1.], dtype=float32), array([945]))
	Y Val Labels:(array([1.], dtype=float32), array([315]))
Done.
	Creating sequence for 'quiztok'... Training group 2, split 1
	Early stopping at epoch 54
	Y Train Labels:(array([0., 1.], dtype=float32), array([ 45, 344]))
	Y Val Labels:(array([0.], dtype=float32), array([387]))
Training group 2, split 2
	Early stopping at epoch 31
	Y Train Labels:(array([0., 1.], dtype=float32), array([432, 344]))
	Y Val Labels:(array([0.], dtype=float32), array([387]))
Training group 2, split 3
	Early stopping at epoch 42
	Y Train Labels:(array([0., 1.], dtype=float32), array([819, 344]))
	Y Val Labels:(array([0.], dtype=float32), array([387]))
Done.
	Creating sequence for 'qlink'... Training group 3, split 1
	Y Train Labels:(array([1.], dtype=float32), array([372]))
	Y Val Labels:(array([1.], dtype=float32), array([371]))
Training group 3, split 2
	Y Train Labels:(array([1.], dtype=float32), array([743]))
	Y Val Labels:(array([1.], dtype=float32), array([371]))
Training group 3, split 3
	Y Train Labels:(array([1.], dtype=float32), array([1114]))
	Y Val Labels:(array([1.], dtype=float32), array([371]))
Done.
	Creating sequence for 'xsgd'... Training group 4, split 1
	Y Train Labels:(array([1.], dtype=float32), array([239]))
	Y Val Labels:(array([1.], dtype=float32), array([236]))
Training group 4, split 2
	Y Train Labels:(array([1.], dtype=float32), array([475]))
	Y Val Labels:(array([1.], dtype=float32), array([236]))
Training group 4, split 3
	Y Train Labels:(array([1.], dtype=float32), array([711]))
	Y Val Labels:(array([1.], dtype=float32), array([236]))
Done.
	Creating sequence for 'satoshivm'... Training group 5, split 1
	Early stopping at epoch 13
	Y Train Labels:(array([1.], dtype=float32), array([48]))
	Y Val Labels:(array([0., 1.], dtype=float32), array([24, 23]))
Training group 5, split 2
	Early stopping at epoch 26
	Y Train Labels:(array([0., 1.], dtype=float32), array([24, 71]))
	Y Val Labels:(array([0.], dtype=float32), array([47]))
Training group 5, split 3
	Early stopping at epoch 27
	Y Train Labels:(array([0., 1.], dtype=float32), array([71, 71]))
	Y Val Labels:(array([0.], dtype=float32), array([47]))
Done.
	Creating sequence for 'inverse-finance'... Training group 6, split 1
	Y Train Labels:(array([1.], dtype=float32), array([300]))
	Y Val Labels:(array([1.], dtype=float32), array([298]))
Training group 6, split 2
	Early stopping at epoch 13
	Y Train Labels:(array([1.], dtype=float32), array([598]))
	Y Val Labels:(array([0., 1.], dtype=float32), array([160, 138]))
Training group 6, split 3
	Early stopping at epoch 34
	Y Train Labels:(array([0., 1.], dtype=float32), array([160, 736]))
	Y Val Labels:(array([0.], dtype=float32), array([298]))
Done.
	Creating sequence for 'nxt'... Training group 7, split 1
	Y Train Labels:(array([1.], dtype=float32), array([596]))
	Y Val Labels:(array([1.], dtype=float32), array([594]))
Training group 7, split 2
