


--------------------------------------------------
Starting lstm.py at '2024-10-25 16:53:12.433136'.
Reading './balancedDataset.json'... Done.
Total training Data: 1030
DAOs trained so far:230
Size of training set: 491
Size of test set: 309
Preparing data for training...
Preparing data for testing...
Parameters:
	Num epochs: 60
	Initial learning rate: 0.001
	Patience: 12
	Window size: 60
	Timeseries splits: 3
	Minimum number of timeseries datapoints: 64
Gradient boosting params: 
	{"max_depth": 3, "learning_rate": 0.05, "n_estimators": 100, "objective": "binary:logistic", "eval_metric": "logloss"}
	Creating sequence for 'neo'... Training group 0, split 1
	Early stopping at epoch 13
	Y Train Labels:(array([1.], dtype=float32), array([568]))
	Y Val Labels:(array([1.], dtype=float32), array([567]))
Training group 0, split 2
	Early stopping at epoch 13
	Y Train Labels:(array([1.], dtype=float32), array([1135]))
	Y Val Labels:(array([1.], dtype=float32), array([567]))
Training group 0, split 3
	Early stopping at epoch 13
	Y Train Labels:(array([1.], dtype=float32), array([1702]))
	Y Val Labels:(array([1.], dtype=float32), array([567]))
Done.
	Creating sequence for 'pocket-network'... Training group 1, split 1
	Early stopping at epoch 13
	Y Train Labels:(array([1.], dtype=float32), array([110]))
	Y Val Labels:(array([1.], dtype=float32), array([110]))
Training group 1, split 2
	Early stopping at epoch 13
	Y Train Labels:(array([1.], dtype=float32), array([220]))
	Y Val Labels:(array([1.], dtype=float32), array([110]))
Training group 1, split 3
	Early stopping at epoch 13
	Y Train Labels:(array([1.], dtype=float32), array([330]))
	Y Val Labels:(array([1.], dtype=float32), array([110]))
Done.
	Creating sequence for 'uniswap'... Training group 2, split 1
	Early stopping at epoch 13
	Y Train Labels:(array([1.], dtype=float32), array([296]))
	Y Val Labels:(array([1.], dtype=float32), array([294]))
Training group 2, split 2
	Early stopping at epoch 13
	Y Train Labels:(array([1.], dtype=float32), array([590]))
	Y Val Labels:(array([1.], dtype=float32), array([294]))
Training group 2, split 3
	Early stopping at epoch 13
	Y Train Labels:(array([1.], dtype=float32), array([884]))
	Y Val Labels:(array([1.], dtype=float32), array([294]))
Done.
	Creating sequence for 'manta-network'... Training group 3, split 1
	Early stopping at epoch 13
	Y Train Labels:(array([1.], dtype=float32), array([50]))
	Y Val Labels:(array([1.], dtype=float32), array([47]))
Training group 3, split 2
	Early stopping at epoch 13
	Y Train Labels:(array([1.], dtype=float32), array([97]))
	Y Val Labels:(array([1.], dtype=float32), array([47]))
Training group 3, split 3
	Early stopping at epoch 13
	Y Train Labels:(array([1.], dtype=float32), array([144]))
	Y Val Labels:(array([1.], dtype=float32), array([47]))
Done.
	Creating sequence for 'ime-lab'... Training group 4, split 1
	Early stopping at epoch 13
	Y Train Labels:(array([1.], dtype=float32), array([284]))
	Y Val Labels:(array([1.], dtype=float32), array([282]))
Training group 4, split 2
