


--------------------------------------------------
Starting lstm.py at '2024-10-25 12:15:30.989225'.
Reading './balancedDataset.json'... Done.
Total training Data: 1030
DAOs trained so far:529
Size of training set: 192
Size of test set: 309
Preparing data for training...
Preparing data for testing...
Parameters:
	Num epochs: 60
	Initial learning rate: 0.001
	Patience: 12
	Window size: 60
	Timeseries splits: 3
	Minimum number of timeseries datapoints: 64
Gradient boosting params: 
	{"max_depth": 3, "learning_rate": 0.05, "n_estimators": 100, "objective": "binary:logistic", "eval_metric": "logloss"}
	Creating sequence for 'amaterasu-omikami'... Training group 0, split 1
	Y Train Labels:(array([1.], dtype=float32), array([80]))
	Y Val Labels:(array([1.], dtype=float32), array([77]))
Training group 0, split 2
	Y Train Labels:(array([1.], dtype=float32), array([157]))
	Y Val Labels:(array([1.], dtype=float32), array([77]))
Training group 0, split 3
	Early stopping at epoch 13
	Y Train Labels:(array([1.], dtype=float32), array([234]))
	Y Val Labels:(array([0., 1.], dtype=float32), array([ 9, 68]))
Done.
	Creating sequence for 'nervos-network'... Training group 1, split 1
	Y Train Labels:(array([1.], dtype=float32), array([415]))
	Y Val Labels:(array([1.], dtype=float32), array([412]))
Training group 1, split 2
	Y Train Labels:(array([1.], dtype=float32), array([827]))
	Y Val Labels:(array([1.], dtype=float32), array([412]))
Training group 1, split 3
	Y Train Labels:(array([1.], dtype=float32), array([1239]))
	Y Val Labels:(array([1.], dtype=float32), array([412]))
Done.
	Creating sequence for 'bread'... Training group 2, split 1
	Early stopping at epoch 32
	Y Train Labels:(array([1.], dtype=float32), array([540]))
	Y Val Labels:(array([1.], dtype=float32), array([538]))
Training group 2, split 2
	Early stopping at epoch 13
	Y Train Labels:(array([1.], dtype=float32), array([1078]))
	Y Val Labels:(array([0., 1.], dtype=float32), array([148, 390]))
Training group 2, split 3
	Early stopping at epoch 42
	Y Train Labels:(array([0., 1.], dtype=float32), array([ 148, 1468]))
	Y Val Labels:(array([0.], dtype=float32), array([538]))
Done.
	Creating sequence for 'elvishmagic'... Training group 3, split 1
	Y Train Labels:(array([1.], dtype=float32), array([130]))
	Y Val Labels:(array([1.], dtype=float32), array([129]))
Training group 3, split 2
	Y Train Labels:(array([1.], dtype=float32), array([259]))
	Y Val Labels:(array([1.], dtype=float32), array([129]))
Training group 3, split 3
	Early stopping at epoch 13
	Y Train Labels:(array([1.], dtype=float32), array([388]))
	Y Val Labels:(array([0., 1.], dtype=float32), array([72, 57]))
Done.
	Creating sequence for 'arsenal-fan-token'... Training group 4, split 1
	Y Train Labels:(array([1.], dtype=float32), array([253]))
	Y Val Labels:(array([1.], dtype=float32), array([250]))
Training group 4, split 2
	Y Train Labels:(array([1.], dtype=float32), array([503]))
	Y Val Labels:(array([1.], dtype=float32), array([250]))
Training group 4, split 3
	Early stopping at epoch 41
	Y Train Labels:(array([1.], dtype=float32), array([753]))
	Y Val Labels:(array([0., 1.], dtype=float32), array([147, 103]))
Done.
	Creating sequence for 'attila'... Training group 5, split 1
	Early stopping at epoch 28
	Y Train Labels:(array([0., 1.], dtype=float32), array([ 76, 307]))
	Y Val Labels:(array([0.], dtype=float32), array([380]))
Training group 5, split 2
	Early stopping at epoch 24
	Y Train Labels:(array([0., 1.], dtype=float32), array([456, 307]))
	Y Val Labels:(array([0.], dtype=float32), array([380]))
Training group 5, split 3
	Early stopping at epoch 28
	Y Train Labels:(array([0., 1.], dtype=float32), array([836, 307]))
	Y Val Labels:(array([0.], dtype=float32), array([380]))
Done.
	Creating sequence for 'tellor'... Training group 6, split 1
	Y Train Labels:(array([1.], dtype=float32), array([416]))
	Y Val Labels:(array([1.], dtype=float32), array([413]))
Training group 6, split 2
	Y Train Labels:(array([1.], dtype=float32), array([829]))
	Y Val Labels:(array([1.], dtype=float32), array([413]))
Training group 6, split 3
