


--------------------------------------------------
Starting lstm.py at '2024-10-14 00:11:17.974134'.
Reading './isDaoActiveData(4).json'... Done.
Total training Data: 379
DAOs trained so far:34
Size of training set: 231
Size of test set: 114
Preparing data for training...
Preparing data for testing...
Parameters:
	Num epochs: 60
	Initial learning rate: 0.001
	Patience: 12
	Window size: 60
	Timeseries splits: 3
	Minimum number of timeseries datapoints: 64
Gradient boosting params: 
	{"max_depth": 3, "learning_rate": 0.05, "n_estimators": 100, "objective": "binary:logistic", "eval_metric": "logloss"}
	Creating sequence for 'antimatter'... Training group 0, split 1
	Y Train Labels:(array([1.], dtype=float32), array([298]))
	Y Val Labels:(array([1.], dtype=float32), array([297]))
Training group 0, split 2
	Early stopping at epoch 13
	Y Train Labels:(array([1.], dtype=float32), array([595]))
	Y Val Labels:(array([0., 1.], dtype=float32), array([280,  17]))
Training group 0, split 3
	Early stopping at epoch 27
	Y Train Labels:(array([0., 1.], dtype=float32), array([280, 612]))
	Y Val Labels:(array([0.], dtype=float32), array([297]))
Done.
	Creating sequence for 'bistroo'... Training group 1, split 1
	Early stopping at epoch 14
	Y Train Labels:(array([0., 1.], dtype=float32), array([ 21, 271]))
	Y Val Labels:(array([0.], dtype=float32), array([291]))
Training group 1, split 2
	Early stopping at epoch 30
	Y Train Labels:(array([0., 1.], dtype=float32), array([312, 271]))
	Y Val Labels:(array([0.], dtype=float32), array([291]))
Training group 1, split 3
	Early stopping at epoch 27
	Y Train Labels:(array([0., 1.], dtype=float32), array([603, 271]))
	Y Val Labels:(array([0.], dtype=float32), array([291]))
Done.
	Creating sequence for 'aipad'... Training group 2, split 1
	Y Train Labels:(array([0.], dtype=float32), array([130]))
	Y Val Labels:(array([0.], dtype=float32), array([128]))
Training group 2, split 2
	Y Train Labels:(array([0.], dtype=float32), array([258]))
	Y Val Labels:(array([0.], dtype=float32), array([128]))
Training group 2, split 3
	Y Train Labels:(array([0.], dtype=float32), array([386]))
	Y Val Labels:(array([0.], dtype=float32), array([128]))
Done.
	Creating sequence for 'bidao'... Training group 3, split 1
	Early stopping at epoch 21
	Y Train Labels:(array([1.], dtype=float32), array([319]))
	Y Val Labels:(array([0., 1.], dtype=float32), array([177, 142]))
Training group 3, split 2
	Early stopping at epoch 30
	Y Train Labels:(array([0., 1.], dtype=float32), array([177, 461]))
	Y Val Labels:(array([0.], dtype=float32), array([319]))
Training group 3, split 3
	Early stopping at epoch 30
	Y Train Labels:(array([0., 1.], dtype=float32), array([496, 461]))
	Y Val Labels:(array([0.], dtype=float32), array([319]))
Done.
	Creating sequence for 'bitmart-token'... Training group 4, split 1
	Y Train Labels:(array([1.], dtype=float32), array([541]))
	Y Val Labels:(array([1.], dtype=float32), array([541]))
Training group 4, split 2
