


--------------------------------------------------
Starting lstm.py at '2024-09-22 16:18:58.387179'.
Reading './isDaoActiveData(9).json'... Done.
Total training Data: 30
Size of training set: 21
Size of test set: 9
Preparing data for training...
	Creating sequence for '0-mee'... Done.
	Creating sequence for '0xblack'... Done.
	Creating sequence for '01coin'... Done.
	Creating sequence for '0xbet'... Done.
	Creating sequence for '0x'... Done.
	Creating sequence for '0xanon'... Done.
	Creating sequence for '0xaiswap'... Done.
	Creating sequence for '0xdao'... Done.
	Creating sequence for '0-knowledge-network'... Done.
	Creating sequence for '0xos-ai'... Done.
	Creating sequence for '0xgasless-2'... Done.
	Creating sequence for '0xlp'... Done.
	Creating sequence for '0xgpu-ai'... Done.
	Creating sequence for '0xcoco'... Done.
	Creating sequence for '0dog'... Skipped.
	Creating sequence for '0xdefcafe'... Done.
	Creating sequence for '0xmonero'... Done.
	Creating sequence for '0chain'... Done.
	Creating sequence for '0x0-ai-ai-smart-contract'... Done.
	Creating sequence for '0xadventure'... Done.
	Creating sequence for '1000bonk'... Done.
Preparing data for testing...
	Creating sequence for '0x-leverage'... Done.
	Creating sequence for '1000troll'... Done.
	Creating sequence for '0xgen'... Done.
	Creating sequence for '0xvpn-org'... Done.
	Creating sequence for '0xscans'... Done.
	Creating sequence for '0x404'... Done.
	Creating sequence for '0x678-landwolf-1933'... Done.
	Creating sequence for '1000sats-ordinals'... Done.
	Creating sequence for '0xnumber'... Done.
Actual training set: 20 entries
Actual testing set:  9 entries
Actual training/total ratio: 0.6666666666666666
Parameters:
	Num epochs: 60
	Initial learning rate: 0.001
	Patience: 12
	Window size: 60
	Timeseries splits: 3
	Minimum number of timeseries datapoints: 64
Gradient boosting params: 
	{"max_depth": 3, "learning_rate": 0.05, "n_estimators": 100, "objective": "binary:logistic", "eval_metric": "logloss", "use_label_encoder": false}
Training group 0, split 1
	Y Train Labels:(array([0.], dtype=float32), array([76]))
	Y Val Labels:(array([0.], dtype=float32), array([76]))
Training group 0, split 2
	Y Train Labels:(array([0.], dtype=float32), array([152]))
	Y Val Labels:(array([0.], dtype=float32), array([76]))
Training group 0, split 3
	Y Train Labels:(array([0.], dtype=float32), array([228]))
	Y Val Labels:(array([0.], dtype=float32), array([76]))
Training group 1, split 1
	Early stopping at epoch 13
	Y Train Labels:(array([0., 1.], dtype=float32), array([32,  5]))
	Y Val Labels:(array([0.], dtype=float32), array([36]))
Training group 1, split 2
	Early stopping at epoch 13
	Y Train Labels:(array([0., 1.], dtype=float32), array([68,  5]))
	Y Val Labels:(array([0.], dtype=float32), array([36]))
Training group 1, split 3
	Early stopping at epoch 23
	Y Train Labels:(array([0., 1.], dtype=float32), array([104,   5]))
	Y Val Labels:(array([0.], dtype=float32), array([36]))
Training group 2, split 1
	Early stopping at epoch 13
	Y Train Labels:(array([0., 1.], dtype=float32), array([45, 30]))
	Y Val Labels:(array([0.], dtype=float32), array([75]))
Training group 2, split 2
	Early stopping at epoch 24
	Y Train Labels:(array([0., 1.], dtype=float32), array([120,  30]))
	Y Val Labels:(array([0.], dtype=float32), array([75]))
Training group 2, split 3
	Early stopping at epoch 20
	Y Train Labels:(array([0., 1.], dtype=float32), array([195,  30]))
	Y Val Labels:(array([0.], dtype=float32), array([75]))
Training group 3, split 1
	Y Train Labels:(array([0.], dtype=float32), array([17]))
	Y Val Labels:(array([0.], dtype=float32), array([16]))
Training group 3, split 2
	Y Train Labels:(array([0.], dtype=float32), array([33]))
	Y Val Labels:(array([0.], dtype=float32), array([16]))
Training group 3, split 3
	Y Train Labels:(array([0.], dtype=float32), array([49]))
	Y Val Labels:(array([0.], dtype=float32), array([16]))
Training group 4, split 1
	Y Train Labels:(array([1.], dtype=float32), array([78]))
	Y Val Labels:(array([1.], dtype=float32), array([76]))
Training group 4, split 2
	Early stopping at epoch 13
	Y Train Labels:(array([1.], dtype=float32), array([154]))
	Y Val Labels:(array([0., 1.], dtype=float32), array([54, 22]))
Training group 4, split 3
	Early stopping at epoch 13
	Y Train Labels:(array([0., 1.], dtype=float32), array([ 54, 176]))
	Y Val Labels:(array([0.], dtype=float32), array([76]))
Training group 5, split 1
	Early stopping at epoch 13
	Y Train Labels:(array([1.], dtype=float32), array([61]))
	Y Val Labels:(array([0., 1.], dtype=float32), array([54,  5]))
Training group 5, split 2
	Early stopping at epoch 51
	Y Train Labels:(array([0., 1.], dtype=float32), array([54, 66]))
	Y Val Labels:(array([0.], dtype=float32), array([59]))
Training group 5, split 3
	Early stopping at epoch 42
	Y Train Labels:(array([0., 1.], dtype=float32), array([113,  66]))
	Y Val Labels:(array([0.], dtype=float32), array([59]))
Training group 6, split 1
	Early stopping at epoch 39
	Y Train Labels:(array([1.], dtype=float32), array([65]))
	Y Val Labels:(array([0., 1.], dtype=float32), array([25, 40]))
Training group 6, split 2
	Early stopping at epoch 23
	Y Train Labels:(array([0., 1.], dtype=float32), array([ 25, 105]))
	Y Val Labels:(array([0.], dtype=float32), array([65]))
Training group 6, split 3
	Early stopping at epoch 36
	Y Train Labels:(array([0., 1.], dtype=float32), array([ 90, 105]))
	Y Val Labels:(array([0.], dtype=float32), array([65]))
Training group 7, split 1
	Y Train Labels:(array([0.], dtype=float32), array([75]))
	Y Val Labels:(array([0.], dtype=float32), array([73]))
Training group 7, split 2
	Y Train Labels:(array([0.], dtype=float32), array([148]))
	Y Val Labels:(array([0.], dtype=float32), array([73]))
Training group 7, split 3
	Y Train Labels:(array([0.], dtype=float32), array([221]))
	Y Val Labels:(array([0.], dtype=float32), array([73]))
Training group 8, split 1
	Y Train Labels:(array([1.], dtype=float32), array([78]))
	Y Val Labels:(array([1.], dtype=float32), array([76]))
Training group 8, split 2
	Early stopping at epoch 13
	Y Train Labels:(array([1.], dtype=float32), array([154]))
	Y Val Labels:(array([0., 1.], dtype=float32), array([49, 27]))
Training group 8, split 3
	Early stopping at epoch 36
	Y Train Labels:(array([0., 1.], dtype=float32), array([ 49, 181]))
	Y Val Labels:(array([0.], dtype=float32), array([76]))
Training group 9, split 1
	Y Train Labels:(array([0.], dtype=float32), array([18]))
	Y Val Labels:(array([0.], dtype=float32), array([16]))
Training group 9, split 2
	Y Train Labels:(array([0.], dtype=float32), array([34]))
	Y Val Labels:(array([0.], dtype=float32), array([16]))
Training group 9, split 3
	Y Train Labels:(array([0.], dtype=float32), array([50]))
	Y Val Labels:(array([0.], dtype=float32), array([16]))
Training group 10, split 1
	Early stopping at epoch 37
	Y Train Labels:(array([1.], dtype=float32), array([57]))
	Y Val Labels:(array([0., 1.], dtype=float32), array([49,  5]))
Training group 10, split 2
	Early stopping at epoch 13
	Y Train Labels:(array([0., 1.], dtype=float32), array([49, 62]))
	Y Val Labels:(array([0.], dtype=float32), array([54]))
Training group 10, split 3
	Early stopping at epoch 25
	Y Train Labels:(array([0., 1.], dtype=float32), array([103,  62]))
	Y Val Labels:(array([0.], dtype=float32), array([54]))
Training group 11, split 1
	Y Train Labels:(array([0.], dtype=float32), array([2]))
	Y Val Labels:(array([0.], dtype=float32), array([1]))
Training group 11, split 2
	Y Train Labels:(array([0.], dtype=float32), array([3]))
	Y Val Labels:(array([0.], dtype=float32), array([1]))
Training group 11, split 3
	Y Train Labels:(array([0.], dtype=float32), array([4]))
	Y Val Labels:(array([0.], dtype=float32), array([1]))
Training group 12, split 1
	Y Train Labels:(array([0.], dtype=float32), array([31]))
	Y Val Labels:(array([0.], dtype=float32), array([29]))
Training group 12, split 2
	Y Train Labels:(array([0.], dtype=float32), array([60]))
	Y Val Labels:(array([0.], dtype=float32), array([29]))
Training group 12, split 3
	Y Train Labels:(array([0.], dtype=float32), array([89]))
	Y Val Labels:(array([0.], dtype=float32), array([29]))
Training group 13, split 1
	Y Train Labels:(array([0.], dtype=float32), array([62]))
	Y Val Labels:(array([0.], dtype=float32), array([59]))
Training group 13, split 2
	Y Train Labels:(array([0.], dtype=float32), array([121]))
	Y Val Labels:(array([0.], dtype=float32), array([59]))
Training group 13, split 3
	Y Train Labels:(array([0.], dtype=float32), array([180]))
	Y Val Labels:(array([0.], dtype=float32), array([59]))
Training group 15, split 1
	Y Train Labels:(array([0.], dtype=float32), array([38]))
	Y Val Labels:(array([0.], dtype=float32), array([37]))
Training group 15, split 2
	Y Train Labels:(array([0.], dtype=float32), array([75]))
	Y Val Labels:(array([0.], dtype=float32), array([37]))
Training group 15, split 3
	Y Train Labels:(array([0.], dtype=float32), array([112]))
	Y Val Labels:(array([0.], dtype=float32), array([37]))
Training group 16, split 1
	Y Train Labels:(array([1.], dtype=float32), array([71]))
	Y Val Labels:(array([0., 1.], dtype=float32), array([ 5, 66]))
Training group 16, split 2
	Early stopping at epoch 13
	Y Train Labels:(array([0., 1.], dtype=float32), array([  5, 137]))
	Y Val Labels:(array([0.], dtype=float32), array([71]))
Training group 16, split 3
	Early stopping at epoch 30
	Y Train Labels:(array([0., 1.], dtype=float32), array([ 76, 137]))
	Y Val Labels:(array([0.], dtype=float32), array([71]))
Training group 17, split 1
	Y Train Labels:(array([1.], dtype=float32), array([78]))
	Y Val Labels:(array([1.], dtype=float32), array([76]))
Training group 17, split 2
	Y Train Labels:(array([1.], dtype=float32), array([154]))
	Y Val Labels:(array([1.], dtype=float32), array([76]))
Training group 17, split 3
	Early stopping at epoch 13
	Y Train Labels:(array([1.], dtype=float32), array([230]))
	Y Val Labels:(array([0., 1.], dtype=float32), array([29, 47]))
Training group 18, split 1
	Y Train Labels:(array([1.], dtype=float32), array([78]))
	Y Val Labels:(array([1.], dtype=float32), array([76]))
Training group 18, split 2
	Early stopping at epoch 26
	Y Train Labels:(array([1.], dtype=float32), array([154]))
	Y Val Labels:(array([1.], dtype=float32), array([76]))
Training group 18, split 3
	Early stopping at epoch 20
	Y Train Labels:(array([1.], dtype=float32), array([230]))
	Y Val Labels:(array([1.], dtype=float32), array([76]))
Training group 19, split 1
	Y Train Labels:(array([0.], dtype=float32), array([16]))
	Y Val Labels:(array([0.], dtype=float32), array([13]))
Training group 19, split 2
	Y Train Labels:(array([0.], dtype=float32), array([29]))
	Y Val Labels:(array([0.], dtype=float32), array([13]))
Training group 19, split 3
	Y Train Labels:(array([0.], dtype=float32), array([42]))
	Y Val Labels:(array([0.], dtype=float32), array([13]))
Training group 20, split 1
	Y Train Labels:(array([1.], dtype=float32), array([53]))
	Y Val Labels:(array([1.], dtype=float32), array([52]))
Training group 20, split 2
	Early stopping at epoch 27
	Y Train Labels:(array([1.], dtype=float32), array([105]))
	Y Val Labels:(array([1.], dtype=float32), array([52]))
Training group 20, split 3
	Early stopping at epoch 19
	Y Train Labels:(array([1.], dtype=float32), array([157]))
	Y Val Labels:(array([1.], dtype=float32), array([52]))
Final Classification Report with Gradient Boosting:
              precision    recall  f1-score   support

   Abandoned       1.00      0.64      0.78      2208
   Operating       0.53      1.00      0.69       900

    accuracy                           0.75      3108
   macro avg       0.77      0.82      0.74      3108
weighted avg       0.86      0.75      0.76      3108

Finished execution at '2024-09-22 16:31:06.947828'.
Execution took: 728.560723
--------------------------------------------------
