


--------------------------------------------------
Starting lstm.py at '2024-10-25 17:30:21.834736'.
Reading './balancedDataset.json'... Done.
Total training Data: 1030
DAOs trained so far:484
Size of training set: 237
Size of test set: 309
Preparing data for training...
Preparing data for testing...
Parameters:
	Num epochs: 60
	Initial learning rate: 0.001
	Patience: 12
	Window size: 60
	Timeseries splits: 3
	Minimum number of timeseries datapoints: 64
Gradient boosting params: 
	{"max_depth": 3, "learning_rate": 0.05, "n_estimators": 100, "objective": "binary:logistic", "eval_metric": "logloss"}
	Creating sequence for 'bitpanda-ecosystem-token'... Training group 0, split 1
	Early stopping at epoch 13
	Y Train Labels:(array([1.], dtype=float32), array([421]))
	Y Val Labels:(array([1.], dtype=float32), array([420]))
Training group 0, split 2
	Early stopping at epoch 13
	Y Train Labels:(array([1.], dtype=float32), array([841]))
	Y Val Labels:(array([1.], dtype=float32), array([420]))
Training group 0, split 3
	Early stopping at epoch 13
	Y Train Labels:(array([1.], dtype=float32), array([1261]))
	Y Val Labels:(array([1.], dtype=float32), array([420]))
Done.
	Creating sequence for 'noia-network'... Training group 1, split 1
	Early stopping at epoch 13
	Y Train Labels:(array([1.], dtype=float32), array([320]))
	Y Val Labels:(array([1.], dtype=float32), array([317]))
Training group 1, split 2
	Early stopping at epoch 13
	Y Train Labels:(array([1.], dtype=float32), array([637]))
	Y Val Labels:(array([1.], dtype=float32), array([317]))
Training group 1, split 3
	Early stopping at epoch 13
	Y Train Labels:(array([1.], dtype=float32), array([954]))
	Y Val Labels:(array([1.], dtype=float32), array([317]))
Done.
	Creating sequence for 'eos'... Training group 2, split 1
	Early stopping at epoch 13
	Y Train Labels:(array([1.], dtype=float32), array([263]))
	Y Val Labels:(array([1.], dtype=float32), array([261]))
Training group 2, split 2
	Early stopping at epoch 13
	Y Train Labels:(array([1.], dtype=float32), array([524]))
	Y Val Labels:(array([1.], dtype=float32), array([261]))
Training group 2, split 3
	Early stopping at epoch 13
	Y Train Labels:(array([1.], dtype=float32), array([785]))
	Y Val Labels:(array([1.], dtype=float32), array([261]))
Done.
	Creating sequence for 'boba-network'... Training group 3, split 1
	Early stopping at epoch 13
	Y Train Labels:(array([1.], dtype=float32), array([237]))
	Y Val Labels:(array([0., 1.], dtype=float32), array([ 71, 165]))
Training group 3, split 2
	Early stopping at epoch 13
	Y Train Labels:(array([0., 1.], dtype=float32), array([ 71, 402]))
	Y Val Labels:(array([0.], dtype=float32), array([236]))
Training group 3, split 3
	Early stopping at epoch 13
	Y Train Labels:(array([0., 1.], dtype=float32), array([307, 402]))
	Y Val Labels:(array([0.], dtype=float32), array([236]))
Done.
	Creating sequence for 'mog-coin'... Training group 4, split 1
	Early stopping at epoch 13
	Y Train Labels:(array([1.], dtype=float32), array([93]))
	Y Val Labels:(array([1.], dtype=float32), array([93]))
Training group 4, split 2
	Early stopping at epoch 13
	Y Train Labels:(array([1.], dtype=float32), array([186]))
	Y Val Labels:(array([1.], dtype=float32), array([93]))
Training group 4, split 3
	Early stopping at epoch 13
	Y Train Labels:(array([1.], dtype=float32), array([279]))
	Y Val Labels:(array([1.], dtype=float32), array([93]))
Done.
	Creating sequence for 'rocket-pool-eth'... Training group 5, split 1
	Early stopping at epoch 13
	Y Train Labels:(array([1.], dtype=float32), array([244]))
	Y Val Labels:(array([1.], dtype=float32), array([244]))
Training group 5, split 2
	Early stopping at epoch 13
	Y Train Labels:(array([1.], dtype=float32), array([488]))
	Y Val Labels:(array([1.], dtype=float32), array([244]))
Training group 5, split 3
	Early stopping at epoch 13
	Y Train Labels:(array([1.], dtype=float32), array([732]))
	Y Val Labels:(array([1.], dtype=float32), array([244]))
Done.
	Creating sequence for 'karrat'... Training group 6, split 1
	Early stopping at epoch 13
	Y Train Labels:(array([0.], dtype=float32), array([24]))
	Y Val Labels:(array([0.], dtype=float32), array([24]))
Training group 6, split 2
	Early stopping at epoch 13
	Y Train Labels:(array([0.], dtype=float32), array([48]))
	Y Val Labels:(array([0.], dtype=float32), array([24]))
Training group 6, split 3
	Early stopping at epoch 13
	Y Train Labels:(array([0.], dtype=float32), array([72]))
	Y Val Labels:(array([0.], dtype=float32), array([24]))
Done.
	Creating sequence for 'axis-defi'... Training group 7, split 1
	Early stopping at epoch 13
	Y Train Labels:(array([1.], dtype=float32), array([343]))
	Y Val Labels:(array([0., 1.], dtype=float32), array([230, 113]))
Training group 7, split 2
