


--------------------------------------------------
Starting lstm.py at '2024-10-27 01:45:44.782956'.
Reading '../classifiedDAOs.json'... Done.
Total training Data: 1578
DAOs trained so far:1043
Size of training set: 61
Size of test set: 474
Preparing data for training...
Preparing data for testing...
Parameters:
	Num epochs: 60
	Initial learning rate: 0.001
	Patience: 12
	Window size: 60
	Timeseries splits: 3
	Minimum number of timeseries datapoints: 64
Gradient boosting params: 
	{"max_depth": 3, "learning_rate": 0.05, "n_estimators": 100, "objective": "binary:logistic", "eval_metric": "logloss"}
	Creating sequence for 'dusk-network'... Training group 0, split 1
	Y Train Labels:(array([1.], dtype=float32), array([455]))
	Y Val Labels:(array([1.], dtype=float32), array([453]))
Training group 0, split 2
	Y Train Labels:(array([1.], dtype=float32), array([908]))
	Y Val Labels:(array([1.], dtype=float32), array([453]))
Training group 0, split 3
	Y Train Labels:(array([1.], dtype=float32), array([1361]))
	Y Val Labels:(array([1.], dtype=float32), array([453]))
Done.
	Creating sequence for 'minswap'... Training group 1, split 1
	Y Train Labels:(array([1.], dtype=float32), array([190]))
	Y Val Labels:(array([1.], dtype=float32), array([189]))
Training group 1, split 2
	Y Train Labels:(array([1.], dtype=float32), array([379]))
	Y Val Labels:(array([1.], dtype=float32), array([189]))
Training group 1, split 3
	Y Train Labels:(array([1.], dtype=float32), array([568]))
	Y Val Labels:(array([1.], dtype=float32), array([189]))
Done.
	Creating sequence for 'coti'... Training group 2, split 1
	Y Train Labels:(array([1.], dtype=float32), array([460]))
	Y Val Labels:(array([1.], dtype=float32), array([458]))
Training group 2, split 2
	Y Train Labels:(array([1.], dtype=float32), array([918]))
	Y Val Labels:(array([1.], dtype=float32), array([458]))
Training group 2, split 3
	Y Train Labels:(array([1.], dtype=float32), array([1376]))
	Y Val Labels:(array([1.], dtype=float32), array([458]))
Done.
	Creating sequence for 'gensokishis-metaverse'... Training group 3, split 1
	Y Train Labels:(array([1.], dtype=float32), array([202]))
	Y Val Labels:(array([1.], dtype=float32), array([202]))
Training group 3, split 2
	Y Train Labels:(array([1.], dtype=float32), array([404]))
	Y Val Labels:(array([1.], dtype=float32), array([202]))
Training group 3, split 3
	Y Train Labels:(array([1.], dtype=float32), array([606]))
	Y Val Labels:(array([1.], dtype=float32), array([202]))
Done.
	Creating sequence for 'sora'... Training group 4, split 1
	Y Train Labels:(array([1.], dtype=float32), array([351]))
	Y Val Labels:(array([1.], dtype=float32), array([348]))
Training group 4, split 2
