


--------------------------------------------------
Starting lstm.py at '2024-10-23 16:26:39.460456'.
Reading '../classifiedDAOs.json'... Done.
Total training Data: 1578
DAOs trained so far:9
Size of training set: 1095
Size of test set: 474
Preparing data for training...
Preparing data for testing...
Parameters:
	Num epochs: 60
	Initial learning rate: 0.001
	Patience: 12
	Window size: 60
	Timeseries splits: 3
	Minimum number of timeseries datapoints: 64
Gradient boosting params: 
	{"max_depth": 3, "learning_rate": 0.05, "n_estimators": 100, "objective": "binary:logistic", "eval_metric": "logloss"}
	Creating sequence for 'ariva'... Training group 0, split 1
	Early stopping at epoch 17
	Y Train Labels:(array([1.], dtype=float32), array([246]))
	Y Val Labels:(array([0., 1.], dtype=float32), array([117, 127]))
Training group 0, split 2
	Y Train Labels:(array([0., 1.], dtype=float32), array([117, 373]))
	Y Val Labels:(array([0.], dtype=float32), array([244]))
Training group 0, split 3
	Early stopping at epoch 20
	Y Train Labels:(array([0., 1.], dtype=float32), array([361, 373]))
	Y Val Labels:(array([0.], dtype=float32), array([244]))
Done.
	Creating sequence for 'xend-finance'... Training group 1, split 1
	Y Train Labels:(array([1.], dtype=float32), array([289]))
	Y Val Labels:(array([1.], dtype=float32), array([289]))
Training group 1, split 2
	Early stopping at epoch 28
	Y Train Labels:(array([1.], dtype=float32), array([578]))
	Y Val Labels:(array([1.], dtype=float32), array([289]))
Training group 1, split 3
	Early stopping at epoch 23
	Y Train Labels:(array([1.], dtype=float32), array([867]))
	Y Val Labels:(array([1.], dtype=float32), array([289]))
Done.
	Creating sequence for 'king-shiba'... Training group 2, split 1
	Y Train Labels:(array([0.], dtype=float32), array([254]))
	Y Val Labels:(array([0.], dtype=float32), array([252]))
Training group 2, split 2
	Y Train Labels:(array([0.], dtype=float32), array([506]))
	Y Val Labels:(array([0.], dtype=float32), array([252]))
Training group 2, split 3
	Y Train Labels:(array([0.], dtype=float32), array([758]))
	Y Val Labels:(array([0.], dtype=float32), array([252]))
Done.
	Creating sequence for 'public-mint'... Training group 3, split 1
	Early stopping at epoch 13
	Y Train Labels:(array([0., 1.], dtype=float32), array([251,  38]))
	Y Val Labels:(array([0.], dtype=float32), array([286]))
Training group 3, split 2
	Early stopping at epoch 13
	Y Train Labels:(array([0., 1.], dtype=float32), array([537,  38]))
	Y Val Labels:(array([0.], dtype=float32), array([286]))
Training group 3, split 3
	Early stopping at epoch 46
	Y Train Labels:(array([0., 1.], dtype=float32), array([823,  38]))
	Y Val Labels:(array([0.], dtype=float32), array([286]))
Done.
	Creating sequence for 'kissan'... Training group 4, split 1
	Y Train Labels:(array([1.], dtype=float32), array([185]))
	Y Val Labels:(array([1.], dtype=float32), array([183]))
Training group 4, split 2
	Y Train Labels:(array([1.], dtype=float32), array([368]))
	Y Val Labels:(array([1.], dtype=float32), array([183]))
Training group 4, split 3
	Early stopping at epoch 13
	Y Train Labels:(array([1.], dtype=float32), array([551]))
	Y Val Labels:(array([0., 1.], dtype=float32), array([108,  75]))
Done.
	Creating sequence for 'cnns'... Training group 5, split 1
	Y Train Labels:(array([1.], dtype=float32), array([74]))
	Y Val Labels:(array([1.], dtype=float32), array([71]))
Training group 5, split 2
	Y Train Labels:(array([1.], dtype=float32), array([145]))
	Y Val Labels:(array([1.], dtype=float32), array([71]))
Training group 5, split 3
	Y Train Labels:(array([1.], dtype=float32), array([216]))
	Y Val Labels:(array([1.], dtype=float32), array([71]))
Done.
	Creating sequence for 'omchain'... Training group 6, split 1
	Y Train Labels:(array([1.], dtype=float32), array([110]))
	Y Val Labels:(array([1.], dtype=float32), array([110]))
Training group 6, split 2
	Early stopping at epoch 13
	Y Train Labels:(array([1.], dtype=float32), array([220]))
	Y Val Labels:(array([0., 1.], dtype=float32), array([83, 27]))
Training group 6, split 3
	Early stopping at epoch 32
	Y Train Labels:(array([0., 1.], dtype=float32), array([ 83, 247]))
	Y Val Labels:(array([0.], dtype=float32), array([110]))
Done.
	Creating sequence for 'axelar'... Training group 7, split 1
	Y Train Labels:(array([1.], dtype=float32), array([160]))
	Y Val Labels:(array([1.], dtype=float32), array([157]))
Training group 7, split 2
	Y Train Labels:(array([1.], dtype=float32), array([317]))
	Y Val Labels:(array([1.], dtype=float32), array([157]))
Training group 7, split 3
	Y Train Labels:(array([1.], dtype=float32), array([474]))
	Y Val Labels:(array([1.], dtype=float32), array([157]))
Done.
	Creating sequence for 'renzo-restaked-eth'... Training group 8, split 1
	Y Train Labels:(array([1.], dtype=float32), array([40]))
	Y Val Labels:(array([1.], dtype=float32), array([38]))
Training group 8, split 2
	Y Train Labels:(array([1.], dtype=float32), array([78]))
	Y Val Labels:(array([1.], dtype=float32), array([38]))
Training group 8, split 3
	Y Train Labels:(array([1.], dtype=float32), array([116]))
	Y Val Labels:(array([1.], dtype=float32), array([38]))
Done.
	Creating sequence for 'swingby'... Training group 9, split 1
	Early stopping at epoch 13
	Y Train Labels:(array([1.], dtype=float32), array([349]))
	Y Val Labels:(array([0., 1.], dtype=float32), array([288,  60]))
Training group 9, split 2
