


--------------------------------------------------
Starting lstm.py at '2024-10-27 00:00:28.385551'.
Reading '../classifiedDAOs.json'... Done.
Total training Data: 1578
DAOs trained so far:773
Size of training set: 331
Size of test set: 474
Preparing data for training...
Preparing data for testing...
Parameters:
	Num epochs: 60
	Initial learning rate: 0.001
	Patience: 12
	Window size: 60
	Timeseries splits: 3
	Minimum number of timeseries datapoints: 64
Gradient boosting params: 
	{"max_depth": 3, "learning_rate": 0.05, "n_estimators": 100, "objective": "binary:logistic", "eval_metric": "logloss"}
	Creating sequence for 'astroswap'... Training group 0, split 1
	Early stopping at epoch 13
	Y Train Labels:(array([0., 1.], dtype=float32), array([184,  72]))
	Y Val Labels:(array([0.], dtype=float32), array([256]))
Training group 0, split 2
	Early stopping at epoch 13
	Y Train Labels:(array([0., 1.], dtype=float32), array([440,  72]))
	Y Val Labels:(array([0.], dtype=float32), array([256]))
Training group 0, split 3
	Early stopping at epoch 13
	Y Train Labels:(array([0., 1.], dtype=float32), array([696,  72]))
	Y Val Labels:(array([0.], dtype=float32), array([256]))
Done.
	Creating sequence for 'everycoin'... Training group 1, split 1
	Early stopping at epoch 13
	Y Train Labels:(array([1.], dtype=float32), array([489]))
	Y Val Labels:(array([0., 1.], dtype=float32), array([176, 312]))
Training group 1, split 2
	Early stopping at epoch 13
	Y Train Labels:(array([0., 1.], dtype=float32), array([176, 801]))
	Y Val Labels:(array([0.], dtype=float32), array([488]))
Training group 1, split 3
	Early stopping at epoch 13
	Y Train Labels:(array([0., 1.], dtype=float32), array([664, 801]))
	Y Val Labels:(array([0.], dtype=float32), array([488]))
Done.
	Creating sequence for 'tranche-finance'... Training group 2, split 1
	Early stopping at epoch 13
	Y Train Labels:(array([1.], dtype=float32), array([313]))
	Y Val Labels:(array([0., 1.], dtype=float32), array([221,  89]))
Training group 2, split 2
	Early stopping at epoch 13
	Y Train Labels:(array([0., 1.], dtype=float32), array([221, 402]))
	Y Val Labels:(array([0.], dtype=float32), array([310]))
Training group 2, split 3
	Early stopping at epoch 13
	Y Train Labels:(array([0., 1.], dtype=float32), array([531, 402]))
	Y Val Labels:(array([0.], dtype=float32), array([310]))
Done.
	Creating sequence for 'aurusx'... Training group 3, split 1
	Early stopping at epoch 13
	Y Train Labels:(array([1.], dtype=float32), array([347]))
	Y Val Labels:(array([1.], dtype=float32), array([347]))
Training group 3, split 2
	Early stopping at epoch 13
	Y Train Labels:(array([1.], dtype=float32), array([694]))
	Y Val Labels:(array([0., 1.], dtype=float32), array([272,  75]))
Training group 3, split 3
	Early stopping at epoch 13
	Y Train Labels:(array([0., 1.], dtype=float32), array([272, 769]))
	Y Val Labels:(array([0.], dtype=float32), array([347]))
Done.
	Creating sequence for 'ucash'... Training group 4, split 1
	Early stopping at epoch 13
	Y Train Labels:(array([0.], dtype=float32), array([50]))
	Y Val Labels:(array([0.], dtype=float32), array([50]))
Training group 4, split 2
	Early stopping at epoch 13
	Y Train Labels:(array([0.], dtype=float32), array([100]))
	Y Val Labels:(array([0.], dtype=float32), array([50]))
Training group 4, split 3
	Early stopping at epoch 13
	Y Train Labels:(array([0.], dtype=float32), array([150]))
	Y Val Labels:(array([0.], dtype=float32), array([50]))
Done.
	Creating sequence for 'lisk'... Training group 5, split 1
	Early stopping at epoch 13
	Y Train Labels:(array([1.], dtype=float32), array([593]))
	Y Val Labels:(array([1.], dtype=float32), array([592]))
Training group 5, split 2
