


--------------------------------------------------
Starting lstm.py at '2024-10-23 20:56:20.942693'.
Reading '../classifiedDAOs.json'... Done.
Total training Data: 1578
DAOs trained so far:965
Size of training set: 139
Size of test set: 474
Preparing data for training...
Preparing data for testing...
Parameters:
	Num epochs: 60
	Initial learning rate: 0.001
	Patience: 12
	Window size: 60
	Timeseries splits: 3
	Minimum number of timeseries datapoints: 64
Gradient boosting params: 
	{"max_depth": 3, "learning_rate": 0.05, "n_estimators": 100, "objective": "binary:logistic", "eval_metric": "logloss"}
	Creating sequence for 'wormhole'... Training group 0, split 1
	Y Train Labels:(array([1.], dtype=float32), array([31]))
	Y Val Labels:(array([1.], dtype=float32), array([28]))
Training group 0, split 2
	Y Train Labels:(array([1.], dtype=float32), array([59]))
	Y Val Labels:(array([1.], dtype=float32), array([28]))
Training group 0, split 3
	Y Train Labels:(array([1.], dtype=float32), array([87]))
	Y Val Labels:(array([1.], dtype=float32), array([28]))
Done.
	Creating sequence for 'mithril'... Training group 1, split 1
	Y Train Labels:(array([1.], dtype=float32), array([470]))
	Y Val Labels:(array([1.], dtype=float32), array([467]))
Training group 1, split 2
	Early stopping at epoch 15
	Y Train Labels:(array([1.], dtype=float32), array([937]))
	Y Val Labels:(array([0., 1.], dtype=float32), array([126, 341]))
Training group 1, split 3
	Early stopping at epoch 19
	Y Train Labels:(array([0., 1.], dtype=float32), array([ 126, 1278]))
	Y Val Labels:(array([0.], dtype=float32), array([467]))
Done.
	Creating sequence for 'ojamu'... Training group 2, split 1
	Early stopping at epoch 13
	Y Train Labels:(array([0., 1.], dtype=float32), array([12, 84]))
	Y Val Labels:(array([0.], dtype=float32), array([95]))
Training group 2, split 2
	Early stopping at epoch 29
	Y Train Labels:(array([0., 1.], dtype=float32), array([107,  84]))
	Y Val Labels:(array([0.], dtype=float32), array([95]))
Training group 2, split 3
	Early stopping at epoch 44
	Y Train Labels:(array([0., 1.], dtype=float32), array([202,  84]))
	Y Val Labels:(array([0.], dtype=float32), array([95]))
Done.
	Creating sequence for 'bidao'... Training group 3, split 1
	Early stopping at epoch 26
	Y Train Labels:(array([1.], dtype=float32), array([319]))
	Y Val Labels:(array([0., 1.], dtype=float32), array([177, 142]))
Training group 3, split 2
	Early stopping at epoch 18
	Y Train Labels:(array([0., 1.], dtype=float32), array([177, 461]))
	Y Val Labels:(array([0.], dtype=float32), array([319]))
Training group 3, split 3
	Early stopping at epoch 20
	Y Train Labels:(array([0., 1.], dtype=float32), array([496, 461]))
	Y Val Labels:(array([0.], dtype=float32), array([319]))
Done.
	Creating sequence for 'hackenai'... Training group 4, split 1
	Y Train Labels:(array([1.], dtype=float32), array([237]))
	Y Val Labels:(array([1.], dtype=float32), array([235]))
Training group 4, split 2
	Y Train Labels:(array([1.], dtype=float32), array([472]))
	Y Val Labels:(array([1.], dtype=float32), array([235]))
Training group 4, split 3
	Y Train Labels:(array([1.], dtype=float32), array([707]))
	Y Val Labels:(array([1.], dtype=float32), array([235]))
Done.
	Creating sequence for 'offshift'... Training group 5, split 1
	Early stopping at epoch 45
	Y Train Labels:(array([1.], dtype=float32), array([291]))
	Y Val Labels:(array([1.], dtype=float32), array([291]))
Training group 5, split 2
	Early stopping at epoch 20
	Y Train Labels:(array([1.], dtype=float32), array([582]))
	Y Val Labels:(array([0., 1.], dtype=float32), array([137, 154]))
Training group 5, split 3
	Y Train Labels:(array([0., 1.], dtype=float32), array([137, 736]))
	Y Val Labels:(array([0.], dtype=float32), array([291]))
Done.
	Creating sequence for 'internet-computer'... Training group 6, split 1
	Early stopping at epoch 13
	Y Train Labels:(array([1.], dtype=float32), array([287]))
	Y Val Labels:(array([1.], dtype=float32), array([285]))
Training group 6, split 2
	Y Train Labels:(array([1.], dtype=float32), array([572]))
	Y Val Labels:(array([1.], dtype=float32), array([285]))
Training group 6, split 3
	Y Train Labels:(array([1.], dtype=float32), array([857]))
	Y Val Labels:(array([1.], dtype=float32), array([285]))
Done.
	Creating sequence for 'creo-engine'... Training group 7, split 1
	Y Train Labels:(array([1.], dtype=float32), array([205]))
	Y Val Labels:(array([1.], dtype=float32), array([203]))
Training group 7, split 2
	Y Train Labels:(array([1.], dtype=float32), array([408]))
	Y Val Labels:(array([1.], dtype=float32), array([203]))
Training group 7, split 3
	Y Train Labels:(array([1.], dtype=float32), array([611]))
	Y Val Labels:(array([1.], dtype=float32), array([203]))
Done.
	Creating sequence for 'alpine-f1-team-fan-token'... Training group 8, split 1
	Early stopping at epoch 13
	Y Train Labels:(array([1.], dtype=float32), array([216]))
	Y Val Labels:(array([0., 1.], dtype=float32), array([ 62, 151]))
Training group 8, split 2
	Early stopping at epoch 30
	Y Train Labels:(array([0., 1.], dtype=float32), array([ 62, 367]))
	Y Val Labels:(array([0.], dtype=float32), array([213]))
Training group 8, split 3
