


--------------------------------------------------
Starting lstm.py at '2024-10-23 19:27:14.567952'.
Reading '../classifiedDAOs.json'... Done.
Total training Data: 1578
DAOs trained so far:467
Size of training set: 637
Size of test set: 474
Preparing data for training...
Preparing data for testing...
Parameters:
	Num epochs: 60
	Initial learning rate: 0.001
	Patience: 12
	Window size: 60
	Timeseries splits: 3
	Minimum number of timeseries datapoints: 64
Gradient boosting params: 
	{"max_depth": 3, "learning_rate": 0.05, "n_estimators": 100, "objective": "binary:logistic", "eval_metric": "logloss"}
	Creating sequence for 'elastos'... Training group 0, split 1
	Y Train Labels:(array([1.], dtype=float32), array([581]))
	Y Val Labels:(array([1.], dtype=float32), array([580]))
Training group 0, split 2
	Y Train Labels:(array([1.], dtype=float32), array([1161]))
	Y Val Labels:(array([1.], dtype=float32), array([580]))
Training group 0, split 3
	Early stopping at epoch 13
	Y Train Labels:(array([1.], dtype=float32), array([1741]))
	Y Val Labels:(array([0., 1.], dtype=float32), array([231, 349]))
Done.
	Creating sequence for 'dingocoin'... Training group 1, split 1
	Y Train Labels:(array([1.], dtype=float32), array([238]))
	Y Val Labels:(array([1.], dtype=float32), array([238]))
Training group 1, split 2
	Y Train Labels:(array([1.], dtype=float32), array([476]))
	Y Val Labels:(array([1.], dtype=float32), array([238]))
Training group 1, split 3
	Y Train Labels:(array([1.], dtype=float32), array([714]))
	Y Val Labels:(array([1.], dtype=float32), array([238]))
Done.
	Creating sequence for 'rug-world-assets'... Training group 2, split 1
	Y Train Labels:(array([0.], dtype=float32), array([27]))
	Y Val Labels:(array([0.], dtype=float32), array([25]))
Training group 2, split 2
	Y Train Labels:(array([0.], dtype=float32), array([52]))
	Y Val Labels:(array([0.], dtype=float32), array([25]))
Training group 2, split 3
	Y Train Labels:(array([0.], dtype=float32), array([77]))
	Y Val Labels:(array([0.], dtype=float32), array([25]))
Done.
	Creating sequence for 'boringdao'... 00
Done.
	Creating sequence for 'sentinel'... Training group 4, split 1
	Y Train Labels:(array([1.], dtype=float32), array([562]))
	Y Val Labels:(array([1.], dtype=float32), array([560]))
Training group 4, split 2
	Y Train Labels:(array([1.], dtype=float32), array([1122]))
	Y Val Labels:(array([1.], dtype=float32), array([560]))
Training group 4, split 3
	Y Train Labels:(array([1.], dtype=float32), array([1682]))
	Y Val Labels:(array([1.], dtype=float32), array([560]))
Done.
	Creating sequence for 'clintex-cti'... Training group 5, split 1
	Y Train Labels:(array([1.], dtype=float32), array([335]))
	Y Val Labels:(array([1.], dtype=float32), array([332]))
Training group 5, split 2
	Y Train Labels:(array([1.], dtype=float32), array([667]))
	Y Val Labels:(array([1.], dtype=float32), array([332]))
Training group 5, split 3
	Early stopping at epoch 13
	Y Train Labels:(array([1.], dtype=float32), array([999]))
	Y Val Labels:(array([0., 1.], dtype=float32), array([255,  77]))
Done.
	Creating sequence for 'robonomics-network'... Training group 6, split 1
	Y Train Labels:(array([1.], dtype=float32), array([343]))
	Y Val Labels:(array([1.], dtype=float32), array([343]))
Training group 6, split 2
	Y Train Labels:(array([1.], dtype=float32), array([686]))
	Y Val Labels:(array([1.], dtype=float32), array([343]))
Training group 6, split 3
	Y Train Labels:(array([1.], dtype=float32), array([1029]))
	Y Val Labels:(array([1.], dtype=float32), array([343]))
Done.
	Creating sequence for 'polymesh'... Training group 7, split 1
	Y Train Labels:(array([1.], dtype=float32), array([154]))
	Y Val Labels:(array([1.], dtype=float32), array([153]))
Training group 7, split 2
	Y Train Labels:(array([1.], dtype=float32), array([307]))
	Y Val Labels:(array([1.], dtype=float32), array([153]))
Training group 7, split 3
	Y Train Labels:(array([1.], dtype=float32), array([460]))
	Y Val Labels:(array([1.], dtype=float32), array([153]))
Done.
	Creating sequence for 'rss3'... Training group 8, split 1
	Y Train Labels:(array([1.], dtype=float32), array([180]))
	Y Val Labels:(array([1.], dtype=float32), array([180]))
Training group 8, split 2
	Y Train Labels:(array([1.], dtype=float32), array([360]))
	Y Val Labels:(array([1.], dtype=float32), array([180]))
Training group 8, split 3
	Y Train Labels:(array([1.], dtype=float32), array([540]))
	Y Val Labels:(array([1.], dtype=float32), array([180]))
Done.
	Creating sequence for 'coin98'... Training group 9, split 1
	Y Train Labels:(array([1.], dtype=float32), array([263]))
	Y Val Labels:(array([1.], dtype=float32), array([262]))
Training group 9, split 2
	Y Train Labels:(array([1.], dtype=float32), array([525]))
	Y Val Labels:(array([1.], dtype=float32), array([262]))
Training group 9, split 3
	Y Train Labels:(array([1.], dtype=float32), array([787]))
	Y Val Labels:(array([1.], dtype=float32), array([262]))
Done.
	Creating sequence for 'edelcoin'... Training group 10, split 1
	Y Train Labels:(array([0.], dtype=float32), array([70]))
	Y Val Labels:(array([0.], dtype=float32), array([68]))
Training group 10, split 2
	Y Train Labels:(array([0.], dtype=float32), array([138]))
	Y Val Labels:(array([0.], dtype=float32), array([68]))
Training group 10, split 3
