


--------------------------------------------------
Starting lstm.py at '2024-10-24 15:47:05.683939'.
Reading './balancedDataset.json'... Done.
Total training Data: 1030
DAOs trained so far:119
Size of training set: 602
Size of test set: 309
Preparing data for training...
Preparing data for testing...
Parameters:
	Num epochs: 60
	Initial learning rate: 0.001
	Patience: 12
	Window size: 60
	Timeseries splits: 3
	Minimum number of timeseries datapoints: 64
Gradient boosting params: 
	{"max_depth": 3, "learning_rate": 0.05, "n_estimators": 100, "objective": "binary:logistic", "eval_metric": "logloss"}
	Creating sequence for 'zmine'... Training group 0, split 1
	Y Train Labels:(array([1.], dtype=float32), array([375]))
	Y Val Labels:(array([1.], dtype=float32), array([375]))
Training group 0, split 2
	Y Train Labels:(array([1.], dtype=float32), array([750]))
	Y Val Labels:(array([1.], dtype=float32), array([375]))
Training group 0, split 3
	Y Train Labels:(array([1.], dtype=float32), array([1125]))
	Y Val Labels:(array([1.], dtype=float32), array([375]))
Done.
	Creating sequence for 'dfyn-network'... Training group 1, split 1
	Early stopping at epoch 13
	Y Train Labels:(array([1.], dtype=float32), array([295]))
	Y Val Labels:(array([0., 1.], dtype=float32), array([188, 105]))
Training group 1, split 2
	Early stopping at epoch 49
	Y Train Labels:(array([0., 1.], dtype=float32), array([188, 400]))
	Y Val Labels:(array([0.], dtype=float32), array([293]))
Training group 1, split 3
	Early stopping at epoch 35
	Y Train Labels:(array([0., 1.], dtype=float32), array([481, 400]))
	Y Val Labels:(array([0.], dtype=float32), array([293]))
Done.
	Creating sequence for 'cnns'... Training group 2, split 1
	Early stopping at epoch 35
	Y Train Labels:(array([1.], dtype=float32), array([74]))
	Y Val Labels:(array([1.], dtype=float32), array([71]))
Training group 2, split 2
	Y Train Labels:(array([1.], dtype=float32), array([145]))
	Y Val Labels:(array([1.], dtype=float32), array([71]))
Training group 2, split 3
	Y Train Labels:(array([1.], dtype=float32), array([216]))
	Y Val Labels:(array([1.], dtype=float32), array([71]))
Done.
	Creating sequence for 'invest-zone'... Skipped.
	Creating sequence for 'dusk-network'... Training group 3, split 1
	Y Train Labels:(array([1.], dtype=float32), array([455]))
	Y Val Labels:(array([1.], dtype=float32), array([453]))
Training group 3, split 2
	Y Train Labels:(array([1.], dtype=float32), array([908]))
	Y Val Labels:(array([1.], dtype=float32), array([453]))
Training group 3, split 3
	Y Train Labels:(array([1.], dtype=float32), array([1361]))
	Y Val Labels:(array([1.], dtype=float32), array([453]))
Done.
	Creating sequence for 'beyond-protocol'... Training group 4, split 1
	Early stopping at epoch 26
	Y Train Labels:(array([0., 1.], dtype=float32), array([ 79, 158]))
	Y Val Labels:(array([0.], dtype=float32), array([235]))
Training group 4, split 2
	Early stopping at epoch 26
	Y Train Labels:(array([0., 1.], dtype=float32), array([314, 158]))
	Y Val Labels:(array([0.], dtype=float32), array([235]))
Training group 4, split 3
	Early stopping at epoch 13
	Y Train Labels:(array([0., 1.], dtype=float32), array([549, 158]))
	Y Val Labels:(array([0.], dtype=float32), array([235]))
Done.
	Creating sequence for 'expanse'... Training group 5, split 1
	Y Train Labels:(array([1.], dtype=float32), array([586]))
	Y Val Labels:(array([1.], dtype=float32), array([586]))
Training group 5, split 2
