


--------------------------------------------------
Starting lstm.py at '2024-10-26 23:28:06.240016'.
Reading '../classifiedDAOs.json'... Done.
Total training Data: 1578
DAOs trained so far:540
Size of training set: 564
Size of test set: 474
Preparing data for training...
Preparing data for testing...
Parameters:
	Num epochs: 60
	Initial learning rate: 0.001
	Patience: 12
	Window size: 60
	Timeseries splits: 3
	Minimum number of timeseries datapoints: 64
Gradient boosting params: 
	{"max_depth": 3, "learning_rate": 0.05, "n_estimators": 100, "objective": "binary:logistic", "eval_metric": "logloss"}
	Creating sequence for 'cult-dao'... Training group 0, split 1
	Early stopping at epoch 13
	Y Train Labels:(array([1.], dtype=float32), array([185]))
	Y Val Labels:(array([1.], dtype=float32), array([183]))
Training group 0, split 2
	Early stopping at epoch 13
	Y Train Labels:(array([1.], dtype=float32), array([368]))
	Y Val Labels:(array([1.], dtype=float32), array([183]))
Training group 0, split 3
	Early stopping at epoch 13
	Y Train Labels:(array([1.], dtype=float32), array([551]))
	Y Val Labels:(array([0., 1.], dtype=float32), array([ 29, 154]))
Done.
	Creating sequence for 'beefy-finance'... Training group 1, split 1
	Early stopping at epoch 13
	Y Train Labels:(array([1.], dtype=float32), array([256]))
	Y Val Labels:(array([1.], dtype=float32), array([256]))
Training group 1, split 2
	Early stopping at epoch 13
	Y Train Labels:(array([1.], dtype=float32), array([512]))
	Y Val Labels:(array([1.], dtype=float32), array([256]))
Training group 1, split 3
	Early stopping at epoch 13
	Y Train Labels:(array([1.], dtype=float32), array([768]))
	Y Val Labels:(array([1.], dtype=float32), array([256]))
Done.
	Creating sequence for 'gho'... 00
Done.
	Creating sequence for 'origin-dollar-governance'... Training group 3, split 1
	Early stopping at epoch 13
	Y Train Labels:(array([1.], dtype=float32), array([180]))
	Y Val Labels:(array([1.], dtype=float32), array([178]))
Training group 3, split 2
	Early stopping at epoch 13
	Y Train Labels:(array([1.], dtype=float32), array([358]))
	Y Val Labels:(array([1.], dtype=float32), array([178]))
Training group 3, split 3
	Early stopping at epoch 13
	Y Train Labels:(array([1.], dtype=float32), array([536]))
	Y Val Labels:(array([1.], dtype=float32), array([178]))
Done.
	Creating sequence for 'as-roma-fan-token'... Training group 4, split 1
	Early stopping at epoch 13
	Y Train Labels:(array([0., 1.], dtype=float32), array([ 93, 281]))
	Y Val Labels:(array([0.], dtype=float32), array([374]))
Training group 4, split 2
	Early stopping at epoch 13
	Y Train Labels:(array([0., 1.], dtype=float32), array([467, 281]))
	Y Val Labels:(array([0.], dtype=float32), array([374]))
Training group 4, split 3
	Early stopping at epoch 13
	Y Train Labels:(array([0., 1.], dtype=float32), array([841, 281]))
	Y Val Labels:(array([0.], dtype=float32), array([374]))
Done.
	Creating sequence for 'crvusd'... Training group 5, split 1
	Early stopping at epoch 13
	Y Train Labels:(array([1.], dtype=float32), array([85]))
	Y Val Labels:(array([1.], dtype=float32), array([85]))
Training group 5, split 2
	Early stopping at epoch 13
	Y Train Labels:(array([1.], dtype=float32), array([170]))
	Y Val Labels:(array([1.], dtype=float32), array([85]))
Training group 5, split 3
	Early stopping at epoch 13
	Y Train Labels:(array([1.], dtype=float32), array([255]))
	Y Val Labels:(array([1.], dtype=float32), array([85]))
Done.
	Creating sequence for 'gowithmi'... Training group 6, split 1
	Early stopping at epoch 13
	Y Train Labels:(array([1.], dtype=float32), array([52]))
	Y Val Labels:(array([1.], dtype=float32), array([50]))
Training group 6, split 2
	Early stopping at epoch 13
	Y Train Labels:(array([1.], dtype=float32), array([102]))
	Y Val Labels:(array([1.], dtype=float32), array([50]))
Training group 6, split 3
	Early stopping at epoch 13
	Y Train Labels:(array([1.], dtype=float32), array([152]))
	Y Val Labels:(array([1.], dtype=float32), array([50]))
Done.
	Creating sequence for 'nervenetwork'... Training group 7, split 1
	Early stopping at epoch 13
	Y Train Labels:(array([1.], dtype=float32), array([351]))
	Y Val Labels:(array([1.], dtype=float32), array([348]))
Training group 7, split 2
