


--------------------------------------------------
Starting lstm.py at '2024-10-27 01:15:14.205945'.
Reading '../classifiedDAOs.json'... Done.
Total training Data: 1578
DAOs trained so far:962
Size of training set: 142
Size of test set: 474
Preparing data for training...
Preparing data for testing...
Parameters:
	Num epochs: 60
	Initial learning rate: 0.001
	Patience: 12
	Window size: 60
	Timeseries splits: 3
	Minimum number of timeseries datapoints: 64
Gradient boosting params: 
	{"max_depth": 3, "learning_rate": 0.05, "n_estimators": 100, "objective": "binary:logistic", "eval_metric": "logloss"}
	Creating sequence for '0chain'... Training group 0, split 1
	Y Train Labels:(array([1.], dtype=float32), array([131]))
	Y Val Labels:(array([1.], dtype=float32), array([130]))
Training group 0, split 2
	Y Train Labels:(array([1.], dtype=float32), array([261]))
	Y Val Labels:(array([1.], dtype=float32), array([130]))
Training group 0, split 3
	Early stopping at epoch 44
	Y Train Labels:(array([1.], dtype=float32), array([391]))
	Y Val Labels:(array([1.], dtype=float32), array([130]))
Done.
	Creating sequence for 'lien'... Training group 1, split 1
	Early stopping at epoch 24
	Y Train Labels:(array([0., 1.], dtype=float32), array([178, 154]))
	Y Val Labels:(array([0.], dtype=float32), array([329]))
Training group 1, split 2
	Early stopping at epoch 13
	Y Train Labels:(array([0., 1.], dtype=float32), array([507, 154]))
	Y Val Labels:(array([0.], dtype=float32), array([329]))
Training group 1, split 3
	Early stopping at epoch 13
	Y Train Labels:(array([0., 1.], dtype=float32), array([836, 154]))
	Y Val Labels:(array([0.], dtype=float32), array([329]))
Done.
	Creating sequence for 'spell-token'... Training group 2, split 1
	Y Train Labels:(array([1.], dtype=float32), array([242]))
	Y Val Labels:(array([1.], dtype=float32), array([240]))
Training group 2, split 2
	Y Train Labels:(array([1.], dtype=float32), array([482]))
	Y Val Labels:(array([1.], dtype=float32), array([240]))
Training group 2, split 3
	Y Train Labels:(array([1.], dtype=float32), array([722]))
	Y Val Labels:(array([1.], dtype=float32), array([240]))
Done.
	Creating sequence for 'wormhole'... Training group 3, split 1
	Y Train Labels:(array([1.], dtype=float32), array([31]))
	Y Val Labels:(array([1.], dtype=float32), array([28]))
Training group 3, split 2
	Y Train Labels:(array([1.], dtype=float32), array([59]))
	Y Val Labels:(array([1.], dtype=float32), array([28]))
Training group 3, split 3
	Y Train Labels:(array([1.], dtype=float32), array([87]))
	Y Val Labels:(array([1.], dtype=float32), array([28]))
Done.
	Creating sequence for 'mithril'... Training group 4, split 1
	Early stopping at epoch 29
	Y Train Labels:(array([1.], dtype=float32), array([470]))
	Y Val Labels:(array([1.], dtype=float32), array([467]))
Training group 4, split 2
	Early stopping at epoch 31
	Y Train Labels:(array([1.], dtype=float32), array([937]))
	Y Val Labels:(array([0., 1.], dtype=float32), array([126, 341]))
Training group 4, split 3
