


--------------------------------------------------
Starting lstm.py at '2024-10-26 23:25:01.477563'.
Reading '../classifiedDAOs.json'... Done.
Total training Data: 1578
DAOs trained so far:518
Size of training set: 586
Size of test set: 474
Preparing data for training...
Preparing data for testing...
Parameters:
	Num epochs: 60
	Initial learning rate: 0.001
	Patience: 12
	Window size: 60
	Timeseries splits: 3
	Minimum number of timeseries datapoints: 64
Gradient boosting params: 
	{"max_depth": 3, "learning_rate": 0.05, "n_estimators": 100, "objective": "binary:logistic", "eval_metric": "logloss"}
	Creating sequence for 'standard-protocol'... Training group 0, split 1
	Early stopping at epoch 13
	Y Train Labels:(array([0., 1.], dtype=float32), array([ 94, 202]))
	Y Val Labels:(array([0.], dtype=float32), array([296]))
Training group 0, split 2
	Early stopping at epoch 13
	Y Train Labels:(array([0., 1.], dtype=float32), array([390, 202]))
	Y Val Labels:(array([0.], dtype=float32), array([296]))
Training group 0, split 3
	Early stopping at epoch 13
	Y Train Labels:(array([0., 1.], dtype=float32), array([686, 202]))
	Y Val Labels:(array([0.], dtype=float32), array([296]))
Done.
	Creating sequence for 'metadium'... Training group 1, split 1
	Early stopping at epoch 13
	Y Train Labels:(array([1.], dtype=float32), array([53]))
	Y Val Labels:(array([1.], dtype=float32), array([51]))
Training group 1, split 2
	Early stopping at epoch 13
	Y Train Labels:(array([1.], dtype=float32), array([104]))
	Y Val Labels:(array([1.], dtype=float32), array([51]))
Training group 1, split 3
	Early stopping at epoch 13
	Y Train Labels:(array([1.], dtype=float32), array([155]))
	Y Val Labels:(array([1.], dtype=float32), array([51]))
Done.
	Creating sequence for 'flare-finance'... Training group 2, split 1
	Early stopping at epoch 13
	Y Train Labels:(array([1.], dtype=float32), array([235]))
	Y Val Labels:(array([1.], dtype=float32), array([232]))
Training group 2, split 2
	Early stopping at epoch 13
	Y Train Labels:(array([1.], dtype=float32), array([467]))
	Y Val Labels:(array([0., 1.], dtype=float32), array([114, 118]))
Training group 2, split 3
	Early stopping at epoch 13
	Y Train Labels:(array([0., 1.], dtype=float32), array([114, 585]))
	Y Val Labels:(array([0.], dtype=float32), array([232]))
Done.
	Creating sequence for 'foxsy-ai'... Training group 3, split 1
	Early stopping at epoch 13
	Y Train Labels:(array([1.], dtype=float32), array([18]))
	Y Val Labels:(array([1.], dtype=float32), array([18]))
Training group 3, split 2
	Early stopping at epoch 13
	Y Train Labels:(array([1.], dtype=float32), array([36]))
	Y Val Labels:(array([1.], dtype=float32), array([18]))
Training group 3, split 3
	Early stopping at epoch 13
	Y Train Labels:(array([1.], dtype=float32), array([54]))
	Y Val Labels:(array([1.], dtype=float32), array([18]))
Done.
	Creating sequence for 'prisma-mkusd'... Training group 4, split 1
	Early stopping at epoch 13
	Y Train Labels:(array([1.], dtype=float32), array([79]))
	Y Val Labels:(array([1.], dtype=float32), array([77]))
Training group 4, split 2
	Early stopping at epoch 13
	Y Train Labels:(array([1.], dtype=float32), array([156]))
	Y Val Labels:(array([1.], dtype=float32), array([77]))
Training group 4, split 3
	Early stopping at epoch 13
	Y Train Labels:(array([1.], dtype=float32), array([233]))
	Y Val Labels:(array([1.], dtype=float32), array([77]))
Done.
	Creating sequence for 'game'... Training group 5, split 1
	Early stopping at epoch 13
	Y Train Labels:(array([1.], dtype=float32), array([520]))
	Y Val Labels:(array([1.], dtype=float32), array([519]))
Training group 5, split 2
