


--------------------------------------------------
Starting lstm.py at '2024-10-27 01:10:00.225589'.
Reading '../classifiedDAOs.json'... Done.
Total training Data: 1578
DAOs trained so far:948
Size of training set: 156
Size of test set: 474
Preparing data for training...
Preparing data for testing...
Parameters:
	Num epochs: 60
	Initial learning rate: 0.001
	Patience: 12
	Window size: 60
	Timeseries splits: 3
	Minimum number of timeseries datapoints: 64
Gradient boosting params: 
	{"max_depth": 3, "learning_rate": 0.05, "n_estimators": 100, "objective": "binary:logistic", "eval_metric": "logloss"}
	Creating sequence for 'zebi'... Training group 0, split 1
	Early stopping at epoch 29
	Y Train Labels:(array([0., 1.], dtype=float32), array([292, 195]))
	Y Val Labels:(array([0.], dtype=float32), array([484]))
Training group 0, split 2
	Early stopping at epoch 26
	Y Train Labels:(array([0., 1.], dtype=float32), array([776, 195]))
	Y Val Labels:(array([0.], dtype=float32), array([484]))
Training group 0, split 3
	Early stopping at epoch 43
	Y Train Labels:(array([0., 1.], dtype=float32), array([1260,  195]))
	Y Val Labels:(array([0.], dtype=float32), array([484]))
Done.
	Creating sequence for 'ugold-inc'... Training group 1, split 1
	Y Train Labels:(array([1.], dtype=float32), array([108]))
	Y Val Labels:(array([1.], dtype=float32), array([107]))
Training group 1, split 2
	Y Train Labels:(array([1.], dtype=float32), array([215]))
	Y Val Labels:(array([1.], dtype=float32), array([107]))
Training group 1, split 3
	Y Train Labels:(array([1.], dtype=float32), array([322]))
	Y Val Labels:(array([1.], dtype=float32), array([107]))
Done.
	Creating sequence for 'taraxa'... Training group 2, split 1
	Y Train Labels:(array([1.], dtype=float32), array([308]))
	Y Val Labels:(array([1.], dtype=float32), array([305]))
Training group 2, split 2
	Y Train Labels:(array([1.], dtype=float32), array([613]))
	Y Val Labels:(array([1.], dtype=float32), array([305]))
Training group 2, split 3
	Y Train Labels:(array([1.], dtype=float32), array([918]))
	Y Val Labels:(array([1.], dtype=float32), array([305]))
Done.
	Creating sequence for 'decimated'... Training group 3, split 1
	Y Train Labels:(array([1.], dtype=float32), array([88]))
	Y Val Labels:(array([1.], dtype=float32), array([87]))
Training group 3, split 2
	Y Train Labels:(array([1.], dtype=float32), array([175]))
	Y Val Labels:(array([1.], dtype=float32), array([87]))
Training group 3, split 3
	Y Train Labels:(array([1.], dtype=float32), array([262]))
	Y Val Labels:(array([1.], dtype=float32), array([87]))
Done.
	Creating sequence for 'argent'... Skipped.
	Creating sequence for 'poolz-finance'... Training group 4, split 1
	Y Train Labels:(array([1.], dtype=float32), array([311]))
	Y Val Labels:(array([1.], dtype=float32), array([310]))
Training group 4, split 2
	Y Train Labels:(array([1.], dtype=float32), array([621]))
	Y Val Labels:(array([1.], dtype=float32), array([310]))
Training group 4, split 3
