


--------------------------------------------------
Starting lstm.py at '2024-10-10 14:08:21.863712'.
Reading './isDaoActiveData(4).json'... Done.
Total training Data: 379
Size of training set: 265
Size of test set: 114
Preparing data for training...
	Creating sequence for 'chiliz'... Len price:0
[]
[]
Done.
	Creating sequence for 'alphabet-erc404'... Len price:1
[]
[]
Done.
	Creating sequence for 'across-protocol'... Len price:2
[]
[]
Done.
	Creating sequence for 'clore-ai'... Len price:3
[]
[]
Done.
	Creating sequence for 'alchemist'... Len price:4
[]
[]
Done.
	Creating sequence for 'cnns'... Len price:5
[]
[]
Done.
	Creating sequence for 'bnktothefuture'... Len price:6
[]
[]
Done.
	Creating sequence for 'cornucopias'... Len price:7
[]
[]
Done.
	Creating sequence for 'aave-busd'... Skipped.
	Creating sequence for 'base-protocol'... Len price:9
[]
[]
Done.
	Creating sequence for 'algorand'... Len price:10
[]
[]
Done.
	Creating sequence for '0x0-ai-ai-smart-contract'... Len price:11
[]
[]
Done.
	Creating sequence for 'bytom'... Len price:12
[]
[]
Done.
	Creating sequence for 'as-roma-fan-token'... Len price:13
[]
[]
Done.
	Creating sequence for 'cajutel'... Len price:14
[]
[]
Done.
	Creating sequence for 'chainbing'... Len price:15
[]
[]
Done.
	Creating sequence for 'calcium'... Len price:16
[]
[]
Done.
	Creating sequence for 'belt'... Len price:17
[]
[]
Done.
	Creating sequence for 'baasid'... Len price:18
[]
[]
Done.
	Creating sequence for 'cobak-token'... Len price:19
[]
[]
Done.
	Creating sequence for 'agatech'... Len price:20
[]
[]
Done.
	Creating sequence for 'clearpool'... Len price:21
[]
[]
Done.
	Creating sequence for 'bridge-mutual'... Len price:22
[]
[]
Done.
	Creating sequence for 'bitget-wallet-token'... Len price:23
[]
[]
Done.
	Creating sequence for 'chainx'... Len price:24
[]
[]
Done.
	Creating sequence for 'anyswap'... Len price:25
[]
[]
Done.
	Creating sequence for 'botto'... Len price:26
[]
[]
Done.
	Creating sequence for 'bitcoin'... Len price:27
[]
[]
Done.
	Creating sequence for 'centrifuge'... Len price:28
[]
[]
Done.
	Creating sequence for 'basis-cash'... Len price:29
[]
[]
Done.
	Creating sequence for 'bolt'... Len price:30
[]
[]
Done.
	Creating sequence for 'creo-engine'... Len price:31
[]
[]
Done.
	Creating sequence for 'band-protocol'... Len price:32
[]
[]
Done.
	Creating sequence for 'celestia'... Len price:33
[]
[]
Done.
	Creating sequence for 'antimatter'... Len price:34
[]
[]
Done.
	Creating sequence for 'bistroo'... Len price:35
[]
[]
Done.
	Creating sequence for 'aipad'... Len price:36
[]
[]
Done.
	Creating sequence for 'bidao'... Len price:37
[]
[]
Done.
	Creating sequence for 'bitmart-token'... Len price:38
[]
[]
Done.
	Creating sequence for 'blocknet'... Len price:39
[]
[]
Done.
	Creating sequence for 'aviator'... Len price:40
[]
[]
Done.
	Creating sequence for 'ark'... Len price:41
[]
[]
Done.
	Creating sequence for 'bifrost'... Len price:42
[]
[]
Done.
	Creating sequence for 'assemble-protocol'... Len price:43
[]
[]
Done.
	Creating sequence for 'aergo'... Len price:44
[]
[]
Done.
	Creating sequence for 'artrade'... Len price:45
[]
[]
Done.
	Creating sequence for 'access-protocol'... Len price:46
[]
[]
Done.
	Creating sequence for 'aurusx'... Len price:47
[]
[]
Done.
	Creating sequence for 'affyn'... Len price:48
[]
[]
Done.
	Creating sequence for 'adapad'... Len price:49
[]
[]
Done.
	Creating sequence for 'crypto-asset-governance-alliance'... Len price:50
[]
[]
Done.
	Creating sequence for 'compound-basic-attention-token'... Len price:51
[]
[]
Done.
	Creating sequence for 'aave-usdt'... Skipped.
	Creating sequence for 'apy-finance'... Len price:53
[]
[]
Done.
	Creating sequence for 'arweave'... Len price:54
[]
[]
Done.
	Creating sequence for 'ageofgods'... Len price:55
[]
[]
Done.
	Creating sequence for 'biswap'... Len price:56
[]
[]
Done.
	Creating sequence for 'dafi-protocol'... Len price:57
[]
[]
Done.
	Creating sequence for 'biconomy'... Len price:58
[]
[]
Done.
	Creating sequence for 'cumrocket'... Len price:59
[]
[]
Done.
	Creating sequence for 'beoble'... Len price:60
[]
[]
Done.
	Creating sequence for 'apm-coin'... Len price:61
[]
[]
Done.
	Creating sequence for 'bottos'... Len price:62
[]
[]
Done.
	Creating sequence for 'aave-usdc'... Skipped.
	Creating sequence for 'bullperks'... Len price:64
[]
[]
Done.
	Creating sequence for 'bittorrent'... Len price:65
[]
[]
Done.
	Creating sequence for 'aurory'... Len price:66
[]
[]
Done.
	Creating sequence for 'acala'... Len price:67
[]
[]
Done.
	Creating sequence for 'banano'... Len price:68
[]
[]
Done.
	Creating sequence for 'aston-martin-cognizant-fan-token'... Len price:69
[]
[]
Done.
	Creating sequence for 'argent'... Skipped.
	Creating sequence for 'celo-dollar'... Len price:71
[]
[]
Done.
	Creating sequence for 'blendr-network'... Len price:72
[]
[]
Done.
	Creating sequence for 'adamant-messenger'... Len price:73
[]
[]
Done.
	Creating sequence for 'compound-ether'... Len price:74
[]
[]
Done.
	Creating sequence for 'cloudbric'... Len price:75
[]
[]
Done.
	Creating sequence for 'achain'... Len price:76
[]
[]
Done.
	Creating sequence for 'ben-the-dog'... Len price:77
[]
[]
Done.
	Creating sequence for 'arkham'... Len price:78
[]
[]
Done.
	Creating sequence for 'cellframe'... Len price:79
[]
[]
Done.
	Creating sequence for 'basic-attention-token'... Len price:80
[]
[]
Done.
	Creating sequence for 'connex'... Len price:81
[]
[]
Done.
	Creating sequence for 'coinsbit-token'... Len price:82
[]
[]
Done.
	Creating sequence for 'chronicle'... Len price:83
[]
[]
Done.
	Creating sequence for 'dacxi'... Len price:84
[]
[]
Done.
	Creating sequence for 'arcs'... Len price:85
[]
[]
Done.
	Creating sequence for 'billionhappiness'... Len price:86
[]
[]
Done.
	Creating sequence for 'burger-swap'... Len price:87
[]
[]
Done.
	Creating sequence for '1inch'... Len price:88
[]
[]
Done.
	Creating sequence for 'binance-usd'... Len price:89
[]
[]
Done.
	Creating sequence for 'beyond-finance'... Len price:90
[]
[]
Done.
	Creating sequence for 'binemon'... Len price:91
[]
[]
Done.
	Creating sequence for 'b20'... Len price:92
[]
[]
Done.
	Creating sequence for 'bemo-staked-ton'... Len price:93
[]
[]
Done.
	Creating sequence for 'aeron'... Len price:94
[]
[]
Done.
	Creating sequence for 'coldstack'... Len price:95
[]
[]
Done.
	Creating sequence for 'brz'... Len price:96
[]
[]
Done.
	Creating sequence for 'blockstack'... Len price:97
[]
[]
Done.
	Creating sequence for 'bamboo-defi'... Len price:98
[]
[]
Done.
	Creating sequence for 'astroswap'... Len price:99
[]
[]
Done.
	Creating sequence for 'barnbridge'... Len price:100
[]
[]
Done.
	Creating sequence for 'bitcoin-wizards'... Len price:101
[]
[]
Done.
	Creating sequence for 'commune-ai'... Len price:102
[]
[]
Done.
	Creating sequence for 'alva'... Len price:103
[]
[]
Done.
	Creating sequence for 'balpha'... Len price:104
[]
[]
Done.
	Creating sequence for 'cardano'... Len price:105
[]
[]
Done.
	Creating sequence for 'alvey-chain'... Len price:106
[]
[]
Done.
	Creating sequence for 'adreward'... Len price:107
[]
[]
Done.
	Creating sequence for 'acorn-protocol'... Len price:108
[]
[]
Done.
	Creating sequence for 'bitcoin-cash'... Len price:109
[]
[]
Done.
	Creating sequence for 'bazaars'... Len price:110
[]
[]
Done.
	Creating sequence for 'cere-network'... Len price:111
[]
[]
Done.
	Creating sequence for 'bnsd-finance'... Len price:112
[]
[]
Done.
	Creating sequence for 'bitball-treasure'... Len price:113
[]
[]
Done.
	Creating sequence for 'airight'... Len price:114
[]
[]
Done.
	Creating sequence for 'auto'... Len price:115
[]
[]
Done.
	Creating sequence for 'comtech-gold'... Len price:116
[]
[]
Done.
	Creating sequence for 'bluzelle'... Len price:117
[]
[]
Done.
	Creating sequence for 'bitkub-coin'... Len price:118
[]
[]
Done.
	Creating sequence for 'aston-villa-fan-token'... Len price:119
[]
[]
Done.
	Creating sequence for 'crash-on-base'... Len price:120
[]
[]
Done.
	Creating sequence for 'aeon'... Len price:121
[]
[]
Done.
	Creating sequence for 'alchemix'... Len price:122
[]
[]
Done.
	Creating sequence for 'bitball'... Len price:123
[]
[]
Done.
	Creating sequence for 'beefy-finance'... Len price:124
[]
[]
Done.
	Creating sequence for 'calamari-network'... Len price:125
[]
[]
Done.
	Creating sequence for 'crown-by-third-time-games'... Len price:126
[]
[]
Done.
	Creating sequence for 'apeswap-finance'... Len price:127
[]
[]
Done.
	Creating sequence for 'ait-protocol'... Len price:128
[]
[]
Done.
	Creating sequence for 'ampleforth-governance-token'... Len price:129
[]
[]
Done.
	Creating sequence for 'aion'... Len price:130
[]
[]
Done.
	Creating sequence for 'autonio'... Len price:131
[]
[]
Done.
	Creating sequence for 'airtor-protocol'... Len price:132
[]
[]
Done.
	Creating sequence for 'acquire-fi'... Len price:133
[]
[]
Done.
	Creating sequence for 'aptos'... Len price:134
[]
[]
Done.
	Creating sequence for 'cyberfi'... Len price:135
[]
[]
Done.
	Creating sequence for 'carvertical'... Len price:136
[]
[]
Done.
	Creating sequence for 'captain-tsubasa'... Len price:137
[]
[]
Done.
	Creating sequence for 'bitcoin-diamond'... Len price:138
[]
[]
Done.
	Creating sequence for 'bitcoin-gold'... Len price:139
[]
[]
Done.
	Creating sequence for 'cotrader'... Len price:140
[]
[]
Done.
	Creating sequence for 'coin98'... Len price:141
[]
[]
Done.
	Creating sequence for 'convex-finance'... Len price:142
[]
[]
Done.
	Creating sequence for 'alpine-f1-team-fan-token'... Len price:143
[]
[]
Done.
	Creating sequence for 'ampleforth'... Len price:144
[]
[]
Done.
	Creating sequence for 'airswap'... Len price:145
[]
[]
Done.
	Creating sequence for 'aerodrome-finance'... Len price:146
[]
[]
Done.
	Creating sequence for 'blackcardcoin'... Len price:147
[]
[]
Done.
	Creating sequence for 'ambo'... Skipped.
	Creating sequence for 'bepro-network'... Len price:149
[]
[]
Done.
	Creating sequence for 'azuki'... Len price:150
[]
[]
Done.
	Creating sequence for 'aioz-network'... Len price:151
[]
[]
Done.
	Creating sequence for 'astar'... Len price:152
[]
[]
Done.
	Creating sequence for 'augur'... Len price:153
[]
[]
Done.
	Creating sequence for 'adshares'... Len price:154
[]
[]
Done.
	Creating sequence for 'ceres'... Len price:155
[]
[]
Done.
	Creating sequence for 'constitutiondao'... Len price:156
[]
[]
Done.
	Creating sequence for 'aragon'... Len price:157
[]
[]
Done.
	Creating sequence for 'areon-network'... Len price:158
[]
[]
Done.
	Creating sequence for 'ai-analysis-token'... Len price:159
[]
[]
Done.
	Creating sequence for 'armor'... Len price:160
[]
[]
Done.
	Creating sequence for 'bitshares'... Len price:161
[]
[]
Done.
	Creating sequence for 'cryptozoon'... Len price:162
[]
[]
Done.
	Creating sequence for 'bitdao'... Len price:163
[]
[]
Done.
	Creating sequence for 'convergence'... Len price:164
[]
[]
Done.
	Creating sequence for 'contentos'... Len price:165
[]
[]
Done.
	Creating sequence for 'alitas'... Len price:166
[]
[]
Done.
	Creating sequence for 'akita-inu'... Len price:167
[]
[]
Done.
	Creating sequence for 'aeternity'... Len price:168
[]
[]
Done.
	Creating sequence for 'brainlet'... Skipped.
	Creating sequence for 'bread'... Len price:170
[]
[]
Done.
	Creating sequence for 'contentbox'... Len price:171
[]
[]
Done.
	Creating sequence for 'bad-idea-ai'... Len price:172
[]
[]
Done.
	Creating sequence for 'crypto-ai-robo'... Len price:173
[]
[]
Done.
	Creating sequence for 'blind-boxes'... Len price:174
[]
[]
Done.
	Creating sequence for 'beam'... Len price:175
[]
[]
Done.
	Creating sequence for 'alien-worlds'... Len price:176
[]
[]
Done.
	Creating sequence for 'banana-gun'... Len price:177
[]
[]
Done.
	Creating sequence for 'aave-mana'... Skipped.
	Creating sequence for 'amino'... Len price:179
[]
[]
Done.
	Creating sequence for 'cashaa'... Len price:180
[]
[]
Done.
	Creating sequence for 'catcoin'... Len price:181
[]
[]
Done.
	Creating sequence for 'birake'... Len price:182
[]
[]
Done.
	Creating sequence for 'altered-state-token'... Len price:183
[]
[]
Done.
	Creating sequence for 'bonfida'... Len price:184
[]
[]
Done.
	Creating sequence for 'bakerytoken'... Len price:185
[]
[]
Done.
	Creating sequence for 'aave-link'... Skipped.
	Creating sequence for 'credefi'... Len price:187
[]
[]
Done.
	Creating sequence for 'bella-protocol'... Len price:188
[]
[]
Done.
	Creating sequence for 'ardor'... Len price:189
[]
[]
Done.
	Creating sequence for 'acknoledger'... Len price:190
[]
[]
Done.
	Creating sequence for 'cryptogpt'... Len price:191
[]
[]
Done.
	Creating sequence for 'civic'... Len price:192
[]
[]
Done.
	Creating sequence for 'bifi'... Len price:193
[]
[]
Done.
	Creating sequence for 'axelar'... Len price:194
[]
[]
Done.
	Creating sequence for 'amepay'... Len price:195
[]
[]
Done.
	Creating sequence for 'clube-atletico-mineiro-fan-token'... Len price:196
[]
[]
Done.
	Creating sequence for 'cyclone-protocol'... Len price:197
[]
[]
Done.
	Creating sequence for 'apenft'... Len price:198
[]
[]
Done.
	Creating sequence for 'celo'... Len price:199
[]
[]
Done.
	Creating sequence for 'coinweb'... Len price:200
[]
[]
Done.
	Creating sequence for 'concordium'... Len price:201
[]
[]
Done.
	Creating sequence for 'chex-token'... Len price:202
[]
[]
Done.
	Creating sequence for 'coinex-token'... Len price:203
[]
[]
Done.
	Creating sequence for 'appcoins'... Len price:204
[]
[]
Done.
	Creating sequence for 'boba-network'... Len price:205
[]
[]
Done.
	Creating sequence for 'arcona'... Len price:206
[]
[]
Done.
	Creating sequence for 'azuro-protocol'... Len price:207
[]
[]
Done.
	Creating sequence for 'aave-tusd'... Skipped.
	Creating sequence for 'babb'... Len price:209
[]
[]
Done.
	Creating sequence for 'cult-dao'... Len price:210
[]
[]
Done.
	Creating sequence for 'avail'... Skipped.
	Creating sequence for 'amond'... Len price:212
[]
[]
Done.
	Creating sequence for 'akash-network'... Len price:213
[]
[]
Done.
	Creating sequence for 'bitcicoin'... Len price:214
[]
[]
Done.
	Creating sequence for 'aave-knc'... Skipped.
	Creating sequence for '0x'... Len price:216
[]
[]
Done.
	Creating sequence for 'billy'... Len price:217
[]
[]
Done.
	Creating sequence for 'bbs-network'... Len price:218
[]
[]
Done.
	Creating sequence for 'atlas-navi'... Len price:219
[]
[]
Done.
	Creating sequence for 'api3'... Len price:220
[]
[]
Done.
	Creating sequence for 'andy-on-sol'... Len price:221
[]
[]
Done.
	Creating sequence for 'credits'... Len price:222
[]
[]
Done.
	Creating sequence for '5ire'... Len price:223
[]
[]
Done.
	Creating sequence for 'aethir'... Len price:224
[]
[]
Done.
	Creating sequence for 'axie-infinity'... Len price:225
[]
[]
Done.
	Creating sequence for 'compound-uniswap'... Len price:226
[]
[]
Done.
	Creating sequence for 'beta-finance'... Len price:227
[]
[]
Done.
	Creating sequence for 'blockasset'... Len price:228
[]
[]
Done.
	Creating sequence for 'art-de-finance'... Len price:229
[]
[]
Done.
	Creating sequence for '3space-art'... Len price:230
[]
[]
Done.
	Creating sequence for 'carry'... Len price:231
[]
[]
Done.
	Creating sequence for 'amber'... Len price:232
[]
[]
Done.
	Creating sequence for 'alephium'... Len price:233
[]
[]
Done.
	Creating sequence for 'bibox-token'... Len price:234
[]
[]
Done.
	Creating sequence for 'boson-protocol'... Len price:235
[]
[]
Done.
	Creating sequence for 'arcblock'... Len price:236
[]
[]
Done.
	Creating sequence for 'circuits-of-value'... Len price:237
[]
[]
Done.
	Creating sequence for 'book-of-meme'... Len price:238
[]
[]
Done.
	Creating sequence for 'aventus'... Len price:239
[]
[]
Done.
	Creating sequence for 'adappter-token'... Len price:240
[]
[]
Done.
	Creating sequence for '404aliens'... Len price:241
[]
[]
Done.
	Creating sequence for 'cratos'... Len price:242
[]
[]
Done.
	Creating sequence for 'cartesi'... Len price:243
[]
[]
Done.
	Creating sequence for 'choise'... Len price:244
[]
[]
Done.
	Creating sequence for 'amaterasu-omikami'... Len price:245
[]
[]
Done.
	Creating sequence for 'adventure-gold'... Len price:246
[]
[]
Done.
	Creating sequence for 'celer-network'... Len price:247
[]
[]
Done.
	Creating sequence for 'bitpanda-ecosystem-token'... Len price:248
[]
[]
Done.
	Creating sequence for 'celo-euro'... Len price:249
[]
[]
Done.
	Creating sequence for 'bomb'... Len price:250
[]
[]
Done.
	Creating sequence for 'cosmos'... Len price:251
[]
[]
Done.
	Creating sequence for 'cudos'... Len price:252
[]
[]
Done.
	Creating sequence for 'bora'... Len price:253
[]
[]
Done.
	Creating sequence for 'altlayer'... Len price:254
[]
[]
Done.
	Creating sequence for 'aave-dai'... Skipped.
	Creating sequence for 'aimalls'... Len price:256
[]
[]
Done.
	Creating sequence for 'bitrock'... Len price:257
[]
[]
Done.
	Creating sequence for 'acute-angle-cloud'... Len price:258
[]
[]
Done.
	Creating sequence for 'blocery'... Len price:259
[]
[]
Done.
	Creating sequence for 'beamswap'... Len price:260
[]
[]
Done.
	Creating sequence for 'alkimi'... Len price:261
[]
[]
Done.
	Creating sequence for 'attila'... Len price:262
[]
[]
Done.
	Creating sequence for 'brickken'... Len price:263
[]
[]
Done.
	Creating sequence for 'alethea-artificial-liquid-intelligence-token'... Len price:264
[]
[]
Done.
Preparing data for testing...
	Creating sequence for 'cetus-protocol'... Len price:265
[]
Done.
	Creating sequence for 'aave-snx'... Skipped.
	Creating sequence for 'axel'... Len price:267
[]
Done.
	Creating sequence for 'bao-finance'... Len price:268
[]
Done.
	Creating sequence for 'babyswap'... Len price:269
[]
Done.
	Creating sequence for 'blockchain-monster-hunt'... Len price:270
[]
Done.
	Creating sequence for 'conun'... Len price:271
[]
Done.
	Creating sequence for 'brn-metaverse'... Len price:272
[]
Done.
	Creating sequence for 'berry-data'... Len price:273
[]
Done.
	Creating sequence for 'aave-bat'... Skipped.
	Creating sequence for 'ankr'... Len price:275
[]
Done.
	Creating sequence for 'bondly'... Len price:276
[]
Done.
	Creating sequence for 'cryptofranc'... Len price:277
[]
Done.
	Creating sequence for 'crowns'... Len price:278
[]
Done.
	Creating sequence for 'bosagora'... Len price:279
[]
Done.
	Creating sequence for 'bobo-coin'... Len price:280
[]
Done.
	Creating sequence for 'coinfi'... Len price:281
[]
Done.
	Creating sequence for 'crvusd'... Len price:282
[]
Done.
	Creating sequence for '88mph'... Len price:283
[]
Done.
	Creating sequence for '0chain'... Len price:284
[]
Done.
	Creating sequence for 'autonolas'... Len price:285
[]
Done.
	Creating sequence for 'byte'... Len price:286
[]
Done.
	Creating sequence for 'corite'... Len price:287
[]
Done.
	Creating sequence for 'breederdao'... Len price:288
[]
Done.
	Creating sequence for 'coti'... Len price:289
[]
Done.
	Creating sequence for 'blockv'... Len price:290
[]
Done.
	Creating sequence for 'aurora-near'... Len price:291
[]
Done.
	Creating sequence for 'audius'... Len price:292
[]
Done.
	Creating sequence for 'cropbytes'... Len price:293
[]
Done.
	Creating sequence for 'cheems'... Len price:294
[]
Done.
	Creating sequence for 'conceal'... Len price:295
[]
Done.
	Creating sequence for 'ariva'... Len price:296
[]
Done.
	Creating sequence for 'blockchain-certified-data-token'... Len price:297
[]
Done.
	Creating sequence for 'auctus'... Len price:298
[]
Done.
	Creating sequence for 'bitcoin-atom'... Len price:299
[]
Done.
	Creating sequence for 'aave-mkr'... Skipped.
	Creating sequence for 'alchemy-pay'... Len price:301
[]
Done.
	Creating sequence for 'befe'... Len price:302
[]
Done.
	Creating sequence for 'archloot'... Len price:303
[]
Done.
	Creating sequence for 'aelf'... Len price:304
[]
Done.
	Creating sequence for 'arsenal-fan-token'... Len price:305
[]
Done.
	Creating sequence for 'cookie'... Len price:306
[]
Done.
	Creating sequence for 'counterparty'... Len price:307
[]
Done.
	Creating sequence for 'binamon'... Len price:308
[]
Done.
	Creating sequence for 'blast'... Len price:309
[]
Done.
	Creating sequence for 'coinpoker'... Len price:310
[]
Done.
	Creating sequence for 'cvault-finance'... Len price:311
[]
Done.
	Creating sequence for 'alpaca-finance'... Len price:312
[]
Done.
	Creating sequence for 'aigentx'... Len price:313
[]
Done.
	Creating sequence for 'bouncebit'... Len price:314
[]
Done.
	Creating sequence for 'balancer'... Len price:315
[]
Done.
	Creating sequence for 'cindicator'... Len price:316
[]
Done.
	Creating sequence for 'altava'... Len price:317
[]
Done.
	Creating sequence for 'clintex-cti'... Len price:318
[]
Done.
	Creating sequence for 'anchor-protocol'... Len price:319
[]
Done.
	Creating sequence for 'aave'... Len price:320
[]
Done.
	Creating sequence for 'daex'... Len price:321
[]
Done.
	Creating sequence for 'carbon-browser'... Len price:322
[]
Done.
	Creating sequence for 'blazestake-staked-sol'... Len price:323
[]
Done.
	Creating sequence for 'city-tycoon-games'... Len price:324
[]
Done.
	Creating sequence for 'aura-finance'... Len price:325
[]
Done.
	Creating sequence for 'cryptoblades'... Len price:326
[]
Done.
	Creating sequence for 'atlas-protocol'... Len price:327
[]
Done.
	Creating sequence for 'covesting'... Len price:328
[]
Done.
	Creating sequence for 'boringdao'... Len price:329
[]
Done.
	Creating sequence for 'coreum'... Len price:330
[]
Done.
	Creating sequence for 'bald'... Len price:331
[]
Done.
	Creating sequence for 'cryptex-finance'... Len price:332
[]
Done.
	Creating sequence for 'daddy-tate'... Len price:333
[]
Done.
	Creating sequence for 'catheon-gaming'... Len price:334
[]
Done.
	Creating sequence for 'aave-susd'... Skipped.
	Creating sequence for 'cargox'... Len price:336
[]
Done.
	Creating sequence for 'bone-shibaswap'... Len price:337
[]
Done.
	Creating sequence for 'cortex'... Len price:338
[]
Done.
	Creating sequence for 'contracoin'... Len price:339
[]
Done.
	Creating sequence for 'bittensor'... Len price:340
[]
Done.
	Creating sequence for 'big-time'... Len price:341
[]
Done.
	Creating sequence for 'aurora'... Len price:342
[]
Done.
	Creating sequence for 'aryacoin'... Len price:343
[]
Done.
	Creating sequence for 'allianceblock-nexera'... Len price:344
[]
Done.
	Creating sequence for 'alanyaspor-fan-token'... Len price:345
[]
Done.
	Creating sequence for 'curate'... Len price:346
[]
Done.
	Creating sequence for '8pay'... Len price:347
[]
Done.
	Creating sequence for 'big-data-protocol'... Len price:348
[]
Done.
	Creating sequence for 'coinbase-wrapped-staked-eth'... Len price:349
[]
Done.
	Creating sequence for 'analos'... Len price:350
[]
Done.
	Creating sequence for 'coreto'... Len price:351
[]
Done.
	Creating sequence for 'blox'... Len price:352
[]
Done.
	Creating sequence for 'avinoc'... Len price:353
[]
Done.
	Creating sequence for 'bitcore'... Len price:354
[]
Done.
	Creating sequence for 'akropolis'... Len price:355
[]
Done.
	Creating sequence for 'compound-0x'... Len price:356
[]
Done.
	Creating sequence for 'bird-money'... Len price:357
[]
Done.
	Creating sequence for 'apyswap'... Len price:358
[]
Done.
	Creating sequence for 'aave-wbtc'... Skipped.
	Creating sequence for 'bridge-oracle'... Len price:360
[]
Done.
	Creating sequence for 'ancient8'... Len price:361
[]
Done.
	Creating sequence for 'catman'... Len price:362
[]
Done.
	Creating sequence for 'astrotools'... Len price:363
[]
Done.
	Creating sequence for 'azbit'... Len price:364
[]
Done.
	Creating sequence for 'aave-zrx'... Skipped.
	Creating sequence for 'cybervein'... Len price:366
[]
Done.
	Creating sequence for 'bscpad'... Len price:367
[]
Done.
	Creating sequence for 'ally'... Len price:368
[]
Done.
	Creating sequence for 'ambire-wallet'... Len price:369
[]
Done.
	Creating sequence for 'amazy'... Len price:370
[]
Done.
	Creating sequence for 'cyberconnect'... Len price:371
[]
Done.
	Creating sequence for 'covalent'... Len price:372
[]
Done.
	Creating sequence for 'cypherium'... Len price:373
[]
Done.
	Creating sequence for 'bancor'... Len price:374
[]
Done.
	Creating sequence for 'blockbank'... Len price:375
[]
Done.
	Creating sequence for 'crabada'... Len price:376
[]
Done.
	Creating sequence for 'beyond-protocol'... Len price:377
[]
Done.
	Creating sequence for 'axis-defi'... Len price:378
[]
Done.
Actual training set: 253 entries
Actual testing set:  108 entries
Actual training/total ratio: 0.6675461741424802
