


--------------------------------------------------
Starting lstm.py at '2024-10-13 20:21:00.296570'.
Reading './isDaoActiveData(4).json'... Done.
Total training Data: 379
DAOs trained so far:30
Size of training set: 235
Size of test set: 114
Preparing data for training...
Preparing data for testing...
Parameters:
	Num epochs: 60
	Initial learning rate: 0.001
	Patience: 12
	Window size: 60
	Timeseries splits: 3
	Minimum number of timeseries datapoints: 64
Gradient boosting params: 
	{"max_depth": 3, "learning_rate": 0.05, "n_estimators": 100, "objective": "binary:logistic", "eval_metric": "logloss"}
	Creating sequence for 'bolt'... Training group 0, split 1
	Y Train Labels:(array([1.], dtype=float32), array([481]))
	Y Val Labels:(array([1.], dtype=float32), array([479]))
Training group 0, split 2
	Early stopping at epoch 13
	Y Train Labels:(array([1.], dtype=float32), array([960]))
	Y Val Labels:(array([0., 1.], dtype=float32), array([297, 182]))
Training group 0, split 3
	Y Train Labels:(array([0., 1.], dtype=float32), array([ 297, 1142]))
	Y Val Labels:(array([0.], dtype=float32), array([479]))
Done.
	Creating sequence for 'creo-engine'... Training group 1, split 1
	Y Train Labels:(array([1.], dtype=float32), array([205]))
	Y Val Labels:(array([1.], dtype=float32), array([203]))
Training group 1, split 2
	Y Train Labels:(array([1.], dtype=float32), array([408]))
	Y Val Labels:(array([1.], dtype=float32), array([203]))
Training group 1, split 3
	Y Train Labels:(array([1.], dtype=float32), array([611]))
	Y Val Labels:(array([1.], dtype=float32), array([203]))
Done.
	Creating sequence for 'band-protocol'... Training group 2, split 1
	Y Train Labels:(array([1.], dtype=float32), array([437]))
	Y Val Labels:(array([1.], dtype=float32), array([437]))
Training group 2, split 2
	Y Train Labels:(array([1.], dtype=float32), array([874]))
	Y Val Labels:(array([1.], dtype=float32), array([437]))
Training group 2, split 3
	Y Train Labels:(array([1.], dtype=float32), array([1311]))
	Y Val Labels:(array([1.], dtype=float32), array([437]))
Done.
	Creating sequence for 'celestia'... Training group 3, split 1
	Y Train Labels:(array([1.], dtype=float32), array([69]))
	Y Val Labels:(array([1.], dtype=float32), array([67]))
Training group 3, split 2
	Y Train Labels:(array([1.], dtype=float32), array([136]))
	Y Val Labels:(array([1.], dtype=float32), array([67]))
Training group 3, split 3
	Y Train Labels:(array([1.], dtype=float32), array([203]))
	Y Val Labels:(array([1.], dtype=float32), array([67]))
Done.
	Creating sequence for 'antimatter'... Training group 4, split 1
	Y Train Labels:(array([1.], dtype=float32), array([298]))
	Y Val Labels:(array([1.], dtype=float32), array([297]))
Training group 4, split 2
