


--------------------------------------------------
Starting lstm.py at '2024-10-26 23:49:46.597791'.
Reading '../classifiedDAOs.json'... Done.
Total training Data: 1578
DAOs trained so far:698
Size of training set: 406
Size of test set: 474
Preparing data for training...
Preparing data for testing...
Parameters:
	Num epochs: 60
	Initial learning rate: 0.001
	Patience: 12
	Window size: 60
	Timeseries splits: 3
	Minimum number of timeseries datapoints: 64
Gradient boosting params: 
	{"max_depth": 3, "learning_rate": 0.05, "n_estimators": 100, "objective": "binary:logistic", "eval_metric": "logloss"}
	Creating sequence for 'ceres'... Training group 0, split 1
	Early stopping at epoch 13
	Y Train Labels:(array([1.], dtype=float32), array([263]))
	Y Val Labels:(array([1.], dtype=float32), array([261]))
Training group 0, split 2
	Early stopping at epoch 13
	Y Train Labels:(array([1.], dtype=float32), array([524]))
	Y Val Labels:(array([0., 1.], dtype=float32), array([236,  25]))
Training group 0, split 3
	Early stopping at epoch 13
	Y Train Labels:(array([0., 1.], dtype=float32), array([236, 549]))
	Y Val Labels:(array([0.], dtype=float32), array([261]))
Done.
	Creating sequence for 'injective-protocol'... Training group 1, split 1
	Early stopping at epoch 13
	Y Train Labels:(array([1.], dtype=float32), array([150]))
	Y Val Labels:(array([1.], dtype=float32), array([148]))
Training group 1, split 2
	Early stopping at epoch 13
	Y Train Labels:(array([1.], dtype=float32), array([298]))
	Y Val Labels:(array([1.], dtype=float32), array([148]))
Training group 1, split 3
	Early stopping at epoch 13
	Y Train Labels:(array([1.], dtype=float32), array([446]))
	Y Val Labels:(array([1.], dtype=float32), array([148]))
Done.
	Creating sequence for 'trac'... Training group 2, split 1
	Early stopping at epoch 13
	Y Train Labels:(array([1.], dtype=float32), array([110]))
	Y Val Labels:(array([1.], dtype=float32), array([108]))
Training group 2, split 2
	Early stopping at epoch 13
	Y Train Labels:(array([1.], dtype=float32), array([218]))
	Y Val Labels:(array([1.], dtype=float32), array([108]))
Training group 2, split 3
	Early stopping at epoch 13
	Y Train Labels:(array([1.], dtype=float32), array([326]))
	Y Val Labels:(array([1.], dtype=float32), array([108]))
Done.
	Creating sequence for 'sovryn'... Training group 3, split 1
	Early stopping at epoch 13
	Y Train Labels:(array([1.], dtype=float32), array([235]))
	Y Val Labels:(array([1.], dtype=float32), array([233]))
Training group 3, split 2
	Early stopping at epoch 13
	Y Train Labels:(array([1.], dtype=float32), array([468]))
	Y Val Labels:(array([1.], dtype=float32), array([233]))
Training group 3, split 3
	Early stopping at epoch 13
	Y Train Labels:(array([1.], dtype=float32), array([701]))
	Y Val Labels:(array([1.], dtype=float32), array([233]))
Done.
	Creating sequence for 'billy'... Training group 4, split 1
	Early stopping at epoch 13
	Y Train Labels:(array([0.], dtype=float32), array([10]))
	Y Val Labels:(array([0.], dtype=float32), array([9]))
Training group 4, split 2
	Early stopping at epoch 13
	Y Train Labels:(array([0.], dtype=float32), array([19]))
	Y Val Labels:(array([0.], dtype=float32), array([9]))
Training group 4, split 3
	Early stopping at epoch 13
	Y Train Labels:(array([0.], dtype=float32), array([28]))
	Y Val Labels:(array([0.], dtype=float32), array([9]))
Done.
	Creating sequence for 'kava-swap'... Training group 5, split 1
	Early stopping at epoch 13
	Y Train Labels:(array([1.], dtype=float32), array([236]))
	Y Val Labels:(array([0., 1.], dtype=float32), array([229,   5]))
Training group 5, split 2
	Early stopping at epoch 13
	Y Train Labels:(array([0., 1.], dtype=float32), array([229, 241]))
	Y Val Labels:(array([0.], dtype=float32), array([234]))
Training group 5, split 3
	Early stopping at epoch 13
	Y Train Labels:(array([0., 1.], dtype=float32), array([463, 241]))
	Y Val Labels:(array([0.], dtype=float32), array([234]))
Done.
	Creating sequence for 'opulous'... Training group 6, split 1
	Early stopping at epoch 13
	Y Train Labels:(array([1.], dtype=float32), array([230]))
	Y Val Labels:(array([1.], dtype=float32), array([229]))
Training group 6, split 2
	Early stopping at epoch 13
	Y Train Labels:(array([1.], dtype=float32), array([459]))
	Y Val Labels:(array([1.], dtype=float32), array([229]))
Training group 6, split 3
