


--------------------------------------------------
Starting lstm.py at '2024-10-11 17:45:40.440223'.
Reading './isDaoActiveData(4).json'... Done.
Total training Data: 379
Size of training set: 265
Size of test set: 114
Preparing data for training...
<torch.utils.data.dataloader.DataLoader object at 0x124bdf9b0>
Preparing data for testing...
Parameters:
	Num epochs: 60
	Initial learning rate: 0.001
	Patience: 12
	Window size: 60
	Timeseries splits: 3
	Minimum number of timeseries datapoints: 64
Gradient boosting params: 
	{"max_depth": 3, "learning_rate": 0.05, "n_estimators": 100, "objective": "binary:logistic", "eval_metric": "logloss"}
	Creating sequence for 'binance-usd'... Done.
Training group 0, split 1
	Y Train Labels:(array([1.], dtype=float32), array([443]))
	Y Val Labels:(array([1.], dtype=float32), array([443]))
Training group 0, split 2
	Early stopping at epoch 22
	Y Train Labels:(array([1.], dtype=float32), array([886]))
	Y Val Labels:(array([0., 1.], dtype=float32), array([ 11, 432]))
Training group 0, split 3
	Early stopping at epoch 13
	Y Train Labels:(array([0., 1.], dtype=float32), array([  11, 1318]))
	Y Val Labels:(array([0.], dtype=float32), array([443]))
	Creating sequence for 'avinoc'... Done.
Training group 1, split 1
	Early stopping at epoch 13
	Y Train Labels:(array([1.], dtype=float32), array([473]))
	Y Val Labels:(array([1.], dtype=float32), array([473]))
Training group 1, split 2
	Early stopping at epoch 13
	Y Train Labels:(array([1.], dtype=float32), array([946]))
	Y Val Labels:(array([1.], dtype=float32), array([473]))
Training group 1, split 3
	Early stopping at epoch 13
	Y Train Labels:(array([1.], dtype=float32), array([1419]))
	Y Val Labels:(array([0., 1.], dtype=float32), array([160, 313]))
	Creating sequence for 'crvusd'... Done.
Training group 2, split 1
	Early stopping at epoch 13
	Y Train Labels:(array([1.], dtype=float32), array([101]))
	Y Val Labels:(array([1.], dtype=float32), array([98]))
Training group 2, split 2
	Early stopping at epoch 13
	Y Train Labels:(array([1.], dtype=float32), array([199]))
	Y Val Labels:(array([1.], dtype=float32), array([98]))
Training group 2, split 3
	Early stopping at epoch 13
	Y Train Labels:(array([1.], dtype=float32), array([297]))
	Y Val Labels:(array([1.], dtype=float32), array([98]))
	Creating sequence for 'alethea-artificial-liquid-intelligence-token'... Done.
Training group 3, split 1
	Early stopping at epoch 13
	Y Train Labels:(array([1.], dtype=float32), array([225]))
	Y Val Labels:(array([1.], dtype=float32), array([223]))
Training group 3, split 2
	Early stopping at epoch 13
	Y Train Labels:(array([1.], dtype=float32), array([448]))
	Y Val Labels:(array([1.], dtype=float32), array([223]))
Training group 3, split 3
	Early stopping at epoch 13
	Y Train Labels:(array([1.], dtype=float32), array([671]))
	Y Val Labels:(array([0., 1.], dtype=float32), array([166,  57]))
	Creating sequence for 'coti'... Done.
Training group 4, split 1
	Early stopping at epoch 13
	Y Train Labels:(array([1.], dtype=float32), array([470]))
	Y Val Labels:(array([1.], dtype=float32), array([470]))
Training group 4, split 2
	Early stopping at epoch 13
	Y Train Labels:(array([1.], dtype=float32), array([940]))
	Y Val Labels:(array([1.], dtype=float32), array([470]))
Training group 4, split 3
	Early stopping at epoch 13
	Y Train Labels:(array([1.], dtype=float32), array([1410]))
	Y Val Labels:(array([1.], dtype=float32), array([470]))
	Creating sequence for '1inch'... Done.
Training group 5, split 1
	Early stopping at epoch 13
	Y Train Labels:(array([1.], dtype=float32), array([329]))
	Y Val Labels:(array([0., 1.], dtype=float32), array([268,  59]))
Training group 5, split 2
	Early stopping at epoch 13
	Y Train Labels:(array([0., 1.], dtype=float32), array([268, 388]))
	Y Val Labels:(array([0.], dtype=float32), array([327]))
Training group 5, split 3
	Early stopping at epoch 13
	Y Train Labels:(array([0., 1.], dtype=float32), array([595, 388]))
	Y Val Labels:(array([0.], dtype=float32), array([327]))
	Creating sequence for 'barnbridge'... Done.
Training group 6, split 1
	Early stopping at epoch 13
	Y Train Labels:(array([1.], dtype=float32), array([323]))
	Y Val Labels:(array([0., 1.], dtype=float32), array([149, 172]))
Training group 6, split 2
	Early stopping at epoch 13
	Y Train Labels:(array([0., 1.], dtype=float32), array([149, 495]))
	Y Val Labels:(array([0.], dtype=float32), array([321]))
Training group 6, split 3
	Early stopping at epoch 13
	Y Train Labels:(array([0., 1.], dtype=float32), array([470, 495]))
	Y Val Labels:(array([0.], dtype=float32), array([321]))
	Creating sequence for 'bread'... Done.
Training group 7, split 1
	Early stopping at epoch 13
	Y Train Labels:(array([1.], dtype=float32), array([598]))
	Y Val Labels:(array([1.], dtype=float32), array([598]))
Training group 7, split 2
	Early stopping at epoch 13
	Y Train Labels:(array([1.], dtype=float32), array([1196]))
	Y Val Labels:(array([0., 1.], dtype=float32), array([326, 272]))
Training group 7, split 3
	Early stopping at epoch 13
	Y Train Labels:(array([0., 1.], dtype=float32), array([ 326, 1468]))
	Y Val Labels:(array([0.], dtype=float32), array([598]))
	Creating sequence for 'aragon'... Done.
Training group 8, split 1
	Early stopping at epoch 13
	Y Train Labels:(array([1.], dtype=float32), array([659]))
	Y Val Labels:(array([1.], dtype=float32), array([656]))
Training group 8, split 2
	Early stopping at epoch 13
	Y Train Labels:(array([1.], dtype=float32), array([1315]))
	Y Val Labels:(array([1.], dtype=float32), array([656]))
Training group 8, split 3
	Early stopping at epoch 13
	Y Train Labels:(array([1.], dtype=float32), array([1971]))
	Y Val Labels:(array([1.], dtype=float32), array([656]))
	Creating sequence for '0x0-ai-ai-smart-contract'... Done.
Training group 9, split 1
	Early stopping at epoch 13
	Y Train Labels:(array([1.], dtype=float32), array([138]))
	Y Val Labels:(array([0., 1.], dtype=float32), array([74, 61]))
Training group 9, split 2
	Early stopping at epoch 13
	Y Train Labels:(array([0., 1.], dtype=float32), array([ 74, 199]))
	Y Val Labels:(array([0.], dtype=float32), array([135]))
Training group 9, split 3
	Early stopping at epoch 13
	Y Train Labels:(array([0., 1.], dtype=float32), array([209, 199]))
	Y Val Labels:(array([0.], dtype=float32), array([135]))
	Creating sequence for 'algorand'... Done.
Training group 10, split 1
	Early stopping at epoch 13
	Y Train Labels:(array([1.], dtype=float32), array([468]))
	Y Val Labels:(array([1.], dtype=float32), array([465]))
Training group 10, split 2
	Early stopping at epoch 13
	Y Train Labels:(array([1.], dtype=float32), array([933]))
	Y Val Labels:(array([1.], dtype=float32), array([465]))
Training group 10, split 3
	Early stopping at epoch 13
	Y Train Labels:(array([1.], dtype=float32), array([1398]))
	Y Val Labels:(array([0., 1.], dtype=float32), array([408,  57]))
	Creating sequence for 'coin98'... Done.
Training group 11, split 1
	Early stopping at epoch 13
	Y Train Labels:(array([1.], dtype=float32), array([273]))
	Y Val Labels:(array([1.], dtype=float32), array([270]))
Training group 11, split 2
	Early stopping at epoch 13
	Y Train Labels:(array([1.], dtype=float32), array([543]))
	Y Val Labels:(array([1.], dtype=float32), array([270]))
Training group 11, split 3
	Early stopping at epoch 13
	Y Train Labels:(array([1.], dtype=float32), array([813]))
	Y Val Labels:(array([1.], dtype=float32), array([270]))
	Creating sequence for 'biconomy'... Done.
Training group 12, split 1
	Early stopping at epoch 13
	Y Train Labels:(array([1.], dtype=float32), array([243]))
	Y Val Labels:(array([1.], dtype=float32), array([242]))
Training group 12, split 2
	Early stopping at epoch 13
	Y Train Labels:(array([1.], dtype=float32), array([485]))
	Y Val Labels:(array([1.], dtype=float32), array([242]))
Training group 12, split 3
	Early stopping at epoch 13
	Y Train Labels:(array([1.], dtype=float32), array([727]))
	Y Val Labels:(array([1.], dtype=float32), array([242]))
	Creating sequence for 'concordium'... Done.
Training group 13, split 1
	Early stopping at epoch 13
	Y Train Labels:(array([1.], dtype=float32), array([204]))
	Y Val Labels:(array([1.], dtype=float32), array([204]))
Training group 13, split 2
	Early stopping at epoch 13
	Y Train Labels:(array([1.], dtype=float32), array([408]))
	Y Val Labels:(array([1.], dtype=float32), array([204]))
Training group 13, split 3
	Early stopping at epoch 13
	Y Train Labels:(array([1.], dtype=float32), array([612]))
	Y Val Labels:(array([1.], dtype=float32), array([204]))
	Creating sequence for 'cargox'... Done.
Training group 14, split 1
	Early stopping at epoch 13
	Y Train Labels:(array([1.], dtype=float32), array([568]))
	Y Val Labels:(array([1.], dtype=float32), array([565]))
Training group 14, split 2
	Early stopping at epoch 13
	Y Train Labels:(array([1.], dtype=float32), array([1133]))
	Y Val Labels:(array([1.], dtype=float32), array([565]))
Training group 14, split 3
	Early stopping at epoch 13
	Y Train Labels:(array([1.], dtype=float32), array([1698]))
	Y Val Labels:(array([1.], dtype=float32), array([565]))
	Creating sequence for 'birake'... Done.
Training group 15, split 1
	Early stopping at epoch 13
	Y Train Labels:(array([1.], dtype=float32), array([533]))
	Y Val Labels:(array([0., 1.], dtype=float32), array([270, 262]))
Training group 15, split 2
	Early stopping at epoch 13
	Y Train Labels:(array([0., 1.], dtype=float32), array([270, 795]))
	Y Val Labels:(array([0.], dtype=float32), array([532]))
Training group 15, split 3
	Early stopping at epoch 13
	Y Train Labels:(array([0., 1.], dtype=float32), array([802, 795]))
	Y Val Labels:(array([0.], dtype=float32), array([532]))
	Creating sequence for 'bottos'... Done.
Training group 16, split 1
	Early stopping at epoch 13
	Y Train Labels:(array([1.], dtype=float32), array([598]))
	Y Val Labels:(array([0., 1.], dtype=float32), array([381, 215]))
Training group 16, split 2
	Early stopping at epoch 13
	Y Train Labels:(array([0., 1.], dtype=float32), array([381, 813]))
	Y Val Labels:(array([0.], dtype=float32), array([596]))
Training group 16, split 3
	Early stopping at epoch 13
	Y Train Labels:(array([0., 1.], dtype=float32), array([977, 813]))
	Y Val Labels:(array([0.], dtype=float32), array([596]))
	Creating sequence for 'blockv'... Done.
Training group 17, split 1
	Early stopping at epoch 13
	Y Train Labels:(array([1.], dtype=float32), array([602]))
	Y Val Labels:(array([1.], dtype=float32), array([602]))
Training group 17, split 2
	Early stopping at epoch 13
	Y Train Labels:(array([1.], dtype=float32), array([1204]))
	Y Val Labels:(array([1.], dtype=float32), array([602]))
Training group 17, split 3
	Early stopping at epoch 13
	Y Train Labels:(array([1.], dtype=float32), array([1806]))
	Y Val Labels:(array([1.], dtype=float32), array([602]))
	Creating sequence for 'band-protocol'... Done.
Training group 18, split 1
	Early stopping at epoch 13
	Y Train Labels:(array([1.], dtype=float32), array([445]))
	Y Val Labels:(array([1.], dtype=float32), array([443]))
Training group 18, split 2
	Early stopping at epoch 13
	Y Train Labels:(array([1.], dtype=float32), array([888]))
	Y Val Labels:(array([1.], dtype=float32), array([443]))
Training group 18, split 3
	Early stopping at epoch 13
	Y Train Labels:(array([1.], dtype=float32), array([1331]))
	Y Val Labels:(array([1.], dtype=float32), array([443]))
	Creating sequence for 'alchemy-pay'... Done.
Training group 19, split 1
	Early stopping at epoch 13
	Y Train Labels:(array([1.], dtype=float32), array([355]))
	Y Val Labels:(array([1.], dtype=float32), array([354]))
Training group 19, split 2
	Early stopping at epoch 13
	Y Train Labels:(array([1.], dtype=float32), array([709]))
	Y Val Labels:(array([1.], dtype=float32), array([354]))
Training group 19, split 3
	Early stopping at epoch 13
	Y Train Labels:(array([1.], dtype=float32), array([1063]))
	Y Val Labels:(array([1.], dtype=float32), array([354]))
	Creating sequence for '0x'... Done.
Training group 20, split 1
	Early stopping at epoch 13
	Y Train Labels:(array([1.], dtype=float32), array([635]))
	Y Val Labels:(array([1.], dtype=float32), array([634]))
Training group 20, split 2
	Early stopping at epoch 13
	Y Train Labels:(array([1.], dtype=float32), array([1269]))
	Y Val Labels:(array([1.], dtype=float32), array([634]))
Training group 20, split 3
	Early stopping at epoch 13
	Y Train Labels:(array([1.], dtype=float32), array([1903]))
	Y Val Labels:(array([1.], dtype=float32), array([634]))
	Creating sequence for 'cypherium'... Done.
Training group 21, split 1
	Early stopping at epoch 13
	Y Train Labels:(array([1.], dtype=float32), array([214]))
	Y Val Labels:(array([1.], dtype=float32), array([214]))
Training group 21, split 2
	Early stopping at epoch 13
	Y Train Labels:(array([1.], dtype=float32), array([428]))
	Y Val Labels:(array([1.], dtype=float32), array([214]))
Training group 21, split 3
	Early stopping at epoch 13
	Y Train Labels:(array([1.], dtype=float32), array([642]))
	Y Val Labels:(array([1.], dtype=float32), array([214]))
	Creating sequence for 'alitas'... Done.
Training group 22, split 1
	Early stopping at epoch 13
	Y Train Labels:(array([0., 1.], dtype=float32), array([130, 148]))
	Y Val Labels:(array([0.], dtype=float32), array([277]))
Training group 22, split 2
	Early stopping at epoch 13
	Y Train Labels:(array([0., 1.], dtype=float32), array([407, 148]))
	Y Val Labels:(array([0.], dtype=float32), array([277]))
Training group 22, split 3
	Early stopping at epoch 13
	Y Train Labels:(array([0., 1.], dtype=float32), array([684, 148]))
	Y Val Labels:(array([0.], dtype=float32), array([277]))
	Creating sequence for 'azuki'... Done.
Training group 23, split 1
	Early stopping at epoch 13
	Y Train Labels:(array([1.], dtype=float32), array([337]))
	Y Val Labels:(array([0., 1.], dtype=float32), array([231, 106]))
Training group 23, split 2
	Early stopping at epoch 13
	Y Train Labels:(array([0., 1.], dtype=float32), array([231, 443]))
	Y Val Labels:(array([0.], dtype=float32), array([337]))
Training group 23, split 3
	Early stopping at epoch 13
	Y Train Labels:(array([0., 1.], dtype=float32), array([568, 443]))
	Y Val Labels:(array([0.], dtype=float32), array([337]))
	Creating sequence for 'bamboo-defi'... Done.
Training group 24, split 1
	Early stopping at epoch 13
	Y Train Labels:(array([0., 1.], dtype=float32), array([174, 120]))
	Y Val Labels:(array([0.], dtype=float32), array([294]))
Training group 24, split 2
	Early stopping at epoch 13
	Y Train Labels:(array([0., 1.], dtype=float32), array([468, 120]))
	Y Val Labels:(array([0.], dtype=float32), array([294]))
Training group 24, split 3
	Early stopping at epoch 13
	Y Train Labels:(array([0., 1.], dtype=float32), array([762, 120]))
	Y Val Labels:(array([0.], dtype=float32), array([294]))
	Creating sequence for 'cybervein'... Done.
Training group 25, split 1
	Early stopping at epoch 13
	Y Train Labels:(array([1.], dtype=float32), array([574]))
	Y Val Labels:(array([1.], dtype=float32), array([573]))
Training group 25, split 2
	Early stopping at epoch 13
	Y Train Labels:(array([1.], dtype=float32), array([1147]))
	Y Val Labels:(array([1.], dtype=float32), array([573]))
Training group 25, split 3
	Early stopping at epoch 13
	Y Train Labels:(array([1.], dtype=float32), array([1720]))
	Y Val Labels:(array([0., 1.], dtype=float32), array([373, 200]))
	Creating sequence for 'azbit'... Done.
Training group 26, split 1
	Early stopping at epoch 13
	Y Train Labels:(array([1.], dtype=float32), array([438]))
	Y Val Labels:(array([1.], dtype=float32), array([437]))
Training group 26, split 2
	Early stopping at epoch 13
	Y Train Labels:(array([1.], dtype=float32), array([875]))
	Y Val Labels:(array([1.], dtype=float32), array([437]))
Training group 26, split 3
	Early stopping at epoch 13
	Y Train Labels:(array([1.], dtype=float32), array([1312]))
	Y Val Labels:(array([0., 1.], dtype=float32), array([146, 291]))
	Creating sequence for 'aioz-network'... Done.
Training group 27, split 1
	Early stopping at epoch 13
	Y Train Labels:(array([1.], dtype=float32), array([303]))
	Y Val Labels:(array([1.], dtype=float32), array([302]))
Training group 27, split 2
	Early stopping at epoch 13
	Y Train Labels:(array([1.], dtype=float32), array([605]))
	Y Val Labels:(array([1.], dtype=float32), array([302]))
Training group 27, split 3
	Early stopping at epoch 13
	Y Train Labels:(array([1.], dtype=float32), array([907]))
	Y Val Labels:(array([0., 1.], dtype=float32), array([182, 120]))
	Creating sequence for 'api3'... Done.
Training group 28, split 1
	Early stopping at epoch 13
	Y Train Labels:(array([1.], dtype=float32), array([336]))
	Y Val Labels:(array([1.], dtype=float32), array([333]))
Training group 28, split 2
	Early stopping at epoch 13
	Y Train Labels:(array([1.], dtype=float32), array([669]))
	Y Val Labels:(array([1.], dtype=float32), array([333]))
Training group 28, split 3
	Early stopping at epoch 13
	Y Train Labels:(array([1.], dtype=float32), array([1002]))
	Y Val Labels:(array([1.], dtype=float32), array([333]))
	Creating sequence for 'beefy-finance'... Done.
Training group 29, split 1
	Early stopping at epoch 13
	Y Train Labels:(array([1.], dtype=float32), array([265]))
	Y Val Labels:(array([1.], dtype=float32), array([265]))
Training group 29, split 2
	Early stopping at epoch 13
	Y Train Labels:(array([1.], dtype=float32), array([530]))
	Y Val Labels:(array([1.], dtype=float32), array([265]))
Training group 29, split 3
	Early stopping at epoch 13
	Y Train Labels:(array([1.], dtype=float32), array([795]))
	Y Val Labels:(array([1.], dtype=float32), array([265]))
	Creating sequence for 'alchemist'... Done.
Training group 30, split 1
	Early stopping at epoch 13
	Y Train Labels:(array([1.], dtype=float32), array([291]))
	Y Val Labels:(array([0., 1.], dtype=float32), array([199,  90]))
Training group 30, split 2
	Early stopping at epoch 13
	Y Train Labels:(array([0., 1.], dtype=float32), array([199, 381]))
	Y Val Labels:(array([0.], dtype=float32), array([289]))
Training group 30, split 3
	Early stopping at epoch 13
	Y Train Labels:(array([0., 1.], dtype=float32), array([488, 381]))
	Y Val Labels:(array([0.], dtype=float32), array([289]))
	Creating sequence for '0chain'... Done.
Training group 31, split 1
	Early stopping at epoch 13
	Y Train Labels:(array([1.], dtype=float32), array([555]))
	Y Val Labels:(array([1.], dtype=float32), array([554]))
Training group 31, split 2
	Early stopping at epoch 13
	Y Train Labels:(array([1.], dtype=float32), array([1109]))
	Y Val Labels:(array([0., 1.], dtype=float32), array([475,  79]))
Training group 31, split 3
	Early stopping at epoch 13
	Y Train Labels:(array([0., 1.], dtype=float32), array([ 475, 1188]))
	Y Val Labels:(array([0.], dtype=float32), array([554]))
	Creating sequence for 'arweave'... Done.
Training group 32, split 1
	Early stopping at epoch 13
	Y Train Labels:(array([1.], dtype=float32), array([382]))
	Y Val Labels:(array([1.], dtype=float32), array([380]))
Training group 32, split 2
	Early stopping at epoch 13
	Y Train Labels:(array([1.], dtype=float32), array([762]))
	Y Val Labels:(array([1.], dtype=float32), array([380]))
Training group 32, split 3
	Early stopping at epoch 13
	Y Train Labels:(array([1.], dtype=float32), array([1142]))
	Y Val Labels:(array([1.], dtype=float32), array([380]))
	Creating sequence for 'bitcore'... Done.
Training group 33, split 1
	Early stopping at epoch 13
	Y Train Labels:(array([1.], dtype=float32), array([662]))
	Y Val Labels:(array([1.], dtype=float32), array([662]))
Training group 33, split 2
	Early stopping at epoch 13
	Y Train Labels:(array([1.], dtype=float32), array([1324]))
	Y Val Labels:(array([0., 1.], dtype=float32), array([354, 308]))
Training group 33, split 3
	Early stopping at epoch 13
	Y Train Labels:(array([0., 1.], dtype=float32), array([ 354, 1632]))
	Y Val Labels:(array([0.], dtype=float32), array([662]))
	Creating sequence for 'big-data-protocol'... Done.
Training group 34, split 1
	Early stopping at epoch 13
	Y Train Labels:(array([1.], dtype=float32), array([311]))
	Y Val Labels:(array([1.], dtype=float32), array([308]))
Training group 34, split 2
	Early stopping at epoch 13
	Y Train Labels:(array([1.], dtype=float32), array([619]))
	Y Val Labels:(array([1.], dtype=float32), array([308]))
Training group 34, split 3
	Early stopping at epoch 13
	Y Train Labels:(array([1.], dtype=float32), array([927]))
	Y Val Labels:(array([0., 1.], dtype=float32), array([195, 113]))
	Creating sequence for 'covesting'... Done.
Training group 35, split 1
	Early stopping at epoch 13
	Y Train Labels:(array([1.], dtype=float32), array([533]))
	Y Val Labels:(array([1.], dtype=float32), array([530]))
Training group 35, split 2
	Early stopping at epoch 13
	Y Train Labels:(array([1.], dtype=float32), array([1063]))
	Y Val Labels:(array([1.], dtype=float32), array([530]))
Training group 35, split 3
	Early stopping at epoch 13
	Y Train Labels:(array([1.], dtype=float32), array([1593]))
	Y Val Labels:(array([0., 1.], dtype=float32), array([ 14, 516]))
	Creating sequence for 'apm-coin'... Done.
Training group 36, split 1
	Early stopping at epoch 13
	Y Train Labels:(array([0.], dtype=float32), array([420]))
	Y Val Labels:(array([0.], dtype=float32), array([418]))
Training group 36, split 2
	Early stopping at epoch 13
	Y Train Labels:(array([0.], dtype=float32), array([838]))
	Y Val Labels:(array([0.], dtype=float32), array([418]))
Training group 36, split 3
	Early stopping at epoch 13
	Y Train Labels:(array([0.], dtype=float32), array([1256]))
	Y Val Labels:(array([0.], dtype=float32), array([418]))
	Creating sequence for 'coinfi'... Done.
Training group 37, split 1
	Early stopping at epoch 13
	Y Train Labels:(array([1.], dtype=float32), array([595]))
	Y Val Labels:(array([1.], dtype=float32), array([592]))
Training group 37, split 2
	Early stopping at epoch 13
	Y Train Labels:(array([1.], dtype=float32), array([1187]))
	Y Val Labels:(array([0., 1.], dtype=float32), array([476, 116]))
Training group 37, split 3
	Early stopping at epoch 13
	Y Train Labels:(array([0., 1.], dtype=float32), array([ 476, 1303]))
	Y Val Labels:(array([0.], dtype=float32), array([592]))
	Creating sequence for 'blocery'... Done.
Training group 38, split 1
	Early stopping at epoch 13
	Y Train Labels:(array([1.], dtype=float32), array([319]))
	Y Val Labels:(array([1.], dtype=float32), array([317]))
Training group 38, split 2
	Early stopping at epoch 13
	Y Train Labels:(array([1.], dtype=float32), array([636]))
	Y Val Labels:(array([0., 1.], dtype=float32), array([228,  89]))
Training group 38, split 3
	Early stopping at epoch 13
	Y Train Labels:(array([0., 1.], dtype=float32), array([228, 725]))
	Y Val Labels:(array([0.], dtype=float32), array([317]))
	Creating sequence for 'ampleforth'... Done.
Training group 39, split 1
	Early stopping at epoch 13
	Y Train Labels:(array([1.], dtype=float32), array([464]))
	Y Val Labels:(array([1.], dtype=float32), array([464]))
Training group 39, split 2
	Early stopping at epoch 13
	Y Train Labels:(array([1.], dtype=float32), array([928]))
	Y Val Labels:(array([1.], dtype=float32), array([464]))
Training group 39, split 3
	Early stopping at epoch 13
	Y Train Labels:(array([1.], dtype=float32), array([1392]))
	Y Val Labels:(array([1.], dtype=float32), array([464]))
	Creating sequence for 'apeswap-finance'... Done.
Training group 40, split 1
	Early stopping at epoch 13
	Y Train Labels:(array([1.], dtype=float32), array([309]))
	Y Val Labels:(array([1.], dtype=float32), array([308]))
Training group 40, split 2
	Early stopping at epoch 13
	Y Train Labels:(array([1.], dtype=float32), array([617]))
	Y Val Labels:(array([0., 1.], dtype=float32), array([ 14, 294]))
Training group 40, split 3
	Early stopping at epoch 13
	Y Train Labels:(array([0., 1.], dtype=float32), array([ 14, 911]))
	Y Val Labels:(array([0.], dtype=float32), array([308]))
	Creating sequence for 'axis-defi'... Done.
Training group 41, split 1
	Early stopping at epoch 13
	Y Train Labels:(array([1.], dtype=float32), array([361]))
	Y Val Labels:(array([0., 1.], dtype=float32), array([263,  95]))
Training group 41, split 2
	Early stopping at epoch 13
	Y Train Labels:(array([0., 1.], dtype=float32), array([263, 456]))
	Y Val Labels:(array([0.], dtype=float32), array([358]))
Training group 41, split 3
	Early stopping at epoch 13
	Y Train Labels:(array([0., 1.], dtype=float32), array([621, 456]))
	Y Val Labels:(array([0.], dtype=float32), array([358]))
	Creating sequence for 'aurora'... Done.
Training group 42, split 1
	Early stopping at epoch 13
	Y Train Labels:(array([0., 1.], dtype=float32), array([112, 446]))
	Y Val Labels:(array([0.], dtype=float32), array([555]))
Training group 42, split 2
	Early stopping at epoch 13
	Y Train Labels:(array([0., 1.], dtype=float32), array([667, 446]))
	Y Val Labels:(array([0.], dtype=float32), array([555]))
Training group 42, split 3
	Early stopping at epoch 13
	Y Train Labels:(array([0., 1.], dtype=float32), array([1222,  446]))
	Y Val Labels:(array([0.], dtype=float32), array([555]))
	Creating sequence for 'adamant-messenger'... Done.
Training group 43, split 1
	Early stopping at epoch 13
	Y Train Labels:(array([1.], dtype=float32), array([497]))
	Y Val Labels:(array([1.], dtype=float32), array([496]))
Training group 43, split 2
	Early stopping at epoch 13
	Y Train Labels:(array([1.], dtype=float32), array([993]))
	Y Val Labels:(array([1.], dtype=float32), array([496]))
Training group 43, split 3
	Early stopping at epoch 13
	Y Train Labels:(array([1.], dtype=float32), array([1489]))
	Y Val Labels:(array([1.], dtype=float32), array([496]))
	Creating sequence for 'cortex'... Done.
Training group 44, split 1
	Early stopping at epoch 13
	Y Train Labels:(array([1.], dtype=float32), array([575]))
	Y Val Labels:(array([1.], dtype=float32), array([573]))
Training group 44, split 2
	Early stopping at epoch 13
	Y Train Labels:(array([1.], dtype=float32), array([1148]))
	Y Val Labels:(array([1.], dtype=float32), array([573]))
Training group 44, split 3
	Early stopping at epoch 13
	Y Train Labels:(array([1.], dtype=float32), array([1721]))
	Y Val Labels:(array([1.], dtype=float32), array([573]))
	Creating sequence for 'bridge-oracle'... Done.
Training group 45, split 1
	Early stopping at epoch 13
	Y Train Labels:(array([1.], dtype=float32), array([271]))
	Y Val Labels:(array([0., 1.], dtype=float32), array([ 21, 249]))
Training group 45, split 2
	Early stopping at epoch 13
	Y Train Labels:(array([0., 1.], dtype=float32), array([ 21, 520]))
	Y Val Labels:(array([0.], dtype=float32), array([270]))
Training group 45, split 3
	Early stopping at epoch 13
	Y Train Labels:(array([0., 1.], dtype=float32), array([291, 520]))
	Y Val Labels:(array([0.], dtype=float32), array([270]))
	Creating sequence for 'axelar'... Done.
Training group 46, split 1
	Early stopping at epoch 13
	Y Train Labels:(array([1.], dtype=float32), array([168]))
	Y Val Labels:(array([1.], dtype=float32), array([167]))
Training group 46, split 2
	Early stopping at epoch 13
	Y Train Labels:(array([1.], dtype=float32), array([335]))
	Y Val Labels:(array([1.], dtype=float32), array([167]))
Training group 46, split 3
	Early stopping at epoch 13
	Y Train Labels:(array([1.], dtype=float32), array([502]))
	Y Val Labels:(array([1.], dtype=float32), array([167]))
	Creating sequence for 'aelf'... Done.
Training group 47, split 1
	Early stopping at epoch 13
	Y Train Labels:(array([1.], dtype=float32), array([604]))
	Y Val Labels:(array([1.], dtype=float32), array([602]))
Training group 47, split 2
	Early stopping at epoch 13
	Y Train Labels:(array([1.], dtype=float32), array([1206]))
	Y Val Labels:(array([1.], dtype=float32), array([602]))
Training group 47, split 3
	Early stopping at epoch 13
	Y Train Labels:(array([1.], dtype=float32), array([1808]))
	Y Val Labels:(array([1.], dtype=float32), array([602]))
	Creating sequence for 'celo-euro'... Done.
Training group 48, split 1
	Early stopping at epoch 13
	Y Train Labels:(array([1.], dtype=float32), array([250]))
	Y Val Labels:(array([1.], dtype=float32), array([248]))
Training group 48, split 2
	Early stopping at epoch 13
	Y Train Labels:(array([1.], dtype=float32), array([498]))
	Y Val Labels:(array([1.], dtype=float32), array([248]))
Training group 48, split 3
	Early stopping at epoch 13
	Y Train Labels:(array([1.], dtype=float32), array([746]))
	Y Val Labels:(array([1.], dtype=float32), array([248]))
	Creating sequence for 'carvertical'... Done.
Training group 49, split 1
	Early stopping at epoch 13
	Y Train Labels:(array([1.], dtype=float32), array([496]))
	Y Val Labels:(array([1.], dtype=float32), array([494]))
Training group 49, split 2
	Early stopping at epoch 13
	Y Train Labels:(array([1.], dtype=float32), array([990]))
	Y Val Labels:(array([1.], dtype=float32), array([494]))
Training group 49, split 3
