


--------------------------------------------------
Starting lstm.py at '2024-10-26 23:19:18.466494'.
Reading '../classifiedDAOs.json'... Done.
Total training Data: 1578
DAOs trained so far:481
Size of training set: 623
Size of test set: 474
Preparing data for training...
Preparing data for testing...
Parameters:
	Num epochs: 60
	Initial learning rate: 0.001
	Patience: 12
	Window size: 60
	Timeseries splits: 3
	Minimum number of timeseries datapoints: 64
Gradient boosting params: 
	{"max_depth": 3, "learning_rate": 0.05, "n_estimators": 100, "objective": "binary:logistic", "eval_metric": "logloss"}
	Creating sequence for 'feathercoin'... Training group 0, split 1
	Early stopping at epoch 13
	Y Train Labels:(array([1.], dtype=float32), array([564]))
	Y Val Labels:(array([1.], dtype=float32), array([563]))
Training group 0, split 2
	Early stopping at epoch 13
	Y Train Labels:(array([1.], dtype=float32), array([1127]))
	Y Val Labels:(array([1.], dtype=float32), array([563]))
Training group 0, split 3
	Early stopping at epoch 13
	Y Train Labels:(array([1.], dtype=float32), array([1690]))
	Y Val Labels:(array([1.], dtype=float32), array([563]))
Done.
	Creating sequence for 'polyswarm'... Training group 1, split 1
	Early stopping at epoch 13
	Y Train Labels:(array([1.], dtype=float32), array([563]))
	Y Val Labels:(array([1.], dtype=float32), array([561]))
Training group 1, split 2
	Early stopping at epoch 13
	Y Train Labels:(array([1.], dtype=float32), array([1124]))
	Y Val Labels:(array([0., 1.], dtype=float32), array([289, 272]))
Training group 1, split 3
	Early stopping at epoch 13
	Y Train Labels:(array([0., 1.], dtype=float32), array([ 289, 1396]))
	Y Val Labels:(array([0.], dtype=float32), array([561]))
Done.
	Creating sequence for 'nftb'... Training group 2, split 1
	Early stopping at epoch 13
	Y Train Labels:(array([0., 1.], dtype=float32), array([ 62, 221]))
	Y Val Labels:(array([0.], dtype=float32), array([283]))
Training group 2, split 2
