


--------------------------------------------------
Starting lstm.py at '2024-10-23 18:44:33.777085'.
Reading '../classifiedDAOs.json'... Done.
Total training Data: 1578
DAOs trained so far:239
Size of training set: 865
Size of test set: 474
Preparing data for training...
Preparing data for testing...
Parameters:
	Num epochs: 60
	Initial learning rate: 0.001
	Patience: 12
	Window size: 60
	Timeseries splits: 3
	Minimum number of timeseries datapoints: 64
Gradient boosting params: 
	{"max_depth": 3, "learning_rate": 0.05, "n_estimators": 100, "objective": "binary:logistic", "eval_metric": "logloss"}
	Creating sequence for 'govi'... Training group 0, split 1
	Y Train Labels:(array([1.], dtype=float32), array([317]))
	Y Val Labels:(array([1.], dtype=float32), array([317]))
Training group 0, split 2
	Y Train Labels:(array([1.], dtype=float32), array([634]))
	Y Val Labels:(array([1.], dtype=float32), array([317]))
Training group 0, split 3
	Early stopping at epoch 13
	Y Train Labels:(array([1.], dtype=float32), array([951]))
	Y Val Labels:(array([0., 1.], dtype=float32), array([ 67, 250]))
Done.
	Creating sequence for 'lybra-finance'... Training group 1, split 1
	Y Train Labels:(array([1.], dtype=float32), array([95]))
	Y Val Labels:(array([1.], dtype=float32), array([95]))
Training group 1, split 2
	Early stopping at epoch 13
	Y Train Labels:(array([1.], dtype=float32), array([190]))
	Y Val Labels:(array([0., 1.], dtype=float32), array([72, 23]))
Training group 1, split 3
	Early stopping at epoch 52
	Y Train Labels:(array([0., 1.], dtype=float32), array([ 72, 213]))
	Y Val Labels:(array([0.], dtype=float32), array([95]))
Done.
	Creating sequence for 'celer-network'... Training group 2, split 1
	Y Train Labels:(array([1.], dtype=float32), array([476]))
	Y Val Labels:(array([1.], dtype=float32), array([475]))
Training group 2, split 2
	Y Train Labels:(array([1.], dtype=float32), array([951]))
	Y Val Labels:(array([1.], dtype=float32), array([475]))
Training group 2, split 3
	Early stopping at epoch 13
	Y Train Labels:(array([1.], dtype=float32), array([1426]))
	Y Val Labels:(array([0., 1.], dtype=float32), array([ 50, 425]))
Done.
	Creating sequence for 'ispolink'... Training group 3, split 1
	Y Train Labels:(array([1.], dtype=float32), array([228]))
	Y Val Labels:(array([1.], dtype=float32), array([228]))
Training group 3, split 2
	Y Train Labels:(array([1.], dtype=float32), array([456]))
	Y Val Labels:(array([1.], dtype=float32), array([228]))
Training group 3, split 3
	Y Train Labels:(array([1.], dtype=float32), array([684]))
	Y Val Labels:(array([1.], dtype=float32), array([228]))
Done.
	Creating sequence for 'captain-tsubasa'... Training group 4, split 1
	Early stopping at epoch 15
	Y Train Labels:(array([1.], dtype=float32), array([80]))
	Y Val Labels:(array([0., 1.], dtype=float32), array([51, 26]))
Training group 4, split 2
	Early stopping at epoch 33
	Y Train Labels:(array([0., 1.], dtype=float32), array([ 51, 106]))
	Y Val Labels:(array([0.], dtype=float32), array([77]))
Training group 4, split 3
	Early stopping at epoch 23
	Y Train Labels:(array([0., 1.], dtype=float32), array([128, 106]))
	Y Val Labels:(array([0.], dtype=float32), array([77]))
Done.
	Creating sequence for 'linkeye'... Training group 5, split 1
	Y Train Labels:(array([1.], dtype=float32), array([527]))
	Y Val Labels:(array([1.], dtype=float32), array([524]))
Training group 5, split 2
	Early stopping at epoch 13
	Y Train Labels:(array([1.], dtype=float32), array([1051]))
	Y Val Labels:(array([0., 1.], dtype=float32), array([352, 172]))
Training group 5, split 3
	Early stopping at epoch 35
	Y Train Labels:(array([0., 1.], dtype=float32), array([ 352, 1223]))
	Y Val Labels:(array([0.], dtype=float32), array([524]))
Done.
	Creating sequence for 'dfyn-network'... Training group 6, split 1
	Early stopping at epoch 13
	Y Train Labels:(array([1.], dtype=float32), array([295]))
	Y Val Labels:(array([0., 1.], dtype=float32), array([188, 105]))
Training group 6, split 2
	Early stopping at epoch 58
	Y Train Labels:(array([0., 1.], dtype=float32), array([188, 400]))
	Y Val Labels:(array([0.], dtype=float32), array([293]))
Training group 6, split 3
	Y Train Labels:(array([0., 1.], dtype=float32), array([481, 400]))
	Y Val Labels:(array([0.], dtype=float32), array([293]))
Done.
	Creating sequence for 'ix-swap'... Training group 7, split 1
	Y Train Labels:(array([1.], dtype=float32), array([102]))
	Y Val Labels:(array([1.], dtype=float32), array([99]))
Training group 7, split 2
	Y Train Labels:(array([1.], dtype=float32), array([201]))
	Y Val Labels:(array([1.], dtype=float32), array([99]))
Training group 7, split 3
	Y Train Labels:(array([1.], dtype=float32), array([300]))
	Y Val Labels:(array([1.], dtype=float32), array([99]))
Done.
	Creating sequence for 'ampleforth-governance-token'... Training group 8, split 1
	Y Train Labels:(array([1.], dtype=float32), array([291]))
	Y Val Labels:(array([1.], dtype=float32), array([289]))
Training group 8, split 2
	Y Train Labels:(array([1.], dtype=float32), array([580]))
	Y Val Labels:(array([1.], dtype=float32), array([289]))
Training group 8, split 3
	Y Train Labels:(array([1.], dtype=float32), array([869]))
	Y Val Labels:(array([1.], dtype=float32), array([289]))
Done.
	Creating sequence for 'zano'... Training group 9, split 1
	Y Train Labels:(array([1.], dtype=float32), array([413]))
	Y Val Labels:(array([1.], dtype=float32), array([413]))
Training group 9, split 2
	Y Train Labels:(array([1.], dtype=float32), array([826]))
	Y Val Labels:(array([1.], dtype=float32), array([413]))
Training group 9, split 3
