


--------------------------------------------------
Starting lstm.py at '2024-10-13 19:36:28.704164'.
Reading './isDaoActiveData(4).json'... Done.
Total training Data: 379
DAOs trained so far:13
Size of training set: 252
Size of test set: 114
Preparing data for training...
Preparing data for testing...
Parameters:
	Num epochs: 60
	Initial learning rate: 0.001
	Patience: 12
	Window size: 60
	Timeseries splits: 3
	Minimum number of timeseries datapoints: 64
Gradient boosting params: 
	{"max_depth": 3, "learning_rate": 0.05, "n_estimators": 100, "objective": "binary:logistic", "eval_metric": "logloss"}
	Creating sequence for 'as-roma-fan-token'... Training group 0, split 1
	Early stopping at epoch 13
	Y Train Labels:(array([0., 1.], dtype=float32), array([ 93, 281]))
	Y Val Labels:(array([0.], dtype=float32), array([374]))
Training group 0, split 2
	Early stopping at epoch 35
	Y Train Labels:(array([0., 1.], dtype=float32), array([467, 281]))
	Y Val Labels:(array([0.], dtype=float32), array([374]))
Training group 0, split 3
	Early stopping at epoch 45
	Y Train Labels:(array([0., 1.], dtype=float32), array([841, 281]))
	Y Val Labels:(array([0.], dtype=float32), array([374]))
Done.
	Creating sequence for 'cajutel'... Training group 1, split 1
	Y Train Labels:(array([1.], dtype=float32), array([476]))
	Y Val Labels:(array([1.], dtype=float32), array([474]))
Training group 1, split 2
	Y Train Labels:(array([1.], dtype=float32), array([950]))
	Y Val Labels:(array([1.], dtype=float32), array([474]))
Training group 1, split 3
	Early stopping at epoch 13
	Y Train Labels:(array([1.], dtype=float32), array([1424]))
	Y Val Labels:(array([0., 1.], dtype=float32), array([206, 268]))
Done.
	Creating sequence for 'chainbing'... Training group 2, split 1
	Y Train Labels:(array([1.], dtype=float32), array([231]))
	Y Val Labels:(array([1.], dtype=float32), array([230]))
Training group 2, split 2
	Early stopping at epoch 13
	Y Train Labels:(array([1.], dtype=float32), array([461]))
	Y Val Labels:(array([0., 1.], dtype=float32), array([192,  38]))
Training group 2, split 3
	Early stopping at epoch 25
	Y Train Labels:(array([0., 1.], dtype=float32), array([192, 499]))
	Y Val Labels:(array([0.], dtype=float32), array([230]))
Done.
	Creating sequence for 'calcium'... Training group 3, split 1
	Y Train Labels:(array([1.], dtype=float32), array([78]))
	Y Val Labels:(array([1.], dtype=float32), array([77]))
Training group 3, split 2
	Early stopping at epoch 13
	Y Train Labels:(array([1.], dtype=float32), array([155]))
	Y Val Labels:(array([0., 1.], dtype=float32), array([ 7, 70]))
Training group 3, split 3
	Y Train Labels:(array([0., 1.], dtype=float32), array([  7, 225]))
	Y Val Labels:(array([0.], dtype=float32), array([77]))
Done.
	Creating sequence for 'belt'... Training group 4, split 1
	Early stopping at epoch 31
	Y Train Labels:(array([0., 1.], dtype=float32), array([121,  29]))
	Y Val Labels:(array([0.], dtype=float32), array([150]))
Training group 4, split 2
	Y Train Labels:(array([0., 1.], dtype=float32), array([271,  29]))
	Y Val Labels:(array([0.], dtype=float32), array([150]))
Training group 4, split 3
	Y Train Labels:(array([0., 1.], dtype=float32), array([421,  29]))
	Y Val Labels:(array([0.], dtype=float32), array([150]))
Done.
	Creating sequence for 'baasid'... Training group 5, split 1
