


--------------------------------------------------
Starting lstm.py at '2024-10-13 20:05:22.560859'.
Reading './isDaoActiveData(4).json'... Done.
Total training Data: 379
DAOs trained so far:12
Size of training set: 253
Size of test set: 114
Preparing data for training...
Preparing data for testing...
Parameters:
	Num epochs: 60
	Initial learning rate: 0.001
	Patience: 12
	Window size: 60
	Timeseries splits: 3
	Minimum number of timeseries datapoints: 64
Gradient boosting params: 
	{"max_depth": 3, "learning_rate": 0.05, "n_estimators": 100, "objective": "binary:logistic", "eval_metric": "logloss"}
	Creating sequence for 'bytom'... Training group 0, split 1
	Y Train Labels:(array([1.], dtype=float32), array([565]))
	Y Val Labels:(array([1.], dtype=float32), array([562]))
Training group 0, split 2
