


--------------------------------------------------
Starting lstm.py at '2024-10-26 22:44:42.591199'.
Reading '../classifiedDAOs.json'... Done.
Total training Data: 1578
DAOs trained so far:264
Size of training set: 840
Size of test set: 474
Preparing data for training...
Preparing data for testing...
Parameters:
	Num epochs: 60
	Initial learning rate: 0.001
	Patience: 12
	Window size: 60
	Timeseries splits: 3
	Minimum number of timeseries datapoints: 64
Gradient boosting params: 
	{"max_depth": 3, "learning_rate": 0.05, "n_estimators": 100, "objective": "binary:logistic", "eval_metric": "logloss"}
	Creating sequence for 'bnsd-finance'... Training group 0, split 1
	Early stopping at epoch 13
	Y Train Labels:(array([1.], dtype=float32), array([326]))
	Y Val Labels:(array([1.], dtype=float32), array([323]))
Training group 0, split 2
	Early stopping at epoch 13
	Y Train Labels:(array([1.], dtype=float32), array([649]))
	Y Val Labels:(array([0., 1.], dtype=float32), array([126, 197]))
Training group 0, split 3
	Early stopping at epoch 13
	Y Train Labels:(array([0., 1.], dtype=float32), array([126, 846]))
	Y Val Labels:(array([0.], dtype=float32), array([323]))
Done.
	Creating sequence for 'catcoin'... Training group 1, split 1
	Early stopping at epoch 13
	Y Train Labels:(array([1.], dtype=float32), array([207]))
	Y Val Labels:(array([1.], dtype=float32), array([204]))
Training group 1, split 2
	Early stopping at epoch 13
	Y Train Labels:(array([1.], dtype=float32), array([411]))
	Y Val Labels:(array([1.], dtype=float32), array([204]))
Training group 1, split 3
	Early stopping at epoch 13
	Y Train Labels:(array([1.], dtype=float32), array([615]))
	Y Val Labels:(array([1.], dtype=float32), array([204]))
Done.
	Creating sequence for 'ethpad'... Training group 2, split 1
	Early stopping at epoch 13
	Y Train Labels:(array([1.], dtype=float32), array([274]))
	Y Val Labels:(array([0., 1.], dtype=float32), array([ 34, 237]))
Training group 2, split 2
	Early stopping at epoch 13
	Y Train Labels:(array([0., 1.], dtype=float32), array([ 34, 511]))
	Y Val Labels:(array([0.], dtype=float32), array([271]))
Training group 2, split 3
	Early stopping at epoch 13
	Y Train Labels:(array([0., 1.], dtype=float32), array([305, 511]))
	Y Val Labels:(array([0.], dtype=float32), array([271]))
Done.
	Creating sequence for 'bamboo-defi'... Training group 3, split 1
	Early stopping at epoch 13
	Y Train Labels:(array([0., 1.], dtype=float32), array([ 85, 120]))
	Y Val Labels:(array([0.], dtype=float32), array([205]))
Training group 3, split 2
	Early stopping at epoch 13
	Y Train Labels:(array([0., 1.], dtype=float32), array([290, 120]))
	Y Val Labels:(array([0.], dtype=float32), array([205]))
Training group 3, split 3
	Early stopping at epoch 13
	Y Train Labels:(array([0., 1.], dtype=float32), array([495, 120]))
	Y Val Labels:(array([0.], dtype=float32), array([205]))
Done.
	Creating sequence for 'sparkpoint'... Training group 4, split 1
	Early stopping at epoch 13
	Y Train Labels:(array([1.], dtype=float32), array([291]))
	Y Val Labels:(array([0., 1.], dtype=float32), array([156, 135]))
Training group 4, split 2
	Early stopping at epoch 13
	Y Train Labels:(array([0., 1.], dtype=float32), array([156, 426]))
	Y Val Labels:(array([0.], dtype=float32), array([291]))
Training group 4, split 3
