


--------------------------------------------------
Starting lstm.py at '2024-10-25 17:49:50.735254'.
Reading './balancedDataset.json'... Done.
Total training Data: 1030
DAOs trained so far:620
Size of training set: 101
Size of test set: 309
Preparing data for training...
Preparing data for testing...
Parameters:
	Num epochs: 60
	Initial learning rate: 0.001
	Patience: 12
	Window size: 60
	Timeseries splits: 3
	Minimum number of timeseries datapoints: 64
Gradient boosting params: 
	{"max_depth": 3, "learning_rate": 0.05, "n_estimators": 100, "objective": "binary:logistic", "eval_metric": "logloss"}
	Creating sequence for 'bomb'... Training group 0, split 1
	Early stopping at epoch 13
	Y Train Labels:(array([1.], dtype=float32), array([465]))
	Y Val Labels:(array([1.], dtype=float32), array([462]))
Training group 0, split 2
	Early stopping at epoch 13
	Y Train Labels:(array([1.], dtype=float32), array([927]))
	Y Val Labels:(array([0., 1.], dtype=float32), array([349, 113]))
Training group 0, split 3
	Early stopping at epoch 13
	Y Train Labels:(array([0., 1.], dtype=float32), array([ 349, 1040]))
	Y Val Labels:(array([0.], dtype=float32), array([462]))
Done.
	Creating sequence for 'botto'... Training group 1, split 1
	Early stopping at epoch 13
	Y Train Labels:(array([1.], dtype=float32), array([249]))
	Y Val Labels:(array([1.], dtype=float32), array([246]))
Training group 1, split 2
	Early stopping at epoch 13
	Y Train Labels:(array([1.], dtype=float32), array([495]))
	Y Val Labels:(array([1.], dtype=float32), array([246]))
Training group 1, split 3
	Early stopping at epoch 13
	Y Train Labels:(array([1.], dtype=float32), array([741]))
	Y Val Labels:(array([1.], dtype=float32), array([246]))
Done.
	Creating sequence for 'lever'... Training group 2, split 1
	Early stopping at epoch 13
	Y Train Labels:(array([1.], dtype=float32), array([176]))
	Y Val Labels:(array([1.], dtype=float32), array([175]))
Training group 2, split 2
	Early stopping at epoch 13
	Y Train Labels:(array([1.], dtype=float32), array([351]))
	Y Val Labels:(array([1.], dtype=float32), array([175]))
Training group 2, split 3
	Early stopping at epoch 13
	Y Train Labels:(array([1.], dtype=float32), array([526]))
	Y Val Labels:(array([1.], dtype=float32), array([175]))
Done.
	Creating sequence for 'gamee'... Training group 3, split 1
	Early stopping at epoch 13
	Y Train Labels:(array([1.], dtype=float32), array([264]))
	Y Val Labels:(array([1.], dtype=float32), array([263]))
Training group 3, split 2
	Early stopping at epoch 13
	Y Train Labels:(array([1.], dtype=float32), array([527]))
	Y Val Labels:(array([1.], dtype=float32), array([263]))
Training group 3, split 3
	Early stopping at epoch 13
	Y Train Labels:(array([1.], dtype=float32), array([790]))
	Y Val Labels:(array([1.], dtype=float32), array([263]))
Done.
	Creating sequence for 'cryptozoon'... Training group 4, split 1
	Early stopping at epoch 13
	Y Train Labels:(array([0., 1.], dtype=float32), array([ 84, 188]))
	Y Val Labels:(array([0.], dtype=float32), array([270]))
Training group 4, split 2
	Early stopping at epoch 13
	Y Train Labels:(array([0., 1.], dtype=float32), array([354, 188]))
	Y Val Labels:(array([0.], dtype=float32), array([270]))
Training group 4, split 3
