


--------------------------------------------------
Starting lstm.py at '2024-10-25 12:39:03.306588'.
Reading './balancedDataset.json'... Done.
Total training Data: 1030
DAOs trained so far:648
Size of training set: 73
Size of test set: 309
Preparing data for training...
Preparing data for testing...
Parameters:
	Num epochs: 60
	Initial learning rate: 0.001
	Patience: 12
	Window size: 60
	Timeseries splits: 3
	Minimum number of timeseries datapoints: 64
Gradient boosting params: 
	{"max_depth": 3, "learning_rate": 0.05, "n_estimators": 100, "objective": "binary:logistic", "eval_metric": "logloss"}
	Creating sequence for 'bnktothefuture'... Training group 0, split 1
	Y Train Labels:(array([1.], dtype=float32), array([563]))
	Y Val Labels:(array([1.], dtype=float32), array([560]))
Training group 0, split 2
	Y Train Labels:(array([1.], dtype=float32), array([1123]))
	Y Val Labels:(array([1.], dtype=float32), array([560]))
Training group 0, split 3
	Early stopping at epoch 13
	Y Train Labels:(array([1.], dtype=float32), array([1683]))
	Y Val Labels:(array([0., 1.], dtype=float32), array([499,  61]))
Done.
	Creating sequence for 'befe'... Training group 1, split 1
	Early stopping at epoch 13
	Y Train Labels:(array([1.], dtype=float32), array([64]))
	Y Val Labels:(array([0., 1.], dtype=float32), array([43, 19]))
Training group 1, split 2
	Early stopping at epoch 33
	Y Train Labels:(array([0., 1.], dtype=float32), array([43, 83]))
	Y Val Labels:(array([0.], dtype=float32), array([62]))
Training group 1, split 3
	Early stopping at epoch 25
	Y Train Labels:(array([0., 1.], dtype=float32), array([105,  83]))
	Y Val Labels:(array([0.], dtype=float32), array([62]))
Done.
	Creating sequence for 'defina-finance'... Training group 2, split 1
	Y Train Labels:(array([1.], dtype=float32), array([8]))
	Y Val Labels:(array([1.], dtype=float32), array([8]))
Training group 2, split 2
	Y Train Labels:(array([1.], dtype=float32), array([16]))
	Y Val Labels:(array([1.], dtype=float32), array([8]))
Training group 2, split 3
	Y Train Labels:(array([1.], dtype=float32), array([24]))
	Y Val Labels:(array([1.], dtype=float32), array([8]))
Done.
	Creating sequence for 'hedget'... Training group 3, split 1
	Y Train Labels:(array([1.], dtype=float32), array([258]))
	Y Val Labels:(array([1.], dtype=float32), array([257]))
Training group 3, split 2
	Early stopping at epoch 13
	Y Train Labels:(array([1.], dtype=float32), array([515]))
	Y Val Labels:(array([0., 1.], dtype=float32), array([155, 102]))
Training group 3, split 3
	Early stopping at epoch 36
	Y Train Labels:(array([0., 1.], dtype=float32), array([155, 617]))
	Y Val Labels:(array([0.], dtype=float32), array([257]))
Done.
	Creating sequence for 'likecoin'... Training group 4, split 1
	Y Train Labels:(array([1.], dtype=float32), array([108]))
	Y Val Labels:(array([1.], dtype=float32), array([105]))
Training group 4, split 2
	Y Train Labels:(array([1.], dtype=float32), array([213]))
	Y Val Labels:(array([1.], dtype=float32), array([105]))
Training group 4, split 3
	Y Train Labels:(array([1.], dtype=float32), array([318]))
	Y Val Labels:(array([1.], dtype=float32), array([105]))
Done.
	Creating sequence for 'decimal'... Training group 5, split 1
	Y Train Labels:(array([1.], dtype=float32), array([216]))
	Y Val Labels:(array([1.], dtype=float32), array([213]))
Training group 5, split 2
	Y Train Labels:(array([1.], dtype=float32), array([429]))
	Y Val Labels:(array([1.], dtype=float32), array([213]))
Training group 5, split 3
	Y Train Labels:(array([1.], dtype=float32), array([642]))
	Y Val Labels:(array([1.], dtype=float32), array([213]))
Done.
	Creating sequence for 'dkargo'... Training group 6, split 1
	Y Train Labels:(array([1.], dtype=float32), array([320]))
	Y Val Labels:(array([1.], dtype=float32), array([317]))
Training group 6, split 2
	Y Train Labels:(array([1.], dtype=float32), array([637]))
	Y Val Labels:(array([1.], dtype=float32), array([317]))
Training group 6, split 3
	Early stopping at epoch 13
	Y Train Labels:(array([1.], dtype=float32), array([954]))
	Y Val Labels:(array([0., 1.], dtype=float32), array([126, 191]))
Done.
	Creating sequence for 'aethir'... Training group 7, split 1
	Y Train Labels:(array([0.], dtype=float32), array([12]))
	Y Val Labels:(array([0.], dtype=float32), array([11]))
Training group 7, split 2
	Y Train Labels:(array([0.], dtype=float32), array([23]))
	Y Val Labels:(array([0.], dtype=float32), array([11]))
Training group 7, split 3
	Y Train Labels:(array([0.], dtype=float32), array([34]))
	Y Val Labels:(array([0.], dtype=float32), array([11]))
Done.
	Creating sequence for 'amepay'... Training group 8, split 1
	Early stopping at epoch 13
	Y Train Labels:(array([0., 1.], dtype=float32), array([207, 119]))
	Y Val Labels:(array([0.], dtype=float32), array([325]))
Training group 8, split 2
	Early stopping at epoch 13
	Y Train Labels:(array([0., 1.], dtype=float32), array([532, 119]))
	Y Val Labels:(array([0.], dtype=float32), array([325]))
Training group 8, split 3
