


--------------------------------------------------
Starting lstm.py at '2024-10-13 20:15:36.974294'.
Reading './isDaoActiveData(4).json'... Done.
Total training Data: 379
DAOs trained so far:22
Size of training set: 243
Size of test set: 114
Preparing data for training...
Preparing data for testing...
Parameters:
	Num epochs: 60
	Initial learning rate: 0.001
	Patience: 12
	Window size: 60
	Timeseries splits: 3
	Minimum number of timeseries datapoints: 64
Gradient boosting params: 
	{"max_depth": 3, "learning_rate": 0.05, "n_estimators": 100, "objective": "binary:logistic", "eval_metric": "logloss"}
	Creating sequence for 'bridge-mutual'... Training group 0, split 1
	Early stopping at epoch 13
	Y Train Labels:(array([1.], dtype=float32), array([227]))
	Y Val Labels:(array([0., 1.], dtype=float32), array([ 22, 204]))
Training group 0, split 2
	Early stopping at epoch 13
	Y Train Labels:(array([0., 1.], dtype=float32), array([ 22, 431]))
	Y Val Labels:(array([0.], dtype=float32), array([226]))
Training group 0, split 3
	Y Train Labels:(array([0., 1.], dtype=float32), array([248, 431]))
	Y Val Labels:(array([0.], dtype=float32), array([226]))
Done.
	Creating sequence for 'bitget-wallet-token'... Training group 1, split 1
	Y Train Labels:(array([0.], dtype=float32), array([15]))
	Y Val Labels:(array([0.], dtype=float32), array([12]))
Training group 1, split 2
	Y Train Labels:(array([0.], dtype=float32), array([27]))
	Y Val Labels:(array([0.], dtype=float32), array([12]))
Training group 1, split 3
	Y Train Labels:(array([0.], dtype=float32), array([39]))
	Y Val Labels:(array([0.], dtype=float32), array([12]))
Done.
	Creating sequence for 'chainx'... Training group 2, split 1
	Y Train Labels:(array([1.], dtype=float32), array([445]))
	Y Val Labels:(array([1.], dtype=float32), array([444]))
Training group 2, split 2
	Y Train Labels:(array([1.], dtype=float32), array([889]))
	Y Val Labels:(array([1.], dtype=float32), array([444]))
Training group 2, split 3
	Early stopping at epoch 13
	Y Train Labels:(array([1.], dtype=float32), array([1333]))
	Y Val Labels:(array([0., 1.], dtype=float32), array([221, 223]))
Done.
	Creating sequence for 'anyswap'... Training group 3, split 1
	Y Train Labels:(array([1.], dtype=float32), array([227]))
	Y Val Labels:(array([1.], dtype=float32), array([224]))
Training group 3, split 2
	Y Train Labels:(array([1.], dtype=float32), array([451]))
	Y Val Labels:(array([1.], dtype=float32), array([224]))
Training group 3, split 3
	Y Train Labels:(array([1.], dtype=float32), array([675]))
	Y Val Labels:(array([1.], dtype=float32), array([224]))
Done.
	Creating sequence for 'botto'... Training group 4, split 1
	Y Train Labels:(array([1.], dtype=float32), array([249]))
	Y Val Labels:(array([1.], dtype=float32), array([246]))
Training group 4, split 2
	Y Train Labels:(array([1.], dtype=float32), array([495]))
	Y Val Labels:(array([1.], dtype=float32), array([246]))
Training group 4, split 3
	Y Train Labels:(array([1.], dtype=float32), array([741]))
	Y Val Labels:(array([1.], dtype=float32), array([246]))
Done.
	Creating sequence for 'bitcoin'... Training group 5, split 1
	Y Train Labels:(array([1.], dtype=float32), array([478]))
	Y Val Labels:(array([1.], dtype=float32), array([476]))
Training group 5, split 2
