


--------------------------------------------------
Starting lstm.py at '2024-10-23 18:55:08.277501'.
Reading '../classifiedDAOs.json'... Done.
Total training Data: 1578
DAOs trained so far:298
Size of training set: 806
Size of test set: 474
Preparing data for training...
Preparing data for testing...
Parameters:
	Num epochs: 60
	Initial learning rate: 0.001
	Patience: 12
	Window size: 60
	Timeseries splits: 3
	Minimum number of timeseries datapoints: 64
Gradient boosting params: 
	{"max_depth": 3, "learning_rate": 0.05, "n_estimators": 100, "objective": "binary:logistic", "eval_metric": "logloss"}
	Creating sequence for 'nafter'... Training group 0, split 1
	Early stopping at epoch 25
	Y Train Labels:(array([0., 1.], dtype=float32), array([177, 115]))
	Y Val Labels:(array([0.], dtype=float32), array([292]))
Training group 0, split 2
	Early stopping at epoch 28
	Y Train Labels:(array([0., 1.], dtype=float32), array([469, 115]))
	Y Val Labels:(array([0.], dtype=float32), array([292]))
Training group 0, split 3
	Early stopping at epoch 40
	Y Train Labels:(array([0., 1.], dtype=float32), array([761, 115]))
	Y Val Labels:(array([0.], dtype=float32), array([292]))
Done.
	Creating sequence for 'apeswap-finance'... Training group 1, split 1
	Y Train Labels:(array([1.], dtype=float32), array([236]))
	Y Val Labels:(array([1.], dtype=float32), array([235]))
Training group 1, split 2
	Y Train Labels:(array([1.], dtype=float32), array([471]))
	Y Val Labels:(array([1.], dtype=float32), array([235]))
Training group 1, split 3
	Early stopping at epoch 13
	Y Train Labels:(array([1.], dtype=float32), array([706]))
	Y Val Labels:(array([0., 1.], dtype=float32), array([ 30, 205]))
Done.
	Creating sequence for 'qrkita-token'... Training group 2, split 1
	Y Train Labels:(array([0.], dtype=float32), array([254]))
	Y Val Labels:(array([0.], dtype=float32), array([251]))
Training group 2, split 2
	Y Train Labels:(array([0.], dtype=float32), array([505]))
	Y Val Labels:(array([0.], dtype=float32), array([251]))
Training group 2, split 3
	Y Train Labels:(array([0.], dtype=float32), array([756]))
	Y Val Labels:(array([0.], dtype=float32), array([251]))
Done.
	Creating sequence for 'waves'... Training group 3, split 1
	Y Train Labels:(array([1.], dtype=float32), array([343]))
	Y Val Labels:(array([1.], dtype=float32), array([340]))
Training group 3, split 2
	Y Train Labels:(array([1.], dtype=float32), array([683]))
	Y Val Labels:(array([1.], dtype=float32), array([340]))
Training group 3, split 3
	Y Train Labels:(array([1.], dtype=float32), array([1023]))
	Y Val Labels:(array([1.], dtype=float32), array([340]))
Done.
	Creating sequence for 'blind-boxes'... Training group 4, split 1
	Early stopping at epoch 21
	Y Train Labels:(array([1.], dtype=float32), array([289]))
	Y Val Labels:(array([0., 1.], dtype=float32), array([227,  60]))
Training group 4, split 2
	Early stopping at epoch 13
	Y Train Labels:(array([0., 1.], dtype=float32), array([227, 349]))
	Y Val Labels:(array([0.], dtype=float32), array([287]))
Training group 4, split 3
	Y Train Labels:(array([0., 1.], dtype=float32), array([514, 349]))
	Y Val Labels:(array([0.], dtype=float32), array([287]))
Done.
	Creating sequence for 'league-of-kingdoms'... Training group 5, split 1
	Y Train Labels:(array([1.], dtype=float32), array([221]))
	Y Val Labels:(array([1.], dtype=float32), array([221]))
Training group 5, split 2
	Y Train Labels:(array([1.], dtype=float32), array([442]))
	Y Val Labels:(array([1.], dtype=float32), array([221]))
Training group 5, split 3
	Y Train Labels:(array([1.], dtype=float32), array([663]))
	Y Val Labels:(array([1.], dtype=float32), array([221]))
Done.
	Creating sequence for 'orbs'... Training group 6, split 1
	Y Train Labels:(array([1.], dtype=float32), array([475]))
	Y Val Labels:(array([1.], dtype=float32), array([473]))
Training group 6, split 2
	Y Train Labels:(array([1.], dtype=float32), array([948]))
	Y Val Labels:(array([1.], dtype=float32), array([473]))
Training group 6, split 3
