


--------------------------------------------------
Starting lstm.py at '2024-10-26 22:13:40.141197'.
Reading '../classifiedDAOs.json'... Done.
Total training Data: 1578
DAOs trained so far:61
Size of training set: 1043
Size of test set: 474
Preparing data for training...
Preparing data for testing...
Parameters:
	Num epochs: 60
	Initial learning rate: 0.001
	Patience: 12
	Window size: 60
	Timeseries splits: 3
	Minimum number of timeseries datapoints: 64
Gradient boosting params: 
	{"max_depth": 3, "learning_rate": 0.05, "n_estimators": 100, "objective": "binary:logistic", "eval_metric": "logloss"}
	Creating sequence for 'moon'... 5403
Done.
	Creating sequence for 'lemochain'... Training group 1, split 1
	Early stopping at epoch 13
	Y Train Labels:(array([1.], dtype=float32), array([523]))
	Y Val Labels:(array([1.], dtype=float32), array([522]))
Training group 1, split 2
	Early stopping at epoch 13
	Y Train Labels:(array([1.], dtype=float32), array([1045]))
	Y Val Labels:(array([0., 1.], dtype=float32), array([496,  26]))
Training group 1, split 3
	Early stopping at epoch 13
	Y Train Labels:(array([0., 1.], dtype=float32), array([ 496, 1071]))
	Y Val Labels:(array([0.], dtype=float32), array([522]))
Done.
	Creating sequence for 'whale'... Training group 2, split 1
	Early stopping at epoch 13
	Y Train Labels:(array([1.], dtype=float32), array([55]))
	Y Val Labels:(array([1.], dtype=float32), array([55]))
Training group 2, split 2
	Early stopping at epoch 13
	Y Train Labels:(array([1.], dtype=float32), array([110]))
	Y Val Labels:(array([1.], dtype=float32), array([55]))
Training group 2, split 3
	Early stopping at epoch 13
	Y Train Labels:(array([1.], dtype=float32), array([165]))
	Y Val Labels:(array([1.], dtype=float32), array([55]))
Done.
	Creating sequence for 'dimecoin'... Training group 3, split 1
	Early stopping at epoch 13
	Y Train Labels:(array([1.], dtype=float32), array([280]))
	Y Val Labels:(array([1.], dtype=float32), array([279]))
Training group 3, split 2
	Early stopping at epoch 13
	Y Train Labels:(array([1.], dtype=float32), array([559]))
	Y Val Labels:(array([1.], dtype=float32), array([279]))
Training group 3, split 3
	Early stopping at epoch 13
	Y Train Labels:(array([1.], dtype=float32), array([838]))
	Y Val Labels:(array([1.], dtype=float32), array([279]))
Done.
	Creating sequence for 'zilliqa'... Training group 4, split 1
	Early stopping at epoch 13
	Y Train Labels:(array([1.], dtype=float32), array([583]))
	Y Val Labels:(array([1.], dtype=float32), array([583]))
Training group 4, split 2
