


--------------------------------------------------
Starting lstm.py at '2024-10-26 23:45:49.643706'.
Reading '../classifiedDAOs.json'... Done.
Total training Data: 1578
DAOs trained so far:671
Size of training set: 433
Size of test set: 474
Preparing data for training...
Preparing data for testing...
Parameters:
	Num epochs: 60
	Initial learning rate: 0.001
	Patience: 12
	Window size: 60
	Timeseries splits: 3
	Minimum number of timeseries datapoints: 64
Gradient boosting params: 
	{"max_depth": 3, "learning_rate": 0.05, "n_estimators": 100, "objective": "binary:logistic", "eval_metric": "logloss"}
	Creating sequence for 's4fe'... Training group 0, split 1
	Early stopping at epoch 13
	Y Train Labels:(array([0.], dtype=float32), array([372]))
	Y Val Labels:(array([0.], dtype=float32), array([372]))
Training group 0, split 2
	Early stopping at epoch 13
	Y Train Labels:(array([0.], dtype=float32), array([744]))
	Y Val Labels:(array([0.], dtype=float32), array([372]))
Training group 0, split 3
	Early stopping at epoch 13
	Y Train Labels:(array([0.], dtype=float32), array([1116]))
	Y Val Labels:(array([0.], dtype=float32), array([372]))
Done.
	Creating sequence for 'blockbank'... Training group 1, split 1
	Early stopping at epoch 13
	Y Train Labels:(array([1.], dtype=float32), array([294]))
	Y Val Labels:(array([1.], dtype=float32), array([291]))
Training group 1, split 2
	Early stopping at epoch 13
	Y Train Labels:(array([1.], dtype=float32), array([585]))
	Y Val Labels:(array([1.], dtype=float32), array([291]))
Training group 1, split 3
	Early stopping at epoch 13
	Y Train Labels:(array([1.], dtype=float32), array([876]))
	Y Val Labels:(array([0., 1.], dtype=float32), array([245,  46]))
Done.
	Creating sequence for 'tokamak-network'... Training group 2, split 1
	Early stopping at epoch 13
	Y Train Labels:(array([1.], dtype=float32), array([342]))
	Y Val Labels:(array([0., 1.], dtype=float32), array([145, 197]))
Training group 2, split 2
	Early stopping at epoch 13
	Y Train Labels:(array([0., 1.], dtype=float32), array([145, 539]))
	Y Val Labels:(array([0.], dtype=float32), array([342]))
Training group 2, split 3
	Early stopping at epoch 13
	Y Train Labels:(array([0., 1.], dtype=float32), array([487, 539]))
	Y Val Labels:(array([0.], dtype=float32), array([342]))
Done.
	Creating sequence for 'pepefork'... Training group 3, split 1
	Early stopping at epoch 13
	Y Train Labels:(array([1.], dtype=float32), array([47]))
	Y Val Labels:(array([0., 1.], dtype=float32), array([11, 33]))
Training group 3, split 2
	Early stopping at epoch 13
	Y Train Labels:(array([0., 1.], dtype=float32), array([11, 80]))
	Y Val Labels:(array([0.], dtype=float32), array([44]))
Training group 3, split 3
	Early stopping at epoch 13
	Y Train Labels:(array([0., 1.], dtype=float32), array([55, 80]))
	Y Val Labels:(array([0.], dtype=float32), array([44]))
Done.
	Creating sequence for 'dero'... Training group 4, split 1
	Early stopping at epoch 13
	Y Train Labels:(array([1.], dtype=float32), array([560]))
	Y Val Labels:(array([1.], dtype=float32), array([558]))
Training group 4, split 2
