


--------------------------------------------------
Starting lstm.py at '2024-10-25 17:19:28.117320'.
Reading './balancedDataset.json'... Done.
Total training Data: 1030
DAOs trained so far:414
Size of training set: 307
Size of test set: 309
Preparing data for training...
Preparing data for testing...
Parameters:
	Num epochs: 60
	Initial learning rate: 0.001
	Patience: 12
	Window size: 60
	Timeseries splits: 3
	Minimum number of timeseries datapoints: 64
Gradient boosting params: 
	{"max_depth": 3, "learning_rate": 0.05, "n_estimators": 100, "objective": "binary:logistic", "eval_metric": "logloss"}
	Creating sequence for 'anyswap'... Training group 0, split 1
	Early stopping at epoch 13
	Y Train Labels:(array([1.], dtype=float32), array([227]))
	Y Val Labels:(array([1.], dtype=float32), array([224]))
Training group 0, split 2
	Early stopping at epoch 13
	Y Train Labels:(array([1.], dtype=float32), array([451]))
	Y Val Labels:(array([1.], dtype=float32), array([224]))
Training group 0, split 3
	Early stopping at epoch 13
	Y Train Labels:(array([1.], dtype=float32), array([675]))
	Y Val Labels:(array([1.], dtype=float32), array([224]))
Done.
	Creating sequence for 'rocket-pool'... Training group 1, split 1
	Early stopping at epoch 13
	Y Train Labels:(array([1.], dtype=float32), array([527]))
	Y Val Labels:(array([1.], dtype=float32), array([526]))
Training group 1, split 2
	Early stopping at epoch 13
	Y Train Labels:(array([1.], dtype=float32), array([1053]))
	Y Val Labels:(array([1.], dtype=float32), array([526]))
Training group 1, split 3
	Early stopping at epoch 13
	Y Train Labels:(array([1.], dtype=float32), array([1579]))
	Y Val Labels:(array([1.], dtype=float32), array([526]))
Done.
	Creating sequence for 'blind-boxes'... Training group 2, split 1
	Early stopping at epoch 13
	Y Train Labels:(array([1.], dtype=float32), array([289]))
	Y Val Labels:(array([0., 1.], dtype=float32), array([227,  60]))
Training group 2, split 2
	Early stopping at epoch 13
	Y Train Labels:(array([0., 1.], dtype=float32), array([227, 349]))
	Y Val Labels:(array([0.], dtype=float32), array([287]))
Training group 2, split 3
	Early stopping at epoch 13
	Y Train Labels:(array([0., 1.], dtype=float32), array([514, 349]))
	Y Val Labels:(array([0.], dtype=float32), array([287]))
Done.
	Creating sequence for 'osmosis'... Training group 3, split 1
	Early stopping at epoch 13
	Y Train Labels:(array([1.], dtype=float32), array([222]))
	Y Val Labels:(array([1.], dtype=float32), array([219]))
Training group 3, split 2
	Early stopping at epoch 13
	Y Train Labels:(array([1.], dtype=float32), array([441]))
	Y Val Labels:(array([1.], dtype=float32), array([219]))
Training group 3, split 3
	Early stopping at epoch 13
	Y Train Labels:(array([1.], dtype=float32), array([660]))
	Y Val Labels:(array([1.], dtype=float32), array([219]))
Done.
	Creating sequence for 'telos'... Training group 4, split 1
	Early stopping at epoch 13
	Y Train Labels:(array([1.], dtype=float32), array([444]))
	Y Val Labels:(array([1.], dtype=float32), array([443]))
Training group 4, split 2
