


--------------------------------------------------
Starting lstm.py at '2024-10-23 18:20:49.824519'.
Reading '../classifiedDAOs.json'... Done.
Total training Data: 1578
DAOs trained so far:109
Size of training set: 995
Size of test set: 474
Preparing data for training...
Preparing data for testing...
Parameters:
	Num epochs: 60
	Initial learning rate: 0.001
	Patience: 12
	Window size: 60
	Timeseries splits: 3
	Minimum number of timeseries datapoints: 64
Gradient boosting params: 
	{"max_depth": 3, "learning_rate": 0.05, "n_estimators": 100, "objective": "binary:logistic", "eval_metric": "logloss"}
	Creating sequence for 'lympo'... Training group 0, split 1
	Y Train Labels:(array([1.], dtype=float32), array([575]))
	Y Val Labels:(array([1.], dtype=float32), array([573]))
Training group 0, split 2
	Early stopping at epoch 13
	Y Train Labels:(array([1.], dtype=float32), array([1148]))
	Y Val Labels:(array([0., 1.], dtype=float32), array([288, 285]))
Training group 0, split 3
	Y Train Labels:(array([0., 1.], dtype=float32), array([ 288, 1433]))
	Y Val Labels:(array([0.], dtype=float32), array([573]))
Done.
	Creating sequence for 'gelato'... Training group 1, split 1
	Y Train Labels:(array([1.], dtype=float32), array([115]))
	Y Val Labels:(array([1.], dtype=float32), array([114]))
Training group 1, split 2
	Y Train Labels:(array([1.], dtype=float32), array([229]))
	Y Val Labels:(array([1.], dtype=float32), array([114]))
Training group 1, split 3
	Y Train Labels:(array([1.], dtype=float32), array([343]))
	Y Val Labels:(array([1.], dtype=float32), array([114]))
Done.
	Creating sequence for 'the-emerald-company'... Training group 2, split 1
	Y Train Labels:(array([0.], dtype=float32), array([30]))
	Y Val Labels:(array([0.], dtype=float32), array([29]))
Training group 2, split 2
	Y Train Labels:(array([0.], dtype=float32), array([59]))
	Y Val Labels:(array([0.], dtype=float32), array([29]))
Training group 2, split 3
	Y Train Labels:(array([0.], dtype=float32), array([88]))
	Y Val Labels:(array([0.], dtype=float32), array([29]))
Done.
	Creating sequence for 'professional-fighters-league-fan-token'... Training group 3, split 1
	Early stopping at epoch 13
	Y Train Labels:(array([0., 1.], dtype=float32), array([238,  64]))
	Y Val Labels:(array([0.], dtype=float32), array([301]))
Training group 3, split 2
	Early stopping at epoch 15
	Y Train Labels:(array([0., 1.], dtype=float32), array([539,  64]))
	Y Val Labels:(array([0.], dtype=float32), array([301]))
Training group 3, split 3
	Y Train Labels:(array([0., 1.], dtype=float32), array([840,  64]))
	Y Val Labels:(array([0.], dtype=float32), array([301]))
Done.
	Creating sequence for 'pumlx'... Training group 4, split 1
	Y Train Labels:(array([1.], dtype=float32), array([166]))
	Y Val Labels:(array([1.], dtype=float32), array([164]))
Training group 4, split 2
	Y Train Labels:(array([1.], dtype=float32), array([330]))
	Y Val Labels:(array([1.], dtype=float32), array([164]))
Training group 4, split 3
	Early stopping at epoch 13
	Y Train Labels:(array([1.], dtype=float32), array([494]))
	Y Val Labels:(array([0., 1.], dtype=float32), array([106,  58]))
Done.
	Creating sequence for 'oasis-network'... Training group 5, split 1
	Y Train Labels:(array([1.], dtype=float32), array([337]))
	Y Val Labels:(array([1.], dtype=float32), array([336]))
Training group 5, split 2
	Y Train Labels:(array([1.], dtype=float32), array([673]))
	Y Val Labels:(array([1.], dtype=float32), array([336]))
Training group 5, split 3
	Y Train Labels:(array([1.], dtype=float32), array([1009]))
	Y Val Labels:(array([1.], dtype=float32), array([336]))
Done.
	Creating sequence for 'zelix'... Training group 6, split 1
	Y Train Labels:(array([1.], dtype=float32), array([56]))
	Y Val Labels:(array([1.], dtype=float32), array([55]))
Training group 6, split 2
	Early stopping at epoch 13
	Y Train Labels:(array([1.], dtype=float32), array([111]))
	Y Val Labels:(array([0., 1.], dtype=float32), array([43, 12]))
Training group 6, split 3
	Early stopping at epoch 43
	Y Train Labels:(array([0., 1.], dtype=float32), array([ 43, 123]))
	Y Val Labels:(array([0.], dtype=float32), array([55]))
Done.
	Creating sequence for 'manchester-city-fan-token'... Training group 7, split 1
	Early stopping at epoch 13
	Y Train Labels:(array([0., 1.], dtype=float32), array([  9, 283]))
	Y Val Labels:(array([0.], dtype=float32), array([289]))
Training group 7, split 2
	Y Train Labels:(array([0., 1.], dtype=float32), array([298, 283]))
	Y Val Labels:(array([0.], dtype=float32), array([289]))
Training group 7, split 3
	Y Train Labels:(array([0., 1.], dtype=float32), array([587, 283]))
	Y Val Labels:(array([0.], dtype=float32), array([289]))
Done.
	Creating sequence for 'portugal-national-team-fan-token'... Training group 8, split 1
	Y Train Labels:(array([1.], dtype=float32), array([146]))
	Y Val Labels:(array([1.], dtype=float32), array([143]))
Training group 8, split 2
	Y Train Labels:(array([1.], dtype=float32), array([289]))
	Y Val Labels:(array([1.], dtype=float32), array([143]))
Training group 8, split 3
	Y Train Labels:(array([1.], dtype=float32), array([432]))
	Y Val Labels:(array([1.], dtype=float32), array([143]))
Done.
	Creating sequence for 'paxe'... Skipped.
	Creating sequence for 'chronicle'... Training group 9, split 1
	Early stopping at epoch 17
	Y Train Labels:(array([1.], dtype=float32), array([263]))
	Y Val Labels:(array([0., 1.], dtype=float32), array([ 75, 185]))
Training group 9, split 2
	Y Train Labels:(array([0., 1.], dtype=float32), array([ 75, 448]))
	Y Val Labels:(array([0.], dtype=float32), array([260]))
Training group 9, split 3
