


--------------------------------------------------
Starting lstm.py at '2024-10-23 18:39:55.741811'.
Reading '../classifiedDAOs.json'... Done.
Total training Data: 1578
DAOs trained so far:211
Size of training set: 893
Size of test set: 474
Preparing data for training...
Preparing data for testing...
Parameters:
	Num epochs: 60
	Initial learning rate: 0.001
	Patience: 12
	Window size: 60
	Timeseries splits: 3
	Minimum number of timeseries datapoints: 64
Gradient boosting params: 
	{"max_depth": 3, "learning_rate": 0.05, "n_estimators": 100, "objective": "binary:logistic", "eval_metric": "logloss"}
	Creating sequence for 'propy'... Training group 0, split 1
	Y Train Labels:(array([1.], dtype=float32), array([562]))
	Y Val Labels:(array([1.], dtype=float32), array([562]))
Training group 0, split 2
	Y Train Labels:(array([1.], dtype=float32), array([1124]))
	Y Val Labels:(array([1.], dtype=float32), array([562]))
Training group 0, split 3
	Y Train Labels:(array([1.], dtype=float32), array([1686]))
	Y Val Labels:(array([1.], dtype=float32), array([562]))
Done.
	Creating sequence for 'umee'... Training group 1, split 1
	Y Train Labels:(array([1.], dtype=float32), array([141]))
	Y Val Labels:(array([1.], dtype=float32), array([140]))
Training group 1, split 2
	Y Train Labels:(array([1.], dtype=float32), array([281]))
	Y Val Labels:(array([1.], dtype=float32), array([140]))
Training group 1, split 3
	Y Train Labels:(array([1.], dtype=float32), array([421]))
	Y Val Labels:(array([1.], dtype=float32), array([140]))
Done.
	Creating sequence for 'wax'... Training group 2, split 1
	Y Train Labels:(array([1.], dtype=float32), array([561]))
	Y Val Labels:(array([1.], dtype=float32), array([559]))
Training group 2, split 2
	Y Train Labels:(array([1.], dtype=float32), array([1120]))
	Y Val Labels:(array([1.], dtype=float32), array([559]))
Training group 2, split 3
	Early stopping at epoch 13
	Y Train Labels:(array([1.], dtype=float32), array([1679]))
	Y Val Labels:(array([0., 1.], dtype=float32), array([518,  41]))
Done.
	Creating sequence for 'lambda'... Training group 3, split 1
	Y Train Labels:(array([1.], dtype=float32), array([504]))
	Y Val Labels:(array([1.], dtype=float32), array([504]))
Training group 3, split 2
	Y Train Labels:(array([1.], dtype=float32), array([1008]))
	Y Val Labels:(array([1.], dtype=float32), array([504]))
Training group 3, split 3
	Early stopping at epoch 13
	Y Train Labels:(array([1.], dtype=float32), array([1512]))
	Y Val Labels:(array([0., 1.], dtype=float32), array([327, 177]))
Done.
	Creating sequence for 'new-bitshares'... Training group 4, split 1
	Early stopping at epoch 13
	Y Train Labels:(array([1.], dtype=float32), array([352]))
	Y Val Labels:(array([0., 1.], dtype=float32), array([208, 143]))
Training group 4, split 2
	Early stopping at epoch 33
	Y Train Labels:(array([0., 1.], dtype=float32), array([208, 495]))
	Y Val Labels:(array([0.], dtype=float32), array([351]))
Training group 4, split 3
	Early stopping at epoch 25
	Y Train Labels:(array([0., 1.], dtype=float32), array([559, 495]))
	Y Val Labels:(array([0.], dtype=float32), array([351]))
Done.
	Creating sequence for 'songbird'... Training group 5, split 1
	Early stopping at epoch 33
	Y Train Labels:(array([0., 1.], dtype=float32), array([220,  16]))
	Y Val Labels:(array([0.], dtype=float32), array([236]))
Training group 5, split 2
	Early stopping at epoch 13
	Y Train Labels:(array([0., 1.], dtype=float32), array([456,  16]))
	Y Val Labels:(array([0.], dtype=float32), array([236]))
Training group 5, split 3
	Y Train Labels:(array([0., 1.], dtype=float32), array([692,  16]))
	Y Val Labels:(array([0.], dtype=float32), array([236]))
Done.
	Creating sequence for 'joystream'... Training group 6, split 1
	Y Train Labels:(array([1.], dtype=float32), array([100]))
	Y Val Labels:(array([1.], dtype=float32), array([100]))
Training group 6, split 2
	Y Train Labels:(array([1.], dtype=float32), array([200]))
	Y Val Labels:(array([1.], dtype=float32), array([100]))
Training group 6, split 3
	Y Train Labels:(array([1.], dtype=float32), array([300]))
	Y Val Labels:(array([1.], dtype=float32), array([100]))
Done.
	Creating sequence for 'alephium'... Training group 7, split 1
	Y Train Labels:(array([1.], dtype=float32), array([233]))
	Y Val Labels:(array([1.], dtype=float32), array([231]))
Training group 7, split 2
	Y Train Labels:(array([1.], dtype=float32), array([464]))
	Y Val Labels:(array([1.], dtype=float32), array([231]))
Training group 7, split 3
	Y Train Labels:(array([1.], dtype=float32), array([695]))
	Y Val Labels:(array([1.], dtype=float32), array([231]))
Done.
	Creating sequence for 'powertrade-fuel'... Training group 8, split 1
	Early stopping at epoch 21
	Y Train Labels:(array([0., 1.], dtype=float32), array([ 83, 181]))
	Y Val Labels:(array([0.], dtype=float32), array([262]))
Training group 8, split 2
	Early stopping at epoch 24
	Y Train Labels:(array([0., 1.], dtype=float32), array([345, 181]))
	Y Val Labels:(array([0.], dtype=float32), array([262]))
Training group 8, split 3
	Early stopping at epoch 37
	Y Train Labels:(array([0., 1.], dtype=float32), array([607, 181]))
	Y Val Labels:(array([0.], dtype=float32), array([262]))
Done.
	Creating sequence for 'euro-coin'... 00
Done.
	Creating sequence for 'aipad'... Training group 10, split 1
	Y Train Labels:(array([0.], dtype=float32), array([130]))
	Y Val Labels:(array([0.], dtype=float32), array([128]))
Training group 10, split 2
	Y Train Labels:(array([0.], dtype=float32), array([258]))
	Y Val Labels:(array([0.], dtype=float32), array([128]))
Training group 10, split 3
	Y Train Labels:(array([0.], dtype=float32), array([386]))
	Y Val Labels:(array([0.], dtype=float32), array([128]))
Done.
	Creating sequence for 'meter'... Training group 11, split 1
	Y Train Labels:(array([1.], dtype=float32), array([341]))
	Y Val Labels:(array([1.], dtype=float32), array([339]))
Training group 11, split 2
