


--------------------------------------------------
Starting lstm.py at '2024-10-26 22:36:07.164469'.
Reading '../classifiedDAOs.json'... Done.
Total training Data: 1578
DAOs trained so far:207
Size of training set: 897
Size of test set: 474
Preparing data for training...
Preparing data for testing...
Parameters:
	Num epochs: 60
	Initial learning rate: 0.001
	Patience: 12
	Window size: 60
	Timeseries splits: 3
	Minimum number of timeseries datapoints: 64
Gradient boosting params: 
	{"max_depth": 3, "learning_rate": 0.05, "n_estimators": 100, "objective": "binary:logistic", "eval_metric": "logloss"}
	Creating sequence for 'the-champcoin'... Training group 0, split 1
	Early stopping at epoch 13
	Y Train Labels:(array([0., 1.], dtype=float32), array([173, 283]))
	Y Val Labels:(array([0.], dtype=float32), array([455]))
Training group 0, split 2
	Early stopping at epoch 13
	Y Train Labels:(array([0., 1.], dtype=float32), array([628, 283]))
	Y Val Labels:(array([0.], dtype=float32), array([455]))
Training group 0, split 3
	Early stopping at epoch 13
	Y Train Labels:(array([0., 1.], dtype=float32), array([1083,  283]))
	Y Val Labels:(array([0.], dtype=float32), array([455]))
Done.
	Creating sequence for 'o3-swap'... Training group 1, split 1
	Early stopping at epoch 13
	Y Train Labels:(array([0., 1.], dtype=float32), array([283,  12]))
	Y Val Labels:(array([0.], dtype=float32), array([292]))
Training group 1, split 2
	Early stopping at epoch 13
	Y Train Labels:(array([0., 1.], dtype=float32), array([575,  12]))
	Y Val Labels:(array([0.], dtype=float32), array([292]))
Training group 1, split 3
	Early stopping at epoch 13
	Y Train Labels:(array([0., 1.], dtype=float32), array([867,  12]))
	Y Val Labels:(array([0.], dtype=float32), array([292]))
Done.
	Creating sequence for 'stride'... Training group 2, split 1
	Early stopping at epoch 13
	Y Train Labels:(array([1.], dtype=float32), array([150]))
	Y Val Labels:(array([1.], dtype=float32), array([149]))
Training group 2, split 2
	Early stopping at epoch 13
	Y Train Labels:(array([1.], dtype=float32), array([299]))
	Y Val Labels:(array([1.], dtype=float32), array([149]))
Training group 2, split 3
	Early stopping at epoch 13
	Y Train Labels:(array([1.], dtype=float32), array([448]))
	Y Val Labels:(array([0., 1.], dtype=float32), array([115,  34]))
Done.
	Creating sequence for 'handshake'... Training group 3, split 1
	Early stopping at epoch 13
	Y Train Labels:(array([1.], dtype=float32), array([388]))
	Y Val Labels:(array([1.], dtype=float32), array([387]))
Training group 3, split 2
	Early stopping at epoch 13
	Y Train Labels:(array([1.], dtype=float32), array([775]))
	Y Val Labels:(array([1.], dtype=float32), array([387]))
Training group 3, split 3
