


--------------------------------------------------
Starting lstm.py at '2024-10-27 00:18:34.645268'.
Reading '../classifiedDAOs.json'... Done.
Total training Data: 1578
DAOs trained so far:828
Size of training set: 276
Size of test set: 474
Preparing data for training...
Preparing data for testing...
Parameters:
	Num epochs: 60
	Initial learning rate: 0.001
	Patience: 12
	Window size: 60
	Timeseries splits: 3
	Minimum number of timeseries datapoints: 64
Gradient boosting params: 
	{"max_depth": 3, "learning_rate": 0.05, "n_estimators": 100, "objective": "binary:logistic", "eval_metric": "logloss"}
	Creating sequence for 'star-atlas'... Training group 0, split 1
	Early stopping at epoch 26
	Y Train Labels:(array([0., 1.], dtype=float32), array([ 88, 154]))
	Y Val Labels:(array([0.], dtype=float32), array([239]))
Training group 0, split 2
	Early stopping at epoch 23
	Y Train Labels:(array([0., 1.], dtype=float32), array([327, 154]))
	Y Val Labels:(array([0.], dtype=float32), array([239]))
Training group 0, split 3
	Y Train Labels:(array([0., 1.], dtype=float32), array([566, 154]))
	Y Val Labels:(array([0.], dtype=float32), array([239]))
Done.
	Creating sequence for 'inspect'... Training group 1, split 1
	Y Train Labels:(array([1.], dtype=float32), array([60]))
	Y Val Labels:(array([1.], dtype=float32), array([58]))
Training group 1, split 2
	Y Train Labels:(array([1.], dtype=float32), array([118]))
	Y Val Labels:(array([1.], dtype=float32), array([58]))
Training group 1, split 3
	Y Train Labels:(array([1.], dtype=float32), array([176]))
	Y Val Labels:(array([1.], dtype=float32), array([58]))
Done.
	Creating sequence for 'arcblock'... Training group 2, split 1
	Y Train Labels:(array([1.], dtype=float32), array([576]))
	Y Val Labels:(array([1.], dtype=float32), array([574]))
Training group 2, split 2
	Y Train Labels:(array([1.], dtype=float32), array([1150]))
	Y Val Labels:(array([1.], dtype=float32), array([574]))
Training group 2, split 3
	Y Train Labels:(array([1.], dtype=float32), array([1724]))
	Y Val Labels:(array([1.], dtype=float32), array([574]))
Done.
	Creating sequence for 'frakt-token'... Training group 3, split 1
	Y Train Labels:(array([1.], dtype=float32), array([236]))
	Y Val Labels:(array([1.], dtype=float32), array([233]))
Training group 3, split 2
	Y Train Labels:(array([1.], dtype=float32), array([469]))
	Y Val Labels:(array([1.], dtype=float32), array([233]))
Training group 3, split 3
	Early stopping at epoch 13
	Y Train Labels:(array([1.], dtype=float32), array([702]))
	Y Val Labels:(array([0., 1.], dtype=float32), array([ 96, 137]))
Done.
	Creating sequence for 'palm-ai'... Training group 4, split 1
	Y Train Labels:(array([1.], dtype=float32), array([62]))
	Y Val Labels:(array([1.], dtype=float32), array([59]))
Training group 4, split 2
	Y Train Labels:(array([1.], dtype=float32), array([121]))
	Y Val Labels:(array([1.], dtype=float32), array([59]))
Training group 4, split 3
	Y Train Labels:(array([1.], dtype=float32), array([180]))
	Y Val Labels:(array([1.], dtype=float32), array([59]))
Done.
	Creating sequence for 'trava-finance'... Training group 5, split 1
	Early stopping at epoch 45
	Y Train Labels:(array([0., 1.], dtype=float32), array([176,  95]))
	Y Val Labels:(array([0.], dtype=float32), array([269]))
Training group 5, split 2
