


--------------------------------------------------
Starting lstm.py at '2024-10-23 19:17:36.045678'.
Reading '../classifiedDAOs.json'... Done.
Total training Data: 1578
DAOs trained so far:411
Size of training set: 693
Size of test set: 474
Preparing data for training...
Preparing data for testing...
Parameters:
	Num epochs: 60
	Initial learning rate: 0.001
	Patience: 12
	Window size: 60
	Timeseries splits: 3
	Minimum number of timeseries datapoints: 64
Gradient boosting params: 
	{"max_depth": 3, "learning_rate": 0.05, "n_estimators": 100, "objective": "binary:logistic", "eval_metric": "logloss"}
	Creating sequence for 'telcoin'... Training group 0, split 1
	Y Train Labels:(array([1.], dtype=float32), array([587]))
	Y Val Labels:(array([1.], dtype=float32), array([584]))
Training group 0, split 2
	Y Train Labels:(array([1.], dtype=float32), array([1171]))
	Y Val Labels:(array([1.], dtype=float32), array([584]))
Training group 0, split 3
	Early stopping at epoch 13
	Y Train Labels:(array([1.], dtype=float32), array([1755]))
	Y Val Labels:(array([0., 1.], dtype=float32), array([481, 103]))
Done.
	Creating sequence for 'my-defi-pet'... Training group 1, split 1
	Early stopping at epoch 54
	Y Train Labels:(array([0., 1.], dtype=float32), array([205,  62]))
	Y Val Labels:(array([0.], dtype=float32), array([264]))
Training group 1, split 2
	Y Train Labels:(array([0., 1.], dtype=float32), array([469,  62]))
	Y Val Labels:(array([0.], dtype=float32), array([264]))
Training group 1, split 3
	Y Train Labels:(array([0., 1.], dtype=float32), array([733,  62]))
	Y Val Labels:(array([0.], dtype=float32), array([264]))
Done.
	Creating sequence for 'zcoin'... Training group 2, split 1
	Y Train Labels:(array([1.], dtype=float32), array([318]))
	Y Val Labels:(array([1.], dtype=float32), array([318]))
Training group 2, split 2
	Y Train Labels:(array([1.], dtype=float32), array([636]))
	Y Val Labels:(array([1.], dtype=float32), array([318]))
Training group 2, split 3
	Y Train Labels:(array([1.], dtype=float32), array([954]))
	Y Val Labels:(array([1.], dtype=float32), array([318]))
Done.
	Creating sequence for 'forta'... Training group 3, split 1
	Y Train Labels:(array([1.], dtype=float32), array([166]))
	Y Val Labels:(array([1.], dtype=float32), array([163]))
Training group 3, split 2
	Y Train Labels:(array([1.], dtype=float32), array([329]))
	Y Val Labels:(array([1.], dtype=float32), array([163]))
Training group 3, split 3
	Y Train Labels:(array([1.], dtype=float32), array([492]))
	Y Val Labels:(array([1.], dtype=float32), array([163]))
Done.
	Creating sequence for 'altlayer'... Training group 4, split 1
	Early stopping at epoch 23
	Y Train Labels:(array([1.], dtype=float32), array([46]))
	Y Val Labels:(array([1.], dtype=float32), array([46]))
Training group 4, split 2
	Y Train Labels:(array([1.], dtype=float32), array([92]))
	Y Val Labels:(array([1.], dtype=float32), array([46]))
Training group 4, split 3
	Y Train Labels:(array([1.], dtype=float32), array([138]))
	Y Val Labels:(array([1.], dtype=float32), array([46]))
Done.
	Creating sequence for 'ethena-usde'... Training group 5, split 1
	Y Train Labels:(array([0.], dtype=float32), array([40]))
	Y Val Labels:(array([0.], dtype=float32), array([39]))
Training group 5, split 2
	Y Train Labels:(array([0.], dtype=float32), array([79]))
	Y Val Labels:(array([0.], dtype=float32), array([39]))
Training group 5, split 3
	Y Train Labels:(array([0.], dtype=float32), array([118]))
	Y Val Labels:(array([0.], dtype=float32), array([39]))
Done.
	Creating sequence for 'opendao'... Training group 6, split 1
	Early stopping at epoch 13
	Y Train Labels:(array([1.], dtype=float32), array([229]))
	Y Val Labels:(array([0., 1.], dtype=float32), array([225,   1]))
Training group 6, split 2
	Early stopping at epoch 42
	Y Train Labels:(array([0., 1.], dtype=float32), array([225, 230]))
	Y Val Labels:(array([0.], dtype=float32), array([226]))
Training group 6, split 3
	Early stopping at epoch 28
	Y Train Labels:(array([0., 1.], dtype=float32), array([451, 230]))
	Y Val Labels:(array([0.], dtype=float32), array([226]))
Done.
	Creating sequence for 'hiens3'... Training group 7, split 1
	Early stopping at epoch 13
	Y Train Labels:(array([0., 1.], dtype=float32), array([74, 98]))
	Y Val Labels:(array([0.], dtype=float32), array([170]))
Training group 7, split 2
	Early stopping at epoch 38
	Y Train Labels:(array([0., 1.], dtype=float32), array([244,  98]))
	Y Val Labels:(array([0.], dtype=float32), array([170]))
Training group 7, split 3
	Early stopping at epoch 35
	Y Train Labels:(array([0., 1.], dtype=float32), array([414,  98]))
	Y Val Labels:(array([0.], dtype=float32), array([170]))
Done.
	Creating sequence for 'basis-cash'... Training group 8, split 1
	Early stopping at epoch 17
	Y Train Labels:(array([1.], dtype=float32), array([331]))
	Y Val Labels:(array([0., 1.], dtype=float32), array([195, 133]))
Training group 8, split 2
	Early stopping at epoch 48
	Y Train Labels:(array([0., 1.], dtype=float32), array([195, 464]))
	Y Val Labels:(array([0.], dtype=float32), array([328]))
Training group 8, split 3
