


--------------------------------------------------
Starting lstm.py at '2024-10-16 13:50:33.307355'.
Reading './isDaoActiveData(4).json'... Done.
Total training Data: 379
DAOs trained so far:192
Size of training set: 73
Size of test set: 114
Preparing data for training...
Preparing data for testing...
Parameters:
	Num epochs: 60
	Initial learning rate: 0.001
	Patience: 12
	Window size: 60
	Timeseries splits: 3
	Minimum number of timeseries datapoints: 64
Gradient boosting params: 
	{"max_depth": 3, "learning_rate": 0.05, "n_estimators": 100, "objective": "binary:logistic", "eval_metric": "logloss"}
	Creating sequence for 'civic'... Training group 0, split 1
	Y Train Labels:(array([1.], dtype=float32), array([590]))
	Y Val Labels:(array([1.], dtype=float32), array([590]))
Training group 0, split 2
	Y Train Labels:(array([1.], dtype=float32), array([1180]))
	Y Val Labels:(array([1.], dtype=float32), array([590]))
Training group 0, split 3
	Y Train Labels:(array([1.], dtype=float32), array([1770]))
	Y Val Labels:(array([1.], dtype=float32), array([590]))
Done.
	Creating sequence for 'bifi'... Training group 1, split 1
	Y Train Labels:(array([0., 1.], dtype=float32), array([ 26, 302]))
	Y Val Labels:(array([0.], dtype=float32), array([325]))
Training group 1, split 2
	Early stopping at epoch 27
	Y Train Labels:(array([0., 1.], dtype=float32), array([351, 302]))
	Y Val Labels:(array([0.], dtype=float32), array([325]))
Training group 1, split 3
	Early stopping at epoch 30
	Y Train Labels:(array([0., 1.], dtype=float32), array([676, 302]))
	Y Val Labels:(array([0.], dtype=float32), array([325]))
Done.
	Creating sequence for 'axelar'... Training group 2, split 1
	Y Train Labels:(array([1.], dtype=float32), array([160]))
	Y Val Labels:(array([1.], dtype=float32), array([157]))
Training group 2, split 2
	Y Train Labels:(array([1.], dtype=float32), array([317]))
	Y Val Labels:(array([1.], dtype=float32), array([157]))
Training group 2, split 3
	Y Train Labels:(array([1.], dtype=float32), array([474]))
	Y Val Labels:(array([1.], dtype=float32), array([157]))
Done.
	Creating sequence for 'amepay'... Training group 3, split 1
	Early stopping at epoch 39
	Y Train Labels:(array([0., 1.], dtype=float32), array([207, 119]))
	Y Val Labels:(array([0.], dtype=float32), array([325]))
Training group 3, split 2
	Early stopping at epoch 27
	Y Train Labels:(array([0., 1.], dtype=float32), array([532, 119]))
	Y Val Labels:(array([0.], dtype=float32), array([325]))
Training group 3, split 3
	Early stopping at epoch 13
	Y Train Labels:(array([0., 1.], dtype=float32), array([857, 119]))
	Y Val Labels:(array([0.], dtype=float32), array([325]))
Done.
	Creating sequence for 'clube-atletico-mineiro-fan-token'... Training group 4, split 1
	Early stopping at epoch 15
	Y Train Labels:(array([1.], dtype=float32), array([86]))
	Y Val Labels:(array([0., 1.], dtype=float32), array([69, 15]))
Training group 4, split 2
	Early stopping at epoch 33
	Y Train Labels:(array([0., 1.], dtype=float32), array([ 69, 101]))
	Y Val Labels:(array([0.], dtype=float32), array([84]))
Training group 4, split 3
	Early stopping at epoch 44
	Y Train Labels:(array([0., 1.], dtype=float32), array([153, 101]))
	Y Val Labels:(array([0.], dtype=float32), array([84]))
Done.
	Creating sequence for 'cyclone-protocol'... Training group 5, split 1
	Early stopping at epoch 13
	Y Train Labels:(array([1.], dtype=float32), array([303]))
	Y Val Labels:(array([0., 1.], dtype=float32), array([268,  35]))
Training group 5, split 2
	Early stopping at epoch 42
	Y Train Labels:(array([0., 1.], dtype=float32), array([268, 338]))
	Y Val Labels:(array([0.], dtype=float32), array([303]))
Training group 5, split 3
	Early stopping at epoch 41
	Y Train Labels:(array([0., 1.], dtype=float32), array([571, 338]))
	Y Val Labels:(array([0.], dtype=float32), array([303]))
Done.
	Creating sequence for 'apenft'... Training group 6, split 1
	Early stopping at epoch 13
	Y Train Labels:(array([1.], dtype=float32), array([237]))
	Y Val Labels:(array([0., 1.], dtype=float32), array([232,   5]))
Training group 6, split 2
	Y Train Labels:(array([0., 1.], dtype=float32), array([232, 242]))
	Y Val Labels:(array([0.], dtype=float32), array([237]))
Training group 6, split 3
	Early stopping at epoch 37
	Y Train Labels:(array([0., 1.], dtype=float32), array([469, 242]))
	Y Val Labels:(array([0.], dtype=float32), array([237]))
Done.
	Creating sequence for 'celo'... Training group 7, split 1
	Y Train Labels:(array([1.], dtype=float32), array([237]))
	Y Val Labels:(array([1.], dtype=float32), array([237]))
Training group 7, split 2
	Y Train Labels:(array([1.], dtype=float32), array([474]))
	Y Val Labels:(array([1.], dtype=float32), array([237]))
Training group 7, split 3
	Y Train Labels:(array([1.], dtype=float32), array([711]))
	Y Val Labels:(array([1.], dtype=float32), array([237]))
Done.
	Creating sequence for 'coinweb'... Training group 8, split 1
	Y Train Labels:(array([1.], dtype=float32), array([105]))
	Y Val Labels:(array([1.], dtype=float32), array([102]))
Training group 8, split 2
	Y Train Labels:(array([1.], dtype=float32), array([207]))
	Y Val Labels:(array([1.], dtype=float32), array([102]))
Training group 8, split 3
	Y Train Labels:(array([1.], dtype=float32), array([309]))
	Y Val Labels:(array([1.], dtype=float32), array([102]))
Done.
	Creating sequence for 'concordium'... Training group 9, split 1
	Y Train Labels:(array([1.], dtype=float32), array([139]))
	Y Val Labels:(array([1.], dtype=float32), array([137]))
Training group 9, split 2
	Y Train Labels:(array([1.], dtype=float32), array([276]))
	Y Val Labels:(array([1.], dtype=float32), array([137]))
Training group 9, split 3
	Y Train Labels:(array([1.], dtype=float32), array([413]))
	Y Val Labels:(array([1.], dtype=float32), array([137]))
Done.
	Creating sequence for 'chex-token'... Training group 10, split 1
	Y Train Labels:(array([1.], dtype=float32), array([315]))
	Y Val Labels:(array([1.], dtype=float32), array([312]))
Training group 10, split 2
