


--------------------------------------------------
Starting lstm.py at '2024-10-23 16:34:02.455847'.
Reading '../classifiedDAOs.json'... Done.
Total training Data: 1578
DAOs trained so far:50
Size of training set: 1054
Size of test set: 474
Preparing data for training...
Preparing data for testing...
Parameters:
	Num epochs: 60
	Initial learning rate: 0.001
	Patience: 12
	Window size: 60
	Timeseries splits: 3
	Minimum number of timeseries datapoints: 64
Gradient boosting params: 
	{"max_depth": 3, "learning_rate": 0.05, "n_estimators": 100, "objective": "binary:logistic", "eval_metric": "logloss"}
	Creating sequence for 'sui'... Training group 0, split 1
	Y Train Labels:(array([1.], dtype=float32), array([105]))
	Y Val Labels:(array([1.], dtype=float32), array([103]))
Training group 0, split 2
	Y Train Labels:(array([1.], dtype=float32), array([208]))
	Y Val Labels:(array([1.], dtype=float32), array([103]))
Training group 0, split 3
	Y Train Labels:(array([1.], dtype=float32), array([311]))
	Y Val Labels:(array([1.], dtype=float32), array([103]))
Done.
	Creating sequence for 'formation-fi'... Training group 1, split 1
	Early stopping at epoch 31
	Y Train Labels:(array([0., 1.], dtype=float32), array([ 51, 177]))
	Y Val Labels:(array([0.], dtype=float32), array([226]))
Training group 1, split 2
	Early stopping at epoch 28
	Y Train Labels:(array([0., 1.], dtype=float32), array([277, 177]))
	Y Val Labels:(array([0.], dtype=float32), array([226]))
Training group 1, split 3
	Y Train Labels:(array([0., 1.], dtype=float32), array([503, 177]))
	Y Val Labels:(array([0.], dtype=float32), array([226]))
Done.
	Creating sequence for 'clore-ai'... Training group 2, split 1
	Y Train Labels:(array([1.], dtype=float32), array([108]))
	Y Val Labels:(array([1.], dtype=float32), array([105]))
Training group 2, split 2
	Y Train Labels:(array([1.], dtype=float32), array([213]))
	Y Val Labels:(array([1.], dtype=float32), array([105]))
Training group 2, split 3
	Early stopping at epoch 13
	Y Train Labels:(array([1.], dtype=float32), array([318]))
	Y Val Labels:(array([0., 1.], dtype=float32), array([30, 75]))
Done.
	Creating sequence for 'unizen'... Training group 3, split 1
	Early stopping at epoch 13
	Y Train Labels:(array([1.], dtype=float32), array([291]))
	Y Val Labels:(array([0., 1.], dtype=float32), array([186, 103]))
Training group 3, split 2
	Early stopping at epoch 28
	Y Train Labels:(array([0., 1.], dtype=float32), array([186, 394]))
	Y Val Labels:(array([0.], dtype=float32), array([289]))
Training group 3, split 3
	Early stopping at epoch 27
	Y Train Labels:(array([0., 1.], dtype=float32), array([475, 394]))
	Y Val Labels:(array([0.], dtype=float32), array([289]))
Done.
	Creating sequence for 'omni-network'... Training group 4, split 1
	Y Train Labels:(array([1.], dtype=float32), array([26]))
	Y Val Labels:(array([1.], dtype=float32), array([25]))
Training group 4, split 2
	Y Train Labels:(array([1.], dtype=float32), array([51]))
	Y Val Labels:(array([1.], dtype=float32), array([25]))
Training group 4, split 3
	Y Train Labels:(array([1.], dtype=float32), array([76]))
	Y Val Labels:(array([1.], dtype=float32), array([25]))
Done.
	Creating sequence for 'life-crypto'... Training group 5, split 1
	Early stopping at epoch 39
	Y Train Labels:(array([0., 1.], dtype=float32), array([254,  11]))
	Y Val Labels:(array([0.], dtype=float32), array([263]))
Training group 5, split 2
	Early stopping at epoch 13
	Y Train Labels:(array([0., 1.], dtype=float32), array([517,  11]))
	Y Val Labels:(array([0.], dtype=float32), array([263]))
Training group 5, split 3
	Early stopping at epoch 37
	Y Train Labels:(array([0., 1.], dtype=float32), array([780,  11]))
	Y Val Labels:(array([0.], dtype=float32), array([263]))
Done.
	Creating sequence for 'bitcoin'... Training group 6, split 1
	Y Train Labels:(array([1.], dtype=float32), array([478]))
	Y Val Labels:(array([1.], dtype=float32), array([476]))
Training group 6, split 2
	Y Train Labels:(array([1.], dtype=float32), array([954]))
	Y Val Labels:(array([1.], dtype=float32), array([476]))
Training group 6, split 3
