


--------------------------------------------------
Starting lstm.py at '2024-10-25 16:38:07.223699'.
Reading './balancedDataset.json'... Done.
Total training Data: 1030
DAOs trained so far:122
Size of training set: 599
Size of test set: 309
Preparing data for training...
Preparing data for testing...
Parameters:
	Num epochs: 60
	Initial learning rate: 0.001
	Patience: 12
	Window size: 60
	Timeseries splits: 3
	Minimum number of timeseries datapoints: 64
Gradient boosting params: 
	{"max_depth": 3, "learning_rate": 0.05, "n_estimators": 100, "objective": "binary:logistic", "eval_metric": "logloss"}
	Creating sequence for 'invest-zone'... Skipped.
	Creating sequence for 'dusk-network'... Training group 0, split 1
	Early stopping at epoch 13
	Y Train Labels:(array([1.], dtype=float32), array([455]))
	Y Val Labels:(array([1.], dtype=float32), array([453]))
Training group 0, split 2
	Early stopping at epoch 13
	Y Train Labels:(array([1.], dtype=float32), array([908]))
	Y Val Labels:(array([1.], dtype=float32), array([453]))
Training group 0, split 3
	Early stopping at epoch 13
	Y Train Labels:(array([1.], dtype=float32), array([1361]))
	Y Val Labels:(array([1.], dtype=float32), array([453]))
Done.
	Creating sequence for 'beyond-protocol'... Training group 1, split 1
	Early stopping at epoch 13
	Y Train Labels:(array([0., 1.], dtype=float32), array([ 79, 158]))
	Y Val Labels:(array([0.], dtype=float32), array([235]))
Training group 1, split 2
	Early stopping at epoch 13
	Y Train Labels:(array([0., 1.], dtype=float32), array([314, 158]))
	Y Val Labels:(array([0.], dtype=float32), array([235]))
Training group 1, split 3
	Early stopping at epoch 13
	Y Train Labels:(array([0., 1.], dtype=float32), array([549, 158]))
	Y Val Labels:(array([0.], dtype=float32), array([235]))
Done.
	Creating sequence for 'expanse'... Training group 2, split 1
	Early stopping at epoch 13
	Y Train Labels:(array([1.], dtype=float32), array([586]))
	Y Val Labels:(array([1.], dtype=float32), array([586]))
Training group 2, split 2
	Early stopping at epoch 13
	Y Train Labels:(array([1.], dtype=float32), array([1172]))
	Y Val Labels:(array([1.], dtype=float32), array([586]))
Training group 2, split 3
