


--------------------------------------------------
Starting lstm.py at '2024-10-26 22:11:23.407234'.
Reading '../classifiedDAOs.json'... Done.
Total training Data: 1578
DAOs trained so far:44
Size of training set: 1060
Size of test set: 474
Preparing data for training...
Preparing data for testing...
Parameters:
	Num epochs: 60
	Initial learning rate: 0.001
	Patience: 12
	Window size: 60
	Timeseries splits: 3
	Minimum number of timeseries datapoints: 64
Gradient boosting params: 
	{"max_depth": 3, "learning_rate": 0.05, "n_estimators": 100, "objective": "binary:logistic", "eval_metric": "logloss"}
	Creating sequence for 'odyssey'... Training group 0, split 1
	Early stopping at epoch 13
	Y Train Labels:(array([0., 1.], dtype=float32), array([494,  49]))
	Y Val Labels:(array([0.], dtype=float32), array([542]))
Training group 0, split 2
	Early stopping at epoch 13
	Y Train Labels:(array([0., 1.], dtype=float32), array([1036,   49]))
	Y Val Labels:(array([0.], dtype=float32), array([542]))
Training group 0, split 3
	Early stopping at epoch 13
	Y Train Labels:(array([0., 1.], dtype=float32), array([1578,   49]))
	Y Val Labels:(array([0.], dtype=float32), array([542]))
Done.
	Creating sequence for 'lumerin'... Training group 1, split 1
	Early stopping at epoch 13
	Y Train Labels:(array([1.], dtype=float32), array([214]))
	Y Val Labels:(array([1.], dtype=float32), array([212]))
Training group 1, split 2
	Early stopping at epoch 13
	Y Train Labels:(array([1.], dtype=float32), array([426]))
	Y Val Labels:(array([1.], dtype=float32), array([212]))
Training group 1, split 3
	Early stopping at epoch 13
	Y Train Labels:(array([1.], dtype=float32), array([638]))
	Y Val Labels:(array([1.], dtype=float32), array([212]))
Done.
	Creating sequence for 'lingose'... Training group 2, split 1
	Early stopping at epoch 13
	Y Train Labels:(array([1.], dtype=float32), array([163]))
	Y Val Labels:(array([1.], dtype=float32), array([162]))
Training group 2, split 2
	Early stopping at epoch 13
	Y Train Labels:(array([1.], dtype=float32), array([325]))
	Y Val Labels:(array([1.], dtype=float32), array([162]))
Training group 2, split 3
	Early stopping at epoch 13
	Y Train Labels:(array([1.], dtype=float32), array([487]))
	Y Val Labels:(array([0., 1.], dtype=float32), array([86, 76]))
Done.
	Creating sequence for 'origin-dollar'... Training group 3, split 1
	Early stopping at epoch 13
	Y Train Labels:(array([1.], dtype=float32), array([294]))
	Y Val Labels:(array([1.], dtype=float32), array([293]))
Training group 3, split 2
	Early stopping at epoch 13
	Y Train Labels:(array([1.], dtype=float32), array([587]))
	Y Val Labels:(array([1.], dtype=float32), array([293]))
Training group 3, split 3
