


--------------------------------------------------
Starting lstm.py at '2024-10-23 21:06:56.393967'.
Reading '../classifiedDAOs.json'... Done.
Total training Data: 1578
DAOs trained so far:1032
Size of training set: 72
Size of test set: 474
Preparing data for training...
Preparing data for testing...
Parameters:
	Num epochs: 60
	Initial learning rate: 0.001
	Patience: 12
	Window size: 60
	Timeseries splits: 3
	Minimum number of timeseries datapoints: 64
Gradient boosting params: 
	{"max_depth": 3, "learning_rate": 0.05, "n_estimators": 100, "objective": "binary:logistic", "eval_metric": "logloss"}
	Creating sequence for 'energy-web-token'... Training group 0, split 1
	Y Train Labels:(array([1.], dtype=float32), array([350]))
	Y Val Labels:(array([1.], dtype=float32), array([349]))
Training group 0, split 2
	Y Train Labels:(array([1.], dtype=float32), array([699]))
	Y Val Labels:(array([1.], dtype=float32), array([349]))
Training group 0, split 3
	Y Train Labels:(array([1.], dtype=float32), array([1048]))
	Y Val Labels:(array([1.], dtype=float32), array([349]))
Done.
	Creating sequence for 'pkt'... Training group 1, split 1
	Y Train Labels:(array([1.], dtype=float32), array([217]))
	Y Val Labels:(array([1.], dtype=float32), array([215]))
Training group 1, split 2
	Y Train Labels:(array([1.], dtype=float32), array([432]))
	Y Val Labels:(array([1.], dtype=float32), array([215]))
Training group 1, split 3
	Y Train Labels:(array([1.], dtype=float32), array([647]))
	Y Val Labels:(array([1.], dtype=float32), array([215]))
Done.
	Creating sequence for 'hitchain'... Training group 2, split 1
	Early stopping at epoch 27
	Y Train Labels:(array([1.], dtype=float32), array([174]))
	Y Val Labels:(array([1.], dtype=float32), array([174]))
Training group 2, split 2
	Y Train Labels:(array([1.], dtype=float32), array([348]))
	Y Val Labels:(array([1.], dtype=float32), array([174]))
Training group 2, split 3
	Y Train Labels:(array([1.], dtype=float32), array([522]))
	Y Val Labels:(array([1.], dtype=float32), array([174]))
Done.
	Creating sequence for 'civic'... Training group 3, split 1
	Y Train Labels:(array([1.], dtype=float32), array([590]))
	Y Val Labels:(array([1.], dtype=float32), array([590]))
Training group 3, split 2
	Y Train Labels:(array([1.], dtype=float32), array([1180]))
	Y Val Labels:(array([1.], dtype=float32), array([590]))
Training group 3, split 3
	Y Train Labels:(array([1.], dtype=float32), array([1770]))
	Y Val Labels:(array([1.], dtype=float32), array([590]))
Done.
	Creating sequence for 'ultiverse'... Training group 4, split 1
	Early stopping at epoch 13
	Y Train Labels:(array([1.], dtype=float32), array([14]))
	Y Val Labels:(array([0., 1.], dtype=float32), array([3, 9]))
Training group 4, split 2
	Early stopping at epoch 42
	Y Train Labels:(array([0., 1.], dtype=float32), array([ 3, 23]))
	Y Val Labels:(array([0.], dtype=float32), array([12]))
Training group 4, split 3
	Early stopping at epoch 25
	Y Train Labels:(array([0., 1.], dtype=float32), array([15, 23]))
	Y Val Labels:(array([0.], dtype=float32), array([12]))
Done.
	Creating sequence for 'splyt'... Training group 5, split 1
	Y Train Labels:(array([0.], dtype=float32), array([64]))
	Y Val Labels:(array([0.], dtype=float32), array([61]))
Training group 5, split 2
	Y Train Labels:(array([0.], dtype=float32), array([125]))
	Y Val Labels:(array([0.], dtype=float32), array([61]))
Training group 5, split 3
	Y Train Labels:(array([0.], dtype=float32), array([186]))
	Y Val Labels:(array([0.], dtype=float32), array([61]))
Done.
	Creating sequence for 'mantle'... Training group 6, split 1
	Y Train Labels:(array([1.], dtype=float32), array([87]))
	Y Val Labels:(array([1.], dtype=float32), array([84]))
Training group 6, split 2
	Y Train Labels:(array([1.], dtype=float32), array([171]))
	Y Val Labels:(array([1.], dtype=float32), array([84]))
Training group 6, split 3
	Y Train Labels:(array([1.], dtype=float32), array([255]))
	Y Val Labels:(array([1.], dtype=float32), array([84]))
Done.
	Creating sequence for 'xrp-healthcare'... Training group 7, split 1
	Early stopping at epoch 32
	Y Train Labels:(array([0., 1.], dtype=float32), array([69, 68]))
	Y Val Labels:(array([0.], dtype=float32), array([135]))
Training group 7, split 2
	Early stopping at epoch 30
	Y Train Labels:(array([0., 1.], dtype=float32), array([204,  68]))
	Y Val Labels:(array([0.], dtype=float32), array([135]))
Training group 7, split 3
	Early stopping at epoch 32
	Y Train Labels:(array([0., 1.], dtype=float32), array([339,  68]))
	Y Val Labels:(array([0.], dtype=float32), array([135]))
Done.
	Creating sequence for 'contentbox'... Training group 8, split 1
	Early stopping at epoch 13
	Y Train Labels:(array([0., 1.], dtype=float32), array([207, 331]))
	Y Val Labels:(array([0.], dtype=float32), array([537]))
Training group 8, split 2
	Y Train Labels:(array([0., 1.], dtype=float32), array([744, 331]))
	Y Val Labels:(array([0.], dtype=float32), array([537]))
Training group 8, split 3
