


--------------------------------------------------
Starting lstm.py at '2024-10-24 23:12:39.556391'.
Reading './balancedDataset.json'... Done.
Total training Data: 1030
DAOs trained so far:296
Size of training set: 425
Size of test set: 309
Preparing data for training...
Preparing data for testing...
Parameters:
	Num epochs: 60
	Initial learning rate: 0.001
	Patience: 12
	Window size: 60
	Timeseries splits: 3
	Minimum number of timeseries datapoints: 64
Gradient boosting params: 
	{"max_depth": 3, "learning_rate": 0.05, "n_estimators": 100, "objective": "binary:logistic", "eval_metric": "logloss"}
	Creating sequence for 'waltonchain'... Training group 0, split 1
	Y Train Labels:(array([1.], dtype=float32), array([565]))
	Y Val Labels:(array([1.], dtype=float32), array([564]))
Training group 0, split 2
	Y Train Labels:(array([1.], dtype=float32), array([1129]))
	Y Val Labels:(array([1.], dtype=float32), array([564]))
Training group 0, split 3
	Y Train Labels:(array([1.], dtype=float32), array([1693]))
	Y Val Labels:(array([1.], dtype=float32), array([564]))
Done.
	Creating sequence for 'neurai'... Training group 1, split 1
	Y Train Labels:(array([1.], dtype=float32), array([99]))
	Y Val Labels:(array([1.], dtype=float32), array([99]))
Training group 1, split 2
	Y Train Labels:(array([1.], dtype=float32), array([198]))
	Y Val Labels:(array([1.], dtype=float32), array([99]))
Training group 1, split 3
	Y Train Labels:(array([1.], dtype=float32), array([297]))
	Y Val Labels:(array([1.], dtype=float32), array([99]))
Done.
	Creating sequence for 'bakerytoken'... Training group 2, split 1
	Y Train Labels:(array([1.], dtype=float32), array([290]))
	Y Val Labels:(array([1.], dtype=float32), array([287]))
Training group 2, split 2
	Y Train Labels:(array([1.], dtype=float32), array([577]))
	Y Val Labels:(array([1.], dtype=float32), array([287]))
Training group 2, split 3
	Early stopping at epoch 13
	Y Train Labels:(array([1.], dtype=float32), array([864]))
	Y Val Labels:(array([0., 1.], dtype=float32), array([135, 152]))
Done.
	Creating sequence for 'stronghold-token'... Training group 3, split 1
	Y Train Labels:(array([1.], dtype=float32), array([333]))
	Y Val Labels:(array([1.], dtype=float32), array([332]))
Training group 3, split 2
	Y Train Labels:(array([1.], dtype=float32), array([665]))
	Y Val Labels:(array([1.], dtype=float32), array([332]))
Training group 3, split 3
	Y Train Labels:(array([1.], dtype=float32), array([997]))
	Y Val Labels:(array([1.], dtype=float32), array([332]))
Done.
	Creating sequence for 'orca'... Training group 4, split 1
	Y Train Labels:(array([1.], dtype=float32), array([118]))
	Y Val Labels:(array([1.], dtype=float32), array([116]))
Training group 4, split 2
	Y Train Labels:(array([1.], dtype=float32), array([234]))
	Y Val Labels:(array([1.], dtype=float32), array([116]))
Training group 4, split 3
	Y Train Labels:(array([1.], dtype=float32), array([350]))
	Y Val Labels:(array([1.], dtype=float32), array([116]))
Done.
	Creating sequence for 'entangle'... Training group 5, split 1
	Early stopping at epoch 13
	Y Train Labels:(array([1.], dtype=float32), array([36]))
	Y Val Labels:(array([0., 1.], dtype=float32), array([31,  2]))
Training group 5, split 2
	Early stopping at epoch 46
	Y Train Labels:(array([0., 1.], dtype=float32), array([31, 38]))
	Y Val Labels:(array([0.], dtype=float32), array([33]))
Training group 5, split 3
	Early stopping at epoch 29
	Y Train Labels:(array([0., 1.], dtype=float32), array([64, 38]))
	Y Val Labels:(array([0.], dtype=float32), array([33]))
Done.
	Creating sequence for 'iota'... Training group 6, split 1
	Y Train Labels:(array([1.], dtype=float32), array([296]))
	Y Val Labels:(array([1.], dtype=float32), array([295]))
Training group 6, split 2
	Y Train Labels:(array([1.], dtype=float32), array([591]))
	Y Val Labels:(array([1.], dtype=float32), array([295]))
Training group 6, split 3
	Y Train Labels:(array([1.], dtype=float32), array([886]))
	Y Val Labels:(array([1.], dtype=float32), array([295]))
Done.
	Creating sequence for 'damex-token'... Training group 7, split 1
	Y Train Labels:(array([1.], dtype=float32), array([115]))
	Y Val Labels:(array([1.], dtype=float32), array([115]))
Training group 7, split 2
	Early stopping at epoch 29
	Y Train Labels:(array([1.], dtype=float32), array([230]))
	Y Val Labels:(array([1.], dtype=float32), array([115]))
Training group 7, split 3
	Early stopping at epoch 13
	Y Train Labels:(array([1.], dtype=float32), array([345]))
	Y Val Labels:(array([0., 1.], dtype=float32), array([64, 51]))
Done.
	Creating sequence for 'bitmart-token'... Training group 8, split 1
	Y Train Labels:(array([1.], dtype=float32), array([541]))
	Y Val Labels:(array([1.], dtype=float32), array([541]))
Training group 8, split 2
