


--------------------------------------------------
Starting lstm.py at '2024-10-23 18:27:16.985798'.
Reading '../classifiedDAOs.json'... Done.
Total training Data: 1578
DAOs trained so far:145
Size of training set: 959
Size of test set: 474
Preparing data for training...
Preparing data for testing...
Parameters:
	Num epochs: 60
	Initial learning rate: 0.001
	Patience: 12
	Window size: 60
	Timeseries splits: 3
	Minimum number of timeseries datapoints: 64
Gradient boosting params: 
	{"max_depth": 3, "learning_rate": 0.05, "n_estimators": 100, "objective": "binary:logistic", "eval_metric": "logloss"}
	Creating sequence for 'ecomi'... Training group 0, split 1
	Y Train Labels:(array([1.], dtype=float32), array([76]))
	Y Val Labels:(array([1.], dtype=float32), array([74]))
Training group 0, split 2
	Y Train Labels:(array([1.], dtype=float32), array([150]))
	Y Val Labels:(array([1.], dtype=float32), array([74]))
Training group 0, split 3
	Early stopping at epoch 13
	Y Train Labels:(array([1.], dtype=float32), array([224]))
	Y Val Labels:(array([0., 1.], dtype=float32), array([24, 50]))
Done.
	Creating sequence for 'mysterium'... Training group 1, split 1
	Y Train Labels:(array([1.], dtype=float32), array([583]))
	Y Val Labels:(array([1.], dtype=float32), array([583]))
Training group 1, split 2
	Y Train Labels:(array([1.], dtype=float32), array([1166]))
	Y Val Labels:(array([1.], dtype=float32), array([583]))
Training group 1, split 3
	Y Train Labels:(array([1.], dtype=float32), array([1749]))
	Y Val Labels:(array([1.], dtype=float32), array([583]))
Done.
	Creating sequence for 'green-satoshi-token'... Training group 2, split 1
	Early stopping at epoch 13
	Y Train Labels:(array([1.], dtype=float32), array([192]))
	Y Val Labels:(array([0., 1.], dtype=float32), array([94, 96]))
Training group 2, split 2
	Early stopping at epoch 30
	Y Train Labels:(array([0., 1.], dtype=float32), array([ 94, 288]))
	Y Val Labels:(array([0.], dtype=float32), array([190]))
Training group 2, split 3
	Early stopping at epoch 31
	Y Train Labels:(array([0., 1.], dtype=float32), array([284, 288]))
	Y Val Labels:(array([0.], dtype=float32), array([190]))
Done.
	Creating sequence for 'smardex'... 00
Done.
	Creating sequence for 'prosper'... Training group 4, split 1
	Early stopping at epoch 13
	Y Train Labels:(array([1.], dtype=float32), array([299]))
	Y Val Labels:(array([0., 1.], dtype=float32), array([244,  55]))
Training group 4, split 2
	Early stopping at epoch 41
	Y Train Labels:(array([0., 1.], dtype=float32), array([244, 354]))
	Y Val Labels:(array([0.], dtype=float32), array([299]))
Training group 4, split 3
	Early stopping at epoch 23
	Y Train Labels:(array([0., 1.], dtype=float32), array([543, 354]))
	Y Val Labels:(array([0.], dtype=float32), array([299]))
Done.
	Creating sequence for 'aston-martin-cognizant-fan-token'... Training group 5, split 1
	Y Train Labels:(array([0.], dtype=float32), array([279]))
	Y Val Labels:(array([0.], dtype=float32), array([279]))
Training group 5, split 2
	Y Train Labels:(array([0.], dtype=float32), array([558]))
	Y Val Labels:(array([0.], dtype=float32), array([279]))
Training group 5, split 3
	Y Train Labels:(array([0.], dtype=float32), array([837]))
	Y Val Labels:(array([0.], dtype=float32), array([279]))
Done.
	Creating sequence for 'bitmart-token'... Training group 6, split 1
	Y Train Labels:(array([1.], dtype=float32), array([541]))
	Y Val Labels:(array([1.], dtype=float32), array([541]))
Training group 6, split 2
	Y Train Labels:(array([1.], dtype=float32), array([1082]))
	Y Val Labels:(array([1.], dtype=float32), array([541]))
Training group 6, split 3
