


--------------------------------------------------
Starting lstm.py at '2024-10-26 22:57:50.113847'.
Reading '../classifiedDAOs.json'... Done.
Total training Data: 1578
DAOs trained so far:343
Size of training set: 761
Size of test set: 474
Preparing data for training...
Preparing data for testing...
Parameters:
	Num epochs: 60
	Initial learning rate: 0.001
	Patience: 12
	Window size: 60
	Timeseries splits: 3
	Minimum number of timeseries datapoints: 64
Gradient boosting params: 
	{"max_depth": 3, "learning_rate": 0.05, "n_estimators": 100, "objective": "binary:logistic", "eval_metric": "logloss"}
	Creating sequence for 'linqai'... Training group 0, split 1
	Early stopping at epoch 13
	Y Train Labels:(array([0.], dtype=float32), array([31]))
	Y Val Labels:(array([0.], dtype=float32), array([30]))
Training group 0, split 2
	Early stopping at epoch 13
	Y Train Labels:(array([0.], dtype=float32), array([61]))
	Y Val Labels:(array([0.], dtype=float32), array([30]))
Training group 0, split 3
	Early stopping at epoch 13
	Y Train Labels:(array([0.], dtype=float32), array([91]))
	Y Val Labels:(array([0.], dtype=float32), array([30]))
Done.
	Creating sequence for 'exmo-coin'... Training group 1, split 1
	Early stopping at epoch 13
	Y Train Labels:(array([1.], dtype=float32), array([424]))
	Y Val Labels:(array([1.], dtype=float32), array([424]))
Training group 1, split 2
	Early stopping at epoch 13
	Y Train Labels:(array([1.], dtype=float32), array([848]))
	Y Val Labels:(array([0., 1.], dtype=float32), array([  3, 421]))
Training group 1, split 3
	Early stopping at epoch 13
	Y Train Labels:(array([0., 1.], dtype=float32), array([   3, 1269]))
	Y Val Labels:(array([0.], dtype=float32), array([424]))
Done.
	Creating sequence for 'monacoin'... Training group 2, split 1
	Early stopping at epoch 13
	Y Train Labels:(array([1.], dtype=float32), array([938]))
	Y Val Labels:(array([1.], dtype=float32), array([938]))
Training group 2, split 2
	Early stopping at epoch 13
	Y Train Labels:(array([1.], dtype=float32), array([1876]))
	Y Val Labels:(array([0., 1.], dtype=float32), array([317, 621]))
Training group 2, split 3
