


--------------------------------------------------
Starting lstm.py at '2024-10-27 01:56:45.367609'.
Reading '../classifiedDAOs.json'... Done.
Total training Data: 1578
DAOs trained so far:1065
Size of training set: 39
Size of test set: 474
Preparing data for training...
Preparing data for testing...
Parameters:
	Num epochs: 60
	Initial learning rate: 0.001
	Patience: 12
	Window size: 60
	Timeseries splits: 3
	Minimum number of timeseries datapoints: 64
Gradient boosting params: 
	{"max_depth": 3, "learning_rate": 0.05, "n_estimators": 100, "objective": "binary:logistic", "eval_metric": "logloss"}
	Creating sequence for 'dash'... Training group 0, split 1
	Y Train Labels:(array([1.], dtype=float32), array([560]))
	Y Val Labels:(array([1.], dtype=float32), array([560]))
Training group 0, split 2
	Y Train Labels:(array([1.], dtype=float32), array([1120]))
	Y Val Labels:(array([1.], dtype=float32), array([560]))
Training group 0, split 3
	Y Train Labels:(array([1.], dtype=float32), array([1680]))
	Y Val Labels:(array([1.], dtype=float32), array([560]))
Done.
	Creating sequence for 'zeebu'... Training group 1, split 1
	Y Train Labels:(array([1.], dtype=float32), array([89]))
	Y Val Labels:(array([1.], dtype=float32), array([88]))
Training group 1, split 2
	Y Train Labels:(array([1.], dtype=float32), array([177]))
	Y Val Labels:(array([1.], dtype=float32), array([88]))
Training group 1, split 3
	Y Train Labels:(array([1.], dtype=float32), array([265]))
	Y Val Labels:(array([1.], dtype=float32), array([88]))
Done.
	Creating sequence for 'orion-protocol'... Training group 2, split 1
	Y Train Labels:(array([1.], dtype=float32), array([350]))
	Y Val Labels:(array([1.], dtype=float32), array([347]))
Training group 2, split 2
	Y Train Labels:(array([1.], dtype=float32), array([697]))
	Y Val Labels:(array([1.], dtype=float32), array([347]))
Training group 2, split 3
	Y Train Labels:(array([1.], dtype=float32), array([1044]))
	Y Val Labels:(array([1.], dtype=float32), array([347]))
Done.
	Creating sequence for 'aave-susd'... Skipped.
	Creating sequence for 'nft-art-finance'... Training group 3, split 1
	Y Train Labels:(array([0.], dtype=float32), array([300]))
	Y Val Labels:(array([0.], dtype=float32), array([298]))
Training group 3, split 2
	Y Train Labels:(array([0.], dtype=float32), array([598]))
	Y Val Labels:(array([0.], dtype=float32), array([298]))
Training group 3, split 3
	Y Train Labels:(array([0.], dtype=float32), array([896]))
	Y Val Labels:(array([0.], dtype=float32), array([298]))
Done.
	Creating sequence for 'trinity-network-credit'... Training group 4, split 1
	Early stopping at epoch 43
	Y Train Labels:(array([1.], dtype=float32), array([583]))
	Y Val Labels:(array([0., 1.], dtype=float32), array([578,   5]))
Training group 4, split 2
