


--------------------------------------------------
Starting lstm.py at '2024-10-11 13:36:02.654000'.
Reading './isDaoActiveData(4).json'... Done.
Total training Data: 379
Size of training set: 265
Size of test set: 114
Preparing data for training...
	Creating sequence for 'chiliz'... Done.
	Creating sequence for 'alphabet-erc404'... Done.
	Creating sequence for 'across-protocol'... Done.
	Creating sequence for 'clore-ai'... Done.
	Creating sequence for 'alchemist'... Done.
	Creating sequence for 'cnns'... Done.
	Creating sequence for 'bnktothefuture'... Done.
	Creating sequence for 'cornucopias'... Done.
	Creating sequence for 'aave-busd'... Skipped.
	Creating sequence for 'base-protocol'... Done.
	Creating sequence for 'algorand'... Done.
	Creating sequence for '0x0-ai-ai-smart-contract'... Done.
	Creating sequence for 'bytom'... Done.
	Creating sequence for 'as-roma-fan-token'... Done.
	Creating sequence for 'cajutel'... Done.
	Creating sequence for 'chainbing'... Done.
	Creating sequence for 'calcium'... Done.
	Creating sequence for 'belt'... Done.
	Creating sequence for 'baasid'... Done.
	Creating sequence for 'cobak-token'... Done.
	Creating sequence for 'agatech'... Done.
	Creating sequence for 'clearpool'... Done.
	Creating sequence for 'bridge-mutual'... Done.
	Creating sequence for 'bitget-wallet-token'... Done.
	Creating sequence for 'chainx'... Done.
	Creating sequence for 'anyswap'... Done.
	Creating sequence for 'botto'... Done.
	Creating sequence for 'bitcoin'... Done.
	Creating sequence for 'centrifuge'... Done.
	Creating sequence for 'basis-cash'... Done.
	Creating sequence for 'bolt'... Done.
	Creating sequence for 'creo-engine'... Done.
	Creating sequence for 'band-protocol'... Done.
	Creating sequence for 'celestia'... Done.
	Creating sequence for 'antimatter'... Done.
	Creating sequence for 'bistroo'... Done.
	Creating sequence for 'aipad'... Done.
	Creating sequence for 'bidao'... Done.
	Creating sequence for 'bitmart-token'... Done.
	Creating sequence for 'blocknet'... Done.
	Creating sequence for 'aviator'... Done.
	Creating sequence for 'ark'... Done.
	Creating sequence for 'bifrost'... Done.
	Creating sequence for 'assemble-protocol'... Done.
	Creating sequence for 'aergo'... Done.
	Creating sequence for 'artrade'... Done.
	Creating sequence for 'access-protocol'... Done.
	Creating sequence for 'aurusx'... Done.
	Creating sequence for 'affyn'... Done.
	Creating sequence for 'adapad'... Done.
	Creating sequence for 'crypto-asset-governance-alliance'... Done.
	Creating sequence for 'compound-basic-attention-token'... Done.
	Creating sequence for 'aave-usdt'... Skipped.
	Creating sequence for 'apy-finance'... Done.
	Creating sequence for 'arweave'... Done.
	Creating sequence for 'ageofgods'... Done.
	Creating sequence for 'biswap'... Done.
	Creating sequence for 'dafi-protocol'... Done.
	Creating sequence for 'biconomy'... Done.
	Creating sequence for 'cumrocket'... Done.
	Creating sequence for 'beoble'... Done.
	Creating sequence for 'apm-coin'... Done.
	Creating sequence for 'bottos'... Done.
	Creating sequence for 'aave-usdc'... Skipped.
	Creating sequence for 'bullperks'... Done.
	Creating sequence for 'bittorrent'... Done.
	Creating sequence for 'aurory'... Done.
	Creating sequence for 'acala'... Done.
	Creating sequence for 'banano'... Done.
	Creating sequence for 'aston-martin-cognizant-fan-token'... Done.
	Creating sequence for 'argent'... Skipped.
	Creating sequence for 'celo-dollar'... Done.
	Creating sequence for 'blendr-network'... Done.
	Creating sequence for 'adamant-messenger'... Done.
	Creating sequence for 'compound-ether'... Done.
	Creating sequence for 'cloudbric'... Done.
	Creating sequence for 'achain'... Done.
	Creating sequence for 'ben-the-dog'... Done.
	Creating sequence for 'arkham'... Done.
	Creating sequence for 'cellframe'... Done.
	Creating sequence for 'basic-attention-token'... Done.
	Creating sequence for 'connex'... Done.
	Creating sequence for 'coinsbit-token'... Done.
	Creating sequence for 'chronicle'... Done.
	Creating sequence for 'dacxi'... Done.
	Creating sequence for 'arcs'... Done.
	Creating sequence for 'billionhappiness'... Done.
	Creating sequence for 'burger-swap'... Done.
	Creating sequence for '1inch'... Done.
	Creating sequence for 'binance-usd'... Done.
	Creating sequence for 'beyond-finance'... Done.
	Creating sequence for 'binemon'... Done.
	Creating sequence for 'b20'... Done.
	Creating sequence for 'bemo-staked-ton'... Done.
	Creating sequence for 'aeron'... Done.
	Creating sequence for 'coldstack'... Done.
	Creating sequence for 'brz'... Done.
	Creating sequence for 'blockstack'... Done.
	Creating sequence for 'bamboo-defi'... Done.
	Creating sequence for 'astroswap'... Done.
	Creating sequence for 'barnbridge'... Done.
	Creating sequence for 'bitcoin-wizards'... Done.
	Creating sequence for 'commune-ai'... Done.
	Creating sequence for 'alva'... Done.
	Creating sequence for 'balpha'... Done.
	Creating sequence for 'cardano'... Done.
	Creating sequence for 'alvey-chain'... Done.
	Creating sequence for 'adreward'... Done.
	Creating sequence for 'acorn-protocol'... Done.
	Creating sequence for 'bitcoin-cash'... Done.
	Creating sequence for 'bazaars'... Done.
	Creating sequence for 'cere-network'... Done.
	Creating sequence for 'bnsd-finance'... Done.
	Creating sequence for 'bitball-treasure'... Done.
	Creating sequence for 'airight'... Done.
	Creating sequence for 'auto'... Done.
	Creating sequence for 'comtech-gold'... Done.
	Creating sequence for 'bluzelle'... Done.
	Creating sequence for 'bitkub-coin'... Done.
	Creating sequence for 'aston-villa-fan-token'... Done.
	Creating sequence for 'crash-on-base'... Done.
	Creating sequence for 'aeon'... Done.
	Creating sequence for 'alchemix'... Done.
	Creating sequence for 'bitball'... Done.
	Creating sequence for 'beefy-finance'... Done.
	Creating sequence for 'calamari-network'... Done.
	Creating sequence for 'crown-by-third-time-games'... Done.
	Creating sequence for 'apeswap-finance'... Done.
	Creating sequence for 'ait-protocol'... Done.
	Creating sequence for 'ampleforth-governance-token'... Done.
	Creating sequence for 'aion'... Done.
	Creating sequence for 'autonio'... Done.
	Creating sequence for 'airtor-protocol'... Done.
	Creating sequence for 'acquire-fi'... Done.
	Creating sequence for 'aptos'... Done.
	Creating sequence for 'cyberfi'... Done.
	Creating sequence for 'carvertical'... Done.
	Creating sequence for 'captain-tsubasa'... Done.
	Creating sequence for 'bitcoin-diamond'... Done.
	Creating sequence for 'bitcoin-gold'... Done.
	Creating sequence for 'cotrader'... Done.
	Creating sequence for 'coin98'... Done.
	Creating sequence for 'convex-finance'... Done.
	Creating sequence for 'alpine-f1-team-fan-token'... Done.
	Creating sequence for 'ampleforth'... Done.
	Creating sequence for 'airswap'... Done.
	Creating sequence for 'aerodrome-finance'... Done.
	Creating sequence for 'blackcardcoin'... Done.
	Creating sequence for 'ambo'... Skipped.
	Creating sequence for 'bepro-network'... Done.
	Creating sequence for 'azuki'... Done.
	Creating sequence for 'aioz-network'... Done.
	Creating sequence for 'astar'... Done.
	Creating sequence for 'augur'... Done.
	Creating sequence for 'adshares'... Done.
	Creating sequence for 'ceres'... Done.
	Creating sequence for 'constitutiondao'... Done.
	Creating sequence for 'aragon'... Done.
	Creating sequence for 'areon-network'... Done.
	Creating sequence for 'ai-analysis-token'... Done.
	Creating sequence for 'armor'... Done.
	Creating sequence for 'bitshares'... Done.
	Creating sequence for 'cryptozoon'... Done.
	Creating sequence for 'bitdao'... Done.
	Creating sequence for 'convergence'... Done.
	Creating sequence for 'contentos'... Done.
	Creating sequence for 'alitas'... Done.
	Creating sequence for 'akita-inu'... Done.
	Creating sequence for 'aeternity'... Done.
	Creating sequence for 'brainlet'... Skipped.
	Creating sequence for 'bread'... Done.
	Creating sequence for 'contentbox'... Done.
	Creating sequence for 'bad-idea-ai'... Done.
	Creating sequence for 'crypto-ai-robo'... Done.
	Creating sequence for 'blind-boxes'... Done.
	Creating sequence for 'beam'... Done.
	Creating sequence for 'alien-worlds'... Done.
	Creating sequence for 'banana-gun'... Done.
	Creating sequence for 'aave-mana'... Skipped.
	Creating sequence for 'amino'... Done.
	Creating sequence for 'cashaa'... Done.
	Creating sequence for 'catcoin'... Done.
	Creating sequence for 'birake'... Done.
	Creating sequence for 'altered-state-token'... Done.
	Creating sequence for 'bonfida'... Done.
	Creating sequence for 'bakerytoken'... Done.
	Creating sequence for 'aave-link'... Skipped.
	Creating sequence for 'credefi'... Done.
	Creating sequence for 'bella-protocol'... Done.
	Creating sequence for 'ardor'... Done.
	Creating sequence for 'acknoledger'... Done.
	Creating sequence for 'cryptogpt'... Done.
	Creating sequence for 'civic'... Done.
	Creating sequence for 'bifi'... Done.
	Creating sequence for 'axelar'... Done.
	Creating sequence for 'amepay'... Done.
	Creating sequence for 'clube-atletico-mineiro-fan-token'... Done.
	Creating sequence for 'cyclone-protocol'... Done.
	Creating sequence for 'apenft'... Done.
	Creating sequence for 'celo'... Done.
	Creating sequence for 'coinweb'... Done.
	Creating sequence for 'concordium'... Done.
	Creating sequence for 'chex-token'... Done.
	Creating sequence for 'coinex-token'... Done.
	Creating sequence for 'appcoins'... Done.
	Creating sequence for 'boba-network'... Done.
	Creating sequence for 'arcona'... Done.
	Creating sequence for 'azuro-protocol'... Done.
	Creating sequence for 'aave-tusd'... Skipped.
	Creating sequence for 'babb'... Done.
	Creating sequence for 'cult-dao'... Done.
	Creating sequence for 'avail'... Skipped.
	Creating sequence for 'amond'... Done.
	Creating sequence for 'akash-network'... Done.
	Creating sequence for 'bitcicoin'... Done.
	Creating sequence for 'aave-knc'... Skipped.
	Creating sequence for '0x'... Done.
	Creating sequence for 'billy'... Done.
	Creating sequence for 'bbs-network'... Done.
	Creating sequence for 'atlas-navi'... Done.
	Creating sequence for 'api3'... Done.
	Creating sequence for 'andy-on-sol'... Done.
	Creating sequence for 'credits'... Done.
	Creating sequence for '5ire'... Done.
	Creating sequence for 'aethir'... Done.
	Creating sequence for 'axie-infinity'... Done.
	Creating sequence for 'compound-uniswap'... Done.
	Creating sequence for 'beta-finance'... Done.
	Creating sequence for 'blockasset'... Done.
	Creating sequence for 'art-de-finance'... Done.
	Creating sequence for '3space-art'... Done.
	Creating sequence for 'carry'... Done.
	Creating sequence for 'amber'... Done.
	Creating sequence for 'alephium'... Done.
	Creating sequence for 'bibox-token'... Done.
	Creating sequence for 'boson-protocol'... Done.
	Creating sequence for 'arcblock'... Done.
	Creating sequence for 'circuits-of-value'... Done.
	Creating sequence for 'book-of-meme'... Done.
	Creating sequence for 'aventus'... Done.
	Creating sequence for 'adappter-token'... Done.
	Creating sequence for '404aliens'... Done.
	Creating sequence for 'cratos'... Done.
	Creating sequence for 'cartesi'... Done.
	Creating sequence for 'choise'... Done.
	Creating sequence for 'amaterasu-omikami'... Done.
	Creating sequence for 'adventure-gold'... Done.
	Creating sequence for 'celer-network'... Done.
	Creating sequence for 'bitpanda-ecosystem-token'... Done.
	Creating sequence for 'celo-euro'... Done.
	Creating sequence for 'bomb'... Done.
	Creating sequence for 'cosmos'... Done.
	Creating sequence for 'cudos'... Done.
	Creating sequence for 'bora'... Done.
	Creating sequence for 'altlayer'... Done.
	Creating sequence for 'aave-dai'... Skipped.
	Creating sequence for 'aimalls'... Done.
	Creating sequence for 'bitrock'... Done.
	Creating sequence for 'acute-angle-cloud'... Done.
	Creating sequence for 'blocery'... Done.
	Creating sequence for 'beamswap'... Done.
	Creating sequence for 'alkimi'... Done.
	Creating sequence for 'attila'... Done.
	Creating sequence for 'brickken'... Done.
	Creating sequence for 'alethea-artificial-liquid-intelligence-token'... Done.
Preparing data for testing...
	Creating sequence for 'cetus-protocol'... Done.
	Creating sequence for 'aave-snx'... Skipped.
	Creating sequence for 'axel'... Done.
	Creating sequence for 'bao-finance'... Done.
	Creating sequence for 'babyswap'... Done.
	Creating sequence for 'blockchain-monster-hunt'... Done.
	Creating sequence for 'conun'... Done.
	Creating sequence for 'brn-metaverse'... Done.
	Creating sequence for 'berry-data'... Done.
	Creating sequence for 'aave-bat'... Skipped.
	Creating sequence for 'ankr'... Done.
	Creating sequence for 'bondly'... Done.
	Creating sequence for 'cryptofranc'... Done.
	Creating sequence for 'crowns'... Done.
	Creating sequence for 'bosagora'... Done.
	Creating sequence for 'bobo-coin'... Done.
	Creating sequence for 'coinfi'... Done.
	Creating sequence for 'crvusd'... Done.
	Creating sequence for '88mph'... Done.
	Creating sequence for '0chain'... Done.
	Creating sequence for 'autonolas'... Done.
	Creating sequence for 'byte'... Done.
	Creating sequence for 'corite'... Done.
	Creating sequence for 'breederdao'... Done.
	Creating sequence for 'coti'... Done.
	Creating sequence for 'blockv'... Done.
	Creating sequence for 'aurora-near'... Done.
	Creating sequence for 'audius'... Done.
	Creating sequence for 'cropbytes'... Done.
	Creating sequence for 'cheems'... Done.
	Creating sequence for 'conceal'... Done.
	Creating sequence for 'ariva'... Done.
	Creating sequence for 'blockchain-certified-data-token'... Done.
	Creating sequence for 'auctus'... Done.
	Creating sequence for 'bitcoin-atom'... Done.
	Creating sequence for 'aave-mkr'... Skipped.
	Creating sequence for 'alchemy-pay'... Done.
	Creating sequence for 'befe'... Done.
	Creating sequence for 'archloot'... Done.
	Creating sequence for 'aelf'... Done.
	Creating sequence for 'arsenal-fan-token'... Done.
	Creating sequence for 'cookie'... Done.
	Creating sequence for 'counterparty'... Done.
	Creating sequence for 'binamon'... Done.
	Creating sequence for 'blast'... Done.
	Creating sequence for 'coinpoker'... Done.
	Creating sequence for 'cvault-finance'... Done.
	Creating sequence for 'alpaca-finance'... Done.
	Creating sequence for 'aigentx'... Done.
	Creating sequence for 'bouncebit'... Done.
	Creating sequence for 'balancer'... Done.
	Creating sequence for 'cindicator'... Done.
	Creating sequence for 'altava'... Done.
	Creating sequence for 'clintex-cti'... Done.
	Creating sequence for 'anchor-protocol'... Done.
	Creating sequence for 'aave'... 