


--------------------------------------------------
Starting lstm.py at '2024-10-25 12:30:36.438283'.
Reading './balancedDataset.json'... Done.
Total training Data: 1030
DAOs trained so far:612
Size of training set: 109
Size of test set: 309
Preparing data for training...
Preparing data for testing...
Parameters:
	Num epochs: 60
	Initial learning rate: 0.001
	Patience: 12
	Window size: 60
	Timeseries splits: 3
	Minimum number of timeseries datapoints: 64
Gradient boosting params: 
	{"max_depth": 3, "learning_rate": 0.05, "n_estimators": 100, "objective": "binary:logistic", "eval_metric": "logloss"}
	Creating sequence for 'appcoins'... Training group 0, split 1
	Y Train Labels:(array([1.], dtype=float32), array([576]))
	Y Val Labels:(array([1.], dtype=float32), array([576]))
Training group 0, split 2
	Early stopping at epoch 13
	Y Train Labels:(array([1.], dtype=float32), array([1152]))
	Y Val Labels:(array([0., 1.], dtype=float32), array([347, 229]))
Training group 0, split 3
	Y Train Labels:(array([0., 1.], dtype=float32), array([ 347, 1381]))
	Y Val Labels:(array([0.], dtype=float32), array([576]))
Done.
	Creating sequence for 'masq'... Training group 1, split 1
	Y Train Labels:(array([1.], dtype=float32), array([320]))
	Y Val Labels:(array([1.], dtype=float32), array([317]))
Training group 1, split 2
	Y Train Labels:(array([1.], dtype=float32), array([637]))
	Y Val Labels:(array([1.], dtype=float32), array([317]))
Training group 1, split 3
	Y Train Labels:(array([1.], dtype=float32), array([954]))
	Y Val Labels:(array([1.], dtype=float32), array([317]))
Done.
	Creating sequence for 'rotharium'... Training group 2, split 1
	Y Train Labels:(array([1.], dtype=float32), array([68]))
	Y Val Labels:(array([1.], dtype=float32), array([68]))
Training group 2, split 2
	Y Train Labels:(array([1.], dtype=float32), array([136]))
	Y Val Labels:(array([1.], dtype=float32), array([68]))
Training group 2, split 3
	Y Train Labels:(array([1.], dtype=float32), array([204]))
	Y Val Labels:(array([1.], dtype=float32), array([68]))
Done.
	Creating sequence for 'cindicator'... Training group 3, split 1
	Early stopping at epoch 43
	Y Train Labels:(array([1.], dtype=float32), array([522]))
	Y Val Labels:(array([1.], dtype=float32), array([521]))
Training group 3, split 2
	Y Train Labels:(array([1.], dtype=float32), array([1043]))
	Y Val Labels:(array([1.], dtype=float32), array([521]))
Training group 3, split 3
	Early stopping at epoch 13
	Y Train Labels:(array([1.], dtype=float32), array([1564]))
	Y Val Labels:(array([0., 1.], dtype=float32), array([ 93, 428]))
Done.
	Creating sequence for 'origin-dollar-governance'... Training group 4, split 1
	Y Train Labels:(array([1.], dtype=float32), array([180]))
	Y Val Labels:(array([1.], dtype=float32), array([178]))
Training group 4, split 2
	Y Train Labels:(array([1.], dtype=float32), array([358]))
	Y Val Labels:(array([1.], dtype=float32), array([178]))
Training group 4, split 3
	Y Train Labels:(array([1.], dtype=float32), array([536]))
	Y Val Labels:(array([1.], dtype=float32), array([178]))
Done.
	Creating sequence for 'biconomy'... Training group 5, split 1
	Y Train Labels:(array([1.], dtype=float32), array([238]))
	Y Val Labels:(array([1.], dtype=float32), array([237]))
Training group 5, split 2
	Y Train Labels:(array([1.], dtype=float32), array([475]))
	Y Val Labels:(array([1.], dtype=float32), array([237]))
Training group 5, split 3
	Y Train Labels:(array([1.], dtype=float32), array([712]))
	Y Val Labels:(array([1.], dtype=float32), array([237]))
Done.
	Creating sequence for 'govi'... Training group 6, split 1
	Y Train Labels:(array([1.], dtype=float32), array([317]))
	Y Val Labels:(array([1.], dtype=float32), array([317]))
Training group 6, split 2
	Y Train Labels:(array([1.], dtype=float32), array([634]))
	Y Val Labels:(array([1.], dtype=float32), array([317]))
Training group 6, split 3
	Early stopping at epoch 13
	Y Train Labels:(array([1.], dtype=float32), array([951]))
	Y Val Labels:(array([0., 1.], dtype=float32), array([ 67, 250]))
Done.
	Creating sequence for 'seedify-fund'... Training group 7, split 1
	Y Train Labels:(array([1.], dtype=float32), array([243]))
	Y Val Labels:(array([1.], dtype=float32), array([241]))
Training group 7, split 2
	Y Train Labels:(array([1.], dtype=float32), array([484]))
	Y Val Labels:(array([1.], dtype=float32), array([241]))
Training group 7, split 3
	Y Train Labels:(array([1.], dtype=float32), array([725]))
	Y Val Labels:(array([1.], dtype=float32), array([241]))
Done.
	Creating sequence for 'bomb'... Training group 8, split 1
	Y Train Labels:(array([1.], dtype=float32), array([465]))
	Y Val Labels:(array([1.], dtype=float32), array([462]))
Training group 8, split 2
