


--------------------------------------------------
Starting lstm.py at '2024-10-26 23:14:40.388287'.
Reading '../classifiedDAOs.json'... Done.
Total training Data: 1578
DAOs trained so far:451
Size of training set: 653
Size of test set: 474
Preparing data for training...
Preparing data for testing...
Parameters:
	Num epochs: 60
	Initial learning rate: 0.001
	Patience: 12
	Window size: 60
	Timeseries splits: 3
	Minimum number of timeseries datapoints: 64
Gradient boosting params: 
	{"max_depth": 3, "learning_rate": 0.05, "n_estimators": 100, "objective": "binary:logistic", "eval_metric": "logloss"}
	Creating sequence for 'silent-notary'... Training group 0, split 1
	Early stopping at epoch 13
	Y Train Labels:(array([1.], dtype=float32), array([483]))
	Y Val Labels:(array([1.], dtype=float32), array([482]))
Training group 0, split 2
	Early stopping at epoch 13
	Y Train Labels:(array([1.], dtype=float32), array([965]))
	Y Val Labels:(array([1.], dtype=float32), array([482]))
Training group 0, split 3
	Early stopping at epoch 13
	Y Train Labels:(array([1.], dtype=float32), array([1447]))
	Y Val Labels:(array([0., 1.], dtype=float32), array([392,  90]))
Done.
	Creating sequence for 'team-vitality-fan-token'... Training group 1, split 1
	Early stopping at epoch 13
	Y Train Labels:(array([0., 1.], dtype=float32), array([ 83, 191]))
	Y Val Labels:(array([0.], dtype=float32), array([273]))
Training group 1, split 2
	Early stopping at epoch 13
	Y Train Labels:(array([0., 1.], dtype=float32), array([356, 191]))
	Y Val Labels:(array([0.], dtype=float32), array([273]))
Training group 1, split 3
	Early stopping at epoch 13
	Y Train Labels:(array([0., 1.], dtype=float32), array([629, 191]))
	Y Val Labels:(array([0.], dtype=float32), array([273]))
Done.
	Creating sequence for 'dora-factory'... Training group 2, split 1
	Early stopping at epoch 13
	Y Train Labels:(array([1.], dtype=float32), array([171]))
	Y Val Labels:(array([1.], dtype=float32), array([168]))
Training group 2, split 2
	Early stopping at epoch 13
	Y Train Labels:(array([1.], dtype=float32), array([339]))
	Y Val Labels:(array([1.], dtype=float32), array([168]))
Training group 2, split 3
	Early stopping at epoch 13
	Y Train Labels:(array([1.], dtype=float32), array([507]))
	Y Val Labels:(array([1.], dtype=float32), array([168]))
Done.
	Creating sequence for 'roobee'... Training group 3, split 1
	Early stopping at epoch 13
	Y Train Labels:(array([1.], dtype=float32), array([426]))
	Y Val Labels:(array([1.], dtype=float32), array([423]))
Training group 3, split 2
	Early stopping at epoch 13
	Y Train Labels:(array([1.], dtype=float32), array([849]))
	Y Val Labels:(array([0., 1.], dtype=float32), array([419,   4]))
Training group 3, split 3
