


--------------------------------------------------
Starting lstm.py at '2024-10-11 18:59:36.186374'.
Reading './isDaoActiveData(4).json'... Done.
Total training Data: 379
Size of training set: 265
Size of test set: 114
Preparing data for training...
<torch.utils.data.dataloader.DataLoader object at 0x123f3b5c0>
Preparing data for testing...
Trained so far:124
Parameters:
	Num epochs: 60
	Initial learning rate: 0.001
	Patience: 12
	Window size: 60
	Timeseries splits: 3
	Minimum number of timeseries datapoints: 64
Gradient boosting params: 
	{"max_depth": 3, "learning_rate": 0.05, "n_estimators": 100, "objective": "binary:logistic", "eval_metric": "logloss"}
	Creating sequence for 'celo'... Done.
Training group 0, split 1
	Early stopping at epoch 13
	Y Train Labels:(array([1.], dtype=float32), array([384]))
	Y Val Labels:(array([1.], dtype=float32), array([381]))
Training group 0, split 2
	Early stopping at epoch 13
	Y Train Labels:(array([1.], dtype=float32), array([765]))
	Y Val Labels:(array([1.], dtype=float32), array([381]))
Training group 0, split 3
	Early stopping at epoch 13
	Y Train Labels:(array([1.], dtype=float32), array([1146]))
	Y Val Labels:(array([1.], dtype=float32), array([381]))
	Creating sequence for 'amber'... Done.
Training group 1, split 1
	Early stopping at epoch 13
	Y Train Labels:(array([1.], dtype=float32), array([610]))
	Y Val Labels:(array([1.], dtype=float32), array([607]))
Training group 1, split 2
	Early stopping at epoch 13
	Y Train Labels:(array([1.], dtype=float32), array([1217]))
	Y Val Labels:(array([0., 1.], dtype=float32), array([590,  17]))
Training group 1, split 3
	Early stopping at epoch 13
	Y Train Labels:(array([0., 1.], dtype=float32), array([ 590, 1234]))
	Y Val Labels:(array([0.], dtype=float32), array([607]))
	Creating sequence for 'cortex'... Done.
Training group 2, split 1
	Early stopping at epoch 13
	Y Train Labels:(array([1.], dtype=float32), array([575]))
	Y Val Labels:(array([1.], dtype=float32), array([573]))
Training group 2, split 2
	Early stopping at epoch 13
	Y Train Labels:(array([1.], dtype=float32), array([1148]))
	Y Val Labels:(array([1.], dtype=float32), array([573]))
Training group 2, split 3
	Early stopping at epoch 13
	Y Train Labels:(array([1.], dtype=float32), array([1721]))
	Y Val Labels:(array([1.], dtype=float32), array([573]))
	Creating sequence for 'acute-angle-cloud'... Done.
Training group 3, split 1
	Early stopping at epoch 13
	Y Train Labels:(array([1.], dtype=float32), array([555]))
	Y Val Labels:(array([0., 1.], dtype=float32), array([151, 402]))
Training group 3, split 2
	Early stopping at epoch 13
	Y Train Labels:(array([0., 1.], dtype=float32), array([151, 957]))
	Y Val Labels:(array([0.], dtype=float32), array([553]))
Training group 3, split 3
	Early stopping at epoch 13
	Y Train Labels:(array([0., 1.], dtype=float32), array([704, 957]))
	Y Val Labels:(array([0.], dtype=float32), array([553]))
	Creating sequence for 'appcoins'... Done.
Training group 4, split 1
	Early stopping at epoch 13
	Y Train Labels:(array([1.], dtype=float32), array([595]))
	Y Val Labels:(array([1.], dtype=float32), array([594]))
Training group 4, split 2
	Early stopping at epoch 13
	Y Train Labels:(array([1.], dtype=float32), array([1189]))
	Y Val Labels:(array([0., 1.], dtype=float32), array([402, 192]))
Training group 4, split 3
	Early stopping at epoch 13
	Y Train Labels:(array([0., 1.], dtype=float32), array([ 402, 1381]))
	Y Val Labels:(array([0.], dtype=float32), array([594]))
	Creating sequence for 'bondly'... Done.
Training group 5, split 1
	Early stopping at epoch 13
	Y Train Labels:(array([1.], dtype=float32), array([324]))
	Y Val Labels:(array([0., 1.], dtype=float32), array([ 45, 277]))
Training group 5, split 2
	Early stopping at epoch 13
	Y Train Labels:(array([0., 1.], dtype=float32), array([ 45, 601]))
	Y Val Labels:(array([0.], dtype=float32), array([322]))
Training group 5, split 3
	Early stopping at epoch 13
	Y Train Labels:(array([0., 1.], dtype=float32), array([367, 601]))
	Y Val Labels:(array([0.], dtype=float32), array([322]))
	Creating sequence for 'bancor'... Done.
Training group 6, split 1
	Early stopping at epoch 13
	Y Train Labels:(array([1.], dtype=float32), array([648]))
	Y Val Labels:(array([1.], dtype=float32), array([648]))
Training group 6, split 2
	Early stopping at epoch 13
	Y Train Labels:(array([1.], dtype=float32), array([1296]))
	Y Val Labels:(array([1.], dtype=float32), array([648]))
Training group 6, split 3
	Early stopping at epoch 13
	Y Train Labels:(array([1.], dtype=float32), array([1944]))
	Y Val Labels:(array([1.], dtype=float32), array([648]))
	Creating sequence for 'biswap'... Done.
Training group 7, split 1
	Early stopping at epoch 13
	Y Train Labels:(array([1.], dtype=float32), array([281]))
	Y Val Labels:(array([0., 1.], dtype=float32), array([ 19, 261]))
Training group 7, split 2
	Early stopping at epoch 13
	Y Train Labels:(array([0., 1.], dtype=float32), array([ 19, 542]))
	Y Val Labels:(array([0.], dtype=float32), array([280]))
Training group 7, split 3
	Early stopping at epoch 13
	Y Train Labels:(array([0., 1.], dtype=float32), array([299, 542]))
	Y Val Labels:(array([0.], dtype=float32), array([280]))
	Creating sequence for 'celer-network'... Done.
Training group 8, split 1
	Early stopping at epoch 13
	Y Train Labels:(array([1.], dtype=float32), array([490]))
	Y Val Labels:(array([1.], dtype=float32), array([487]))
Training group 8, split 2
	Early stopping at epoch 13
	Y Train Labels:(array([1.], dtype=float32), array([977]))
	Y Val Labels:(array([1.], dtype=float32), array([487]))
Training group 8, split 3
	Early stopping at epoch 13
	Y Train Labels:(array([1.], dtype=float32), array([1464]))
	Y Val Labels:(array([0., 1.], dtype=float32), array([100, 387]))
	Creating sequence for 'blocknet'... Done.
Training group 9, split 1
	Early stopping at epoch 13
	Y Train Labels:(array([1.], dtype=float32), array([886]))
	Y Val Labels:(array([1.], dtype=float32), array([885]))
Training group 9, split 2
	Early stopping at epoch 13
	Y Train Labels:(array([1.], dtype=float32), array([1771]))
	Y Val Labels:(array([1.], dtype=float32), array([885]))
Training group 9, split 3
