


--------------------------------------------------
Starting lstm.py at '2024-10-24 15:55:56.393881'.
Reading './balancedDataset.json'... Done.
Total training Data: 1030
DAOs trained so far:166
Size of training set: 555
Size of test set: 309
Preparing data for training...
Preparing data for testing...
Parameters:
	Num epochs: 60
	Initial learning rate: 0.001
	Patience: 12
	Window size: 60
	Timeseries splits: 3
	Minimum number of timeseries datapoints: 64
Gradient boosting params: 
	{"max_depth": 3, "learning_rate": 0.05, "n_estimators": 100, "objective": "binary:logistic", "eval_metric": "logloss"}
	Creating sequence for 'coti'... Training group 0, split 1
	Y Train Labels:(array([1.], dtype=float32), array([460]))
	Y Val Labels:(array([1.], dtype=float32), array([458]))
Training group 0, split 2
	Y Train Labels:(array([1.], dtype=float32), array([918]))
	Y Val Labels:(array([1.], dtype=float32), array([458]))
Training group 0, split 3
	Y Train Labels:(array([1.], dtype=float32), array([1376]))
	Y Val Labels:(array([1.], dtype=float32), array([458]))
Done.
	Creating sequence for 'cryptoblades'... Training group 1, split 1
	Y Train Labels:(array([1.], dtype=float32), array([94]))
	Y Val Labels:(array([1.], dtype=float32), array([93]))
Training group 1, split 2
	Early stopping at epoch 13
	Y Train Labels:(array([1.], dtype=float32), array([187]))
	Y Val Labels:(array([0., 1.], dtype=float32), array([89,  4]))
Training group 1, split 3
	Early stopping at epoch 56
	Y Train Labels:(array([0., 1.], dtype=float32), array([ 89, 191]))
	Y Val Labels:(array([0.], dtype=float32), array([93]))
Done.
	Creating sequence for 'ethereum'... Training group 2, split 1
	Y Train Labels:(array([1.], dtype=float32), array([573]))
	Y Val Labels:(array([1.], dtype=float32), array([570]))
Training group 2, split 2
	Y Train Labels:(array([1.], dtype=float32), array([1143]))
	Y Val Labels:(array([1.], dtype=float32), array([570]))
Training group 2, split 3
	Y Train Labels:(array([1.], dtype=float32), array([1713]))
	Y Val Labels:(array([1.], dtype=float32), array([570]))
Done.
	Creating sequence for 'amond'... Training group 3, split 1
	Early stopping at epoch 13
	Y Train Labels:(array([1.], dtype=float32), array([438]))
	Y Val Labels:(array([0., 1.], dtype=float32), array([189, 248]))
Training group 3, split 2
	Early stopping at epoch 32
	Y Train Labels:(array([0., 1.], dtype=float32), array([189, 686]))
	Y Val Labels:(array([0.], dtype=float32), array([437]))
Training group 3, split 3
	Early stopping at epoch 26
	Y Train Labels:(array([0., 1.], dtype=float32), array([626, 686]))
	Y Val Labels:(array([0.], dtype=float32), array([437]))
Done.
	Creating sequence for 'deepbrain-chain'... Training group 4, split 1
	Y Train Labels:(array([1.], dtype=float32), array([564]))
	Y Val Labels:(array([1.], dtype=float32), array([564]))
Training group 4, split 2
	Y Train Labels:(array([1.], dtype=float32), array([1128]))
	Y Val Labels:(array([1.], dtype=float32), array([564]))
Training group 4, split 3
	Y Train Labels:(array([1.], dtype=float32), array([1692]))
	Y Val Labels:(array([1.], dtype=float32), array([564]))
Done.
	Creating sequence for 'celestia'... Training group 5, split 1
	Y Train Labels:(array([1.], dtype=float32), array([69]))
	Y Val Labels:(array([1.], dtype=float32), array([67]))
Training group 5, split 2
	Y Train Labels:(array([1.], dtype=float32), array([136]))
	Y Val Labels:(array([1.], dtype=float32), array([67]))
Training group 5, split 3
	Y Train Labels:(array([1.], dtype=float32), array([203]))
	Y Val Labels:(array([1.], dtype=float32), array([67]))
Done.
	Creating sequence for 'azuki'... Training group 6, split 1
	Early stopping at epoch 13
	Y Train Labels:(array([1.], dtype=float32), array([245]))
	Y Val Labels:(array([0., 1.], dtype=float32), array([ 46, 198]))
Training group 6, split 2
	Y Train Labels:(array([0., 1.], dtype=float32), array([ 46, 443]))
	Y Val Labels:(array([0.], dtype=float32), array([244]))
Training group 6, split 3
	Early stopping at epoch 21
	Y Train Labels:(array([0., 1.], dtype=float32), array([290, 443]))
	Y Val Labels:(array([0.], dtype=float32), array([244]))
Done.
	Creating sequence for 'rainicorn'... Training group 7, split 1
	Y Train Labels:(array([1.], dtype=float32), array([273]))
	Y Val Labels:(array([1.], dtype=float32), array([271]))
Training group 7, split 2
	Y Train Labels:(array([1.], dtype=float32), array([544]))
	Y Val Labels:(array([1.], dtype=float32), array([271]))
Training group 7, split 3
	Y Train Labels:(array([1.], dtype=float32), array([815]))
	Y Val Labels:(array([1.], dtype=float32), array([271]))
Done.
	Creating sequence for 'civic'... Training group 8, split 1
	Y Train Labels:(array([1.], dtype=float32), array([590]))
	Y Val Labels:(array([1.], dtype=float32), array([590]))
Training group 8, split 2
