


--------------------------------------------------
Starting lstm.py at '2024-10-16 12:58:16.536879'.
Reading './isDaoActiveData(4).json'... Done.
Total training Data: 379
DAOs trained so far:13
Size of training set: 252
Size of test set: 114
Preparing data for training...
Preparing data for testing...
Parameters:
	Num epochs: 60
	Initial learning rate: 0.001
	Patience: 12
	Window size: 60
	Timeseries splits: 3
	Minimum number of timeseries datapoints: 64
Gradient boosting params: 
	{"max_depth": 3, "learning_rate": 0.05, "n_estimators": 100, "objective": "binary:logistic", "eval_metric": "logloss"}
	Creating sequence for 'as-roma-fan-token'... Training group 0, split 1
	Early stopping at epoch 13
	Y Train Labels:(array([0., 1.], dtype=float32), array([ 93, 281]))
	Y Val Labels:(array([0.], dtype=float32), array([374]))
Training group 0, split 2
	Y Train Labels:(array([0., 1.], dtype=float32), array([467, 281]))
	Y Val Labels:(array([0.], dtype=float32), array([374]))
Training group 0, split 3
	Y Train Labels:(array([0., 1.], dtype=float32), array([841, 281]))
	Y Val Labels:(array([0.], dtype=float32), array([374]))
Done.
	Creating sequence for 'cajutel'... Training group 1, split 1
	Early stopping at epoch 49
	Y Train Labels:(array([1.], dtype=float32), array([476]))
	Y Val Labels:(array([1.], dtype=float32), array([474]))
Training group 1, split 2
	Early stopping at epoch 13
	Y Train Labels:(array([1.], dtype=float32), array([950]))
	Y Val Labels:(array([1.], dtype=float32), array([474]))
Training group 1, split 3
	Early stopping at epoch 13
	Y Train Labels:(array([1.], dtype=float32), array([1424]))
	Y Val Labels:(array([0., 1.], dtype=float32), array([206, 268]))
Done.
	Creating sequence for 'chainbing'... Training group 2, split 1
	Early stopping at epoch 39
	Y Train Labels:(array([1.], dtype=float32), array([231]))
	Y Val Labels:(array([1.], dtype=float32), array([230]))
Training group 2, split 2
	Early stopping at epoch 13
	Y Train Labels:(array([1.], dtype=float32), array([461]))
	Y Val Labels:(array([0., 1.], dtype=float32), array([192,  38]))
Training group 2, split 3
	Early stopping at epoch 23
	Y Train Labels:(array([0., 1.], dtype=float32), array([192, 499]))
	Y Val Labels:(array([0.], dtype=float32), array([230]))
Done.
	Creating sequence for 'calcium'... Training group 3, split 1
	Y Train Labels:(array([1.], dtype=float32), array([78]))
	Y Val Labels:(array([1.], dtype=float32), array([77]))
Training group 3, split 2
	Early stopping at epoch 13
	Y Train Labels:(array([1.], dtype=float32), array([155]))
	Y Val Labels:(array([0., 1.], dtype=float32), array([ 7, 70]))
Training group 3, split 3
	Early stopping at epoch 59
	Y Train Labels:(array([0., 1.], dtype=float32), array([  7, 225]))
	Y Val Labels:(array([0.], dtype=float32), array([77]))
Done.
	Creating sequence for 'belt'... Training group 4, split 1
	Y Train Labels:(array([0., 1.], dtype=float32), array([121,  29]))
	Y Val Labels:(array([0.], dtype=float32), array([150]))
Training group 4, split 2
	Y Train Labels:(array([0., 1.], dtype=float32), array([271,  29]))
	Y Val Labels:(array([0.], dtype=float32), array([150]))
Training group 4, split 3
	Y Train Labels:(array([0., 1.], dtype=float32), array([421,  29]))
	Y Val Labels:(array([0.], dtype=float32), array([150]))
Done.
	Creating sequence for 'baasid'... Training group 5, split 1
	Y Train Labels:(array([1.], dtype=float32), array([482]))
	Y Val Labels:(array([1.], dtype=float32), array([480]))
Training group 5, split 2
	Y Train Labels:(array([1.], dtype=float32), array([962]))
	Y Val Labels:(array([1.], dtype=float32), array([480]))
Training group 5, split 3
	Early stopping at epoch 13
	Y Train Labels:(array([1.], dtype=float32), array([1442]))
	Y Val Labels:(array([0., 1.], dtype=float32), array([297, 183]))
Done.
	Creating sequence for 'cobak-token'... Training group 6, split 1
	Y Train Labels:(array([1.], dtype=float32), array([225]))
	Y Val Labels:(array([1.], dtype=float32), array([223]))
Training group 6, split 2
	Y Train Labels:(array([1.], dtype=float32), array([448]))
	Y Val Labels:(array([1.], dtype=float32), array([223]))
Training group 6, split 3
	Y Train Labels:(array([1.], dtype=float32), array([671]))
	Y Val Labels:(array([1.], dtype=float32), array([223]))
Done.
	Creating sequence for 'agatech'... Training group 7, split 1
	Early stopping at epoch 54
	Y Train Labels:(array([0., 1.], dtype=float32), array([ 2, 59]))
	Y Val Labels:(array([0.], dtype=float32), array([58]))
Training group 7, split 2
	Early stopping at epoch 24
	Y Train Labels:(array([0., 1.], dtype=float32), array([60, 59]))
	Y Val Labels:(array([0.], dtype=float32), array([58]))
Training group 7, split 3
	Early stopping at epoch 31
	Y Train Labels:(array([0., 1.], dtype=float32), array([118,  59]))
	Y Val Labels:(array([0.], dtype=float32), array([58]))
Done.
	Creating sequence for 'clearpool'... Training group 8, split 1
	Y Train Labels:(array([1.], dtype=float32), array([252]))
	Y Val Labels:(array([1.], dtype=float32), array([250]))
Training group 8, split 2
	Y Train Labels:(array([1.], dtype=float32), array([502]))
	Y Val Labels:(array([1.], dtype=float32), array([250]))
Training group 8, split 3
	Early stopping at epoch 13
	Y Train Labels:(array([1.], dtype=float32), array([752]))
	Y Val Labels:(array([0., 1.], dtype=float32), array([ 58, 192]))
Done.
	Creating sequence for 'bridge-mutual'... Training group 9, split 1
	Early stopping at epoch 13
	Y Train Labels:(array([1.], dtype=float32), array([227]))
	Y Val Labels:(array([0., 1.], dtype=float32), array([ 22, 204]))
Training group 9, split 2
	Early stopping at epoch 55
	Y Train Labels:(array([0., 1.], dtype=float32), array([ 22, 431]))
	Y Val Labels:(array([0.], dtype=float32), array([226]))
Training group 9, split 3
	Y Train Labels:(array([0., 1.], dtype=float32), array([248, 431]))
	Y Val Labels:(array([0.], dtype=float32), array([226]))
Done.
	Creating sequence for 'bitget-wallet-token'... Training group 10, split 1
	Y Train Labels:(array([0.], dtype=float32), array([15]))
	Y Val Labels:(array([0.], dtype=float32), array([12]))
Training group 10, split 2
	Y Train Labels:(array([0.], dtype=float32), array([27]))
	Y Val Labels:(array([0.], dtype=float32), array([12]))
Training group 10, split 3
	Y Train Labels:(array([0.], dtype=float32), array([39]))
	Y Val Labels:(array([0.], dtype=float32), array([12]))
Done.
	Creating sequence for 'chainx'... Training group 11, split 1
	Y Train Labels:(array([1.], dtype=float32), array([445]))
	Y Val Labels:(array([1.], dtype=float32), array([444]))
Training group 11, split 2
