


--------------------------------------------------
Starting lstm.py at '2024-10-11 23:59:48.345089'.
Reading './isDaoActiveData(4).json'... Done.
Total training Data: 379
Preparing data for training...
<torch.utils.data.dataloader.DataLoader object at 0x13452bb60>
Preparing data for testing...
Trained so far:0
Parameters:
	Num epochs: 60
	Initial learning rate: 0.001
	Patience: 12
	Window size: 60
	Timeseries splits: 3
	Minimum number of timeseries datapoints: 64
Gradient boosting params: 
	{"max_depth": 3, "learning_rate": 0.05, "n_estimators": 100, "objective": "binary:logistic", "eval_metric": "logloss"}
	Creating sequence for 'bittorrent'... [[[ 8.58206618e-04  0.00000000e+00  5.40000000e+02]
  [ 9.97078795e-04  0.00000000e+00  5.12000000e+02]
  [ 9.53903598e-04  0.00000000e+00  4.72000000e+02]
  ...
  [ 7.96949983e-04  0.00000000e+00  9.90000000e+01]
  [ 7.69154462e-04  0.00000000e+00  1.12000000e+02]
  [ 7.62341494e-04  0.00000000e+00  4.30000000e+01]]

 [[ 9.97078795e-04  0.00000000e+00  5.12000000e+02]
  [ 9.53903598e-04  0.00000000e+00  4.72000000e+02]
  [ 9.24067262e-04  0.00000000e+00  2.68000000e+02]
  ...
  [ 7.69154462e-04  0.00000000e+00  1.12000000e+02]
  [ 7.62341494e-04  0.00000000e+00  4.30000000e+01]
  [ 7.96676287e-04  1.00000000e+00  7.90000000e+01]]

 [[ 9.53903598e-04  0.00000000e+00  4.72000000e+02]
  [ 9.24067262e-04  0.00000000e+00  2.68000000e+02]
  [ 8.73147396e-04  0.00000000e+00  3.03000000e+02]
  ...
  [ 7.62341494e-04  0.00000000e+00  4.30000000e+01]
  [ 7.96676287e-04  1.00000000e+00  7.90000000e+01]
  [ 7.86667628e-04  0.00000000e+00  1.04000000e+02]]

 ...

 [[ 1.46793934e-03  0.00000000e+00  2.01000000e+02]
  [ 4.16721716e-04  0.00000000e+00 -8.90000000e+01]
  [ 1.52915083e-03  0.00000000e+00  4.46000000e+02]
  ...
  [ 1.46377453e-03  4.00000000e+00 -1.06000000e+02]
  [ 5.51172830e-04  0.00000000e+00 -4.25000000e+02]
  [ 7.46567087e-04  2.00000000e+00  1.44000000e+02]]

 [[ 4.16721716e-04  0.00000000e+00 -8.90000000e+01]
  [ 1.52915083e-03  0.00000000e+00  4.46000000e+02]
  [ 4.88461692e-04  0.00000000e+00  3.84000000e+02]
  ...
  [ 5.51172830e-04  0.00000000e+00 -4.25000000e+02]
  [ 7.46567087e-04  2.00000000e+00  1.44000000e+02]
  [ 2.18861385e-04  0.00000000e+00  2.79000000e+02]]

 [[ 1.52915083e-03  0.00000000e+00  4.46000000e+02]
  [ 4.88461692e-04  0.00000000e+00  3.84000000e+02]
  [ 1.16405548e-03  0.00000000e+00 -1.18000000e+03]
  ...
  [ 7.46567087e-04  2.00000000e+00  1.44000000e+02]
  [ 2.18861385e-04  0.00000000e+00  2.79000000e+02]
  [ 1.43732834e-03  0.00000000e+00  1.81000000e+02]]][1 1 1 ... 1 1 1]
Done.
Training group 0, split 1
	Y Train Labels:(array([1.], dtype=float32), array([488]))
	Y Val Labels:(array([1.], dtype=float32), array([485]))
Training group 0, split 2
	Early stopping at epoch 20
	Y Train Labels:(array([1.], dtype=float32), array([973]))
	Y Val Labels:(array([1.], dtype=float32), array([485]))
Training group 0, split 3
	Early stopping at epoch 13
	Y Train Labels:(array([1.], dtype=float32), array([1458]))
	Y Val Labels:(array([1.], dtype=float32), array([485]))
	Creating sequence for 'avinoc'... [[[ 3.70509000e-02  0.00000000e+00  5.31100000e+03]
  [ 3.21116000e-02  0.00000000e+00  8.30000000e+02]
  [ 3.29888000e-02  0.00000000e+00 -2.15000000e+02]
  ...
  [ 1.60120744e-02  0.00000000e+00  3.50000000e+01]
  [ 1.22383000e-02  0.00000000e+00 -5.00000000e+01]
  [ 1.56363305e-02  0.00000000e+00  3.70000000e+01]]

 [[ 3.21116000e-02  0.00000000e+00  8.30000000e+02]
  [ 3.29888000e-02  0.00000000e+00 -2.15000000e+02]
  [ 2.84008000e-02  0.00000000e+00  5.87000000e+02]
  ...
  [ 1.22383000e-02  0.00000000e+00 -5.00000000e+01]
  [ 1.56363305e-02  0.00000000e+00  3.70000000e+01]
  [ 1.38716539e-02  0.00000000e+00 -3.90000000e+01]]

 [[ 3.29888000e-02  0.00000000e+00 -2.15000000e+02]
  [ 2.84008000e-02  0.00000000e+00  5.87000000e+02]
  [ 2.69460000e-02  0.00000000e+00  4.35000000e+02]
  ...
  [ 1.56363305e-02  0.00000000e+00  3.70000000e+01]
  [ 1.38716539e-02  0.00000000e+00 -3.90000000e+01]
  [ 1.40379863e-02  0.00000000e+00 -2.62000000e+02]]

 ...

 [[ 2.18928392e-01  0.00000000e+00  2.00000000e+00]
  [ 2.18916089e-01  0.00000000e+00  3.00000000e+00]
  [ 2.18926482e-01  0.00000000e+00 -8.00000000e+00]
  ...
  [ 2.18902053e-01  0.00000000e+00  4.00000000e+00]
  [ 2.18940040e-01  0.00000000e+00  4.00000000e+00]
  [ 2.18936648e-01  0.00000000e+00 -5.00000000e+00]]

 [[ 2.18916089e-01  0.00000000e+00  3.00000000e+00]
  [ 2.18926482e-01  0.00000000e+00 -8.00000000e+00]
  [ 2.18901517e-01  0.00000000e+00 -1.00000000e+01]
  ...
  [ 2.18940040e-01  0.00000000e+00  4.00000000e+00]
  [ 2.18936648e-01  0.00000000e+00 -5.00000000e+00]
  [ 2.18916374e-01  0.00000000e+00  2.00000000e+00]]

 [[ 2.18926482e-01  0.00000000e+00 -8.00000000e+00]
  [ 2.18901517e-01  0.00000000e+00 -1.00000000e+01]
  [ 2.18940652e-01  0.00000000e+00  1.00000000e+00]
  ...
  [ 2.18936648e-01  0.00000000e+00 -5.00000000e+00]
  [ 2.18916374e-01  0.00000000e+00  2.00000000e+00]
  [ 2.18901449e-01  0.00000000e+00  4.00000000e+00]]][1 1 1 1 1 1 1 1 1 1 1 1 1 1 1 1 1 1 1 1 1 1 1 1 1 1 1 1 1 1 1 1 1 1 1 1 1
 1 1 1 1 1 1 1 1 1 1 1 1 1 1 1 1 1 1 1 1 1 1 1 1 1 1 1 1 1 1 1 1 1 1 1 1 1
 1 1 1 1 1 1 1 1 1 1 1 1 1 1 1 1 1 1 1 1 1 1 1 1 1 1 1 1 1 1 1 1 1 1 1 1 1
 1 1 1 1 1 1 1 1 1 1 1 1 1 1 1 1 1 1 1 1 1 1 1 1 1 1 1 1 1 1 1 1 1 1 1 1 1
 1 1 1 1 1 1 1 1 1 1 1 1 1 1 1 1 1 1 1 1 1 1 1 1 1 1 1 1 1 1 1 1 1 1 1 1 1
 1 1 1 1 1 1 1 1 1 1 1 1 1 1 1 1 1 1 1 1 1 1 1 1 1 1 1 1 1 1 1 1 1 1 1 1 1
 1 1 1 1 1 1 1 1 1 1 1 1 1 1 1 1 1 1 1 1 1 1 1 1 1 1 1 1 1 1 1 1 1 1 1 1 1
 1 1 1 1 1 1 1 1 1 1 1 1 1 1 1 1 1 1 1 1 1 1 1 1 1 1 1 1 1 1 1 1 1 1 1 1 1
 1 1 1 1 1 1 1 1 1 1 1 1 1 1 1 1 1 1 1 1 1 1 1 1 1 1 1 1 1 1 1 1 1 1 1 1 1
 1 1 1 1 1 1 1 1 1 1 1 1 1 1 1 1 1 1 1 1 1 1 1 1 1 1 1 1 1 1 1 1 1 1 1 1 1
 1 1 1 1 1 1 1 1 1 1 1 1 1 1 1 1 1 1 1 1 1 1 1 1 1 1 1 1 1 1 1 1 1 1 1 1 1
 1 1 1 1 1 1 1 1 1 1 1 1 1 1 1 1 1 1 1 1 1 1 1 1 1 1 1 1 1 1 1 1 1 1 1 1 1
 1 1 1 1 1 1 1 1 1 1 1 1 1 1 1 1 1 1 1 1 1 1 1 1 1 1 1 1 1 1 1 1 1 1 1 1 1
 1 1 1 1 1 1 1 1 1 1 1 1 1 1 1 1 1 1 1 1 1 1 1 1 1 1 1 1 1 1 1 1 1 1 1 1 1
 1 1 1 1 1 1 1 1 1 1 1 1 1 1 1 1 1 1 1 1 1 1 1 1 1 1 1 1 1 1 1 1 1 1 1 1 1
 1 1 1 1 1 1 1 1 1 1 1 1 1 1 1 1 1 1 1 1 1 1 1 1 1 1 1 1 1 1 1 1 1 1 1 1 1
 1 1 1 1 1 1 1 1 1 1 1 1 1 1 1 1 1 1 1 1 1 1 1 1 1 1 1 1 1 1 1 1 1 1 1 1 1
 1 1 1 1 1 1 1 1 1 1 1 1 1 1 1 1 1 1 1 1 1 1 1 1 1 1 1 1 1 1 1 1 1 1 1 1 1
 1 1 1 1 1 1 1 1 1 1 1 1 1 1 1 1 1 1 1 1 1 1 1 1 1 1 1 1 1 1 1 1 1 1 1 1 1
 1 1 1 1 1 1 1 1 1 1 1 1 1 1 1 1 1 1 1 1 1 1 1 1 1 1 1 1 1 1 1 1 1 1 1 1 1
 1 1 1 1 1 1 1 1 1 1 1 1 1 1 1 1 1 1 1 1 1 1 1 1 1 1 1 1 1 1 1 1 1 1 1 1 1
 1 1 1 1 1 1 1 1 1 1 1 1 1 1 1 1 1 1 1 1 1 1 1 1 1 1 1 1 1 1 1 1 1 1 1 1 1
 1 1 1 1 1 1 1 1 1 1 1 1 1 1 1 1 1 1 1]
Done.
Training group 1, split 1
	Early stopping at epoch 13
	Y Train Labels:(array([1.], dtype=float32), array([209]))
	Y Val Labels:(array([1.], dtype=float32), array([208]))
Training group 1, split 2
	Early stopping at epoch 13
	Y Train Labels:(array([1.], dtype=float32), array([417]))
	Y Val Labels:(array([1.], dtype=float32), array([208]))
Training group 1, split 3
	Early stopping at epoch 13
	Y Train Labels:(array([1.], dtype=float32), array([625]))
	Y Val Labels:(array([1.], dtype=float32), array([208]))
	Creating sequence for 'aventus'... [[[  2.11579785   0.          -3.        ]
  [  2.44266852   0.         -10.        ]
  [  2.07616513   0.         -23.        ]
  ...
  [  2.71720823   0.          -1.        ]
  [  2.85462505   0.           0.        ]
  [  2.84844606   0.          -3.        ]]

 [[  2.44266852   0.         -10.        ]
  [  2.07616513   0.         -23.        ]
  [  2.39728106   0.          -7.        ]
  ...
  [  2.85462505   0.           0.        ]
  [  2.84844606   0.          -3.        ]
  [  3.28218111   0.           7.        ]]

 [[  2.07616513   0.         -23.        ]
  [  2.39728106   0.          -7.        ]
  [  2.64157621   0.         -24.        ]
  ...
  [  2.84844606   0.          -3.        ]
  [  3.28218111   0.           7.        ]
  [  2.87015725   0.          10.        ]]

 ...

 [[  2.14004745  10.           7.        ]
  [  2.08939141   1.          -7.        ]
  [  2.08001265   0.           6.        ]
  ...
  [  2.07000097   0.          18.        ]
  [  2.12991472  45.           6.        ]
  [  2.16971327  10.          19.        ]]

 [[  2.08939141   1.          -7.        ]
  [  2.08001265   0.           6.        ]
  [  2.18000503   0.           7.        ]
  ...
  [  2.12991472  45.           6.        ]
  [  2.16971327  10.          19.        ]
  [  2.240514     0.         -18.        ]]

 [[  2.08001265   0.           6.        ]
  [  2.18000503   0.           7.        ]
  [  2.24975026   0.         -26.        ]
  ...
  [  2.16971327  10.          19.        ]
  [  2.240514     0.         -18.        ]
  [  2.16996427   5.          16.        ]]][1 1 1 1 1 1 1 1 1 1 1 1 1 1 1 1 1 1 1 1 1 1 1 1 1 1 1 1 1 1 1 1 1 1 1 1 1
 1 1 1 1 1 1 1 1 1 1 1 1 1 1 1 1 1 1 1 1 1 1 1 1 1 1 1 1 1 1 1 1 1 1 1 1 1
 1 1 1 1 1 1 1 1 1 1 1 1 1 1 1 1 1 1 1 1 1 1 1 1 1 1 1 1 1 1 1 1 1 1 1 1 1
 1 1 1 1 1 1 1 1 1 1 1 1 1 1 1 1 1 1 1 1 1 1 1 1 1 1 1 1 1 1 1 1 1 1 1 1 1
 1 1 1 1 1 1 1 1 1 1 1 1 1 1 1 1 1 1 1 1 1 1 1 1 1 1 1 1 1 1 1 1 1 1 1 1 1
 1 1 1 1 1 1 1 1 1 1 1 1 1 1 1 1 1 1 1 1 1 1 1 1 1 1 1 1 1 1 1 1 1 1 1 1 1
 1 1 1 1 1 1 1 1 1 1 1 1 1 1 1 1 1 1 1 1 1 1 1 1 1 1 1 1 1 1 1 1 1 1 1 1 1
 1 1 1 1 1 1 1 1 1 1 1 1 1 1 1 1 1 1 1 1 1 1 1 1 1 1 1 1 1 1 1 1 1 1 1 1 1
 1 1 1 1 1 1 1 1 1 1 1 1 1 1 1 1 1 1 1 1 1 1 1 1 1 1 1 1 1 1 1 1 1 1 1 1 1
 1 1 1 1 1 1 1 1 1 1 1 1 1 1 1 1 1 1 1 1 1 1 1 1 1 1 1 1 1 1 1 1 1 1 1 1 1
 1 1 1 1 1 1 1 1 1 1 1 1 1 1 1 1 1 1 1 1 1 1 1 1 1 1 1 1 1 1 1 1 1 1 1 1 1
 1 1 1 1 1 1 1 1 1 1 1 1 1 1 1 1 1 1 1 1 1 1 1 1 1 1 1 1 1 1 1 1 1 1 1 1 1
 1 1 1 1 1 1 1 1 1 1 1 1 1 1 1 1 1 1 1 1 1 1 1 1 1 1 1 1 1 1 1 1 1 1 1 1 1
 1 1 1 1 1 1 1 1 1 1 1 1 1 1 1 1 1 1 1 1 1 1 1 1 1 1 1 1 1 1 1 1 1 1 1 1 1
 1 1 1 1 1 1 1 1 1 1 1 1 1 1 1 1 1 1 1 1 1 1 1 1 1 1 1 1 1 1 1 1 1 1 1 1 1
 1 1 1 1 1 1 1 1 1 1 1 1 1 1 1 1 1 1 1 1 1 1 1 1 1 1 1 1 1 1 1 1 1 1 1 1 1
 1 1 1 1 1 1 1 1 1 1 1 1 1 1 1 1 1 1 1 1 1 1 1 1 1 1 1 1 1 1 1 1 1 1 1 1 1
 1 1 1 1 1 1 1 1 1 1 1 1 1 1 1 1 1 1 1 1 1 1 1 1 1 1 1 1 1 1 1 1 1 1 1 1 1
 1 1 1 1 1 1 1 1 1 1 1 1 1 1 1 1 1 1 1 1 1 1 1 1 1 1 1 1 1 1 1 1 1 1 1 1 1
 1 1 1 1 1 1 1 1 1 1 1 1 1 1 1 1 1 1 1 1 1 1 1 1 1 1 1 1 1 1 1 1 1 1 1 1 1
 1 1 1 1 1 1 1 1 1 1 1 1 1 1 1 1 1 1 1 1 1 1 1 1 1 1 1 1 1 1 1 1 1 1 1 1 1
 1 1 1 1 1 1 1 1 1 1 1 1 1 1 1 1 1 1 1 1 1 1 1 1 1 1 1 1 1 1 1 1 1 1 1 1 1
 1 1 1 1 1 1 1 1 1 1 1 1 1 1 1 1 1 1 1 1 1 1 1 1 1 1 1 1 1 1 1 1 1 1 1 1 1
 1 1 1 1 1 1 1 1 1 1 1 1 1 1 1 1 1 1 1 1 1 1 1 1 1 1 1 1 1 1 1 1 1 1 1 1 1
 1 1 1 1 1 1 1 1 1 1 1 1 1 1 1 1 1 1 1 1 1 1 1 1 1 1 1 1 1 1 1 1]
Done.
Training group 2, split 1
	Early stopping at epoch 13
	Y Train Labels:(array([1.], dtype=float32), array([230]))
	Y Val Labels:(array([1.], dtype=float32), array([230]))
Training group 2, split 2
	Early stopping at epoch 13
	Y Train Labels:(array([1.], dtype=float32), array([460]))
	Y Val Labels:(array([1.], dtype=float32), array([230]))
Training group 2, split 3
	Early stopping at epoch 13
	Y Train Labels:(array([1.], dtype=float32), array([690]))
	Y Val Labels:(array([1.], dtype=float32), array([230]))
	Creating sequence for 'anchor-protocol'... [[[ 7.11226981e+00  1.20000000e+01  9.86000000e+02]
  [ 6.66289551e+00  0.00000000e+00  6.89000000e+02]
  [ 6.34984550e+00  0.00000000e+00  6.96000000e+02]
  ...
  [ 5.26020759e+00  0.00000000e+00  3.20000000e+02]
  [ 5.25145142e+00  2.00000000e+00  2.78000000e+02]
  [ 4.96157557e+00  1.20000000e+01  3.13000000e+02]]

 [[ 6.66289551e+00  0.00000000e+00  6.89000000e+02]
  [ 6.34984550e+00  0.00000000e+00  6.96000000e+02]
  [ 6.31268729e+00  2.00000000e+00  3.46000000e+02]
  ...
  [ 5.25145142e+00  2.00000000e+00  2.78000000e+02]
  [ 4.96157557e+00  1.20000000e+01  3.13000000e+02]
  [ 4.94797015e+00  1.00000000e+01  1.38000000e+02]]

 [[ 6.34984550e+00  0.00000000e+00  6.96000000e+02]
  [ 6.31268729e+00  2.00000000e+00  3.46000000e+02]
  [ 5.70582457e+00  4.00000000e+01  5.33000000e+02]
  ...
  [ 4.96157557e+00  1.20000000e+01  3.13000000e+02]
  [ 4.94797015e+00  1.00000000e+01  1.38000000e+02]
  [ 4.22149196e+00  8.00000000e+00  3.15000000e+02]]

 ...

 [[ 1.00933054e-02  0.00000000e+00  4.00000000e+00]
  [ 1.05877160e-02  0.00000000e+00 -3.30000000e+01]
  [ 9.29157077e-03  0.00000000e+00  8.40000000e+01]
  ...
  [ 1.00615191e-02  0.00000000e+00 -7.50000000e+01]
  [ 1.00388728e-02  0.00000000e+00 -6.00000000e+00]
  [ 9.62616676e-03  0.00000000e+00 -8.60000000e+01]]

 [[ 1.05877160e-02  0.00000000e+00 -3.30000000e+01]
  [ 9.29157077e-03  0.00000000e+00  8.40000000e+01]
  [ 9.00580547e-03  0.00000000e+00 -3.00000000e+00]
  ...
  [ 1.00388728e-02  0.00000000e+00 -6.00000000e+00]
  [ 9.62616676e-03  0.00000000e+00 -8.60000000e+01]
  [ 1.04498518e-02  0.00000000e+00  6.00000000e+01]]

 [[ 9.29157077e-03  0.00000000e+00  8.40000000e+01]
  [ 9.00580547e-03  0.00000000e+00 -3.00000000e+00]
  [ 9.16662034e-03  0.00000000e+00 -2.72000000e+02]
  ...
  [ 9.62616676e-03  0.00000000e+00 -8.60000000e+01]
  [ 1.04498518e-02  0.00000000e+00  6.00000000e+01]
  [ 1.01768774e-02  0.00000000e+00 -5.30000000e+01]]][1 1 1 ... 0 0 0]
Done.
Training group 3, split 1
	Early stopping at epoch 13
	Y Train Labels:(array([1.], dtype=float32), array([292]))
	Y Val Labels:(array([0., 1.], dtype=float32), array([227,  65]))
Training group 3, split 2
	Early stopping at epoch 13
	Y Train Labels:(array([0., 1.], dtype=float32), array([227, 357]))
	Y Val Labels:(array([0.], dtype=float32), array([292]))
Training group 3, split 3
	Early stopping at epoch 13
	Y Train Labels:(array([0., 1.], dtype=float32), array([519, 357]))
	Y Val Labels:(array([0.], dtype=float32), array([292]))
	Creating sequence for 'atlas-protocol'... [[[ 2.18405526e-02  0.00000000e+00 -1.00000000e+00]
  [ 2.09422174e-02  0.00000000e+00 -3.00000000e+00]
  [ 2.06618021e-02  0.00000000e+00  2.00000000e+00]
  ...
  [ 1.87993434e-02  0.00000000e+00 -1.00000000e+00]
  [ 1.85052827e-02  0.00000000e+00  4.00000000e+00]
  [ 1.87741387e-02  0.00000000e+00 -5.00000000e+00]]

 [[ 2.09422174e-02  0.00000000e+00 -3.00000000e+00]
  [ 2.06618021e-02  0.00000000e+00  2.00000000e+00]
  [ 2.04748949e-02  0.00000000e+00 -4.00000000e+00]
  ...
  [ 1.85052827e-02  0.00000000e+00  4.00000000e+00]
  [ 1.87741387e-02  0.00000000e+00 -5.00000000e+00]
  [ 1.92426392e-02  0.00000000e+00  6.00000000e+00]]

 [[ 2.06618021e-02  0.00000000e+00  2.00000000e+00]
  [ 2.04748949e-02  0.00000000e+00 -4.00000000e+00]
  [ 1.95214338e-02  0.00000000e+00  2.00000000e+00]
  ...
  [ 1.87741387e-02  0.00000000e+00 -5.00000000e+00]
  [ 1.92426392e-02  0.00000000e+00  6.00000000e+00]
  [ 1.94512698e-02  0.00000000e+00 -1.00000000e+00]]

 ...

 [[ 4.74670150e-05  0.00000000e+00 -2.50000000e+01]
  [ 4.78306440e-05  0.00000000e+00 -1.50000000e+01]
  [ 4.96663870e-05  0.00000000e+00 -2.70000000e+01]
  ...
  [ 3.92102400e-05  0.00000000e+00 -5.00000000e+00]
  [ 4.22581530e-05  0.00000000e+00 -7.00000000e+00]
  [ 4.28534500e-05  0.00000000e+00  1.00000000e+00]]

 [[ 4.78306440e-05  0.00000000e+00 -1.50000000e+01]
  [ 4.96663870e-05  0.00000000e+00 -2.70000000e+01]
  [ 4.84544310e-05  0.00000000e+00  1.90000000e+01]
  ...
  [ 4.22581530e-05  0.00000000e+00 -7.00000000e+00]
  [ 4.28534500e-05  0.00000000e+00  1.00000000e+00]
  [ 3.91092730e-05  0.00000000e+00 -1.00000000e+00]]

 [[ 4.96663870e-05  0.00000000e+00 -2.70000000e+01]
  [ 4.84544310e-05  0.00000000e+00  1.90000000e+01]
  [ 5.00691500e-05  0.00000000e+00 -2.30000000e+01]
  ...
  [ 4.28534500e-05  0.00000000e+00  1.00000000e+00]
  [ 3.91092730e-05  0.00000000e+00 -1.00000000e+00]
  [ 3.91043390e-05  0.00000000e+00  2.00000000e+00]]][1 1 1 ... 0 0 0]
Done.
Training group 4, split 1
	Early stopping at epoch 13
	Y Train Labels:(array([1.], dtype=float32), array([506]))
	Y Val Labels:(array([1.], dtype=float32), array([503]))
Training group 4, split 2
	Early stopping at epoch 13
	Y Train Labels:(array([1.], dtype=float32), array([1009]))
	Y Val Labels:(array([0., 1.], dtype=float32), array([470,  33]))
Training group 4, split 3
	Early stopping at epoch 13
	Y Train Labels:(array([0., 1.], dtype=float32), array([ 470, 1042]))
	Y Val Labels:(array([0.], dtype=float32), array([503]))
	Creating sequence for 'biswap'... [[[ 9.67358085e-01  4.00000000e+00  3.50000000e+02]
  [ 1.14343018e+00  0.00000000e+00  5.31000000e+02]
  [ 1.16126714e+00  0.00000000e+00  2.34000000e+02]
  ...
  [ 8.00269010e-01  0.00000000e+00  1.19000000e+02]
  [ 7.48377594e-01  0.00000000e+00 -1.50000000e+01]
  [ 6.93423956e-01  2.00000000e+00  6.23000000e+02]]

 [[ 1.14343018e+00  0.00000000e+00  5.31000000e+02]
  [ 1.16126714e+00  0.00000000e+00  2.34000000e+02]
  [ 1.07069852e+00  0.00000000e+00  8.68000000e+02]
  ...
  [ 7.48377594e-01  0.00000000e+00 -1.50000000e+01]
  [ 6.93423956e-01  2.00000000e+00  6.23000000e+02]
  [ 6.97262172e-01  0.00000000e+00 -7.09000000e+02]]

 [[ 1.16126714e+00  0.00000000e+00  2.34000000e+02]
  [ 1.07069852e+00  0.00000000e+00  8.68000000e+02]
  [ 1.17172336e+00  0.00000000e+00  8.31000000e+02]
  ...
  [ 6.93423956e-01  2.00000000e+00  6.23000000e+02]
  [ 6.97262172e-01  0.00000000e+00 -7.09000000e+02]
  [ 6.92306632e-01  0.00000000e+00  6.91000000e+02]]

 ...

 [[ 6.60065792e-02  0.00000000e+00 -8.18000000e+02]
  [ 6.35952065e-02  0.00000000e+00 -1.46400000e+03]
  [ 6.21379625e-02  0.00000000e+00 -4.04000000e+02]
  ...
  [ 6.77728627e-02  0.00000000e+00 -1.21000000e+02]
  [ 6.99504947e-02  0.00000000e+00 -1.00000000e+02]
  [ 7.04619669e-02  0.00000000e+00 -1.30000000e+02]]

 [[ 6.35952065e-02  0.00000000e+00 -1.46400000e+03]
  [ 6.21379625e-02  0.00000000e+00 -4.04000000e+02]
  [ 5.99314908e-02  0.00000000e+00  9.07000000e+02]
  ...
  [ 6.99504947e-02  0.00000000e+00 -1.00000000e+02]
  [ 7.04619669e-02  0.00000000e+00 -1.30000000e+02]
  [ 7.29736731e-02  0.00000000e+00  3.14000000e+02]]

 [[ 6.21379625e-02  0.00000000e+00 -4.04000000e+02]
  [ 5.99314908e-02  0.00000000e+00  9.07000000e+02]
  [ 5.96487385e-02  0.00000000e+00  1.26300000e+03]
  ...
  [ 7.04619669e-02  0.00000000e+00 -1.30000000e+02]
  [ 7.29736731e-02  0.00000000e+00  3.14000000e+02]
  [ 7.30569631e-02  0.00000000e+00  3.06000000e+02]]][1 1 1 1 1 1 1 1 1 1 1 1 1 1 1 1 1 1 1 1 1 1 1 1 1 1 1 1 1 1 1 1 1 1 1 1 1
 1 1 1 1 1 1 1 1 1 1 1 1 1 1 1 1 1 1 1 1 1 1 1 1 1 1 1 1 1 1 1 1 1 1 1 1 1
 1 1 1 1 1 1 1 1 1 1 1 1 1 1 1 1 1 1 1 1 1 1 1 1 1 1 1 1 1 1 1 1 1 1 1 1 1
 1 1 1 1 1 1 1 1 1 1 1 1 1 1 1 1 1 1 1 1 1 1 1 1 1 1 1 1 1 1 1 1 1 1 1 1 1
 1 1 1 1 1 1 1 1 1 1 1 1 1 1 1 1 1 1 1 1 1 1 1 1 1 1 1 1 1 1 1 1 1 1 1 1 1
 1 1 1 1 1 1 1 1 1 1 1 1 1 1 1 1 1 1 1 1 1 1 1 1 1 1 1 1 1 1 1 1 1 1 1 1 1
 1 1 1 1 1 1 1 1 1 1 1 1 1 1 1 1 1 1 1 1 1 1 1 1 1 1 1 1 1 1 1 1 1 1 1 1 1
 1 1 1 1 1 1 1 1 1 1 1 1 1 1 1 1 1 1 1 1 1 1 1 1 1 1 1 1 1 1 1 1 1 1 1 1 1
 1 1 1 1 1 1 1 1 1 1 1 1 1 1 1 1 1 1 1 1 1 1 1 1 1 1 1 1 1 1 1 1 1 1 1 1 1
 1 1 1 1 1 1 1 1 1 1 1 1 1 1 1 1 1 1 1 1 1 1 1 1 1 1 1 1 1 1 1 1 1 1 1 1 1
 1 1 1 1 1 1 1 1 1 1 1 1 1 1 1 1 1 1 1 1 1 1 1 1 1 1 1 1 1 1 1 1 1 1 1 1 1
 1 1 1 1 1 1 1 1 1 1 1 1 1 1 1 1 1 1 1 1 1 1 1 1 1 1 1 1 1 1 1 1 1 1 1 1 1
 1 1 1 1 1 1 1 1 1 1 1 1 1 1 1 1 1 1 1 1 1 1 1 1 1 1 1 1 1 1 1 1 1 1 1 1 1
 1 1 1 1 1 1 1 1 1 1 1 1 1 1 1 1 1 1 1 1 1 1 1 1 1 1 1 1 1 1 1 1 1 1 1 1 1
 1 1 1 1 1 1 1 1 1 1 1 1 1 1 1 1 1 1 1 1 1 1 1 1 0 0 0 0 0 0 0 0 0 0 0 0 0
 0 0 0 0 0 0 0 0 0 0 0 0 0 0 0 0 0 0 0 0 0 0 0 0 0 0 0 0 0 0 0 0 0 0 0 0 0
 0 0 0 0 0 0 0 0 0 0 0 0 0 0 0 0 0 0 0 0 0 0 0 0 0 0 0 0 0 0 0 0 0 0 0 0 0
 0 0 0 0 0 0 0 0 0 0 0 0 0 0 0 0 0 0 0 0 0 0 0 0 0 0 0 0 0 0 0 0 0 0 0 0 0
 0 0 0 0 0 0 0 0 0 0 0 0 0 0 0 0 0 0 0 0 0 0 0 0 0 0 0 0 0 0 0 0 0 0 0 0 0
 0 0 0 0 0 0 0 0 0 0 0 0 0 0 0 0 0 0 0 0 0 0 0 0 0 0 0 0 0 0 0 0 0 0 0 0 0
 0 0 0 0 0 0 0 0 0 0 0 0 0 0 0 0 0 0 0 0 0 0 0 0 0 0 0 0 0 0 0 0 0 0 0 0 0
 0 0 0 0 0 0 0 0 0 0 0 0 0 0 0 0 0 0 0 0 0 0 0 0 0 0 0 0 0 0 0 0 0 0 0 0 0
 0 0 0 0 0 0 0 0 0 0 0 0 0 0 0 0 0 0 0 0 0 0 0 0 0 0 0 0 0 0 0 0 0 0 0 0 0
 0 0 0 0 0 0 0 0 0 0 0 0 0 0 0 0 0 0 0 0 0 0 0 0 0 0 0 0 0 0 0 0 0 0 0 0 0
 0 0 0 0 0 0 0 0 0 0 0 0 0 0 0 0 0 0 0 0 0 0 0 0 0 0 0 0 0 0 0 0 0 0 0 0 0
 0 0 0 0 0 0 0 0 0 0 0 0 0 0 0 0 0 0 0 0 0 0]
Done.
Training group 5, split 1
	Early stopping at epoch 13
	Y Train Labels:(array([1.], dtype=float32), array([239]))
	Y Val Labels:(array([1.], dtype=float32), array([236]))
Training group 5, split 2
	Early stopping at epoch 13
	Y Train Labels:(array([1.], dtype=float32), array([475]))
	Y Val Labels:(array([0., 1.], dtype=float32), array([169,  67]))
Training group 5, split 3
	Early stopping at epoch 13
	Y Train Labels:(array([0., 1.], dtype=float32), array([169, 542]))
	Y Val Labels:(array([0.], dtype=float32), array([236]))
	Creating sequence for 'astar'... [[[ 1.28022647e-01  8.00000000e+01  2.01000000e+02]
  [ 1.24576760e-01  5.70000000e+01  1.62000000e+02]
  [ 1.17618190e-01  4.60000000e+01  2.10000000e+02]
  ...
  [ 2.35289320e-01  2.60000000e+01  2.03500000e+03]
  [ 2.32684136e-01  4.60000000e+01  4.31100000e+03]
  [ 2.64632322e-01  1.30000000e+01  8.02800000e+03]]

 [[ 1.24576760e-01  5.70000000e+01  1.62000000e+02]
  [ 1.17618190e-01  4.60000000e+01  2.10000000e+02]
  [ 1.16700575e-01  0.00000000e+00 -7.70000000e+01]
  ...
  [ 2.32684136e-01  4.60000000e+01  4.31100000e+03]
  [ 2.64632322e-01  1.30000000e+01  8.02800000e+03]
  [ 3.08322346e-01  9.00000000e+00  5.84000000e+03]]

 [[ 1.17618190e-01  4.60000000e+01  2.10000000e+02]
  [ 1.16700575e-01  0.00000000e+00 -7.70000000e+01]
  [ 1.17821927e-01  1.20000000e+01 -1.79000000e+02]
  ...
  [ 2.64632322e-01  1.30000000e+01  8.02800000e+03]
  [ 3.08322346e-01  9.00000000e+00  5.84000000e+03]
  [ 2.59554709e-01  8.20000000e+01  9.85100000e+03]]

 ...

 [[ 7.20190885e-02  2.70000000e+01 -8.48000000e+02]
  [ 7.20057765e-02  2.60000000e+01  8.81000000e+02]
  [ 7.51540351e-02  1.70000000e+01  1.02600000e+03]
  ...
  [ 6.44368961e-02  1.00000000e+01 -2.02000000e+02]
  [ 6.63848224e-02  1.20000000e+01 -4.48000000e+02]
  [ 6.96616310e-02  2.00000000e+00  8.31000000e+02]]

 [[ 7.20057765e-02  2.60000000e+01  8.81000000e+02]
  [ 7.51540351e-02  1.70000000e+01  1.02600000e+03]
  [ 7.56271089e-02  1.90000000e+01 -2.00400000e+03]
  ...
  [ 6.63848224e-02  1.20000000e+01 -4.48000000e+02]
  [ 6.96616310e-02  2.00000000e+00  8.31000000e+02]
  [ 6.59444784e-02  1.00000000e+00 -6.50000000e+01]]

 [[ 7.51540351e-02  1.70000000e+01  1.02600000e+03]
  [ 7.56271089e-02  1.90000000e+01 -2.00400000e+03]
  [ 7.33681089e-02  1.00000000e+01 -6.81000000e+02]
  ...
  [ 6.96616310e-02  2.00000000e+00  8.31000000e+02]
  [ 6.59444784e-02  1.00000000e+00 -6.50000000e+01]
  [ 6.67508048e-02  1.40000000e+01  5.79000000e+02]]][1 1 1 1 1 1 1 1 1 1 1 1 1 1 1 1 1 1 1 1 1 1 1 1 1 1 1 1 1 1 1 1 1 1 1 1 1
 1 1 1 1 1 1 1 1 1 1 1 1 1 1 1 1 1 1 1 1 1 1 1 1 1 1 1 1 1 1 1 1 1 1 1 1 1
 1 1 1 1 1 1 1 1 1 1 1 1 1 1 1 1 1 1 1 1 1 1 1 1 1 1 1 1 1 1 1 1 1 1 1 1 1
 1 1 1 1 1 1 1 1 1 1 1 1 1 1 1 1 1 1 1 1 1 1 1 1 1 1 1 1 1 1 1 1 1 1 1 1 1
 1 1 1 1 1 1 1 1 1 1 1 1 1 1 1 1 1 1 1 1 1 1 1 1 1 1 1 1 1 1 1 1 1 1 1 1 1
 1 1 1 1 1 1 1 1 1 1 1 1 1 1 1 1 1 1 1 1 1 1 1 1 1 1 1 1 1 1 1 1 1 1 1 1 1
 1 1 1 1 1 1 1 1 1 1 1 1 1 1 1 1 1 1 1 1 1 1 1 1 1 1 1 1 1 1 1 1 1 1 1 1 1
 1 1 1 1 1 1 1 1 1 1 1 1 1 1 1 1 1 1 1 1 1 1 1 1 1 1 1 1 1 1 1 1 1 1 1 1 1
 1 1 1 1 1 1 1 1 1 1 1 1 1 1 1 1 1 1 1 1 1 1 1 1 1 1 1 1 1 1 1 1 1 1 1 1 1
 1 1 1 1 1 1 1 1 1 1 1 1 1 1 1 1 1 1 1 1 1 1 1 1 1 1 1 1 1 1 1 1 1 1 1 1 1
 1 1 1 1 1 1 1 1 1 1 1 1 1 1 1 1 1 1 1 1 1 1 1 1 1 1 1 1 1 1 1 1 1 1 1 1 1
 1 1 1 1 1 1 1 1 1 1 1 1 1 1 1 1 1 1 1 1 1 1 1 1 1 1 1 1 1 1 1 1 1 1 1 1 1
 1 1 1 1 1 1 1 1 1 1 1 1 1 1 1 1 1 1 1 1 1 1 1 1 1 1 1 1 1 1 1 1 1 1 1 1 1
 1 1 1 1 1 1 1 1 1 1 1 1 1 1 1 1 1 1 1 1 1 1 1 1 1 1 1 1 1 1 1 1 1 1 1 1 1
 1 1 1 1 1 1 1 1 1 1 1 1 1 1 1 1 1 1 1 1 1 1 1 1 1 1 1 1 1 1 1 1 1 1 1 1 1
 1 1 1 1 1 1 1 1 1 1 1 1 1 1 1 1 1 1 1 1 1 1 1 1 1 1 1 1 1 1 1 1 1 1 1 1 1
 1 1 1 1 1 1 1 1 1 1 1 1 1 1 1 1 1 1 1 1 1 1 1 1 1 1 1 1 1 1 1 1 1 1 1 1 1
 1 1 1 1 1 1 1 1 1 1 1 1 1 1 1 1 1 1 1 1 1 1 1 1 1 1 1 1 1 1 1 1 1 1 1 1 1
 1 1 1 1 1 1 1 1 1 1 1 1 1 1 1 1 1 1 1 1 1 1 1 1 1 1 1 1 1 1 1 1 1 1 1 1 1
 1 1 1 1 1 1 1 1 1 1 1 1 1 1 1 1 1 1 1 1 1 1 1 1 1 1 1 1 1 1 1 1 1 1 1 1 1
 1 1 1 1 1 1 1 1 1 1 1 1 1 1 1 1 1 1 1 1 1 1 1 1 1 1 1 1 1 1 1 1 1 1 1 1 1
 1 1 1 1 1 1 1 1 1 1 1 1 1 1 1 1 1 1 1 1 1 1 1 1 1 1 1 1 1 1 1 1 1 1 1 1 1
 1 1 1 1 1 1 1 1 1 1 1 1 1 1 1 1 1 1 1 1 1 1 1 1 1 1 1 1 1 1 1 1 1 1 1 1 1
 1 1 1 1 1 1 1 1 1 1 1 1 1 1 1 1]
Done.
Training group 6, split 1
	Early stopping at epoch 13
	Y Train Labels:(array([1.], dtype=float32), array([219]))
	Y Val Labels:(array([1.], dtype=float32), array([216]))
Training group 6, split 2
	Early stopping at epoch 13
	Y Train Labels:(array([1.], dtype=float32), array([435]))
	Y Val Labels:(array([1.], dtype=float32), array([216]))
Training group 6, split 3
	Early stopping at epoch 13
	Y Train Labels:(array([1.], dtype=float32), array([651]))
	Y Val Labels:(array([1.], dtype=float32), array([216]))
	Creating sequence for 'azuki'... [[[ 6.00090074e+00  1.00000000e+00  2.70000000e+01]
  [ 5.56622746e+00  0.00000000e+00  2.60000000e+01]
  [ 2.35363190e+00  0.00000000e+00  2.90000000e+01]
  ...
  [ 1.25062770e-01  0.00000000e+00  2.90000000e+01]
  [ 1.26794940e-01  0.00000000e+00  1.73000000e+02]
  [ 1.30847230e-01  0.00000000e+00  1.36000000e+02]]

 [[ 5.56622746e+00  0.00000000e+00  2.60000000e+01]
  [ 2.35363190e+00  0.00000000e+00  2.90000000e+01]
  [ 1.24122303e+00  0.00000000e+00  1.80000000e+01]
  ...
  [ 1.26794940e-01  0.00000000e+00  1.73000000e+02]
  [ 1.30847230e-01  0.00000000e+00  1.36000000e+02]
  [ 1.27376460e-01  0.00000000e+00  3.50000000e+01]]

 [[ 2.35363190e+00  0.00000000e+00  2.90000000e+01]
  [ 1.24122303e+00  0.00000000e+00  1.80000000e+01]
  [ 7.12179230e-01  0.00000000e+00  1.10000000e+01]
  ...
  [ 1.30847230e-01  0.00000000e+00  1.36000000e+02]
  [ 1.27376460e-01  0.00000000e+00  3.50000000e+01]
  [ 1.27964790e-01  0.00000000e+00  1.40000000e+01]]

 ...

 [[ 1.82945214e-03  0.00000000e+00 -1.50000000e+01]
  [ 1.87662777e-03  0.00000000e+00 -1.00000000e+00]
  [ 1.69802037e-03  0.00000000e+00  1.00000000e+00]
  ...
  [ 1.99287311e-03  0.00000000e+00  1.00000000e+00]
  [ 2.07082965e-03  0.00000000e+00  0.00000000e+00]
  [ 1.97276267e-03  0.00000000e+00  1.00000000e+00]]

 [[ 1.87662777e-03  0.00000000e+00 -1.00000000e+00]
  [ 1.69802037e-03  0.00000000e+00  1.00000000e+00]
  [ 1.75471817e-03  0.00000000e+00  0.00000000e+00]
  ...
  [ 2.07082965e-03  0.00000000e+00  0.00000000e+00]
  [ 1.97276267e-03  0.00000000e+00  1.00000000e+00]
  [ 2.01894775e-03  0.00000000e+00 -1.00000000e+00]]

 [[ 1.69802037e-03  0.00000000e+00  1.00000000e+00]
  [ 1.75471817e-03  0.00000000e+00  0.00000000e+00]
  [ 1.72561054e-03  0.00000000e+00  0.00000000e+00]
  ...
  [ 1.97276267e-03  0.00000000e+00  1.00000000e+00]
  [ 2.01894775e-03  0.00000000e+00 -1.00000000e+00]
  [ 1.97329947e-03  0.00000000e+00  0.00000000e+00]]][1 1 1 1 1 1 1 1 1 1 1 1 1 1 1 1 1 1 1 1 1 1 1 1 1 1 1 1 1 1 1 1 1 1 1 1 1
 1 1 1 1 1 1 1 1 1 1 1 1 1 1 1 1 1 1 1 1 1 1 1 1 1 1 1 1 1 1 1 1 1 1 1 1 1
 1 1 1 1 1 1 1 1 1 1 1 1 1 1 1 1 1 1 1 1 1 1 1 1 1 1 1 1 1 1 1 1 1 1 1 1 1
 1 1 1 1 1 1 1 1 1 1 1 1 1 1 1 1 1 1 1 1 1 1 1 1 1 1 1 1 1 1 1 1 1 1 1 1 1
 1 1 1 1 1 1 1 1 1 1 1 1 1 1 1 1 1 1 1 1 1 1 1 1 1 1 1 1 1 1 1 1 1 1 1 1 1
 1 1 1 1 1 1 1 1 1 1 1 1 1 1 1 1 1 1 1 1 1 1 1 1 1 1 1 1 1 1 1 1 1 1 1 1 1
 1 1 1 1 1 1 1 1 1 1 1 1 1 1 1 1 1 1 1 1 1 1 1 1 1 1 1 1 1 1 1 1 1 1 1 1 1
 1 1 1 1 1 1 1 1 1 1 1 1 1 1 1 1 1 1 1 1 1 1 1 1 1 1 1 1 1 1 1 1 1 1 1 1 1
 1 1 1 1 1 1 1 1 1 1 1 1 1 1 1 1 1 1 1 1 1 1 1 1 1 1 1 1 1 1 1 1 1 1 1 1 1
 1 1 1 1 1 1 1 1 1 1 1 1 1 1 1 1 1 1 1 1 1 1 1 1 1 1 1 1 1 1 1 1 1 1 1 1 1
 1 1 1 1 1 1 1 1 1 1 1 1 1 1 1 1 1 1 1 1 1 1 1 1 1 1 1 1 1 1 1 1 1 1 1 1 1
 1 1 1 1 1 1 1 1 1 1 1 1 1 1 1 1 1 1 1 1 1 1 1 1 1 1 1 1 1 1 1 1 1 1 1 1 0
 0 0 0 0 0 0 0 0 0 0 0 0 0 0 0 0 0 0 0 0 0 0 0 0 0 0 0 0 0 0 0 0 0 0 0 0 0
 0 0 0 0 0 0 0 0 0 0 0 0 0 0 0 0 0 0 0 0 0 0 0 0 0 0 0 0 0 0 0 0 0 0 0 0 0
 0 0 0 0 0 0 0 0 0 0 0 0 0 0 0 0 0 0 0 0 0 0 0 0 0 0 0 0 0 0 0 0 0 0 0 0 0
 0 0 0 0 0 0 0 0 0 0 0 0 0 0 0 0 0 0 0 0 0 0 0 0 0 0 0 0 0 0 0 0 0 0 0 0 0
 0 0 0 0 0 0 0 0 0 0 0 0 0 0 0 0 0 0 0 0 0 0 0 0 0 0 0 0 0 0 0 0 0 0 0 0 0
 0 0 0 0 0 0 0 0 0 0 0 0 0 0 0 0 0 0 0 0 0 0 0 0 0 0 0 0 0 0 0 0 0 0 0 0 0
 0 0 0 0 0 0 0 0 0 0 0 0 0 0 0 0 0 0 0 0 0 0 0 0 0 0 0 0 0 0 0 0 0 0 0 0 0
 0 0 0 0 0 0 0 0 0 0 0 0 0 0 0 0 0 0 0 0 0 0 0 0 0 0 0 0 0 0 0 0 0 0 0 0 0
 0 0 0 0 0 0 0 0 0 0 0 0 0 0 0 0 0 0 0 0 0 0 0 0 0 0 0 0 0 0 0 0 0 0 0 0 0
 0 0 0 0 0 0 0 0 0 0 0 0 0 0 0 0 0 0 0 0 0 0 0 0 0 0 0 0 0 0 0 0 0 0 0 0 0
 0 0 0 0 0 0 0 0 0 0 0 0 0 0 0 0 0 0 0 0 0 0 0 0 0 0 0 0 0 0 0 0 0 0 0 0 0
 0 0 0 0 0 0 0 0 0 0 0 0 0 0 0 0 0 0 0 0 0 0 0 0 0 0 0 0 0 0 0 0 0 0 0 0 0
 0 0 0 0 0 0 0 0 0 0 0 0 0 0 0 0 0 0 0 0 0 0 0 0 0 0 0 0 0 0 0 0 0 0 0 0 0
 0 0 0 0 0 0 0 0 0 0 0 0 0 0 0 0 0 0 0 0 0 0 0 0 0 0 0 0 0 0 0 0 0 0 0 0 0
 0 0 0 0 0 0 0 0 0 0 0 0 0 0 0]
Done.
Training group 7, split 1
	Early stopping at epoch 13
	Y Train Labels:(array([1.], dtype=float32), array([245]))
	Y Val Labels:(array([0., 1.], dtype=float32), array([ 46, 198]))
Training group 7, split 2
	Early stopping at epoch 13
	Y Train Labels:(array([0., 1.], dtype=float32), array([ 46, 443]))
	Y Val Labels:(array([0.], dtype=float32), array([244]))
Training group 7, split 3
	Early stopping at epoch 13
	Y Train Labels:(array([0., 1.], dtype=float32), array([290, 443]))
	Y Val Labels:(array([0.], dtype=float32), array([244]))
	Creating sequence for 'ampleforth-governance-token'... [[[ 37.90119904   0.         792.        ]
  [ 33.86813304   0.         440.        ]
  [ 36.05602829  18.         298.        ]
  ...
  [ 11.33025975   0.          37.        ]
  [ 10.71057091  15.         166.        ]
  [ 11.52630357  10.           7.        ]]

 [[ 33.86813304   0.         440.        ]
  [ 36.05602829  18.         298.        ]
  [ 34.99014729   1.         327.        ]
  ...
  [ 10.71057091  15.         166.        ]
  [ 11.52630357  10.           7.        ]
  [ 11.63705933   0.          12.        ]]

 [[ 36.05602829  18.         298.        ]
  [ 34.99014729   1.         327.        ]
  [ 33.47446827   5.         299.        ]
  ...
  [ 11.52630357  10.           7.        ]
  [ 11.63705933   0.          12.        ]
  [ 10.35425849   1.          21.        ]]

 ...

 [[  3.35891029   1.         -38.        ]
  [  3.30946331   0.          25.        ]
  [  3.15130335   0.          35.        ]
  ...
  [  2.99801581  10.          24.        ]
  [  3.15517361   2.         -27.        ]
  [  3.21579078   8.          21.        ]]

 [[  3.30946331   0.          25.        ]
  [  3.15130335   0.          35.        ]
  [  3.16939036   0.          39.        ]
  ...
  [  3.15517361   2.         -27.        ]
  [  3.21579078   8.          21.        ]
  [  3.27043284   5.         -29.        ]]

 [[  3.15130335   0.          35.        ]
  [  3.16939036   0.          39.        ]
  [  3.31133565   2.         -24.        ]
  ...
  [  3.21579078   8.          21.        ]
  [  3.27043284   5.         -29.        ]
  [  3.17940513   0.          20.        ]]][1 1 1 ... 1 1 1]
Done.
Training group 8, split 1
	Early stopping at epoch 13
	Y Train Labels:(array([1.], dtype=float32), array([291]))
	Y Val Labels:(array([1.], dtype=float32), array([289]))
Training group 8, split 2
	Early stopping at epoch 13
	Y Train Labels:(array([1.], dtype=float32), array([580]))
	Y Val Labels:(array([1.], dtype=float32), array([289]))
Training group 8, split 3
	Early stopping at epoch 13
	Y Train Labels:(array([1.], dtype=float32), array([869]))
	Y Val Labels:(array([1.], dtype=float32), array([289]))
	Creating sequence for 'convex-finance'... [[[ 20.1330557    0.         335.        ]
  [ 17.19012539   1.         504.        ]
  [ 13.12404389   0.         365.        ]
  ...
  [  3.72214119   3.           8.        ]
  [  3.53515651   0.          18.        ]
  [  3.38258453   0.          26.        ]]

 [[ 17.19012539   1.         504.        ]
  [ 13.12404389   0.         365.        ]
  [ 10.56453577   0.         200.        ]
  ...
  [  3.53515651   0.          18.        ]
  [  3.38258453   0.          26.        ]
  [  3.2451519    0.          19.        ]]

 [[ 13.12404389   0.         365.        ]
  [ 10.56453577   0.         200.        ]
  [  7.87249728   3.         263.        ]
  ...
  [  3.38258453   0.          26.        ]
  [  3.2451519    0.          19.        ]
  [  3.11986066   0.          38.        ]]

 ...

 [[  3.01558548   0.         -26.        ]
  [  2.85534281   2.          48.        ]
  [  2.83874214   0.           6.        ]
  ...
  [  2.04387308   0.          -8.        ]
  [  2.06178631   0.          -4.        ]
  [  2.23713296   0.           8.        ]]

 [[  2.85534281   2.          48.        ]
  [  2.83874214   0.           6.        ]
  [  2.8192422    0.         -23.        ]
  ...
  [  2.06178631   0.          -4.        ]
  [  2.23713296   0.           8.        ]
  [  2.24007862   0.          23.        ]]

 [[  2.83874214   0.           6.        ]
  [  2.8192422    0.         -23.        ]
  [  3.00369663   0.         -47.        ]
  ...
  [  2.23713296   0.           8.        ]
  [  2.24007862   0.          23.        ]
  [  2.15544797   0.           0.        ]]][1 1 1 ... 1 1 1]
Done.
Training group 9, split 1
	Early stopping at epoch 13
	Y Train Labels:(array([1.], dtype=float32), array([279]))
	Y Val Labels:(array([1.], dtype=float32), array([279]))
Training group 9, split 2
	Early stopping at epoch 13
	Y Train Labels:(array([1.], dtype=float32), array([558]))
	Y Val Labels:(array([1.], dtype=float32), array([279]))
Training group 9, split 3
	Early stopping at epoch 13
	Y Train Labels:(array([1.], dtype=float32), array([837]))
	Y Val Labels:(array([1.], dtype=float32), array([279]))
	Creating sequence for 'cere-network'... [[[ 1.84651038e-01  1.90000000e+01  2.18200000e+03]
  [ 1.55795218e-01  8.00000000e+00  6.77000000e+02]
  [ 1.60434433e-01  1.10000000e+01  1.57500000e+03]
  ...
  [ 6.78271204e-02  3.30000000e+01  1.11000000e+02]
  [ 7.05032493e-02  2.10000000e+01  1.09000000e+02]
  [ 6.73227735e-02  1.80000000e+01  4.30000000e+01]]

 [[ 1.55795218e-01  8.00000000e+00  6.77000000e+02]
  [ 1.60434433e-01  1.10000000e+01  1.57500000e+03]
  [ 1.52097710e-01  1.00000000e+01  2.24400000e+03]
  ...
  [ 7.05032493e-02  2.10000000e+01  1.09000000e+02]
  [ 6.73227735e-02  1.80000000e+01  4.30000000e+01]
  [ 5.96437598e-02  1.00000000e+00  8.10000000e+01]]

 [[ 1.60434433e-01  1.10000000e+01  1.57500000e+03]
  [ 1.52097710e-01  1.00000000e+01  2.24400000e+03]
  [ 1.61166406e-01  1.00000000e+00  8.65000000e+02]
  ...
  [ 6.73227735e-02  1.80000000e+01  4.30000000e+01]
  [ 5.96437598e-02  1.00000000e+00  8.10000000e+01]
  [ 6.21091034e-02  0.00000000e+00  1.20000000e+01]]

 ...

 [[ 3.96330373e-03  3.10000000e+01 -2.20000000e+01]
  [ 3.99411557e-03  1.50000000e+01  1.50000000e+01]
  [ 3.73676969e-03  1.00000000e+00 -2.00000000e+00]
  ...
  [ 2.72277042e-03  1.00000000e+01 -2.90000000e+01]
  [ 2.76990832e-03  7.00000000e+00 -3.40000000e+01]
  [ 2.87473141e-03  1.00000000e+00 -5.20000000e+01]]

 [[ 3.99411557e-03  1.50000000e+01  1.50000000e+01]
  [ 3.73676969e-03  1.00000000e+00 -2.00000000e+00]
  [ 3.88259378e-03  2.10000000e+01  4.30000000e+01]
  ...
  [ 2.76990832e-03  7.00000000e+00 -3.40000000e+01]
  [ 2.87473141e-03  1.00000000e+00 -5.20000000e+01]
  [ 2.90475431e-03  2.00000000e+00 -1.10000000e+01]]

 [[ 3.73676969e-03  1.00000000e+00 -2.00000000e+00]
  [ 3.88259378e-03  2.10000000e+01  4.30000000e+01]
  [ 3.83228917e-03  0.00000000e+00  1.10000000e+01]
  ...
  [ 2.87473141e-03  1.00000000e+00 -5.20000000e+01]
  [ 2.90475431e-03  2.00000000e+00 -1.10000000e+01]
  [ 2.80445643e-03  0.00000000e+00  3.30000000e+01]]][1 1 1 1 1 1 1 1 1 1 1 1 1 1 1 1 1 1 1 1 1 1 1 1 1 1 1 1 1 1 1 1 1 1 1 1 1
 1 1 1 1 1 1 1 1 1 1 1 1 1 1 1 1 1 1 1 1 1 1 1 1 1 1 1 1 1 1 1 1 1 1 1 1 1
 1 1 1 1 1 1 1 1 1 1 1 1 1 1 1 1 1 1 1 1 1 1 1 1 1 1 1 1 1 1 1 1 1 1 1 1 1
 1 1 1 1 1 1 1 1 1 1 1 1 1 1 1 1 1 1 1 1 1 1 1 1 1 1 1 1 1 1 1 1 1 1 1 1 1
 1 1 1 1 1 1 1 1 1 1 1 1 1 1 1 1 1 1 1 1 1 1 1 1 1 1 1 1 1 1 1 1 1 1 1 1 1
 1 1 1 1 1 1 1 1 1 1 1 1 1 1 1 1 1 1 1 1 1 1 1 1 1 1 1 1 1 1 1 1 1 1 1 1 1
 1 1 1 1 1 1 1 1 1 1 1 1 1 1 1 1 1 1 1 1 1 1 1 1 1 1 1 1 1 1 1 1 1 1 1 1 1
 1 1 1 1 1 1 1 1 1 1 1 1 1 1 1 1 1 1 1 1 1 1 1 1 1 1 1 1 1 1 1 1 1 1 1 1 1
 1 1 1 1 1 1 1 1 1 1 1 1 1 1 1 1 1 1 1 1 1 1 1 1 1 1 1 1 1 1 1 1 1 1 1 1 1
 1 1 1 1 1 1 1 1 1 1 1 1 1 1 1 1 1 1 1 1 1 1 1 1 1 1 1 1 1 1 1 1 1 1 1 1 1
 1 1 1 1 1 1 1 1 1 1 1 1 1 1 1 1 1 1 1 1 1 1 1 1 1 1 1 1 1 1 1 1 1 1 1 1 1
 1 1 1 1 1 1 1 1 1 1 1 1 1 1 1 1 1 1 1 1 1 1 1 1 1 1 1 1 1 1 1 1 1 1 1 1 1
 1 1 1 1 1 1 1 1 1 1 1 1 1 1 1 1 1 1 1 1 1 1 1 1 1 1 1 1 1 1 1 1 1 1 1 1 1
 1 1 1 1 1 1 1 1 1 1 1 1 1 1 1 1 1 1 1 1 1 1 1 1 1 1 1 1 1 1 1 1 1 1 1 1 1
 1 1 1 1 1 1 1 1 1 1 1 1 1 1 1 1 1 1 1 1 1 1 1 1 1 1 1 1 1 1 1 1 1 1 1 1 1
 1 1 1 1 1 1 1 1 1 1 1 1 1 1 1 1 1 1 1 1 1 1 1 1 1 1 1 1 1 1 1 1 1 1 1 1 1
 1 1 1 1 1 1 1 1 1 1 1 1 1 1 1 1 1 1 1 1 1 1 1 1 1 1 1 1 1 1 1 1 1 1 1 1 1
 1 1 1 1 1 1 1 1 1 1 1 1 1 1 1 1 1 1 1 1 1 1 1 1 1 1 1 1 1 1 1 1 1 1 1 1 1
 1 1 1 1 1 1 1 1 1 1 1 1 1 1 1 1 1 1 1 1 1 1 1 1 1 1 1 1 1 1 1 1 1 1 1 1 1
 1 1 1 1 1 1 1 1 1 1 1 1 1 1 1 1 1 1 1 1 1 1 1 1 1 1 1 1 1 1 1 1 1 1 1 1 1
 1 1 1 1 1 1 1 1 1 1 1 1 1 1 1 1 1 1 1 1 1 1 1 1 1 1 1 1 1 1 1 1 1 1 1 1 1
 1 1 1 1 1 1 1 1 1 1 1 1 1 1 1 1 1 1 1 1 1 1 1 1 1 1 1 1 1 1 1 1 1 1 1 1 1
 1 1 1 1 1 1 1 1 1 1 1 1 1 1 1 1 1 1 1 1 1 1 1 1 1 1 1 1 1 1 1 1 1 1 1 1 1
 1 1 1 1 1 1 1 1 1 1 1 1 1 1 1 1 1 1 1 1 1 1 1 1 1 1 1 1 1 1 1 1 1 1 1 1 1
 1 1 1 1 1 1 1 1 1 1 1 1 1 1 1 1 1 1 1 1 1 1 1 1 1 1 1 1 1 1 1 1 1 1 1 1 1
 1 1 1 1 1 1 1 1 1 1 1 1 1 1 1 1 1 1 1 1 1 1 1 1 1 1 1 1 1 1 1 1 1 1 1 1 1
 1 1 1 1]
Done.
Training group 10, split 1
	Early stopping at epoch 13
	Y Train Labels:(array([1.], dtype=float32), array([243]))
	Y Val Labels:(array([1.], dtype=float32), array([241]))
Training group 10, split 2
	Early stopping at epoch 13
	Y Train Labels:(array([1.], dtype=float32), array([484]))
	Y Val Labels:(array([1.], dtype=float32), array([241]))
Training group 10, split 3
	Early stopping at epoch 13
	Y Train Labels:(array([1.], dtype=float32), array([725]))
	Y Val Labels:(array([1.], dtype=float32), array([241]))
	Creating sequence for 'cardano'... [[[ 4.01401983e-01  2.03000000e+03  2.30000000e+01]
  [ 3.86076136e-01  1.99800000e+03 -1.00000000e+01]
  [ 3.89420218e-01  8.07000000e+02 -9.10000000e+01]
  ...
  [ 2.48377891e-01  3.02000000e+02  6.80000000e+01]
  [ 2.44139561e-01  1.64000000e+02  8.50000000e+01]
  [ 2.45557299e-01  1.62000000e+02  2.74000000e+02]]

 [[ 3.86076136e-01  1.99800000e+03 -1.00000000e+01]
  [ 3.89420218e-01  8.07000000e+02 -9.10000000e+01]
  [ 4.21525124e-01  6.72000000e+02 -6.60000000e+01]
  ...
  [ 2.44139561e-01  1.64000000e+02  8.50000000e+01]
  [ 2.45557299e-01  1.62000000e+02  2.74000000e+02]
  [ 2.46465931e-01  5.20000000e+01  2.00000000e+01]]

 [[ 3.89420218e-01  8.07000000e+02 -9.10000000e+01]
  [ 4.21525124e-01  6.72000000e+02 -6.60000000e+01]
  [ 4.26734970e-01  7.30000000e+01 -1.24000000e+02]
  ...
  [ 2.45557299e-01  1.62000000e+02  2.74000000e+02]
  [ 2.46465931e-01  5.20000000e+01  2.00000000e+01]
  [ 2.49770600e-01  7.40000000e+01  1.70000000e+01]]

 ...

 [[ 4.06898758e-01  7.31000000e+02 -1.37000000e+02]
  [ 3.94653546e-01  4.31000000e+02  1.33000000e+02]
  [ 4.17799766e-01  5.59000000e+02  1.13000000e+02]
  ...
  [ 3.50945819e-01  6.51000000e+02 -2.59000000e+02]
  [ 3.52096659e-01  5.84000000e+02  4.10000000e+01]
  [ 3.58584197e-01  1.02000000e+02  1.24000000e+02]]

 [[ 3.94653546e-01  4.31000000e+02  1.33000000e+02]
  [ 4.17799766e-01  5.59000000e+02  1.13000000e+02]
  [ 4.18195153e-01  8.10000000e+01 -7.71000000e+02]
  ...
  [ 3.52096659e-01  5.84000000e+02  4.10000000e+01]
  [ 3.58584197e-01  1.02000000e+02  1.24000000e+02]
  [ 3.51750094e-01  9.60000000e+01  1.51000000e+02]]

 [[ 4.17799766e-01  5.59000000e+02  1.13000000e+02]
  [ 4.18195153e-01  8.10000000e+01 -7.71000000e+02]
  [ 4.07368473e-01  7.50000000e+01  1.50000000e+01]
  ...
  [ 3.58584197e-01  1.02000000e+02  1.24000000e+02]
  [ 3.51750094e-01  9.60000000e+01  1.51000000e+02]
  [ 3.63734640e-01  6.43000000e+02  4.60000000e+01]]][1 1 1 1 1 1 1 1 1 1 1 1 1 1 1 1 1 1 1 1 1 1 1 1 1 1 1 1 1 1 1 1 1 1 1 1 1
 1 1 1 1 1 1 1 1 1 1 1 1 1 1 1 1 1 1 1 1 1 1 1 1 1 1 1 1 1 1 1 1 1 1 1 1 1
 1 1 1 1 1 1 1 1 1 1 1 1 1 1 1 1 1 1 1 1 1 1 1 1 1 1 1 1 1 1 1 1 1 1 1 1 1
 1 1 1 1 1 1 1 1 1 1 1 1 1 1 1 1 1 1 1 1 1 1 1 1 1 1 1 1 1 1 1 1 1 1 1 1 1
 1 1 1 1 1 1 1 1 1 1 1 1 1 1 1 1 1 1 1 1 1 1 1 1 1 1 1 1 1 1 1 1 1 1 1 1 1
 1 1 1 1 1 1 1 1 1 1 1 1 1 1 1 1 1 1 1 1 1 1 1 1 1 1 1 1 1 1 1 1 1 1 1 1 1
 1 1 1 1 1 1 1 1 1 1 1 1 1 1 1 1 1 1 1 1 1 1 1 1 1 1 1 1 1 1 1 1 1 1 1 1 1
 1 1 1 1 1 1 1 1 1 1 1 1 1 1 1 1 1 1 1 1 1 1 1 1 1 1 1 1 1 1 1 1 1 1 1 1 1
 1 1 1 1 1 1 1 1 1 1 1 1 1 1 1 1 1 1 1 1 1 1 1 1 1 1 1 1 1 1 1 1 1 1 1 1 1
 1 1 1 1 1 1 1 1 1 1 1 1 1 1 1 1 1 1 1 1 1 1 1 1 1 1 1 1 1 1 1 1 1 1 1 1 1
 1 1 1 1 1 1 1 1 1 1 1 1 1 1 1 1 1 1 1 1 1 1 1 1 1 1 1 1 1 1 1 1 1 1 1 1 1
 1 1 1 1 1 1 1 1 1 1 1 1 1 1 1 1 1 1 1 1 1 1 1 1 1 1 1 1 1 1 1 1 1 1 1 1 1
 1 1 1 1 1 1 1 1 1 1 1 1 1 1 1 1 1 1 1 1 1 1 1 1 1 1 1 1 1 1 1 1 1 1 1 1 1
 1 1 1 1 1 1 1 1 1 1 1 1 1 1 1 1 1 1 1 1 1 1 1 1 1 1 1 1 1 1 1 1 1 1 1 1 1
 1 1 1 1 1 1 1 1 1 1 1 1 1 1 1 1 1 1 1 1 1 1 1 1 1 1 1 1 1 1 1 1 1 1 1 1 1
 1 1 1 1 1 1 1 1 1 1 1 1 1 1 1 1 1 1 1 1 1 1 1 1 1 1 1 1 1 1 1 1 1 1 1 1 1
 1 1 1 1 1 1 1 1 1 1]
Done.
Training group 11, split 1
	Early stopping at epoch 13
	Y Train Labels:(array([1.], dtype=float32), array([152]))
	Y Val Labels:(array([1.], dtype=float32), array([150]))
Training group 11, split 2
	Early stopping at epoch 13
	Y Train Labels:(array([1.], dtype=float32), array([302]))
	Y Val Labels:(array([1.], dtype=float32), array([150]))
Training group 11, split 3
	Early stopping at epoch 13
	Y Train Labels:(array([1.], dtype=float32), array([452]))
	Y Val Labels:(array([1.], dtype=float32), array([150]))
	Creating sequence for 'concordium'... [[[ 7.74282069e-03  4.70000000e+01 -7.70000000e+01]
  [ 7.90168780e-03  4.20000000e+01 -4.00000000e+01]
  [ 7.90622312e-03  3.10000000e+01 -7.90000000e+01]
  ...
  [ 1.16166941e-02  1.59000000e+02  6.00000000e+00]
  [ 1.12326072e-02  8.00000000e+00 -2.70000000e+01]
  [ 1.16496099e-02  8.80000000e+01  1.80000000e+01]]

 [[ 7.90168780e-03  4.20000000e+01 -4.00000000e+01]
  [ 7.90622312e-03  3.10000000e+01 -7.90000000e+01]
  [ 7.93361664e-03  1.10000000e+01  1.11000000e+02]
  ...
  [ 1.12326072e-02  8.00000000e+00 -2.70000000e+01]
  [ 1.16496099e-02  8.80000000e+01  1.80000000e+01]
  [ 1.15033988e-02  2.14000000e+02  2.00800000e+03]]

 [[ 7.90622312e-03  3.10000000e+01 -7.90000000e+01]
  [ 7.93361664e-03  1.10000000e+01  1.11000000e+02]
  [ 7.95308014e-03  7.00000000e+00  7.90000000e+01]
  ...
  [ 1.16496099e-02  8.80000000e+01  1.80000000e+01]
  [ 1.15033988e-02  2.14000000e+02  2.00800000e+03]
  [ 1.12660447e-02  1.86000000e+02  1.06500000e+03]]

 ...

 [[ 3.36669347e-03  7.80000000e+01 -3.20000000e+01]
  [ 3.87896888e-03  7.20000000e+01  2.81000000e+02]
  [ 4.04397816e-03  7.00000000e+01  1.89000000e+02]
  ...
  [ 3.74731533e-03  1.07000000e+02 -2.13000000e+02]
  [ 3.68856661e-03  6.10000000e+01  2.70000000e+01]
  [ 3.65785831e-03  4.00000000e+00  2.26000000e+02]]

 [[ 3.87896888e-03  7.20000000e+01  2.81000000e+02]
  [ 4.04397816e-03  7.00000000e+01  1.89000000e+02]
  [ 3.90245265e-03  3.00000000e+00 -6.29000000e+02]
  ...
  [ 3.68856661e-03  6.10000000e+01  2.70000000e+01]
  [ 3.65785831e-03  4.00000000e+00  2.26000000e+02]
  [ 3.53885499e-03  2.00000000e+01 -7.60000000e+01]]

 [[ 4.04397816e-03  7.00000000e+01  1.89000000e+02]
  [ 3.90245265e-03  3.00000000e+00 -6.29000000e+02]
  [ 3.75178151e-03  1.00000000e+01 -5.70000000e+01]
  ...
  [ 3.65785831e-03  4.00000000e+00  2.26000000e+02]
  [ 3.53885499e-03  2.00000000e+01 -7.60000000e+01]
  [ 3.42252229e-03  1.46000000e+02  3.60000000e+01]]][1 1 1 1 1 1 1 1 1 1 1 1 1 1 1 1 1 1 1 1 1 1 1 1 1 1 1 1 1 1 1 1 1 1 1 1 1
 1 1 1 1 1 1 1 1 1 1 1 1 1 1 1 1 1 1 1 1 1 1 1 1 1 1 1 1 1 1 1 1 1 1 1 1 1
 1 1 1 1 1 1 1 1 1 1 1 1 1 1 1 1 1 1 1 1 1 1 1 1 1 1 1 1 1 1 1 1 1 1 1 1 1
 1 1 1 1 1 1 1 1 1 1 1 1 1 1 1 1 1 1 1 1 1 1 1 1 1 1 1 1 1 1 1 1 1 1 1 1 1
 1 1 1 1 1 1 1 1 1 1 1 1 1 1 1 1 1 1 1 1 1 1 1 1 1 1 1 1 1 1 1 1 1 1 1 1 1
 1 1 1 1 1 1 1 1 1 1 1 1 1 1 1 1 1 1 1 1 1 1 1 1 1 1 1 1 1 1 1 1 1 1 1 1 1
 1 1 1 1 1 1 1 1 1 1 1 1 1 1 1 1 1 1 1 1 1 1 1 1 1 1 1 1 1 1 1 1 1 1 1 1 1
 1 1 1 1 1 1 1 1 1 1 1 1 1 1 1 1 1 1 1 1 1 1 1 1 1 1 1 1 1 1 1 1 1 1 1 1 1
 1 1 1 1 1 1 1 1 1 1 1 1 1 1 1 1 1 1 1 1 1 1 1 1 1 1 1 1 1 1 1 1 1 1 1 1 1
 1 1 1 1 1 1 1 1 1 1 1 1 1 1 1 1 1 1 1 1 1 1 1 1 1 1 1 1 1 1 1 1 1 1 1 1 1
 1 1 1 1 1 1 1 1 1 1 1 1 1 1 1 1 1 1 1 1 1 1 1 1 1 1 1 1 1 1 1 1 1 1 1 1 1
 1 1 1 1 1 1 1 1 1 1 1 1 1 1 1 1 1 1 1 1 1 1 1 1 1 1 1 1 1 1 1 1 1 1 1 1 1
 1 1 1 1 1 1 1 1 1 1 1 1 1 1 1 1 1 1 1 1 1 1 1 1 1 1 1 1 1 1 1 1 1 1 1 1 1
 1 1 1 1 1 1 1 1 1 1 1 1 1 1 1 1 1 1 1 1 1 1 1 1 1 1 1 1 1 1 1 1 1 1 1 1 1
 1 1 1 1 1 1 1 1 1 1 1 1 1 1 1 1 1 1 1 1 1 1 1 1 1 1 1 1 1 1 1 1]
Done.
Training group 12, split 1
	Early stopping at epoch 13
	Y Train Labels:(array([1.], dtype=float32), array([139]))
	Y Val Labels:(array([1.], dtype=float32), array([137]))
Training group 12, split 2
	Early stopping at epoch 13
	Y Train Labels:(array([1.], dtype=float32), array([276]))
	Y Val Labels:(array([1.], dtype=float32), array([137]))
Training group 12, split 3
	Early stopping at epoch 13
	Y Train Labels:(array([1.], dtype=float32), array([413]))
	Y Val Labels:(array([1.], dtype=float32), array([137]))
	Creating sequence for 'carvertical'... [[[ 2.42991000e-03  0.00000000e+00  9.33600000e+03]
  [ 2.29908000e-03  0.00000000e+00  6.20000000e+01]
  [ 1.56465000e-03  0.00000000e+00  5.45000000e+02]
  ...
  [ 5.55127000e-04  0.00000000e+00  0.00000000e+00]
  [ 5.17047000e-04  0.00000000e+00 -3.00000000e+00]
  [ 5.08744000e-04  0.00000000e+00 -1.00000000e+00]]

 [[ 2.29908000e-03  0.00000000e+00  6.20000000e+01]
  [ 1.56465000e-03  0.00000000e+00  5.45000000e+02]
  [ 1.66575000e-03  0.00000000e+00 -8.00000000e+00]
  ...
  [ 5.17047000e-04  0.00000000e+00 -3.00000000e+00]
  [ 5.08744000e-04  0.00000000e+00 -1.00000000e+00]
  [ 5.58298000e-04  0.00000000e+00  2.00000000e+00]]

 [[ 1.56465000e-03  0.00000000e+00  5.45000000e+02]
  [ 1.66575000e-03  0.00000000e+00 -8.00000000e+00]
  [ 1.58229000e-03  0.00000000e+00 -6.00000000e+00]
  ...
  [ 5.08744000e-04  0.00000000e+00 -1.00000000e+00]
  [ 5.58298000e-04  0.00000000e+00  2.00000000e+00]
  [ 5.33178000e-04  0.00000000e+00  1.00000000e+00]]

 ...

 [[ 1.98102297e-04  0.00000000e+00  0.00000000e+00]
  [ 1.98996310e-04  0.00000000e+00  0.00000000e+00]
  [ 1.92063808e-04  0.00000000e+00  0.00000000e+00]
  ...
  [ 2.09348853e-04  0.00000000e+00  0.00000000e+00]
  [ 2.09348853e-04  0.00000000e+00  0.00000000e+00]
  [ 2.09348853e-04  0.00000000e+00  0.00000000e+00]]

 [[ 1.98996310e-04  0.00000000e+00  0.00000000e+00]
  [ 1.92063808e-04  0.00000000e+00  0.00000000e+00]
  [ 1.92389538e-04  0.00000000e+00  0.00000000e+00]
  ...
  [ 2.09348853e-04  0.00000000e+00  0.00000000e+00]
  [ 2.09348853e-04  0.00000000e+00  0.00000000e+00]
  [ 2.09348853e-04  0.00000000e+00  0.00000000e+00]]

 [[ 1.92063808e-04  0.00000000e+00  0.00000000e+00]
  [ 1.92389538e-04  0.00000000e+00  0.00000000e+00]
  [ 1.91722789e-04  0.00000000e+00  0.00000000e+00]
  ...
  [ 2.09348853e-04  0.00000000e+00  0.00000000e+00]
  [ 2.09348853e-04  0.00000000e+00  0.00000000e+00]
  [ 2.09348853e-04  0.00000000e+00  1.00000000e+00]]][1 1 1 ... 1 1 1]
Done.
Training group 13, split 1
	Early stopping at epoch 13
	Y Train Labels:(array([1.], dtype=float32), array([417]))
	Y Val Labels:(array([1.], dtype=float32), array([414]))
Training group 13, split 2
	Early stopping at epoch 13
	Y Train Labels:(array([1.], dtype=float32), array([831]))
	Y Val Labels:(array([1.], dtype=float32), array([414]))
Training group 13, split 3
	Early stopping at epoch 13
	Y Train Labels:(array([1.], dtype=float32), array([1245]))
	Y Val Labels:(array([1.], dtype=float32), array([414]))
	Creating sequence for 'bread'... [[[ 6.87170000e-01  4.00000000e+00  1.23110000e+04]
  [ 4.87187000e-01  7.00000000e+00  2.72490000e+04]
  [ 5.65317000e-01  6.00000000e+00 -1.32000000e+02]
  ...
  [ 3.61308980e-01  2.00000000e+00  1.10000000e+01]
  [ 2.97232000e-01  0.00000000e+00  2.70000000e+01]
  [ 3.01182716e-01  1.00000000e+00 -6.80000000e+01]]

 [[ 4.87187000e-01  7.00000000e+00  2.72490000e+04]
  [ 5.65317000e-01  6.00000000e+00 -1.32000000e+02]
  [ 5.61993000e-01  4.00000000e+00 -1.95000000e+02]
  ...
  [ 2.97232000e-01  0.00000000e+00  2.70000000e+01]
  [ 3.01182716e-01  1.00000000e+00 -6.80000000e+01]
  [ 3.08257000e-01  2.00000000e+00 -1.30000000e+01]]

 [[ 5.65317000e-01  6.00000000e+00 -1.32000000e+02]
  [ 5.61993000e-01  4.00000000e+00 -1.95000000e+02]
  [ 5.48700000e-01  1.20000000e+01  7.34000000e+02]
  ...
  [ 3.01182716e-01  1.00000000e+00 -6.80000000e+01]
  [ 3.08257000e-01  2.00000000e+00 -1.30000000e+01]
  [ 2.94155000e-01  3.00000000e+00 -4.10000000e+01]]

 ...

 [[ 5.00538767e-03  0.00000000e+00 -4.80000000e+01]
  [ 4.95108128e-03  0.00000000e+00 -1.00000000e+01]
  [ 4.84463940e-03  0.00000000e+00  5.20000000e+01]
  ...
  [ 4.54180939e-03  0.00000000e+00 -1.90000000e+01]
  [ 4.68663687e-03  1.00000000e+00  5.00000000e+00]
  [ 4.74571260e-03  0.00000000e+00 -1.70000000e+01]]

 [[ 4.95108128e-03  0.00000000e+00 -1.00000000e+01]
  [ 4.84463940e-03  0.00000000e+00  5.20000000e+01]
  [ 4.76802771e-03  0.00000000e+00 -1.10000000e+01]
  ...
  [ 4.68663687e-03  1.00000000e+00  5.00000000e+00]
  [ 4.74571260e-03  0.00000000e+00 -1.70000000e+01]
  [ 4.79800795e-03  0.00000000e+00  1.50000000e+01]]

 [[ 4.84463940e-03  0.00000000e+00  5.20000000e+01]
  [ 4.76802771e-03  0.00000000e+00 -1.10000000e+01]
  [ 4.92592663e-03  0.00000000e+00 -2.20000000e+01]
  ...
  [ 4.74571260e-03  0.00000000e+00 -1.70000000e+01]
  [ 4.79800795e-03  0.00000000e+00  1.50000000e+01]
  [ 4.78304556e-03  0.00000000e+00  5.00000000e+00]]][1 1 1 ... 0 0 0]
Done.
Training group 14, split 1
	Early stopping at epoch 13
	Y Train Labels:(array([1.], dtype=float32), array([540]))
	Y Val Labels:(array([1.], dtype=float32), array([538]))
Training group 14, split 2
	Early stopping at epoch 13
	Y Train Labels:(array([1.], dtype=float32), array([1078]))
	Y Val Labels:(array([0., 1.], dtype=float32), array([148, 390]))
Training group 14, split 3
	Early stopping at epoch 13
	Y Train Labels:(array([0., 1.], dtype=float32), array([ 148, 1468]))
	Y Val Labels:(array([0.], dtype=float32), array([538]))
	Creating sequence for 'aeon'... [[[ 2.14132     0.         22.        ]
  [ 2.18733     0.          6.        ]
  [ 1.75968     0.          7.        ]
  ...
  [ 1.15645     0.          3.        ]
  [ 1.22963     0.          1.        ]
  [ 1.25046     0.         -6.        ]]

 [[ 2.18733     0.          6.        ]
  [ 1.75968     0.          7.        ]
  [ 1.89822     0.          3.        ]
  ...
  [ 1.22963     0.          1.        ]
  [ 1.25046     0.         -6.        ]
  [ 1.32932     0.          5.        ]]

 [[ 1.75968     0.          7.        ]
  [ 1.89822     0.          3.        ]
  [ 2.02678     1.         17.        ]
  ...
  [ 1.25046     0.         -6.        ]
  [ 1.32932     0.          5.        ]
  [ 1.28198     2.         -2.        ]]

 ...

 [[ 0.07207031  0.         -2.        ]
  [ 0.0710145   0.         -1.        ]
  [ 0.06585759  0.         -2.        ]
  ...
  [ 0.06647506  0.          0.        ]
  [ 0.06647506  0.          1.        ]
  [ 0.06647506  0.         -3.        ]]

 [[ 0.0710145   0.         -1.        ]
  [ 0.06585759  0.         -2.        ]
  [ 0.06355199  0.         -1.        ]
  ...
  [ 0.06647506  0.          1.        ]
  [ 0.06647506  0.         -3.        ]
  [ 0.06647506  0.         -3.        ]]

 [[ 0.06585759  0.         -2.        ]
  [ 0.06355199  0.         -1.        ]
  [ 0.06005161  0.          0.        ]
  ...
  [ 0.06647506  0.         -3.        ]
  [ 0.06647506  0.         -3.        ]
  [ 0.06647506  0.         -3.        ]]][1 1 1 ... 0 0 0]
Done.
Training group 15, split 1
	Early stopping at epoch 13
	Y Train Labels:(array([1.], dtype=float32), array([480]))
	Y Val Labels:(array([1.], dtype=float32), array([478]))
Training group 15, split 2
	Early stopping at epoch 13
	Y Train Labels:(array([1.], dtype=float32), array([958]))
	Y Val Labels:(array([0., 1.], dtype=float32), array([404,  74]))
Training group 15, split 3
	Early stopping at epoch 13
	Y Train Labels:(array([0., 1.], dtype=float32), array([ 404, 1032]))
	Y Val Labels:(array([0.], dtype=float32), array([478]))
	Creating sequence for 'akash-network'... [[[   1.61832869   12.          277.        ]
  [   1.6345505    23.          141.        ]
  [   1.63242452    0.           58.        ]
  ...
  [   5.16351571   12.          471.        ]
  [   5.29573462    1.          140.        ]
  [   5.02041652    9.          146.        ]]

 [[   1.6345505    23.          141.        ]
  [   1.63242452    0.           58.        ]
  [   1.65388212    0.           29.        ]
  ...
  [   5.29573462    1.          140.        ]
  [   5.02041652    9.          146.        ]
  [   5.24671084   22.         -848.        ]]

 [[   1.63242452    0.           58.        ]
  [   1.65388212    0.           29.        ]
  [   1.59790322    4.          104.        ]
  ...
  [   5.02041652    9.          146.        ]
  [   5.24671084   22.         -848.        ]
  [   5.09049762   14.         -613.        ]]

 ...

 [[   3.55260072    0.         -121.        ]
  [   3.35509885    0.            2.        ]
  [   3.2126169     0.           27.        ]
  ...
  [   2.54979796    0.          -15.        ]
  [   2.67738708    0.           77.        ]
  [   2.68235962    0.          -13.        ]]

 [[   3.35509885    0.            2.        ]
  [   3.2126169     0.           27.        ]
  [   3.10912678    0.           77.        ]
  ...
  [   2.67738708    0.           77.        ]
  [   2.68235962    0.          -13.        ]
  [   2.74215376    0.           27.        ]]

 [[   3.2126169     0.           27.        ]
  [   3.10912678    0.           77.        ]
  [   3.25487613    0.           63.        ]
  ...
  [   2.68235962    0.          -13.        ]
  [   2.74215376    0.           27.        ]
  [   2.8368958     0.           11.        ]]][1 1 1 ... 0 0 0]
Done.
Training group 16, split 1
	Early stopping at epoch 13
	Y Train Labels:(array([1.], dtype=float32), array([315]))
	Y Val Labels:(array([1.], dtype=float32), array([314]))
Training group 16, split 2
	Early stopping at epoch 13
	Y Train Labels:(array([1.], dtype=float32), array([629]))
	Y Val Labels:(array([1.], dtype=float32), array([314]))
Training group 16, split 3
	Early stopping at epoch 13
	Y Train Labels:(array([1.], dtype=float32), array([943]))
	Y Val Labels:(array([0., 1.], dtype=float32), array([110, 204]))
	Creating sequence for 'bitdao'... [[[   1.48313391    0.           39.        ]
  [   1.49778759    0.           26.        ]
  [   1.43489245    0.           35.        ]
  ...
  [   2.83391251    0.          275.        ]
  [   2.74899243    0.          234.        ]
  [   2.7352868     0.          200.        ]]

 [[   1.49778759    0.           26.        ]
  [   1.43489245    0.           35.        ]
  [   1.42816087    0.           74.        ]
  ...
  [   2.74899243    0.          234.        ]
  [   2.7352868     0.          200.        ]
  [   2.87796012    0.          152.        ]]

 [[   1.43489245    0.           35.        ]
  [   1.42816087    0.           74.        ]
  [   1.25394668    0.           48.        ]
  ...
  [   2.7352868     0.          200.        ]
  [   2.87796012    0.          152.        ]
  [   2.83199137    0.          223.        ]]

 ...

 [[   1.17534672    0.         -193.        ]
  [   1.10105027    0.            1.        ]
  [   0.95255182    0.          -21.        ]
  ...
  [   0.68707223    0.          -72.        ]
  [   0.72784295    0.          -10.        ]
  [   0.71011329    0.           -1.        ]]

 [[   1.10105027    0.            1.        ]
  [   0.95255182    0.          -21.        ]
  [   0.91674851    0.          100.        ]
  ...
  [   0.72784295    0.          -10.        ]
  [   0.71011329    0.           -1.        ]
  [   0.72991922    0.           26.        ]]

 [[   0.95255182    0.          -21.        ]
  [   0.91674851    0.          100.        ]
  [   1.43318475    0.            3.        ]
  ...
  [   0.71011329    0.           -1.        ]
  [   0.72991922    0.           26.        ]
  [   0.7184703     0.          -31.        ]]][1 1 1 ... 1 1 1]
Done.
Training group 17, split 1
	Early stopping at epoch 13
	Y Train Labels:(array([1.], dtype=float32), array([258]))
	Y Val Labels:(array([1.], dtype=float32), array([255]))
Training group 17, split 2
	Early stopping at epoch 13
	Y Train Labels:(array([1.], dtype=float32), array([513]))
	Y Val Labels:(array([1.], dtype=float32), array([255]))
Training group 17, split 3
	Early stopping at epoch 13
	Y Train Labels:(array([1.], dtype=float32), array([768]))
	Y Val Labels:(array([1.], dtype=float32), array([255]))
	Creating sequence for 'bitball'... [[[ 3.45551561e-02  0.00000000e+00  2.00000000e+00]
  [ 2.41343409e-02  0.00000000e+00  5.00000000e+00]
  [ 1.12113556e-02  0.00000000e+00 -4.00000000e+00]
  ...
  [ 4.15386325e-03  0.00000000e+00 -6.80000000e+01]
  [ 4.15381996e-03  0.00000000e+00  7.00000000e+01]
  [ 1.40296356e-03  0.00000000e+00  0.00000000e+00]]

 [[ 2.41343409e-02  0.00000000e+00  5.00000000e+00]
  [ 1.12113556e-02  0.00000000e+00 -4.00000000e+00]
  [ 9.47768150e-03  0.00000000e+00  1.00000000e+00]
  ...
  [ 4.15381996e-03  0.00000000e+00  7.00000000e+01]
  [ 1.40296356e-03  0.00000000e+00  0.00000000e+00]
  [ 3.89171538e-03  0.00000000e+00  1.00000000e+00]]

 [[ 1.12113556e-02  0.00000000e+00 -4.00000000e+00]
  [ 9.47768150e-03  0.00000000e+00  1.00000000e+00]
  [ 8.94236859e-03  0.00000000e+00  1.00000000e+00]
  ...
  [ 1.40296356e-03  0.00000000e+00  0.00000000e+00]
  [ 3.89171538e-03  0.00000000e+00  1.00000000e+00]
  [ 3.90068102e-03  0.00000000e+00 -3.00000000e+00]]

 ...

 [[ 5.68961030e-05  0.00000000e+00 -1.10000000e+01]
  [ 2.94352220e-05  0.00000000e+00  8.00000000e+00]
  [ 6.43751820e-05  0.00000000e+00  4.40000000e+01]
  ...
  [ 4.53420840e-05  0.00000000e+00 -2.00000000e+00]
  [ 2.38995790e-05  0.00000000e+00 -8.00000000e+00]
  [ 4.39943320e-05  0.00000000e+00  4.00000000e+00]]

 [[ 2.94352220e-05  0.00000000e+00  8.00000000e+00]
  [ 6.43751820e-05  0.00000000e+00  4.40000000e+01]
  [ 6.00006000e-05  0.00000000e+00  1.80000000e+01]
  ...
  [ 2.38995790e-05  0.00000000e+00 -8.00000000e+00]
  [ 4.39943320e-05  0.00000000e+00  4.00000000e+00]
  [ 4.39967050e-05  0.00000000e+00  1.60000000e+01]]

 [[ 6.43751820e-05  0.00000000e+00  4.40000000e+01]
  [ 6.00006000e-05  0.00000000e+00  1.80000000e+01]
  [ 6.00038750e-05  0.00000000e+00 -2.40000000e+01]
  ...
  [ 4.39943320e-05  0.00000000e+00  4.00000000e+00]
  [ 4.39967050e-05  0.00000000e+00  1.60000000e+01]
  [ 4.39967050e-05  0.00000000e+00  3.00000000e+00]]][1 1 1 1 1 1 1 1 1 1 1 1 1 1 1 1 1 1 1 1 1 1 1 1 1 1 1 1 1 1 1 1 1 1 1 1 1
 1 1 1 1 1 1 1 1 1 1 1 1 1 1 1 1 1 1 1 1 1 1 1 1 1 1 1 1 1 1 1 1 1 1 1 1 1
 1 1 1 1 1 1 1 1 1 1 1 1 1 1 1 1 1 1 1 1 1 1 1 1 1 1 1 1 1 1 1 1 1 1 1 1 1
 1 1 1 1 1 1 1 1 1 1 1 1 1 1 1 1 1 1 1 1 1 1 1 1 1 1 1 1 1 1 1 1 1 1 1 1 1
 1 1 1 1 1 1 1 1 1 1 1 1 1 1 1 1 1 1 1 1 1 1 1 1 1 1 1 1 1 1 1 1 1 1 1 1 1
 1 1 1 1 1 1 1 1 1 1 1 1 1 1 1 1 1 1 1 1 1 1 1 1 1 1 1 1 1 1 1 1 1 1 1 1 1
 1 1 1 1 1 1 1 1 1 1 1 1 1 1 1 1 1 1 1 1 1 1 1 1 1 1 1 1 1 1 1 1 1 1 1 1 1
 1 1 1 1 1 1 1 1 1 1 1 1 1 1 1 1 1 1 1 1 1 1 1 1 1 1 1 1 1 1 1 1 1 1 1 1 1
 1 1 1 1 1 1 1 1 1 1 1 1 1 1 1 1 1 1 1 1 1 1 1 1 1 1 1 1 1 1 1 1 1 1 1 1 1
 1 1 1 1 1 1 1 1 1 1 1 1 1 1 1 1 1 1 1 1 1 1 1 1 1 1 1 1 1 1 1 1 1 1 1 1 1
 1 1 1 1 1 1 1 1 1 1 1 1 1 1 1 1 1 1 1 1 1 1 1 1 1 1 1 1 1 1 1 1 1 1 1 1 1
 1 1 1 1 1 1 1 1 1 1 1 1 1 1 1 1 1 1 1 1 1 1 1 1 1 1 1 1 1 1 1 1 1 1 1 1 1
 1 1 1 1 1 1 1 1 1 1 1 1 1 1 1 1 1 1 1 1 1 1 1 1 1 1 1 1 1 1 1 1 1 1 1 1 1
 1 1 1 1 1 1 1 1 1 1 1 1 1 1 1 1 1 1 1 1 1 1 1 1 1 1 1 1 1 1 1 1 1 1 1 1 1
 1 1 1 1 1 1 1 1 1 1 1 1 1 1 1 1 1 1 1 1 1 1 1 1 1 1 1 1 1 1 1 1 1 1 1 1 1
 1 1 1 1 1 1 1 1 1 1 1 1 1 1 1 1 1 1 1 1 1 1 1 1 1 1 1 1 1 1 1 1 1 1 1 1 1
 1 1 1 1 1 1 1 1 1 1 1 1 1 1 1 1 1 1 1 1 1 1 1 1 1 1 1 1 1 1 1 1 1 1 1 1 1
 1 1 1 1 1 1 1 1 1 1 1 1 1 1 1 1 1 1 1 1 1 1 1 1 1 1 1 1 1 1 1 1 1 1 1 1 1
 1 1 1 1 1 1 1 1 1 1 1 1 1 1 1 1 1 1 1 1 1 1 1 1 1 1 1 1 1 1 1 1 1 1 1 1 1
 1 1 1 1 1 1 1 1 1 1 1 1 1 1 1 1 1 1 1 1 1 1 1 1 1 1 1 1 1 1 1 1 1 1 1 1 1
 1 1 1 1 1 1 1 1 1 1 1 1 1 1 1 1 1 1 1 1 1 1 1 1 1 1 1 1 1 1 1 1 1 1 1 1 1
 1 1 1 1 1 1 1 1 1 1 1 1 1 1 1 1 1 1 1 1 1 1 1 1 1 1 1 1 1 1 1 1 1 1 1 1 1
 1 1 1 1 1 1 1 1 1 1 1 1 1 1 1 1 1 1 1 1 1 1 1 1 1 1 1 1 1 1 1 1 1 1 1 1 1
 1 1 1 1 1 1 1 1 1 1 1 1 1 1 1 1 1 1 1 1 1 1 1 1 1 1 1 1 1 1 1 1 1 1 1 1 1
 1 1 1 1 1 1 1 1 1 1 1 1 1 1 1 1 1 1 1 1 1 1 1 1 1 1 1 1 1 1 1 1 1 1 1 1 1
 1 1 1 1 1 1 1 1 1 1 1]
Done.
Training group 18, split 1
	Early stopping at epoch 13
	Y Train Labels:(array([1.], dtype=float32), array([234]))
	Y Val Labels:(array([1.], dtype=float32), array([234]))
Training group 18, split 2
	Early stopping at epoch 13
	Y Train Labels:(array([1.], dtype=float32), array([468]))
	Y Val Labels:(array([1.], dtype=float32), array([234]))
Training group 18, split 3
	Early stopping at epoch 13
	Y Train Labels:(array([1.], dtype=float32), array([702]))
	Y Val Labels:(array([1.], dtype=float32), array([234]))
	Creating sequence for 'binance-usd'... [[[  1.00243127   0.          27.        ]
  [  1.0074163    0.           7.        ]
  [  1.00574205   1.           3.        ]
  ...
  [  1.01057009   0.           0.        ]
  [  1.00688162   0.           1.        ]
  [  1.0028577    0.           3.        ]]

 [[  1.0074163    0.           7.        ]
  [  1.00574205   1.           3.        ]
  [  1.00505805   0.           5.        ]
  ...
  [  1.00688162   0.           1.        ]
  [  1.0028577    0.           3.        ]
  [  1.00101136   0.           2.        ]]

 [[  1.00574205   1.           3.        ]
  [  1.00505805   0.           5.        ]
  [  1.00835738  11.           0.        ]
  ...
  [  1.0028577    0.           3.        ]
  [  1.00101136   0.           2.        ]
  [  1.01085791   0.          -1.        ]]

 ...

 [[  1.00063599   0.         -12.        ]
  [  1.00017841   0.         -15.        ]
  [  0.9996983    0.          -9.        ]
  ...
  [  1.00191109   0.           4.        ]
  [  1.00150949   8.           2.        ]
  [  1.00062914   0.           9.        ]]

 [[  1.00017841   0.         -15.        ]
  [  0.9996983    0.          -9.        ]
  [  0.99986836   0.          -7.        ]
  ...
  [  1.00150949   8.           2.        ]
  [  1.00062914   0.           9.        ]
  [  1.00111109   0.          -4.        ]]

 [[  0.9996983    0.          -9.        ]
  [  0.99986836   0.          -7.        ]
  [  1.00017575   0.           2.        ]
  ...
  [  1.00062914   0.           9.        ]
  [  1.00111109   0.          -4.        ]
  [  1.00111203   1.          10.        ]]][1 1 1 ... 0 0 0]
Done.
Training group 19, split 1
	Early stopping at epoch 13
	Y Train Labels:(array([1.], dtype=float32), array([438]))
	Y Val Labels:(array([1.], dtype=float32), array([435]))
Training group 19, split 2
	Early stopping at epoch 13
	Y Train Labels:(array([1.], dtype=float32), array([873]))
	Y Val Labels:(array([1.], dtype=float32), array([435]))
Training group 19, split 3
	Early stopping at epoch 13
	Y Train Labels:(array([1.], dtype=float32), array([1308]))
	Y Val Labels:(array([0., 1.], dtype=float32), array([425,  10]))
	Creating sequence for 'bytom'... [[[ 3.51859000e-01  1.90000000e+01  5.70000000e+01]
  [ 3.60140000e-01  3.00000000e+01 -6.00000000e+00]
  [ 3.69283000e-01  5.80000000e+01  2.30000000e+01]
  ...
  [ 6.21024000e-01  3.30000000e+01  1.35600000e+03]
  [ 6.35019000e-01  0.00000000e+00  1.94900000e+03]
  [ 6.71745000e-01  0.00000000e+00  5.38000000e+02]]

 [[ 3.60140000e-01  3.00000000e+01 -6.00000000e+00]
  [ 3.69283000e-01  5.80000000e+01  2.30000000e+01]
  [ 3.51605000e-01  2.30000000e+01  5.50000000e+01]
  ...
  [ 6.35019000e-01  0.00000000e+00  1.94900000e+03]
  [ 6.71745000e-01  0.00000000e+00  5.38000000e+02]
  [ 6.15451000e-01  1.30000000e+01  5.03000000e+02]]

 [[ 3.69283000e-01  5.80000000e+01  2.30000000e+01]
  [ 3.51605000e-01  2.30000000e+01  5.50000000e+01]
  [ 3.54456000e-01  2.30000000e+01  4.00000000e+01]
  ...
  [ 6.71745000e-01  0.00000000e+00  5.38000000e+02]
  [ 6.15451000e-01  1.30000000e+01  5.03000000e+02]
  [ 6.40355000e-01  1.00000000e+01  3.00000000e+02]]

 ...

 [[ 8.42239229e-03  0.00000000e+00  0.00000000e+00]
  [ 8.58084200e-03  0.00000000e+00  0.00000000e+00]
  [ 8.33918159e-03  0.00000000e+00 -1.00000000e+00]
  ...
  [ 5.09881792e-03  0.00000000e+00 -1.00000000e+00]
  [ 5.20626385e-03  0.00000000e+00  0.00000000e+00]
  [ 5.05081029e-03  0.00000000e+00  0.00000000e+00]]

 [[ 8.58084200e-03  0.00000000e+00  0.00000000e+00]
  [ 8.33918159e-03  0.00000000e+00 -1.00000000e+00]
  [ 8.19851937e-03  0.00000000e+00  0.00000000e+00]
  ...
  [ 5.20626385e-03  0.00000000e+00  0.00000000e+00]
  [ 5.05081029e-03  0.00000000e+00  0.00000000e+00]
  [ 5.06044606e-03  0.00000000e+00  0.00000000e+00]]

 [[ 8.33918159e-03  0.00000000e+00 -1.00000000e+00]
  [ 8.19851937e-03  0.00000000e+00  0.00000000e+00]
  [ 7.90214477e-03  0.00000000e+00  0.00000000e+00]
  ...
  [ 5.05081029e-03  0.00000000e+00  0.00000000e+00]
  [ 5.06044606e-03  0.00000000e+00  0.00000000e+00]
  [ 5.04905866e-03  0.00000000e+00 -1.00000000e+00]]][1 1 1 ... 0 0 0]
Done.
Training group 20, split 1
	Early stopping at epoch 13
	Y Train Labels:(array([1.], dtype=float32), array([565]))
	Y Val Labels:(array([1.], dtype=float32), array([562]))
Training group 20, split 2
	Early stopping at epoch 13
	Y Train Labels:(array([1.], dtype=float32), array([1127]))
	Y Val Labels:(array([1.], dtype=float32), array([562]))
Training group 20, split 3
	Early stopping at epoch 13
	Y Train Labels:(array([1.], dtype=float32), array([1689]))
	Y Val Labels:(array([0., 1.], dtype=float32), array([ 30, 532]))
	Creating sequence for 'blocery'... [[[ 8.18139146e-02  0.00000000e+00  3.00000000e+00]
  [ 7.75677100e-02  0.00000000e+00  1.00000000e+00]
  [ 7.85093812e-02  0.00000000e+00  1.00000000e+00]
  ...
  [ 3.72844220e-01  0.00000000e+00  1.70000000e+01]
  [ 5.82454940e-01  0.00000000e+00  4.00000000e+00]
  [ 3.37242640e-01  0.00000000e+00  8.00000000e+00]]

 [[ 7.75677100e-02  0.00000000e+00  1.00000000e+00]
  [ 7.85093812e-02  0.00000000e+00  1.00000000e+00]
  [ 7.44658101e-02  0.00000000e+00 -5.00000000e+00]
  ...
  [ 5.82454940e-01  0.00000000e+00  4.00000000e+00]
  [ 3.37242640e-01  0.00000000e+00  8.00000000e+00]
  [ 3.41513460e-01  0.00000000e+00  3.00000000e+00]]

 [[ 7.85093812e-02  0.00000000e+00  1.00000000e+00]
  [ 7.44658101e-02  0.00000000e+00 -5.00000000e+00]
  [ 7.88627413e-02  0.00000000e+00 -3.59000000e+02]
  ...
  [ 3.37242640e-01  0.00000000e+00  8.00000000e+00]
  [ 3.41513460e-01  0.00000000e+00  3.00000000e+00]
  [ 3.25612180e-01  0.00000000e+00  1.45000000e+02]]

 ...

 [[ 5.26350769e-03  0.00000000e+00 -4.50000000e+01]
  [ 5.22791810e-03  0.00000000e+00 -7.80000000e+01]
  [ 5.21561381e-03  0.00000000e+00  1.00000000e+01]
  ...
  [ 5.28731875e-03  0.00000000e+00 -1.00000000e+01]
  [ 6.01146666e-03  0.00000000e+00 -1.60000000e+01]
  [ 5.50756953e-03  0.00000000e+00  5.00000000e+00]]

 [[ 5.22791810e-03  0.00000000e+00 -7.80000000e+01]
  [ 5.21561381e-03  0.00000000e+00  1.00000000e+01]
  [ 5.18931763e-03  0.00000000e+00 -2.40000000e+01]
  ...
  [ 6.01146666e-03  0.00000000e+00 -1.60000000e+01]
  [ 5.50756953e-03  0.00000000e+00  5.00000000e+00]
  [ 5.51822686e-03  0.00000000e+00 -4.00000000e+00]]

 [[ 5.21561381e-03  0.00000000e+00  1.00000000e+01]
  [ 5.18931763e-03  0.00000000e+00 -2.40000000e+01]
  [ 5.19706430e-03  0.00000000e+00 -4.60000000e+01]
  ...
  [ 5.50756953e-03  0.00000000e+00  5.00000000e+00]
  [ 5.51822686e-03  0.00000000e+00 -4.00000000e+00]
  [ 5.38978040e-03  0.00000000e+00 -2.60000000e+01]]][1 1 1 ... 0 0 0]
Done.
Training group 21, split 1
	Early stopping at epoch 13
	Y Train Labels:(array([1.], dtype=float32), array([308]))
	Y Val Labels:(array([1.], dtype=float32), array([308]))
Training group 21, split 2
	Early stopping at epoch 13
	Y Train Labels:(array([1.], dtype=float32), array([616]))
	Y Val Labels:(array([0., 1.], dtype=float32), array([199, 109]))
Training group 21, split 3
	Early stopping at epoch 13
	Y Train Labels:(array([0., 1.], dtype=float32), array([199, 725]))
	Y Val Labels:(array([0.], dtype=float32), array([308]))
	Creating sequence for 'aeron'... [[[ 1.274600e+00  0.000000e+00  6.630000e+02]
  [ 1.200150e+00  0.000000e+00  8.890000e+02]
  [ 1.409180e+00  0.000000e+00  3.100000e+02]
  ...
  [ 8.019690e-01  0.000000e+00  7.000000e+00]
  [ 8.074690e-01  0.000000e+00 -4.200000e+01]
  [ 7.941610e-01  0.000000e+00 -3.400000e+01]]

 [[ 1.200150e+00  0.000000e+00  8.890000e+02]
  [ 1.409180e+00  0.000000e+00  3.100000e+02]
  [ 1.485320e+00  0.000000e+00 -2.700000e+01]
  ...
  [ 8.074690e-01  0.000000e+00 -4.200000e+01]
  [ 7.941610e-01  0.000000e+00 -3.400000e+01]
  [ 7.830700e-01  0.000000e+00 -1.800000e+01]]

 [[ 1.409180e+00  0.000000e+00  3.100000e+02]
  [ 1.485320e+00  0.000000e+00 -2.700000e+01]
  [ 1.577650e+00  0.000000e+00 -6.400000e+01]
  ...
  [ 7.941610e-01  0.000000e+00 -3.400000e+01]
  [ 7.830700e-01  0.000000e+00 -1.800000e+01]
  [ 6.425370e-01  0.000000e+00  4.000000e+00]]

 ...

 [[ 2.447047e-06  0.000000e+00 -4.300000e+01]
  [ 3.335874e-06  0.000000e+00  5.000000e+00]
  [ 2.266919e-06  0.000000e+00 -2.400000e+01]
  ...
  [ 3.511522e-06  0.000000e+00 -3.300000e+01]
  [ 2.606802e-06  0.000000e+00  1.500000e+01]
  [ 3.493922e-06  0.000000e+00 -2.300000e+01]]

 [[ 3.335874e-06  0.000000e+00  5.000000e+00]
  [ 2.266919e-06  0.000000e+00 -2.400000e+01]
  [ 2.269396e-06  0.000000e+00  1.300000e+01]
  ...
  [ 2.606802e-06  0.000000e+00  1.500000e+01]
  [ 3.493922e-06  0.000000e+00 -2.300000e+01]
  [ 3.717796e-06  0.000000e+00  9.000000e+00]]

 [[ 2.266919e-06  0.000000e+00 -2.400000e+01]
  [ 2.269396e-06  0.000000e+00  1.300000e+01]
  [ 2.796022e-06  0.000000e+00 -4.000000e+00]
  ...
  [ 3.493922e-06  0.000000e+00 -2.300000e+01]
  [ 3.717796e-06  0.000000e+00  9.000000e+00]
  [ 1.895060e-06  0.000000e+00 -8.000000e+00]]][1 1 1 ... 0 0 0]
Done.
Training group 22, split 1
	Early stopping at epoch 13
	Y Train Labels:(array([1.], dtype=float32), array([568]))
	Y Val Labels:(array([0., 1.], dtype=float32), array([366, 200]))
Training group 22, split 2
	Early stopping at epoch 13
	Y Train Labels:(array([0., 1.], dtype=float32), array([366, 768]))
	Y Val Labels:(array([0.], dtype=float32), array([566]))
Training group 22, split 3
	Early stopping at epoch 13
	Y Train Labels:(array([0., 1.], dtype=float32), array([932, 768]))
	Y Val Labels:(array([0.], dtype=float32), array([566]))
	Creating sequence for 'blockstack'... [[[ 4.44165300e-01  8.40000000e+01  1.53000000e+02]
  [ 4.39852300e-01  1.44000000e+02  2.40000000e+01]
  [ 4.29563390e-01  2.30000000e+01  4.50000000e+01]
  ...
  [ 1.22802819e+00  1.03000000e+02  8.00000000e+01]
  [ 1.26605910e+00  5.00000000e+00  1.16000000e+02]
  [ 1.25374414e+00  6.00000000e+00  7.20000000e+01]]

 [[ 4.39852300e-01  1.44000000e+02  2.40000000e+01]
  [ 4.29563390e-01  2.30000000e+01  4.50000000e+01]
  [ 4.28773100e-01  1.00000000e+00  3.80000000e+01]
  ...
  [ 1.26605910e+00  5.00000000e+00  1.16000000e+02]
  [ 1.25374414e+00  6.00000000e+00  7.20000000e+01]
  [ 1.24542820e+00  7.40000000e+01 -4.36000000e+02]]

 [[ 4.29563390e-01  2.30000000e+01  4.50000000e+01]
  [ 4.28773100e-01  1.00000000e+00  3.80000000e+01]
  [ 4.28293310e-01  5.70000000e+01  2.60000000e+01]
  ...
  [ 1.25374414e+00  6.00000000e+00  7.20000000e+01]
  [ 1.24542820e+00  7.40000000e+01 -4.36000000e+02]
  [ 1.24125663e+00  1.30000000e+02 -2.57000000e+02]]

 ...

 [[ 1.75310213e+00  0.00000000e+00 -1.14000000e+02]
  [ 1.74239960e+00  0.00000000e+00  6.30000000e+01]
  [ 1.80614525e+00  0.00000000e+00  8.00000000e+00]
  ...
  [ 1.56334759e+00  0.00000000e+00 -1.96000000e+02]
  [ 1.68898618e+00  0.00000000e+00 -6.50000000e+01]
  [ 1.74251162e+00  0.00000000e+00  5.70000000e+01]]

 [[ 1.74239960e+00  0.00000000e+00  6.30000000e+01]
  [ 1.80614525e+00  0.00000000e+00  8.00000000e+00]
  [ 1.85635003e+00  0.00000000e+00  2.48000000e+02]
  ...
  [ 1.68898618e+00  0.00000000e+00 -6.50000000e+01]
  [ 1.74251162e+00  0.00000000e+00  5.70000000e+01]
  [ 1.76120935e+00  0.00000000e+00  1.13000000e+02]]

 [[ 1.80614525e+00  0.00000000e+00  8.00000000e+00]
  [ 1.85635003e+00  0.00000000e+00  2.48000000e+02]
  [ 1.94654769e+00  0.00000000e+00  1.73000000e+02]
  ...
  [ 1.74251162e+00  0.00000000e+00  5.70000000e+01]
  [ 1.76120935e+00  0.00000000e+00  1.13000000e+02]
  [ 1.73020153e+00  0.00000000e+00  1.97000000e+02]]][1 1 1 ... 1 1 1]
Done.
Training group 23, split 1
	Early stopping at epoch 13
	Y Train Labels:(array([1.], dtype=float32), array([316]))
	Y Val Labels:(array([1.], dtype=float32), array([314]))
Training group 23, split 2
	Early stopping at epoch 13
	Y Train Labels:(array([1.], dtype=float32), array([630]))
	Y Val Labels:(array([1.], dtype=float32), array([314]))
Training group 23, split 3
	Early stopping at epoch 13
	Y Train Labels:(array([1.], dtype=float32), array([944]))
	Y Val Labels:(array([1.], dtype=float32), array([314]))
	Creating sequence for 'aragon'... [[[ 1.52438000e+00  0.00000000e+00  1.46900000e+03]
  [ 2.42523000e+00  0.00000000e+00  6.16300000e+03]
  [ 2.31697000e+00  1.60000000e+01  3.25000000e+02]
  ...
  [ 3.36494000e+00  1.00000000e+01  8.50000000e+01]
  [ 3.26999000e+00  1.40000000e+01  8.40000000e+01]
  [ 3.78375000e+00  9.30000000e+01  1.08000000e+02]]

 [[ 2.42523000e+00  0.00000000e+00  6.16300000e+03]
  [ 2.31697000e+00  1.60000000e+01  3.25000000e+02]
  [ 2.69698000e+00  5.00000000e+00  4.45700000e+03]
  ...
  [ 3.26999000e+00  1.40000000e+01  8.40000000e+01]
  [ 3.78375000e+00  9.30000000e+01  1.08000000e+02]
  [ 3.90513000e+00  1.40000000e+01  1.01000000e+02]]

 [[ 2.31697000e+00  1.60000000e+01  3.25000000e+02]
  [ 2.69698000e+00  5.00000000e+00  4.45700000e+03]
  [ 2.45079000e+00  6.00000000e+00  5.13000000e+02]
  ...
  [ 3.78375000e+00  9.30000000e+01  1.08000000e+02]
  [ 3.90513000e+00  1.40000000e+01  1.01000000e+02]
  [ 3.81613000e+00  8.30000000e+01  1.18000000e+02]]

 ...

 [[ 8.55170203e+00  1.59000000e+02  0.00000000e+00]
  [ 8.13697005e+00  4.70000000e+01  4.80000000e+01]
  [ 8.19657982e+00  8.40000000e+01  3.30000000e+01]
  ...
  [ 6.16900440e+00  1.02000000e+02  2.60000000e+01]
  [ 6.66174183e+00  6.30000000e+01 -3.40000000e+01]
  [ 6.61706289e+00  1.90000000e+01  1.22000000e+02]]

 [[ 8.13697005e+00  4.70000000e+01  4.80000000e+01]
  [ 8.19657982e+00  8.40000000e+01  3.30000000e+01]
  [ 8.24871787e+00  1.00000000e+00 -2.08000000e+02]
  ...
  [ 6.66174183e+00  6.30000000e+01 -3.40000000e+01]
  [ 6.61706289e+00  1.90000000e+01  1.22000000e+02]
  [ 6.43718004e+00  0.00000000e+00 -3.80000000e+01]]

 [[ 8.19657982e+00  8.40000000e+01  3.30000000e+01]
  [ 8.24871787e+00  1.00000000e+00 -2.08000000e+02]
  [ 8.15067687e+00  0.00000000e+00  3.40000000e+01]
  ...
  [ 6.61706289e+00  1.90000000e+01  1.22000000e+02]
  [ 6.43718004e+00  0.00000000e+00 -3.80000000e+01]
  [ 6.71100120e+00  1.13000000e+02 -5.00000000e+00]]][1 1 1 ... 1 1 1]
Done.
Training group 24, split 1
	Early stopping at epoch 13
	Y Train Labels:(array([1.], dtype=float32), array([586]))
	Y Val Labels:(array([1.], dtype=float32), array([586]))
Training group 24, split 2
	Early stopping at epoch 13
	Y Train Labels:(array([1.], dtype=float32), array([1172]))
	Y Val Labels:(array([1.], dtype=float32), array([586]))
Training group 24, split 3
	Early stopping at epoch 13
	Y Train Labels:(array([1.], dtype=float32), array([1758]))
	Y Val Labels:(array([1.], dtype=float32), array([586]))
	Creating sequence for 'chainx'... [[[ 6.42269293e+00  1.80000000e+01  5.00000000e+00]
  [ 6.23284200e+00  5.00000000e+00  4.00000000e+00]
  [ 6.30209204e+00  2.00000000e+00  1.00000000e+00]
  ...
  [ 1.76761151e+00  0.00000000e+00 -1.00000000e+00]
  [ 1.78041804e+00  0.00000000e+00  1.00000000e+00]
  [ 1.77451019e+00  0.00000000e+00 -1.00000000e+00]]

 [[ 6.23284200e+00  5.00000000e+00  4.00000000e+00]
  [ 6.30209204e+00  2.00000000e+00  1.00000000e+00]
  [ 6.23061493e+00  0.00000000e+00  9.00000000e+00]
  ...
  [ 1.78041804e+00  0.00000000e+00  1.00000000e+00]
  [ 1.77451019e+00  0.00000000e+00 -1.00000000e+00]
  [ 1.74360791e+00  0.00000000e+00 -1.00000000e+00]]

 [[ 6.30209204e+00  2.00000000e+00  1.00000000e+00]
  [ 6.23061493e+00  0.00000000e+00  9.00000000e+00]
  [ 6.73493356e+00  1.00000000e+01  1.00000000e+00]
  ...
  [ 1.77451019e+00  0.00000000e+00 -1.00000000e+00]
  [ 1.74360791e+00  0.00000000e+00 -1.00000000e+00]
  [ 1.76197141e+00  0.00000000e+00  4.00000000e+00]]

 ...

 [[ 1.38334467e-01  0.00000000e+00 -1.12000000e+02]
  [ 1.38734973e-01  1.10000000e+01  8.10000000e+01]
  [ 1.32899076e-01  0.00000000e+00 -1.33000000e+02]
  ...
  [ 1.03558236e-01  0.00000000e+00 -1.60000000e+02]
  [ 1.10367816e-01  0.00000000e+00 -5.10000000e+01]
  [ 1.09605008e-01  0.00000000e+00  1.60000000e+01]]

 [[ 1.38734973e-01  1.10000000e+01  8.10000000e+01]
  [ 1.32899076e-01  0.00000000e+00 -1.33000000e+02]
  [ 1.38353146e-01  0.00000000e+00  3.13000000e+02]
  ...
  [ 1.10367816e-01  0.00000000e+00 -5.10000000e+01]
  [ 1.09605008e-01  0.00000000e+00  1.60000000e+01]
  [ 1.12338475e-01  0.00000000e+00  2.30000000e+01]]

 [[ 1.32899076e-01  0.00000000e+00 -1.33000000e+02]
  [ 1.38353146e-01  0.00000000e+00  3.13000000e+02]
  [ 1.37007237e-01  0.00000000e+00  1.73000000e+02]
  ...
  [ 1.09605008e-01  0.00000000e+00  1.60000000e+01]
  [ 1.12338475e-01  0.00000000e+00  2.30000000e+01]
  [ 1.18559856e-01  0.00000000e+00 -5.20000000e+01]]][1 1 1 ... 0 0 0]
Done.
Training group 25, split 1
	Early stopping at epoch 13
	Y Train Labels:(array([1.], dtype=float32), array([445]))
	Y Val Labels:(array([1.], dtype=float32), array([444]))
Training group 25, split 2
	Early stopping at epoch 13
	Y Train Labels:(array([1.], dtype=float32), array([889]))
	Y Val Labels:(array([1.], dtype=float32), array([444]))
Training group 25, split 3
	Early stopping at epoch 13
	Y Train Labels:(array([1.], dtype=float32), array([1333]))
	Y Val Labels:(array([0., 1.], dtype=float32), array([221, 223]))
	Creating sequence for '88mph'... [[[ 39.38228309  13.          75.        ]
  [ 30.0039965    5.          42.        ]
  [ 39.0297078    1.          62.        ]
  ...
  [180.91352272   0.          84.        ]
  [150.01742495   0.         228.        ]
  [141.19843611   2.          69.        ]]

 [[ 30.0039965    5.          42.        ]
  [ 39.0297078    1.          62.        ]
  [ 41.27795161   2.          99.        ]
  ...
  [150.01742495   0.         228.        ]
  [141.19843611   2.          69.        ]
  [155.69881273   4.          -4.        ]]

 [[ 39.0297078    1.          62.        ]
  [ 41.27795161   2.          99.        ]
  [ 38.28100716   0.          49.        ]
  ...
  [141.19843611   2.          69.        ]
  [155.69881273   4.          -4.        ]
  [165.01678531   2.         -74.        ]]

 ...

 [[  0.49274139   0.          -7.        ]
  [  0.47756014   0.         -12.        ]
  [  0.47492268   0.          -3.        ]
  ...
  [  0.4578573    0.           3.        ]
  [  0.41951281   0.          -8.        ]
  [  0.41538501   0.          -7.        ]]

 [[  0.47756014   0.         -12.        ]
  [  0.47492268   0.          -3.        ]
  [  0.49196985   0.           5.        ]
  ...
  [  0.41951281   0.          -8.        ]
  [  0.41538501   0.          -7.        ]
  [  0.46175004   0.           0.        ]]

 [[  0.47492268   0.          -3.        ]
  [  0.49196985   0.           5.        ]
  [  0.45572313   0.          -8.        ]
  ...
  [  0.41538501   0.          -7.        ]
  [  0.46175004   0.           0.        ]
  [  0.43829669   0.          -2.        ]]][1 1 1 ... 0 0 0]
Done.
Training group 26, split 1
	Early stopping at epoch 13
	Y Train Labels:(array([1.], dtype=float32), array([323]))
	Y Val Labels:(array([0., 1.], dtype=float32), array([238,  82]))
Training group 26, split 2
	Early stopping at epoch 13
	Y Train Labels:(array([0., 1.], dtype=float32), array([238, 405]))
	Y Val Labels:(array([0.], dtype=float32), array([320]))
Training group 26, split 3
	Early stopping at epoch 13
	Y Train Labels:(array([0., 1.], dtype=float32), array([558, 405]))
	Y Val Labels:(array([0.], dtype=float32), array([320]))
	Creating sequence for 'convergence'... [[[ 1.62502002e-01  0.00000000e+00 -3.32900000e+03]
  [ 1.36856657e-01  0.00000000e+00  2.06000000e+02]
  [ 1.43982285e-01  0.00000000e+00  3.91000000e+02]
  ...
  [ 6.08436000e-02  0.00000000e+00  1.95000000e+02]
  [ 5.62371010e-02  0.00000000e+00 -2.40000000e+01]
  [ 4.92685039e-02  0.00000000e+00  2.12000000e+02]]

 [[ 1.36856657e-01  0.00000000e+00  2.06000000e+02]
  [ 1.43982285e-01  0.00000000e+00  3.91000000e+02]
  [ 1.54156058e-01  0.00000000e+00  2.86000000e+02]
  ...
  [ 5.62371010e-02  0.00000000e+00 -2.40000000e+01]
  [ 4.92685039e-02  0.00000000e+00  2.12000000e+02]
  [ 4.56790146e-02  2.00000000e+00  1.37000000e+02]]

 [[ 1.43982285e-01  0.00000000e+00  3.91000000e+02]
  [ 1.54156058e-01  0.00000000e+00  2.86000000e+02]
  [ 1.32274733e-01  8.00000000e+00  3.39000000e+02]
  ...
  [ 4.92685039e-02  0.00000000e+00  2.12000000e+02]
  [ 4.56790146e-02  2.00000000e+00  1.37000000e+02]
  [ 4.84053367e-02  0.00000000e+00  8.30000000e+01]]

 ...

 [[ 7.81421657e-04  0.00000000e+00 -5.20000000e+01]
  [ 8.31360186e-04  0.00000000e+00  3.84000000e+02]
  [ 7.86361034e-04  0.00000000e+00  5.05000000e+02]
  ...
  [ 1.27263335e-04  0.00000000e+00 -4.70000000e+01]
  [ 1.29663313e-04  0.00000000e+00 -4.40000000e+01]
  [ 1.38295438e-04  0.00000000e+00  1.01000000e+02]]

 [[ 8.31360186e-04  0.00000000e+00  3.84000000e+02]
  [ 7.86361034e-04  0.00000000e+00  5.05000000e+02]
  [ 8.08289726e-04  0.00000000e+00  1.50000000e+02]
  ...
  [ 1.29663313e-04  0.00000000e+00 -4.40000000e+01]
  [ 1.38295438e-04  0.00000000e+00  1.01000000e+02]
  [ 1.36363796e-04  0.00000000e+00 -2.70000000e+01]]

 [[ 7.86361034e-04  0.00000000e+00  5.05000000e+02]
  [ 8.08289726e-04  0.00000000e+00  1.50000000e+02]
  [ 8.28865810e-04  0.00000000e+00 -2.29000000e+02]
  ...
  [ 1.38295438e-04  0.00000000e+00  1.01000000e+02]
  [ 1.36363796e-04  0.00000000e+00 -2.70000000e+01]
  [ 1.38104952e-04  0.00000000e+00  1.70000000e+01]]][1 1 1 ... 0 0 0]
Done.
Training group 27, split 1
	Early stopping at epoch 13
	Y Train Labels:(array([1.], dtype=float32), array([296]))
	Y Val Labels:(array([0., 1.], dtype=float32), array([222,  73]))
Training group 27, split 2
	Early stopping at epoch 13
	Y Train Labels:(array([0., 1.], dtype=float32), array([222, 369]))
	Y Val Labels:(array([0.], dtype=float32), array([295]))
Training group 27, split 3
	Early stopping at epoch 13
	Y Train Labels:(array([0., 1.], dtype=float32), array([517, 369]))
	Y Val Labels:(array([0.], dtype=float32), array([295]))
	Creating sequence for 'celo-dollar'... [[[ 9.98010785e-01  2.80000000e+01  2.53000000e+02]
  [ 9.99749828e-01  1.20000000e+01  2.94000000e+02]
  [ 9.98667197e-01  3.30000000e+01  4.28000000e+02]
  ...
  [ 1.00296081e+00  2.00000000e+00  1.04400000e+03]
  [ 1.00187056e+00  2.30000000e+01  8.84000000e+02]
  [ 1.00284887e+00  1.04000000e+02  8.31000000e+02]]

 [[ 9.99749828e-01  1.20000000e+01  2.94000000e+02]
  [ 9.98667197e-01  3.30000000e+01  4.28000000e+02]
  [ 9.95192557e-01  8.40000000e+01  3.50000000e+02]
  ...
  [ 1.00187056e+00  2.30000000e+01  8.84000000e+02]
  [ 1.00284887e+00  1.04000000e+02  8.31000000e+02]
  [ 9.97859274e-01  9.50000000e+01  9.09000000e+02]]

 [[ 9.98667197e-01  3.30000000e+01  4.28000000e+02]
  [ 9.95192557e-01  8.40000000e+01  3.50000000e+02]
  [ 9.94876047e-01  5.60000000e+01  3.67000000e+02]
  ...
  [ 1.00284887e+00  1.04000000e+02  8.31000000e+02]
  [ 9.97859274e-01  9.50000000e+01  9.09000000e+02]
  [ 9.92156568e-01  8.00000000e+01  6.81000000e+02]]

 ...

 [[ 9.98602781e-01  1.75000000e+02  1.00000000e+00]
  [ 9.95725793e-01  1.13000000e+02 -7.00000000e+00]
  [ 9.95030649e-01  1.04000000e+02  9.00000000e+00]
  ...
  [ 9.98753448e-01  1.50000000e+02 -1.00000000e+00]
  [ 9.98523658e-01  1.67000000e+02  4.00000000e+00]
  [ 9.99020855e-01  2.00000000e+01  9.00000000e+00]]

 [[ 9.95725793e-01  1.13000000e+02 -7.00000000e+00]
  [ 9.95030649e-01  1.04000000e+02  9.00000000e+00]
  [ 9.95968403e-01  1.80000000e+01  9.00000000e+00]
  ...
  [ 9.98523658e-01  1.67000000e+02  4.00000000e+00]
  [ 9.99020855e-01  2.00000000e+01  9.00000000e+00]
  [ 1.00063507e+00  5.00000000e+00  8.00000000e+00]]

 [[ 9.95030649e-01  1.04000000e+02  9.00000000e+00]
  [ 9.95968403e-01  1.80000000e+01  9.00000000e+00]
  [ 9.98685611e-01  5.00000000e+00 -1.60000000e+01]
  ...
  [ 9.99020855e-01  2.00000000e+01  9.00000000e+00]
  [ 1.00063507e+00  5.00000000e+00  8.00000000e+00]
  [ 9.99585890e-01  2.42000000e+02 -2.00000000e+00]]][1 1 1 1 1 1 1 1 1 1 1 1 1 1 1 1 1 1 1 1 1 1 1 1 1 1 1 1 1 1 1 1 1 1 1 1 1
 1 1 1 1 1 1 1 1 1 1 1 1 1 1 1 1 1 1 1 1 1 1 1 1 1 1 1 1 1 1 1 1 1 1 1 1 1
 1 1 1 1 1 1 1 1 1 1 1 1 1 1 1 1 1 1 1 1 1 1 1 1 1 1 1 1 1 1 1 1 1 1 1 1 1
 1 1 1 1 1 1 1 1 1 1 1 1 1 1 1 1 1 1 1 1 1 1 1 1 1 1 1 1 1 1 1 1 1 1 1 1 1
 1 1 1 1 1 1 1 1 1 1 1 1 1 1 1 1 1 1 1 1 1 1 1 1 1 1 1 1 1 1 1 1 1 1 1 1 1
 1 1 1 1 1 1 1 1 1 1 1 1 1 1 1 1 1 1 1 1 1 1 1 1 1 1 1 1 1 1 1 1 1 1 1 1 1
 1 1 1 1 1 1 1 1 1 1 1 1 1 1 1 1 1 1 1 1 1 1 1 1 1 1 1 1 1 1 1 1 1 1 1 1 1
 1 1 1 1 1 1 1 1 1 1 1 1 1 1 1 1 1 1 1 1 1 1 1 1 1 1 1 1 1 1 1 1 1 1 1 1 1
 1 1 1 1 1 1 1 1 1 1 1 1 1 1 1 1 1 1 1 1 1 1 1 1 1 1 1 1 1 1 1 1 1 1 1 1 1
 1 1 1 1 1 1 1 1 1 1 1 1 1 1 1 1 1 1 1 1 1 1 1 1 1 1 1 1 1 1 1 1 1 1 1 1 1
 1 1 1 1 1 1 1 1 1 1 1 1 1 1 1 1 1 1 1 1 1 1 1 1 1 1 1 1 1 1 1 1 1 1 1 1 1
 1 1 1 1 1 1 1 1 1 1 1 1 1 1 1 1 1 1 1 1 1 1 1 1 1 1 1 1 1 1 1 1 1 1 1 1 1
 1 1 1 1 1 1 1 1 1 1 1 1 1 1 1 1 1 1 1 1 1 1 1 1 1 1 1 1 1 1 1 1 1 1 1 1 1
 1 1 1 1 1 1 1 1 1 1 1 1 1 1 1 1 1 1 1 1 1 1 1 1 1 1 1 1 1 1 1 1 1 1 1 1 1
 1 1 1 1 1 1 1 1 1 1 1 1 1 1 1 1 1 1 1 1 1 1 1 1 1 1 1 1 1 1 1 1 1 1 1 1 1
 1 1 1 1 1 1 1 1 1 1 1 1 1 1 1 1 1 1 1 1 1 1 1 1 1 1 1 1 1 1 1 1 1 1 1 1 1
 1 1 1 1 1 1 1 1 1 1 1 1 1 1 1 1 1 1 1 1 1 1 1 1 1 1 1 1 1 1 1 1 1 1 1 1 1
 1 1 1 1 1 1 1 1 1 1 1 1 1 1 1 1 1 1 1 1 1 1 1 1 1 1 1 1 1 1 1 1 1 1 1 1 1
 1 1 1 1 1 1 1 1 1 1 1 1 1 1 1 1 1 1 1 1 1 1 1 1 1 1 1 1 1 1 1 1 1 1 1 1 1
 1 1 1 1 1 1 1 1 1 1 1 1 1 1 1 1 1 1 1 1 1 1 1 1 1 1 1 1 1 1 1 1 1 1 1 1 1
 1 1 1 1 1 1 1 1 1 1 1 1 1 1 1 1 1 1 1 1 1 1 1 1 1 1 1 1 1 1 1 1 1 1 1 1 1
 1 1 1 1 1 1 1 1 1 1 1 1 1 1 1 1 1 1 1 1 1 1 1 1 1 1 1 1 1 1 1 1 1 1 1 1 1
 1 1 1 1 1 1 1 1 1 1 1 1 1 1 1 1 1 1 1 1 1 1 1 1 1 1 1 1 1 1 1 1 1 1 1 1 1
 1 1 1 1 1 1 1 1 1 1 1 1 1 1 1 1 1 1 1 1 1 1 1 1 1 1 1 1 1 1 1 1 1 1 1 1 1
 1 1 1 1 1 1 1 1 1 1 1 1 1 1 1 1 1 1 1 1 1 1 1 1 1 1 1 1 1 1 1 1 1 1 1 1 1
 1 1 1 1 1 1 1 1 1 1 1 1 1 1 1 1 1 1 1 1 1 1 1 1 1 1 1 1 1 1 1 1 1 1 1 1 1]
Done.
Training group 28, split 1
	Early stopping at epoch 13
	Y Train Labels:(array([1.], dtype=float32), array([242]))
	Y Val Labels:(array([1.], dtype=float32), array([240]))
Training group 28, split 2
	Early stopping at epoch 13
	Y Train Labels:(array([1.], dtype=float32), array([482]))
	Y Val Labels:(array([1.], dtype=float32), array([240]))
Training group 28, split 3
	Early stopping at epoch 13
	Y Train Labels:(array([1.], dtype=float32), array([722]))
	Y Val Labels:(array([1.], dtype=float32), array([240]))
	Creating sequence for 'coinpoker'... [[[ 9.74992000e-02  0.00000000e+00 -3.00000000e+01]
  [ 9.94648000e-02  0.00000000e+00 -4.00000000e+00]
  [ 1.01007000e-01  0.00000000e+00 -4.00000000e+00]
  ...
  [ 7.25746000e-02  0.00000000e+00  4.00000000e+00]
  [ 8.67625000e-02  0.00000000e+00  7.00000000e+00]
  [ 7.78204000e-02  0.00000000e+00  0.00000000e+00]]

 [[ 9.94648000e-02  0.00000000e+00 -4.00000000e+00]
  [ 1.01007000e-01  0.00000000e+00 -4.00000000e+00]
  [ 1.11085000e-01  0.00000000e+00 -8.50000000e+01]
  ...
  [ 8.67625000e-02  0.00000000e+00  7.00000000e+00]
  [ 7.78204000e-02  0.00000000e+00  0.00000000e+00]
  [ 7.92597000e-02  0.00000000e+00 -2.00000000e+00]]

 [[ 1.01007000e-01  0.00000000e+00 -4.00000000e+00]
  [ 1.11085000e-01  0.00000000e+00 -8.50000000e+01]
  [ 1.02358000e-01  0.00000000e+00 -3.80000000e+01]
  ...
  [ 7.78204000e-02  0.00000000e+00  0.00000000e+00]
  [ 7.92597000e-02  0.00000000e+00 -2.00000000e+00]
  [ 6.97206000e-02  0.00000000e+00  2.10000000e+01]]

 ...

 [[ 7.75493631e-02  0.00000000e+00  1.29000000e+02]
  [ 7.76696481e-02  0.00000000e+00 -8.30000000e+01]
  [ 7.61779675e-02  0.00000000e+00  4.00000000e+01]
  ...
  [ 5.51314105e-02  0.00000000e+00  1.20000000e+01]
  [ 5.56588095e-02  0.00000000e+00  4.70000000e+01]
  [ 5.56477045e-02  0.00000000e+00 -1.80000000e+01]]

 [[ 7.76696481e-02  0.00000000e+00 -8.30000000e+01]
  [ 7.61779675e-02  0.00000000e+00  4.00000000e+01]
  [ 7.50704753e-02  0.00000000e+00  1.56000000e+02]
  ...
  [ 5.56588095e-02  0.00000000e+00  4.70000000e+01]
  [ 5.56477045e-02  0.00000000e+00 -1.80000000e+01]
  [ 5.62664879e-02  0.00000000e+00  1.70000000e+01]]

 [[ 7.61779675e-02  0.00000000e+00  4.00000000e+01]
  [ 7.50704753e-02  0.00000000e+00  1.56000000e+02]
  [ 7.28549624e-02  0.00000000e+00  1.60000000e+01]
  ...
  [ 5.56477045e-02  0.00000000e+00 -1.80000000e+01]
  [ 5.62664879e-02  0.00000000e+00  1.70000000e+01]
  [ 5.64194517e-02  0.00000000e+00  2.40000000e+01]]][1 1 1 ... 1 1 1]
Done.
Training group 29, split 1
	Early stopping at epoch 13
	Y Train Labels:(array([1.], dtype=float32), array([567]))
	Y Val Labels:(array([1.], dtype=float32), array([567]))
Training group 29, split 2
	Early stopping at epoch 13
	Y Train Labels:(array([1.], dtype=float32), array([1134]))
	Y Val Labels:(array([1.], dtype=float32), array([567]))
Training group 29, split 3
	Early stopping at epoch 13
	Y Train Labels:(array([1.], dtype=float32), array([1701]))
	Y Val Labels:(array([1.], dtype=float32), array([567]))
	Creating sequence for 'band-protocol'... [[[   0.80363457    0.           57.        ]
  [   0.72902804    0.           49.        ]
  [   0.63561281   62.           27.        ]
  ...
  [   0.32667051    0.           -4.        ]
  [   0.30624883    0.            5.        ]
  [   0.30343227    0.           -7.        ]]

 [[   0.72902804    0.           49.        ]
  [   0.63561281   62.           27.        ]
  [   0.49178619   56.            7.        ]
  ...
  [   0.30624883    0.            5.        ]
  [   0.30343227    0.           -7.        ]
  [   0.31072491    5.           -8.        ]]

 [[   0.63561281   62.           27.        ]
  [   0.49178619   56.            7.        ]
  [   0.46778839   54.           20.        ]
  ...
  [   0.30343227    0.           -7.        ]
  [   0.31072491    5.           -8.        ]
  [   0.26439903    6.            6.        ]]

 ...

 [[   1.38968389    4.          -24.        ]
  [   1.33626265    0.          -37.        ]
  [   1.35965173    6.            3.        ]
  ...
  [   1.20065421   11.          -71.        ]
  [   1.23878149   11.         -121.        ]
  [   1.2680553     0.          120.        ]]

 [[   1.33626265    0.          -37.        ]
  [   1.35965173    6.            3.        ]
  [   1.31095433    8.           34.        ]
  ...
  [   1.23878149   11.         -121.        ]
  [   1.2680553     0.          120.        ]
  [   1.23093966    6.           99.        ]]

 [[   1.35965173    6.            3.        ]
  [   1.31095433    8.           34.        ]
  [   1.55934753   14.          -19.        ]
  ...
  [   1.2680553     0.          120.        ]
  [   1.23093966    6.           99.        ]
  [   1.26945461   26.           81.        ]]][1 1 1 ... 1 1 1]
Done.
Training group 30, split 1
	Early stopping at epoch 13
	Y Train Labels:(array([1.], dtype=float32), array([437]))
	Y Val Labels:(array([1.], dtype=float32), array([437]))
Training group 30, split 2
	Early stopping at epoch 13
	Y Train Labels:(array([1.], dtype=float32), array([874]))
	Y Val Labels:(array([1.], dtype=float32), array([437]))
Training group 30, split 3
