


--------------------------------------------------
Starting lstm.py at '2024-10-26 23:29:49.964006'.
Reading '../classifiedDAOs.json'... Done.
Total training Data: 1578
DAOs trained so far:556
Size of training set: 548
Size of test set: 474
Preparing data for training...
Preparing data for testing...
Parameters:
	Num epochs: 60
	Initial learning rate: 0.001
	Patience: 12
	Window size: 60
	Timeseries splits: 3
	Minimum number of timeseries datapoints: 64
Gradient boosting params: 
	{"max_depth": 3, "learning_rate": 0.05, "n_estimators": 100, "objective": "binary:logistic", "eval_metric": "logloss"}
	Creating sequence for 'pumapay'... Training group 0, split 1
	Early stopping at epoch 13
	Y Train Labels:(array([1.], dtype=float32), array([528]))
	Y Val Labels:(array([0., 1.], dtype=float32), array([117, 409]))
Training group 0, split 2
	Early stopping at epoch 13
	Y Train Labels:(array([0., 1.], dtype=float32), array([117, 937]))
	Y Val Labels:(array([0.], dtype=float32), array([526]))
Training group 0, split 3
	Early stopping at epoch 13
	Y Train Labels:(array([0., 1.], dtype=float32), array([643, 937]))
	Y Val Labels:(array([0.], dtype=float32), array([526]))
Done.
	Creating sequence for 'the-sandbox'... Training group 1, split 1
	Early stopping at epoch 13
	Y Train Labels:(array([1.], dtype=float32), array([343]))
	Y Val Labels:(array([1.], dtype=float32), array([343]))
Training group 1, split 2
	Early stopping at epoch 13
	Y Train Labels:(array([1.], dtype=float32), array([686]))
	Y Val Labels:(array([1.], dtype=float32), array([343]))
Training group 1, split 3
	Early stopping at epoch 13
	Y Train Labels:(array([1.], dtype=float32), array([1029]))
	Y Val Labels:(array([1.], dtype=float32), array([343]))
Done.
	Creating sequence for 'gamecredits'... Training group 2, split 1
	Early stopping at epoch 13
	Y Train Labels:(array([1.], dtype=float32), array([580]))
	Y Val Labels:(array([1.], dtype=float32), array([577]))
Training group 2, split 2
	Early stopping at epoch 13
	Y Train Labels:(array([1.], dtype=float32), array([1157]))
	Y Val Labels:(array([1.], dtype=float32), array([577]))
Training group 2, split 3
