


--------------------------------------------------
Starting lstm.py at '2024-10-11 23:11:49.620559'.
Reading './isDaoActiveData(4).json'... Done.
Total training Data: 379
Preparing data for training...
<torch.utils.data.dataloader.DataLoader object at 0x122acfb00>
Preparing data for testing...
Trained so far:39
Parameters:
	Num epochs: 60
	Initial learning rate: 0.001
	Patience: 12
	Window size: 60
	Timeseries splits: 3
	Minimum number of timeseries datapoints: 64
Gradient boosting params: 
	{"max_depth": 3, "learning_rate": 0.05, "n_estimators": 100, "objective": "binary:logistic", "eval_metric": "logloss"}
	Creating sequence for 'celer-network'... [[[ 1.36507417e-02  1.00000000e+00  4.30000000e+01]
  [ 1.35710564e-02  0.00000000e+00 -7.90000000e+02]
  [ 1.32820253e-02  0.00000000e+00 -2.56000000e+02]
  ...
  [ 1.28092852e-02  0.00000000e+00  4.77000000e+02]
  [ 1.24140877e-02  0.00000000e+00 -8.30000000e+01]
  [ 1.32218444e-02  0.00000000e+00  2.68000000e+02]]

 [[ 1.31697658e-02  0.00000000e+00  3.18000000e+02]
  [ 1.36507417e-02  1.00000000e+00  4.30000000e+01]
  [ 1.35710564e-02  0.00000000e+00 -7.90000000e+02]
  ...
  [ 1.25179650e-02  0.00000000e+00 -2.12000000e+02]
  [ 1.28092852e-02  0.00000000e+00  4.77000000e+02]
  [ 1.24140877e-02  0.00000000e+00 -8.30000000e+01]]

 [[ 1.35579119e-02  0.00000000e+00 -1.73000000e+02]
  [ 1.31697658e-02  0.00000000e+00  3.18000000e+02]
  [ 1.36507417e-02  1.00000000e+00  4.30000000e+01]
  ...
  [ 1.22412629e-02  0.00000000e+00  2.30000000e+02]
  [ 1.25179650e-02  0.00000000e+00 -2.12000000e+02]
  [ 1.28092852e-02  0.00000000e+00  4.77000000e+02]]

 ...

 [[ 2.31560123e-02  1.00000000e+00  8.90000000e+01]
  [ 2.09090624e-02  0.00000000e+00  1.50000000e+01]
  [ 2.01754997e-02  0.00000000e+00  1.04000000e+02]
  ...
  [ 1.36003599e-02  0.00000000e+00  6.50000000e+01]
  [ 1.38554902e-02  0.00000000e+00  2.80000000e+01]
  [ 1.43454228e-02  0.00000000e+00  9.00000000e+01]]

 [[ 2.31494923e-02  1.00000000e+00  5.10000000e+01]
  [ 2.31560123e-02  1.00000000e+00  8.90000000e+01]
  [ 2.09090624e-02  0.00000000e+00  1.50000000e+01]
  ...
  [ 1.47175795e-02  0.00000000e+00  1.32000000e+02]
  [ 1.36003599e-02  0.00000000e+00  6.50000000e+01]
  [ 1.38554902e-02  0.00000000e+00  2.80000000e+01]]

 [[ 1.81695840e-02  1.00000000e+00  2.12000000e+02]
  [ 2.31494923e-02  1.00000000e+00  5.10000000e+01]
  [ 2.31560123e-02  1.00000000e+00  8.90000000e+01]
  ...
  [ 1.37329705e-02  0.00000000e+00  1.01000000e+02]
  [ 1.47175795e-02  0.00000000e+00  1.32000000e+02]
  [ 1.36003599e-02  0.00000000e+00  6.50000000e+01]]][0 0 0 ... 1 1 1]
Done.
Training group 0, split 1
	Early stopping at epoch 13
	Y Train Labels:(array([0., 1.], dtype=float32), array([ 51, 425]))
	Y Val Labels:(array([1.], dtype=float32), array([475]))
Training group 0, split 2
	Early stopping at epoch 13
	Y Train Labels:(array([0., 1.], dtype=float32), array([ 51, 900]))
	Y Val Labels:(array([1.], dtype=float32), array([475]))
Training group 0, split 3
	Early stopping at epoch 13
	Y Train Labels:(array([0., 1.], dtype=float32), array([  51, 1375]))
	Y Val Labels:(array([1.], dtype=float32), array([475]))
	Creating sequence for 'blind-boxes'... [[[ 8.51279998e-03  0.00000000e+00 -3.60000000e+01]
  [ 8.42446600e-03  0.00000000e+00 -2.80000000e+01]
  [ 8.51168701e-03  0.00000000e+00  1.40000000e+01]
  ...
  [ 2.36340514e-03  0.00000000e+00 -7.00000000e+00]
  [ 2.69336422e-03  0.00000000e+00  1.30000000e+01]
  [ 2.45194650e-03  0.00000000e+00 -1.00000000e+00]]

 [[ 8.73491665e-03  0.00000000e+00 -6.00000000e+00]
  [ 8.51279998e-03  0.00000000e+00 -3.60000000e+01]
  [ 8.42446600e-03  0.00000000e+00 -2.80000000e+01]
  ...
  [ 2.45584425e-03  0.00000000e+00 -2.00000000e+00]
  [ 2.36340514e-03  0.00000000e+00 -7.00000000e+00]
  [ 2.69336422e-03  0.00000000e+00  1.30000000e+01]]

 [[ 8.82343403e-03  0.00000000e+00 -3.40000000e+01]
  [ 8.73491665e-03  0.00000000e+00 -6.00000000e+00]
  [ 8.51279998e-03  0.00000000e+00 -3.60000000e+01]
  ...
  [ 2.35731335e-03  0.00000000e+00  9.00000000e+00]
  [ 2.45584425e-03  0.00000000e+00 -2.00000000e+00]
  [ 2.36340514e-03  0.00000000e+00 -7.00000000e+00]]

 ...

 [[ 4.19091449e+00  1.00000000e+00  1.28000000e+02]
  [ 3.88556635e+00  5.00000000e+00  1.19000000e+02]
  [ 3.74196597e+00  2.00000000e+00  1.33000000e+02]
  ...
  [ 4.25810460e-01  0.00000000e+00 -4.00000000e+00]
  [ 4.32475080e-01  0.00000000e+00  7.00000000e+00]
  [ 4.76380460e-01  0.00000000e+00  1.20000000e+01]]

 [[ 4.66706722e+00  0.00000000e+00  2.28000000e+02]
  [ 4.19091449e+00  1.00000000e+00  1.28000000e+02]
  [ 3.88556635e+00  5.00000000e+00  1.19000000e+02]
  ...
  [ 3.99445200e-01  0.00000000e+00  1.90000000e+01]
  [ 4.25810460e-01  0.00000000e+00 -4.00000000e+00]
  [ 4.32475080e-01  0.00000000e+00  7.00000000e+00]]

 [[ 4.39938568e+00  3.00000000e+00  1.40000000e+02]
  [ 4.66706722e+00  0.00000000e+00  2.28000000e+02]
  [ 4.19091449e+00  1.00000000e+00  1.28000000e+02]
  ...
  [ 3.70911680e-01  0.00000000e+00  1.30000000e+01]
  [ 3.99445200e-01  0.00000000e+00  1.90000000e+01]
  [ 4.25810460e-01  0.00000000e+00 -4.00000000e+00]]][0 0 0 ... 1 1 1]
Done.
Training group 1, split 1
	Y Train Labels:(array([0.], dtype=float32), array([289]))
	Y Val Labels:(array([0.], dtype=float32), array([287]))
Training group 1, split 2
	Y Train Labels:(array([0.], dtype=float32), array([576]))
	Y Val Labels:(array([0., 1.], dtype=float32), array([226,  61]))
Training group 1, split 3
	Early stopping at epoch 13
	Y Train Labels:(array([0., 1.], dtype=float32), array([802,  61]))
	Y Val Labels:(array([1.], dtype=float32), array([287]))
	Creating sequence for 'berry-data'... [[[ 2.52817562e-02  0.00000000e+00  2.50000000e+01]
  [ 2.47566184e-02  0.00000000e+00  1.47000000e+02]
  [ 2.50317013e-02  0.00000000e+00  1.27000000e+02]
  ...
  [ 2.24216750e-02  0.00000000e+00 -2.50000000e+01]
  [ 2.23053441e-02  0.00000000e+00  2.80000000e+01]
  [ 2.31342656e-02  0.00000000e+00  4.20000000e+01]]

 [[ 2.54126378e-02  0.00000000e+00 -7.00000000e+01]
  [ 2.52817562e-02  0.00000000e+00  2.50000000e+01]
  [ 2.47566184e-02  0.00000000e+00  1.47000000e+02]
  ...
  [ 2.20382081e-02  0.00000000e+00 -3.80000000e+01]
  [ 2.24216750e-02  0.00000000e+00 -2.50000000e+01]
  [ 2.23053441e-02  0.00000000e+00  2.80000000e+01]]

 [[ 2.57785922e-02  1.00000000e+00 -1.06000000e+02]
  [ 2.54126378e-02  0.00000000e+00 -7.00000000e+01]
  [ 2.52817562e-02  0.00000000e+00  2.50000000e+01]
  ...
  [ 2.10049860e-02  0.00000000e+00  1.50000000e+01]
  [ 2.20382081e-02  0.00000000e+00 -3.80000000e+01]
  [ 2.24216750e-02  0.00000000e+00 -2.50000000e+01]]

 ...

 [[ 1.68494803e+00  0.00000000e+00 -8.00000000e+00]
  [ 1.59490157e+00  1.00000000e+00  1.00000000e+01]
  [ 1.63003958e+00  0.00000000e+00 -2.00000000e+00]
  ...
  [ 7.05585509e-01  0.00000000e+00  4.80000000e+01]
  [ 6.68287020e-01  0.00000000e+00  1.90000000e+01]
  [ 6.56014938e-01  0.00000000e+00 -3.00000000e+00]]

 [[ 2.05055701e+00  0.00000000e+00  7.00000000e+00]
  [ 1.68494803e+00  0.00000000e+00 -8.00000000e+00]
  [ 1.59490157e+00  1.00000000e+00  1.00000000e+01]
  ...
  [ 6.98979559e-01  0.00000000e+00 -2.30000000e+01]
  [ 7.05585509e-01  0.00000000e+00  4.80000000e+01]
  [ 6.68287020e-01  0.00000000e+00  1.90000000e+01]]

 [[ 1.64287529e+00  0.00000000e+00 -2.20000000e+01]
  [ 2.05055701e+00  0.00000000e+00  7.00000000e+00]
  [ 1.68494803e+00  0.00000000e+00 -8.00000000e+00]
  ...
  [ 6.80432194e-01  0.00000000e+00  8.00000000e+00]
  [ 6.98979559e-01  0.00000000e+00 -2.30000000e+01]
  [ 7.05585509e-01  0.00000000e+00  4.80000000e+01]]][0 0 0 0 0 0 0 0 0 0 0 0 0 0 0 0 0 0 0 0 0 0 0 0 0 0 0 0 0 0 0 0 0 0 0 0 0
 0 0 0 0 0 0 0 0 0 0 0 0 0 0 0 0 0 0 0 0 0 0 0 0 0 0 0 0 0 0 0 0 0 0 0 0 0
 0 0 0 0 0 0 0 0 0 0 0 0 0 0 0 0 0 0 0 0 0 0 0 0 0 0 0 0 0 0 0 0 0 0 0 0 0
 0 0 0 0 0 0 0 0 0 0 0 0 0 0 0 0 0 0 0 0 0 0 0 0 0 0 0 0 0 0 0 0 0 0 0 0 0
 0 0 0 0 0 0 0 0 0 0 0 0 0 0 0 0 0 0 0 0 0 0 0 0 0 0 0 0 0 0 0 0 0 0 0 0 0
 0 0 0 0 0 0 0 0 0 0 0 0 0 0 0 0 0 0 0 0 0 0 0 0 0 0 0 0 0 0 0 0 0 0 0 0 0
 0 0 0 0 0 0 0 0 0 0 0 0 0 0 0 0 0 0 0 0 0 0 0 0 0 0 0 0 0 0 0 0 0 0 0 0 0
 0 0 0 0 0 0 0 0 0 0 0 0 0 0 0 0 0 0 0 0 0 0 0 0 0 0 0 0 0 0 0 0 0 0 0 0 0
 0 0 0 0 0 0 0 0 0 0 0 0 0 0 0 0 0 0 0 0 0 0 0 0 0 0 0 0 0 0 0 0 0 0 0 0 0
 0 0 0 0 0 0 0 0 0 0 0 0 0 0 0 0 0 0 0 0 0 0 0 0 0 0 0 0 0 0 0 0 0 0 0 0 0
 0 0 0 0 0 0 0 0 0 0 0 0 0 0 0 0 0 0 0 0 0 0 0 0 0 0 0 0 0 0 0 0 0 0 0 0 0
 0 0 0 0 0 0 0 0 0 0 0 0 0 0 0 0 0 0 0 0 0 0 0 0 0 0 0 0 0 0 0 0 0 0 0 0 0
 0 0 0 0 0 0 0 0 0 0 0 0 0 0 0 0 0 0 0 0 0 0 0 0 0 0 0 0 0 0 0 0 0 0 0 0 0
 0 0 0 0 0 0 0 0 0 0 0 0 0 0 0 0 0 0 0 0 0 0 0 0 0 0 0 0 0 0 0 0 0 0 0 0 0
 0 0 0 0 0 0 0 0 0 0 0 0 0 0 0 0 0 0 0 0 0 0 0 0 0 0 0 0 0 0 0 0 0 0 0 0 0
 0 0 0 0 0 0 0 0 0 0 0 0 0 0 0 0 0 0 0 0 0 0 0 0 0 0 0 0 0 0 0 0 0 0 0 0 0
 0 0 0 0 0 0 0 0 0 0 0 0 0 0 0 0 0 0 0 0 0 0 0 0 0 0 0 0 0 0 0 0 0 0 0 0 0
 0 0 0 0 0 0 0 0 0 0 0 0 0 0 0 0 0 0 0 0 0 0 0 0 0 0 0 0 0 0 0 0 0 0 0 0 0
 0 0 0 0 0 0 0 0 0 0 1 1 1 1 1 1 1 1 1 1 1 1 1 1 1 1 1 1 1 1 1 1 1 1 1 1 1
 1 1 1 1 1 1 1 1 1 1 1 1 1 1 1 1 1 1 1 1 1 1 1 1 1 1 1 1 1 1 1 1 1 1 1 1 1
 1 1 1 1 1 1 1 1 1 1 1 1 1 1 1 1 1 1 1 1 1 1 1 1 1 1 1 1 1 1 1 1 1 1 1 1 1
 1 1 1 1 1 1 1 1 1 1 1 1 1 1 1 1 1 1 1 1 1 1 1 1 1 1 1 1 1 1 1 1 1 1 1 1 1
 1 1 1 1 1 1 1 1 1 1 1 1 1 1 1 1 1 1 1 1 1 1 1 1 1 1 1 1 1 1 1 1 1 1 1 1 1
 1 1 1 1 1 1 1 1 1 1 1 1 1 1 1 1 1 1 1 1 1 1 1 1 1 1 1 1 1 1 1 1 1 1 1 1 1
 1 1 1 1 1 1 1 1 1 1 1 1 1 1 1 1 1 1 1 1 1 1 1 1 1 1 1 1 1 1 1 1 1 1 1 1 1
 1 1 1 1 1 1 1 1 1 1 1 1 1 1 1 1 1 1 1 1 1 1 1 1 1 1 1 1 1 1 1 1 1 1 1 1]
Done.
Training group 2, split 1
	Early stopping at epoch 13
	Y Train Labels:(array([0.], dtype=float32), array([241]))
	Y Val Labels:(array([0.], dtype=float32), array([240]))
Training group 2, split 2
	Early stopping at epoch 25
	Y Train Labels:(array([0.], dtype=float32), array([481]))
	Y Val Labels:(array([0., 1.], dtype=float32), array([195,  45]))
Training group 2, split 3
	Early stopping at epoch 13
	Y Train Labels:(array([0., 1.], dtype=float32), array([676,  45]))
	Y Val Labels:(array([1.], dtype=float32), array([240]))
	Creating sequence for 'adamant-messenger'... [[[ 2.95959086e-02  1.00000000e+00  2.96000000e+02]
  [ 2.96040719e-02  6.00000000e+00 -4.67000000e+02]
  [ 2.96312073e-02  6.00000000e+00  3.40000000e+02]
  ...
  [ 2.94114684e-02  1.80000000e+01 -5.14000000e+02]
  [ 2.93128959e-02  1.10000000e+01  6.80000000e+01]
  [ 2.92889586e-02  9.00000000e+00  8.62000000e+02]]

 [[ 2.95718948e-02  5.00000000e+00 -1.96600000e+03]
  [ 2.95959086e-02  1.00000000e+00  2.96000000e+02]
  [ 2.96040719e-02  6.00000000e+00 -4.67000000e+02]
  ...
  [ 2.95395912e-02  2.60000000e+01 -8.30000000e+01]
  [ 2.94114684e-02  1.80000000e+01 -5.14000000e+02]
  [ 2.93128959e-02  1.10000000e+01  6.80000000e+01]]

 [[ 2.95321192e-02  0.00000000e+00 -1.95200000e+03]
  [ 2.95718948e-02  5.00000000e+00 -1.96600000e+03]
  [ 2.95959086e-02  1.00000000e+00  2.96000000e+02]
  ...
  [ 2.93994488e-02  3.20000000e+01 -8.02000000e+02]
  [ 2.95395912e-02  2.60000000e+01 -8.30000000e+01]
  [ 2.94114684e-02  1.80000000e+01 -5.14000000e+02]]

 ...

 [[ 5.17343632e-02  1.10000000e+01  1.00000000e+00]
  [ 4.57333860e-02  7.00000000e+00  2.00000000e+00]
  [ 4.68204368e-02  1.60000000e+01  1.70000000e+01]
  ...
  [ 2.72341291e-02  1.70000000e+01  2.00000000e+00]
  [ 3.53107321e-02  1.80000000e+01 -2.00000000e+00]
  [ 4.20836479e-02  2.00000000e+00  0.00000000e+00]]

 [[ 4.71793891e-02  3.10000000e+01  1.00000000e+00]
  [ 5.17343632e-02  1.10000000e+01  1.00000000e+00]
  [ 4.57333860e-02  7.00000000e+00  2.00000000e+00]
  ...
  [ 2.79030536e-02  5.00000000e+00  3.00000000e+00]
  [ 2.72341291e-02  1.70000000e+01  2.00000000e+00]
  [ 3.53107321e-02  1.80000000e+01 -2.00000000e+00]]

 [[ 4.93112821e-02  2.10000000e+01  1.00000000e+00]
  [ 4.71793891e-02  3.10000000e+01  1.00000000e+00]
  [ 5.17343632e-02  1.10000000e+01  1.00000000e+00]
  ...
  [ 2.24428614e-02  7.00000000e+00 -3.00000000e+00]
  [ 2.79030536e-02  5.00000000e+00  3.00000000e+00]
  [ 2.72341291e-02  1.70000000e+01  2.00000000e+00]]][1 1 1 ... 1 1 1]
Done.
Training group 3, split 1
	Early stopping at epoch 23
	Y Train Labels:(array([1.], dtype=float32), array([485]))
	Y Val Labels:(array([1.], dtype=float32), array([485]))
Training group 3, split 2
	Early stopping at epoch 13
	Y Train Labels:(array([1.], dtype=float32), array([970]))
	Y Val Labels:(array([1.], dtype=float32), array([485]))
Training group 3, split 3
	Early stopping at epoch 13
	Y Train Labels:(array([1.], dtype=float32), array([1455]))
	Y Val Labels:(array([1.], dtype=float32), array([485]))
	Creating sequence for 'atlas-protocol'... [[[ 4.84544310e-05  0.00000000e+00  1.90000000e+01]
  [ 5.00691500e-05  0.00000000e+00 -2.30000000e+01]
  [ 5.01010360e-05  0.00000000e+00 -2.00000000e+01]
  ...
  [ 3.91092730e-05  0.00000000e+00 -1.00000000e+00]
  [ 3.91043390e-05  0.00000000e+00  2.00000000e+00]
  [ 3.90986020e-05  0.00000000e+00  1.60000000e+01]]

 [[ 4.96663870e-05  0.00000000e+00 -2.70000000e+01]
  [ 4.84544310e-05  0.00000000e+00  1.90000000e+01]
  [ 5.00691500e-05  0.00000000e+00 -2.30000000e+01]
  ...
  [ 4.28534500e-05  0.00000000e+00  1.00000000e+00]
  [ 3.91092730e-05  0.00000000e+00 -1.00000000e+00]
  [ 3.91043390e-05  0.00000000e+00  2.00000000e+00]]

 [[ 4.78306440e-05  0.00000000e+00 -1.50000000e+01]
  [ 4.96663870e-05  0.00000000e+00 -2.70000000e+01]
  [ 4.84544310e-05  0.00000000e+00  1.90000000e+01]
  ...
  [ 4.22581530e-05  0.00000000e+00 -7.00000000e+00]
  [ 4.28534500e-05  0.00000000e+00  1.00000000e+00]
  [ 3.91092730e-05  0.00000000e+00 -1.00000000e+00]]

 ...

 [[ 2.04748949e-02  0.00000000e+00 -4.00000000e+00]
  [ 1.95214338e-02  0.00000000e+00  2.00000000e+00]
  [ 2.02181220e-02  0.00000000e+00  4.00000000e+00]
  ...
  [ 1.92426392e-02  0.00000000e+00  6.00000000e+00]
  [ 1.94512698e-02  0.00000000e+00 -1.00000000e+00]
  [ 1.88357278e-02  0.00000000e+00  2.00000000e+00]]

 [[ 2.06618021e-02  0.00000000e+00  2.00000000e+00]
  [ 2.04748949e-02  0.00000000e+00 -4.00000000e+00]
  [ 1.95214338e-02  0.00000000e+00  2.00000000e+00]
  ...
  [ 1.87741387e-02  0.00000000e+00 -5.00000000e+00]
  [ 1.92426392e-02  0.00000000e+00  6.00000000e+00]
  [ 1.94512698e-02  0.00000000e+00 -1.00000000e+00]]

 [[ 2.09422174e-02  0.00000000e+00 -3.00000000e+00]
  [ 2.06618021e-02  0.00000000e+00  2.00000000e+00]
  [ 2.04748949e-02  0.00000000e+00 -4.00000000e+00]
  ...
  [ 1.85052827e-02  0.00000000e+00  4.00000000e+00]
  [ 1.87741387e-02  0.00000000e+00 -5.00000000e+00]
  [ 1.92426392e-02  0.00000000e+00  6.00000000e+00]]][0 0 0 ... 1 1 1]
Done.
Training group 4, split 1
	Early stopping at epoch 13
	Y Train Labels:(array([0.], dtype=float32), array([506]))
	Y Val Labels:(array([0., 1.], dtype=float32), array([468,  35]))
Training group 4, split 2
	Early stopping at epoch 13
	Y Train Labels:(array([0., 1.], dtype=float32), array([974,  35]))
	Y Val Labels:(array([1.], dtype=float32), array([503]))
Training group 4, split 3
	Early stopping at epoch 13
	Y Train Labels:(array([0., 1.], dtype=float32), array([974, 538]))
	Y Val Labels:(array([1.], dtype=float32), array([503]))
	Creating sequence for 'aioz-network'... [[[ 5.28623787e-01  8.00000000e+00 -5.90000000e+01]
  [ 5.05283156e-01  0.00000000e+00 -9.80000000e+01]
  [ 5.50772466e-01  0.00000000e+00  1.57000000e+02]
  ...
  [ 4.60020138e-01  0.00000000e+00 -3.60000000e+02]
  [ 4.80935368e-01  0.00000000e+00  1.62000000e+02]
  [ 5.05506243e-01  1.40000000e+01  6.40000000e+01]]

 [[ 4.79114167e-01  0.00000000e+00 -1.02000000e+02]
  [ 5.28623787e-01  8.00000000e+00 -5.90000000e+01]
  [ 5.05283156e-01  0.00000000e+00 -9.80000000e+01]
  ...
  [ 4.35085252e-01  0.00000000e+00  2.74000000e+03]
  [ 4.60020138e-01  0.00000000e+00 -3.60000000e+02]
  [ 4.80935368e-01  0.00000000e+00  1.62000000e+02]]

 [[ 5.06169887e-01  0.00000000e+00  2.81000000e+02]
  [ 4.79114167e-01  0.00000000e+00 -1.02000000e+02]
  [ 5.28623787e-01  8.00000000e+00 -5.90000000e+01]
  ...
  [ 4.27488983e-01  0.00000000e+00  6.92800000e+03]
  [ 4.35085252e-01  0.00000000e+00  2.74000000e+03]
  [ 4.60020138e-01  0.00000000e+00 -3.60000000e+02]]

 ...

 [[ 1.85476561e+00  0.00000000e+00  6.31000000e+02]
  [ 1.68657895e+00  0.00000000e+00  2.51000000e+02]
  [ 1.58867184e+00  0.00000000e+00  3.57000000e+02]
  ...
  [ 4.08155420e-01  0.00000000e+00  4.10000000e+01]
  [ 4.37561750e-01  0.00000000e+00  3.40000000e+01]
  [ 3.81517072e-01  0.00000000e+00  2.60000000e+01]]

 [[ 2.17414317e+00  0.00000000e+00  3.87000000e+02]
  [ 1.85476561e+00  0.00000000e+00  6.31000000e+02]
  [ 1.68657895e+00  0.00000000e+00  2.51000000e+02]
  ...
  [ 4.08906520e-01  0.00000000e+00  6.90000000e+01]
  [ 4.08155420e-01  0.00000000e+00  4.10000000e+01]
  [ 4.37561750e-01  0.00000000e+00  3.40000000e+01]]

 [[ 1.92049546e+00  0.00000000e+00  5.57000000e+02]
  [ 2.17414317e+00  0.00000000e+00  3.87000000e+02]
  [ 1.85476561e+00  0.00000000e+00  6.31000000e+02]
  ...
  [ 5.22094090e-01  0.00000000e+00  4.40000000e+01]
  [ 4.08906520e-01  0.00000000e+00  6.90000000e+01]
  [ 4.08155420e-01  0.00000000e+00  4.10000000e+01]]][0 0 0 ... 1 1 1]
Done.
Training group 5, split 1
	Early stopping at epoch 13
	Y Train Labels:(array([0., 1.], dtype=float32), array([150, 144]))
	Y Val Labels:(array([1.], dtype=float32), array([294]))
Training group 5, split 2
	Early stopping at epoch 13
	Y Train Labels:(array([0., 1.], dtype=float32), array([150, 438]))
	Y Val Labels:(array([1.], dtype=float32), array([294]))
Training group 5, split 3
	Early stopping at epoch 13
	Y Train Labels:(array([0., 1.], dtype=float32), array([150, 732]))
	Y Val Labels:(array([1.], dtype=float32), array([294]))
	Creating sequence for 'antimatter'... [[[ 3.75696348e-02  0.00000000e+00  1.00000000e+00]
  [ 4.07830851e-02  0.00000000e+00  0.00000000e+00]
  [ 3.89612310e-02  0.00000000e+00  0.00000000e+00]
  ...
  [ 1.69077268e-02  0.00000000e+00  2.00000000e+00]
  [ 1.55019257e-02  0.00000000e+00 -3.00000000e+00]
  [ 1.58294342e-02  0.00000000e+00  3.00000000e+00]]

 [[ 3.30961961e-02  0.00000000e+00  1.00000000e+00]
  [ 3.75696348e-02  0.00000000e+00  1.00000000e+00]
  [ 4.07830851e-02  0.00000000e+00  0.00000000e+00]
  ...
  [ 1.58412752e-02  0.00000000e+00  2.00000000e+00]
  [ 1.69077268e-02  0.00000000e+00  2.00000000e+00]
  [ 1.55019257e-02  0.00000000e+00 -3.00000000e+00]]

 [[ 2.95183126e-02  0.00000000e+00  1.00000000e+00]
  [ 3.30961961e-02  0.00000000e+00  1.00000000e+00]
  [ 3.75696348e-02  0.00000000e+00  1.00000000e+00]
  ...
  [ 1.70032804e-02  0.00000000e+00 -3.00000000e+00]
  [ 1.58412752e-02  0.00000000e+00  2.00000000e+00]
  [ 1.69077268e-02  0.00000000e+00  2.00000000e+00]]

 ...

 [[ 3.17082004e+00  2.00000000e+00 -2.04000000e+02]
  [ 3.69046443e+00  4.00000000e+00 -1.20900000e+04]
  [ 3.89138866e+00  5.00000000e+00  1.68000000e+02]
  ...
  [ 1.59879392e+00  1.00000000e+00  1.04100000e+03]
  [ 1.40761928e+00  1.00000000e+00  2.01900000e+03]
  [ 1.56758191e+00  4.00000000e+00  6.70000000e+01]]

 [[ 2.99100486e+00  0.00000000e+00  1.04000000e+02]
  [ 3.17082004e+00  2.00000000e+00 -2.04000000e+02]
  [ 3.69046443e+00  4.00000000e+00 -1.20900000e+04]
  ...
  [ 1.70171731e+00  4.00000000e+00 -8.50000000e+01]
  [ 1.59879392e+00  1.00000000e+00  1.04100000e+03]
  [ 1.40761928e+00  1.00000000e+00  2.01900000e+03]]

 [[ 3.02698795e+00  0.00000000e+00  4.60000000e+02]
  [ 2.99100486e+00  0.00000000e+00  1.04000000e+02]
  [ 3.17082004e+00  2.00000000e+00 -2.04000000e+02]
  ...
  [ 1.77782193e+00  1.00000000e+00  3.03000000e+02]
  [ 1.70171731e+00  4.00000000e+00 -8.50000000e+01]
  [ 1.59879392e+00  1.00000000e+00  1.04100000e+03]]][0 0 0 ... 1 1 1]
Done.
Training group 6, split 1
	Early stopping at epoch 13
	Y Train Labels:(array([0.], dtype=float32), array([298]))
	Y Val Labels:(array([0., 1.], dtype=float32), array([280,  17]))
Training group 6, split 2
	Early stopping at epoch 13
	Y Train Labels:(array([0., 1.], dtype=float32), array([578,  17]))
	Y Val Labels:(array([1.], dtype=float32), array([297]))
Training group 6, split 3
	Early stopping at epoch 13
	Y Train Labels:(array([0., 1.], dtype=float32), array([578, 314]))
	Y Val Labels:(array([1.], dtype=float32), array([297]))
	Creating sequence for 'big-data-protocol'... [[[ 1.76301210e-01  0.00000000e+00 -9.00000000e+00]
  [ 1.82383154e-01  0.00000000e+00 -3.70000000e+01]
  [ 1.77182922e-01  0.00000000e+00 -1.90000000e+01]
  ...
  [ 1.49602309e-01  0.00000000e+00  1.50000000e+01]
  [ 1.65971232e-01  0.00000000e+00 -8.00000000e+00]
  [ 1.75027102e-01  0.00000000e+00 -1.00000000e+01]]

 [[ 1.84188564e-01  0.00000000e+00  1.10000000e+01]
  [ 1.76301210e-01  0.00000000e+00 -9.00000000e+00]
  [ 1.82383154e-01  0.00000000e+00 -3.70000000e+01]
  ...
  [ 1.43436833e-01  0.00000000e+00 -5.00000000e+00]
  [ 1.49602309e-01  0.00000000e+00  1.50000000e+01]
  [ 1.65971232e-01  0.00000000e+00 -8.00000000e+00]]

 [[ 1.76016138e-01  0.00000000e+00  1.50000000e+01]
  [ 1.84188564e-01  0.00000000e+00  1.10000000e+01]
  [ 1.76301210e-01  0.00000000e+00 -9.00000000e+00]
  ...
  [ 1.26000322e-01  0.00000000e+00  2.00000000e+00]
  [ 1.43436833e-01  0.00000000e+00 -5.00000000e+00]
  [ 1.49602309e-01  0.00000000e+00  1.50000000e+01]]

 ...

 [[ 3.75472839e+00  0.00000000e+00  8.50000000e+01]
  [ 3.39740172e+00  0.00000000e+00 -2.81000000e+02]
  [ 2.95247408e+00  0.00000000e+00  1.35000000e+02]
  ...
  [ 1.00335513e+00  0.00000000e+00  6.70000000e+01]
  [ 8.13640660e-01  0.00000000e+00  6.90000000e+01]
  [ 9.06282026e-01  0.00000000e+00  5.00000000e+00]]

 [[ 3.78550184e+00  0.00000000e+00  1.28000000e+02]
  [ 3.75472839e+00  0.00000000e+00  8.50000000e+01]
  [ 3.39740172e+00  0.00000000e+00 -2.81000000e+02]
  ...
  [ 1.10298698e+00  0.00000000e+00  5.00000000e+00]
  [ 1.00335513e+00  0.00000000e+00  6.70000000e+01]
  [ 8.13640660e-01  0.00000000e+00  6.90000000e+01]]

 [[ 4.74962268e+00  0.00000000e+00  2.22000000e+02]
  [ 3.78550184e+00  0.00000000e+00  1.28000000e+02]
  [ 3.75472839e+00  0.00000000e+00  8.50000000e+01]
  ...
  [ 1.07243986e+00  0.00000000e+00  0.00000000e+00]
  [ 1.10298698e+00  0.00000000e+00  5.00000000e+00]
  [ 1.00335513e+00  0.00000000e+00  6.70000000e+01]]][0 0 0 ... 1 1 1]
Done.
Training group 7, split 1
	Early stopping at epoch 13
	Y Train Labels:(array([0., 1.], dtype=float32), array([160, 142]))
	Y Val Labels:(array([1.], dtype=float32), array([299]))
Training group 7, split 2
	Early stopping at epoch 13
	Y Train Labels:(array([0., 1.], dtype=float32), array([160, 441]))
	Y Val Labels:(array([1.], dtype=float32), array([299]))
Training group 7, split 3
	Early stopping at epoch 13
	Y Train Labels:(array([0., 1.], dtype=float32), array([160, 740]))
	Y Val Labels:(array([1.], dtype=float32), array([299]))
	Creating sequence for 'counterparty'... [[[  6.83147279   9.         -13.        ]
  [  7.15309441  26.         -14.        ]
  [  7.1535597   16.         -36.        ]
  ...
  [  6.67573986   3.           5.        ]
  [  6.89198998  29.           2.        ]
  [  6.88990627  58.           4.        ]]

 [[  7.14766093  12.          29.        ]
  [  6.83147279   9.         -13.        ]
  [  7.15309441  26.         -14.        ]
  ...
  [  6.25065183   5.          22.        ]
  [  6.67573986   3.           5.        ]
  [  6.89198998  29.           2.        ]]

 [[  7.06237684  31.         -17.        ]
  [  7.14766093  12.          29.        ]
  [  6.83147279   9.         -13.        ]
  ...
  [  5.7846801    7.          21.        ]
  [  6.25065183   5.          22.        ]
  [  6.67573986   3.           5.        ]]

 ...

 [[ 11.5768       4.         171.        ]
  [  8.79766      0.         104.        ]
  [  9.01187      0.         118.        ]
  ...
  [ 27.8057       0.          28.        ]
  [ 24.3439       0.          30.        ]
  [ 27.2466       0.          61.        ]]

 [[ 11.016        5.          65.        ]
  [ 11.5768       4.         171.        ]
  [  8.79766      0.         104.        ]
  ...
  [ 22.8469       0.          54.        ]
  [ 27.8057       0.          28.        ]
  [ 24.3439       0.          30.        ]]

 [[ 12.1643       0.          43.        ]
  [ 11.016        5.          65.        ]
  [ 11.5768       4.         171.        ]
  ...
  [ 30.7638      12.          54.        ]
  [ 22.8469       0.          54.        ]
  [ 27.8057       0.          28.        ]]][1 1 1 ... 1 1 1]
Done.
Training group 8, split 1
	Early stopping at epoch 13
	Y Train Labels:(array([1.], dtype=float32), array([594]))
	Y Val Labels:(array([1.], dtype=float32), array([592]))
Training group 8, split 2
	Early stopping at epoch 13
	Y Train Labels:(array([1.], dtype=float32), array([1186]))
	Y Val Labels:(array([1.], dtype=float32), array([592]))
Training group 8, split 3
	Early stopping at epoch 13
	Y Train Labels:(array([1.], dtype=float32), array([1778]))
	Y Val Labels:(array([1.], dtype=float32), array([592]))
	Creating sequence for 'cvault-finance'... [[[ 6.03077641e+03  0.00000000e+00  0.00000000e+00]
  [ 6.05156613e+03  0.00000000e+00 -1.60000000e+01]
  [ 6.04153497e+03  0.00000000e+00  7.00000000e+00]
  ...
  [ 4.60404431e+03  0.00000000e+00  7.00000000e+00]
  [ 4.60404431e+03  0.00000000e+00 -7.00000000e+00]
  [ 4.95863642e+03  0.00000000e+00 -2.00000000e+00]]

 [[ 5.82148488e+03  0.00000000e+00  8.00000000e+00]
  [ 6.03077641e+03  0.00000000e+00  0.00000000e+00]
  [ 6.05156613e+03  0.00000000e+00 -1.60000000e+01]
  ...
  [ 4.60404431e+03  0.00000000e+00 -4.00000000e+00]
  [ 4.60404431e+03  0.00000000e+00  7.00000000e+00]
  [ 4.60404431e+03  0.00000000e+00 -7.00000000e+00]]

 [[ 6.06171003e+03  0.00000000e+00 -8.00000000e+00]
  [ 5.82148488e+03  0.00000000e+00  8.00000000e+00]
  [ 6.03077641e+03  0.00000000e+00  0.00000000e+00]
  ...
  [ 4.60404431e+03  0.00000000e+00 -9.00000000e+00]
  [ 4.60404431e+03  0.00000000e+00 -4.00000000e+00]
  [ 4.60404431e+03  0.00000000e+00  7.00000000e+00]]

 ...

 [[ 6.75844990e+03  0.00000000e+00  3.95000000e+02]
  [ 6.63015819e+03  0.00000000e+00  3.28000000e+02]
  [ 5.10050457e+03  0.00000000e+00  1.14000000e+02]
  ...
  [ 4.07730336e+03  0.00000000e+00  9.00000000e+00]
  [ 4.59895329e+03  0.00000000e+00  3.00000000e+00]
  [ 4.67327054e+03  1.00000000e+00  1.00000000e+01]]

 [[ 8.38512451e+03  1.00000000e+00  3.56000000e+02]
  [ 6.75844990e+03  0.00000000e+00  3.95000000e+02]
  [ 6.63015819e+03  0.00000000e+00  3.28000000e+02]
  ...
  [ 3.81163155e+03  1.00000000e+00  7.00000000e+00]
  [ 4.07730336e+03  0.00000000e+00  9.00000000e+00]
  [ 4.59895329e+03  0.00000000e+00  3.00000000e+00]]

 [[ 7.12535109e+03  1.00000000e+00  5.48000000e+02]
  [ 8.38512451e+03  1.00000000e+00  3.56000000e+02]
  [ 6.75844990e+03  0.00000000e+00  3.95000000e+02]
  ...
  [ 3.54915316e+03  0.00000000e+00  1.30000000e+01]
  [ 3.81163155e+03  1.00000000e+00  7.00000000e+00]
  [ 4.07730336e+03  0.00000000e+00  9.00000000e+00]]][1 1 1 ... 1 1 1]
Done.
Training group 9, split 1
	Early stopping at epoch 13
	Y Train Labels:(array([1.], dtype=float32), array([334]))
	Y Val Labels:(array([1.], dtype=float32), array([332]))
Training group 9, split 2
	Early stopping at epoch 13
	Y Train Labels:(array([1.], dtype=float32), array([666]))
	Y Val Labels:(array([1.], dtype=float32), array([332]))
Training group 9, split 3
	Early stopping at epoch 13
	Y Train Labels:(array([1.], dtype=float32), array([998]))
	Y Val Labels:(array([1.], dtype=float32), array([332]))
	Creating sequence for 'armor'... [[[ 2.36075030e-03  0.00000000e+00  0.00000000e+00]
  [ 2.36075030e-03  0.00000000e+00  0.00000000e+00]
  [ 2.36075030e-03  0.00000000e+00  1.00000000e+00]
  ...
  [ 2.22203291e-03  0.00000000e+00  1.60000000e+01]
  [ 2.22203291e-03  0.00000000e+00 -7.00000000e+00]
  [ 2.22203291e-03  0.00000000e+00 -4.00000000e+00]]

 [[ 2.36169451e-03  0.00000000e+00  0.00000000e+00]
  [ 2.36075030e-03  0.00000000e+00  0.00000000e+00]
  [ 2.36075030e-03  0.00000000e+00  0.00000000e+00]
  ...
  [ 2.22203291e-03  0.00000000e+00 -2.00000000e+00]
  [ 2.22203291e-03  0.00000000e+00  1.60000000e+01]
  [ 2.22203291e-03  0.00000000e+00 -7.00000000e+00]]

 [[ 2.36075030e-03  0.00000000e+00  0.00000000e+00]
  [ 2.36169451e-03  0.00000000e+00  0.00000000e+00]
  [ 2.36075030e-03  0.00000000e+00  0.00000000e+00]
  ...
  [ 2.22203291e-03  0.00000000e+00 -1.00000000e+00]
  [ 2.22203291e-03  0.00000000e+00 -2.00000000e+00]
  [ 2.22203291e-03  0.00000000e+00  1.60000000e+01]]

 ...

 [[ 5.97258968e-01  4.00000000e+00  5.20000000e+01]
  [ 8.35685973e-01  2.00000000e+00  1.47000000e+02]
  [ 7.00983879e-01  6.00000000e+00  2.15000000e+02]
  ...
  [ 5.63195611e-01  0.00000000e+00 -9.60000000e+01]
  [ 5.57810150e-01  0.00000000e+00 -4.70000000e+01]
  [ 5.45806108e-01  0.00000000e+00  1.50000000e+01]]

 [[ 7.95515373e-01  1.00000000e+00  5.60000000e+01]
  [ 5.97258968e-01  4.00000000e+00  5.20000000e+01]
  [ 8.35685973e-01  2.00000000e+00  1.47000000e+02]
  ...
  [ 5.38813190e-01  0.00000000e+00  1.20000000e+01]
  [ 5.63195611e-01  0.00000000e+00 -9.60000000e+01]
  [ 5.57810150e-01  0.00000000e+00 -4.70000000e+01]]

 [[ 7.33174937e-01  7.00000000e+00  7.00000000e+01]
  [ 7.95515373e-01  1.00000000e+00  5.60000000e+01]
  [ 5.97258968e-01  4.00000000e+00  5.20000000e+01]
  ...
  [ 5.68703422e-01  0.00000000e+00  1.20000000e+01]
  [ 5.38813190e-01  0.00000000e+00  1.20000000e+01]
  [ 5.63195611e-01  0.00000000e+00 -9.60000000e+01]]][0 0 0 ... 1 1 1]
Done.
Training group 10, split 1
	Early stopping at epoch 13
	Y Train Labels:(array([0.], dtype=float32), array([293]))
	Y Val Labels:(array([0.], dtype=float32), array([292]))
Training group 10, split 2
	Early stopping at epoch 13
	Y Train Labels:(array([0.], dtype=float32), array([585]))
	Y Val Labels:(array([0., 1.], dtype=float32), array([260,  32]))
Training group 10, split 3
	Early stopping at epoch 13
	Y Train Labels:(array([0., 1.], dtype=float32), array([845,  32]))
	Y Val Labels:(array([1.], dtype=float32), array([292]))
	Creating sequence for 'bnktothefuture'... [[[ 1.77075393e-03  0.00000000e+00 -1.40000000e+01]
  [ 1.78573501e-03  0.00000000e+00 -1.90000000e+01]
  [ 1.77724376e-03  0.00000000e+00  1.10000000e+01]
  ...
  [ 2.35941362e-03  0.00000000e+00 -1.10000000e+01]
  [ 2.22432750e-03  0.00000000e+00  3.00000000e+00]
  [ 2.11125511e-03  0.00000000e+00  1.10000000e+01]]

 [[ 1.77477265e-03  0.00000000e+00  4.00000000e+00]
  [ 1.77075393e-03  0.00000000e+00 -1.40000000e+01]
  [ 1.78573501e-03  0.00000000e+00 -1.90000000e+01]
  ...
  [ 2.29837215e-03  0.00000000e+00  6.00000000e+00]
  [ 2.35941362e-03  0.00000000e+00 -1.10000000e+01]
  [ 2.22432750e-03  0.00000000e+00  3.00000000e+00]]

 [[ 1.76849266e-03  0.00000000e+00 -3.50000000e+01]
  [ 1.77477265e-03  0.00000000e+00  4.00000000e+00]
  [ 1.77075393e-03  0.00000000e+00 -1.40000000e+01]
  ...
  [ 2.11895333e-03  0.00000000e+00 -1.00000000e+01]
  [ 2.29837215e-03  0.00000000e+00  6.00000000e+00]
  [ 2.35941362e-03  0.00000000e+00 -1.10000000e+01]]

 ...

 [[ 2.07901000e-01  0.00000000e+00  7.00000000e+00]
  [ 2.30372000e-01  0.00000000e+00  5.00000000e+00]
  [ 2.77133000e-01  4.00000000e+00  2.00000000e+01]
  ...
  [ 1.41928000e-01  0.00000000e+00 -4.00000000e+00]
  [ 1.30702000e-01  0.00000000e+00  1.00000000e+00]
  [ 1.27713000e-01  0.00000000e+00 -5.00000000e+00]]

 [[ 2.06816000e-01  0.00000000e+00  8.00000000e+00]
  [ 2.07901000e-01  0.00000000e+00  7.00000000e+00]
  [ 2.30372000e-01  0.00000000e+00  5.00000000e+00]
  ...
  [ 1.44596000e-01  0.00000000e+00  4.00000000e+00]
  [ 1.41928000e-01  0.00000000e+00 -4.00000000e+00]
  [ 1.30702000e-01  0.00000000e+00  1.00000000e+00]]

 [[ 1.96361000e-01  0.00000000e+00  4.14000000e+02]
  [ 2.06816000e-01  0.00000000e+00  8.00000000e+00]
  [ 2.07901000e-01  0.00000000e+00  7.00000000e+00]
  ...
  [ 1.49289000e-01  0.00000000e+00  1.00000000e+00]
  [ 1.44596000e-01  0.00000000e+00  4.00000000e+00]
  [ 1.41928000e-01  0.00000000e+00 -4.00000000e+00]]][0 0 0 ... 1 1 1]
Done.
Training group 11, split 1
	Early stopping at epoch 13
	Y Train Labels:(array([0., 1.], dtype=float32), array([500,  63]))
	Y Val Labels:(array([1.], dtype=float32), array([560]))
Training group 11, split 2
	Early stopping at epoch 13
	Y Train Labels:(array([0., 1.], dtype=float32), array([500, 623]))
	Y Val Labels:(array([1.], dtype=float32), array([560]))
Training group 11, split 3
	Early stopping at epoch 13
	Y Train Labels:(array([0., 1.], dtype=float32), array([ 500, 1183]))
	Y Val Labels:(array([1.], dtype=float32), array([560]))
	Creating sequence for 'alitas'... [[[ 1.43341669e-01  0.00000000e+00  9.90000000e+01]
  [ 1.46810127e-01  0.00000000e+00 -1.41000000e+02]
  [ 1.40873123e-01  0.00000000e+00 -3.00000000e+00]
  ...
  [ 1.02865309e-01  0.00000000e+00  3.30000000e+01]
  [ 1.01091385e-01  0.00000000e+00 -2.80000000e+01]
  [ 1.19260793e-01  0.00000000e+00  4.00000000e+00]]

 [[ 1.34409628e-01  0.00000000e+00  8.00000000e+01]
  [ 1.43341669e-01  0.00000000e+00  9.90000000e+01]
  [ 1.46810127e-01  0.00000000e+00 -1.41000000e+02]
  ...
  [ 1.07422852e-01  0.00000000e+00  3.50000000e+01]
  [ 1.02865309e-01  0.00000000e+00  3.30000000e+01]
  [ 1.01091385e-01  0.00000000e+00 -2.80000000e+01]]

 [[ 1.41238814e-01  0.00000000e+00  2.60000000e+01]
  [ 1.34409628e-01  0.00000000e+00  8.00000000e+01]
  [ 1.43341669e-01  0.00000000e+00  9.90000000e+01]
  ...
  [ 1.11550060e-01  0.00000000e+00 -4.80000000e+01]
  [ 1.07422852e-01  0.00000000e+00  3.50000000e+01]
  [ 1.02865309e-01  0.00000000e+00  3.30000000e+01]]

 ...

 [[ 2.21864672e+01  3.00000000e+00  1.72100000e+03]
  [ 1.92073768e+01  0.00000000e+00  3.04000000e+02]
  [ 1.75628998e+01  0.00000000e+00  3.88000000e+02]
  ...
  [ 1.17246637e+01  0.00000000e+00 -9.70000000e+01]
  [ 1.66317067e+01  0.00000000e+00 -6.10000000e+01]
  [ 1.95577031e+01  0.00000000e+00  5.30000000e+01]]

 [[ 2.29959571e+01  0.00000000e+00  2.65000000e+03]
  [ 2.21864672e+01  3.00000000e+00  1.72100000e+03]
  [ 1.92073768e+01  0.00000000e+00  3.04000000e+02]
  ...
  [ 8.22310857e+00  0.00000000e+00 -7.50000000e+01]
  [ 1.17246637e+01  0.00000000e+00 -9.70000000e+01]
  [ 1.66317067e+01  0.00000000e+00 -6.10000000e+01]]

 [[ 2.90808389e+01  0.00000000e+00  1.15480000e+04]
  [ 2.29959571e+01  0.00000000e+00  2.65000000e+03]
  [ 2.21864672e+01  3.00000000e+00  1.72100000e+03]
  ...
  [ 6.45511531e+00  0.00000000e+00 -1.89000000e+02]
  [ 8.22310857e+00  0.00000000e+00 -7.50000000e+01]
  [ 1.17246637e+01  0.00000000e+00 -9.70000000e+01]]][0 0 0 0 0 0 0 0 0 0 0 0 0 0 0 0 0 0 0 0 0 0 0 0 0 0 0 0 0 0 0 0 0 0 0 0 0
 0 0 0 0 0 0 0 0 0 0 0 0 0 0 0 0 0 0 0 0 0 0 0 0 0 0 0 0 0 0 0 0 0 0 0 0 0
 0 0 0 0 0 0 0 0 0 0 0 0 0 0 0 0 0 0 0 0 0 0 0 0 0 0 0 0 0 0 0 0 0 0 0 0 0
 0 0 0 0 0 0 0 0 0 0 0 0 0 0 0 0 0 0 0 0 0 0 0 0 0 0 0 0 0 0 0 0 0 0 0 0 0
 0 0 0 0 0 0 0 0 0 0 0 0 0 0 0 0 0 0 0 0 0 0 0 0 0 0 0 0 0 0 0 0 0 0 0 0 0
 0 0 0 0 0 0 0 0 0 0 0 0 0 0 0 0 0 0 0 0 0 0 0 0 0 0 0 0 0 0 0 0 0 0 0 0 0
 0 0 0 0 0 0 0 0 0 0 0 0 0 0 0 0 0 0 0 0 0 0 0 0 0 0 0 0 0 0 0 0 0 0 0 0 0
 0 0 0 0 0 0 0 0 0 0 0 0 0 0 0 0 0 0 0 0 0 0 0 0 0 0 0 0 0 0 0 0 0 0 0 0 0
 0 0 0 0 0 0 0 0 0 0 0 0 0 0 0 0 0 0 0 0 0 0 0 0 0 0 0 0 0 0 0 0 0 0 0 0 0
 0 0 0 0 0 0 0 0 0 0 0 0 0 0 0 0 0 0 0 0 0 0 0 0 0 0 0 0 0 0 0 0 0 0 0 0 0
 0 0 0 0 0 0 0 0 0 0 0 0 0 0 0 0 0 0 0 0 0 0 0 0 0 0 0 0 0 0 0 0 0 0 0 0 0
 0 0 0 0 0 0 0 0 0 0 0 0 0 0 0 0 0 0 0 0 0 0 0 0 0 0 0 0 0 0 0 0 0 0 0 0 0
 0 0 0 0 0 0 0 0 0 0 0 0 0 0 0 0 0 0 0 0 0 0 0 0 0 0 0 0 0 0 0 0 0 0 0 0 0
 0 0 0 0 0 0 0 0 0 0 0 0 0 0 0 0 0 0 0 0 0 0 0 0 0 0 0 0 0 0 0 0 0 0 0 0 0
 0 0 0 0 0 0 0 0 0 0 0 0 0 0 0 0 0 0 0 0 0 0 0 0 0 0 0 0 0 0 0 0 0 0 0 0 0
 0 0 0 0 0 0 0 0 0 0 0 0 0 0 0 0 0 0 0 0 0 0 0 0 0 0 0 0 0 0 0 0 0 0 0 0 0
 0 0 0 0 0 0 0 0 0 0 0 0 0 0 0 0 0 0 0 0 0 0 0 0 0 0 0 0 0 0 0 0 0 0 0 0 0
 0 0 0 0 0 0 0 0 0 0 0 0 0 0 0 0 0 0 0 0 0 0 0 0 0 0 0 0 0 0 0 0 0 0 0 0 0
 0 0 0 0 0 0 0 0 0 0 0 0 0 0 0 0 0 0 0 0 0 0 0 0 0 0 0 0 0 0 0 0 0 0 0 0 0
 0 0 0 0 0 0 0 0 0 0 0 0 0 0 0 0 0 0 0 0 0 0 0 0 0 0 0 0 0 0 0 0 0 0 0 0 0
 0 0 0 0 0 0 0 0 0 0 0 0 0 0 0 0 0 0 0 0 0 0 0 0 0 0 0 0 0 0 0 0 0 0 0 0 0
 0 0 0 0 0 0 0 0 0 0 0 0 0 0 0 0 0 0 0 0 0 0 0 0 0 0 0 0 1 1 1 1 1 1 1 1 1
 1 1 1 1 1 1 1 1 1 1 1 1 1 1 1 1 1 1 1 1 1 1 1 1 1 1 1 1 1 1 1 1 1 1 1 1 1
 1 1 1 1 1 1 1 1 1 1 1 1 1 1 1 1 1 1 1 1 1 1 1 1 1 1 1 1 1 1 1 1 1 1 1 1 1
 1 1 1 1 1 1 1 1 1 1 1 1 1 1 1 1 1 1 1 1 1 1 1 1 1 1 1 1 1 1 1 1 1 1 1 1 1
 1 1 1 1 1 1 1 1 1 1 1 1 1 1 1 1 1 1 1 1 1 1 1 1 1 1 1]
Done.
Training group 12, split 1
	Early stopping at epoch 13
	Y Train Labels:(array([0.], dtype=float32), array([238]))
	Y Val Labels:(array([0.], dtype=float32), array([238]))
Training group 12, split 2
