


--------------------------------------------------
Starting lstm.py at '2024-10-24 15:49:46.789395'.
Reading './balancedDataset.json'... Done.
Total training Data: 1030
DAOs trained so far:134
Size of training set: 587
Size of test set: 309
Preparing data for training...
Preparing data for testing...
Parameters:
	Num epochs: 60
	Initial learning rate: 0.001
	Patience: 12
	Window size: 60
	Timeseries splits: 3
	Minimum number of timeseries datapoints: 64
Gradient boosting params: 
	{"max_depth": 3, "learning_rate": 0.05, "n_estimators": 100, "objective": "binary:logistic", "eval_metric": "logloss"}
	Creating sequence for 'bitcore'... Training group 0, split 1
	Y Train Labels:(array([1.], dtype=float32), array([570]))
	Y Val Labels:(array([1.], dtype=float32), array([567]))
Training group 0, split 2
	Early stopping at epoch 13
	Y Train Labels:(array([1.], dtype=float32), array([1137]))
	Y Val Labels:(array([0., 1.], dtype=float32), array([ 72, 495]))
Training group 0, split 3
	Y Train Labels:(array([0., 1.], dtype=float32), array([  72, 1632]))
	Y Val Labels:(array([0.], dtype=float32), array([567]))
Done.
	Creating sequence for 'contentbox'... Training group 1, split 1
	Early stopping at epoch 27
	Y Train Labels:(array([0., 1.], dtype=float32), array([207, 331]))
	Y Val Labels:(array([0.], dtype=float32), array([537]))
Training group 1, split 2
	Early stopping at epoch 26
	Y Train Labels:(array([0., 1.], dtype=float32), array([744, 331]))
	Y Val Labels:(array([0.], dtype=float32), array([537]))
Training group 1, split 3
	Early stopping at epoch 20
	Y Train Labels:(array([0., 1.], dtype=float32), array([1281,  331]))
	Y Val Labels:(array([0.], dtype=float32), array([537]))
Done.
	Creating sequence for 'prisma-mkusd'... Training group 2, split 1
	Y Train Labels:(array([1.], dtype=float32), array([79]))
	Y Val Labels:(array([1.], dtype=float32), array([77]))
Training group 2, split 2
	Y Train Labels:(array([1.], dtype=float32), array([156]))
	Y Val Labels:(array([1.], dtype=float32), array([77]))
Training group 2, split 3
	Y Train Labels:(array([1.], dtype=float32), array([233]))
	Y Val Labels:(array([1.], dtype=float32), array([77]))
Done.
	Creating sequence for 'eigenpie-msteth'... Training group 3, split 1
	Y Train Labels:(array([1.], dtype=float32), array([24]))
	Y Val Labels:(array([1.], dtype=float32), array([24]))
Training group 3, split 2
	Y Train Labels:(array([1.], dtype=float32), array([48]))
	Y Val Labels:(array([1.], dtype=float32), array([24]))
Training group 3, split 3
	Y Train Labels:(array([1.], dtype=float32), array([72]))
	Y Val Labels:(array([1.], dtype=float32), array([24]))
Done.
	Creating sequence for 'polygon-ecosystem-token'... Training group 4, split 1
	Y Train Labels:(array([1.], dtype=float32), array([66]))
	Y Val Labels:(array([1.], dtype=float32), array([66]))
Training group 4, split 2
	Y Train Labels:(array([1.], dtype=float32), array([132]))
	Y Val Labels:(array([1.], dtype=float32), array([66]))
Training group 4, split 3
	Y Train Labels:(array([1.], dtype=float32), array([198]))
	Y Val Labels:(array([1.], dtype=float32), array([66]))
Done.
	Creating sequence for 'coinbase-wrapped-staked-eth'... Training group 5, split 1
	Y Train Labels:(array([1.], dtype=float32), array([178]))
	Y Val Labels:(array([1.], dtype=float32), array([175]))
Training group 5, split 2
	Y Train Labels:(array([1.], dtype=float32), array([353]))
	Y Val Labels:(array([1.], dtype=float32), array([175]))
Training group 5, split 3
	Y Train Labels:(array([1.], dtype=float32), array([528]))
	Y Val Labels:(array([1.], dtype=float32), array([175]))
Done.
	Creating sequence for 'hoge-finance'... Training group 6, split 1
	Y Train Labels:(array([1.], dtype=float32), array([299]))
	Y Val Labels:(array([1.], dtype=float32), array([299]))
Training group 6, split 2
	Y Train Labels:(array([1.], dtype=float32), array([598]))
	Y Val Labels:(array([1.], dtype=float32), array([299]))
Training group 6, split 3
	Early stopping at epoch 13
	Y Train Labels:(array([1.], dtype=float32), array([897]))
	Y Val Labels:(array([0., 1.], dtype=float32), array([ 88, 211]))
Done.
	Creating sequence for 'harvest-finance'... Training group 7, split 1
	Y Train Labels:(array([1.], dtype=float32), array([340]))
	Y Val Labels:(array([1.], dtype=float32), array([340]))
Training group 7, split 2
	Early stopping at epoch 13
	Y Train Labels:(array([1.], dtype=float32), array([680]))
	Y Val Labels:(array([0., 1.], dtype=float32), array([121, 219]))
Training group 7, split 3
	Early stopping at epoch 54
	Y Train Labels:(array([0., 1.], dtype=float32), array([121, 899]))
	Y Val Labels:(array([0.], dtype=float32), array([340]))
Done.
	Creating sequence for 'taraxa'... Training group 8, split 1
	Y Train Labels:(array([1.], dtype=float32), array([308]))
	Y Val Labels:(array([1.], dtype=float32), array([305]))
Training group 8, split 2
	Y Train Labels:(array([1.], dtype=float32), array([613]))
	Y Val Labels:(array([1.], dtype=float32), array([305]))
Training group 8, split 3
	Y Train Labels:(array([1.], dtype=float32), array([918]))
	Y Val Labels:(array([1.], dtype=float32), array([305]))
Done.
	Creating sequence for 'indexed-finance'... Training group 9, split 1
	Early stopping at epoch 13
	Y Train Labels:(array([1.], dtype=float32), array([275]))
	Y Val Labels:(array([0., 1.], dtype=float32), array([191,  83]))
Training group 9, split 2
