


--------------------------------------------------
Starting lstm.py at '2024-10-23 18:46:09.349402'.
Reading '../classifiedDAOs.json'... Done.
Total training Data: 1578
DAOs trained so far:248
Size of training set: 856
Size of test set: 474
Preparing data for training...
Preparing data for testing...
Parameters:
	Num epochs: 60
	Initial learning rate: 0.001
	Patience: 12
	Window size: 60
	Timeseries splits: 3
	Minimum number of timeseries datapoints: 64
Gradient boosting params: 
	{"max_depth": 3, "learning_rate": 0.05, "n_estimators": 100, "objective": "binary:logistic", "eval_metric": "logloss"}
	Creating sequence for 'zano'... Training group 0, split 1
	Y Train Labels:(array([1.], dtype=float32), array([413]))
	Y Val Labels:(array([1.], dtype=float32), array([413]))
Training group 0, split 2
	Y Train Labels:(array([1.], dtype=float32), array([826]))
	Y Val Labels:(array([1.], dtype=float32), array([413]))
Training group 0, split 3
	Y Train Labels:(array([1.], dtype=float32), array([1239]))
	Y Val Labels:(array([1.], dtype=float32), array([413]))
Done.
	Creating sequence for 'elvishmagic'... Training group 1, split 1
	Y Train Labels:(array([1.], dtype=float32), array([130]))
	Y Val Labels:(array([1.], dtype=float32), array([129]))
Training group 1, split 2
	Y Train Labels:(array([1.], dtype=float32), array([259]))
	Y Val Labels:(array([1.], dtype=float32), array([129]))
Training group 1, split 3
	Early stopping at epoch 13
	Y Train Labels:(array([1.], dtype=float32), array([388]))
	Y Val Labels:(array([0., 1.], dtype=float32), array([72, 57]))
Done.
	Creating sequence for 'throne'... Training group 2, split 1
	Early stopping at epoch 13
	Y Train Labels:(array([1.], dtype=float32), array([37]))
	Y Val Labels:(array([0., 1.], dtype=float32), array([16, 20]))
Training group 2, split 2
	Early stopping at epoch 41
	Y Train Labels:(array([0., 1.], dtype=float32), array([16, 57]))
	Y Val Labels:(array([0.], dtype=float32), array([36]))
Training group 2, split 3
	Early stopping at epoch 26
	Y Train Labels:(array([0., 1.], dtype=float32), array([52, 57]))
	Y Val Labels:(array([0.], dtype=float32), array([36]))
Done.
	Creating sequence for 'senate'... Training group 3, split 1
	Y Train Labels:(array([0.], dtype=float32), array([240]))
	Y Val Labels:(array([0.], dtype=float32), array([238]))
Training group 3, split 2
	Y Train Labels:(array([0.], dtype=float32), array([478]))
	Y Val Labels:(array([0.], dtype=float32), array([238]))
Training group 3, split 3
	Y Train Labels:(array([0.], dtype=float32), array([716]))
	Y Val Labels:(array([0.], dtype=float32), array([238]))
Done.
	Creating sequence for 'contentos'... Training group 4, split 1
	Y Train Labels:(array([1.], dtype=float32), array([455]))
	Y Val Labels:(array([1.], dtype=float32), array([454]))
Training group 4, split 2
	Y Train Labels:(array([1.], dtype=float32), array([909]))
	Y Val Labels:(array([1.], dtype=float32), array([454]))
Training group 4, split 3
	Early stopping at epoch 13
	Y Train Labels:(array([1.], dtype=float32), array([1363]))
	Y Val Labels:(array([0., 1.], dtype=float32), array([238, 216]))
Done.
	Creating sequence for 'switcheo'... Training group 5, split 1
	Y Train Labels:(array([1.], dtype=float32), array([552]))
	Y Val Labels:(array([1.], dtype=float32), array([551]))
Training group 5, split 2
