


--------------------------------------------------
Starting lstm.py at '2024-10-27 01:13:34.149202'.
Reading '../classifiedDAOs.json'... Done.
Total training Data: 1578
DAOs trained so far:957
Size of training set: 147
Size of test set: 474
Preparing data for training...
Preparing data for testing...
Parameters:
	Num epochs: 60
	Initial learning rate: 0.001
	Patience: 12
	Window size: 60
	Timeseries splits: 3
	Minimum number of timeseries datapoints: 64
Gradient boosting params: 
	{"max_depth": 3, "learning_rate": 0.05, "n_estimators": 100, "objective": "binary:logistic", "eval_metric": "logloss"}
	Creating sequence for 'superfarm'... Training group 0, split 1
	Y Train Labels:(array([1.], dtype=float32), array([223]))
	Y Val Labels:(array([1.], dtype=float32), array([222]))
Training group 0, split 2
	Y Train Labels:(array([1.], dtype=float32), array([445]))
	Y Val Labels:(array([1.], dtype=float32), array([222]))
Training group 0, split 3
	Y Train Labels:(array([1.], dtype=float32), array([667]))
	Y Val Labels:(array([1.], dtype=float32), array([222]))
Done.
	Creating sequence for 'akita-inu'... Training group 1, split 1
	Early stopping at epoch 43
	Y Train Labels:(array([0., 1.], dtype=float32), array([108, 211]))
	Y Val Labels:(array([0.], dtype=float32), array([317]))
Training group 1, split 2
	Early stopping at epoch 27
	Y Train Labels:(array([0., 1.], dtype=float32), array([425, 211]))
	Y Val Labels:(array([0.], dtype=float32), array([317]))
Training group 1, split 3
	Early stopping at epoch 42
	Y Train Labels:(array([0., 1.], dtype=float32), array([742, 211]))
	Y Val Labels:(array([0.], dtype=float32), array([317]))
Done.
	Creating sequence for 'mask-network'... Training group 2, split 1
	Y Train Labels:(array([1.], dtype=float32), array([300]))
	Y Val Labels:(array([1.], dtype=float32), array([299]))
Training group 2, split 2
	Y Train Labels:(array([1.], dtype=float32), array([599]))
	Y Val Labels:(array([1.], dtype=float32), array([299]))
Training group 2, split 3
	Y Train Labels:(array([1.], dtype=float32), array([898]))
	Y Val Labels:(array([1.], dtype=float32), array([299]))
Done.
	Creating sequence for 'crash-on-base'... Training group 3, split 1
	Y Train Labels:(array([0.], dtype=float32), array([9]))
	Y Val Labels:(array([0.], dtype=float32), array([7]))
Training group 3, split 2
	Y Train Labels:(array([0.], dtype=float32), array([16]))
	Y Val Labels:(array([0.], dtype=float32), array([7]))
Training group 3, split 3
	Y Train Labels:(array([0.], dtype=float32), array([23]))
	Y Val Labels:(array([0.], dtype=float32), array([7]))
Done.
	Creating sequence for 'torque'... Skipped.
	Creating sequence for '0chain'... Training group 4, split 1
	Y Train Labels:(array([1.], dtype=float32), array([131]))
	Y Val Labels:(array([1.], dtype=float32), array([130]))
Training group 4, split 2
	Y Train Labels:(array([1.], dtype=float32), array([261]))
	Y Val Labels:(array([1.], dtype=float32), array([130]))
Training group 4, split 3
	Y Train Labels:(array([1.], dtype=float32), array([391]))
	Y Val Labels:(array([1.], dtype=float32), array([130]))
Done.
	Creating sequence for 'lien'... Training group 5, split 1
	Early stopping at epoch 25
	Y Train Labels:(array([0., 1.], dtype=float32), array([178, 154]))
	Y Val Labels:(array([0.], dtype=float32), array([329]))
Training group 5, split 2
	Early stopping at epoch 13
	Y Train Labels:(array([0., 1.], dtype=float32), array([507, 154]))
	Y Val Labels:(array([0.], dtype=float32), array([329]))
Training group 5, split 3
