


--------------------------------------------------
Starting lstm.py at '2024-10-25 17:22:55.273346'.
Reading './balancedDataset.json'... Done.
Total training Data: 1030
DAOs trained so far:434
Size of training set: 287
Size of test set: 309
Preparing data for training...
Preparing data for testing...
Parameters:
	Num epochs: 60
	Initial learning rate: 0.001
	Patience: 12
	Window size: 60
	Timeseries splits: 3
	Minimum number of timeseries datapoints: 64
Gradient boosting params: 
	{"max_depth": 3, "learning_rate": 0.05, "n_estimators": 100, "objective": "binary:logistic", "eval_metric": "logloss"}
	Creating sequence for 'ethena-usde'... Training group 0, split 1
	Early stopping at epoch 13
	Y Train Labels:(array([0.], dtype=float32), array([40]))
	Y Val Labels:(array([0.], dtype=float32), array([39]))
Training group 0, split 2
	Early stopping at epoch 13
	Y Train Labels:(array([0.], dtype=float32), array([79]))
	Y Val Labels:(array([0.], dtype=float32), array([39]))
Training group 0, split 3
	Early stopping at epoch 13
	Y Train Labels:(array([0.], dtype=float32), array([118]))
	Y Val Labels:(array([0.], dtype=float32), array([39]))
Done.
	Creating sequence for 'zano'... Training group 1, split 1
	Early stopping at epoch 13
	Y Train Labels:(array([1.], dtype=float32), array([413]))
	Y Val Labels:(array([1.], dtype=float32), array([413]))
Training group 1, split 2
	Early stopping at epoch 13
	Y Train Labels:(array([1.], dtype=float32), array([826]))
	Y Val Labels:(array([1.], dtype=float32), array([413]))
Training group 1, split 3
	Early stopping at epoch 13
	Y Train Labels:(array([1.], dtype=float32), array([1239]))
	Y Val Labels:(array([1.], dtype=float32), array([413]))
Done.
	Creating sequence for 'compound-basic-attention-token'... Training group 2, split 1
	Early stopping at epoch 13
	Y Train Labels:(array([1.], dtype=float32), array([263]))
	Y Val Labels:(array([1.], dtype=float32), array([261]))
Training group 2, split 2
	Early stopping at epoch 13
	Y Train Labels:(array([1.], dtype=float32), array([524]))
	Y Val Labels:(array([0., 1.], dtype=float32), array([211,  50]))
Training group 2, split 3
	Early stopping at epoch 13
	Y Train Labels:(array([0., 1.], dtype=float32), array([211, 574]))
	Y Val Labels:(array([0.], dtype=float32), array([261]))
Done.
	Creating sequence for 'carvertical'... Training group 3, split 1
	Early stopping at epoch 13
	Y Train Labels:(array([1.], dtype=float32), array([417]))
	Y Val Labels:(array([1.], dtype=float32), array([414]))
Training group 3, split 2
	Early stopping at epoch 13
	Y Train Labels:(array([1.], dtype=float32), array([831]))
	Y Val Labels:(array([1.], dtype=float32), array([414]))
Training group 3, split 3
	Early stopping at epoch 13
	Y Train Labels:(array([1.], dtype=float32), array([1245]))
	Y Val Labels:(array([1.], dtype=float32), array([414]))
Done.
	Creating sequence for 'swarm-markets'... Training group 4, split 1
	Early stopping at epoch 13
	Y Train Labels:(array([1.], dtype=float32), array([263]))
	Y Val Labels:(array([1.], dtype=float32), array([262]))
Training group 4, split 2
	Early stopping at epoch 13
	Y Train Labels:(array([1.], dtype=float32), array([525]))
	Y Val Labels:(array([1.], dtype=float32), array([262]))
Training group 4, split 3
