


--------------------------------------------------
Starting lstm.py at '2024-10-23 20:12:22.792517'.
Reading '../classifiedDAOs.json'... Done.
Total training Data: 1578
DAOs trained so far:722
Size of training set: 382
Size of test set: 474
Preparing data for training...
Preparing data for testing...
Parameters:
	Num epochs: 60
	Initial learning rate: 0.001
	Patience: 12
	Window size: 60
	Timeseries splits: 3
	Minimum number of timeseries datapoints: 64
Gradient boosting params: 
	{"max_depth": 3, "learning_rate": 0.05, "n_estimators": 100, "objective": "binary:logistic", "eval_metric": "logloss"}
	Creating sequence for 'soil'... Skipped.
	Creating sequence for 'gamercoin'... Training group 0, split 1
	Y Train Labels:(array([1.], dtype=float32), array([302]))
	Y Val Labels:(array([1.], dtype=float32), array([301]))
Training group 0, split 2
	Y Train Labels:(array([1.], dtype=float32), array([603]))
	Y Val Labels:(array([1.], dtype=float32), array([301]))
Training group 0, split 3
	Y Train Labels:(array([1.], dtype=float32), array([904]))
	Y Val Labels:(array([1.], dtype=float32), array([301]))
Done.
	Creating sequence for 'peercoin'... Training group 1, split 1
	Y Train Labels:(array([1.], dtype=float32), array([567]))
	Y Val Labels:(array([1.], dtype=float32), array([564]))
Training group 1, split 2
	Y Train Labels:(array([1.], dtype=float32), array([1131]))
	Y Val Labels:(array([1.], dtype=float32), array([564]))
Training group 1, split 3
	Y Train Labels:(array([1.], dtype=float32), array([1695]))
	Y Val Labels:(array([1.], dtype=float32), array([564]))
Done.
	Creating sequence for 'liquid-astr'... Training group 2, split 1
	Y Train Labels:(array([1.], dtype=float32), array([82]))
	Y Val Labels:(array([1.], dtype=float32), array([79]))
Training group 2, split 2
	Y Train Labels:(array([1.], dtype=float32), array([161]))
	Y Val Labels:(array([1.], dtype=float32), array([79]))
Training group 2, split 3
	Y Train Labels:(array([1.], dtype=float32), array([240]))
	Y Val Labels:(array([1.], dtype=float32), array([79]))
Done.
	Creating sequence for 'signata'... Training group 3, split 1
	Early stopping at epoch 13
	Y Train Labels:(array([1.], dtype=float32), array([301]))
	Y Val Labels:(array([0., 1.], dtype=float32), array([240,  59]))
Training group 3, split 2
	Early stopping at epoch 37
	Y Train Labels:(array([0., 1.], dtype=float32), array([240, 360]))
	Y Val Labels:(array([0.], dtype=float32), array([299]))
Training group 3, split 3
	Early stopping at epoch 25
	Y Train Labels:(array([0., 1.], dtype=float32), array([539, 360]))
	Y Val Labels:(array([0.], dtype=float32), array([299]))
Done.
	Creating sequence for 'synapse-2'... Training group 4, split 1
	Y Train Labels:(array([1.], dtype=float32), array([169]))
	Y Val Labels:(array([1.], dtype=float32), array([167]))
Training group 4, split 2
	Y Train Labels:(array([1.], dtype=float32), array([336]))
	Y Val Labels:(array([1.], dtype=float32), array([167]))
Training group 4, split 3
	Y Train Labels:(array([1.], dtype=float32), array([503]))
	Y Val Labels:(array([1.], dtype=float32), array([167]))
Done.
	Creating sequence for 'aave-link'... Skipped.
	Creating sequence for 'props'... Training group 5, split 1
	Y Train Labels:(array([1.], dtype=float32), array([280]))
	Y Val Labels:(array([1.], dtype=float32), array([278]))
Training group 5, split 2
	Early stopping at epoch 13
	Y Train Labels:(array([1.], dtype=float32), array([558]))
	Y Val Labels:(array([0., 1.], dtype=float32), array([262,  16]))
Training group 5, split 3
	Early stopping at epoch 49
	Y Train Labels:(array([0., 1.], dtype=float32), array([262, 574]))
	Y Val Labels:(array([0.], dtype=float32), array([278]))
Done.
	Creating sequence for 'b20'... Training group 6, split 1
	Early stopping at epoch 26
	Y Train Labels:(array([0., 1.], dtype=float32), array([158,  40]))
	Y Val Labels:(array([0.], dtype=float32), array([196]))
Training group 6, split 2
	Early stopping at epoch 42
	Y Train Labels:(array([0., 1.], dtype=float32), array([354,  40]))
	Y Val Labels:(array([0.], dtype=float32), array([196]))
Training group 6, split 3
	Early stopping at epoch 16
	Y Train Labels:(array([0., 1.], dtype=float32), array([550,  40]))
	Y Val Labels:(array([0.], dtype=float32), array([196]))
Done.
	Creating sequence for 'alpaca-finance'... Training group 7, split 1
	Y Train Labels:(array([1.], dtype=float32), array([269]))
	Y Val Labels:(array([1.], dtype=float32), array([268]))
Training group 7, split 2
	Y Train Labels:(array([1.], dtype=float32), array([537]))
	Y Val Labels:(array([1.], dtype=float32), array([268]))
Training group 7, split 3
	Early stopping at epoch 13
	Y Train Labels:(array([1.], dtype=float32), array([805]))
	Y Val Labels:(array([0., 1.], dtype=float32), array([245,  23]))
Done.
	Creating sequence for 'tenx'... Training group 8, split 1
	Early stopping at epoch 14
	Y Train Labels:(array([0., 1.], dtype=float32), array([ 15, 579]))
	Y Val Labels:(array([0.], dtype=float32), array([593]))
Training group 8, split 2
