


--------------------------------------------------
Starting lstm.py at '2024-10-24 15:21:51.735344'.
Reading './balancedDataset.json'... Done.
Total training Data: 1030
DAOs trained so far:66
Size of training set: 655
Size of test set: 309
Preparing data for training...
Preparing data for testing...
Parameters:
	Num epochs: 60
	Initial learning rate: 0.001
	Patience: 12
	Window size: 60
	Timeseries splits: 3
	Minimum number of timeseries datapoints: 64
Gradient boosting params: 
	{"max_depth": 3, "learning_rate": 0.05, "n_estimators": 100, "objective": "binary:logistic", "eval_metric": "logloss"}
	Creating sequence for 'kira-network'... Training group 0, split 1
	Y Train Labels:(array([1.], dtype=float32), array([334]))
	Y Val Labels:(array([1.], dtype=float32), array([331]))
Training group 0, split 2
	Y Train Labels:(array([1.], dtype=float32), array([665]))
	Y Val Labels:(array([1.], dtype=float32), array([331]))
Training group 0, split 3
	Y Train Labels:(array([1.], dtype=float32), array([996]))
	Y Val Labels:(array([1.], dtype=float32), array([331]))
Done.
	Creating sequence for 'band-protocol'... Training group 1, split 1
	Y Train Labels:(array([1.], dtype=float32), array([437]))
	Y Val Labels:(array([1.], dtype=float32), array([437]))
Training group 1, split 2
	Y Train Labels:(array([1.], dtype=float32), array([874]))
	Y Val Labels:(array([1.], dtype=float32), array([437]))
Training group 1, split 3
	Y Train Labels:(array([1.], dtype=float32), array([1311]))
	Y Val Labels:(array([1.], dtype=float32), array([437]))
Done.
	Creating sequence for 'crowns'... Training group 2, split 1
	Y Train Labels:(array([1.], dtype=float32), array([301]))
	Y Val Labels:(array([1.], dtype=float32), array([298]))
Training group 2, split 2
	Y Train Labels:(array([1.], dtype=float32), array([599]))
	Y Val Labels:(array([1.], dtype=float32), array([298]))
Training group 2, split 3
	Y Train Labels:(array([1.], dtype=float32), array([897]))
	Y Val Labels:(array([1.], dtype=float32), array([298]))
Done.
	Creating sequence for 'turbo'... Training group 3, split 1
	Y Train Labels:(array([1.], dtype=float32), array([114]))
	Y Val Labels:(array([1.], dtype=float32), array([112]))
Training group 3, split 2
	Y Train Labels:(array([1.], dtype=float32), array([226]))
	Y Val Labels:(array([1.], dtype=float32), array([112]))
Training group 3, split 3
	Y Train Labels:(array([1.], dtype=float32), array([338]))
	Y Val Labels:(array([1.], dtype=float32), array([112]))
Done.
	Creating sequence for 'gifto'... Training group 4, split 1
	Y Train Labels:(array([1.], dtype=float32), array([442]))
	Y Val Labels:(array([1.], dtype=float32), array([439]))
Training group 4, split 2
	Y Train Labels:(array([1.], dtype=float32), array([881]))
	Y Val Labels:(array([1.], dtype=float32), array([439]))
Training group 4, split 3
	Y Train Labels:(array([1.], dtype=float32), array([1320]))
	Y Val Labels:(array([1.], dtype=float32), array([439]))
Done.
	Creating sequence for 'decubate'... Training group 5, split 1
	Y Train Labels:(array([1.], dtype=float32), array([279]))
	Y Val Labels:(array([1.], dtype=float32), array([279]))
Training group 5, split 2
	Early stopping at epoch 48
	Y Train Labels:(array([1.], dtype=float32), array([558]))
	Y Val Labels:(array([1.], dtype=float32), array([279]))
Training group 5, split 3
	Early stopping at epoch 46
	Y Train Labels:(array([1.], dtype=float32), array([837]))
	Y Val Labels:(array([1.], dtype=float32), array([279]))
Done.
	Creating sequence for 'bitcicoin'... Training group 6, split 1
	Early stopping at epoch 49
	Y Train Labels:(array([1.], dtype=float32), array([295]))
	Y Val Labels:(array([1.], dtype=float32), array([294]))
Training group 6, split 2
	Early stopping at epoch 13
	Y Train Labels:(array([1.], dtype=float32), array([589]))
	Y Val Labels:(array([0., 1.], dtype=float32), array([190, 104]))
Training group 6, split 3
	Early stopping at epoch 31
	Y Train Labels:(array([0., 1.], dtype=float32), array([190, 693]))
	Y Val Labels:(array([0.], dtype=float32), array([294]))
Done.
	Creating sequence for 'lto-network'... Training group 7, split 1
	Y Train Labels:(array([1.], dtype=float32), array([157]))
	Y Val Labels:(array([1.], dtype=float32), array([154]))
Training group 7, split 2
	Y Train Labels:(array([1.], dtype=float32), array([311]))
	Y Val Labels:(array([1.], dtype=float32), array([154]))
Training group 7, split 3
	Y Train Labels:(array([1.], dtype=float32), array([465]))
	Y Val Labels:(array([1.], dtype=float32), array([154]))
Done.
	Creating sequence for '3space-art'... Training group 8, split 1
	Y Train Labels:(array([1.], dtype=float32), array([57]))
	Y Val Labels:(array([1.], dtype=float32), array([57]))
Training group 8, split 2
	Y Train Labels:(array([1.], dtype=float32), array([114]))
	Y Val Labels:(array([1.], dtype=float32), array([57]))
Training group 8, split 3
	Early stopping at epoch 13
	Y Train Labels:(array([1.], dtype=float32), array([171]))
	Y Val Labels:(array([0., 1.], dtype=float32), array([50,  7]))
Done.
	Creating sequence for 'dehub'... Training group 9, split 1
	Y Train Labels:(array([1.], dtype=float32), array([191]))
	Y Val Labels:(array([1.], dtype=float32), array([188]))
Training group 9, split 2
	Early stopping at epoch 13
	Y Train Labels:(array([1.], dtype=float32), array([379]))
	Y Val Labels:(array([0., 1.], dtype=float32), array([184,   4]))
Training group 9, split 3
