


--------------------------------------------------
Starting lstm.py at '2024-10-27 01:16:23.282097'.
Reading '../classifiedDAOs.json'... Done.
Total training Data: 1578
DAOs trained so far:966
Size of training set: 138
Size of test set: 474
Preparing data for training...
Preparing data for testing...
Parameters:
	Num epochs: 60
	Initial learning rate: 0.001
	Patience: 12
	Window size: 60
	Timeseries splits: 3
	Minimum number of timeseries datapoints: 64
Gradient boosting params: 
	{"max_depth": 3, "learning_rate": 0.05, "n_estimators": 100, "objective": "binary:logistic", "eval_metric": "logloss"}
	Creating sequence for 'mithril'... Training group 0, split 1
	Y Train Labels:(array([1.], dtype=float32), array([470]))
	Y Val Labels:(array([1.], dtype=float32), array([467]))
Training group 0, split 2
	Early stopping at epoch 13
	Y Train Labels:(array([1.], dtype=float32), array([937]))
	Y Val Labels:(array([0., 1.], dtype=float32), array([126, 341]))
Training group 0, split 3
	Y Train Labels:(array([0., 1.], dtype=float32), array([ 126, 1278]))
	Y Val Labels:(array([0.], dtype=float32), array([467]))
Done.
	Creating sequence for 'ojamu'... Training group 1, split 1
	Early stopping at epoch 38
	Y Train Labels:(array([0., 1.], dtype=float32), array([12, 84]))
	Y Val Labels:(array([0.], dtype=float32), array([95]))
Training group 1, split 2
	Early stopping at epoch 35
	Y Train Labels:(array([0., 1.], dtype=float32), array([107,  84]))
	Y Val Labels:(array([0.], dtype=float32), array([95]))
Training group 1, split 3
	Y Train Labels:(array([0., 1.], dtype=float32), array([202,  84]))
	Y Val Labels:(array([0.], dtype=float32), array([95]))
Done.
	Creating sequence for 'bidao'... Training group 2, split 1
	Early stopping at epoch 13
	Y Train Labels:(array([1.], dtype=float32), array([319]))
	Y Val Labels:(array([0., 1.], dtype=float32), array([177, 142]))
Training group 2, split 2
	Y Train Labels:(array([0., 1.], dtype=float32), array([177, 461]))
	Y Val Labels:(array([0.], dtype=float32), array([319]))
Training group 2, split 3
	Early stopping at epoch 43
	Y Train Labels:(array([0., 1.], dtype=float32), array([496, 461]))
	Y Val Labels:(array([0.], dtype=float32), array([319]))
Done.
	Creating sequence for 'hackenai'... Training group 3, split 1
	Y Train Labels:(array([1.], dtype=float32), array([237]))
	Y Val Labels:(array([1.], dtype=float32), array([235]))
Training group 3, split 2
	Y Train Labels:(array([1.], dtype=float32), array([472]))
	Y Val Labels:(array([1.], dtype=float32), array([235]))
Training group 3, split 3
	Y Train Labels:(array([1.], dtype=float32), array([707]))
	Y Val Labels:(array([1.], dtype=float32), array([235]))
Done.
	Creating sequence for 'offshift'... Training group 4, split 1
	Early stopping at epoch 35
	Y Train Labels:(array([1.], dtype=float32), array([291]))
	Y Val Labels:(array([1.], dtype=float32), array([291]))
Training group 4, split 2
