


--------------------------------------------------
Starting lstm.py at '2024-10-25 12:22:53.406574'.
Reading './balancedDataset.json'... Done.
Total training Data: 1030
DAOs trained so far:571
Size of training set: 150
Size of test set: 309
Preparing data for training...
Preparing data for testing...
Parameters:
	Num epochs: 60
	Initial learning rate: 0.001
	Patience: 12
	Window size: 60
	Timeseries splits: 3
	Minimum number of timeseries datapoints: 64
Gradient boosting params: 
	{"max_depth": 3, "learning_rate": 0.05, "n_estimators": 100, "objective": "binary:logistic", "eval_metric": "logloss"}
	Creating sequence for 'analos'... Training group 0, split 1
	Y Train Labels:(array([0.], dtype=float32), array([56]))
	Y Val Labels:(array([0.], dtype=float32), array([54]))
Training group 0, split 2
	Y Train Labels:(array([0.], dtype=float32), array([110]))
	Y Val Labels:(array([0.], dtype=float32), array([54]))
Training group 0, split 3
	Y Train Labels:(array([0.], dtype=float32), array([164]))
	Y Val Labels:(array([0.], dtype=float32), array([54]))
Done.
	Creating sequence for 'zcash'... Training group 1, split 1
	Y Train Labels:(array([1.], dtype=float32), array([409]))
	Y Val Labels:(array([1.], dtype=float32), array([407]))
Training group 1, split 2
	Y Train Labels:(array([1.], dtype=float32), array([816]))
	Y Val Labels:(array([1.], dtype=float32), array([407]))
Training group 1, split 3
	Y Train Labels:(array([1.], dtype=float32), array([1223]))
	Y Val Labels:(array([1.], dtype=float32), array([407]))
Done.
	Creating sequence for 'drep-new'... Training group 2, split 1
	Y Train Labels:(array([1.], dtype=float32), array([304]))
	Y Val Labels:(array([1.], dtype=float32), array([301]))
Training group 2, split 2
	Y Train Labels:(array([1.], dtype=float32), array([605]))
	Y Val Labels:(array([1.], dtype=float32), array([301]))
Training group 2, split 3
	Early stopping at epoch 13
	Y Train Labels:(array([1.], dtype=float32), array([906]))
	Y Val Labels:(array([0., 1.], dtype=float32), array([198, 103]))
Done.
	Creating sequence for 'derivadao'... Training group 3, split 1
	Y Train Labels:(array([1.], dtype=float32), array([239]))
	Y Val Labels:(array([1.], dtype=float32), array([236]))
Training group 3, split 2
	Y Train Labels:(array([1.], dtype=float32), array([475]))
	Y Val Labels:(array([1.], dtype=float32), array([236]))
Training group 3, split 3
	Early stopping at epoch 19
	Y Train Labels:(array([1.], dtype=float32), array([711]))
	Y Val Labels:(array([0., 1.], dtype=float32), array([113, 123]))
Done.
	Creating sequence for 'galeon'... Training group 4, split 1
	Y Train Labels:(array([1.], dtype=float32), array([218]))
	Y Val Labels:(array([1.], dtype=float32), array([217]))
Training group 4, split 2
	Y Train Labels:(array([1.], dtype=float32), array([435]))
	Y Val Labels:(array([1.], dtype=float32), array([217]))
Training group 4, split 3
	Y Train Labels:(array([1.], dtype=float32), array([652]))
	Y Val Labels:(array([1.], dtype=float32), array([217]))
Done.
	Creating sequence for 'dark-frontiers'... Training group 5, split 1
	Early stopping at epoch 13
	Y Train Labels:(array([1.], dtype=float32), array([257]))
	Y Val Labels:(array([0., 1.], dtype=float32), array([244,  11]))
Training group 5, split 2
	Y Train Labels:(array([0., 1.], dtype=float32), array([244, 268]))
	Y Val Labels:(array([0.], dtype=float32), array([255]))
Training group 5, split 3
	Early stopping at epoch 32
	Y Train Labels:(array([0., 1.], dtype=float32), array([499, 268]))
	Y Val Labels:(array([0.], dtype=float32), array([255]))
Done.
	Creating sequence for 'dogami'... Training group 6, split 1
	Early stopping at epoch 20
	Y Train Labels:(array([0., 1.], dtype=float32), array([ 6, 81]))
	Y Val Labels:(array([0.], dtype=float32), array([86]))
Training group 6, split 2
	Y Train Labels:(array([0., 1.], dtype=float32), array([92, 81]))
	Y Val Labels:(array([0.], dtype=float32), array([86]))
Training group 6, split 3
	Y Train Labels:(array([0., 1.], dtype=float32), array([178,  81]))
	Y Val Labels:(array([0.], dtype=float32), array([86]))
Done.
	Creating sequence for 'bnsd-finance'... Training group 7, split 1
	Y Train Labels:(array([1.], dtype=float32), array([326]))
	Y Val Labels:(array([1.], dtype=float32), array([323]))
Training group 7, split 2
	Early stopping at epoch 13
	Y Train Labels:(array([1.], dtype=float32), array([649]))
	Y Val Labels:(array([0., 1.], dtype=float32), array([126, 197]))
Training group 7, split 3
