


--------------------------------------------------
Starting lstm.py at '2024-10-12 01:30:08.875267'.
Reading './isDaoActiveData(4).json'... Done.
Total training Data: 379
Size of training set: 94
Size of test set: 114
Preparing data for training...
Preparing data for testing...
Trained so far:172
Parameters:
	Num epochs: 60
	Initial learning rate: 0.001
	Patience: 12
	Window size: 60
	Timeseries splits: 3
	Minimum number of timeseries datapoints: 64
Gradient boosting params: 
	{"max_depth": 3, "learning_rate": 0.05, "n_estimators": 100, "objective": "binary:logistic", "eval_metric": "logloss"}
	Creating sequence for 'contentbox'... Training group 0, split 1
	Early stopping at epoch 26
	Y Train Labels:(array([0., 1.], dtype=float32), array([207, 331]))
	Y Val Labels:(array([0.], dtype=float32), array([537]))
Training group 0, split 2
	Early stopping at epoch 21
	Y Train Labels:(array([0., 1.], dtype=float32), array([744, 331]))
	Y Val Labels:(array([0.], dtype=float32), array([537]))
Training group 0, split 3
	Early stopping at epoch 14
	Y Train Labels:(array([0., 1.], dtype=float32), array([1281,  331]))
	Y Val Labels:(array([0.], dtype=float32), array([537]))
Done.
	Creating sequence for 'bad-idea-ai'... 