


--------------------------------------------------
Starting lstm.py at '2024-10-11 23:55:20.905794'.
Reading './isDaoActiveData(4).json'... Done.
Total training Data: 379
Preparing data for training...
<torch.utils.data.dataloader.DataLoader object at 0x11e874140>
Preparing data for testing...
Trained so far:136
Parameters:
	Num epochs: 60
	Initial learning rate: 0.001
	Patience: 12
	Window size: 60
	Timeseries splits: 3
	Minimum number of timeseries datapoints: 64
Gradient boosting params: 
	{"max_depth": 3, "learning_rate": 0.05, "n_estimators": 100, "objective": "binary:logistic", "eval_metric": "logloss"}
	Creating sequence for 'aeternity'... [[[ 4.54912000e+00  2.04000000e+02  1.72000000e+02]
  [ 4.42326000e+00  1.36000000e+02  2.04000000e+02]
  [ 3.95115000e+00  1.83000000e+02  3.40000000e+02]
  ...
  [ 1.93944000e+00  9.50000000e+01  4.00000000e+00]
  [ 1.88683000e+00  8.60000000e+01  1.30000000e+01]
  [ 1.95872000e+00  1.48000000e+02  3.90000000e+01]]

 [[ 4.42326000e+00  1.36000000e+02  2.04000000e+02]
  [ 3.95115000e+00  1.83000000e+02  3.40000000e+02]
  [ 3.80919000e+00  1.63000000e+02  6.30000000e+01]
  ...
  [ 1.88683000e+00  8.60000000e+01  1.30000000e+01]
  [ 1.95872000e+00  1.48000000e+02  3.90000000e+01]
  [ 1.99829000e+00  1.00000000e+00  2.10000000e+01]]

 [[ 3.95115000e+00  1.83000000e+02  3.40000000e+02]
  [ 3.80919000e+00  1.63000000e+02  6.30000000e+01]
  [ 3.84928000e+00  1.00000000e+00  8.00000000e+00]
  ...
  [ 1.95872000e+00  1.48000000e+02  3.90000000e+01]
  [ 1.99829000e+00  1.00000000e+00  2.10000000e+01]
  [ 2.03946000e+00  2.00000000e+00  2.70000000e+01]]

 ...

 [[ 2.84320862e-02  5.40000000e+01 -3.20000000e+01]
  [ 2.77953243e-02  2.40000000e+01 -5.90000000e+01]
  [ 2.72938025e-02  4.80000000e+01  9.50000000e+01]
  ...
  [ 2.54763081e-02  4.00000000e+01 -1.05000000e+03]
  [ 2.55890662e-02  2.00000000e+01 -1.49900000e+03]
  [ 2.61810574e-02  7.00000000e+00  7.83000000e+02]]

 [[ 2.77953243e-02  2.40000000e+01 -5.90000000e+01]
  [ 2.72938025e-02  4.80000000e+01  9.50000000e+01]
  [ 2.63437424e-02  6.50000000e+01 -8.30000000e+01]
  ...
  [ 2.55890662e-02  2.00000000e+01 -1.49900000e+03]
  [ 2.61810574e-02  7.00000000e+00  7.83000000e+02]
  [ 2.59570975e-02  4.00000000e+00  1.30000000e+01]]

 [[ 2.72938025e-02  4.80000000e+01  9.50000000e+01]
  [ 2.63437424e-02  6.50000000e+01 -8.30000000e+01]
  [ 2.66916322e-02  2.70000000e+01  9.90000000e+01]
  ...
  [ 2.61810574e-02  7.00000000e+00  7.83000000e+02]
  [ 2.59570975e-02  4.00000000e+00  1.30000000e+01]
  [ 2.57840771e-02  1.30000000e+01  3.03000000e+02]]][1 1 1 ... 1 1 1]
Done.
Training group 0, split 1
	Early stopping at epoch 13
	Y Train Labels:(array([1.], dtype=float32), array([556]))
	Y Val Labels:(array([1.], dtype=float32), array([553]))
Training group 0, split 2
	Early stopping at epoch 13
	Y Train Labels:(array([1.], dtype=float32), array([1109]))
	Y Val Labels:(array([1.], dtype=float32), array([553]))
Training group 0, split 3
	Early stopping at epoch 13
	Y Train Labels:(array([1.], dtype=float32), array([1662]))
	Y Val Labels:(array([1.], dtype=float32), array([553]))
	Creating sequence for '1inch'... [[[ 6.56724936e+00  0.00000000e+00  1.71300000e+03]
  [ 5.26883944e+00  2.00000000e+00  2.08700000e+03]
  [ 4.86100310e+00  5.00000000e+00  1.46000000e+03]
  ...
  [ 3.00395522e+00  0.00000000e+00  4.34000000e+02]
  [ 3.67515360e+00  1.10000000e+01  5.11000000e+02]
  [ 3.76604442e+00  4.00000000e+00  5.69000000e+02]]

 [[ 5.26883944e+00  2.00000000e+00  2.08700000e+03]
  [ 4.86100310e+00  5.00000000e+00  1.46000000e+03]
  [ 5.02175480e+00  1.00000000e+00  4.39000000e+02]
  ...
  [ 3.67515360e+00  1.10000000e+01  5.11000000e+02]
  [ 3.76604442e+00  4.00000000e+00  5.69000000e+02]
  [ 3.57043958e+00  1.30000000e+01  5.01000000e+02]]

 [[ 4.86100310e+00  5.00000000e+00  1.46000000e+03]
  [ 5.02175480e+00  1.00000000e+00  4.39000000e+02]
  [ 5.02516651e+00  0.00000000e+00  1.90100000e+03]
  ...
  [ 3.76604442e+00  4.00000000e+00  5.69000000e+02]
  [ 3.57043958e+00  1.30000000e+01  5.01000000e+02]
  [ 3.41149893e+00  1.50000000e+01  4.01000000e+02]]

 ...

 [[ 3.36021054e+00  2.00000000e+00  0.00000000e+00]
  [ 3.57459569e+00  3.00000000e+00 -1.00000000e+00]
  [ 3.68256858e+00  0.00000000e+00  2.00000000e+00]
  ...
  [ 5.04124197e+00  0.00000000e+00  0.00000000e+00]
  [ 4.70300066e+00  0.00000000e+00  4.00000000e+00]
  [ 4.58531032e+00  0.00000000e+00  4.00000000e+00]]

 [[ 3.57459569e+00  3.00000000e+00 -1.00000000e+00]
  [ 3.68256858e+00  0.00000000e+00  2.00000000e+00]
  [ 3.82649756e+00  1.00000000e+01  7.00000000e+00]
  ...
  [ 4.70300066e+00  0.00000000e+00  4.00000000e+00]
  [ 4.58531032e+00  0.00000000e+00  4.00000000e+00]
  [ 4.57817543e+00  1.00000000e+00  0.00000000e+00]]

 [[ 3.68256858e+00  0.00000000e+00  2.00000000e+00]
  [ 3.82649756e+00  1.00000000e+01  7.00000000e+00]
  [ 3.70819414e+00  5.00000000e+00  5.00000000e+00]
  ...
  [ 4.58531032e+00  0.00000000e+00  4.00000000e+00]
  [ 4.57817543e+00  1.00000000e+00  0.00000000e+00]
  [ 4.62544225e+00  4.00000000e+00  0.00000000e+00]]][1 1 1 1 1 1 1 1 1 1 1 1 1 1 1 1 1 1 1 1 1 1 1 1 1 1 1 1 1 1 1 1 1 1 1 1 1
 1 1 1 1 1 1 1 1 1 1 1 1 1 1 1 1 1 1 1 1 1 1 1 1 1 1 1 1 1 1 1 1 1 1 1 1 1
 1 1 1 1 1 1 1 1 1 1 1 1 1 1 1 1 1 1 1 1 1 1 1 1 1 1 1 1 1 1 1 1 1 1 1 1 1
 1 1 1 1 1 1 1 1 1 1 1 1 1 1 1 1 1 1 1 1 1 1 1 1]
Done.
Training group 1, split 1
	Early stopping at epoch 13
	Y Train Labels:(array([1.], dtype=float32), array([36]))
	Y Val Labels:(array([1.], dtype=float32), array([33]))
Training group 1, split 2
	Early stopping at epoch 13
	Y Train Labels:(array([1.], dtype=float32), array([69]))
	Y Val Labels:(array([1.], dtype=float32), array([33]))
Training group 1, split 3
	Early stopping at epoch 13
	Y Train Labels:(array([1.], dtype=float32), array([102]))
	Y Val Labels:(array([1.], dtype=float32), array([33]))
	Creating sequence for 'bancor'... [[[ 1.99579000e+00  0.00000000e+00  3.21000000e+03]
  [ 2.53939000e+00  0.00000000e+00  3.82000000e+03]
  [ 3.85763000e+00  0.00000000e+00  2.59000000e+03]
  ...
  [ 4.22461000e+00  0.00000000e+00  1.09000000e+02]
  [ 3.95699000e+00  0.00000000e+00  9.90000000e+01]
  [ 4.04667000e+00  0.00000000e+00 -5.46000000e+02]]

 [[ 2.53939000e+00  0.00000000e+00  3.82000000e+03]
  [ 3.85763000e+00  0.00000000e+00  2.59000000e+03]
  [ 4.95298000e+00  0.00000000e+00  5.23900000e+03]
  ...
  [ 3.95699000e+00  0.00000000e+00  9.90000000e+01]
  [ 4.04667000e+00  0.00000000e+00 -5.46000000e+02]
  [ 3.80473000e+00  0.00000000e+00  3.12000000e+02]]

 [[ 3.85763000e+00  0.00000000e+00  2.59000000e+03]
  [ 4.95298000e+00  0.00000000e+00  5.23900000e+03]
  [ 4.95927000e+00  0.00000000e+00  2.60000000e+02]
  ...
  [ 4.04667000e+00  0.00000000e+00 -5.46000000e+02]
  [ 3.80473000e+00  0.00000000e+00  3.12000000e+02]
  [ 3.98432000e+00  0.00000000e+00  1.10000000e+02]]

 ...

 [[ 6.25566285e-01  3.70000000e+01  4.00000000e+00]
  [ 5.99761397e-01  4.40000000e+01  1.29000000e+02]
  [ 5.75782694e-01  3.10000000e+01 -1.70000000e+01]
  ...
  [ 5.04021604e-01  1.80000000e+01 -3.00000000e+00]
  [ 5.14269890e-01  1.60000000e+01 -1.20000000e+01]
  [ 5.26438242e-01  0.00000000e+00  2.00000000e+00]]

 [[ 5.99761397e-01  4.40000000e+01  1.29000000e+02]
  [ 5.75782694e-01  3.10000000e+01 -1.70000000e+01]
  [ 6.01610457e-01  2.90000000e+01 -5.10000000e+01]
  ...
  [ 5.14269890e-01  1.60000000e+01 -1.20000000e+01]
  [ 5.26438242e-01  0.00000000e+00  2.00000000e+00]
  [ 5.08535750e-01  3.00000000e+00 -7.00000000e+00]]

 [[ 5.75782694e-01  3.10000000e+01 -1.70000000e+01]
  [ 6.01610457e-01  2.90000000e+01 -5.10000000e+01]
  [ 5.98942391e-01  0.00000000e+00 -2.12000000e+02]
  ...
  [ 5.26438242e-01  0.00000000e+00  2.00000000e+00]
  [ 5.08535750e-01  3.00000000e+00 -7.00000000e+00]
  [ 5.23061641e-01  4.00000000e+00  2.60000000e+01]]][1 1 1 ... 1 1 1]
Done.
Training group 2, split 1
	Early stopping at epoch 13
	Y Train Labels:(array([1.], dtype=float32), array([568]))
	Y Val Labels:(array([1.], dtype=float32), array([565]))
Training group 2, split 2
	Early stopping at epoch 13
	Y Train Labels:(array([1.], dtype=float32), array([1133]))
	Y Val Labels:(array([1.], dtype=float32), array([565]))
Training group 2, split 3
	Early stopping at epoch 13
	Y Train Labels:(array([1.], dtype=float32), array([1698]))
	Y Val Labels:(array([1.], dtype=float32), array([565]))
	Creating sequence for 'cortex'... [[[ 1.37209000e+00  0.00000000e+00  3.10000000e+01]
  [ 2.00677437e-01  1.40000000e+01  1.37960000e+04]
  [ 1.74716653e-01  1.50000000e+01  1.12000000e+03]
  ...
  [ 7.73757300e-02  2.70000000e+01 -1.10000000e+01]
  [ 7.44587700e-02  1.40000000e+01  0.00000000e+00]
  [ 7.55403800e-02  0.00000000e+00  0.00000000e+00]]

 [[ 2.00677437e-01  1.40000000e+01  1.37960000e+04]
  [ 1.74716653e-01  1.50000000e+01  1.12000000e+03]
  [ 1.34228919e-01  7.00000000e+00  6.58000000e+02]
  ...
  [ 7.44587700e-02  1.40000000e+01  0.00000000e+00]
  [ 7.55403800e-02  0.00000000e+00  0.00000000e+00]
  [ 7.56105600e-02  1.70000000e+01  1.00000000e+00]]

 [[ 1.74716653e-01  1.50000000e+01  1.12000000e+03]
  [ 1.34228919e-01  7.00000000e+00  6.58000000e+02]
  [ 1.29105651e-01  2.80000000e+01  3.80000000e+01]
  ...
  [ 7.55403800e-02  0.00000000e+00  0.00000000e+00]
  [ 7.56105600e-02  1.70000000e+01  1.00000000e+00]
  [ 7.08799000e-02  1.30000000e+01 -6.00000000e+00]]

 ...

 [[ 1.39499701e-01  5.00000000e+00  1.01000000e+02]
  [ 1.63798060e-01  6.00000000e+00  1.22000000e+02]
  [ 2.14709011e-01  8.00000000e+00  5.70000000e+01]
  ...
  [ 1.64290006e-01  7.00000000e+00  5.00000000e+00]
  [ 1.70618486e-01  6.00000000e+00 -6.80000000e+01]
  [ 1.67846313e-01  2.00000000e+00  6.70000000e+01]]

 [[ 1.63798060e-01  6.00000000e+00  1.22000000e+02]
  [ 2.14709011e-01  8.00000000e+00  5.70000000e+01]
  [ 2.02230648e-01  4.00000000e+00 -1.35000000e+02]
  ...
  [ 1.70618486e-01  6.00000000e+00 -6.80000000e+01]
  [ 1.67846313e-01  2.00000000e+00  6.70000000e+01]
  [ 1.65459845e-01  7.00000000e+00  1.60000000e+01]]

 [[ 2.14709011e-01  8.00000000e+00  5.70000000e+01]
  [ 2.02230648e-01  4.00000000e+00 -1.35000000e+02]
  [ 1.85040872e-01  3.00000000e+00  1.21000000e+02]
  ...
  [ 1.67846313e-01  2.00000000e+00  6.70000000e+01]
  [ 1.65459845e-01  7.00000000e+00  1.60000000e+01]
  [ 1.70657708e-01  6.00000000e+00  1.30000000e+01]]][1 1 1 ... 1 1 1]
Done.
Training group 3, split 1
	Early stopping at epoch 13
	Y Train Labels:(array([1.], dtype=float32), array([414]))
	Y Val Labels:(array([1.], dtype=float32), array([414]))
Training group 3, split 2
	Early stopping at epoch 13
	Y Train Labels:(array([1.], dtype=float32), array([828]))
	Y Val Labels:(array([1.], dtype=float32), array([414]))
Training group 3, split 3
	Early stopping at epoch 13
	Y Train Labels:(array([1.], dtype=float32), array([1242]))
	Y Val Labels:(array([1.], dtype=float32), array([414]))
	Creating sequence for 'blind-boxes'... [[[ 6.17739606e+00  0.00000000e+00  2.52000000e+02]
  [ 4.39938568e+00  3.00000000e+00  1.40000000e+02]
  [ 4.66706722e+00  0.00000000e+00  2.28000000e+02]
  ...
  [ 4.00474380e-01  0.00000000e+00  4.00000000e+00]
  [ 3.70911680e-01  0.00000000e+00  1.30000000e+01]
  [ 3.99445200e-01  0.00000000e+00  1.90000000e+01]]

 [[ 4.39938568e+00  3.00000000e+00  1.40000000e+02]
  [ 4.66706722e+00  0.00000000e+00  2.28000000e+02]
  [ 4.19091449e+00  1.00000000e+00  1.28000000e+02]
  ...
  [ 3.70911680e-01  0.00000000e+00  1.30000000e+01]
  [ 3.99445200e-01  0.00000000e+00  1.90000000e+01]
  [ 4.25810460e-01  0.00000000e+00 -4.00000000e+00]]

 [[ 4.66706722e+00  0.00000000e+00  2.28000000e+02]
  [ 4.19091449e+00  1.00000000e+00  1.28000000e+02]
  [ 3.88556635e+00  5.00000000e+00  1.19000000e+02]
  ...
  [ 3.99445200e-01  0.00000000e+00  1.90000000e+01]
  [ 4.25810460e-01  0.00000000e+00 -4.00000000e+00]
  [ 4.32475080e-01  0.00000000e+00  7.00000000e+00]]

 ...

 [[ 8.47614101e-03  0.00000000e+00 -1.50000000e+01]
  [ 8.82343403e-03  0.00000000e+00 -3.40000000e+01]
  [ 8.73491665e-03  0.00000000e+00 -6.00000000e+00]
  ...
  [ 2.34704930e-03  0.00000000e+00 -8.00000000e+00]
  [ 2.35731335e-03  0.00000000e+00  9.00000000e+00]
  [ 2.45584425e-03  0.00000000e+00 -2.00000000e+00]]

 [[ 8.82343403e-03  0.00000000e+00 -3.40000000e+01]
  [ 8.73491665e-03  0.00000000e+00 -6.00000000e+00]
  [ 8.51279998e-03  0.00000000e+00 -3.60000000e+01]
  ...
  [ 2.35731335e-03  0.00000000e+00  9.00000000e+00]
  [ 2.45584425e-03  0.00000000e+00 -2.00000000e+00]
  [ 2.36340514e-03  0.00000000e+00 -7.00000000e+00]]

 [[ 8.73491665e-03  0.00000000e+00 -6.00000000e+00]
  [ 8.51279998e-03  0.00000000e+00 -3.60000000e+01]
  [ 8.42446600e-03  0.00000000e+00 -2.80000000e+01]
  ...
  [ 2.45584425e-03  0.00000000e+00 -2.00000000e+00]
  [ 2.36340514e-03  0.00000000e+00 -7.00000000e+00]
  [ 2.69336422e-03  0.00000000e+00  1.30000000e+01]]][1 1 1 ... 0 0 0]
Done.
Training group 4, split 1
	Early stopping at epoch 13
	Y Train Labels:(array([1.], dtype=float32), array([289]))
	Y Val Labels:(array([0., 1.], dtype=float32), array([227,  60]))
Training group 4, split 2
	Early stopping at epoch 13
	Y Train Labels:(array([0., 1.], dtype=float32), array([227, 349]))
	Y Val Labels:(array([0.], dtype=float32), array([287]))
Training group 4, split 3
	Early stopping at epoch 13
	Y Train Labels:(array([0., 1.], dtype=float32), array([514, 349]))
	Y Val Labels:(array([0.], dtype=float32), array([287]))
	Creating sequence for 'balancer'... [[[ 12.44574234  49.         309.        ]
  [ 11.85646476  55.         169.        ]
  [ 12.02681122  16.         122.        ]
  ...
  [ 23.89803423   3.         287.        ]
  [ 24.65271067  46.         219.        ]
  [ 23.92513618  85.         289.        ]]

 [[ 11.85646476  55.         169.        ]
  [ 12.02681122  16.         122.        ]
  [ 10.60296703  27.         246.        ]
  ...
  [ 24.65271067  46.         219.        ]
  [ 23.92513618  85.         289.        ]
  [ 26.65587839  90.         217.        ]]

 [[ 12.02681122  16.         122.        ]
  [ 10.60296703  27.         246.        ]
  [  9.97247416  34.         152.        ]
  ...
  [ 23.92513618  85.         289.        ]
  [ 26.65587839  90.         217.        ]
  [ 25.68827745  64.         190.        ]]

 ...

 [[  2.73846994   0.         -18.        ]
  [  2.63320822   0.           4.        ]
  [  2.47541794   0.         -34.        ]
  ...
  [  1.84540348   0.           4.        ]
  [  1.92411723   0.          -1.        ]
  [  1.98250185   0.         -32.        ]]

 [[  2.63320822   0.           4.        ]
  [  2.47541794   0.         -34.        ]
  [  2.6180222    0.          28.        ]
  ...
  [  1.92411723   0.          -1.        ]
  [  1.98250185   0.         -32.        ]
  [  2.0240951    0.          20.        ]]

 [[  2.47541794   0.         -34.        ]
  [  2.6180222    0.          28.        ]
  [  2.57728095   0.          14.        ]
  ...
  [  1.98250185   0.         -32.        ]
  [  2.0240951    0.          20.        ]
  [  1.98513734   0.           8.        ]]][1 1 1 ... 0 0 0]
Done.
Training group 5, split 1
	Early stopping at epoch 13
	Y Train Labels:(array([1.], dtype=float32), array([364]))
	Y Val Labels:(array([1.], dtype=float32), array([362]))
Training group 5, split 2
	Early stopping at epoch 13
	Y Train Labels:(array([1.], dtype=float32), array([726]))
	Y Val Labels:(array([0., 1.], dtype=float32), array([159, 203]))
Training group 5, split 3
	Early stopping at epoch 13
	Y Train Labels:(array([0., 1.], dtype=float32), array([159, 929]))
	Y Val Labels:(array([0.], dtype=float32), array([362]))
	Creating sequence for 'azbit'... [[[ 1.7735863e-05  0.0000000e+00 -8.0000000e+00]
  [ 1.7191261e-05  0.0000000e+00  1.0000000e+00]
  [ 2.1098125e-05  0.0000000e+00 -2.7000000e+01]
  ...
  [ 1.0832447e-05  0.0000000e+00  6.0000000e+00]
  [ 1.2311198e-05  0.0000000e+00 -3.0000000e+00]
  [ 1.3107676e-05  0.0000000e+00  2.0000000e+00]]

 [[ 1.7191261e-05  0.0000000e+00  1.0000000e+00]
  [ 2.1098125e-05  0.0000000e+00 -2.7000000e+01]
  [ 1.8857000e-05  0.0000000e+00 -2.8000000e+01]
  ...
  [ 1.2311198e-05  0.0000000e+00 -3.0000000e+00]
  [ 1.3107676e-05  0.0000000e+00  2.0000000e+00]
  [ 1.6473602e-05  0.0000000e+00 -9.0000000e+00]]

 [[ 2.1098125e-05  0.0000000e+00 -2.7000000e+01]
  [ 1.8857000e-05  0.0000000e+00 -2.8000000e+01]
  [ 1.9102135e-05  0.0000000e+00 -9.0000000e+00]
  ...
  [ 1.3107676e-05  0.0000000e+00  2.0000000e+00]
  [ 1.6473602e-05  0.0000000e+00 -9.0000000e+00]
  [ 1.6978461e-05  0.0000000e+00 -6.3000000e+01]]

 ...

 [[ 8.6782420e-06  0.0000000e+00 -4.8000000e+01]
  [ 7.9657090e-06  0.0000000e+00  3.0000000e+00]
  [ 7.4285780e-06  0.0000000e+00 -5.9000000e+01]
  ...
  [ 7.0343060e-06  0.0000000e+00 -3.2000000e+01]
  [ 7.1078570e-06  0.0000000e+00 -4.5000000e+01]
  [ 7.1160110e-06  0.0000000e+00 -3.5900000e+02]]

 [[ 7.9657090e-06  0.0000000e+00  3.0000000e+00]
  [ 7.4285780e-06  0.0000000e+00 -5.9000000e+01]
  [ 7.5169510e-06  0.0000000e+00  2.7900000e+02]
  ...
  [ 7.1078570e-06  0.0000000e+00 -4.5000000e+01]
  [ 7.1160110e-06  0.0000000e+00 -3.5900000e+02]
  [ 7.2932230e-06  0.0000000e+00  2.7200000e+02]]

 [[ 7.4285780e-06  0.0000000e+00 -5.9000000e+01]
  [ 7.5169510e-06  0.0000000e+00  2.7900000e+02]
  [ 7.4369500e-06  0.0000000e+00 -3.8000000e+01]
  ...
  [ 7.1160110e-06  0.0000000e+00 -3.5900000e+02]
  [ 7.2932230e-06  0.0000000e+00  2.7200000e+02]
  [ 7.1501650e-06  0.0000000e+00  2.5000000e+01]]][1 1 1 ... 0 0 0]
Done.
Training group 6, split 1
	Early stopping at epoch 13
	Y Train Labels:(array([1.], dtype=float32), array([431]))
	Y Val Labels:(array([1.], dtype=float32), array([430]))
Training group 6, split 2
	Early stopping at epoch 13
	Y Train Labels:(array([1.], dtype=float32), array([861]))
	Y Val Labels:(array([1.], dtype=float32), array([430]))
Training group 6, split 3
	Early stopping at epoch 13
	Y Train Labels:(array([1.], dtype=float32), array([1291]))
	Y Val Labels:(array([0., 1.], dtype=float32), array([118, 312]))
	Creating sequence for 'adshares'... [[[ 4.90519000e-01  2.00000000e+00  1.26200000e+03]
  [ 3.92116000e-01  0.00000000e+00  1.60000000e+01]
  [ 3.34324000e-01  0.00000000e+00  1.00000000e+00]
  ...
  [ 3.85364000e-01  5.00000000e+00 -1.10000000e+01]
  [ 4.61396000e-01  0.00000000e+00  6.00000000e+00]
  [ 3.97978000e-01  0.00000000e+00  1.23000000e+02]]

 [[ 3.92116000e-01  0.00000000e+00  1.60000000e+01]
  [ 3.34324000e-01  0.00000000e+00  1.00000000e+00]
  [ 3.20978000e-01  0.00000000e+00  6.00000000e+00]
  ...
  [ 4.61396000e-01  0.00000000e+00  6.00000000e+00]
  [ 3.97978000e-01  0.00000000e+00  1.23000000e+02]
  [ 4.03813000e-01  1.00000000e+00  3.80000000e+01]]

 [[ 3.34324000e-01  0.00000000e+00  1.00000000e+00]
  [ 3.20978000e-01  0.00000000e+00  6.00000000e+00]
  [ 3.90543000e-01  0.00000000e+00  3.00000000e+00]
  ...
  [ 3.97978000e-01  0.00000000e+00  1.23000000e+02]
  [ 4.03813000e-01  1.00000000e+00  3.80000000e+01]
  [ 3.63672000e-01  4.70000000e+01 -1.00000000e+00]]

 ...

 [[ 3.88613105e-01  0.00000000e+00  2.00000000e+00]
  [ 2.92792553e-01  0.00000000e+00 -3.10000000e+01]
  [ 2.94514473e-01  0.00000000e+00  2.00000000e+00]
  ...
  [ 1.95792160e-01  0.00000000e+00 -9.00000000e+00]
  [ 2.06312274e-01  0.00000000e+00  9.00000000e+00]
  [ 1.13138205e-01  0.00000000e+00 -1.40000000e+01]]

 [[ 2.92792553e-01  0.00000000e+00 -3.10000000e+01]
  [ 2.94514473e-01  0.00000000e+00  2.00000000e+00]
  [ 3.47313438e-01  0.00000000e+00  9.00000000e+00]
  ...
  [ 2.06312274e-01  0.00000000e+00  9.00000000e+00]
  [ 1.13138205e-01  0.00000000e+00 -1.40000000e+01]
  [ 1.79182234e-01  0.00000000e+00 -2.00000000e+00]]

 [[ 2.94514473e-01  0.00000000e+00  2.00000000e+00]
  [ 3.47313438e-01  0.00000000e+00  9.00000000e+00]
  [ 2.99676511e-01  0.00000000e+00 -8.00000000e+00]
  ...
  [ 1.13138205e-01  0.00000000e+00 -1.40000000e+01]
  [ 1.79182234e-01  0.00000000e+00 -2.00000000e+00]
  [ 2.07841574e-01  0.00000000e+00 -1.30000000e+01]]][1 1 1 ... 0 0 0]
Done.
Training group 7, split 1
	Early stopping at epoch 13
	Y Train Labels:(array([1.], dtype=float32), array([569]))
	Y Val Labels:(array([1.], dtype=float32), array([568]))
Training group 7, split 2
	Early stopping at epoch 13
	Y Train Labels:(array([1.], dtype=float32), array([1137]))
	Y Val Labels:(array([1.], dtype=float32), array([568]))
Training group 7, split 3
	Early stopping at epoch 13
	Y Train Labels:(array([1.], dtype=float32), array([1705]))
	Y Val Labels:(array([0., 1.], dtype=float32), array([171, 397]))
	Creating sequence for 'airtor-protocol'... [[[ 4.29849382e-01  2.00000000e+00  1.48000000e+02]
  [ 4.03608320e-01  0.00000000e+00  8.30000000e+02]
  [ 4.31253517e-01  2.00000000e+00  8.90000000e+01]
  ...
  [ 5.87242930e-01  0.00000000e+00  5.00000000e+01]
  [ 5.31007183e-01  0.00000000e+00  7.90000000e+01]
  [ 5.44070701e-01  0.00000000e+00  5.10000000e+01]]

 [[ 4.03608320e-01  0.00000000e+00  8.30000000e+02]
  [ 4.31253517e-01  2.00000000e+00  8.90000000e+01]
  [ 4.31701131e-01  0.00000000e+00  1.52000000e+02]
  ...
  [ 5.31007183e-01  0.00000000e+00  7.90000000e+01]
  [ 5.44070701e-01  0.00000000e+00  5.10000000e+01]
  [ 5.36388481e-01  1.00000000e+00  7.80000000e+01]]

 [[ 4.31253517e-01  2.00000000e+00  8.90000000e+01]
  [ 4.31701131e-01  0.00000000e+00  1.52000000e+02]
  [ 5.02816206e-01  0.00000000e+00  2.97000000e+02]
  ...
  [ 5.44070701e-01  0.00000000e+00  5.10000000e+01]
  [ 5.36388481e-01  1.00000000e+00  7.80000000e+01]
  [ 5.97512017e-01  1.00000000e+00  5.80000000e+01]]

 ...

 [[ 1.66832744e+00  6.00000000e+00 -3.30000000e+01]
  [ 1.83230611e+00  1.30000000e+01  5.50000000e+01]
  [ 1.65189934e+00  7.00000000e+00  1.00000000e+00]
  ...
  [ 5.97581544e-01  5.00000000e+00  3.00000000e+00]
  [ 6.00613510e-01  2.20000000e+01  1.00000000e+00]
  [ 5.92223137e-01  8.00000000e+00  4.00000000e+00]]

 [[ 1.83230611e+00  1.30000000e+01  5.50000000e+01]
  [ 1.65189934e+00  7.00000000e+00  1.00000000e+00]
  [ 1.67423738e+00  1.00000000e+00 -4.20000000e+01]
  ...
  [ 6.00613510e-01  2.20000000e+01  1.00000000e+00]
  [ 5.92223137e-01  8.00000000e+00  4.00000000e+00]
  [ 5.99977896e-01  8.00000000e+00  2.00000000e+00]]

 [[ 1.65189934e+00  7.00000000e+00  1.00000000e+00]
  [ 1.67423738e+00  1.00000000e+00 -4.20000000e+01]
  [ 1.71310871e+00  0.00000000e+00 -1.11000000e+02]
  ...
  [ 5.92223137e-01  8.00000000e+00  4.00000000e+00]
  [ 5.99977896e-01  8.00000000e+00  2.00000000e+00]
  [ 5.98815130e-01  5.00000000e+00  2.00000000e+00]]][1 1 1 1 1 1 1 1 1 1 1 1 1 1 1 1 1 1 1 1 1 1 1 1 1 1 1 1 1 1 1 1 1 1 1 1 1
 1 1 1 1 1 1 1 1 1 1 1 1 1 1 1 1 1 1 1 1 1 1 1 1 1 1 1 1 1 1 1 1 1 1 1 1 1
 1 1 1 1 1 1 1 1 1 1 1 1 1 1 1 1 1 1 1 1 1 1 1 1 1 1 1 1 1 1 1 1 1 1 1 1 1
 1 1 1 1 1 1 1 1 1 1 1 1 1 1 1 1 1 1 1 1 1 1 1 1 1 1 1 1 1 1 1 1 1 1 1 1 1
 1 1 1 1 1 1 1 1 1 1 1 1 1 1 1 1 1 1 1 1 1 1 1 1 1 1 1 1 1 1 1 1 1 1 1 1 1
 1 1 1 1 1 1 1 1 1 1 1 1 1 1 1 1 1 1 1 1 1 1 1 1 1 1 1 1 1 1 1 1 1 1 1 1 1
 1 1 1 1 1 1 1 1 1 1 1 1 1 1 1 1 1 1 1 1 1 1 1 1 1 1 1 1 1 1 1 1 1 1 1 1 1
 1 1 1 1 1 1 1 1 1 1 1 1 1 1 1 1 1 1 1 1 1 1 1 1 1 1 1 1 1 1 1 1 1 1 1 1 1
 1 1 1 1 1 1 1 1 1 1 1 1 1 1 1 1 1 1 1 1 1 1 1]
Done.
Training group 8, split 1
	Early stopping at epoch 13
	Y Train Labels:(array([1.], dtype=float32), array([82]))
	Y Val Labels:(array([1.], dtype=float32), array([79]))
Training group 8, split 2
	Early stopping at epoch 13
	Y Train Labels:(array([1.], dtype=float32), array([161]))
	Y Val Labels:(array([1.], dtype=float32), array([79]))
Training group 8, split 3
	Early stopping at epoch 13
	Y Train Labels:(array([1.], dtype=float32), array([240]))
	Y Val Labels:(array([1.], dtype=float32), array([79]))
	Creating sequence for '0x0-ai-ai-smart-contract'... [[[ 3.32282009e-02  0.00000000e+00 -1.30000000e+01]
  [ 3.56544988e-02  0.00000000e+00  6.30000000e+01]
  [ 4.40029557e-02  0.00000000e+00  1.65000000e+02]
  ...
  [ 5.91227734e-02  0.00000000e+00  0.00000000e+00]
  [ 7.00715672e-02  0.00000000e+00  0.00000000e+00]
  [ 7.03567867e-02  0.00000000e+00  0.00000000e+00]]

 [[ 3.56544988e-02  0.00000000e+00  6.30000000e+01]
  [ 4.40029557e-02  0.00000000e+00  1.65000000e+02]
  [ 4.68702358e-02  0.00000000e+00  1.21000000e+02]
  ...
  [ 7.00715672e-02  0.00000000e+00  0.00000000e+00]
  [ 7.03567867e-02  0.00000000e+00  0.00000000e+00]
  [ 7.53425442e-02  0.00000000e+00  0.00000000e+00]]

 [[ 4.40029557e-02  0.00000000e+00  1.65000000e+02]
  [ 4.68702358e-02  0.00000000e+00  1.21000000e+02]
  [ 3.91596420e-02  0.00000000e+00  6.00000000e+01]
  ...
  [ 7.03567867e-02  0.00000000e+00  0.00000000e+00]
  [ 7.53425442e-02  0.00000000e+00  0.00000000e+00]
  [ 6.94330008e-02  0.00000000e+00  0.00000000e+00]]

 ...

 [[ 3.73956988e-02  0.00000000e+00  8.20000000e+01]
  [ 3.17065030e-02  0.00000000e+00  0.00000000e+00]
  [ 3.44881720e-02  0.00000000e+00  1.80000000e+01]
  ...
  [ 8.08972624e-02  0.00000000e+00  0.00000000e+00]
  [ 8.11443652e-02  0.00000000e+00  0.00000000e+00]
  [ 8.37301187e-02  0.00000000e+00  0.00000000e+00]]

 [[ 3.17065030e-02  0.00000000e+00  0.00000000e+00]
  [ 3.44881720e-02  0.00000000e+00  1.80000000e+01]
  [ 3.56640437e-02  0.00000000e+00  3.60000000e+01]
  ...
  [ 8.11443652e-02  0.00000000e+00  0.00000000e+00]
  [ 8.37301187e-02  0.00000000e+00  0.00000000e+00]
  [ 9.77144518e-02  0.00000000e+00  0.00000000e+00]]

 [[ 3.44881720e-02  0.00000000e+00  1.80000000e+01]
  [ 3.56640437e-02  0.00000000e+00  3.60000000e+01]
  [ 4.03455432e-02  0.00000000e+00  1.27000000e+02]
  ...
  [ 8.37301187e-02  0.00000000e+00  0.00000000e+00]
  [ 9.77144518e-02  0.00000000e+00  0.00000000e+00]
  [ 9.65717728e-02  0.00000000e+00  0.00000000e+00]]][1 1 1 1 1 1 1 1 1]
Done.
Training group 9, split 1
	Early stopping at epoch 13
	Y Train Labels:(array([1.], dtype=float32), array([3]))
	Y Val Labels:(array([1.], dtype=float32), array([2]))
Training group 9, split 2
	Early stopping at epoch 13
	Y Train Labels:(array([1.], dtype=float32), array([5]))
	Y Val Labels:(array([1.], dtype=float32), array([2]))
Training group 9, split 3
	Early stopping at epoch 13
	Y Train Labels:(array([1.], dtype=float32), array([7]))
	Y Val Labels:(array([1.], dtype=float32), array([2]))
	Creating sequence for 'azuki'... [[[ 6.00090074e+00  1.00000000e+00  2.70000000e+01]
  [ 5.56622746e+00  0.00000000e+00  2.60000000e+01]
  [ 2.35363190e+00  0.00000000e+00  2.90000000e+01]
  ...
  [ 1.25062770e-01  0.00000000e+00  2.90000000e+01]
  [ 1.26794940e-01  0.00000000e+00  1.73000000e+02]
  [ 1.30847230e-01  0.00000000e+00  1.36000000e+02]]

 [[ 5.56622746e+00  0.00000000e+00  2.60000000e+01]
  [ 2.35363190e+00  0.00000000e+00  2.90000000e+01]
  [ 1.24122303e+00  0.00000000e+00  1.80000000e+01]
  ...
  [ 1.26794940e-01  0.00000000e+00  1.73000000e+02]
  [ 1.30847230e-01  0.00000000e+00  1.36000000e+02]
  [ 1.27376460e-01  0.00000000e+00  3.50000000e+01]]

 [[ 2.35363190e+00  0.00000000e+00  2.90000000e+01]
  [ 1.24122303e+00  0.00000000e+00  1.80000000e+01]
  [ 7.12179230e-01  0.00000000e+00  1.10000000e+01]
  ...
  [ 1.30847230e-01  0.00000000e+00  1.36000000e+02]
  [ 1.27376460e-01  0.00000000e+00  3.50000000e+01]
  [ 1.27964790e-01  0.00000000e+00  1.40000000e+01]]

 ...

 [[ 1.82945214e-03  0.00000000e+00 -1.50000000e+01]
  [ 1.87662777e-03  0.00000000e+00 -1.00000000e+00]
  [ 1.69802037e-03  0.00000000e+00  1.00000000e+00]
  ...
  [ 1.99287311e-03  0.00000000e+00  1.00000000e+00]
  [ 2.07082965e-03  0.00000000e+00  0.00000000e+00]
  [ 1.97276267e-03  0.00000000e+00  1.00000000e+00]]

 [[ 1.87662777e-03  0.00000000e+00 -1.00000000e+00]
  [ 1.69802037e-03  0.00000000e+00  1.00000000e+00]
  [ 1.75471817e-03  0.00000000e+00  0.00000000e+00]
  ...
  [ 2.07082965e-03  0.00000000e+00  0.00000000e+00]
  [ 1.97276267e-03  0.00000000e+00  1.00000000e+00]
  [ 2.01894775e-03  0.00000000e+00 -1.00000000e+00]]

 [[ 1.69802037e-03  0.00000000e+00  1.00000000e+00]
  [ 1.75471817e-03  0.00000000e+00  0.00000000e+00]
  [ 1.72561054e-03  0.00000000e+00  0.00000000e+00]
  ...
  [ 1.97276267e-03  0.00000000e+00  1.00000000e+00]
  [ 2.01894775e-03  0.00000000e+00 -1.00000000e+00]
  [ 1.97329947e-03  0.00000000e+00  0.00000000e+00]]][1 1 1 1 1 1 1 1 1 1 1 1 1 1 1 1 1 1 1 1 1 1 1 1 1 1 1 1 1 1 1 1 1 1 1 1 1
 1 1 1 1 1 1 1 1 1 1 1 1 1 1 1 1 1 1 1 1 1 1 1 1 1 1 1 1 1 1 1 1 1 1 1 1 1
 1 1 1 1 1 1 1 1 1 1 1 1 1 1 1 1 1 1 1 1 1 1 1 1 1 1 1 1 1 1 1 1 1 1 1 1 1
 1 1 1 1 1 1 1 1 1 1 1 1 1 1 1 1 1 1 1 1 1 1 1 1 1 1 1 1 1 1 1 1 1 1 1 1 1
 1 1 1 1 1 1 1 1 1 1 1 1 1 1 1 1 1 1 1 1 1 1 1 1 1 1 1 1 1 1 1 1 1 1 1 1 1
 1 1 1 1 1 1 1 1 1 1 1 1 1 1 1 1 1 1 1 1 1 1 1 1 1 1 1 1 1 1 1 1 1 1 1 1 1
 1 1 1 1 1 1 1 1 1 1 1 1 1 1 1 1 1 1 1 1 1 1 1 1 1 1 1 1 1 1 1 1 1 1 1 1 1
 1 1 1 1 1 1 1 1 1 1 1 1 1 1 1 1 1 1 1 1 1 1 1 1 1 1 1 1 1 1 1 1 1 1 1 1 1
 1 1 1 1 1 1 1 1 1 1 1 1 1 1 1 1 1 1 1 1 1 1 1 1 1 1 1 1 1 1 1 1 1 1 1 1 1
 1 1 1 1 1 1 1 1 1 1 1 1 1 1 1 1 1 1 1 1 1 1 1 1 1 1 1 1 1 1 1 1 1 1 1 1 1
 1 1 1 1 1 1 1 1 1 1 1 1 1 1 1 1 1 1 1 1 1 1 1 1 1 1 1 1 1 1 1 1 1 1 1 1 1
 1 1 1 1 1 1 1 1 1 1 1 1 1 1 1 1 1 1 1 1 1 1 1 1 1 1 1 1 1 1 1 1 1 1 1 1 0
 0 0 0 0 0 0 0 0 0 0 0 0 0 0 0 0 0 0 0 0 0 0 0 0 0 0 0 0 0 0 0 0 0 0 0 0 0
 0 0 0 0 0 0 0 0 0 0 0 0 0 0 0 0 0 0 0 0 0 0 0 0 0 0 0 0 0 0 0 0 0 0 0 0 0
 0 0 0 0 0 0 0 0 0 0 0 0 0 0 0 0 0 0 0 0 0 0 0 0 0 0 0 0 0 0 0 0 0 0 0 0 0
 0 0 0 0 0 0 0 0 0 0 0 0 0 0 0 0 0 0 0 0 0 0 0 0 0 0 0 0 0 0 0 0 0 0 0 0 0
 0 0 0 0 0 0 0 0 0 0 0 0 0 0 0 0 0 0 0 0 0 0 0 0 0 0 0 0 0 0 0 0 0 0 0 0 0
 0 0 0 0 0 0 0 0 0 0 0 0 0 0 0 0 0 0 0 0 0 0 0 0 0 0 0 0 0 0 0 0 0 0 0 0 0
 0 0 0 0 0 0 0 0 0 0 0 0 0 0 0 0 0 0 0 0 0 0 0 0 0 0 0 0 0 0 0 0 0 0 0 0 0
 0 0 0 0 0 0 0 0 0 0 0 0 0 0 0 0 0 0 0 0 0 0 0 0 0 0 0 0 0 0 0 0 0 0 0 0 0
 0 0 0 0 0 0 0 0 0 0 0 0 0 0 0 0 0 0 0 0 0 0 0 0 0 0 0 0 0 0 0 0 0 0 0 0 0
 0 0 0 0 0 0 0 0 0 0 0 0 0 0 0 0 0 0 0 0 0 0 0 0 0 0 0 0 0 0 0 0 0 0 0 0 0
 0 0 0 0 0 0 0 0 0 0 0 0 0 0 0 0 0 0 0 0 0 0 0 0 0 0 0 0 0 0 0 0 0 0 0 0 0
 0 0 0 0 0 0 0 0 0 0 0 0 0 0 0 0 0 0 0 0 0 0 0 0 0 0 0 0 0 0 0 0 0 0 0 0 0
 0 0 0 0 0 0 0 0 0 0 0 0 0 0 0 0 0 0 0 0 0 0 0 0 0 0 0 0 0 0 0 0 0 0 0 0 0
 0 0 0 0 0 0 0 0 0 0 0 0 0 0 0 0 0 0 0 0 0 0 0 0 0 0 0 0 0 0 0 0 0 0 0 0 0
 0 0 0 0 0 0 0 0 0 0 0 0 0 0 0]
Done.
Training group 10, split 1
	Early stopping at epoch 13
	Y Train Labels:(array([1.], dtype=float32), array([245]))
	Y Val Labels:(array([0., 1.], dtype=float32), array([ 46, 198]))
Training group 10, split 2
	Early stopping at epoch 13
	Y Train Labels:(array([0., 1.], dtype=float32), array([ 46, 443]))
	Y Val Labels:(array([0.], dtype=float32), array([244]))
Training group 10, split 3
	Early stopping at epoch 13
	Y Train Labels:(array([0., 1.], dtype=float32), array([290, 443]))
	Y Val Labels:(array([0.], dtype=float32), array([244]))
	Creating sequence for 'band-protocol'... [[[   0.80363457    0.           57.        ]
  [   0.72902804    0.           49.        ]
  [   0.63561281   62.           27.        ]
  ...
  [   0.32667051    0.           -4.        ]
  [   0.30624883    0.            5.        ]
  [   0.30343227    0.           -7.        ]]

 [[   0.72902804    0.           49.        ]
  [   0.63561281   62.           27.        ]
  [   0.49178619   56.            7.        ]
  ...
  [   0.30624883    0.            5.        ]
  [   0.30343227    0.           -7.        ]
  [   0.31072491    5.           -8.        ]]

 [[   0.63561281   62.           27.        ]
  [   0.49178619   56.            7.        ]
  [   0.46778839   54.           20.        ]
  ...
  [   0.30343227    0.           -7.        ]
  [   0.31072491    5.           -8.        ]
  [   0.26439903    6.            6.        ]]

 ...

 [[   1.38968389    4.          -24.        ]
  [   1.33626265    0.          -37.        ]
  [   1.35965173    6.            3.        ]
  ...
  [   1.20065421   11.          -71.        ]
  [   1.23878149   11.         -121.        ]
  [   1.2680553     0.          120.        ]]

 [[   1.33626265    0.          -37.        ]
  [   1.35965173    6.            3.        ]
  [   1.31095433    8.           34.        ]
  ...
  [   1.23878149   11.         -121.        ]
  [   1.2680553     0.          120.        ]
  [   1.23093966    6.           99.        ]]

 [[   1.35965173    6.            3.        ]
  [   1.31095433    8.           34.        ]
  [   1.55934753   14.          -19.        ]
  ...
  [   1.2680553     0.          120.        ]
  [   1.23093966    6.           99.        ]
  [   1.26945461   26.           81.        ]]][1 1 1 ... 1 1 1]
Done.
Training group 11, split 1
	Early stopping at epoch 13
	Y Train Labels:(array([1.], dtype=float32), array([437]))
	Y Val Labels:(array([1.], dtype=float32), array([437]))
Training group 11, split 2
	Early stopping at epoch 13
	Y Train Labels:(array([1.], dtype=float32), array([874]))
	Y Val Labels:(array([1.], dtype=float32), array([437]))
Training group 11, split 3
	Early stopping at epoch 13
	Y Train Labels:(array([1.], dtype=float32), array([1311]))
	Y Val Labels:(array([1.], dtype=float32), array([437]))
	Creating sequence for 'bolt'... [[[ 2.57447835e-02  0.00000000e+00  2.60000000e+01]
  [ 2.63299042e-02  0.00000000e+00  3.40000000e+01]
  [ 2.56939328e-02  0.00000000e+00  2.30000000e+01]
  ...
  [ 1.31088792e-02  0.00000000e+00  2.00000000e+00]
  [ 1.53555859e-02  0.00000000e+00  0.00000000e+00]
  [ 1.53810589e-02  0.00000000e+00 -1.00000000e+00]]

 [[ 2.63299042e-02  0.00000000e+00  3.40000000e+01]
  [ 2.56939328e-02  0.00000000e+00  2.30000000e+01]
  [ 2.34546992e-02  0.00000000e+00  3.40000000e+01]
  ...
  [ 1.53555859e-02  0.00000000e+00  0.00000000e+00]
  [ 1.53810589e-02  0.00000000e+00 -1.00000000e+00]
  [ 1.56691287e-02  0.00000000e+00  5.00000000e+00]]

 [[ 2.56939328e-02  0.00000000e+00  2.30000000e+01]
  [ 2.34546992e-02  0.00000000e+00  3.40000000e+01]
  [ 2.44134003e-02  0.00000000e+00  1.50000000e+01]
  ...
  [ 1.53810589e-02  0.00000000e+00 -1.00000000e+00]
  [ 1.56691287e-02  0.00000000e+00  5.00000000e+00]
  [ 1.53577995e-02  0.00000000e+00 -1.00000000e+00]]

 ...

 [[ 6.09562229e-03  0.00000000e+00 -3.00000000e+00]
  [ 6.04141207e-03  0.00000000e+00 -2.00000000e+00]
  [ 6.18047608e-03  0.00000000e+00  2.00000000e+00]
  ...
  [ 3.55373587e-03  0.00000000e+00  3.00000000e+00]
  [ 3.67816519e-03  0.00000000e+00  0.00000000e+00]
  [ 3.52451515e-03  0.00000000e+00 -6.00000000e+00]]

 [[ 6.04141207e-03  0.00000000e+00 -2.00000000e+00]
  [ 6.18047608e-03  0.00000000e+00  2.00000000e+00]
  [ 6.15780075e-03  0.00000000e+00  1.00000000e+00]
  ...
  [ 3.67816519e-03  0.00000000e+00  0.00000000e+00]
  [ 3.52451515e-03  0.00000000e+00 -6.00000000e+00]
  [ 3.47909837e-03  0.00000000e+00  5.00000000e+00]]

 [[ 6.18047608e-03  0.00000000e+00  2.00000000e+00]
  [ 6.15780075e-03  0.00000000e+00  1.00000000e+00]
  [ 6.41977880e-03  0.00000000e+00  2.00000000e+00]
  ...
  [ 3.52451515e-03  0.00000000e+00 -6.00000000e+00]
  [ 3.47909837e-03  0.00000000e+00  5.00000000e+00]
  [ 2.95652484e-03  0.00000000e+00 -3.00000000e+00]]][1 1 1 ... 0 0 0]
Done.
Training group 12, split 1
	Early stopping at epoch 13
	Y Train Labels:(array([1.], dtype=float32), array([481]))
	Y Val Labels:(array([1.], dtype=float32), array([479]))
Training group 12, split 2
	Early stopping at epoch 13
	Y Train Labels:(array([1.], dtype=float32), array([960]))
	Y Val Labels:(array([0., 1.], dtype=float32), array([297, 182]))
Training group 12, split 3
	Early stopping at epoch 13
	Y Train Labels:(array([0., 1.], dtype=float32), array([ 297, 1142]))
	Y Val Labels:(array([0.], dtype=float32), array([479]))
	Creating sequence for 'api3'... [[[   1.26718464    7.          283.        ]
  [   1.266342     12.          394.        ]
  [   1.37949261    1.          309.        ]
  ...
  [   5.35977634    9.          115.        ]
  [   4.68912095   10.          -96.        ]
  [   5.15682496    9.          293.        ]]

 [[   1.266342     12.          394.        ]
  [   1.37949261    1.          309.        ]
  [   2.02699948    4.          375.        ]
  ...
  [   4.68912095   10.          -96.        ]
  [   5.15682496    9.          293.        ]
  [   5.00561031    2.          130.        ]]

 [[   1.37949261    1.          309.        ]
  [   2.02699948    4.          375.        ]
  [   2.18255303    6.          348.        ]
  ...
  [   5.15682496    9.          293.        ]
  [   5.00561031    2.          130.        ]
  [   4.86002025    4.          153.        ]]

 ...

 [[   1.85673849   29.          342.        ]
  [   1.80109588  101.          191.        ]
  [   2.09710541   59.           47.        ]
  ...
  [   1.5811369    43.          -40.        ]
  [   1.57944298   25.           12.        ]
  [   1.61823362    4.          -86.        ]]

 [[   1.80109588  101.          191.        ]
  [   2.09710541   59.           47.        ]
  [   2.05038746    7.         -144.        ]
  ...
  [   1.57944298   25.           12.        ]
  [   1.61823362    4.          -86.        ]
  [   1.54660031   14.           44.        ]]

 [[   2.09710541   59.           47.        ]
  [   2.05038746    7.         -144.        ]
  [   2.04294458    3.          -79.        ]
  ...
  [   1.61823362    4.          -86.        ]
  [   1.54660031   14.           44.        ]
  [   1.60015039   67.            3.        ]]][1 1 1 ... 1 1 1]
Done.
Training group 13, split 1
	Early stopping at epoch 13
	Y Train Labels:(array([1.], dtype=float32), array([326]))
	Y Val Labels:(array([1.], dtype=float32), array([324]))
Training group 13, split 2
	Early stopping at epoch 13
	Y Train Labels:(array([1.], dtype=float32), array([650]))
	Y Val Labels:(array([1.], dtype=float32), array([324]))
Training group 13, split 3
	Early stopping at epoch 13
	Y Train Labels:(array([1.], dtype=float32), array([974]))
	Y Val Labels:(array([1.], dtype=float32), array([324]))
	Creating sequence for 'babb'... [[[ 7.2877900e-04  0.0000000e+00 -7.0000000e+01]
  [ 6.4075300e-04  0.0000000e+00  1.2700000e+02]
  [ 6.9843100e-04  0.0000000e+00  3.1000000e+01]
  ...
  [ 2.2103000e-03  0.0000000e+00  2.8000000e+01]
  [ 2.1529300e-03  0.0000000e+00  2.5000000e+01]
  [ 2.1026700e-03  0.0000000e+00  3.2000000e+01]]

 [[ 6.4075300e-04  0.0000000e+00  1.2700000e+02]
  [ 6.9843100e-04  0.0000000e+00  3.1000000e+01]
  [ 6.3115900e-04  0.0000000e+00  1.4600000e+02]
  ...
  [ 2.1529300e-03  0.0000000e+00  2.5000000e+01]
  [ 2.1026700e-03  0.0000000e+00  3.2000000e+01]
  [ 1.9630900e-03  0.0000000e+00  2.3000000e+01]]

 [[ 6.9843100e-04  0.0000000e+00  3.1000000e+01]
  [ 6.3115900e-04  0.0000000e+00  1.4600000e+02]
  [ 6.2775400e-04  0.0000000e+00  5.2000000e+01]
  ...
  [ 2.1026700e-03  0.0000000e+00  3.2000000e+01]
  [ 1.9630900e-03  0.0000000e+00  2.3000000e+01]
  [ 1.9334400e-03  0.0000000e+00  4.9000000e+01]]

 ...

 [[ 8.2727142e-05  0.0000000e+00 -1.9000000e+01]
  [ 8.1143007e-05  0.0000000e+00 -1.5000000e+01]
  [ 7.9553361e-05  0.0000000e+00 -7.4000000e+01]
  ...
  [ 5.9303769e-05  0.0000000e+00  2.6000000e+01]
  [ 6.2871043e-05  0.0000000e+00 -5.1000000e+01]
  [ 5.8052309e-05  0.0000000e+00 -2.0000000e+01]]

 [[ 8.1143007e-05  0.0000000e+00 -1.5000000e+01]
  [ 7.9553361e-05  0.0000000e+00 -7.4000000e+01]
  [ 7.8956835e-05  0.0000000e+00  5.3000000e+01]
  ...
  [ 6.2871043e-05  0.0000000e+00 -5.1000000e+01]
  [ 5.8052309e-05  0.0000000e+00 -2.0000000e+01]
  [ 5.8842480e-05  0.0000000e+00  1.0000000e+01]]

 [[ 7.9553361e-05  0.0000000e+00 -7.4000000e+01]
  [ 7.8956835e-05  0.0000000e+00  5.3000000e+01]
  [ 7.8257132e-05  0.0000000e+00 -8.0000000e+00]
  ...
  [ 5.8052309e-05  0.0000000e+00 -2.0000000e+01]
  [ 5.8842480e-05  0.0000000e+00  1.0000000e+01]
  [ 5.7510471e-05  0.0000000e+00  8.0000000e+00]]][1 1 1 ... 0 0 0]
Done.
Training group 14, split 1
	Early stopping at epoch 13
	Y Train Labels:(array([1.], dtype=float32), array([572]))
	Y Val Labels:(array([1.], dtype=float32), array([572]))
Training group 14, split 2
	Early stopping at epoch 13
	Y Train Labels:(array([1.], dtype=float32), array([1144]))
	Y Val Labels:(array([1.], dtype=float32), array([572]))
Training group 14, split 3
	Early stopping at epoch 13
	Y Train Labels:(array([1.], dtype=float32), array([1716]))
	Y Val Labels:(array([0., 1.], dtype=float32), array([498,  74]))
	Creating sequence for 'beta-finance'... [[[ 1.84682925e+00  0.00000000e+00  7.30000000e+01]
  [ 2.42129463e+00  0.00000000e+00  4.20000000e+01]
  [ 2.02237052e+00  0.00000000e+00  1.30000000e+02]
  ...
  [ 4.80260006e-01  0.00000000e+00  5.00000000e+00]
  [ 4.59119187e-01  0.00000000e+00 -4.30000000e+01]
  [ 4.72125975e-01  0.00000000e+00 -4.00000000e+00]]

 [[ 2.42129463e+00  0.00000000e+00  4.20000000e+01]
  [ 2.02237052e+00  0.00000000e+00  1.30000000e+02]
  [ 1.78811785e+00  0.00000000e+00  8.20000000e+01]
  ...
  [ 4.59119187e-01  0.00000000e+00 -4.30000000e+01]
  [ 4.72125975e-01  0.00000000e+00 -4.00000000e+00]
  [ 4.42906829e-01  0.00000000e+00  1.00000000e+01]]

 [[ 2.02237052e+00  0.00000000e+00  1.30000000e+02]
  [ 1.78811785e+00  0.00000000e+00  8.20000000e+01]
  [ 1.74649636e+00  0.00000000e+00  5.90000000e+01]
  ...
  [ 4.72125975e-01  0.00000000e+00 -4.00000000e+00]
  [ 4.42906829e-01  0.00000000e+00  1.00000000e+01]
  [ 4.75322080e-01  0.00000000e+00  2.50000000e+01]]

 ...

 [[ 5.94935445e-02  0.00000000e+00 -4.00000000e+01]
  [ 5.51317066e-02  0.00000000e+00 -4.60000000e+01]
  [ 5.52540668e-02  0.00000000e+00  1.60000000e+01]
  ...
  [ 4.40455050e-02  0.00000000e+00 -2.90000000e+01]
  [ 4.51973690e-02  0.00000000e+00 -1.30000000e+01]
  [ 4.48049406e-02  0.00000000e+00 -3.10000000e+01]]

 [[ 5.51317066e-02  0.00000000e+00 -4.60000000e+01]
  [ 5.52540668e-02  0.00000000e+00  1.60000000e+01]
  [ 5.60956733e-02  0.00000000e+00  2.00000000e+00]
  ...
  [ 4.51973690e-02  0.00000000e+00 -1.30000000e+01]
  [ 4.48049406e-02  0.00000000e+00 -3.10000000e+01]
  [ 4.54331909e-02  0.00000000e+00  6.00000000e+00]]

 [[ 5.52540668e-02  0.00000000e+00  1.60000000e+01]
  [ 5.60956733e-02  0.00000000e+00  2.00000000e+00]
  [ 5.83280259e-02  0.00000000e+00  5.00000000e+00]
  ...
  [ 4.48049406e-02  0.00000000e+00 -3.10000000e+01]
  [ 4.54331909e-02  0.00000000e+00  6.00000000e+00]
  [ 5.05630507e-02  0.00000000e+00  0.00000000e+00]]][1 1 1 1 1 1 1 1 1 1 1 1 1 1 1 1 1 1 1 1 1 1 1 1 1 1 1 1 1 1 1 1 1 1 1 1 1
 1 1 1 1 1 1 1 1 1 1 1 1 1 1 1 1 1 1 1 1 1 1 1 1 1 1 1 1 1 1 1 1 1 1 1 1 1
 1 1 1 1 1 1 1 1 1 1 1 1 1 1 1 1 1 1 1 1 1 1 1 1 1 1 1 1 1 1 1 1 1 1 1 1 1
 1 1 1 1 1 1 1 1 1 1 1 1 1 1 1 1 1 1 1 1 1 1 1 1 1 1 1 1 1 1 1 1 1 1 1 1 1
 1 1 1 1 1 1 1 1 1 1 1 1 1 1 1 1 1 1 1 1 1 1 1 1 1 1 1 1 1 1 1 1 1 1 1 1 1
 1 1 1 1 1 1 1 1 1 1 1 1 1 1 1 1 1 1 1 1 1 1 1 1 1 1 1 1 1 1 1 1 1 1 1 1 1
 1 1 1 1 1 1 1 1 1 1 1 1 1 1 1 1 1 1 1 1 1 1 1 1 1 1 1 1 0 0 0 0 0 0 0 0 0
 0 0 0 0 0 0 0 0 0 0 0 0 0 0 0 0 0 0 0 0 0 0 0 0 0 0 0 0 0 0 0 0 0 0 0 0 0
 0 0 0 0 0 0 0 0 0 0 0 0 0 0 0 0 0 0 0 0 0 0 0 0 0 0 0 0 0 0 0 0 0 0 0 0 0
 0 0 0 0 0 0 0 0 0 0 0 0 0 0 0 0 0 0 0 0 0 0 0 0 0 0 0 0 0 0 0 0 0 0 0 0 0
 0 0 0 0 0 0 0 0 0 0 0 0 0 0 0 0 0 0 0 0 0 0 0 0 0 0 0 0 0 0 0 0 0 0 0 0 0
 0 0 0 0 0 0 0 0 0 0 0 0 0 0 0 0 0 0 0 0 0 0 0 0 0 0 0 0 0 0 0 0 0 0 0 0 0
 0 0 0 0 0 0 0 0 0 0 0 0 0 0 0 0 0 0 0 0 0 0 0 0 0 0 0 0 0 0 0 0 0 0 0 0 0
 0 0 0 0 0 0 0 0 0 0 0 0 0 0 0 0 0 0 0 0 0 0 0 0 0 0 0 0 0 0 0 0 0 0 0 0 0
 0 0 0 0 0 0 0 0 0 0 0 0 0 0 0 0 0 0 0 0 0 0 0 0 0 0 0 0 0 0 0 0 0 0 0 0 0
 0 0 0 0 0 0 0 0 0 0 0 0 0 0 0 0 0 0 0 0 0 0 0 0 0 0 0 0 0 0 0 0 0 0 0 0 0
 0 0 0 0 0 0 0 0 0 0 0 0 0 0 0 0 0 0 0 0 0 0 0 0 0 0 0 0 0 0 0 0 0 0 0 0 0
 0 0 0 0 0 0 0 0 0 0 0 0 0 0 0 0 0 0 0 0 0 0 0 0 0 0 0 0 0 0 0 0 0 0 0 0 0
 0 0 0 0 0 0 0 0 0 0 0 0 0 0 0 0 0 0 0 0 0 0 0 0 0 0 0 0 0 0 0 0 0 0 0 0 0
 0 0 0 0 0 0 0 0 0 0 0 0 0 0 0 0 0 0 0 0 0 0 0 0 0 0 0 0 0 0 0 0 0 0 0 0 0
 0 0 0 0 0 0 0 0 0 0 0 0 0 0 0 0 0 0 0 0 0 0 0 0 0 0 0 0 0 0 0 0 0 0 0 0 0
 0 0 0 0 0 0 0 0 0 0 0 0 0 0 0 0 0 0 0 0 0 0 0 0 0 0 0 0 0 0 0 0 0 0 0 0 0
 0 0 0 0 0 0 0 0 0 0 0 0 0 0 0 0 0 0 0 0 0 0 0 0 0 0 0 0 0 0 0 0 0 0 0 0 0
 0 0 0 0 0 0 0 0 0 0 0 0 0 0 0 0 0 0 0 0 0 0 0 0 0 0 0 0 0 0 0 0 0 0 0 0 0
 0 0 0 0 0 0 0 0 0 0 0 0 0 0 0 0 0 0 0 0 0 0 0 0 0 0 0 0 0 0 0 0 0 0 0 0 0
 0 0 0 0 0 0 0 0 0 0 0 0 0 0 0 0 0 0 0 0 0 0 0 0 0 0 0 0]
Done.
Training group 15, split 1
	Early stopping at epoch 13
	Y Train Labels:(array([1.], dtype=float32), array([239]))
	Y Val Labels:(array([0., 1.], dtype=float32), array([227,  11]))
Training group 15, split 2
	Early stopping at epoch 13
	Y Train Labels:(array([0., 1.], dtype=float32), array([227, 250]))
	Y Val Labels:(array([0.], dtype=float32), array([238]))
Training group 15, split 3
	Early stopping at epoch 13
	Y Train Labels:(array([0., 1.], dtype=float32), array([465, 250]))
	Y Val Labels:(array([0.], dtype=float32), array([238]))
	Creating sequence for 'alchemix'... [[[ 1.55580341e+03  0.00000000e+00  1.22000000e+02]
  [ 1.71929377e+03  0.00000000e+00  6.72000000e+02]
  [ 1.59442599e+03  0.00000000e+00  5.30000000e+02]
  ...
  [ 1.68241702e+03  0.00000000e+00  1.49000000e+02]
  [ 1.64347112e+03  0.00000000e+00  2.51000000e+02]
  [ 1.56789997e+03  0.00000000e+00  2.25000000e+02]]

 [[ 1.71929377e+03  0.00000000e+00  6.72000000e+02]
  [ 1.59442599e+03  0.00000000e+00  5.30000000e+02]
  [ 1.70499934e+03  0.00000000e+00  1.96000000e+02]
  ...
  [ 1.64347112e+03  0.00000000e+00  2.51000000e+02]
  [ 1.56789997e+03  0.00000000e+00  2.25000000e+02]
  [ 1.53542857e+03  0.00000000e+00  3.31000000e+02]]

 [[ 1.59442599e+03  0.00000000e+00  5.30000000e+02]
  [ 1.70499934e+03  0.00000000e+00  1.96000000e+02]
  [ 1.95768990e+03  1.00000000e+00 -9.20000000e+01]
  ...
  [ 1.56789997e+03  0.00000000e+00  2.25000000e+02]
  [ 1.53542857e+03  0.00000000e+00  3.31000000e+02]
  [ 1.35980994e+03  0.00000000e+00  2.45000000e+02]]

 ...

 [[ 1.64172905e+01  0.00000000e+00 -8.00000000e+00]
  [ 1.59227677e+01  0.00000000e+00  9.00000000e+01]
  [ 1.60129401e+01  0.00000000e+00  3.60000000e+01]
  ...
  [ 1.41028585e+01  7.00000000e+00  1.00000000e+01]
  [ 1.47803972e+01  1.00000000e+00 -3.70000000e+01]
  [ 1.50605280e+01  0.00000000e+00  4.00000000e+00]]

 [[ 1.59227677e+01  0.00000000e+00  9.00000000e+01]
  [ 1.60129401e+01  0.00000000e+00  3.60000000e+01]
  [ 1.65178491e+01  0.00000000e+00 -8.00000000e+00]
  ...
  [ 1.47803972e+01  1.00000000e+00 -3.70000000e+01]
  [ 1.50605280e+01  0.00000000e+00  4.00000000e+00]
  [ 1.47539632e+01  0.00000000e+00  5.40000000e+01]]

 [[ 1.60129401e+01  0.00000000e+00  3.60000000e+01]
  [ 1.65178491e+01  0.00000000e+00 -8.00000000e+00]
  [ 1.64259158e+01  0.00000000e+00 -1.09000000e+02]
  ...
  [ 1.50605280e+01  0.00000000e+00  4.00000000e+00]
  [ 1.47539632e+01  0.00000000e+00  5.40000000e+01]
  [ 1.50539429e+01  2.40000000e+01 -2.10000000e+01]]][1 1 1 ... 1 1 1]
Done.
Training group 16, split 1
	Early stopping at epoch 13
	Y Train Labels:(array([1.], dtype=float32), array([300]))
	Y Val Labels:(array([1.], dtype=float32), array([300]))
Training group 16, split 2
	Early stopping at epoch 13
	Y Train Labels:(array([1.], dtype=float32), array([600]))
	Y Val Labels:(array([1.], dtype=float32), array([300]))
Training group 16, split 3
	Early stopping at epoch 13
	Y Train Labels:(array([1.], dtype=float32), array([900]))
	Y Val Labels:(array([1.], dtype=float32), array([300]))
	Creating sequence for 'biswap'... [[[ 9.67358085e-01  4.00000000e+00  3.50000000e+02]
  [ 1.14343018e+00  0.00000000e+00  5.31000000e+02]
  [ 1.16126714e+00  0.00000000e+00  2.34000000e+02]
  ...
  [ 8.00269010e-01  0.00000000e+00  1.19000000e+02]
  [ 7.48377594e-01  0.00000000e+00 -1.50000000e+01]
  [ 6.93423956e-01  2.00000000e+00  6.23000000e+02]]

 [[ 1.14343018e+00  0.00000000e+00  5.31000000e+02]
  [ 1.16126714e+00  0.00000000e+00  2.34000000e+02]
  [ 1.07069852e+00  0.00000000e+00  8.68000000e+02]
  ...
  [ 7.48377594e-01  0.00000000e+00 -1.50000000e+01]
  [ 6.93423956e-01  2.00000000e+00  6.23000000e+02]
  [ 6.97262172e-01  0.00000000e+00 -7.09000000e+02]]

 [[ 1.16126714e+00  0.00000000e+00  2.34000000e+02]
  [ 1.07069852e+00  0.00000000e+00  8.68000000e+02]
  [ 1.17172336e+00  0.00000000e+00  8.31000000e+02]
  ...
  [ 6.93423956e-01  2.00000000e+00  6.23000000e+02]
  [ 6.97262172e-01  0.00000000e+00 -7.09000000e+02]
  [ 6.92306632e-01  0.00000000e+00  6.91000000e+02]]

 ...

 [[ 6.60065792e-02  0.00000000e+00 -8.18000000e+02]
  [ 6.35952065e-02  0.00000000e+00 -1.46400000e+03]
  [ 6.21379625e-02  0.00000000e+00 -4.04000000e+02]
  ...
  [ 6.77728627e-02  0.00000000e+00 -1.21000000e+02]
  [ 6.99504947e-02  0.00000000e+00 -1.00000000e+02]
  [ 7.04619669e-02  0.00000000e+00 -1.30000000e+02]]

 [[ 6.35952065e-02  0.00000000e+00 -1.46400000e+03]
  [ 6.21379625e-02  0.00000000e+00 -4.04000000e+02]
  [ 5.99314908e-02  0.00000000e+00  9.07000000e+02]
  ...
  [ 6.99504947e-02  0.00000000e+00 -1.00000000e+02]
  [ 7.04619669e-02  0.00000000e+00 -1.30000000e+02]
  [ 7.29736731e-02  0.00000000e+00  3.14000000e+02]]

 [[ 6.21379625e-02  0.00000000e+00 -4.04000000e+02]
  [ 5.99314908e-02  0.00000000e+00  9.07000000e+02]
  [ 5.96487385e-02  0.00000000e+00  1.26300000e+03]
  ...
  [ 7.04619669e-02  0.00000000e+00 -1.30000000e+02]
  [ 7.29736731e-02  0.00000000e+00  3.14000000e+02]
  [ 7.30569631e-02  0.00000000e+00  3.06000000e+02]]][1 1 1 1 1 1 1 1 1 1 1 1 1 1 1 1 1 1 1 1 1 1 1 1 1 1 1 1 1 1 1 1 1 1 1 1 1
 1 1 1 1 1 1 1 1 1 1 1 1 1 1 1 1 1 1 1 1 1 1 1 1 1 1 1 1 1 1 1 1 1 1 1 1 1
 1 1 1 1 1 1 1 1 1 1 1 1 1 1 1 1 1 1 1 1 1 1 1 1 1 1 1 1 1 1 1 1 1 1 1 1 1
 1 1 1 1 1 1 1 1 1 1 1 1 1 1 1 1 1 1 1 1 1 1 1 1 1 1 1 1 1 1 1 1 1 1 1 1 1
 1 1 1 1 1 1 1 1 1 1 1 1 1 1 1 1 1 1 1 1 1 1 1 1 1 1 1 1 1 1 1 1 1 1 1 1 1
 1 1 1 1 1 1 1 1 1 1 1 1 1 1 1 1 1 1 1 1 1 1 1 1 1 1 1 1 1 1 1 1 1 1 1 1 1
 1 1 1 1 1 1 1 1 1 1 1 1 1 1 1 1 1 1 1 1 1 1 1 1 1 1 1 1 1 1 1 1 1 1 1 1 1
 1 1 1 1 1 1 1 1 1 1 1 1 1 1 1 1 1 1 1 1 1 1 1 1 1 1 1 1 1 1 1 1 1 1 1 1 1
 1 1 1 1 1 1 1 1 1 1 1 1 1 1 1 1 1 1 1 1 1 1 1 1 1 1 1 1 1 1 1 1 1 1 1 1 1
 1 1 1 1 1 1 1 1 1 1 1 1 1 1 1 1 1 1 1 1 1 1 1 1 1 1 1 1 1 1 1 1 1 1 1 1 1
 1 1 1 1 1 1 1 1 1 1 1 1 1 1 1 1 1 1 1 1 1 1 1 1 1 1 1 1 1 1 1 1 1 1 1 1 1
 1 1 1 1 1 1 1 1 1 1 1 1 1 1 1 1 1 1 1 1 1 1 1 1 1 1 1 1 1 1 1 1 1 1 1 1 1
 1 1 1 1 1 1 1 1 1 1 1 1 1 1 1 1 1 1 1 1 1 1 1 1 1 1 1 1 1 1 1 1 1 1 1 1 1
 1 1 1 1 1 1 1 1 1 1 1 1 1 1 1 1 1 1 1 1 1 1 1 1 1 1 1 1 1 1 1 1 1 1 1 1 1
 1 1 1 1 1 1 1 1 1 1 1 1 1 1 1 1 1 1 1 1 1 1 1 1 0 0 0 0 0 0 0 0 0 0 0 0 0
 0 0 0 0 0 0 0 0 0 0 0 0 0 0 0 0 0 0 0 0 0 0 0 0 0 0 0 0 0 0 0 0 0 0 0 0 0
 0 0 0 0 0 0 0 0 0 0 0 0 0 0 0 0 0 0 0 0 0 0 0 0 0 0 0 0 0 0 0 0 0 0 0 0 0
 0 0 0 0 0 0 0 0 0 0 0 0 0 0 0 0 0 0 0 0 0 0 0 0 0 0 0 0 0 0 0 0 0 0 0 0 0
 0 0 0 0 0 0 0 0 0 0 0 0 0 0 0 0 0 0 0 0 0 0 0 0 0 0 0 0 0 0 0 0 0 0 0 0 0
 0 0 0 0 0 0 0 0 0 0 0 0 0 0 0 0 0 0 0 0 0 0 0 0 0 0 0 0 0 0 0 0 0 0 0 0 0
 0 0 0 0 0 0 0 0 0 0 0 0 0 0 0 0 0 0 0 0 0 0 0 0 0 0 0 0 0 0 0 0 0 0 0 0 0
 0 0 0 0 0 0 0 0 0 0 0 0 0 0 0 0 0 0 0 0 0 0 0 0 0 0 0 0 0 0 0 0 0 0 0 0 0
 0 0 0 0 0 0 0 0 0 0 0 0 0 0 0 0 0 0 0 0 0 0 0 0 0 0 0 0 0 0 0 0 0 0 0 0 0
 0 0 0 0 0 0 0 0 0 0 0 0 0 0 0 0 0 0 0 0 0 0 0 0 0 0 0 0 0 0 0 0 0 0 0 0 0
 0 0 0 0 0 0 0 0 0 0 0 0 0 0 0 0 0 0 0 0 0 0 0 0 0 0 0 0 0 0 0 0 0 0 0 0 0
 0 0 0 0 0 0 0 0 0 0 0 0 0 0 0 0 0 0 0 0 0 0]
Done.
Training group 17, split 1
	Early stopping at epoch 13
	Y Train Labels:(array([1.], dtype=float32), array([239]))
	Y Val Labels:(array([1.], dtype=float32), array([236]))
Training group 17, split 2
	Early stopping at epoch 13
	Y Train Labels:(array([1.], dtype=float32), array([475]))
	Y Val Labels:(array([0., 1.], dtype=float32), array([169,  67]))
Training group 17, split 3
	Early stopping at epoch 13
	Y Train Labels:(array([0., 1.], dtype=float32), array([169, 542]))
	Y Val Labels:(array([0.], dtype=float32), array([236]))
	Creating sequence for 'bakerytoken'... [[[ 4.31042335e+00  0.00000000e+00  3.41800000e+03]
  [ 6.44340082e+00  0.00000000e+00  2.40700000e+03]
  [ 8.26859837e+00  0.00000000e+00  5.26300000e+03]
  ...
  [ 1.84192422e+00  0.00000000e+00  5.10000000e+01]
  [ 1.93721989e+00  0.00000000e+00  2.96000000e+02]
  [ 1.85709867e+00  0.00000000e+00  1.19000000e+02]]

 [[ 6.44340082e+00  0.00000000e+00  2.40700000e+03]
  [ 8.26859837e+00  0.00000000e+00  5.26300000e+03]
  [ 6.85104871e+00  0.00000000e+00  4.84700000e+03]
  ...
  [ 1.93721989e+00  0.00000000e+00  2.96000000e+02]
  [ 1.85709867e+00  0.00000000e+00  1.19000000e+02]
  [ 2.02035884e+00  0.00000000e+00  2.35000000e+02]]

 [[ 8.26859837e+00  0.00000000e+00  5.26300000e+03]
  [ 6.85104871e+00  0.00000000e+00  4.84700000e+03]
  [ 6.04270018e+00  0.00000000e+00  2.96200000e+03]
  ...
  [ 1.85709867e+00  0.00000000e+00  1.19000000e+02]
  [ 2.02035884e+00  0.00000000e+00  2.35000000e+02]
  [ 1.94063958e+00  0.00000000e+00  1.28700000e+03]]

 ...

 [[ 2.72031883e-01  0.00000000e+00 -1.44000000e+02]
  [ 2.55680799e-01  0.00000000e+00  1.57000000e+03]
  [ 2.55792771e-01  0.00000000e+00  1.47600000e+03]
  ...
  [ 2.51908290e-01  0.00000000e+00  7.04000000e+02]
  [ 2.59719224e-01  0.00000000e+00 -9.80000000e+02]
  [ 2.67128249e-01  0.00000000e+00 -1.10600000e+03]]

 [[ 2.55680799e-01  0.00000000e+00  1.57000000e+03]
  [ 2.55792771e-01  0.00000000e+00  1.47600000e+03]
  [ 2.47790702e-01  0.00000000e+00  1.78000000e+03]
  ...
  [ 2.59719224e-01  0.00000000e+00 -9.80000000e+02]
  [ 2.67128249e-01  0.00000000e+00 -1.10600000e+03]
  [ 2.64837852e-01  0.00000000e+00  1.51900000e+03]]

 [[ 2.55792771e-01  0.00000000e+00  1.47600000e+03]
  [ 2.47790702e-01  0.00000000e+00  1.78000000e+03]
  [ 2.57703122e-01  0.00000000e+00 -1.48400000e+03]
  ...
  [ 2.67128249e-01  0.00000000e+00 -1.10600000e+03]
  [ 2.64837852e-01  0.00000000e+00  1.51900000e+03]
  [ 2.62582597e-01  0.00000000e+00  1.25000000e+02]]][1 1 1 ... 0 0 0]
Done.
Training group 18, split 1
	Early stopping at epoch 13
	Y Train Labels:(array([1.], dtype=float32), array([290]))
	Y Val Labels:(array([1.], dtype=float32), array([287]))
Training group 18, split 2
	Early stopping at epoch 13
	Y Train Labels:(array([1.], dtype=float32), array([577]))
	Y Val Labels:(array([1.], dtype=float32), array([287]))
Training group 18, split 3
	Early stopping at epoch 13
	Y Train Labels:(array([1.], dtype=float32), array([864]))
	Y Val Labels:(array([0., 1.], dtype=float32), array([135, 152]))
	Creating sequence for 'axelar'... [[[  0.66835804  15.         149.        ]
  [  0.63478442  13.          72.        ]
  [  0.65508071   8.         125.        ]
  ...
  [  0.60148735   9.          29.        ]
  [  0.56165412  20.          52.        ]
  [  0.53523968  56.          87.        ]]

 [[  0.63478442  13.          72.        ]
  [  0.65508071   8.         125.        ]
  [  0.74716506  50.          86.        ]
  ...
  [  0.56165412  20.          52.        ]
  [  0.53523968  56.          87.        ]
  [  0.54605989  51.          53.        ]]

 [[  0.65508071   8.         125.        ]
  [  0.74716506  50.          86.        ]
  [  0.8273176   50.         143.        ]
  ...
  [  0.53523968  56.          87.        ]
  [  0.54605989  51.          53.        ]
  [  0.54731354  44.          71.        ]]

 ...

 [[  0.65469195 186.         -16.        ]
  [  0.6546479  128.           4.        ]
  [  0.6815485   98.           0.        ]
  ...
  [  0.55331407 188.          -6.        ]
  [  0.54918284 189.           2.        ]
  [  0.55483193   8.          -1.        ]]

 [[  0.6546479  128.           4.        ]
  [  0.6815485   98.           0.        ]
  [  0.67602496  27.          -8.        ]
  ...
  [  0.54918284 189.           2.        ]
  [  0.55483193   8.          -1.        ]
  [  0.53776287  11.          -7.        ]]

 [[  0.6815485   98.           0.        ]
  [  0.67602496  27.          -8.        ]
  [  0.65803134   2.           1.        ]
  ...
  [  0.55483193   8.          -1.        ]
  [  0.53776287  11.          -7.        ]
  [  0.58219646  92.           6.        ]]][1 1 1 1 1 1 1 1 1 1 1 1 1 1 1 1 1 1 1 1 1 1 1 1 1 1 1 1 1 1 1 1 1 1 1 1 1
 1 1 1 1 1 1 1 1 1 1 1 1 1 1 1 1 1 1 1 1 1 1 1 1 1 1 1 1 1 1 1 1 1 1 1 1 1
 1 1 1 1 1 1 1 1 1 1 1 1 1 1 1 1 1 1 1 1 1 1 1 1 1 1 1 1 1 1 1 1 1 1 1 1 1
 1 1 1 1 1 1 1 1 1 1 1 1 1 1 1 1 1 1 1 1 1 1 1 1 1 1 1 1 1 1 1 1 1 1 1 1 1
 1 1 1 1 1 1 1 1 1 1 1 1 1 1 1 1 1 1 1 1 1 1 1 1 1 1 1 1 1 1 1 1 1 1 1 1 1
 1 1 1 1 1 1 1 1 1 1 1 1 1 1 1 1 1 1 1 1 1 1 1 1 1 1 1 1 1 1 1 1 1 1 1 1 1
 1 1 1 1 1 1 1 1 1 1 1 1 1 1 1 1 1 1 1 1 1 1 1 1 1 1 1 1 1 1 1 1 1 1 1 1 1
 1 1 1 1 1 1 1 1 1 1 1 1 1 1 1 1 1 1 1 1 1 1 1 1 1 1 1 1 1 1 1 1 1 1 1 1 1
 1 1 1 1 1 1 1 1 1 1 1 1 1 1 1 1 1 1 1 1 1 1 1 1 1 1 1 1 1 1 1 1 1 1 1 1 1
 1 1 1 1 1 1 1 1 1 1 1 1 1 1 1 1 1 1 1 1 1 1 1 1 1 1 1 1 1 1 1 1 1 1 1 1 1
 1 1 1 1 1 1 1 1 1 1 1 1 1 1 1 1 1 1 1 1 1 1 1 1 1 1 1 1 1 1 1 1 1 1 1 1 1
 1 1 1 1 1 1 1 1 1 1 1 1 1 1 1 1 1 1 1 1 1 1 1 1 1 1 1 1 1 1 1 1 1 1 1 1 1
 1 1 1 1 1 1 1 1 1 1 1 1 1 1 1 1 1 1 1 1 1 1 1 1 1 1 1 1 1 1 1 1 1 1 1 1 1
 1 1 1 1 1 1 1 1 1 1 1 1 1 1 1 1 1 1 1 1 1 1 1 1 1 1 1 1 1 1 1 1 1 1 1 1 1
 1 1 1 1 1 1 1 1 1 1 1 1 1 1 1 1 1 1 1 1 1 1 1 1 1 1 1 1 1 1 1 1 1 1 1 1 1
 1 1 1 1 1 1 1 1 1 1 1 1 1 1 1 1 1 1 1 1 1 1 1 1 1 1 1 1 1 1 1 1 1 1 1 1 1
 1 1 1 1 1 1 1 1 1 1 1 1 1 1 1 1 1 1 1 1 1 1 1 1 1 1 1 1 1 1 1 1 1 1 1 1 1
 1 1]
Done.
Training group 19, split 1
	Early stopping at epoch 13
	Y Train Labels:(array([1.], dtype=float32), array([160]))
	Y Val Labels:(array([1.], dtype=float32), array([157]))
Training group 19, split 2
	Early stopping at epoch 13
	Y Train Labels:(array([1.], dtype=float32), array([317]))
	Y Val Labels:(array([1.], dtype=float32), array([157]))
Training group 19, split 3
	Early stopping at epoch 13
	Y Train Labels:(array([1.], dtype=float32), array([474]))
	Y Val Labels:(array([1.], dtype=float32), array([157]))
	Creating sequence for 'credits'... [[[ 4.08009000e-01  0.00000000e+00  1.61000000e+02]
  [ 5.14613000e-01  0.00000000e+00  4.70000000e+02]
  [ 7.91998000e-01  0.00000000e+00  5.41000000e+02]
  ...
  [ 6.32002000e-01  2.10000000e+01  1.50000000e+01]
  [ 6.36694000e-01  0.00000000e+00  4.60000000e+01]
  [ 6.88464000e-01  0.00000000e+00  4.00000000e+01]]

 [[ 5.14613000e-01  0.00000000e+00  4.70000000e+02]
  [ 7.91998000e-01  0.00000000e+00  5.41000000e+02]
  [ 7.00504000e-01  0.00000000e+00  1.12700000e+03]
  ...
  [ 6.36694000e-01  0.00000000e+00  4.60000000e+01]
  [ 6.88464000e-01  0.00000000e+00  4.00000000e+01]
  [ 7.17073000e-01  0.00000000e+00  4.70000000e+01]]

 [[ 7.91998000e-01  0.00000000e+00  5.41000000e+02]
  [ 7.00504000e-01  0.00000000e+00  1.12700000e+03]
  [ 6.76459000e-01  0.00000000e+00  9.08000000e+02]
  ...
  [ 6.88464000e-01  0.00000000e+00  4.00000000e+01]
  [ 7.17073000e-01  0.00000000e+00  4.70000000e+01]
  [ 6.72568000e-01  0.00000000e+00  3.40000000e+01]]

 ...

 [[ 1.93257581e-03  0.00000000e+00 -1.27000000e+02]
  [ 1.81229764e-03  0.00000000e+00 -5.92000000e+02]
  [ 1.86136520e-03  0.00000000e+00 -1.09000000e+02]
  ...
  [ 9.40745629e-04  0.00000000e+00  1.80000000e+01]
  [ 1.05389572e-03  0.00000000e+00  0.00000000e+00]
  [ 1.05508238e-03  0.00000000e+00 -7.90000000e+01]]

 [[ 1.81229764e-03  0.00000000e+00 -5.92000000e+02]
  [ 1.86136520e-03  0.00000000e+00 -1.09000000e+02]
  [ 1.83228237e-03  0.00000000e+00  2.23000000e+02]
  ...
  [ 1.05389572e-03  0.00000000e+00  0.00000000e+00]
  [ 1.05508238e-03  0.00000000e+00 -7.90000000e+01]
  [ 1.01231372e-03  0.00000000e+00 -5.49000000e+02]]

 [[ 1.86136520e-03  0.00000000e+00 -1.09000000e+02]
  [ 1.83228237e-03  0.00000000e+00  2.23000000e+02]
  [ 1.91782725e-03  0.00000000e+00  1.73000000e+02]
  ...
  [ 1.05508238e-03  0.00000000e+00 -7.90000000e+01]
  [ 1.01231372e-03  0.00000000e+00 -5.49000000e+02]
  [ 1.01715178e-03  0.00000000e+00  2.32000000e+02]]][1 1 1 ... 1 1 1]
Done.
Training group 20, split 1
	Early stopping at epoch 13
	Y Train Labels:(array([1.], dtype=float32), array([567]))
	Y Val Labels:(array([1.], dtype=float32), array([567]))
Training group 20, split 2
	Early stopping at epoch 13
	Y Train Labels:(array([1.], dtype=float32), array([1134]))
	Y Val Labels:(array([1.], dtype=float32), array([567]))
Training group 20, split 3
	Early stopping at epoch 13
	Y Train Labels:(array([1.], dtype=float32), array([1701]))
	Y Val Labels:(array([1.], dtype=float32), array([567]))
	Creating sequence for 'aioz-network'... [[[ 1.86384813e+00  0.00000000e+00  5.41000000e+02]
  [ 1.92049546e+00  0.00000000e+00  5.57000000e+02]
  [ 2.17414317e+00  0.00000000e+00  3.87000000e+02]
  ...
  [ 5.01372490e-01  0.00000000e+00  9.10000000e+01]
  [ 5.22094090e-01  0.00000000e+00  4.40000000e+01]
  [ 4.08906520e-01  0.00000000e+00  6.90000000e+01]]

 [[ 1.92049546e+00  0.00000000e+00  5.57000000e+02]
  [ 2.17414317e+00  0.00000000e+00  3.87000000e+02]
  [ 1.85476561e+00  0.00000000e+00  6.31000000e+02]
  ...
  [ 5.22094090e-01  0.00000000e+00  4.40000000e+01]
  [ 4.08906520e-01  0.00000000e+00  6.90000000e+01]
  [ 4.08155420e-01  0.00000000e+00  4.10000000e+01]]

 [[ 2.17414317e+00  0.00000000e+00  3.87000000e+02]
  [ 1.85476561e+00  0.00000000e+00  6.31000000e+02]
  [ 1.68657895e+00  0.00000000e+00  2.51000000e+02]
  ...
  [ 4.08906520e-01  0.00000000e+00  6.90000000e+01]
  [ 4.08155420e-01  0.00000000e+00  4.10000000e+01]
  [ 4.37561750e-01  0.00000000e+00  3.40000000e+01]]

 ...

 [[ 5.05241135e-01  0.00000000e+00 -5.10000000e+01]
  [ 5.06169887e-01  0.00000000e+00  2.81000000e+02]
  [ 4.79114167e-01  0.00000000e+00 -1.02000000e+02]
  ...
  [ 4.24071396e-01  0.00000000e+00  7.43000000e+02]
  [ 4.27488983e-01  0.00000000e+00  6.92800000e+03]
  [ 4.35085252e-01  0.00000000e+00  2.74000000e+03]]

 [[ 5.06169887e-01  0.00000000e+00  2.81000000e+02]
  [ 4.79114167e-01  0.00000000e+00 -1.02000000e+02]
  [ 5.28623787e-01  8.00000000e+00 -5.90000000e+01]
  ...
  [ 4.27488983e-01  0.00000000e+00  6.92800000e+03]
  [ 4.35085252e-01  0.00000000e+00  2.74000000e+03]
  [ 4.60020138e-01  0.00000000e+00 -3.60000000e+02]]

 [[ 4.79114167e-01  0.00000000e+00 -1.02000000e+02]
  [ 5.28623787e-01  8.00000000e+00 -5.90000000e+01]
  [ 5.05283156e-01  0.00000000e+00 -9.80000000e+01]
  ...
  [ 4.35085252e-01  0.00000000e+00  2.74000000e+03]
  [ 4.60020138e-01  0.00000000e+00 -3.60000000e+02]
  [ 4.80935368e-01  0.00000000e+00  1.62000000e+02]]][1 1 1 ... 0 0 0]
Done.
Training group 21, split 1
	Early stopping at epoch 13
	Y Train Labels:(array([1.], dtype=float32), array([294]))
	Y Val Labels:(array([1.], dtype=float32), array([294]))
Training group 21, split 2
	Early stopping at epoch 13
	Y Train Labels:(array([1.], dtype=float32), array([588]))
	Y Val Labels:(array([1.], dtype=float32), array([294]))
Training group 21, split 3
	Early stopping at epoch 13
	Y Train Labels:(array([1.], dtype=float32), array([882]))
	Y Val Labels:(array([0., 1.], dtype=float32), array([149, 145]))
	Creating sequence for 'celo-dollar'... [[[ 9.98010785e-01  2.80000000e+01  2.53000000e+02]
  [ 9.99749828e-01  1.20000000e+01  2.94000000e+02]
  [ 9.98667197e-01  3.30000000e+01  4.28000000e+02]
  ...
  [ 1.00296081e+00  2.00000000e+00  1.04400000e+03]
  [ 1.00187056e+00  2.30000000e+01  8.84000000e+02]
  [ 1.00284887e+00  1.04000000e+02  8.31000000e+02]]

 [[ 9.99749828e-01  1.20000000e+01  2.94000000e+02]
  [ 9.98667197e-01  3.30000000e+01  4.28000000e+02]
  [ 9.95192557e-01  8.40000000e+01  3.50000000e+02]
  ...
  [ 1.00187056e+00  2.30000000e+01  8.84000000e+02]
  [ 1.00284887e+00  1.04000000e+02  8.31000000e+02]
  [ 9.97859274e-01  9.50000000e+01  9.09000000e+02]]

 [[ 9.98667197e-01  3.30000000e+01  4.28000000e+02]
  [ 9.95192557e-01  8.40000000e+01  3.50000000e+02]
  [ 9.94876047e-01  5.60000000e+01  3.67000000e+02]
  ...
  [ 1.00284887e+00  1.04000000e+02  8.31000000e+02]
  [ 9.97859274e-01  9.50000000e+01  9.09000000e+02]
  [ 9.92156568e-01  8.00000000e+01  6.81000000e+02]]

 ...

 [[ 9.98602781e-01  1.75000000e+02  1.00000000e+00]
  [ 9.95725793e-01  1.13000000e+02 -7.00000000e+00]
  [ 9.95030649e-01  1.04000000e+02  9.00000000e+00]
  ...
  [ 9.98753448e-01  1.50000000e+02 -1.00000000e+00]
  [ 9.98523658e-01  1.67000000e+02  4.00000000e+00]
  [ 9.99020855e-01  2.00000000e+01  9.00000000e+00]]

 [[ 9.95725793e-01  1.13000000e+02 -7.00000000e+00]
  [ 9.95030649e-01  1.04000000e+02  9.00000000e+00]
  [ 9.95968403e-01  1.80000000e+01  9.00000000e+00]
  ...
  [ 9.98523658e-01  1.67000000e+02  4.00000000e+00]
  [ 9.99020855e-01  2.00000000e+01  9.00000000e+00]
  [ 1.00063507e+00  5.00000000e+00  8.00000000e+00]]

 [[ 9.95030649e-01  1.04000000e+02  9.00000000e+00]
  [ 9.95968403e-01  1.80000000e+01  9.00000000e+00]
  [ 9.98685611e-01  5.00000000e+00 -1.60000000e+01]
  ...
  [ 9.99020855e-01  2.00000000e+01  9.00000000e+00]
  [ 1.00063507e+00  5.00000000e+00  8.00000000e+00]
  [ 9.99585890e-01  2.42000000e+02 -2.00000000e+00]]][1 1 1 1 1 1 1 1 1 1 1 1 1 1 1 1 1 1 1 1 1 1 1 1 1 1 1 1 1 1 1 1 1 1 1 1 1
 1 1 1 1 1 1 1 1 1 1 1 1 1 1 1 1 1 1 1 1 1 1 1 1 1 1 1 1 1 1 1 1 1 1 1 1 1
 1 1 1 1 1 1 1 1 1 1 1 1 1 1 1 1 1 1 1 1 1 1 1 1 1 1 1 1 1 1 1 1 1 1 1 1 1
 1 1 1 1 1 1 1 1 1 1 1 1 1 1 1 1 1 1 1 1 1 1 1 1 1 1 1 1 1 1 1 1 1 1 1 1 1
 1 1 1 1 1 1 1 1 1 1 1 1 1 1 1 1 1 1 1 1 1 1 1 1 1 1 1 1 1 1 1 1 1 1 1 1 1
 1 1 1 1 1 1 1 1 1 1 1 1 1 1 1 1 1 1 1 1 1 1 1 1 1 1 1 1 1 1 1 1 1 1 1 1 1
 1 1 1 1 1 1 1 1 1 1 1 1 1 1 1 1 1 1 1 1 1 1 1 1 1 1 1 1 1 1 1 1 1 1 1 1 1
 1 1 1 1 1 1 1 1 1 1 1 1 1 1 1 1 1 1 1 1 1 1 1 1 1 1 1 1 1 1 1 1 1 1 1 1 1
 1 1 1 1 1 1 1 1 1 1 1 1 1 1 1 1 1 1 1 1 1 1 1 1 1 1 1 1 1 1 1 1 1 1 1 1 1
 1 1 1 1 1 1 1 1 1 1 1 1 1 1 1 1 1 1 1 1 1 1 1 1 1 1 1 1 1 1 1 1 1 1 1 1 1
 1 1 1 1 1 1 1 1 1 1 1 1 1 1 1 1 1 1 1 1 1 1 1 1 1 1 1 1 1 1 1 1 1 1 1 1 1
 1 1 1 1 1 1 1 1 1 1 1 1 1 1 1 1 1 1 1 1 1 1 1 1 1 1 1 1 1 1 1 1 1 1 1 1 1
 1 1 1 1 1 1 1 1 1 1 1 1 1 1 1 1 1 1 1 1 1 1 1 1 1 1 1 1 1 1 1 1 1 1 1 1 1
 1 1 1 1 1 1 1 1 1 1 1 1 1 1 1 1 1 1 1 1 1 1 1 1 1 1 1 1 1 1 1 1 1 1 1 1 1
 1 1 1 1 1 1 1 1 1 1 1 1 1 1 1 1 1 1 1 1 1 1 1 1 1 1 1 1 1 1 1 1 1 1 1 1 1
 1 1 1 1 1 1 1 1 1 1 1 1 1 1 1 1 1 1 1 1 1 1 1 1 1 1 1 1 1 1 1 1 1 1 1 1 1
 1 1 1 1 1 1 1 1 1 1 1 1 1 1 1 1 1 1 1 1 1 1 1 1 1 1 1 1 1 1 1 1 1 1 1 1 1
 1 1 1 1 1 1 1 1 1 1 1 1 1 1 1 1 1 1 1 1 1 1 1 1 1 1 1 1 1 1 1 1 1 1 1 1 1
 1 1 1 1 1 1 1 1 1 1 1 1 1 1 1 1 1 1 1 1 1 1 1 1 1 1 1 1 1 1 1 1 1 1 1 1 1
 1 1 1 1 1 1 1 1 1 1 1 1 1 1 1 1 1 1 1 1 1 1 1 1 1 1 1 1 1 1 1 1 1 1 1 1 1
 1 1 1 1 1 1 1 1 1 1 1 1 1 1 1 1 1 1 1 1 1 1 1 1 1 1 1 1 1 1 1 1 1 1 1 1 1
 1 1 1 1 1 1 1 1 1 1 1 1 1 1 1 1 1 1 1 1 1 1 1 1 1 1 1 1 1 1 1 1 1 1 1 1 1
 1 1 1 1 1 1 1 1 1 1 1 1 1 1 1 1 1 1 1 1 1 1 1 1 1 1 1 1 1 1 1 1 1 1 1 1 1
 1 1 1 1 1 1 1 1 1 1 1 1 1 1 1 1 1 1 1 1 1 1 1 1 1 1 1 1 1 1 1 1 1 1 1 1 1
 1 1 1 1 1 1 1 1 1 1 1 1 1 1 1 1 1 1 1 1 1 1 1 1 1 1 1 1 1 1 1 1 1 1 1 1 1
 1 1 1 1 1 1 1 1 1 1 1 1 1 1 1 1 1 1 1 1 1 1 1 1 1 1 1 1 1 1 1 1 1 1 1 1 1]
Done.
Training group 22, split 1
	Early stopping at epoch 13
	Y Train Labels:(array([1.], dtype=float32), array([242]))
	Y Val Labels:(array([1.], dtype=float32), array([240]))
Training group 22, split 2
	Early stopping at epoch 13
	Y Train Labels:(array([1.], dtype=float32), array([482]))
	Y Val Labels:(array([1.], dtype=float32), array([240]))
Training group 22, split 3
	Early stopping at epoch 13
	Y Train Labels:(array([1.], dtype=float32), array([722]))
	Y Val Labels:(array([1.], dtype=float32), array([240]))
	Creating sequence for 'bread'... [[[ 6.87170000e-01  4.00000000e+00  1.23110000e+04]
  [ 4.87187000e-01  7.00000000e+00  2.72490000e+04]
  [ 5.65317000e-01  6.00000000e+00 -1.32000000e+02]
  ...
  [ 3.61308980e-01  2.00000000e+00  1.10000000e+01]
  [ 2.97232000e-01  0.00000000e+00  2.70000000e+01]
  [ 3.01182716e-01  1.00000000e+00 -6.80000000e+01]]

 [[ 4.87187000e-01  7.00000000e+00  2.72490000e+04]
  [ 5.65317000e-01  6.00000000e+00 -1.32000000e+02]
  [ 5.61993000e-01  4.00000000e+00 -1.95000000e+02]
  ...
  [ 2.97232000e-01  0.00000000e+00  2.70000000e+01]
  [ 3.01182716e-01  1.00000000e+00 -6.80000000e+01]
  [ 3.08257000e-01  2.00000000e+00 -1.30000000e+01]]

 [[ 5.65317000e-01  6.00000000e+00 -1.32000000e+02]
  [ 5.61993000e-01  4.00000000e+00 -1.95000000e+02]
  [ 5.48700000e-01  1.20000000e+01  7.34000000e+02]
  ...
  [ 3.01182716e-01  1.00000000e+00 -6.80000000e+01]
  [ 3.08257000e-01  2.00000000e+00 -1.30000000e+01]
  [ 2.94155000e-01  3.00000000e+00 -4.10000000e+01]]

 ...

 [[ 5.00538767e-03  0.00000000e+00 -4.80000000e+01]
  [ 4.95108128e-03  0.00000000e+00 -1.00000000e+01]
  [ 4.84463940e-03  0.00000000e+00  5.20000000e+01]
  ...
  [ 4.54180939e-03  0.00000000e+00 -1.90000000e+01]
  [ 4.68663687e-03  1.00000000e+00  5.00000000e+00]
  [ 4.74571260e-03  0.00000000e+00 -1.70000000e+01]]

 [[ 4.95108128e-03  0.00000000e+00 -1.00000000e+01]
  [ 4.84463940e-03  0.00000000e+00  5.20000000e+01]
  [ 4.76802771e-03  0.00000000e+00 -1.10000000e+01]
  ...
  [ 4.68663687e-03  1.00000000e+00  5.00000000e+00]
  [ 4.74571260e-03  0.00000000e+00 -1.70000000e+01]
  [ 4.79800795e-03  0.00000000e+00  1.50000000e+01]]

 [[ 4.84463940e-03  0.00000000e+00  5.20000000e+01]
  [ 4.76802771e-03  0.00000000e+00 -1.10000000e+01]
  [ 4.92592663e-03  0.00000000e+00 -2.20000000e+01]
  ...
  [ 4.74571260e-03  0.00000000e+00 -1.70000000e+01]
  [ 4.79800795e-03  0.00000000e+00  1.50000000e+01]
  [ 4.78304556e-03  0.00000000e+00  5.00000000e+00]]][1 1 1 ... 0 0 0]
Done.
Training group 23, split 1
	Early stopping at epoch 13
	Y Train Labels:(array([1.], dtype=float32), array([540]))
	Y Val Labels:(array([1.], dtype=float32), array([538]))
Training group 23, split 2
	Early stopping at epoch 13
	Y Train Labels:(array([1.], dtype=float32), array([1078]))
	Y Val Labels:(array([0., 1.], dtype=float32), array([148, 390]))
Training group 23, split 3
	Early stopping at epoch 13
	Y Train Labels:(array([0., 1.], dtype=float32), array([ 148, 1468]))
	Y Val Labels:(array([0.], dtype=float32), array([538]))
	Creating sequence for 'carvertical'... [[[ 2.42991000e-03  0.00000000e+00  9.33600000e+03]
  [ 2.29908000e-03  0.00000000e+00  6.20000000e+01]
  [ 1.56465000e-03  0.00000000e+00  5.45000000e+02]
  ...
  [ 5.55127000e-04  0.00000000e+00  0.00000000e+00]
  [ 5.17047000e-04  0.00000000e+00 -3.00000000e+00]
  [ 5.08744000e-04  0.00000000e+00 -1.00000000e+00]]

 [[ 2.29908000e-03  0.00000000e+00  6.20000000e+01]
  [ 1.56465000e-03  0.00000000e+00  5.45000000e+02]
  [ 1.66575000e-03  0.00000000e+00 -8.00000000e+00]
  ...
  [ 5.17047000e-04  0.00000000e+00 -3.00000000e+00]
  [ 5.08744000e-04  0.00000000e+00 -1.00000000e+00]
  [ 5.58298000e-04  0.00000000e+00  2.00000000e+00]]

 [[ 1.56465000e-03  0.00000000e+00  5.45000000e+02]
  [ 1.66575000e-03  0.00000000e+00 -8.00000000e+00]
  [ 1.58229000e-03  0.00000000e+00 -6.00000000e+00]
  ...
  [ 5.08744000e-04  0.00000000e+00 -1.00000000e+00]
  [ 5.58298000e-04  0.00000000e+00  2.00000000e+00]
  [ 5.33178000e-04  0.00000000e+00  1.00000000e+00]]

 ...

 [[ 1.98102297e-04  0.00000000e+00  0.00000000e+00]
  [ 1.98996310e-04  0.00000000e+00  0.00000000e+00]
  [ 1.92063808e-04  0.00000000e+00  0.00000000e+00]
  ...
  [ 2.09348853e-04  0.00000000e+00  0.00000000e+00]
  [ 2.09348853e-04  0.00000000e+00  0.00000000e+00]
  [ 2.09348853e-04  0.00000000e+00  0.00000000e+00]]

 [[ 1.98996310e-04  0.00000000e+00  0.00000000e+00]
  [ 1.92063808e-04  0.00000000e+00  0.00000000e+00]
  [ 1.92389538e-04  0.00000000e+00  0.00000000e+00]
  ...
  [ 2.09348853e-04  0.00000000e+00  0.00000000e+00]
  [ 2.09348853e-04  0.00000000e+00  0.00000000e+00]
  [ 2.09348853e-04  0.00000000e+00  0.00000000e+00]]

 [[ 1.92063808e-04  0.00000000e+00  0.00000000e+00]
  [ 1.92389538e-04  0.00000000e+00  0.00000000e+00]
  [ 1.91722789e-04  0.00000000e+00  0.00000000e+00]
  ...
  [ 2.09348853e-04  0.00000000e+00  0.00000000e+00]
  [ 2.09348853e-04  0.00000000e+00  0.00000000e+00]
  [ 2.09348853e-04  0.00000000e+00  1.00000000e+00]]][1 1 1 ... 1 1 1]
Done.
Training group 24, split 1
	Early stopping at epoch 13
	Y Train Labels:(array([1.], dtype=float32), array([417]))
	Y Val Labels:(array([1.], dtype=float32), array([414]))
Training group 24, split 2
	Early stopping at epoch 13
	Y Train Labels:(array([1.], dtype=float32), array([831]))
	Y Val Labels:(array([1.], dtype=float32), array([414]))
Training group 24, split 3
	Early stopping at epoch 13
	Y Train Labels:(array([1.], dtype=float32), array([1245]))
	Y Val Labels:(array([1.], dtype=float32), array([414]))
	Creating sequence for 'celer-network'... [[[ 2.44467658e-02  0.00000000e+00  3.68000000e+02]
  [ 1.81695840e-02  1.00000000e+00  2.12000000e+02]
  [ 2.31494923e-02  1.00000000e+00  5.10000000e+01]
  ...
  [ 1.80616185e-02  1.00000000e+00  1.63000000e+02]
  [ 1.37329705e-02  0.00000000e+00  1.01000000e+02]
  [ 1.47175795e-02  0.00000000e+00  1.32000000e+02]]

 [[ 1.81695840e-02  1.00000000e+00  2.12000000e+02]
  [ 2.31494923e-02  1.00000000e+00  5.10000000e+01]
  [ 2.31560123e-02  1.00000000e+00  8.90000000e+01]
  ...
  [ 1.37329705e-02  0.00000000e+00  1.01000000e+02]
  [ 1.47175795e-02  0.00000000e+00  1.32000000e+02]
  [ 1.36003599e-02  0.00000000e+00  6.50000000e+01]]

 [[ 2.31494923e-02  1.00000000e+00  5.10000000e+01]
  [ 2.31560123e-02  1.00000000e+00  8.90000000e+01]
  [ 2.09090624e-02  0.00000000e+00  1.50000000e+01]
  ...
  [ 1.47175795e-02  0.00000000e+00  1.32000000e+02]
  [ 1.36003599e-02  0.00000000e+00  6.50000000e+01]
  [ 1.38554902e-02  0.00000000e+00  2.80000000e+01]]

 ...

 [[ 1.38111380e-02  0.00000000e+00  2.91000000e+02]
  [ 1.35579119e-02  0.00000000e+00 -1.73000000e+02]
  [ 1.31697658e-02  0.00000000e+00  3.18000000e+02]
  ...
  [ 1.15127222e-02  0.00000000e+00 -1.86000000e+02]
  [ 1.22412629e-02  0.00000000e+00  2.30000000e+02]
  [ 1.25179650e-02  0.00000000e+00 -2.12000000e+02]]

 [[ 1.35579119e-02  0.00000000e+00 -1.73000000e+02]
  [ 1.31697658e-02  0.00000000e+00  3.18000000e+02]
  [ 1.36507417e-02  1.00000000e+00  4.30000000e+01]
  ...
  [ 1.22412629e-02  0.00000000e+00  2.30000000e+02]
  [ 1.25179650e-02  0.00000000e+00 -2.12000000e+02]
  [ 1.28092852e-02  0.00000000e+00  4.77000000e+02]]

 [[ 1.31697658e-02  0.00000000e+00  3.18000000e+02]
  [ 1.36507417e-02  1.00000000e+00  4.30000000e+01]
  [ 1.35710564e-02  0.00000000e+00 -7.90000000e+02]
  ...
  [ 1.25179650e-02  0.00000000e+00 -2.12000000e+02]
  [ 1.28092852e-02  0.00000000e+00  4.77000000e+02]
  [ 1.24140877e-02  0.00000000e+00 -8.30000000e+01]]][1 1 1 ... 0 0 0]
Done.
Training group 25, split 1
	Early stopping at epoch 13
	Y Train Labels:(array([1.], dtype=float32), array([476]))
	Y Val Labels:(array([1.], dtype=float32), array([475]))
Training group 25, split 2
