


--------------------------------------------------
Starting lstm.py at '2024-10-23 19:37:35.679391'.
Reading '../classifiedDAOs.json'... Done.
Total training Data: 1578
DAOs trained so far:523
Size of training set: 581
Size of test set: 474
Preparing data for training...
Preparing data for testing...
Parameters:
	Num epochs: 60
	Initial learning rate: 0.001
	Patience: 12
	Window size: 60
	Timeseries splits: 3
	Minimum number of timeseries datapoints: 64
Gradient boosting params: 
	{"max_depth": 3, "learning_rate": 0.05, "n_estimators": 100, "objective": "binary:logistic", "eval_metric": "logloss"}
	Creating sequence for 'game'... Training group 0, split 1
	Y Train Labels:(array([1.], dtype=float32), array([520]))
	Y Val Labels:(array([1.], dtype=float32), array([519]))
Training group 0, split 2
	Early stopping at epoch 22
	Y Train Labels:(array([1.], dtype=float32), array([1039]))
	Y Val Labels:(array([0., 1.], dtype=float32), array([ 70, 449]))
Training group 0, split 3
	Y Train Labels:(array([0., 1.], dtype=float32), array([  70, 1488]))
	Y Val Labels:(array([0.], dtype=float32), array([519]))
Done.
	Creating sequence for 'hytopia'... Training group 1, split 1
	Y Train Labels:(array([1.], dtype=float32), array([85]))
	Y Val Labels:(array([1.], dtype=float32), array([85]))
Training group 1, split 2
	Y Train Labels:(array([1.], dtype=float32), array([170]))
	Y Val Labels:(array([1.], dtype=float32), array([85]))
Training group 1, split 3
	Y Train Labels:(array([1.], dtype=float32), array([255]))
	Y Val Labels:(array([1.], dtype=float32), array([85]))
Done.
	Creating sequence for 'wicrypt'... Training group 2, split 1
	Y Train Labels:(array([1.], dtype=float32), array([241]))
	Y Val Labels:(array([1.], dtype=float32), array([241]))
Training group 2, split 2
	Y Train Labels:(array([1.], dtype=float32), array([482]))
	Y Val Labels:(array([1.], dtype=float32), array([241]))
Training group 2, split 3
	Early stopping at epoch 13
	Y Train Labels:(array([1.], dtype=float32), array([723]))
	Y Val Labels:(array([0., 1.], dtype=float32), array([121, 120]))
Done.
	Creating sequence for 'razor-network'... Training group 3, split 1
	Early stopping at epoch 31
	Y Train Labels:(array([0., 1.], dtype=float32), array([ 31, 283]))
	Y Val Labels:(array([0.], dtype=float32), array([312]))
Training group 3, split 2
	Early stopping at epoch 26
	Y Train Labels:(array([0., 1.], dtype=float32), array([343, 283]))
	Y Val Labels:(array([0.], dtype=float32), array([312]))
Training group 3, split 3
	Early stopping at epoch 27
	Y Train Labels:(array([0., 1.], dtype=float32), array([655, 283]))
	Y Val Labels:(array([0.], dtype=float32), array([312]))
Done.
	Creating sequence for 'zclassic'... Training group 4, split 1
	Early stopping at epoch 28
	Y Train Labels:(array([1.], dtype=float32), array([554]))
	Y Val Labels:(array([0., 1.], dtype=float32), array([289, 264]))
Training group 4, split 2
	Early stopping at epoch 13
	Y Train Labels:(array([0., 1.], dtype=float32), array([289, 818]))
	Y Val Labels:(array([0.], dtype=float32), array([553]))
Training group 4, split 3
	Early stopping at epoch 54
	Y Train Labels:(array([0., 1.], dtype=float32), array([842, 818]))
	Y Val Labels:(array([0.], dtype=float32), array([553]))
Done.
	Creating sequence for 'bitrock'... Training group 5, split 1
	Y Train Labels:(array([1.], dtype=float32), array([94]))
	Y Val Labels:(array([1.], dtype=float32), array([94]))
Training group 5, split 2
	Y Train Labels:(array([1.], dtype=float32), array([188]))
	Y Val Labels:(array([1.], dtype=float32), array([94]))
Training group 5, split 3
	Y Train Labels:(array([1.], dtype=float32), array([282]))
	Y Val Labels:(array([1.], dtype=float32), array([94]))
Done.
	Creating sequence for 'the-root-network'... Training group 6, split 1
	Y Train Labels:(array([1.], dtype=float32), array([63]))
	Y Val Labels:(array([1.], dtype=float32), array([62]))
Training group 6, split 2
	Early stopping at epoch 13
	Y Train Labels:(array([1.], dtype=float32), array([125]))
	Y Val Labels:(array([0., 1.], dtype=float32), array([21, 41]))
Training group 6, split 3
	Early stopping at epoch 37
	Y Train Labels:(array([0., 1.], dtype=float32), array([ 21, 166]))
	Y Val Labels:(array([0.], dtype=float32), array([62]))
Done.
	Creating sequence for 'mancium'... Training group 7, split 1
	Early stopping at epoch 13
	Y Train Labels:(array([1.], dtype=float32), array([166]))
	Y Val Labels:(array([0., 1.], dtype=float32), array([101,  64]))
Training group 7, split 2
	Y Train Labels:(array([0., 1.], dtype=float32), array([101, 230]))
	Y Val Labels:(array([0.], dtype=float32), array([165]))
Training group 7, split 3
	Early stopping at epoch 27
	Y Train Labels:(array([0., 1.], dtype=float32), array([266, 230]))
	Y Val Labels:(array([0.], dtype=float32), array([165]))
Done.
	Creating sequence for 'dark-frontiers'... Training group 8, split 1
	Early stopping at epoch 13
	Y Train Labels:(array([1.], dtype=float32), array([257]))
	Y Val Labels:(array([0., 1.], dtype=float32), array([244,  11]))
Training group 8, split 2
	Early stopping at epoch 40
	Y Train Labels:(array([0., 1.], dtype=float32), array([244, 268]))
	Y Val Labels:(array([0.], dtype=float32), array([255]))
Training group 8, split 3
	Early stopping at epoch 25
	Y Train Labels:(array([0., 1.], dtype=float32), array([499, 268]))
	Y Val Labels:(array([0.], dtype=float32), array([255]))
Done.
	Creating sequence for 'ubiq'... Training group 9, split 1
	Y Train Labels:(array([1.], dtype=float32), array([523]))
	Y Val Labels:(array([1.], dtype=float32), array([521]))
Training group 9, split 2
