


--------------------------------------------------
Starting lstm.py at '2024-10-11 23:22:16.580117'.
Reading './isDaoActiveData(4).json'... Done.
Total training Data: 379
Preparing data for training...
<torch.utils.data.dataloader.DataLoader object at 0x135a14530>
Preparing data for testing...
Trained so far:51
Parameters:
	Num epochs: 60
	Initial learning rate: 0.001
	Patience: 12
	Window size: 60
	Timeseries splits: 3
	Minimum number of timeseries datapoints: 64
Gradient boosting params: 
	{"max_depth": 3, "learning_rate": 0.05, "n_estimators": 100, "objective": "binary:logistic", "eval_metric": "logloss"}
	Creating sequence for 'cellframe'... [[[ 4.04083859e-01  2.60000000e+01  1.23000000e+03]
  [ 3.75039051e-01  3.50000000e+01 -9.30000000e+02]
  [ 3.60392801e-01  3.10000000e+01  2.92000000e+02]
  ...
  [ 2.52884816e-01  0.00000000e+00  8.00000000e+00]
  [ 2.70315900e-01  5.10000000e+01  1.14000000e+02]
  [ 2.59047554e-01  1.80000000e+01  1.66000000e+02]]

 [[ 4.05071040e-01  4.10000000e+01  3.74000000e+02]
  [ 4.04083859e-01  2.60000000e+01  1.23000000e+03]
  [ 3.75039051e-01  3.50000000e+01 -9.30000000e+02]
  ...
  [ 2.59833833e-01  3.00000000e+00 -1.40000000e+01]
  [ 2.52884816e-01  0.00000000e+00  8.00000000e+00]
  [ 2.70315900e-01  5.10000000e+01  1.14000000e+02]]

 [[ 4.11559234e-01  0.00000000e+00  2.07000000e+02]
  [ 4.05071040e-01  4.10000000e+01  3.74000000e+02]
  [ 4.04083859e-01  2.60000000e+01  1.23000000e+03]
  ...
  [ 2.45950271e-01  2.70000000e+01 -1.27000000e+02]
  [ 2.59833833e-01  3.00000000e+00 -1.40000000e+01]
  [ 2.52884816e-01  0.00000000e+00  8.00000000e+00]]

 ...

 [[ 4.83609350e+00  0.00000000e+00  1.54000000e+02]
  [ 3.75923174e+00  1.00000000e+00  1.18000000e+02]
  [ 3.57357065e+00  1.00000000e+00  1.23000000e+02]
  ...
  [ 6.63013337e-01  4.00000000e+00  1.00000000e+01]
  [ 8.37159348e-01  0.00000000e+00  4.90000000e+01]
  [ 1.06580831e+00  0.00000000e+00  9.90000000e+01]]

 [[ 3.49088522e+00  0.00000000e+00  1.75000000e+02]
  [ 4.83609350e+00  0.00000000e+00  1.54000000e+02]
  [ 3.75923174e+00  1.00000000e+00  1.18000000e+02]
  ...
  [ 6.77784110e-01  0.00000000e+00  1.90000000e+01]
  [ 6.63013337e-01  4.00000000e+00  1.00000000e+01]
  [ 8.37159348e-01  0.00000000e+00  4.90000000e+01]]

 [[ 3.88044272e+00  0.00000000e+00  7.10000000e+01]
  [ 3.49088522e+00  0.00000000e+00  1.75000000e+02]
  [ 4.83609350e+00  0.00000000e+00  1.54000000e+02]
  ...
  [ 6.82445990e-01  0.00000000e+00  8.00000000e+00]
  [ 6.77784110e-01  0.00000000e+00  1.90000000e+01]
  [ 6.63013337e-01  4.00000000e+00  1.00000000e+01]]][1 1 1 ... 1 1 1]
Done.
Training group 0, split 1
	Early stopping at epoch 13
	Y Train Labels:(array([1.], dtype=float32), array([294]))
	Y Val Labels:(array([1.], dtype=float32), array([293]))
Training group 0, split 2
	Early stopping at epoch 13
	Y Train Labels:(array([1.], dtype=float32), array([587]))
	Y Val Labels:(array([1.], dtype=float32), array([293]))
Training group 0, split 3
	Early stopping at epoch 13
	Y Train Labels:(array([1.], dtype=float32), array([880]))
	Y Val Labels:(array([1.], dtype=float32), array([293]))
	Creating sequence for 'ampleforth'... [[[   1.07638143    0.          133.        ]
  [   1.03999064    0.          -36.        ]
  [   1.06823108    2.          -87.        ]
  ...
  [   1.18878185    5.           30.        ]
  [   1.17052389    0.          -33.        ]
  [   1.21922938    0.           43.        ]]

 [[   1.10948341    0.            2.        ]
  [   1.07638143    0.          133.        ]
  [   1.03999064    0.          -36.        ]
  ...
  [   1.2318646     8.           -7.        ]
  [   1.18878185    5.           30.        ]
  [   1.17052389    0.          -33.        ]]

 [[   1.09942183    1.         -100.        ]
  [   1.10948341    0.            2.        ]
  [   1.07638143    0.          133.        ]
  ...
  [   1.26340786    2.          -39.        ]
  [   1.2318646     8.           -7.        ]
  [   1.18878185    5.           30.        ]]

 ...

 [[   1.92076459    0.           57.        ]
  [   1.6245        0.          -17.        ]
  [   1.4332        0.          -15.        ]
  ...
  [   0.57912117    0.           -4.        ]
  [   0.55810395    1.          -14.        ]
  [   0.51214243    0.           -2.        ]]

 [[   1.9357        4.           96.        ]
  [   1.92076459    0.           57.        ]
  [   1.6245        0.          -17.        ]
  ...
  [   0.58800094    0.           -2.        ]
  [   0.57912117    0.           -4.        ]
  [   0.55810395    1.          -14.        ]]

 [[   2.11098095    0.           29.        ]
  [   1.9357        4.           96.        ]
  [   1.92076459    0.           57.        ]
  ...
  [   0.60366032    0.            5.        ]
  [   0.58800094    0.           -2.        ]
  [   0.57912117    0.           -4.        ]]][1 1 1 ... 1 1 1]
Done.
Training group 1, split 1
	Early stopping at epoch 13
	Y Train Labels:(array([1.], dtype=float32), array([452]))
	Y Val Labels:(array([1.], dtype=float32), array([450]))
Training group 1, split 2
	Early stopping at epoch 13
	Y Train Labels:(array([1.], dtype=float32), array([902]))
	Y Val Labels:(array([1.], dtype=float32), array([450]))
Training group 1, split 3
	Early stopping at epoch 13
	Y Train Labels:(array([1.], dtype=float32), array([1352]))
	Y Val Labels:(array([1.], dtype=float32), array([450]))
	Creating sequence for 'beta-finance'... [[[ 5.60956733e-02  0.00000000e+00  2.00000000e+00]
  [ 5.83280259e-02  0.00000000e+00  5.00000000e+00]
  [ 5.65024281e-02  0.00000000e+00  3.00000000e+00]
  ...
  [ 4.54331909e-02  0.00000000e+00  6.00000000e+00]
  [ 5.05630507e-02  0.00000000e+00  0.00000000e+00]
  [ 4.80605649e-02  0.00000000e+00  1.90000000e+01]]

 [[ 5.52540668e-02  0.00000000e+00  1.60000000e+01]
  [ 5.60956733e-02  0.00000000e+00  2.00000000e+00]
  [ 5.83280259e-02  0.00000000e+00  5.00000000e+00]
  ...
  [ 4.48049406e-02  0.00000000e+00 -3.10000000e+01]
  [ 4.54331909e-02  0.00000000e+00  6.00000000e+00]
  [ 5.05630507e-02  0.00000000e+00  0.00000000e+00]]

 [[ 5.51317066e-02  0.00000000e+00 -4.60000000e+01]
  [ 5.52540668e-02  0.00000000e+00  1.60000000e+01]
  [ 5.60956733e-02  0.00000000e+00  2.00000000e+00]
  ...
  [ 4.51973690e-02  0.00000000e+00 -1.30000000e+01]
  [ 4.48049406e-02  0.00000000e+00 -3.10000000e+01]
  [ 4.54331909e-02  0.00000000e+00  6.00000000e+00]]

 ...

 [[ 1.78811785e+00  0.00000000e+00  8.20000000e+01]
  [ 1.74649636e+00  0.00000000e+00  5.90000000e+01]
  [ 1.67856513e+00  0.00000000e+00  7.90000000e+01]
  ...
  [ 4.42906829e-01  0.00000000e+00  1.00000000e+01]
  [ 4.75322080e-01  0.00000000e+00  2.50000000e+01]
  [ 5.12398468e-01  0.00000000e+00 -2.00000000e+00]]

 [[ 2.02237052e+00  0.00000000e+00  1.30000000e+02]
  [ 1.78811785e+00  0.00000000e+00  8.20000000e+01]
  [ 1.74649636e+00  0.00000000e+00  5.90000000e+01]
  ...
  [ 4.72125975e-01  0.00000000e+00 -4.00000000e+00]
  [ 4.42906829e-01  0.00000000e+00  1.00000000e+01]
  [ 4.75322080e-01  0.00000000e+00  2.50000000e+01]]

 [[ 2.42129463e+00  0.00000000e+00  4.20000000e+01]
  [ 2.02237052e+00  0.00000000e+00  1.30000000e+02]
  [ 1.78811785e+00  0.00000000e+00  8.20000000e+01]
  ...
  [ 4.59119187e-01  0.00000000e+00 -4.30000000e+01]
  [ 4.72125975e-01  0.00000000e+00 -4.00000000e+00]
  [ 4.42906829e-01  0.00000000e+00  1.00000000e+01]]][0 0 0 0 0 0 0 0 0 0 0 0 0 0 0 0 0 0 0 0 0 0 0 0 0 0 0 0 0 0 0 0 0 0 0 0 0
 0 0 0 0 0 0 0 0 0 0 0 0 0 0 0 0 0 0 0 0 0 0 0 0 0 0 0 0 0 0 0 0 0 0 0 0 0
 0 0 0 0 0 0 0 0 0 0 0 0 0 0 0 0 0 0 0 0 0 0 0 0 0 0 0 0 0 0 0 0 0 0 0 0 0
 0 0 0 0 0 0 0 0 0 0 0 0 0 0 0 0 0 0 0 0 0 0 0 0 0 0 0 0 0 0 0 0 0 0 0 0 0
 0 0 0 0 0 0 0 0 0 0 0 0 0 0 0 0 0 0 0 0 0 0 0 0 0 0 0 0 0 0 0 0 0 0 0 0 0
 0 0 0 0 0 0 0 0 0 0 0 0 0 0 0 0 0 0 0 0 0 0 0 0 0 0 0 0 0 0 0 0 0 0 0 0 0
 0 0 0 0 0 0 0 0 0 0 0 0 0 0 0 0 0 0 0 0 0 0 0 0 0 0 0 0 0 0 0 0 0 0 0 0 0
 0 0 0 0 0 0 0 0 0 0 0 0 0 0 0 0 0 0 0 0 0 0 0 0 0 0 0 0 0 0 0 0 0 0 0 0 0
 0 0 0 0 0 0 0 0 0 0 0 0 0 0 0 0 0 0 0 0 0 0 0 0 0 0 0 0 0 0 0 0 0 0 0 0 0
 0 0 0 0 0 0 0 0 0 0 0 0 0 0 0 0 0 0 0 0 0 0 0 0 0 0 0 0 0 0 0 0 0 0 0 0 0
 0 0 0 0 0 0 0 0 0 0 0 0 0 0 0 0 0 0 0 0 0 0 0 0 0 0 0 0 0 0 0 0 0 0 0 0 0
 0 0 0 0 0 0 0 0 0 0 0 0 0 0 0 0 0 0 0 0 0 0 0 0 0 0 0 0 0 0 0 0 0 0 0 0 0
 0 0 0 0 0 0 0 0 0 0 0 0 0 0 0 0 0 0 0 0 0 0 0 0 0 0 0 0 0 0 0 0 0 0 0 0 0
 0 0 0 0 0 0 0 0 0 0 0 0 0 0 0 0 0 0 0 0 0 0 0 0 0 0 0 0 0 0 0 0 0 0 0 0 0
 0 0 0 0 0 0 0 0 0 0 0 0 0 0 0 0 0 0 0 0 0 0 0 0 0 0 0 0 0 0 0 0 0 0 0 0 0
 0 0 0 0 0 0 0 0 0 0 0 0 0 0 0 0 0 0 0 0 0 0 0 0 0 0 0 0 0 0 0 0 0 0 0 0 0
 0 0 0 0 0 0 0 0 0 0 0 0 0 0 0 0 0 0 0 0 0 0 0 0 0 0 0 0 0 0 0 0 0 0 0 0 0
 0 0 0 0 0 0 0 0 0 0 0 0 0 0 0 0 0 0 0 0 0 0 0 0 0 0 0 0 0 0 0 0 0 0 0 0 0
 0 0 0 0 0 0 0 0 0 0 0 0 0 0 0 0 0 0 0 0 0 0 0 0 0 0 0 0 0 0 0 0 0 0 0 0 0
 0 1 1 1 1 1 1 1 1 1 1 1 1 1 1 1 1 1 1 1 1 1 1 1 1 1 1 1 1 1 1 1 1 1 1 1 1
 1 1 1 1 1 1 1 1 1 1 1 1 1 1 1 1 1 1 1 1 1 1 1 1 1 1 1 1 1 1 1 1 1 1 1 1 1
 1 1 1 1 1 1 1 1 1 1 1 1 1 1 1 1 1 1 1 1 1 1 1 1 1 1 1 1 1 1 1 1 1 1 1 1 1
 1 1 1 1 1 1 1 1 1 1 1 1 1 1 1 1 1 1 1 1 1 1 1 1 1 1 1 1 1 1 1 1 1 1 1 1 1
 1 1 1 1 1 1 1 1 1 1 1 1 1 1 1 1 1 1 1 1 1 1 1 1 1 1 1 1 1 1 1 1 1 1 1 1 1
 1 1 1 1 1 1 1 1 1 1 1 1 1 1 1 1 1 1 1 1 1 1 1 1 1 1 1 1 1 1 1 1 1 1 1 1 1
 1 1 1 1 1 1 1 1 1 1 1 1 1 1 1 1 1 1 1 1 1 1 1 1 1 1 1 1]
Done.
Training group 2, split 1
	Early stopping at epoch 13
	Y Train Labels:(array([0.], dtype=float32), array([239]))
	Y Val Labels:(array([0.], dtype=float32), array([238]))
Training group 2, split 2
	Early stopping at epoch 13
	Y Train Labels:(array([0.], dtype=float32), array([477]))
	Y Val Labels:(array([0., 1.], dtype=float32), array([227,  11]))
Training group 2, split 3
	Early stopping at epoch 13
	Y Train Labels:(array([0., 1.], dtype=float32), array([704,  11]))
	Y Val Labels:(array([1.], dtype=float32), array([238]))
	Creating sequence for 'dacxi'... [[[ 1.75752113e-03  0.00000000e+00 -1.80000000e+01]
  [ 1.67328410e-03  0.00000000e+00 -2.29000000e+02]
  [ 1.58566528e-03  0.00000000e+00  1.25000000e+02]
  ...
  [ 1.03716904e-03  0.00000000e+00  8.00000000e+00]
  [ 1.00267860e-03  0.00000000e+00 -3.90000000e+01]
  [ 1.04581764e-03  0.00000000e+00  4.60000000e+01]]

 [[ 1.74756893e-03  0.00000000e+00  7.00000000e+01]
  [ 1.75752113e-03  0.00000000e+00 -1.80000000e+01]
  [ 1.67328410e-03  0.00000000e+00 -2.29000000e+02]
  ...
  [ 1.05030981e-03  0.00000000e+00  4.40000000e+01]
  [ 1.03716904e-03  0.00000000e+00  8.00000000e+00]
  [ 1.00267860e-03  0.00000000e+00 -3.90000000e+01]]

 [[ 1.46524063e-03  0.00000000e+00 -3.00000000e+00]
  [ 1.74756893e-03  0.00000000e+00  7.00000000e+01]
  [ 1.75752113e-03  0.00000000e+00 -1.80000000e+01]
  ...
  [ 1.01460805e-03  0.00000000e+00  1.08000000e+02]
  [ 1.05030981e-03  0.00000000e+00  4.40000000e+01]
  [ 1.03716904e-03  0.00000000e+00  8.00000000e+00]]

 ...

 [[ 5.98894611e-03  0.00000000e+00 -1.60000000e+01]
  [ 6.02372897e-03  0.00000000e+00 -3.20000000e+01]
  [ 6.26111368e-03  0.00000000e+00 -9.00000000e+00]
  ...
  [ 1.99641435e-03  0.00000000e+00  3.00000000e+00]
  [ 2.24937032e-03  0.00000000e+00  0.00000000e+00]
  [ 2.04721617e-03  0.00000000e+00 -3.60000000e+01]]

 [[ 6.36013922e-03  0.00000000e+00 -4.00000000e+01]
  [ 5.98894611e-03  0.00000000e+00 -1.60000000e+01]
  [ 6.02372897e-03  0.00000000e+00 -3.20000000e+01]
  ...
  [ 2.14459404e-03  0.00000000e+00 -8.60000000e+01]
  [ 1.99641435e-03  0.00000000e+00  3.00000000e+00]
  [ 2.24937032e-03  0.00000000e+00  0.00000000e+00]]

 [[ 6.15558675e-03  0.00000000e+00 -1.50000000e+01]
  [ 6.36013922e-03  0.00000000e+00 -4.00000000e+01]
  [ 5.98894611e-03  0.00000000e+00 -1.60000000e+01]
  ...
  [ 2.04723994e-03  0.00000000e+00 -1.00000000e+00]
  [ 2.14459404e-03  0.00000000e+00 -8.60000000e+01]
  [ 1.99641435e-03  0.00000000e+00  3.00000000e+00]]][1 1 1 1 1 1 1 1 1 1 1 1 1 1 1 1 1 1 1 1 1 1 1 1 1 1 1 1 1 1 1 1 1 1 1 1 1
 1 1 1 1 1 1 1 1 1 1 1 1 1 1 1 1 1 1 1 1 1 1 1 1 1 1 1 1 1 1 1 1 1 1 1 1 1
 1 1 1 1 1 1 1 1 1 1 1 1 1 1 1 1 1 1 1 1 1 1 1 1 1 1 1 1 1 1 1 1 1 1 1 1 1
 1 1 1 1 1 1 1 1 1 1 1 1 1 1 1 1 1 1 1 1 1 1 1 1 1 1 1 1 1 1 1 1 1 1 1 1 1
 1 1 1 1 1 1 1 1 1 1 1 1 1 1 1 1 1 1 1 1 1 1 1 1 1 1 1 1 1 1 1 1 1 1 1 1 1
 1 1 1 1 1 1 1 1 1 1 1 1 1 1 1 1 1 1 1 1 1 1 1 1 1 1 1 1 1 1 1 1 1 1 1 1 1
 1 1 1 1 1 1 1 1 1 1 1 1 1 1 1 1 1 1 1 1 1 1 1 1 1 1 1 1 1 1 1 1 1 1 1 1 1
 1 1 1 1 1 1 1 1 1 1 1 1 1 1 1 1 1 1 1 1 1 1 1 1 1 1 1 1 1 1 1 1 1 1 1 1 1
 1 1 1 1 1 1 1 1 1 1 1 1 1 1 1 1 1 1 1 1 1 1 1 1 1 1 1 1 1 1 1 1 1 1 1 1 1
 1 1 1 1 1 1 1 1 1 1 1 1 1 1 1 1 1 1 1 1 1 1 1 1 1 1 1 1 1 1 1]
Done.
Training group 3, split 1
	Early stopping at epoch 13
	Y Train Labels:(array([1.], dtype=float32), array([91]))
	Y Val Labels:(array([1.], dtype=float32), array([91]))
Training group 3, split 2
	Early stopping at epoch 13
	Y Train Labels:(array([1.], dtype=float32), array([182]))
	Y Val Labels:(array([1.], dtype=float32), array([91]))
Training group 3, split 3
	Early stopping at epoch 13
	Y Train Labels:(array([1.], dtype=float32), array([273]))
	Y Val Labels:(array([1.], dtype=float32), array([91]))
	Creating sequence for 'cobak-token'... [[[ 5.41088132e-01  0.00000000e+00  1.07000000e+02]
  [ 5.55530158e-01  0.00000000e+00  1.73400000e+03]
  [ 5.58380778e-01  0.00000000e+00  6.55000000e+02]
  ...
  [ 5.96807221e-01  0.00000000e+00  2.62000000e+02]
  [ 5.91800854e-01  0.00000000e+00 -4.70000000e+01]
  [ 6.13525319e-01  0.00000000e+00  3.19000000e+02]]

 [[ 5.72069476e-01  0.00000000e+00  8.30000000e+01]
  [ 5.41088132e-01  0.00000000e+00  1.07000000e+02]
  [ 5.55530158e-01  0.00000000e+00  1.73400000e+03]
  ...
  [ 5.68604975e-01  0.00000000e+00  1.71000000e+02]
  [ 5.96807221e-01  0.00000000e+00  2.62000000e+02]
  [ 5.91800854e-01  0.00000000e+00 -4.70000000e+01]]

 [[ 5.52079410e-01  0.00000000e+00  5.10000000e+01]
  [ 5.72069476e-01  0.00000000e+00  8.30000000e+01]
  [ 5.41088132e-01  0.00000000e+00  1.07000000e+02]
  ...
  [ 5.44585434e-01  0.00000000e+00 -8.00000000e+00]
  [ 5.68604975e-01  0.00000000e+00  1.71000000e+02]
  [ 5.96807221e-01  0.00000000e+00  2.62000000e+02]]

 ...

 [[ 2.87502508e+00  0.00000000e+00  7.00000000e+00]
  [ 2.85654732e+00  0.00000000e+00  0.00000000e+00]
  [ 2.86317541e+00  0.00000000e+00 -3.00000000e+00]
  ...
  [ 2.14120726e+00  0.00000000e+00 -4.00000000e+00]
  [ 2.08567760e+00  0.00000000e+00 -6.00000000e+00]
  [ 2.10502818e+00  0.00000000e+00 -4.00000000e+00]]

 [[ 2.81159191e+00  0.00000000e+00  8.00000000e+00]
  [ 2.87502508e+00  0.00000000e+00  7.00000000e+00]
  [ 2.85654732e+00  0.00000000e+00  0.00000000e+00]
  ...
  [ 2.12884932e+00  0.00000000e+00 -3.00000000e+00]
  [ 2.14120726e+00  0.00000000e+00 -4.00000000e+00]
  [ 2.08567760e+00  0.00000000e+00 -6.00000000e+00]]

 [[ 2.87075023e+00  0.00000000e+00  1.00000000e+00]
  [ 2.81159191e+00  0.00000000e+00  8.00000000e+00]
  [ 2.87502508e+00  0.00000000e+00  7.00000000e+00]
  ...
  [ 2.17154638e+00  0.00000000e+00  0.00000000e+00]
  [ 2.12884932e+00  0.00000000e+00 -3.00000000e+00]
  [ 2.14120726e+00  0.00000000e+00 -4.00000000e+00]]][1 1 1 1 1 1 1 1 1 1 1 1 1 1 1 1 1 1 1 1 1 1 1 1 1 1 1 1 1 1 1 1 1 1 1 1 1
 1 1 1 1 1 1 1 1 1 1 1 1 1 1 1 1 1 1 1 1 1 1 1 1 1 1 1 1 1 1 1 1 1 1 1 1 1
 1 1 1 1 1 1 1 1 1 1 1 1 1 1 1 1 1 1 1 1 1 1 1 1 1 1 1 1 1 1 1 1 1 1 1 1 1
 1 1 1 1 1 1 1 1 1 1 1 1 1 1 1 1 1 1 1 1 1 1 1 1 1 1 1 1 1 1 1 1 1 1 1 1 1
 1 1 1 1 1 1 1 1 1 1 1 1 1 1 1 1 1 1 1 1 1 1 1 1 1 1 1 1 1 1 1 1 1 1 1 1 1
 1 1 1 1 1 1 1 1 1 1 1 1 1 1 1 1 1 1 1 1 1 1 1 1 1 1 1 1 1 1 1 1 1 1 1 1 1
 1 1 1 1 1 1 1 1 1 1 1 1 1 1 1 1 1 1 1 1 1 1 1 1 1 1 1 1 1 1 1 1 1 1 1 1 1
 1 1 1 1 1 1 1 1 1 1 1 1 1 1 1 1 1 1 1 1 1 1 1 1 1 1 1 1 1 1 1 1 1 1 1 1 1
 1 1 1 1 1 1 1 1 1 1 1 1 1 1 1 1 1 1 1 1 1 1 1 1 1 1 1 1 1 1 1 1 1 1 1 1 1
 1 1 1 1 1 1 1 1 1 1 1 1 1 1 1 1 1 1 1 1 1 1 1 1 1 1 1 1 1 1 1 1 1 1 1 1 1
 1 1 1 1 1 1 1 1 1 1 1 1 1 1 1 1 1 1 1 1 1 1 1 1 1 1 1 1 1 1 1 1 1 1 1 1 1
 1 1 1 1 1 1 1 1 1 1 1 1 1 1 1 1 1 1 1 1 1 1 1 1 1 1 1 1 1 1 1 1 1 1 1 1 1
 1 1 1 1 1 1 1 1 1 1 1 1 1 1 1 1 1 1 1 1 1 1 1 1 1 1 1 1 1 1 1 1 1 1 1 1 1
 1 1 1 1 1 1 1 1 1 1 1 1 1 1 1 1 1 1 1 1 1 1 1 1 1 1 1 1 1 1 1 1 1 1 1 1 1
 1 1 1 1 1 1 1 1 1 1 1 1 1 1 1 1 1 1 1 1 1 1 1 1 1 1 1 1 1 1 1 1 1 1 1 1 1
 1 1 1 1 1 1 1 1 1 1 1 1 1 1 1 1 1 1 1 1 1 1 1 1 1 1 1 1 1 1 1 1 1 1 1 1 1
 1 1 1 1 1 1 1 1 1 1 1 1 1 1 1 1 1 1 1 1 1 1 1 1 1 1 1 1 1 1 1 1 1 1 1 1 1
 1 1 1 1 1 1 1 1 1 1 1 1 1 1 1 1 1 1 1 1 1 1 1 1 1 1 1 1 1 1 1 1 1 1 1 1 1
 1 1 1 1 1 1 1 1 1 1 1 1 1 1 1 1 1 1 1 1 1 1 1 1 1 1 1 1 1 1 1 1 1 1 1 1 1
 1 1 1 1 1 1 1 1 1 1 1 1 1 1 1 1 1 1 1 1 1 1 1 1 1 1 1 1 1 1 1 1 1 1 1 1 1
 1 1 1 1 1 1 1 1 1 1 1 1 1 1 1 1 1 1 1 1 1 1 1 1 1 1 1 1 1 1 1 1 1 1 1 1 1
 1 1 1 1 1 1 1 1 1 1 1 1 1 1 1 1 1 1 1 1 1 1 1 1 1 1 1 1 1 1 1 1 1 1 1 1 1
 1 1 1 1 1 1 1 1 1 1 1 1 1 1 1 1 1 1 1 1 1 1 1 1 1 1 1 1 1 1 1 1 1 1 1 1 1
 1 1 1 1 1 1 1 1 1 1 1 1 1 1 1 1 1 1 1 1 1 1 1 1 1 1 1 1 1 1 1 1 1 1 1 1 1
 1 1 1 1 1 1]
Done.
Training group 4, split 1
	Early stopping at epoch 13
	Y Train Labels:(array([1.], dtype=float32), array([225]))
	Y Val Labels:(array([1.], dtype=float32), array([223]))
Training group 4, split 2
	Early stopping at epoch 25
	Y Train Labels:(array([1.], dtype=float32), array([448]))
	Y Val Labels:(array([1.], dtype=float32), array([223]))
Training group 4, split 3
	Early stopping at epoch 49
	Y Train Labels:(array([1.], dtype=float32), array([671]))
	Y Val Labels:(array([1.], dtype=float32), array([223]))
	Creating sequence for 'aion'... [[[ 1.80012885e-03  0.00000000e+00  0.00000000e+00]
  [ 1.80011084e-03  0.00000000e+00  0.00000000e+00]
  [ 1.87995865e-03  0.00000000e+00  1.00000000e+00]
  ...
  [ 1.73101171e-03  0.00000000e+00 -3.00000000e+00]
  [ 1.79053867e-03  0.00000000e+00  1.00000000e+00]
  [ 1.67993552e-03  0.00000000e+00  0.00000000e+00]]

 [[ 1.79963642e-03  0.00000000e+00 -1.00000000e+00]
  [ 1.80012885e-03  0.00000000e+00  0.00000000e+00]
  [ 1.80011084e-03  0.00000000e+00  0.00000000e+00]
  ...
  [ 1.71009731e-03  0.00000000e+00  0.00000000e+00]
  [ 1.73101171e-03  0.00000000e+00 -3.00000000e+00]
  [ 1.79053867e-03  0.00000000e+00  1.00000000e+00]]

 [[ 1.97954814e-03  0.00000000e+00  0.00000000e+00]
  [ 1.79963642e-03  0.00000000e+00 -1.00000000e+00]
  [ 1.80012885e-03  0.00000000e+00  0.00000000e+00]
  ...
  [ 1.60033385e-03  0.00000000e+00  1.00000000e+00]
  [ 1.71009731e-03  0.00000000e+00  0.00000000e+00]
  [ 1.73101171e-03  0.00000000e+00 -3.00000000e+00]]

 ...

 [[ 2.88123000e+00  5.00000000e+00  1.29000000e+02]
  [ 2.72604000e+00  1.00000000e+00  2.72000000e+02]
  [ 2.54437000e+00  7.00000000e+01  8.20000000e+01]
  ...
  [ 1.86026000e+00  2.30000000e+01  9.10000000e+01]
  [ 2.06535000e+00  1.80000000e+01  1.74000000e+02]
  [ 2.03003000e+00  1.00000000e+01  1.27000000e+02]]

 [[ 2.77891000e+00  5.80000000e+01  8.64000000e+02]
  [ 2.88123000e+00  5.00000000e+00  1.29000000e+02]
  [ 2.72604000e+00  1.00000000e+00  2.72000000e+02]
  ...
  [ 2.00847000e+00  0.00000000e+00  1.36000000e+02]
  [ 1.86026000e+00  2.30000000e+01  9.10000000e+01]
  [ 2.06535000e+00  1.80000000e+01  1.74000000e+02]]

 [[ 2.73328000e+00  8.50000000e+01  8.70000000e+01]
  [ 2.77891000e+00  5.80000000e+01  8.64000000e+02]
  [ 2.88123000e+00  5.00000000e+00  1.29000000e+02]
  ...
  [ 2.05382000e+00  0.00000000e+00  7.10000000e+01]
  [ 2.00847000e+00  0.00000000e+00  1.36000000e+02]
  [ 1.86026000e+00  2.30000000e+01  9.10000000e+01]]][0 0 0 ... 1 1 1]
Done.
Training group 5, split 1
	Early stopping at epoch 13
	Y Train Labels:(array([0.], dtype=float32), array([565]))
	Y Val Labels:(array([0.], dtype=float32), array([563]))
Training group 5, split 2
	Early stopping at epoch 13
	Y Train Labels:(array([0.], dtype=float32), array([1128]))
	Y Val Labels:(array([0., 1.], dtype=float32), array([426, 137]))
Training group 5, split 3
	Early stopping at epoch 13
	Y Train Labels:(array([0., 1.], dtype=float32), array([1554,  137]))
	Y Val Labels:(array([1.], dtype=float32), array([563]))
	Creating sequence for 'cardano'... [[[ 4.18195153e-01  8.10000000e+01 -7.71000000e+02]
  [ 4.07368473e-01  7.50000000e+01  1.50000000e+01]
  [ 4.04025132e-01  5.78000000e+02 -1.04000000e+02]
  ...
  [ 3.51750094e-01  9.60000000e+01  1.51000000e+02]
  [ 3.63734640e-01  6.43000000e+02  4.60000000e+01]
  [ 3.87791550e-01  8.00000000e+02 -7.50000000e+01]]

 [[ 4.17799766e-01  5.59000000e+02  1.13000000e+02]
  [ 4.18195153e-01  8.10000000e+01 -7.71000000e+02]
  [ 4.07368473e-01  7.50000000e+01  1.50000000e+01]
  ...
  [ 3.58584197e-01  1.02000000e+02  1.24000000e+02]
  [ 3.51750094e-01  9.60000000e+01  1.51000000e+02]
  [ 3.63734640e-01  6.43000000e+02  4.60000000e+01]]

 [[ 3.94653546e-01  4.31000000e+02  1.33000000e+02]
  [ 4.17799766e-01  5.59000000e+02  1.13000000e+02]
  [ 4.18195153e-01  8.10000000e+01 -7.71000000e+02]
  ...
  [ 3.52096659e-01  5.84000000e+02  4.10000000e+01]
  [ 3.58584197e-01  1.02000000e+02  1.24000000e+02]
  [ 3.51750094e-01  9.60000000e+01  1.51000000e+02]]

 ...

 [[ 4.21525124e-01  6.72000000e+02 -6.60000000e+01]
  [ 4.26734970e-01  7.30000000e+01 -1.24000000e+02]
  [ 4.03004869e-01  5.90000000e+01  3.60000000e+01]
  ...
  [ 2.46465931e-01  5.20000000e+01  2.00000000e+01]
  [ 2.49770600e-01  7.40000000e+01  1.70000000e+01]
  [ 2.53828426e-01  1.76000000e+02  1.31000000e+02]]

 [[ 3.89420218e-01  8.07000000e+02 -9.10000000e+01]
  [ 4.21525124e-01  6.72000000e+02 -6.60000000e+01]
  [ 4.26734970e-01  7.30000000e+01 -1.24000000e+02]
  ...
  [ 2.45557299e-01  1.62000000e+02  2.74000000e+02]
  [ 2.46465931e-01  5.20000000e+01  2.00000000e+01]
  [ 2.49770600e-01  7.40000000e+01  1.70000000e+01]]

 [[ 3.86076136e-01  1.99800000e+03 -1.00000000e+01]
  [ 3.89420218e-01  8.07000000e+02 -9.10000000e+01]
  [ 4.21525124e-01  6.72000000e+02 -6.60000000e+01]
  ...
  [ 2.44139561e-01  1.64000000e+02  8.50000000e+01]
  [ 2.45557299e-01  1.62000000e+02  2.74000000e+02]
  [ 2.46465931e-01  5.20000000e+01  2.00000000e+01]]][1 1 1 1 1 1 1 1 1 1 1 1 1 1 1 1 1 1 1 1 1 1 1 1 1 1 1 1 1 1 1 1 1 1 1 1 1
 1 1 1 1 1 1 1 1 1 1 1 1 1 1 1 1 1 1 1 1 1 1 1 1 1 1 1 1 1 1 1 1 1 1 1 1 1
 1 1 1 1 1 1 1 1 1 1 1 1 1 1 1 1 1 1 1 1 1 1 1 1 1 1 1 1 1 1 1 1 1 1 1 1 1
 1 1 1 1 1 1 1 1 1 1 1 1 1 1 1 1 1 1 1 1 1 1 1 1 1 1 1 1 1 1 1 1 1 1 1 1 1
 1 1 1 1 1 1 1 1 1 1 1 1 1 1 1 1 1 1 1 1 1 1 1 1 1 1 1 1 1 1 1 1 1 1 1 1 1
 1 1 1 1 1 1 1 1 1 1 1 1 1 1 1 1 1 1 1 1 1 1 1 1 1 1 1 1 1 1 1 1 1 1 1 1 1
 1 1 1 1 1 1 1 1 1 1 1 1 1 1 1 1 1 1 1 1 1 1 1 1 1 1 1 1 1 1 1 1 1 1 1 1 1
 1 1 1 1 1 1 1 1 1 1 1 1 1 1 1 1 1 1 1 1 1 1 1 1 1 1 1 1 1 1 1 1 1 1 1 1 1
 1 1 1 1 1 1 1 1 1 1 1 1 1 1 1 1 1 1 1 1 1 1 1 1 1 1 1 1 1 1 1 1 1 1 1 1 1
 1 1 1 1 1 1 1 1 1 1 1 1 1 1 1 1 1 1 1 1 1 1 1 1 1 1 1 1 1 1 1 1 1 1 1 1 1
 1 1 1 1 1 1 1 1 1 1 1 1 1 1 1 1 1 1 1 1 1 1 1 1 1 1 1 1 1 1 1 1 1 1 1 1 1
 1 1 1 1 1 1 1 1 1 1 1 1 1 1 1 1 1 1 1 1 1 1 1 1 1 1 1 1 1 1 1 1 1 1 1 1 1
 1 1 1 1 1 1 1 1 1 1 1 1 1 1 1 1 1 1 1 1 1 1 1 1 1 1 1 1 1 1 1 1 1 1 1 1 1
 1 1 1 1 1 1 1 1 1 1 1 1 1 1 1 1 1 1 1 1 1 1 1 1 1 1 1 1 1 1 1 1 1 1 1 1 1
 1 1 1 1 1 1 1 1 1 1 1 1 1 1 1 1 1 1 1 1 1 1 1 1 1 1 1 1 1 1 1 1 1 1 1 1 1
 1 1 1 1 1 1 1 1 1 1 1 1 1 1 1 1 1 1 1 1 1 1 1 1 1 1 1 1 1 1 1 1 1 1 1 1 1
 1 1 1 1 1 1 1 1 1 1]
Done.
Training group 6, split 1
	Y Train Labels:(array([1.], dtype=float32), array([152]))
	Y Val Labels:(array([1.], dtype=float32), array([150]))
Training group 6, split 2
	Early stopping at epoch 24
	Y Train Labels:(array([1.], dtype=float32), array([302]))
	Y Val Labels:(array([1.], dtype=float32), array([150]))
Training group 6, split 3
	Early stopping at epoch 13
	Y Train Labels:(array([1.], dtype=float32), array([452]))
	Y Val Labels:(array([1.], dtype=float32), array([150]))
	Creating sequence for 'beam'... [[[ 3.74400960e-02  1.00000000e+00  1.30000000e+01]
  [ 3.81369555e-02  0.00000000e+00 -3.00000000e+00]
  [ 3.68182524e-02  0.00000000e+00 -5.20000000e+01]
  ...
  [ 3.43523806e-02  2.00000000e+00 -5.00000000e+00]
  [ 3.42184786e-02  1.10000000e+01  7.00000000e+00]
  [ 3.92865530e-02  2.00000000e+00  1.10000000e+01]]

 [[ 3.75258510e-02  1.00000000e+00  1.00000000e+01]
  [ 3.74400960e-02  1.00000000e+00  1.30000000e+01]
  [ 3.81369555e-02  0.00000000e+00 -3.00000000e+00]
  ...
  [ 3.46891569e-02  0.00000000e+00  5.00000000e+00]
  [ 3.43523806e-02  2.00000000e+00 -5.00000000e+00]
  [ 3.42184786e-02  1.10000000e+01  7.00000000e+00]]

 [[ 3.81325952e-02  0.00000000e+00  3.00000000e+00]
  [ 3.75258510e-02  1.00000000e+00  1.00000000e+01]
  [ 3.74400960e-02  1.00000000e+00  1.30000000e+01]
  ...
  [ 3.26867020e-02  0.00000000e+00 -2.40000000e+01]
  [ 3.46891569e-02  0.00000000e+00  5.00000000e+00]
  [ 3.43523806e-02  2.00000000e+00 -5.00000000e+00]]

 ...

 [[ 8.06527255e-01  9.00000000e+00  1.03000000e+02]
  [ 9.48884694e-01  2.10000000e+01  1.15000000e+02]
  [ 1.10010137e+00  3.80000000e+01  1.35000000e+02]
  ...
  [ 7.11693052e-01  2.70000000e+01  2.20000000e+01]
  [ 7.17887315e-01  2.20000000e+01  7.00000000e+00]
  [ 7.09487982e-01  2.70000000e+01  1.90000000e+01]]

 [[ 8.57181266e-01  1.50000000e+01  1.15000000e+02]
  [ 8.06527255e-01  9.00000000e+00  1.03000000e+02]
  [ 9.48884694e-01  2.10000000e+01  1.15000000e+02]
  ...
  [ 6.99632783e-01  1.20000000e+01  2.10000000e+01]
  [ 7.11693052e-01  2.70000000e+01  2.20000000e+01]
  [ 7.17887315e-01  2.20000000e+01  7.00000000e+00]]

 [[ 8.20840721e-01  1.60000000e+01  1.57000000e+02]
  [ 8.57181266e-01  1.50000000e+01  1.15000000e+02]
  [ 8.06527255e-01  9.00000000e+00  1.03000000e+02]
  ...
  [ 7.20627175e-01  5.00000000e+00  5.80000000e+01]
  [ 6.99632783e-01  1.20000000e+01  2.10000000e+01]
  [ 7.11693052e-01  2.70000000e+01  2.20000000e+01]]][1 1 1 ... 1 1 1]
Done.
Training group 7, split 1
	Early stopping at epoch 35
	Y Train Labels:(array([1.], dtype=float32), array([496]))
	Y Val Labels:(array([1.], dtype=float32), array([496]))
Training group 7, split 2
	Early stopping at epoch 13
	Y Train Labels:(array([1.], dtype=float32), array([992]))
	Y Val Labels:(array([1.], dtype=float32), array([496]))
Training group 7, split 3
	Early stopping at epoch 13
	Y Train Labels:(array([1.], dtype=float32), array([1488]))
	Y Val Labels:(array([1.], dtype=float32), array([496]))
	Creating sequence for 'big-data-protocol'... [[[ 1.76301210e-01  0.00000000e+00 -9.00000000e+00]
  [ 1.82383154e-01  0.00000000e+00 -3.70000000e+01]
  [ 1.77182922e-01  0.00000000e+00 -1.90000000e+01]
  ...
  [ 1.49602309e-01  0.00000000e+00  1.50000000e+01]
  [ 1.65971232e-01  0.00000000e+00 -8.00000000e+00]
  [ 1.75027102e-01  0.00000000e+00 -1.00000000e+01]]

 [[ 1.84188564e-01  0.00000000e+00  1.10000000e+01]
  [ 1.76301210e-01  0.00000000e+00 -9.00000000e+00]
  [ 1.82383154e-01  0.00000000e+00 -3.70000000e+01]
  ...
  [ 1.43436833e-01  0.00000000e+00 -5.00000000e+00]
  [ 1.49602309e-01  0.00000000e+00  1.50000000e+01]
  [ 1.65971232e-01  0.00000000e+00 -8.00000000e+00]]

 [[ 1.76016138e-01  0.00000000e+00  1.50000000e+01]
  [ 1.84188564e-01  0.00000000e+00  1.10000000e+01]
  [ 1.76301210e-01  0.00000000e+00 -9.00000000e+00]
  ...
  [ 1.26000322e-01  0.00000000e+00  2.00000000e+00]
  [ 1.43436833e-01  0.00000000e+00 -5.00000000e+00]
  [ 1.49602309e-01  0.00000000e+00  1.50000000e+01]]

 ...

 [[ 3.75472839e+00  0.00000000e+00  8.50000000e+01]
  [ 3.39740172e+00  0.00000000e+00 -2.81000000e+02]
  [ 2.95247408e+00  0.00000000e+00  1.35000000e+02]
  ...
  [ 1.00335513e+00  0.00000000e+00  6.70000000e+01]
  [ 8.13640660e-01  0.00000000e+00  6.90000000e+01]
  [ 9.06282026e-01  0.00000000e+00  5.00000000e+00]]

 [[ 3.78550184e+00  0.00000000e+00  1.28000000e+02]
  [ 3.75472839e+00  0.00000000e+00  8.50000000e+01]
  [ 3.39740172e+00  0.00000000e+00 -2.81000000e+02]
  ...
  [ 1.10298698e+00  0.00000000e+00  5.00000000e+00]
  [ 1.00335513e+00  0.00000000e+00  6.70000000e+01]
  [ 8.13640660e-01  0.00000000e+00  6.90000000e+01]]

 [[ 4.74962268e+00  0.00000000e+00  2.22000000e+02]
  [ 3.78550184e+00  0.00000000e+00  1.28000000e+02]
  [ 3.75472839e+00  0.00000000e+00  8.50000000e+01]
  ...
  [ 1.07243986e+00  0.00000000e+00  0.00000000e+00]
  [ 1.10298698e+00  0.00000000e+00  5.00000000e+00]
  [ 1.00335513e+00  0.00000000e+00  6.70000000e+01]]][0 0 0 ... 1 1 1]
Done.
Training group 8, split 1
	Early stopping at epoch 49
	Y Train Labels:(array([0., 1.], dtype=float32), array([160, 142]))
	Y Val Labels:(array([1.], dtype=float32), array([299]))
Training group 8, split 2
	Early stopping at epoch 52
	Y Train Labels:(array([0., 1.], dtype=float32), array([160, 441]))
	Y Val Labels:(array([1.], dtype=float32), array([299]))
Training group 8, split 3
	Early stopping at epoch 13
	Y Train Labels:(array([0., 1.], dtype=float32), array([160, 740]))
	Y Val Labels:(array([1.], dtype=float32), array([299]))
	Creating sequence for 'blocknet'... [[[ 2.17298378e-02  0.00000000e+00  3.00000000e+00]
  [ 2.10934672e-02  0.00000000e+00 -1.90000000e+01]
  [ 2.11494025e-02  0.00000000e+00 -4.00000000e+00]
  ...
  [ 1.26935439e-02  0.00000000e+00  9.00000000e+00]
  [ 1.27810840e-02  0.00000000e+00 -4.00000000e+00]
  [ 1.26644678e-02  0.00000000e+00 -5.00000000e+00]]

 [[ 2.10341898e-02  0.00000000e+00 -7.00000000e+00]
  [ 2.17298378e-02  0.00000000e+00  3.00000000e+00]
  [ 2.10934672e-02  0.00000000e+00 -1.90000000e+01]
  ...
  [ 1.26247963e-02  0.00000000e+00  5.00000000e+00]
  [ 1.26935439e-02  0.00000000e+00  9.00000000e+00]
  [ 1.27810840e-02  0.00000000e+00 -4.00000000e+00]]

 [[ 2.09293075e-02  0.00000000e+00 -1.20000000e+01]
  [ 2.10341898e-02  0.00000000e+00 -7.00000000e+00]
  [ 2.17298378e-02  0.00000000e+00  3.00000000e+00]
  ...
  [ 1.25937787e-02  0.00000000e+00 -3.00000000e+00]
  [ 1.26247963e-02  0.00000000e+00  5.00000000e+00]
  [ 1.26935439e-02  0.00000000e+00  9.00000000e+00]]

 ...

 [[ 1.92652000e+01  7.00000000e+00  9.20000000e+01]
  [ 1.77869000e+01  7.00000000e+00  4.00000000e+01]
  [ 1.57241000e+01  4.80000000e+01  1.70000000e+01]
  ...
  [ 2.25319000e+01  3.20000000e+01  6.80000000e+01]
  [ 2.48671000e+01  1.00000000e+00  2.10000000e+01]
  [ 2.55089000e+01  7.00000000e+00  5.30000000e+01]]

 [[ 2.09253000e+01  3.20000000e+01  5.50000000e+01]
  [ 1.92652000e+01  7.00000000e+00  9.20000000e+01]
  [ 1.77869000e+01  7.00000000e+00  4.00000000e+01]
  ...
  [ 2.29587000e+01  1.10000000e+01  3.70000000e+01]
  [ 2.25319000e+01  3.20000000e+01  6.80000000e+01]
  [ 2.48671000e+01  1.00000000e+00  2.10000000e+01]]

 [[ 1.73353000e+01  1.00000000e+01  1.56000000e+02]
  [ 2.09253000e+01  3.20000000e+01  5.50000000e+01]
  [ 1.92652000e+01  7.00000000e+00  9.20000000e+01]
  ...
  [ 1.93208000e+01  1.30000000e+01  5.90000000e+01]
  [ 2.29587000e+01  1.10000000e+01  3.70000000e+01]
  [ 2.25319000e+01  3.20000000e+01  6.80000000e+01]]][1 1 1 ... 1 1 1]
Done.
Training group 9, split 1
	Early stopping at epoch 22
	Y Train Labels:(array([1.], dtype=float32), array([562]))
	Y Val Labels:(array([1.], dtype=float32), array([561]))
Training group 9, split 2
	Early stopping at epoch 13
	Y Train Labels:(array([1.], dtype=float32), array([1123]))
	Y Val Labels:(array([1.], dtype=float32), array([561]))
Training group 9, split 3
	Early stopping at epoch 24
	Y Train Labels:(array([1.], dtype=float32), array([1684]))
	Y Val Labels:(array([1.], dtype=float32), array([561]))
	Creating sequence for 'biswap'... [[[ 5.99314908e-02  0.00000000e+00  9.07000000e+02]
  [ 5.96487385e-02  0.00000000e+00  1.26300000e+03]
  [ 6.20247300e-02  0.00000000e+00  2.62000000e+02]
  ...
  [ 7.29736731e-02  0.00000000e+00  3.14000000e+02]
  [ 7.30569631e-02  0.00000000e+00  3.06000000e+02]
  [ 7.22201090e-02  0.00000000e+00  1.63000000e+02]]

 [[ 6.21379625e-02  0.00000000e+00 -4.04000000e+02]
  [ 5.99314908e-02  0.00000000e+00  9.07000000e+02]
  [ 5.96487385e-02  0.00000000e+00  1.26300000e+03]
  ...
  [ 7.04619669e-02  0.00000000e+00 -1.30000000e+02]
  [ 7.29736731e-02  0.00000000e+00  3.14000000e+02]
  [ 7.30569631e-02  0.00000000e+00  3.06000000e+02]]

 [[ 6.35952065e-02  0.00000000e+00 -1.46400000e+03]
  [ 6.21379625e-02  0.00000000e+00 -4.04000000e+02]
  [ 5.99314908e-02  0.00000000e+00  9.07000000e+02]
  ...
  [ 6.99504947e-02  0.00000000e+00 -1.00000000e+02]
  [ 7.04619669e-02  0.00000000e+00 -1.30000000e+02]
  [ 7.29736731e-02  0.00000000e+00  3.14000000e+02]]

 ...

 [[ 1.07069852e+00  0.00000000e+00  8.68000000e+02]
  [ 1.17172336e+00  0.00000000e+00  8.31000000e+02]
  [ 1.14136031e+00  0.00000000e+00  3.26000000e+02]
  ...
  [ 6.97262172e-01  0.00000000e+00 -7.09000000e+02]
  [ 6.92306632e-01  0.00000000e+00  6.91000000e+02]
  [ 6.61115495e-01  2.00000000e+00  4.88000000e+02]]

 [[ 1.16126714e+00  0.00000000e+00  2.34000000e+02]
  [ 1.07069852e+00  0.00000000e+00  8.68000000e+02]
  [ 1.17172336e+00  0.00000000e+00  8.31000000e+02]
  ...
  [ 6.93423956e-01  2.00000000e+00  6.23000000e+02]
  [ 6.97262172e-01  0.00000000e+00 -7.09000000e+02]
  [ 6.92306632e-01  0.00000000e+00  6.91000000e+02]]

 [[ 1.14343018e+00  0.00000000e+00  5.31000000e+02]
  [ 1.16126714e+00  0.00000000e+00  2.34000000e+02]
  [ 1.07069852e+00  0.00000000e+00  8.68000000e+02]
  ...
  [ 7.48377594e-01  0.00000000e+00 -1.50000000e+01]
  [ 6.93423956e-01  2.00000000e+00  6.23000000e+02]
  [ 6.97262172e-01  0.00000000e+00 -7.09000000e+02]]][0 0 0 0 0 0 0 0 0 0 0 0 0 0 0 0 0 0 0 0 0 0 0 0 0 0 0 0 0 0 0 0 0 0 0 0 0
 0 0 0 0 0 0 0 0 0 0 0 0 0 0 0 0 0 0 0 0 0 0 0 0 0 0 0 0 0 0 0 0 0 0 0 0 0
 0 0 0 0 0 0 0 0 0 0 0 0 0 0 0 0 0 0 0 0 0 0 0 0 0 0 0 0 0 0 0 0 0 0 0 0 0
 0 0 0 0 0 0 0 0 0 0 0 0 0 0 0 0 0 0 0 0 0 0 0 0 0 0 0 0 0 0 0 0 0 0 0 0 0
 0 0 0 0 0 0 0 0 0 0 0 0 0 0 0 0 0 0 0 0 0 0 0 0 0 0 0 0 0 0 0 0 0 0 0 0 0
 0 0 0 0 0 0 0 0 0 0 0 0 0 0 0 0 0 0 0 0 0 0 0 0 0 0 0 0 0 0 0 0 0 0 0 0 0
 0 0 0 0 0 0 0 0 0 0 0 0 0 0 0 0 0 0 0 0 0 0 0 0 0 0 0 0 0 0 0 0 0 0 0 0 0
 0 0 0 0 0 0 0 0 0 0 0 0 0 0 0 0 0 0 0 0 0 0 0 0 0 0 0 0 0 0 0 0 0 0 0 0 0
 0 0 0 0 0 0 0 0 0 0 0 0 0 0 0 0 0 0 0 0 0 0 0 0 0 0 0 0 0 0 0 0 0 0 0 0 0
 0 0 0 0 0 0 0 0 0 0 0 0 0 0 0 0 0 0 0 0 0 0 0 0 0 0 0 0 0 0 0 0 0 0 0 0 0
 0 0 0 0 0 0 0 0 0 0 0 0 0 0 0 0 0 0 0 0 0 0 0 0 0 0 0 0 0 0 0 0 0 0 0 0 1
 1 1 1 1 1 1 1 1 1 1 1 1 1 1 1 1 1 1 1 1 1 1 1 1 1 1 1 1 1 1 1 1 1 1 1 1 1
 1 1 1 1 1 1 1 1 1 1 1 1 1 1 1 1 1 1 1 1 1 1 1 1 1 1 1 1 1 1 1 1 1 1 1 1 1
 1 1 1 1 1 1 1 1 1 1 1 1 1 1 1 1 1 1 1 1 1 1 1 1 1 1 1 1 1 1 1 1 1 1 1 1 1
 1 1 1 1 1 1 1 1 1 1 1 1 1 1 1 1 1 1 1 1 1 1 1 1 1 1 1 1 1 1 1 1 1 1 1 1 1
 1 1 1 1 1 1 1 1 1 1 1 1 1 1 1 1 1 1 1 1 1 1 1 1 1 1 1 1 1 1 1 1 1 1 1 1 1
 1 1 1 1 1 1 1 1 1 1 1 1 1 1 1 1 1 1 1 1 1 1 1 1 1 1 1 1 1 1 1 1 1 1 1 1 1
 1 1 1 1 1 1 1 1 1 1 1 1 1 1 1 1 1 1 1 1 1 1 1 1 1 1 1 1 1 1 1 1 1 1 1 1 1
 1 1 1 1 1 1 1 1 1 1 1 1 1 1 1 1 1 1 1 1 1 1 1 1 1 1 1 1 1 1 1 1 1 1 1 1 1
 1 1 1 1 1 1 1 1 1 1 1 1 1 1 1 1 1 1 1 1 1 1 1 1 1 1 1 1 1 1 1 1 1 1 1 1 1
 1 1 1 1 1 1 1 1 1 1 1 1 1 1 1 1 1 1 1 1 1 1 1 1 1 1 1 1 1 1 1 1 1 1 1 1 1
 1 1 1 1 1 1 1 1 1 1 1 1 1 1 1 1 1 1 1 1 1 1 1 1 1 1 1 1 1 1 1 1 1 1 1 1 1
 1 1 1 1 1 1 1 1 1 1 1 1 1 1 1 1 1 1 1 1 1 1 1 1 1 1 1 1 1 1 1 1 1 1 1 1 1
 1 1 1 1 1 1 1 1 1 1 1 1 1 1 1 1 1 1 1 1 1 1 1 1 1 1 1 1 1 1 1 1 1 1 1 1 1
 1 1 1 1 1 1 1 1 1 1 1 1 1 1 1 1 1 1 1 1 1 1 1 1 1 1 1 1 1 1 1 1 1 1 1 1 1
 1 1 1 1 1 1 1 1 1 1 1 1 1 1 1 1 1 1 1 1 1 1]
Done.
Training group 10, split 1
	Early stopping at epoch 13
	Y Train Labels:(array([0.], dtype=float32), array([239]))
	Y Val Labels:(array([0., 1.], dtype=float32), array([167,  69]))
Training group 10, split 2
	Early stopping at epoch 13
	Y Train Labels:(array([0., 1.], dtype=float32), array([406,  69]))
	Y Val Labels:(array([1.], dtype=float32), array([236]))
Training group 10, split 3
	Early stopping at epoch 13
	Y Train Labels:(array([0., 1.], dtype=float32), array([406, 305]))
	Y Val Labels:(array([1.], dtype=float32), array([236]))
	Creating sequence for 'coinpoker'... [[[ 7.50704753e-02  0.00000000e+00  1.56000000e+02]
  [ 7.28549624e-02  0.00000000e+00  1.60000000e+01]
  [ 7.08433895e-02  0.00000000e+00  1.66000000e+02]
  ...
  [ 5.62664879e-02  0.00000000e+00  1.70000000e+01]
  [ 5.64194517e-02  0.00000000e+00  2.40000000e+01]
  [ 5.56390060e-02  0.00000000e+00  2.00000000e+00]]

 [[ 7.61779675e-02  0.00000000e+00  4.00000000e+01]
  [ 7.50704753e-02  0.00000000e+00  1.56000000e+02]
  [ 7.28549624e-02  0.00000000e+00  1.60000000e+01]
  ...
  [ 5.56477045e-02  0.00000000e+00 -1.80000000e+01]
  [ 5.62664879e-02  0.00000000e+00  1.70000000e+01]
  [ 5.64194517e-02  0.00000000e+00  2.40000000e+01]]

 [[ 7.76696481e-02  0.00000000e+00 -8.30000000e+01]
  [ 7.61779675e-02  0.00000000e+00  4.00000000e+01]
  [ 7.50704753e-02  0.00000000e+00  1.56000000e+02]
  ...
  [ 5.56588095e-02  0.00000000e+00  4.70000000e+01]
  [ 5.56477045e-02  0.00000000e+00 -1.80000000e+01]
  [ 5.62664879e-02  0.00000000e+00  1.70000000e+01]]

 ...

 [[ 1.11085000e-01  0.00000000e+00 -8.50000000e+01]
  [ 1.02358000e-01  0.00000000e+00 -3.80000000e+01]
  [ 9.16918000e-02  0.00000000e+00  1.30000000e+01]
  ...
  [ 7.92597000e-02  0.00000000e+00 -2.00000000e+00]
  [ 6.97206000e-02  0.00000000e+00  2.10000000e+01]
  [ 8.10390000e-02  0.00000000e+00  1.00000000e+01]]

 [[ 1.01007000e-01  0.00000000e+00 -4.00000000e+00]
  [ 1.11085000e-01  0.00000000e+00 -8.50000000e+01]
  [ 1.02358000e-01  0.00000000e+00 -3.80000000e+01]
  ...
  [ 7.78204000e-02  0.00000000e+00  0.00000000e+00]
  [ 7.92597000e-02  0.00000000e+00 -2.00000000e+00]
  [ 6.97206000e-02  0.00000000e+00  2.10000000e+01]]

 [[ 9.94648000e-02  0.00000000e+00 -4.00000000e+00]
  [ 1.01007000e-01  0.00000000e+00 -4.00000000e+00]
  [ 1.11085000e-01  0.00000000e+00 -8.50000000e+01]
  ...
  [ 8.67625000e-02  0.00000000e+00  7.00000000e+00]
  [ 7.78204000e-02  0.00000000e+00  0.00000000e+00]
  [ 7.92597000e-02  0.00000000e+00 -2.00000000e+00]]][1 1 1 ... 1 1 1]
Done.
Training group 11, split 1
	Early stopping at epoch 13
	Y Train Labels:(array([1.], dtype=float32), array([567]))
	Y Val Labels:(array([1.], dtype=float32), array([567]))
Training group 11, split 2
	Early stopping at epoch 13
	Y Train Labels:(array([1.], dtype=float32), array([1134]))
	Y Val Labels:(array([1.], dtype=float32), array([567]))
Training group 11, split 3
