


--------------------------------------------------
Starting lstm.py at '2024-10-16 13:15:04.284999'.
Reading './isDaoActiveData(4).json'... Done.
Total training Data: 379
DAOs trained so far:58
Size of training set: 207
Size of test set: 114
Preparing data for training...
Preparing data for testing...
Parameters:
	Num epochs: 60
	Initial learning rate: 0.001
	Patience: 12
	Window size: 60
	Timeseries splits: 3
	Minimum number of timeseries datapoints: 64
Gradient boosting params: 
	{"max_depth": 3, "learning_rate": 0.05, "n_estimators": 100, "objective": "binary:logistic", "eval_metric": "logloss"}
	Creating sequence for 'biconomy'... Training group 0, split 1
	Y Train Labels:(array([1.], dtype=float32), array([238]))
	Y Val Labels:(array([1.], dtype=float32), array([237]))
Training group 0, split 2
	Y Train Labels:(array([1.], dtype=float32), array([475]))
	Y Val Labels:(array([1.], dtype=float32), array([237]))
Training group 0, split 3
	Y Train Labels:(array([1.], dtype=float32), array([712]))
	Y Val Labels:(array([1.], dtype=float32), array([237]))
Done.
	Creating sequence for 'cumrocket'... Training group 1, split 1
	Y Train Labels:(array([1.], dtype=float32), array([300]))
	Y Val Labels:(array([1.], dtype=float32), array([300]))
Training group 1, split 2
	Y Train Labels:(array([1.], dtype=float32), array([600]))
	Y Val Labels:(array([1.], dtype=float32), array([300]))
Training group 1, split 3
	Early stopping at epoch 13
	Y Train Labels:(array([1.], dtype=float32), array([900]))
	Y Val Labels:(array([0., 1.], dtype=float32), array([ 58, 242]))
Done.
	Creating sequence for 'beoble'... Training group 2, split 1
	Y Train Labels:(array([0.], dtype=float32), array([39]))
	Y Val Labels:(array([0.], dtype=float32), array([37]))
Training group 2, split 2
	Y Train Labels:(array([0.], dtype=float32), array([76]))
	Y Val Labels:(array([0.], dtype=float32), array([37]))
Training group 2, split 3
	Y Train Labels:(array([0.], dtype=float32), array([113]))
	Y Val Labels:(array([0.], dtype=float32), array([37]))
Done.
	Creating sequence for 'apm-coin'... Training group 3, split 1
	Y Train Labels:(array([0.], dtype=float32), array([388]))
	Y Val Labels:(array([0.], dtype=float32), array([387]))
Training group 3, split 2
	Y Train Labels:(array([0.], dtype=float32), array([775]))
	Y Val Labels:(array([0.], dtype=float32), array([387]))
Training group 3, split 3
	Y Train Labels:(array([0.], dtype=float32), array([1162]))
	Y Val Labels:(array([0.], dtype=float32), array([387]))
Done.
	Creating sequence for 'bottos'... Training group 4, split 1
	Y Train Labels:(array([1.], dtype=float32), array([137]))
	Y Val Labels:(array([1.], dtype=float32), array([135]))
Training group 4, split 2
	Y Train Labels:(array([1.], dtype=float32), array([272]))
	Y Val Labels:(array([1.], dtype=float32), array([135]))
Training group 4, split 3
	Y Train Labels:(array([1.], dtype=float32), array([407]))
	Y Val Labels:(array([1.], dtype=float32), array([135]))
Done.
	Creating sequence for 'aave-usdc'... Skipped.
	Creating sequence for 'bullperks'... Training group 5, split 1
	Early stopping at epoch 13
	Y Train Labels:(array([1.], dtype=float32), array([156]))
	Y Val Labels:(array([0., 1.], dtype=float32), array([128,  28]))
Training group 5, split 2
	Early stopping at epoch 55
	Y Train Labels:(array([0., 1.], dtype=float32), array([128, 184]))
	Y Val Labels:(array([0.], dtype=float32), array([156]))
Training group 5, split 3
	Early stopping at epoch 34
	Y Train Labels:(array([0., 1.], dtype=float32), array([284, 184]))
	Y Val Labels:(array([0.], dtype=float32), array([156]))
Done.
	Creating sequence for 'bittorrent'... Training group 6, split 1
	Y Train Labels:(array([1.], dtype=float32), array([488]))
	Y Val Labels:(array([1.], dtype=float32), array([485]))
Training group 6, split 2
	Y Train Labels:(array([1.], dtype=float32), array([973]))
	Y Val Labels:(array([1.], dtype=float32), array([485]))
Training group 6, split 3
	Y Train Labels:(array([1.], dtype=float32), array([1458]))
	Y Val Labels:(array([1.], dtype=float32), array([485]))
Done.
	Creating sequence for 'aurory'... Training group 7, split 1
	Y Train Labels:(array([1.], dtype=float32), array([232]))
	Y Val Labels:(array([1.], dtype=float32), array([230]))
Training group 7, split 2
	Early stopping at epoch 13
	Y Train Labels:(array([1.], dtype=float32), array([462]))
	Y Val Labels:(array([0., 1.], dtype=float32), array([215,  15]))
Training group 7, split 3
	Early stopping at epoch 48
	Y Train Labels:(array([0., 1.], dtype=float32), array([215, 477]))
	Y Val Labels:(array([0.], dtype=float32), array([230]))
Done.
	Creating sequence for 'acala'... Training group 8, split 1
	Y Train Labels:(array([1.], dtype=float32), array([220]))
	Y Val Labels:(array([1.], dtype=float32), array([220]))
Training group 8, split 2
	Y Train Labels:(array([1.], dtype=float32), array([440]))
	Y Val Labels:(array([1.], dtype=float32), array([220]))
Training group 8, split 3
	Y Train Labels:(array([1.], dtype=float32), array([660]))
	Y Val Labels:(array([1.], dtype=float32), array([220]))
Done.
	Creating sequence for 'banano'... Training group 9, split 1
	Y Train Labels:(array([1.], dtype=float32), array([414]))
	Y Val Labels:(array([1.], dtype=float32), array([411]))
Training group 9, split 2
	Y Train Labels:(array([1.], dtype=float32), array([825]))
	Y Val Labels:(array([1.], dtype=float32), array([411]))
Training group 9, split 3
