


--------------------------------------------------
Starting lstm.py at '2024-10-25 17:12:20.737460'.
Reading './balancedDataset.json'... Done.
Total training Data: 1030
DAOs trained so far:363
Size of training set: 358
Size of test set: 309
Preparing data for training...
Preparing data for testing...
Parameters:
	Num epochs: 60
	Initial learning rate: 0.001
	Patience: 12
	Window size: 60
	Timeseries splits: 3
	Minimum number of timeseries datapoints: 64
Gradient boosting params: 
	{"max_depth": 3, "learning_rate": 0.05, "n_estimators": 100, "objective": "binary:logistic", "eval_metric": "logloss"}
	Creating sequence for 'evedo'... Training group 0, split 1
	Early stopping at epoch 13
	Y Train Labels:(array([1.], dtype=float32), array([411]))
	Y Val Labels:(array([1.], dtype=float32), array([410]))
Training group 0, split 2
	Early stopping at epoch 13
	Y Train Labels:(array([1.], dtype=float32), array([821]))
	Y Val Labels:(array([0., 1.], dtype=float32), array([ 26, 384]))
Training group 0, split 3
	Early stopping at epoch 13
	Y Train Labels:(array([0., 1.], dtype=float32), array([  26, 1205]))
	Y Val Labels:(array([0.], dtype=float32), array([410]))
Done.
	Creating sequence for 'radiant'... Training group 1, split 1
	Early stopping at epoch 13
	Y Train Labels:(array([1.], dtype=float32), array([110]))
	Y Val Labels:(array([1.], dtype=float32), array([107]))
Training group 1, split 2
	Early stopping at epoch 13
	Y Train Labels:(array([1.], dtype=float32), array([217]))
	Y Val Labels:(array([1.], dtype=float32), array([107]))
Training group 1, split 3
	Early stopping at epoch 13
	Y Train Labels:(array([1.], dtype=float32), array([324]))
	Y Val Labels:(array([1.], dtype=float32), array([107]))
Done.
	Creating sequence for 'undeads-games'... Training group 2, split 1
	Early stopping at epoch 13
	Y Train Labels:(array([1.], dtype=float32), array([24]))
	Y Val Labels:(array([1.], dtype=float32), array([21]))
Training group 2, split 2
	Early stopping at epoch 13
	Y Train Labels:(array([1.], dtype=float32), array([45]))
	Y Val Labels:(array([1.], dtype=float32), array([21]))
Training group 2, split 3
	Early stopping at epoch 13
	Y Train Labels:(array([1.], dtype=float32), array([66]))
	Y Val Labels:(array([1.], dtype=float32), array([21]))
Done.
	Creating sequence for 'bone-shibaswap'... Training group 3, split 1
	Early stopping at epoch 13
	Y Train Labels:(array([1.], dtype=float32), array([253]))
	Y Val Labels:(array([1.], dtype=float32), array([253]))
Training group 3, split 2
	Early stopping at epoch 13
	Y Train Labels:(array([1.], dtype=float32), array([506]))
	Y Val Labels:(array([1.], dtype=float32), array([253]))
Training group 3, split 3
	Early stopping at epoch 13
	Y Train Labels:(array([1.], dtype=float32), array([759]))
	Y Val Labels:(array([1.], dtype=float32), array([253]))
Done.
	Creating sequence for 'izumi-finance'... Training group 4, split 1
	Early stopping at epoch 13
	Y Train Labels:(array([1.], dtype=float32), array([115]))
	Y Val Labels:(array([0.], dtype=float32), array([114]))
Training group 4, split 2
	Early stopping at epoch 13
	Y Train Labels:(array([0., 1.], dtype=float32), array([114, 115]))
	Y Val Labels:(array([0.], dtype=float32), array([114]))
Training group 4, split 3
	Early stopping at epoch 13
	Y Train Labels:(array([0., 1.], dtype=float32), array([228, 115]))
	Y Val Labels:(array([0.], dtype=float32), array([114]))
Done.
	Creating sequence for 'barnbridge'... Training group 5, split 1
	Early stopping at epoch 13
	Y Train Labels:(array([1.], dtype=float32), array([313]))
	Y Val Labels:(array([0., 1.], dtype=float32), array([130, 182]))
Training group 5, split 2
