


--------------------------------------------------
Starting lstm.py at '2024-10-25 16:45:56.060816'.
Reading './balancedDataset.json'... Done.
Total training Data: 1030
DAOs trained so far:178
Size of training set: 543
Size of test set: 309
Preparing data for training...
Preparing data for testing...
Parameters:
	Num epochs: 60
	Initial learning rate: 0.001
	Patience: 12
	Window size: 60
	Timeseries splits: 3
	Minimum number of timeseries datapoints: 64
Gradient boosting params: 
	{"max_depth": 3, "learning_rate": 0.05, "n_estimators": 100, "objective": "binary:logistic", "eval_metric": "logloss"}
	Creating sequence for 'frax-share'... Training group 0, split 1
	Early stopping at epoch 13
	Y Train Labels:(array([1.], dtype=float32), array([315]))
	Y Val Labels:(array([1.], dtype=float32), array([315]))
Training group 0, split 2
	Early stopping at epoch 13
	Y Train Labels:(array([1.], dtype=float32), array([630]))
	Y Val Labels:(array([1.], dtype=float32), array([315]))
Training group 0, split 3
	Early stopping at epoch 13
	Y Train Labels:(array([1.], dtype=float32), array([945]))
	Y Val Labels:(array([1.], dtype=float32), array([315]))
Done.
	Creating sequence for 'acknoledger'... Training group 1, split 1
	Early stopping at epoch 13
	Y Train Labels:(array([0., 1.], dtype=float32), array([210,  41]))
	Y Val Labels:(array([0.], dtype=float32), array([248]))
Training group 1, split 2
	Early stopping at epoch 13
	Y Train Labels:(array([0., 1.], dtype=float32), array([458,  41]))
	Y Val Labels:(array([0.], dtype=float32), array([248]))
Training group 1, split 3
	Early stopping at epoch 13
	Y Train Labels:(array([0., 1.], dtype=float32), array([706,  41]))
	Y Val Labels:(array([0.], dtype=float32), array([248]))
Done.
	Creating sequence for 'blocknet'... Training group 2, split 1
	Early stopping at epoch 13
	Y Train Labels:(array([1.], dtype=float32), array([562]))
	Y Val Labels:(array([1.], dtype=float32), array([561]))
Training group 2, split 2
	Early stopping at epoch 13
	Y Train Labels:(array([1.], dtype=float32), array([1123]))
	Y Val Labels:(array([1.], dtype=float32), array([561]))
Training group 2, split 3
	Early stopping at epoch 13
	Y Train Labels:(array([1.], dtype=float32), array([1684]))
	Y Val Labels:(array([1.], dtype=float32), array([561]))
Done.
	Creating sequence for 'float-protocol'... Training group 3, split 1
	Early stopping at epoch 13
	Y Train Labels:(array([0., 1.], dtype=float32), array([ 68, 229]))
	Y Val Labels:(array([0.], dtype=float32), array([297]))
Training group 3, split 2
