


--------------------------------------------------
Starting lstm.py at '2024-10-27 01:23:45.790590'.
Reading '../classifiedDAOs.json'... Done.
Total training Data: 1578
DAOs trained so far:987
Size of training set: 117
Size of test set: 474
Preparing data for training...
Preparing data for testing...
Parameters:
	Num epochs: 60
	Initial learning rate: 0.001
	Patience: 12
	Window size: 60
	Timeseries splits: 3
	Minimum number of timeseries datapoints: 64
Gradient boosting params: 
	{"max_depth": 3, "learning_rate": 0.05, "n_estimators": 100, "objective": "binary:logistic", "eval_metric": "logloss"}
	Creating sequence for 'monavale'... Training group 0, split 1
	Y Train Labels:(array([1.], dtype=float32), array([317]))
	Y Val Labels:(array([1.], dtype=float32), array([317]))
Training group 0, split 2
	Early stopping at epoch 38
	Y Train Labels:(array([1.], dtype=float32), array([634]))
	Y Val Labels:(array([1.], dtype=float32), array([317]))
Training group 0, split 3
	Early stopping at epoch 13
	Y Train Labels:(array([1.], dtype=float32), array([951]))
	Y Val Labels:(array([0., 1.], dtype=float32), array([226,  91]))
Done.
	Creating sequence for 'mmocoin'... Training group 1, split 1
	Y Train Labels:(array([0.], dtype=float32), array([417]))
	Y Val Labels:(array([0.], dtype=float32), array([417]))
Training group 1, split 2
	Y Train Labels:(array([0.], dtype=float32), array([834]))
	Y Val Labels:(array([0.], dtype=float32), array([417]))
Training group 1, split 3
	Y Train Labels:(array([0.], dtype=float32), array([1251]))
	Y Val Labels:(array([0.], dtype=float32), array([417]))
Done.
	Creating sequence for 'karrat'... Training group 2, split 1
	Y Train Labels:(array([0.], dtype=float32), array([24]))
	Y Val Labels:(array([0.], dtype=float32), array([24]))
Training group 2, split 2
	Y Train Labels:(array([0.], dtype=float32), array([48]))
	Y Val Labels:(array([0.], dtype=float32), array([24]))
Training group 2, split 3
	Y Train Labels:(array([0.], dtype=float32), array([72]))
	Y Val Labels:(array([0.], dtype=float32), array([24]))
Done.
	Creating sequence for 'solanium'... Training group 3, split 1
	Early stopping at epoch 13
	Y Train Labels:(array([0., 1.], dtype=float32), array([ 99, 157]))
	Y Val Labels:(array([0.], dtype=float32), array([256]))
Training group 3, split 2
	Early stopping at epoch 13
	Y Train Labels:(array([0., 1.], dtype=float32), array([355, 157]))
	Y Val Labels:(array([0.], dtype=float32), array([256]))
Training group 3, split 3
	Early stopping at epoch 31
	Y Train Labels:(array([0., 1.], dtype=float32), array([611, 157]))
	Y Val Labels:(array([0.], dtype=float32), array([256]))
Done.
	Creating sequence for 'bridge-mutual'... Training group 4, split 1
	Early stopping at epoch 45
	Y Train Labels:(array([1.], dtype=float32), array([227]))
	Y Val Labels:(array([0., 1.], dtype=float32), array([ 22, 204]))
Training group 4, split 2
	Early stopping at epoch 13
	Y Train Labels:(array([0., 1.], dtype=float32), array([ 22, 431]))
	Y Val Labels:(array([0.], dtype=float32), array([226]))
Training group 4, split 3
	Early stopping at epoch 31
	Y Train Labels:(array([0., 1.], dtype=float32), array([248, 431]))
	Y Val Labels:(array([0.], dtype=float32), array([226]))
Done.
	Creating sequence for 'polyhedra-network'... Training group 5, split 1
	Y Train Labels:(array([0.], dtype=float32), array([34]))
	Y Val Labels:(array([0.], dtype=float32), array([32]))
Training group 5, split 2
	Y Train Labels:(array([0.], dtype=float32), array([66]))
	Y Val Labels:(array([0.], dtype=float32), array([32]))
Training group 5, split 3
	Y Train Labels:(array([0.], dtype=float32), array([98]))
	Y Val Labels:(array([0.], dtype=float32), array([32]))
Done.
	Creating sequence for 'stakeborg-dao'... Training group 6, split 1
	Early stopping at epoch 38
	Y Train Labels:(array([1.], dtype=float32), array([68]))
	Y Val Labels:(array([0., 1.], dtype=float32), array([48, 18]))
Training group 6, split 2
	Y Train Labels:(array([0., 1.], dtype=float32), array([48, 86]))
	Y Val Labels:(array([0.], dtype=float32), array([66]))
Training group 6, split 3
	Early stopping at epoch 59
	Y Train Labels:(array([0., 1.], dtype=float32), array([114,  86]))
	Y Val Labels:(array([0.], dtype=float32), array([66]))
Done.
	Creating sequence for 'pups-ordinals'... Training group 7, split 1
	Early stopping at epoch 36
	Y Train Labels:(array([0., 1.], dtype=float32), array([26,  2]))
	Y Val Labels:(array([0.], dtype=float32), array([27]))
Training group 7, split 2
	Early stopping at epoch 13
	Y Train Labels:(array([0., 1.], dtype=float32), array([53,  2]))
	Y Val Labels:(array([0.], dtype=float32), array([27]))
Training group 7, split 3
	Y Train Labels:(array([0., 1.], dtype=float32), array([80,  2]))
	Y Val Labels:(array([0.], dtype=float32), array([27]))
Done.
	Creating sequence for 'particl'... Training group 8, split 1
