


--------------------------------------------------
Starting lstm.py at '2024-10-23 21:05:06.199336'.
Reading '../classifiedDAOs.json'... Done.
Total training Data: 1578
DAOs trained so far:1020
Size of training set: 84
Size of test set: 474
Preparing data for training...
Preparing data for testing...
Parameters:
	Num epochs: 60
	Initial learning rate: 0.001
	Patience: 12
	Window size: 60
	Timeseries splits: 3
	Minimum number of timeseries datapoints: 64
Gradient boosting params: 
	{"max_depth": 3, "learning_rate": 0.05, "n_estimators": 100, "objective": "binary:logistic", "eval_metric": "logloss"}
	Creating sequence for 'deapcoin'... Training group 0, split 1
	Y Train Labels:(array([1.], dtype=float32), array([368]))
	Y Val Labels:(array([1.], dtype=float32), array([366]))
Training group 0, split 2
	Early stopping at epoch 52
	Y Train Labels:(array([1.], dtype=float32), array([734]))
	Y Val Labels:(array([1.], dtype=float32), array([366]))
Training group 0, split 3
	Early stopping at epoch 16
	Y Train Labels:(array([1.], dtype=float32), array([1100]))
	Y Val Labels:(array([0., 1.], dtype=float32), array([140, 226]))
Done.
	Creating sequence for 'rubic'... Training group 1, split 1
	Y Train Labels:(array([1.], dtype=float32), array([244]))
	Y Val Labels:(array([1.], dtype=float32), array([243]))
Training group 1, split 2
	Y Train Labels:(array([1.], dtype=float32), array([487]))
	Y Val Labels:(array([1.], dtype=float32), array([243]))
Training group 1, split 3
	Y Train Labels:(array([1.], dtype=float32), array([730]))
	Y Val Labels:(array([1.], dtype=float32), array([243]))
Done.
	Creating sequence for 'rainicorn'... Training group 2, split 1
	Early stopping at epoch 45
	Y Train Labels:(array([1.], dtype=float32), array([273]))
	Y Val Labels:(array([1.], dtype=float32), array([271]))
Training group 2, split 2
	Y Train Labels:(array([1.], dtype=float32), array([544]))
	Y Val Labels:(array([1.], dtype=float32), array([271]))
Training group 2, split 3
	Y Train Labels:(array([1.], dtype=float32), array([815]))
	Y Val Labels:(array([1.], dtype=float32), array([271]))
Done.
	Creating sequence for 'skrumble-network'... Training group 3, split 1
	Y Train Labels:(array([0.], dtype=float32), array([20]))
	Y Val Labels:(array([0.], dtype=float32), array([17]))
Training group 3, split 2
	Y Train Labels:(array([0.], dtype=float32), array([37]))
	Y Val Labels:(array([0.], dtype=float32), array([17]))
Training group 3, split 3
	Y Train Labels:(array([0.], dtype=float32), array([54]))
	Y Val Labels:(array([0.], dtype=float32), array([17]))
Done.
	Creating sequence for 'pip'... Training group 4, split 1
	Y Train Labels:(array([1.], dtype=float32), array([131]))
	Y Val Labels:(array([1.], dtype=float32), array([128]))
Training group 4, split 2
	Y Train Labels:(array([1.], dtype=float32), array([259]))
	Y Val Labels:(array([1.], dtype=float32), array([128]))
Training group 4, split 3
	Y Train Labels:(array([1.], dtype=float32), array([387]))
	Y Val Labels:(array([1.], dtype=float32), array([128]))
Done.
	Creating sequence for 'cargox'... Training group 5, split 1
	Y Train Labels:(array([1.], dtype=float32), array([552]))
	Y Val Labels:(array([1.], dtype=float32), array([549]))
Training group 5, split 2
	Y Train Labels:(array([1.], dtype=float32), array([1101]))
	Y Val Labels:(array([1.], dtype=float32), array([549]))
Training group 5, split 3
	Y Train Labels:(array([1.], dtype=float32), array([1650]))
	Y Val Labels:(array([1.], dtype=float32), array([549]))
Done.
	Creating sequence for 'rollbit-coin'... Training group 6, split 1
	Y Train Labels:(array([1.], dtype=float32), array([85]))
	Y Val Labels:(array([1.], dtype=float32), array([85]))
Training group 6, split 2
	Y Train Labels:(array([1.], dtype=float32), array([170]))
	Y Val Labels:(array([1.], dtype=float32), array([85]))
Training group 6, split 3
	Y Train Labels:(array([1.], dtype=float32), array([255]))
	Y Val Labels:(array([1.], dtype=float32), array([85]))
Done.
	Creating sequence for 'affyn'... Training group 7, split 1
	Y Train Labels:(array([0.], dtype=float32), array([228]))
	Y Val Labels:(array([0.], dtype=float32), array([227]))
Training group 7, split 2
	Y Train Labels:(array([0.], dtype=float32), array([455]))
	Y Val Labels:(array([0.], dtype=float32), array([227]))
Training group 7, split 3
	Y Train Labels:(array([0.], dtype=float32), array([682]))
	Y Val Labels:(array([0.], dtype=float32), array([227]))
Done.
	Creating sequence for 'eigenpie-msteth'... Training group 8, split 1
	Y Train Labels:(array([1.], dtype=float32), array([24]))
	Y Val Labels:(array([1.], dtype=float32), array([24]))
Training group 8, split 2
	Y Train Labels:(array([1.], dtype=float32), array([48]))
	Y Val Labels:(array([1.], dtype=float32), array([24]))
Training group 8, split 3
	Early stopping at epoch 26
	Y Train Labels:(array([1.], dtype=float32), array([72]))
	Y Val Labels:(array([1.], dtype=float32), array([24]))
Done.
	Creating sequence for 'mcoin1'... Training group 9, split 1
	Y Train Labels:(array([1.], dtype=float32), array([148]))
	Y Val Labels:(array([1.], dtype=float32), array([145]))
Training group 9, split 2
	Y Train Labels:(array([1.], dtype=float32), array([293]))
	Y Val Labels:(array([1.], dtype=float32), array([145]))
Training group 9, split 3
	Early stopping at epoch 13
	Y Train Labels:(array([1.], dtype=float32), array([438]))
	Y Val Labels:(array([0., 1.], dtype=float32), array([109,  36]))
Done.
	Creating sequence for 'olive'... Training group 10, split 1
	Y Train Labels:(array([1.], dtype=float32), array([26]))
	Y Val Labels:(array([1.], dtype=float32), array([23]))
Training group 10, split 2
	Y Train Labels:(array([1.], dtype=float32), array([49]))
	Y Val Labels:(array([1.], dtype=float32), array([23]))
Training group 10, split 3
	Y Train Labels:(array([1.], dtype=float32), array([72]))
	Y Val Labels:(array([1.], dtype=float32), array([23]))
Done.
	Creating sequence for 'ultima'... Training group 11, split 1
	Early stopping at epoch 37
	Y Train Labels:(array([1.], dtype=float32), array([71]))
	Y Val Labels:(array([1.], dtype=float32), array([68]))
Training group 11, split 2
	Early stopping at epoch 24
	Y Train Labels:(array([1.], dtype=float32), array([139]))
	Y Val Labels:(array([1.], dtype=float32), array([68]))
Training group 11, split 3
	Early stopping at epoch 25
	Y Train Labels:(array([1.], dtype=float32), array([207]))
	Y Val Labels:(array([1.], dtype=float32), array([68]))
Done.
	Creating sequence for 'energy-web-token'... Training group 12, split 1
	Y Train Labels:(array([1.], dtype=float32), array([350]))
	Y Val Labels:(array([1.], dtype=float32), array([349]))
Training group 12, split 2
	Y Train Labels:(array([1.], dtype=float32), array([699]))
	Y Val Labels:(array([1.], dtype=float32), array([349]))
Training group 12, split 3
