


--------------------------------------------------
Starting lstm.py at '2024-10-25 17:21:13.353390'.
Reading './balancedDataset.json'... Done.
Total training Data: 1030
DAOs trained so far:422
Size of training set: 299
Size of test set: 309
Preparing data for training...
Preparing data for testing...
Parameters:
	Num epochs: 60
	Initial learning rate: 0.001
	Patience: 12
	Window size: 60
	Timeseries splits: 3
	Minimum number of timeseries datapoints: 64
Gradient boosting params: 
	{"max_depth": 3, "learning_rate": 0.05, "n_estimators": 100, "objective": "binary:logistic", "eval_metric": "logloss"}
	Creating sequence for 'aragon'... Training group 0, split 1
	Early stopping at epoch 13
	Y Train Labels:(array([1.], dtype=float32), array([586]))
	Y Val Labels:(array([1.], dtype=float32), array([586]))
Training group 0, split 2
	Early stopping at epoch 13
	Y Train Labels:(array([1.], dtype=float32), array([1172]))
	Y Val Labels:(array([1.], dtype=float32), array([586]))
Training group 0, split 3
	Early stopping at epoch 13
	Y Train Labels:(array([1.], dtype=float32), array([1758]))
	Y Val Labels:(array([1.], dtype=float32), array([586]))
Done.
	Creating sequence for 'eminer'... Training group 1, split 1
	Early stopping at epoch 13
	Y Train Labels:(array([1.], dtype=float32), array([447]))
	Y Val Labels:(array([1.], dtype=float32), array([445]))
Training group 1, split 2
	Early stopping at epoch 13
	Y Train Labels:(array([1.], dtype=float32), array([892]))
	Y Val Labels:(array([0., 1.], dtype=float32), array([425,  20]))
Training group 1, split 3
	Early stopping at epoch 13
	Y Train Labels:(array([0., 1.], dtype=float32), array([425, 912]))
	Y Val Labels:(array([0.], dtype=float32), array([445]))
Done.
	Creating sequence for 'kimbo'... Training group 2, split 1
	Early stopping at epoch 13
	Y Train Labels:(array([1.], dtype=float32), array([56]))
	Y Val Labels:(array([1.], dtype=float32), array([53]))
Training group 2, split 2
	Early stopping at epoch 13
	Y Train Labels:(array([1.], dtype=float32), array([109]))
	Y Val Labels:(array([1.], dtype=float32), array([53]))
Training group 2, split 3
	Early stopping at epoch 13
	Y Train Labels:(array([1.], dtype=float32), array([162]))
	Y Val Labels:(array([1.], dtype=float32), array([53]))
Done.
	Creating sequence for 'decred'... Training group 3, split 1
	Early stopping at epoch 13
	Y Train Labels:(array([1.], dtype=float32), array([561]))
	Y Val Labels:(array([1.], dtype=float32), array([558]))
Training group 3, split 2
