


--------------------------------------------------
Starting lstm.py at '2024-10-25 17:20:38.239806'.
Reading './balancedDataset.json'... Done.
Total training Data: 1030
DAOs trained so far:420
Size of training set: 301
Size of test set: 309
Preparing data for training...
Preparing data for testing...
Parameters:
	Num epochs: 60
	Initial learning rate: 0.001
	Patience: 12
	Window size: 60
	Timeseries splits: 3
	Minimum number of timeseries datapoints: 64
Gradient boosting params: 
	{"max_depth": 3, "learning_rate": 0.05, "n_estimators": 100, "objective": "binary:logistic", "eval_metric": "logloss"}
	Creating sequence for 'dragonchain'... Training group 0, split 1
	Early stopping at epoch 13
	Y Train Labels:(array([1.], dtype=float32), array([579]))
	Y Val Labels:(array([1.], dtype=float32), array([578]))
Training group 0, split 2
	Early stopping at epoch 13
	Y Train Labels:(array([1.], dtype=float32), array([1157]))
	Y Val Labels:(array([0., 1.], dtype=float32), array([148, 430]))
Training group 0, split 3
	Early stopping at epoch 13
	Y Train Labels:(array([0., 1.], dtype=float32), array([ 148, 1587]))
	Y Val Labels:(array([0.], dtype=float32), array([578]))
Done.
	Creating sequence for 'arweave'... Training group 1, split 1
	Early stopping at epoch 13
	Y Train Labels:(array([1.], dtype=float32), array([367]))
	Y Val Labels:(array([1.], dtype=float32), array([366]))
Training group 1, split 2
	Early stopping at epoch 13
	Y Train Labels:(array([1.], dtype=float32), array([733]))
	Y Val Labels:(array([1.], dtype=float32), array([366]))
Training group 1, split 3
	Early stopping at epoch 13
	Y Train Labels:(array([1.], dtype=float32), array([1099]))
	Y Val Labels:(array([1.], dtype=float32), array([366]))
Done.
	Creating sequence for 'aragon'... Training group 2, split 1
	Early stopping at epoch 13
	Y Train Labels:(array([1.], dtype=float32), array([586]))
	Y Val Labels:(array([1.], dtype=float32), array([586]))
Training group 2, split 2
	Early stopping at epoch 13
	Y Train Labels:(array([1.], dtype=float32), array([1172]))
	Y Val Labels:(array([1.], dtype=float32), array([586]))
Training group 2, split 3
