


--------------------------------------------------
Starting lstm.py at '2024-10-25 17:37:16.753673'.
Reading './balancedDataset.json'... Done.
Total training Data: 1030
DAOs trained so far:531
Size of training set: 190
Size of test set: 309
Preparing data for training...
Preparing data for testing...
Parameters:
	Num epochs: 60
	Initial learning rate: 0.001
	Patience: 12
	Window size: 60
	Timeseries splits: 3
	Minimum number of timeseries datapoints: 64
Gradient boosting params: 
	{"max_depth": 3, "learning_rate": 0.05, "n_estimators": 100, "objective": "binary:logistic", "eval_metric": "logloss"}
	Creating sequence for 'bread'... Training group 0, split 1
	Early stopping at epoch 13
	Y Train Labels:(array([1.], dtype=float32), array([540]))
	Y Val Labels:(array([1.], dtype=float32), array([538]))
Training group 0, split 2
	Early stopping at epoch 13
	Y Train Labels:(array([1.], dtype=float32), array([1078]))
	Y Val Labels:(array([0., 1.], dtype=float32), array([148, 390]))
Training group 0, split 3
	Early stopping at epoch 13
	Y Train Labels:(array([0., 1.], dtype=float32), array([ 148, 1468]))
	Y Val Labels:(array([0.], dtype=float32), array([538]))
Done.
	Creating sequence for 'elvishmagic'... Training group 1, split 1
	Early stopping at epoch 13
	Y Train Labels:(array([1.], dtype=float32), array([130]))
	Y Val Labels:(array([1.], dtype=float32), array([129]))
Training group 1, split 2
	Early stopping at epoch 13
	Y Train Labels:(array([1.], dtype=float32), array([259]))
	Y Val Labels:(array([1.], dtype=float32), array([129]))
Training group 1, split 3
	Early stopping at epoch 13
	Y Train Labels:(array([1.], dtype=float32), array([388]))
	Y Val Labels:(array([0., 1.], dtype=float32), array([72, 57]))
Done.
	Creating sequence for 'arsenal-fan-token'... Training group 2, split 1
	Early stopping at epoch 13
	Y Train Labels:(array([1.], dtype=float32), array([253]))
	Y Val Labels:(array([1.], dtype=float32), array([250]))
Training group 2, split 2
	Early stopping at epoch 13
	Y Train Labels:(array([1.], dtype=float32), array([503]))
	Y Val Labels:(array([1.], dtype=float32), array([250]))
Training group 2, split 3
	Early stopping at epoch 13
	Y Train Labels:(array([1.], dtype=float32), array([753]))
	Y Val Labels:(array([0., 1.], dtype=float32), array([147, 103]))
Done.
	Creating sequence for 'attila'... Training group 3, split 1
	Early stopping at epoch 13
	Y Train Labels:(array([0., 1.], dtype=float32), array([ 76, 307]))
	Y Val Labels:(array([0.], dtype=float32), array([380]))
Training group 3, split 2
	Early stopping at epoch 13
	Y Train Labels:(array([0., 1.], dtype=float32), array([456, 307]))
	Y Val Labels:(array([0.], dtype=float32), array([380]))
Training group 3, split 3
