


--------------------------------------------------
Starting lstm.py at '2024-10-26 23:00:15.972983'.
Reading '../classifiedDAOs.json'... Done.
Total training Data: 1578
DAOs trained so far:357
Size of training set: 747
Size of test set: 474
Preparing data for training...
Preparing data for testing...
Parameters:
	Num epochs: 60
	Initial learning rate: 0.001
	Patience: 12
	Window size: 60
	Timeseries splits: 3
	Minimum number of timeseries datapoints: 64
Gradient boosting params: 
	{"max_depth": 3, "learning_rate": 0.05, "n_estimators": 100, "objective": "binary:logistic", "eval_metric": "logloss"}
	Creating sequence for 'ambo'... Skipped.
	Creating sequence for 'fc-barcelona-fan-token'... Training group 0, split 1
	Early stopping at epoch 13
	Y Train Labels:(array([1.], dtype=float32), array([374]))
	Y Val Labels:(array([1.], dtype=float32), array([373]))
Training group 0, split 2
	Early stopping at epoch 13
	Y Train Labels:(array([1.], dtype=float32), array([747]))
	Y Val Labels:(array([0., 1.], dtype=float32), array([ 87, 286]))
Training group 0, split 3
	Early stopping at epoch 13
	Y Train Labels:(array([0., 1.], dtype=float32), array([  87, 1033]))
	Y Val Labels:(array([0.], dtype=float32), array([373]))
Done.
	Creating sequence for 'aragon'... Training group 1, split 1
	Early stopping at epoch 13
	Y Train Labels:(array([1.], dtype=float32), array([586]))
	Y Val Labels:(array([1.], dtype=float32), array([586]))
Training group 1, split 2
	Early stopping at epoch 13
	Y Train Labels:(array([1.], dtype=float32), array([1172]))
	Y Val Labels:(array([1.], dtype=float32), array([586]))
Training group 1, split 3
	Early stopping at epoch 13
	Y Train Labels:(array([1.], dtype=float32), array([1758]))
	Y Val Labels:(array([1.], dtype=float32), array([586]))
Done.
	Creating sequence for 'cosmos'... Training group 2, split 1
	Early stopping at epoch 13
	Y Train Labels:(array([1.], dtype=float32), array([359]))
	Y Val Labels:(array([1.], dtype=float32), array([356]))
Training group 2, split 2
	Early stopping at epoch 13
	Y Train Labels:(array([1.], dtype=float32), array([715]))
	Y Val Labels:(array([1.], dtype=float32), array([356]))
Training group 2, split 3
	Early stopping at epoch 13
	Y Train Labels:(array([1.], dtype=float32), array([1071]))
	Y Val Labels:(array([1.], dtype=float32), array([356]))
Done.
	Creating sequence for 'rocket-pool-eth'... Training group 3, split 1
	Early stopping at epoch 13
	Y Train Labels:(array([1.], dtype=float32), array([244]))
	Y Val Labels:(array([1.], dtype=float32), array([244]))
Training group 3, split 2
	Early stopping at epoch 13
	Y Train Labels:(array([1.], dtype=float32), array([488]))
	Y Val Labels:(array([1.], dtype=float32), array([244]))
Training group 3, split 3
	Early stopping at epoch 13
	Y Train Labels:(array([1.], dtype=float32), array([732]))
	Y Val Labels:(array([1.], dtype=float32), array([244]))
Done.
	Creating sequence for 'zenzo'... Training group 4, split 1
	Early stopping at epoch 13
	Y Train Labels:(array([1.], dtype=float32), array([449]))
	Y Val Labels:(array([0., 1.], dtype=float32), array([119, 330]))
Training group 4, split 2
