


--------------------------------------------------
Starting lstm.py at '2024-10-26 23:02:18.772415'.
Reading '../classifiedDAOs.json'... Done.
Total training Data: 1578
DAOs trained so far:369
Size of training set: 735
Size of test set: 474
Preparing data for training...
Preparing data for testing...
Parameters:
	Num epochs: 60
	Initial learning rate: 0.001
	Patience: 12
	Window size: 60
	Timeseries splits: 3
	Minimum number of timeseries datapoints: 64
Gradient boosting params: 
	{"max_depth": 3, "learning_rate": 0.05, "n_estimators": 100, "objective": "binary:logistic", "eval_metric": "logloss"}
	Creating sequence for 'pbtc35a'... Training group 0, split 1
	Early stopping at epoch 13
	Y Train Labels:(array([1.], dtype=float32), array([301]))
	Y Val Labels:(array([0., 1.], dtype=float32), array([229,  69]))
Training group 0, split 2
	Early stopping at epoch 13
	Y Train Labels:(array([0., 1.], dtype=float32), array([229, 370]))
	Y Val Labels:(array([0.], dtype=float32), array([298]))
Training group 0, split 3
	Early stopping at epoch 13
	Y Train Labels:(array([0., 1.], dtype=float32), array([527, 370]))
	Y Val Labels:(array([0.], dtype=float32), array([298]))
Done.
	Creating sequence for 'cvault-finance'... Training group 1, split 1
	Early stopping at epoch 13
	Y Train Labels:(array([1.], dtype=float32), array([334]))
	Y Val Labels:(array([1.], dtype=float32), array([332]))
Training group 1, split 2
	Early stopping at epoch 13
	Y Train Labels:(array([1.], dtype=float32), array([666]))
	Y Val Labels:(array([1.], dtype=float32), array([332]))
Training group 1, split 3
	Early stopping at epoch 13
	Y Train Labels:(array([1.], dtype=float32), array([998]))
	Y Val Labels:(array([1.], dtype=float32), array([332]))
Done.
	Creating sequence for 'fabric'... Training group 2, split 1
	Early stopping at epoch 13
	Y Train Labels:(array([1.], dtype=float32), array([119]))
	Y Val Labels:(array([1.], dtype=float32), array([118]))
Training group 2, split 2
	Early stopping at epoch 13
	Y Train Labels:(array([1.], dtype=float32), array([237]))
	Y Val Labels:(array([0., 1.], dtype=float32), array([28, 90]))
Training group 2, split 3
	Early stopping at epoch 13
	Y Train Labels:(array([0., 1.], dtype=float32), array([ 28, 327]))
	Y Val Labels:(array([0.], dtype=float32), array([118]))
Done.
	Creating sequence for 'newton'... Training group 3, split 1
	Early stopping at epoch 13
	Y Train Labels:(array([1.], dtype=float32), array([472]))
	Y Val Labels:(array([1.], dtype=float32), array([472]))
Training group 3, split 2
	Early stopping at epoch 13
	Y Train Labels:(array([1.], dtype=float32), array([944]))
	Y Val Labels:(array([0., 1.], dtype=float32), array([ 72, 400]))
Training group 3, split 3
	Early stopping at epoch 13
	Y Train Labels:(array([0., 1.], dtype=float32), array([  72, 1344]))
	Y Val Labels:(array([0.], dtype=float32), array([472]))
Done.
	Creating sequence for 'index-cooperative'... Training group 4, split 1
	Early stopping at epoch 13
	Y Train Labels:(array([1.], dtype=float32), array([298]))
	Y Val Labels:(array([1.], dtype=float32), array([296]))
Training group 4, split 2
