


--------------------------------------------------
Starting lstm.py at '2024-10-23 20:14:50.513460'.
Reading '../classifiedDAOs.json'... Done.
Total training Data: 1578
DAOs trained so far:737
Size of training set: 367
Size of test set: 474
Preparing data for training...
Preparing data for testing...
Parameters:
	Num epochs: 60
	Initial learning rate: 0.001
	Patience: 12
	Window size: 60
	Timeseries splits: 3
	Minimum number of timeseries datapoints: 64
Gradient boosting params: 
	{"max_depth": 3, "learning_rate": 0.05, "n_estimators": 100, "objective": "binary:logistic", "eval_metric": "logloss"}
	Creating sequence for 'hedget'... Training group 0, split 1
	Y Train Labels:(array([1.], dtype=float32), array([258]))
	Y Val Labels:(array([1.], dtype=float32), array([257]))
Training group 0, split 2
	Early stopping at epoch 13
	Y Train Labels:(array([1.], dtype=float32), array([515]))
	Y Val Labels:(array([0., 1.], dtype=float32), array([155, 102]))
Training group 0, split 3
	Early stopping at epoch 45
	Y Train Labels:(array([0., 1.], dtype=float32), array([155, 617]))
	Y Val Labels:(array([0.], dtype=float32), array([257]))
Done.
	Creating sequence for 'unisocks'... Training group 1, split 1
	Y Train Labels:(array([1.], dtype=float32), array([323]))
	Y Val Labels:(array([1.], dtype=float32), array([322]))
Training group 1, split 2
	Y Train Labels:(array([1.], dtype=float32), array([645]))
	Y Val Labels:(array([1.], dtype=float32), array([322]))
Training group 1, split 3
	Y Train Labels:(array([1.], dtype=float32), array([967]))
	Y Val Labels:(array([1.], dtype=float32), array([322]))
Done.
	Creating sequence for 'nftrade'... Training group 2, split 1
	Early stopping at epoch 20
	Y Train Labels:(array([0., 1.], dtype=float32), array([118, 141]))
	Y Val Labels:(array([0.], dtype=float32), array([259]))
Training group 2, split 2
	Y Train Labels:(array([0., 1.], dtype=float32), array([377, 141]))
	Y Val Labels:(array([0.], dtype=float32), array([259]))
Training group 2, split 3
	Early stopping at epoch 44
	Y Train Labels:(array([0., 1.], dtype=float32), array([636, 141]))
	Y Val Labels:(array([0.], dtype=float32), array([259]))
Done.
	Creating sequence for 'xmon'... Training group 3, split 1
	Y Train Labels:(array([1.], dtype=float32), array([131]))
	Y Val Labels:(array([1.], dtype=float32), array([130]))
Training group 3, split 2
	Y Train Labels:(array([1.], dtype=float32), array([261]))
	Y Val Labels:(array([1.], dtype=float32), array([130]))
Training group 3, split 3
	Y Train Labels:(array([1.], dtype=float32), array([391]))
	Y Val Labels:(array([1.], dtype=float32), array([130]))
Done.
	Creating sequence for 'brickken'... Training group 4, split 1
	Y Train Labels:(array([0.], dtype=float32), array([94]))
	Y Val Labels:(array([0.], dtype=float32), array([91]))
Training group 4, split 2
	Y Train Labels:(array([0.], dtype=float32), array([185]))
	Y Val Labels:(array([0.], dtype=float32), array([91]))
Training group 4, split 3
	Y Train Labels:(array([0.], dtype=float32), array([276]))
	Y Val Labels:(array([0.], dtype=float32), array([91]))
Done.
	Creating sequence for 'storj'... Training group 5, split 1
	Y Train Labels:(array([1.], dtype=float32), array([598]))
	Y Val Labels:(array([1.], dtype=float32), array([595]))
Training group 5, split 2
