


--------------------------------------------------
Starting lstm.py at '2024-10-24 14:44:13.605654'.
Reading '../classifiedDAOs.json'... Done.
Total training Data: 1578
DAOs trained so far:0
Size of training set: 1104
Size of test set: 474
Preparing data for training...
Preparing data for testing...
Parameters:
	Num epochs: 60
	Initial learning rate: 0.001
	Patience: 12
	Window size: 60
	Timeseries splits: 3
	Minimum number of timeseries datapoints: 64
Gradient boosting params: 
	{"max_depth": 3, "learning_rate": 0.05, "n_estimators": 100, "objective": "binary:logistic", "eval_metric": "logloss"}
	Creating sequence for 'manta-network'... Training group 0, split 1
	Y Train Labels:(array([1.], dtype=float32), array([50]))
	Y Val Labels:(array([1.], dtype=float32), array([47]))
