


--------------------------------------------------
Starting lstm.py at '2024-10-16 15:07:27.158001'.
Reading './isDaoActiveData(4).json'... Done.
Total training Data: 379
DAOs trained so far:164
Size of training set: 101
Size of test set: 114
Preparing data for training...
Preparing data for testing...
Parameters:
	Num epochs: 60
	Initial learning rate: 0.001
	Patience: 12
	Window size: 60
	Timeseries splits: 3
	Minimum number of timeseries datapoints: 64
Gradient boosting params: 
	{"max_depth": 3, "learning_rate": 0.05, "n_estimators": 100, "objective": "binary:logistic", "eval_metric": "logloss"}
	Creating sequence for 'convergence'... Training group 0, split 1
	Early stopping at epoch 13
	Y Train Labels:(array([1.], dtype=float32), array([296]))
	Y Val Labels:(array([0., 1.], dtype=float32), array([222,  73]))
Training group 0, split 2
	Early stopping at epoch 26
	Y Train Labels:(array([0., 1.], dtype=float32), array([222, 369]))
	Y Val Labels:(array([0.], dtype=float32), array([295]))
Training group 0, split 3
	Early stopping at epoch 13
	Y Train Labels:(array([0., 1.], dtype=float32), array([517, 369]))
	Y Val Labels:(array([0.], dtype=float32), array([295]))
Done.
	Creating sequence for 'contentos'... Training group 1, split 1
	Y Train Labels:(array([1.], dtype=float32), array([455]))
	Y Val Labels:(array([1.], dtype=float32), array([454]))
Training group 1, split 2
	Y Train Labels:(array([1.], dtype=float32), array([909]))
	Y Val Labels:(array([1.], dtype=float32), array([454]))
Training group 1, split 3
	Early stopping at epoch 13
	Y Train Labels:(array([1.], dtype=float32), array([1363]))
	Y Val Labels:(array([0., 1.], dtype=float32), array([238, 216]))
Done.
	Creating sequence for 'alitas'... Training group 2, split 1
	Early stopping at epoch 28
	Y Train Labels:(array([0., 1.], dtype=float32), array([ 90, 148]))
	Y Val Labels:(array([0.], dtype=float32), array([238]))
Training group 2, split 2
	Y Train Labels:(array([0., 1.], dtype=float32), array([328, 148]))
	Y Val Labels:(array([0.], dtype=float32), array([238]))
Training group 2, split 3
	Early stopping at epoch 13
	Y Train Labels:(array([0., 1.], dtype=float32), array([566, 148]))
	Y Val Labels:(array([0.], dtype=float32), array([238]))
Done.
	Creating sequence for 'akita-inu'... Training group 3, split 1
	Early stopping at epoch 13
	Y Train Labels:(array([0., 1.], dtype=float32), array([108, 211]))
	Y Val Labels:(array([0.], dtype=float32), array([317]))
Training group 3, split 2
	Early stopping at epoch 13
	Y Train Labels:(array([0., 1.], dtype=float32), array([425, 211]))
	Y Val Labels:(array([0.], dtype=float32), array([317]))
Training group 3, split 3
	Y Train Labels:(array([0., 1.], dtype=float32), array([742, 211]))
	Y Val Labels:(array([0.], dtype=float32), array([317]))
Done.
	Creating sequence for 'aeternity'... Training group 4, split 1
	Y Train Labels:(array([1.], dtype=float32), array([556]))
	Y Val Labels:(array([1.], dtype=float32), array([553]))
Training group 4, split 2
	Y Train Labels:(array([1.], dtype=float32), array([1109]))
	Y Val Labels:(array([1.], dtype=float32), array([553]))
Training group 4, split 3
	Y Train Labels:(array([1.], dtype=float32), array([1662]))
	Y Val Labels:(array([1.], dtype=float32), array([553]))
Done.
	Creating sequence for 'brainlet'... Skipped.
	Creating sequence for 'bread'... Training group 5, split 1
	Y Train Labels:(array([1.], dtype=float32), array([540]))
	Y Val Labels:(array([1.], dtype=float32), array([538]))
Training group 5, split 2
	Early stopping at epoch 13
	Y Train Labels:(array([1.], dtype=float32), array([1078]))
	Y Val Labels:(array([0., 1.], dtype=float32), array([148, 390]))
Training group 5, split 3
