


--------------------------------------------------
Starting lstm.py at '2024-10-27 02:00:35.189211'.
Reading '../classifiedDAOs.json'... Done.
Total training Data: 1578
DAOs trained so far:1073
Size of training set: 31
Size of test set: 474
Preparing data for training...
Preparing data for testing...
Parameters:
	Num epochs: 60
	Initial learning rate: 0.001
	Patience: 12
	Window size: 60
	Timeseries splits: 3
	Minimum number of timeseries datapoints: 64
Gradient boosting params: 
	{"max_depth": 3, "learning_rate": 0.05, "n_estimators": 100, "objective": "binary:logistic", "eval_metric": "logloss"}
	Creating sequence for 'loom-network'... Training group 0, split 1
	Y Train Labels:(array([1.], dtype=float32), array([570]))
	Y Val Labels:(array([1.], dtype=float32), array([569]))
Training group 0, split 2
	Early stopping at epoch 39
	Y Train Labels:(array([1.], dtype=float32), array([1139]))
	Y Val Labels:(array([1.], dtype=float32), array([569]))
Training group 0, split 3
	Early stopping at epoch 29
	Y Train Labels:(array([1.], dtype=float32), array([1708]))
	Y Val Labels:(array([1.], dtype=float32), array([569]))
Done.
	Creating sequence for 'ruff'... Training group 1, split 1
	Early stopping at epoch 28
	Y Train Labels:(array([1.], dtype=float32), array([576]))
	Y Val Labels:(array([0., 1.], dtype=float32), array([ 35, 541]))
Training group 1, split 2
	Y Train Labels:(array([0., 1.], dtype=float32), array([  35, 1117]))
	Y Val Labels:(array([0.], dtype=float32), array([576]))
Training group 1, split 3
	Y Train Labels:(array([0., 1.], dtype=float32), array([ 611, 1117]))
	Y Val Labels:(array([0.], dtype=float32), array([576]))
Done.
	Creating sequence for 'equalizer'... Training group 2, split 1
	Early stopping at epoch 27
	Y Train Labels:(array([0., 1.], dtype=float32), array([ 94, 156]))
	Y Val Labels:(array([0.], dtype=float32), array([249]))
Training group 2, split 2
	Y Train Labels:(array([0., 1.], dtype=float32), array([343, 156]))
	Y Val Labels:(array([0.], dtype=float32), array([249]))
Training group 2, split 3
	Y Train Labels:(array([0., 1.], dtype=float32), array([592, 156]))
	Y Val Labels:(array([0.], dtype=float32), array([249]))
Done.
	Creating sequence for 'kira-network'... Training group 3, split 1
	Y Train Labels:(array([1.], dtype=float32), array([334]))
	Y Val Labels:(array([1.], dtype=float32), array([331]))
Training group 3, split 2
	Y Train Labels:(array([1.], dtype=float32), array([665]))
	Y Val Labels:(array([1.], dtype=float32), array([331]))
Training group 3, split 3
