


--------------------------------------------------
Starting lstm.py at '2024-10-23 20:39:34.476744'.
Reading '../classifiedDAOs.json'... Done.
Total training Data: 1578
DAOs trained so far:875
Size of training set: 229
Size of test set: 474
Preparing data for training...
Preparing data for testing...
Parameters:
	Num epochs: 60
	Initial learning rate: 0.001
	Patience: 12
	Window size: 60
	Timeseries splits: 3
	Minimum number of timeseries datapoints: 64
Gradient boosting params: 
	{"max_depth": 3, "learning_rate": 0.05, "n_estimators": 100, "objective": "binary:logistic", "eval_metric": "logloss"}
	Creating sequence for 'fibos'... Training group 0, split 1
	Y Train Labels:(array([1.], dtype=float32), array([441]))
	Y Val Labels:(array([1.], dtype=float32), array([439]))
Training group 0, split 2
	Early stopping at epoch 13
	Y Train Labels:(array([1.], dtype=float32), array([880]))
	Y Val Labels:(array([0., 1.], dtype=float32), array([305, 134]))
Training group 0, split 3
	Y Train Labels:(array([0., 1.], dtype=float32), array([ 305, 1014]))
	Y Val Labels:(array([0.], dtype=float32), array([439]))
Done.
	Creating sequence for 'tamadoge'... Training group 1, split 1
	Early stopping at epoch 13
	Y Train Labels:(array([1.], dtype=float32), array([109]))
	Y Val Labels:(array([0., 1.], dtype=float32), array([62, 45]))
Training group 1, split 2
	Early stopping at epoch 30
	Y Train Labels:(array([0., 1.], dtype=float32), array([ 62, 154]))
	Y Val Labels:(array([0.], dtype=float32), array([107]))
Training group 1, split 3
	Early stopping at epoch 26
	Y Train Labels:(array([0., 1.], dtype=float32), array([169, 154]))
	Y Val Labels:(array([0.], dtype=float32), array([107]))
Done.
	Creating sequence for 'ttc-protocol'... Training group 2, split 1
	Y Train Labels:(array([1.], dtype=float32), array([536]))
	Y Val Labels:(array([1.], dtype=float32), array([533]))
Training group 2, split 2
	Early stopping at epoch 13
	Y Train Labels:(array([1.], dtype=float32), array([1069]))
	Y Val Labels:(array([0., 1.], dtype=float32), array([298, 235]))
Training group 2, split 3
	Early stopping at epoch 45
	Y Train Labels:(array([0., 1.], dtype=float32), array([ 298, 1304]))
	Y Val Labels:(array([0.], dtype=float32), array([533]))
Done.
	Creating sequence for 'balpha'... Training group 3, split 1
	Y Train Labels:(array([1.], dtype=float32), array([300]))
	Y Val Labels:(array([1.], dtype=float32), array([299]))
Training group 3, split 2
	Early stopping at epoch 13
	Y Train Labels:(array([1.], dtype=float32), array([599]))
	Y Val Labels:(array([0., 1.], dtype=float32), array([241,  58]))
Training group 3, split 3
	Early stopping at epoch 32
	Y Train Labels:(array([0., 1.], dtype=float32), array([241, 657]))
	Y Val Labels:(array([0.], dtype=float32), array([299]))
Done.
	Creating sequence for 'fantom'... Training group 4, split 1
	Y Train Labels:(array([1.], dtype=float32), array([513]))
	Y Val Labels:(array([1.], dtype=float32), array([512]))
Training group 4, split 2
	Y Train Labels:(array([1.], dtype=float32), array([1025]))
	Y Val Labels:(array([1.], dtype=float32), array([512]))
Training group 4, split 3
	Y Train Labels:(array([1.], dtype=float32), array([1537]))
	Y Val Labels:(array([1.], dtype=float32), array([512]))
Done.
	Creating sequence for 'tokenomy'... Training group 5, split 1
	Early stopping at epoch 28
	Y Train Labels:(array([1.], dtype=float32), array([535]))
	Y Val Labels:(array([1.], dtype=float32), array([532]))
Training group 5, split 2
	Early stopping at epoch 29
	Y Train Labels:(array([1.], dtype=float32), array([1067]))
	Y Val Labels:(array([0., 1.], dtype=float32), array([170, 362]))
Training group 5, split 3
