


--------------------------------------------------
Starting lstm.py at '2024-10-16 15:00:53.826407'.
Reading './isDaoActiveData(4).json'... Done.
Total training Data: 379
DAOs trained so far:144
Size of training set: 121
Size of test set: 114
Preparing data for training...
Preparing data for testing...
Parameters:
	Num epochs: 60
	Initial learning rate: 0.001
	Patience: 12
	Window size: 60
	Timeseries splits: 3
	Minimum number of timeseries datapoints: 64
Gradient boosting params: 
	{"max_depth": 3, "learning_rate": 0.05, "n_estimators": 100, "objective": "binary:logistic", "eval_metric": "logloss"}
	Creating sequence for 'ampleforth'... Training group 0, split 1
	Y Train Labels:(array([1.], dtype=float32), array([452]))
	Y Val Labels:(array([1.], dtype=float32), array([450]))
Training group 0, split 2
	Y Train Labels:(array([1.], dtype=float32), array([902]))
	Y Val Labels:(array([1.], dtype=float32), array([450]))
Training group 0, split 3
	Y Train Labels:(array([1.], dtype=float32), array([1352]))
	Y Val Labels:(array([1.], dtype=float32), array([450]))
Done.
	Creating sequence for 'airswap'... Training group 1, split 1
	Y Train Labels:(array([1.], dtype=float32), array([581]))
	Y Val Labels:(array([1.], dtype=float32), array([578]))
Training group 1, split 2
	Y Train Labels:(array([1.], dtype=float32), array([1159]))
	Y Val Labels:(array([1.], dtype=float32), array([578]))
Training group 1, split 3
	Y Train Labels:(array([1.], dtype=float32), array([1737]))
	Y Val Labels:(array([1.], dtype=float32), array([578]))
Done.
	Creating sequence for 'aerodrome-finance'... Training group 2, split 1
	Y Train Labels:(array([1.], dtype=float32), array([46]))
	Y Val Labels:(array([1.], dtype=float32), array([43]))
Training group 2, split 2
	Early stopping at epoch 13
	Y Train Labels:(array([1.], dtype=float32), array([89]))
	Y Val Labels:(array([0., 1.], dtype=float32), array([27, 16]))
Training group 2, split 3
	Early stopping at epoch 29
	Y Train Labels:(array([0., 1.], dtype=float32), array([ 27, 105]))
	Y Val Labels:(array([0.], dtype=float32), array([43]))
Done.
	Creating sequence for 'blackcardcoin'... Training group 3, split 1
	Early stopping at epoch 13
	Y Train Labels:(array([1.], dtype=float32), array([29]))
	Y Val Labels:(array([0., 1.], dtype=float32), array([15, 11]))
Training group 3, split 2
	Early stopping at epoch 25
	Y Train Labels:(array([0., 1.], dtype=float32), array([15, 40]))
	Y Val Labels:(array([0.], dtype=float32), array([26]))
Training group 3, split 3
	Y Train Labels:(array([0., 1.], dtype=float32), array([41, 40]))
	Y Val Labels:(array([0.], dtype=float32), array([26]))
Done.
	Creating sequence for 'ambo'... Skipped.
	Creating sequence for 'bepro-network'... Training group 4, split 1
	Early stopping at epoch 31
	Y Train Labels:(array([1.], dtype=float32), array([420]))
	Y Val Labels:(array([0., 1.], dtype=float32), array([ 13, 407]))
Training group 4, split 2
	Early stopping at epoch 13
	Y Train Labels:(array([0., 1.], dtype=float32), array([ 13, 827]))
	Y Val Labels:(array([0.], dtype=float32), array([420]))
Training group 4, split 3
	Early stopping at epoch 35
	Y Train Labels:(array([0., 1.], dtype=float32), array([433, 827]))
	Y Val Labels:(array([0.], dtype=float32), array([420]))
Done.
	Creating sequence for 'azuki'... Training group 5, split 1
	Y Train Labels:(array([1.], dtype=float32), array([245]))
	Y Val Labels:(array([0., 1.], dtype=float32), array([ 46, 198]))
Training group 5, split 2
	Early stopping at epoch 22
	Y Train Labels:(array([0., 1.], dtype=float32), array([ 46, 443]))
	Y Val Labels:(array([0.], dtype=float32), array([244]))
Training group 5, split 3
	Early stopping at epoch 36
	Y Train Labels:(array([0., 1.], dtype=float32), array([290, 443]))
	Y Val Labels:(array([0.], dtype=float32), array([244]))
Done.
	Creating sequence for 'aioz-network'... Training group 6, split 1
	Y Train Labels:(array([1.], dtype=float32), array([294]))
	Y Val Labels:(array([1.], dtype=float32), array([294]))
Training group 6, split 2
	Y Train Labels:(array([1.], dtype=float32), array([588]))
	Y Val Labels:(array([1.], dtype=float32), array([294]))
Training group 6, split 3
	Early stopping at epoch 13
	Y Train Labels:(array([1.], dtype=float32), array([882]))
	Y Val Labels:(array([0., 1.], dtype=float32), array([149, 145]))
Done.
	Creating sequence for 'astar'... Training group 7, split 1
	Y Train Labels:(array([1.], dtype=float32), array([219]))
	Y Val Labels:(array([1.], dtype=float32), array([216]))
Training group 7, split 2
	Y Train Labels:(array([1.], dtype=float32), array([435]))
	Y Val Labels:(array([1.], dtype=float32), array([216]))
Training group 7, split 3
	Y Train Labels:(array([1.], dtype=float32), array([651]))
	Y Val Labels:(array([1.], dtype=float32), array([216]))
Done.
	Creating sequence for 'augur'... Training group 8, split 1
	Y Train Labels:(array([1.], dtype=float32), array([587]))
	Y Val Labels:(array([1.], dtype=float32), array([586]))
Training group 8, split 2
