


--------------------------------------------------
Starting lstm.py at '2024-10-26 22:10:42.308072'.
Reading '../classifiedDAOs.json'... Done.
Total training Data: 1578
DAOs trained so far:41
Size of training set: 1063
Size of test set: 474
Preparing data for training...
Preparing data for testing...
Parameters:
	Num epochs: 60
	Initial learning rate: 0.001
	Patience: 12
	Window size: 60
	Timeseries splits: 3
	Minimum number of timeseries datapoints: 64
Gradient boosting params: 
	{"max_depth": 3, "learning_rate": 0.05, "n_estimators": 100, "objective": "binary:logistic", "eval_metric": "logloss"}
	Creating sequence for 'adshares'... Training group 0, split 1
	Early stopping at epoch 13
	Y Train Labels:(array([1.], dtype=float32), array([569]))
	Y Val Labels:(array([1.], dtype=float32), array([568]))
Training group 0, split 2
	Early stopping at epoch 13
	Y Train Labels:(array([1.], dtype=float32), array([1137]))
	Y Val Labels:(array([1.], dtype=float32), array([568]))
Training group 0, split 3
	Early stopping at epoch 13
	Y Train Labels:(array([1.], dtype=float32), array([1705]))
	Y Val Labels:(array([0., 1.], dtype=float32), array([171, 397]))
Done.
	Creating sequence for 'antimatter'... Training group 1, split 1
	Early stopping at epoch 13
	Y Train Labels:(array([1.], dtype=float32), array([298]))
	Y Val Labels:(array([1.], dtype=float32), array([297]))
Training group 1, split 2
	Early stopping at epoch 13
	Y Train Labels:(array([1.], dtype=float32), array([595]))
	Y Val Labels:(array([0., 1.], dtype=float32), array([280,  17]))
Training group 1, split 3
	Early stopping at epoch 13
	Y Train Labels:(array([0., 1.], dtype=float32), array([280, 612]))
	Y Val Labels:(array([0.], dtype=float32), array([297]))
Done.
	Creating sequence for 'sad-hamster'... Skipped.
	Creating sequence for 'odyssey'... Training group 2, split 1
	Early stopping at epoch 13
	Y Train Labels:(array([0., 1.], dtype=float32), array([494,  49]))
	Y Val Labels:(array([0.], dtype=float32), array([542]))
Training group 2, split 2
	Early stopping at epoch 13
	Y Train Labels:(array([0., 1.], dtype=float32), array([1036,   49]))
	Y Val Labels:(array([0.], dtype=float32), array([542]))
Training group 2, split 3
	Early stopping at epoch 13
	Y Train Labels:(array([0., 1.], dtype=float32), array([1578,   49]))
	Y Val Labels:(array([0.], dtype=float32), array([542]))
Done.
	Creating sequence for 'lumerin'... Training group 3, split 1
	Early stopping at epoch 13
	Y Train Labels:(array([1.], dtype=float32), array([214]))
	Y Val Labels:(array([1.], dtype=float32), array([212]))
Training group 3, split 2
