


--------------------------------------------------
Starting lstm.py at '2024-10-25 17:57:40.949972'.
Reading './balancedDataset.json'... Done.
Total training Data: 1030
DAOs trained so far:667
Size of training set: 54
Size of test set: 309
Preparing data for training...
Preparing data for testing...
Parameters:
	Num epochs: 60
	Initial learning rate: 0.001
	Patience: 12
	Window size: 60
	Timeseries splits: 3
	Minimum number of timeseries datapoints: 64
Gradient boosting params: 
	{"max_depth": 3, "learning_rate": 0.05, "n_estimators": 100, "objective": "binary:logistic", "eval_metric": "logloss"}
	Creating sequence for 'ignis'... Training group 0, split 1
	Early stopping at epoch 13
	Y Train Labels:(array([1.], dtype=float32), array([565]))
	Y Val Labels:(array([1.], dtype=float32), array([563]))
Training group 0, split 2
	Early stopping at epoch 13
	Y Train Labels:(array([1.], dtype=float32), array([1128]))
	Y Val Labels:(array([0., 1.], dtype=float32), array([251, 312]))
Training group 0, split 3
	Early stopping at epoch 13
	Y Train Labels:(array([0., 1.], dtype=float32), array([ 251, 1440]))
	Y Val Labels:(array([0.], dtype=float32), array([563]))
Done.
	Creating sequence for 'balancer'... Training group 1, split 1
	Early stopping at epoch 13
	Y Train Labels:(array([1.], dtype=float32), array([364]))
	Y Val Labels:(array([1.], dtype=float32), array([362]))
Training group 1, split 2
	Early stopping at epoch 13
	Y Train Labels:(array([1.], dtype=float32), array([726]))
	Y Val Labels:(array([0., 1.], dtype=float32), array([159, 203]))
Training group 1, split 3
	Early stopping at epoch 13
	Y Train Labels:(array([0., 1.], dtype=float32), array([159, 929]))
	Y Val Labels:(array([0.], dtype=float32), array([362]))
Done.
	Creating sequence for 'openocean'... Training group 2, split 1
	Early stopping at epoch 13
	Y Train Labels:(array([1.], dtype=float32), array([239]))
	Y Val Labels:(array([1.], dtype=float32), array([239]))
Training group 2, split 2
	Early stopping at epoch 13
	Y Train Labels:(array([1.], dtype=float32), array([478]))
	Y Val Labels:(array([1.], dtype=float32), array([239]))
Training group 2, split 3
	Early stopping at epoch 13
	Y Train Labels:(array([1.], dtype=float32), array([717]))
	Y Val Labels:(array([1.], dtype=float32), array([239]))
Done.
	Creating sequence for 'deso'... Training group 3, split 1
	Early stopping at epoch 13
	Y Train Labels:(array([1.], dtype=float32), array([223]))
	Y Val Labels:(array([1.], dtype=float32), array([223]))
Training group 3, split 2
	Early stopping at epoch 13
	Y Train Labels:(array([1.], dtype=float32), array([446]))
	Y Val Labels:(array([1.], dtype=float32), array([223]))
Training group 3, split 3
	Early stopping at epoch 13
	Y Train Labels:(array([1.], dtype=float32), array([669]))
	Y Val Labels:(array([1.], dtype=float32), array([223]))
Done.
	Creating sequence for 'xsgd'... Training group 4, split 1
	Early stopping at epoch 13
	Y Train Labels:(array([1.], dtype=float32), array([239]))
	Y Val Labels:(array([1.], dtype=float32), array([236]))
Training group 4, split 2
	Early stopping at epoch 13
	Y Train Labels:(array([1.], dtype=float32), array([475]))
	Y Val Labels:(array([1.], dtype=float32), array([236]))
Training group 4, split 3
