


--------------------------------------------------
Starting lstm.py at '2024-10-26 23:46:23.508281'.
Reading '../classifiedDAOs.json'... Done.
Total training Data: 1578
DAOs trained so far:675
Size of training set: 429
Size of test set: 474
Preparing data for training...
Preparing data for testing...
Parameters:
	Num epochs: 60
	Initial learning rate: 0.001
	Patience: 12
	Window size: 60
	Timeseries splits: 3
	Minimum number of timeseries datapoints: 64
Gradient boosting params: 
	{"max_depth": 3, "learning_rate": 0.05, "n_estimators": 100, "objective": "binary:logistic", "eval_metric": "logloss"}
	Creating sequence for 'dero'... Training group 0, split 1
	Early stopping at epoch 13
	Y Train Labels:(array([1.], dtype=float32), array([560]))
	Y Val Labels:(array([1.], dtype=float32), array([558]))
Training group 0, split 2
	Early stopping at epoch 13
	Y Train Labels:(array([1.], dtype=float32), array([1118]))
	Y Val Labels:(array([1.], dtype=float32), array([558]))
Training group 0, split 3
	Early stopping at epoch 13
	Y Train Labels:(array([1.], dtype=float32), array([1676]))
	Y Val Labels:(array([1.], dtype=float32), array([558]))
Done.
	Creating sequence for 'paid-network'... Training group 1, split 1
	Early stopping at epoch 13
	Y Train Labels:(array([0., 1.], dtype=float32), array([  6, 310]))
	Y Val Labels:(array([0.], dtype=float32), array([313]))
Training group 1, split 2
	Early stopping at epoch 13
	Y Train Labels:(array([0., 1.], dtype=float32), array([319, 310]))
	Y Val Labels:(array([0.], dtype=float32), array([313]))
Training group 1, split 3
	Early stopping at epoch 13
	Y Train Labels:(array([0., 1.], dtype=float32), array([632, 310]))
	Y Val Labels:(array([0.], dtype=float32), array([313]))
Done.
	Creating sequence for 'ben-the-dog'... Training group 2, split 1
	Early stopping at epoch 13
	Y Train Labels:(array([1.], dtype=float32), array([39]))
	Y Val Labels:(array([1.], dtype=float32), array([37]))
Training group 2, split 2
	Early stopping at epoch 13
	Y Train Labels:(array([1.], dtype=float32), array([76]))
	Y Val Labels:(array([0., 1.], dtype=float32), array([10, 27]))
Training group 2, split 3
	Early stopping at epoch 13
	Y Train Labels:(array([0., 1.], dtype=float32), array([ 10, 103]))
	Y Val Labels:(array([0.], dtype=float32), array([37]))
Done.
	Creating sequence for 'realm'... Training group 3, split 1
	Early stopping at epoch 13
	Y Train Labels:(array([0., 1.], dtype=float32), array([122, 141]))
	Y Val Labels:(array([0.], dtype=float32), array([261]))
Training group 3, split 2
	Early stopping at epoch 13
	Y Train Labels:(array([0., 1.], dtype=float32), array([383, 141]))
	Y Val Labels:(array([0.], dtype=float32), array([261]))
Training group 3, split 3
	Early stopping at epoch 13
	Y Train Labels:(array([0., 1.], dtype=float32), array([644, 141]))
	Y Val Labels:(array([0.], dtype=float32), array([261]))
Done.
	Creating sequence for 'unmarshal'... Training group 4, split 1
	Early stopping at epoch 13
	Y Train Labels:(array([0., 1.], dtype=float32), array([133, 155]))
	Y Val Labels:(array([0.], dtype=float32), array([287]))
Training group 4, split 2
	Early stopping at epoch 13
	Y Train Labels:(array([0., 1.], dtype=float32), array([420, 155]))
	Y Val Labels:(array([0.], dtype=float32), array([287]))
Training group 4, split 3
