


--------------------------------------------------
Starting lstm.py at '2024-10-25 17:48:01.472620'.
Reading './balancedDataset.json'... Done.
Total training Data: 1030
DAOs trained so far:607
Size of training set: 114
Size of test set: 309
Preparing data for training...
Preparing data for testing...
Parameters:
	Num epochs: 60
	Initial learning rate: 0.001
	Patience: 12
	Window size: 60
	Timeseries splits: 3
	Minimum number of timeseries datapoints: 64
Gradient boosting params: 
	{"max_depth": 3, "learning_rate": 0.05, "n_estimators": 100, "objective": "binary:logistic", "eval_metric": "logloss"}
	Creating sequence for 'handshake'... Training group 0, split 1
	Early stopping at epoch 13
	Y Train Labels:(array([1.], dtype=float32), array([388]))
	Y Val Labels:(array([1.], dtype=float32), array([387]))
Training group 0, split 2
	Early stopping at epoch 13
	Y Train Labels:(array([1.], dtype=float32), array([775]))
	Y Val Labels:(array([1.], dtype=float32), array([387]))
Training group 0, split 3
	Early stopping at epoch 13
	Y Train Labels:(array([1.], dtype=float32), array([1162]))
	Y Val Labels:(array([1.], dtype=float32), array([387]))
Done.
	Creating sequence for 'ethena'... Training group 1, split 1
	Early stopping at epoch 13
	Y Train Labels:(array([0.], dtype=float32), array([31]))
	Y Val Labels:(array([0.], dtype=float32), array([28]))
Training group 1, split 2
	Early stopping at epoch 13
	Y Train Labels:(array([0.], dtype=float32), array([59]))
	Y Val Labels:(array([0.], dtype=float32), array([28]))
Training group 1, split 3
	Early stopping at epoch 13
	Y Train Labels:(array([0.], dtype=float32), array([87]))
	Y Val Labels:(array([0.], dtype=float32), array([28]))
Done.
	Creating sequence for 'wrapped-centrifuge'... Training group 2, split 1
	Early stopping at epoch 13
	Y Train Labels:(array([1.], dtype=float32), array([279]))
	Y Val Labels:(array([1.], dtype=float32), array([276]))
Training group 2, split 2
	Early stopping at epoch 13
	Y Train Labels:(array([1.], dtype=float32), array([555]))
	Y Val Labels:(array([1.], dtype=float32), array([276]))
Training group 2, split 3
	Early stopping at epoch 13
	Y Train Labels:(array([1.], dtype=float32), array([831]))
	Y Val Labels:(array([1.], dtype=float32), array([276]))
Done.
	Creating sequence for 'trac'... Training group 3, split 1
	Early stopping at epoch 13
	Y Train Labels:(array([1.], dtype=float32), array([110]))
	Y Val Labels:(array([1.], dtype=float32), array([108]))
Training group 3, split 2
	Early stopping at epoch 13
	Y Train Labels:(array([1.], dtype=float32), array([218]))
	Y Val Labels:(array([1.], dtype=float32), array([108]))
Training group 3, split 3
	Early stopping at epoch 13
	Y Train Labels:(array([1.], dtype=float32), array([326]))
	Y Val Labels:(array([1.], dtype=float32), array([108]))
Done.
	Creating sequence for 'nuco-cloud'... Training group 4, split 1
	Early stopping at epoch 13
	Y Train Labels:(array([1.], dtype=float32), array([355]))
	Y Val Labels:(array([1.], dtype=float32), array([354]))
Training group 4, split 2
	Early stopping at epoch 13
	Y Train Labels:(array([1.], dtype=float32), array([709]))
	Y Val Labels:(array([1.], dtype=float32), array([354]))
Training group 4, split 3
