


--------------------------------------------------
Starting lstm.py at '2024-10-23 16:44:24.492264'.
Reading '../classifiedDAOs.json'... Done.
Total training Data: 1578
DAOs trained so far:102
Size of training set: 1002
Size of test set: 474
Preparing data for training...
Preparing data for testing...
Parameters:
	Num epochs: 60
	Initial learning rate: 0.001
	Patience: 12
	Window size: 60
	Timeseries splits: 3
	Minimum number of timeseries datapoints: 64
Gradient boosting params: 
	{"max_depth": 3, "learning_rate": 0.05, "n_estimators": 100, "objective": "binary:logistic", "eval_metric": "logloss"}
	Creating sequence for 'yfdai-finance'... Training group 0, split 1
	Early stopping at epoch 13
	Y Train Labels:(array([1.], dtype=float32), array([340]))
	Y Val Labels:(array([0., 1.], dtype=float32), array([305,  33]))
Training group 0, split 2
	Early stopping at epoch 35
	Y Train Labels:(array([0., 1.], dtype=float32), array([305, 373]))
	Y Val Labels:(array([0.], dtype=float32), array([338]))
Training group 0, split 3
	Early stopping at epoch 23
	Y Train Labels:(array([0., 1.], dtype=float32), array([643, 373]))
	Y Val Labels:(array([0.], dtype=float32), array([338]))
Done.
	Creating sequence for 'icon'... Training group 1, split 1
	Y Train Labels:(array([1.], dtype=float32), array([573]))
	Y Val Labels:(array([1.], dtype=float32), array([572]))
Training group 1, split 2
	Y Train Labels:(array([1.], dtype=float32), array([1145]))
	Y Val Labels:(array([1.], dtype=float32), array([572]))
Training group 1, split 3
	Y Train Labels:(array([1.], dtype=float32), array([1717]))
	Y Val Labels:(array([1.], dtype=float32), array([572]))
Done.
	Creating sequence for 'beta-finance'... Training group 2, split 1
	Early stopping at epoch 13
	Y Train Labels:(array([1.], dtype=float32), array([239]))
	Y Val Labels:(array([0., 1.], dtype=float32), array([227,  11]))
Training group 2, split 2
	Early stopping at epoch 30
	Y Train Labels:(array([0., 1.], dtype=float32), array([227, 250]))
	Y Val Labels:(array([0.], dtype=float32), array([238]))
Training group 2, split 3
	Early stopping at epoch 19
	Y Train Labels:(array([0., 1.], dtype=float32), array([465, 250]))
	Y Val Labels:(array([0.], dtype=float32), array([238]))
Done.
	Creating sequence for 'babb'... Training group 3, split 1
	Y Train Labels:(array([1.], dtype=float32), array([572]))
	Y Val Labels:(array([1.], dtype=float32), array([572]))
Training group 3, split 2
	Y Train Labels:(array([1.], dtype=float32), array([1144]))
	Y Val Labels:(array([1.], dtype=float32), array([572]))
Training group 3, split 3
	Early stopping at epoch 13
	Y Train Labels:(array([1.], dtype=float32), array([1716]))
	Y Val Labels:(array([0., 1.], dtype=float32), array([498,  74]))
Done.
	Creating sequence for 'harmony'... Training group 4, split 1
	Y Train Labels:(array([1.], dtype=float32), array([459]))
	Y Val Labels:(array([1.], dtype=float32), array([456]))
Training group 4, split 2
	Y Train Labels:(array([1.], dtype=float32), array([915]))
	Y Val Labels:(array([1.], dtype=float32), array([456]))
Training group 4, split 3
	Y Train Labels:(array([1.], dtype=float32), array([1371]))
	Y Val Labels:(array([1.], dtype=float32), array([456]))
Done.
	Creating sequence for 'apenft'... Training group 5, split 1
	Early stopping at epoch 13
	Y Train Labels:(array([1.], dtype=float32), array([237]))
	Y Val Labels:(array([0., 1.], dtype=float32), array([232,   5]))
Training group 5, split 2
	Y Train Labels:(array([0., 1.], dtype=float32), array([232, 242]))
	Y Val Labels:(array([0.], dtype=float32), array([237]))
Training group 5, split 3
	Early stopping at epoch 25
	Y Train Labels:(array([0., 1.], dtype=float32), array([469, 242]))
	Y Val Labels:(array([0.], dtype=float32), array([237]))
Done.
	Creating sequence for 'metaverse-face'... Training group 6, split 1
	Early stopping at epoch 13
	Y Train Labels:(array([1.], dtype=float32), array([242]))
	Y Val Labels:(array([0., 1.], dtype=float32), array([237,   2]))
Training group 6, split 2
	Early stopping at epoch 39
	Y Train Labels:(array([0., 1.], dtype=float32), array([237, 244]))
	Y Val Labels:(array([0.], dtype=float32), array([239]))
Training group 6, split 3
	Early stopping at epoch 28
	Y Train Labels:(array([0., 1.], dtype=float32), array([476, 244]))
	Y Val Labels:(array([0.], dtype=float32), array([239]))
Done.
	Creating sequence for 'lympo'... Training group 7, split 1
	Y Train Labels:(array([1.], dtype=float32), array([575]))
	Y Val Labels:(array([1.], dtype=float32), array([573]))
Training group 7, split 2
