


--------------------------------------------------
Starting lstm.py at '2024-10-26 23:52:00.595409'.
Reading '../classifiedDAOs.json'... Done.
Total training Data: 1578
DAOs trained so far:714
Size of training set: 390
Size of test set: 474
Preparing data for training...
Preparing data for testing...
Parameters:
	Num epochs: 60
	Initial learning rate: 0.001
	Patience: 12
	Window size: 60
	Timeseries splits: 3
	Minimum number of timeseries datapoints: 64
Gradient boosting params: 
	{"max_depth": 3, "learning_rate": 0.05, "n_estimators": 100, "objective": "binary:logistic", "eval_metric": "logloss"}
	Creating sequence for 'dodreamchain'... Training group 0, split 1
	Early stopping at epoch 13
	Y Train Labels:(array([1.], dtype=float32), array([369]))
	Y Val Labels:(array([0., 1.], dtype=float32), array([138, 230]))
Training group 0, split 2
	Early stopping at epoch 13
	Y Train Labels:(array([0., 1.], dtype=float32), array([138, 599]))
	Y Val Labels:(array([0.], dtype=float32), array([368]))
Training group 0, split 3
	Early stopping at epoch 13
	Y Train Labels:(array([0., 1.], dtype=float32), array([506, 599]))
	Y Val Labels:(array([0.], dtype=float32), array([368]))
Done.
	Creating sequence for 'onus'... Training group 1, split 1
	Early stopping at epoch 13
	Y Train Labels:(array([1.], dtype=float32), array([218]))
	Y Val Labels:(array([1.], dtype=float32), array([217]))
Training group 1, split 2
	Early stopping at epoch 13
	Y Train Labels:(array([1.], dtype=float32), array([435]))
	Y Val Labels:(array([1.], dtype=float32), array([217]))
Training group 1, split 3
	Early stopping at epoch 13
	Y Train Labels:(array([1.], dtype=float32), array([652]))
	Y Val Labels:(array([1.], dtype=float32), array([217]))
Done.
	Creating sequence for 'platypus-finance'... Training group 2, split 1
	Early stopping at epoch 13
	Y Train Labels:(array([0., 1.], dtype=float32), array([177,  62]))
	Y Val Labels:(array([0.], dtype=float32), array([237]))
Training group 2, split 2
	Early stopping at epoch 13
	Y Train Labels:(array([0., 1.], dtype=float32), array([414,  62]))
	Y Val Labels:(array([0.], dtype=float32), array([237]))
Training group 2, split 3
	Early stopping at epoch 13
	Y Train Labels:(array([0., 1.], dtype=float32), array([651,  62]))
	Y Val Labels:(array([0.], dtype=float32), array([237]))
Done.
	Creating sequence for 'wrapped-fantom'... Training group 3, split 1
	Early stopping at epoch 13
	Y Train Labels:(array([1.], dtype=float32), array([289]))
	Y Val Labels:(array([1.], dtype=float32), array([287]))
Training group 3, split 2
	Early stopping at epoch 13
	Y Train Labels:(array([1.], dtype=float32), array([576]))
	Y Val Labels:(array([1.], dtype=float32), array([287]))
Training group 3, split 3
	Early stopping at epoch 13
	Y Train Labels:(array([1.], dtype=float32), array([863]))
	Y Val Labels:(array([1.], dtype=float32), array([287]))
Done.
	Creating sequence for 'zeusshield'... Training group 4, split 1
	Early stopping at epoch 13
	Y Train Labels:(array([0., 1.], dtype=float32), array([369, 172]))
	Y Val Labels:(array([0.], dtype=float32), array([538]))
Training group 4, split 2
