


--------------------------------------------------
Starting lstm.py at '2024-10-23 20:09:23.117612'.
Reading '../classifiedDAOs.json'... Done.
Total training Data: 1578
DAOs trained so far:710
Size of training set: 394
Size of test set: 474
Preparing data for training...
Preparing data for testing...
Parameters:
	Num epochs: 60
	Initial learning rate: 0.001
	Patience: 12
	Window size: 60
	Timeseries splits: 3
	Minimum number of timeseries datapoints: 64
Gradient boosting params: 
	{"max_depth": 3, "learning_rate": 0.05, "n_estimators": 100, "objective": "binary:logistic", "eval_metric": "logloss"}
	Creating sequence for 'satt'... Training group 0, split 1
	Early stopping at epoch 22
	Y Train Labels:(array([1.], dtype=float32), array([349]))
	Y Val Labels:(array([1.], dtype=float32), array([349]))
Training group 0, split 2
	Early stopping at epoch 13
	Y Train Labels:(array([1.], dtype=float32), array([698]))
	Y Val Labels:(array([0., 1.], dtype=float32), array([286,  63]))
Training group 0, split 3
	Early stopping at epoch 35
	Y Train Labels:(array([0., 1.], dtype=float32), array([286, 761]))
	Y Val Labels:(array([0.], dtype=float32), array([349]))
Done.
	Creating sequence for 'gas'... Training group 1, split 1
	Y Train Labels:(array([1.], dtype=float32), array([646]))
	Y Val Labels:(array([1.], dtype=float32), array([644]))
Training group 1, split 2
	Y Train Labels:(array([1.], dtype=float32), array([1290]))
	Y Val Labels:(array([1.], dtype=float32), array([644]))
Training group 1, split 3
	Early stopping at epoch 13
	Y Train Labels:(array([1.], dtype=float32), array([1934]))
	Y Val Labels:(array([0., 1.], dtype=float32), array([319, 325]))
Done.
	Creating sequence for 'neo'... Training group 2, split 1
	Y Train Labels:(array([1.], dtype=float32), array([568]))
	Y Val Labels:(array([1.], dtype=float32), array([567]))
Training group 2, split 2
	Y Train Labels:(array([1.], dtype=float32), array([1135]))
	Y Val Labels:(array([1.], dtype=float32), array([567]))
Training group 2, split 3
	Y Train Labels:(array([1.], dtype=float32), array([1702]))
	Y Val Labels:(array([1.], dtype=float32), array([567]))
Done.
	Creating sequence for 'wrapped-tron'... Training group 3, split 1
	Y Train Labels:(array([1.], dtype=float32), array([209]))
	Y Val Labels:(array([1.], dtype=float32), array([209]))
Training group 3, split 2
	Y Train Labels:(array([1.], dtype=float32), array([418]))
	Y Val Labels:(array([1.], dtype=float32), array([209]))
Training group 3, split 3
	Y Train Labels:(array([1.], dtype=float32), array([627]))
	Y Val Labels:(array([1.], dtype=float32), array([209]))
Done.
	Creating sequence for 'dodreamchain'... Training group 4, split 1
	Early stopping at epoch 13
	Y Train Labels:(array([1.], dtype=float32), array([369]))
	Y Val Labels:(array([0., 1.], dtype=float32), array([138, 230]))
Training group 4, split 2
	Early stopping at epoch 40
	Y Train Labels:(array([0., 1.], dtype=float32), array([138, 599]))
	Y Val Labels:(array([0.], dtype=float32), array([368]))
Training group 4, split 3
	Early stopping at epoch 27
	Y Train Labels:(array([0., 1.], dtype=float32), array([506, 599]))
	Y Val Labels:(array([0.], dtype=float32), array([368]))
Done.
	Creating sequence for 'onus'... Training group 5, split 1
	Y Train Labels:(array([1.], dtype=float32), array([218]))
	Y Val Labels:(array([1.], dtype=float32), array([217]))
Training group 5, split 2
	Y Train Labels:(array([1.], dtype=float32), array([435]))
	Y Val Labels:(array([1.], dtype=float32), array([217]))
Training group 5, split 3
	Y Train Labels:(array([1.], dtype=float32), array([652]))
	Y Val Labels:(array([1.], dtype=float32), array([217]))
Done.
	Creating sequence for 'platypus-finance'... Training group 6, split 1
	Y Train Labels:(array([0., 1.], dtype=float32), array([177,  62]))
	Y Val Labels:(array([0.], dtype=float32), array([237]))
Training group 6, split 2
	Y Train Labels:(array([0., 1.], dtype=float32), array([414,  62]))
	Y Val Labels:(array([0.], dtype=float32), array([237]))
Training group 6, split 3
	Y Train Labels:(array([0., 1.], dtype=float32), array([651,  62]))
	Y Val Labels:(array([0.], dtype=float32), array([237]))
Done.
	Creating sequence for 'wrapped-fantom'... Training group 7, split 1
	Y Train Labels:(array([1.], dtype=float32), array([289]))
	Y Val Labels:(array([1.], dtype=float32), array([287]))
Training group 7, split 2
	Y Train Labels:(array([1.], dtype=float32), array([576]))
	Y Val Labels:(array([1.], dtype=float32), array([287]))
Training group 7, split 3
