


--------------------------------------------------
Starting lstm.py at '2024-10-25 12:25:30.623199'.
Reading './balancedDataset.json'... Done.
Total training Data: 1030
DAOs trained so far:585
Size of training set: 136
Size of test set: 309
Preparing data for training...
Preparing data for testing...
Parameters:
	Num epochs: 60
	Initial learning rate: 0.001
	Patience: 12
	Window size: 60
	Timeseries splits: 3
	Minimum number of timeseries datapoints: 64
Gradient boosting params: 
	{"max_depth": 3, "learning_rate": 0.05, "n_estimators": 100, "objective": "binary:logistic", "eval_metric": "logloss"}
	Creating sequence for 'electric-vehicle-zone'... Training group 0, split 1
	Y Train Labels:(array([1.], dtype=float32), array([79]))
	Y Val Labels:(array([1.], dtype=float32), array([79]))
Training group 0, split 2
	Early stopping at epoch 13
	Y Train Labels:(array([1.], dtype=float32), array([158]))
	Y Val Labels:(array([0., 1.], dtype=float32), array([16, 63]))
Training group 0, split 3
	Early stopping at epoch 52
	Y Train Labels:(array([0., 1.], dtype=float32), array([ 16, 221]))
	Y Val Labels:(array([0.], dtype=float32), array([79]))
Done.
	Creating sequence for 'solend'... Training group 1, split 1
	Y Train Labels:(array([1.], dtype=float32), array([153]))
	Y Val Labels:(array([1.], dtype=float32), array([151]))
Training group 1, split 2
	Y Train Labels:(array([1.], dtype=float32), array([304]))
	Y Val Labels:(array([1.], dtype=float32), array([151]))
Training group 1, split 3
	Y Train Labels:(array([1.], dtype=float32), array([455]))
	Y Val Labels:(array([1.], dtype=float32), array([151]))
Done.
	Creating sequence for 'dprating'... Training group 2, split 1
	Y Train Labels:(array([1.], dtype=float32), array([531]))
	Y Val Labels:(array([1.], dtype=float32), array([531]))
Training group 2, split 2
	Y Train Labels:(array([1.], dtype=float32), array([1062]))
	Y Val Labels:(array([1.], dtype=float32), array([531]))
Training group 2, split 3
	Early stopping at epoch 13
	Y Train Labels:(array([1.], dtype=float32), array([1593]))
	Y Val Labels:(array([0., 1.], dtype=float32), array([161, 370]))
Done.
	Creating sequence for 'bitcoin-atom'... Training group 3, split 1
	Y Train Labels:(array([1.], dtype=float32), array([570]))
	Y Val Labels:(array([1.], dtype=float32), array([569]))
Training group 3, split 2
	Early stopping at epoch 28
	Y Train Labels:(array([1.], dtype=float32), array([1139]))
	Y Val Labels:(array([1.], dtype=float32), array([569]))
Training group 3, split 3
	Y Train Labels:(array([1.], dtype=float32), array([1708]))
	Y Val Labels:(array([1.], dtype=float32), array([569]))
Done.
	Creating sequence for 'cartesi'... Training group 4, split 1
	Y Train Labels:(array([1.], dtype=float32), array([371]))
	Y Val Labels:(array([1.], dtype=float32), array([371]))
Training group 4, split 2
	Y Train Labels:(array([1.], dtype=float32), array([742]))
	Y Val Labels:(array([1.], dtype=float32), array([371]))
Training group 4, split 3
	Y Train Labels:(array([1.], dtype=float32), array([1113]))
	Y Val Labels:(array([1.], dtype=float32), array([371]))
Done.
	Creating sequence for 'aventus'... Training group 5, split 1
	Y Train Labels:(array([1.], dtype=float32), array([230]))
	Y Val Labels:(array([1.], dtype=float32), array([230]))
Training group 5, split 2
	Y Train Labels:(array([1.], dtype=float32), array([460]))
	Y Val Labels:(array([1.], dtype=float32), array([230]))
Training group 5, split 3
	Y Train Labels:(array([1.], dtype=float32), array([690]))
	Y Val Labels:(array([1.], dtype=float32), array([230]))
Done.
	Creating sequence for 'konomi-network'... Training group 6, split 1
	Early stopping at epoch 13
	Y Train Labels:(array([1.], dtype=float32), array([301]))
	Y Val Labels:(array([0., 1.], dtype=float32), array([272,  26]))
Training group 6, split 2
	Early stopping at epoch 33
	Y Train Labels:(array([0., 1.], dtype=float32), array([272, 327]))
	Y Val Labels:(array([0.], dtype=float32), array([298]))
Training group 6, split 3
	Early stopping at epoch 23
	Y Train Labels:(array([0., 1.], dtype=float32), array([570, 327]))
	Y Val Labels:(array([0.], dtype=float32), array([298]))
Done.
	Creating sequence for 'zksync'... Training group 7, split 1
	Y Train Labels:(array([1.], dtype=float32), array([10]))
	Y Val Labels:(array([1.], dtype=float32), array([10]))
Training group 7, split 2
	Y Train Labels:(array([1.], dtype=float32), array([20]))
	Y Val Labels:(array([1.], dtype=float32), array([10]))
Training group 7, split 3
	Y Train Labels:(array([1.], dtype=float32), array([30]))
	Y Val Labels:(array([1.], dtype=float32), array([10]))
Done.
	Creating sequence for 'okb'... Training group 8, split 1
	Y Train Labels:(array([1.], dtype=float32), array([231]))
	Y Val Labels:(array([1.], dtype=float32), array([231]))
Training group 8, split 2
	Y Train Labels:(array([1.], dtype=float32), array([462]))
	Y Val Labels:(array([1.], dtype=float32), array([231]))
Training group 8, split 3
