


--------------------------------------------------
Starting lstm.py at '2024-10-27 00:35:51.146604'.
Reading '../classifiedDAOs.json'... Done.
Total training Data: 1578
DAOs trained so far:869
Size of training set: 235
Size of test set: 474
Preparing data for training...
Preparing data for testing...
Parameters:
	Num epochs: 60
	Initial learning rate: 0.001
	Patience: 12
	Window size: 60
	Timeseries splits: 3
	Minimum number of timeseries datapoints: 64
Gradient boosting params: 
	{"max_depth": 3, "learning_rate": 0.05, "n_estimators": 100, "objective": "binary:logistic", "eval_metric": "logloss"}
	Creating sequence for 'newyorkcoin'... Training group 0, split 1
	Y Train Labels:(array([0.], dtype=float32), array([383]))
	Y Val Labels:(array([0.], dtype=float32), array([380]))
Training group 0, split 2
	Y Train Labels:(array([0.], dtype=float32), array([763]))
	Y Val Labels:(array([0.], dtype=float32), array([380]))
Training group 0, split 3
	Y Train Labels:(array([0.], dtype=float32), array([1143]))
	Y Val Labels:(array([0.], dtype=float32), array([380]))
Done.
	Creating sequence for 'pepe-2-0'... Training group 1, split 1
	Y Train Labels:(array([0.], dtype=float32), array([101]))
	Y Val Labels:(array([0.], dtype=float32), array([98]))
Training group 1, split 2
	Y Train Labels:(array([0.], dtype=float32), array([199]))
	Y Val Labels:(array([0.], dtype=float32), array([98]))
Training group 1, split 3
	Y Train Labels:(array([0.], dtype=float32), array([297]))
	Y Val Labels:(array([0.], dtype=float32), array([98]))
Done.
	Creating sequence for 'rei-network'... Training group 2, split 1
	Y Train Labels:(array([1.], dtype=float32), array([187]))
	Y Val Labels:(array([1.], dtype=float32), array([187]))
Training group 2, split 2
	Y Train Labels:(array([1.], dtype=float32), array([374]))
	Y Val Labels:(array([1.], dtype=float32), array([187]))
Training group 2, split 3
	Y Train Labels:(array([1.], dtype=float32), array([561]))
	Y Val Labels:(array([1.], dtype=float32), array([187]))
Done.
	Creating sequence for 'gochain'... Training group 3, split 1
	Y Train Labels:(array([1.], dtype=float32), array([550]))
	Y Val Labels:(array([1.], dtype=float32), array([549]))
Training group 3, split 2
	Early stopping at epoch 13
	Y Train Labels:(array([1.], dtype=float32), array([1099]))
	Y Val Labels:(array([0., 1.], dtype=float32), array([ 13, 536]))
Training group 3, split 3
