


--------------------------------------------------
Starting lstm.py at '2024-10-11 18:38:24.399536'.
Reading './isDaoActiveData(4).json'... Done.
Total training Data: 379
Size of training set: 265
Size of test set: 114
Preparing data for training...
<torch.utils.data.dataloader.DataLoader object at 0x11a66f800>
Preparing data for testing...
Trained so far:43
Parameters:
	Num epochs: 30
	Initial learning rate: 0.001
	Patience: 12
	Window size: 60
	Timeseries splits: 3
	Minimum number of timeseries datapoints: 64
Gradient boosting params: 
	{"max_depth": 3, "learning_rate": 0.05, "n_estimators": 100, "objective": "binary:logistic", "eval_metric": "logloss"}
	Creating sequence for 'celo-dollar'... Done.
Training group 0, split 1
	Early stopping at epoch 13
	Y Train Labels:(array([1.], dtype=float32), array([349]))
	Y Val Labels:(array([1.], dtype=float32), array([349]))
Training group 0, split 2
	Early stopping at epoch 13
	Y Train Labels:(array([1.], dtype=float32), array([698]))
	Y Val Labels:(array([1.], dtype=float32), array([349]))
Training group 0, split 3
	Early stopping at epoch 13
	Y Train Labels:(array([1.], dtype=float32), array([1047]))
	Y Val Labels:(array([1.], dtype=float32), array([349]))
	Creating sequence for 'axie-infinity'... Done.
Training group 1, split 1
	Early stopping at epoch 13
	Y Train Labels:(array([1.], dtype=float32), array([342]))
	Y Val Labels:(array([1.], dtype=float32), array([339]))
Training group 1, split 2
	Early stopping at epoch 13
	Y Train Labels:(array([1.], dtype=float32), array([681]))
	Y Val Labels:(array([0., 1.], dtype=float32), array([255,  84]))
Training group 1, split 3
	Early stopping at epoch 13
	Y Train Labels:(array([0., 1.], dtype=float32), array([255, 765]))
	Y Val Labels:(array([0.], dtype=float32), array([339]))
	Creating sequence for 'antimatter'... Done.
Training group 2, split 1
	Early stopping at epoch 13
	Y Train Labels:(array([1.], dtype=float32), array([308]))
	Y Val Labels:(array([0., 1.], dtype=float32), array([  4, 304]))
Training group 2, split 2
	Early stopping at epoch 13
	Y Train Labels:(array([0., 1.], dtype=float32), array([  4, 612]))
	Y Val Labels:(array([0.], dtype=float32), array([308]))
Training group 2, split 3
	Early stopping at epoch 13
	Y Train Labels:(array([0., 1.], dtype=float32), array([312, 612]))
	Y Val Labels:(array([0.], dtype=float32), array([308]))
	Creating sequence for 'boba-network'... Done.
Training group 3, split 1
	Early stopping at epoch 13
	Y Train Labels:(array([1.], dtype=float32), array([247]))
	Y Val Labels:(array([0., 1.], dtype=float32), array([ 89, 155]))
Training group 3, split 2
	Early stopping at epoch 13
	Y Train Labels:(array([0., 1.], dtype=float32), array([ 89, 402]))
	Y Val Labels:(array([0.], dtype=float32), array([244]))
Training group 3, split 3
	Early stopping at epoch 13
	Y Train Labels:(array([0., 1.], dtype=float32), array([333, 402]))
	Y Val Labels:(array([0.], dtype=float32), array([244]))
	Creating sequence for 'acute-angle-cloud'... Done.
Training group 4, split 1
	Early stopping at epoch 13
	Y Train Labels:(array([1.], dtype=float32), array([555]))
	Y Val Labels:(array([0., 1.], dtype=float32), array([151, 402]))
Training group 4, split 2
	Early stopping at epoch 13
	Y Train Labels:(array([0., 1.], dtype=float32), array([151, 957]))
	Y Val Labels:(array([0.], dtype=float32), array([553]))
Training group 4, split 3
	Early stopping at epoch 13
	Y Train Labels:(array([0., 1.], dtype=float32), array([704, 957]))
	Y Val Labels:(array([0.], dtype=float32), array([553]))
	Creating sequence for 'celo'... Done.
Training group 5, split 1
	Early stopping at epoch 13
	Y Train Labels:(array([1.], dtype=float32), array([384]))
	Y Val Labels:(array([1.], dtype=float32), array([381]))
Training group 5, split 2
	Early stopping at epoch 13
	Y Train Labels:(array([1.], dtype=float32), array([765]))
	Y Val Labels:(array([1.], dtype=float32), array([381]))
Training group 5, split 3
	Early stopping at epoch 13
	Y Train Labels:(array([1.], dtype=float32), array([1146]))
	Y Val Labels:(array([1.], dtype=float32), array([381]))
	Creating sequence for 'aragon'... Done.
Training group 6, split 1
	Early stopping at epoch 13
	Y Train Labels:(array([1.], dtype=float32), array([659]))
	Y Val Labels:(array([1.], dtype=float32), array([656]))
Training group 6, split 2
	Early stopping at epoch 13
	Y Train Labels:(array([1.], dtype=float32), array([1315]))
	Y Val Labels:(array([1.], dtype=float32), array([656]))
Training group 6, split 3
	Early stopping at epoch 13
	Y Train Labels:(array([1.], dtype=float32), array([1971]))
	Y Val Labels:(array([1.], dtype=float32), array([656]))
	Creating sequence for 'bitcoin-diamond'... Done.
Training group 7, split 1
	Early stopping at epoch 13
	Y Train Labels:(array([1.], dtype=float32), array([610]))
	Y Val Labels:(array([1.], dtype=float32), array([609]))
Training group 7, split 2
	Early stopping at epoch 13
	Y Train Labels:(array([1.], dtype=float32), array([1219]))
	Y Val Labels:(array([0., 1.], dtype=float32), array([295, 314]))
Training group 7, split 3
	Early stopping at epoch 13
	Y Train Labels:(array([0., 1.], dtype=float32), array([ 295, 1533]))
	Y Val Labels:(array([0.], dtype=float32), array([609]))
	Creating sequence for 'credits'... Done.
Training group 8, split 1
	Early stopping at epoch 13
	Y Train Labels:(array([1.], dtype=float32), array([586]))
	Y Val Labels:(array([1.], dtype=float32), array([584]))
Training group 8, split 2
	Early stopping at epoch 13
	Y Train Labels:(array([1.], dtype=float32), array([1170]))
	Y Val Labels:(array([1.], dtype=float32), array([584]))
Training group 8, split 3
	Early stopping at epoch 13
	Y Train Labels:(array([1.], dtype=float32), array([1754]))
	Y Val Labels:(array([1.], dtype=float32), array([584]))
	Creating sequence for 'alchemix'... Done.
Training group 9, split 1
	Early stopping at epoch 13
	Y Train Labels:(array([1.], dtype=float32), array([313]))
	Y Val Labels:(array([1.], dtype=float32), array([310]))
Training group 9, split 2
	Early stopping at epoch 13
	Y Train Labels:(array([1.], dtype=float32), array([623]))
	Y Val Labels:(array([1.], dtype=float32), array([310]))
Training group 9, split 3
	Early stopping at epoch 13
	Y Train Labels:(array([1.], dtype=float32), array([933]))
	Y Val Labels:(array([1.], dtype=float32), array([310]))
	Creating sequence for 'conceal'... Done.
Training group 10, split 1
	Early stopping at epoch 13
	Y Train Labels:(array([1.], dtype=float32), array([387]))
	Y Val Labels:(array([1.], dtype=float32), array([387]))
Training group 10, split 2
	Early stopping at epoch 13
	Y Train Labels:(array([1.], dtype=float32), array([774]))
	Y Val Labels:(array([1.], dtype=float32), array([387]))
Training group 10, split 3
	Early stopping at epoch 13
	Y Train Labels:(array([1.], dtype=float32), array([1161]))
	Y Val Labels:(array([1.], dtype=float32), array([387]))
	Creating sequence for 'bnktothefuture'... Done.
Training group 11, split 1
	Early stopping at epoch 13
	Y Train Labels:(array([1.], dtype=float32), array([582]))
	Y Val Labels:(array([1.], dtype=float32), array([579]))
Training group 11, split 2
	Early stopping at epoch 13
	Y Train Labels:(array([1.], dtype=float32), array([1161]))
	Y Val Labels:(array([1.], dtype=float32), array([579]))
Training group 11, split 3
	Early stopping at epoch 13
	Y Train Labels:(array([1.], dtype=float32), array([1740]))
	Y Val Labels:(array([0., 1.], dtype=float32), array([575,   4]))
	Creating sequence for 'aurora-near'... Done.
Training group 12, split 1
	Early stopping at epoch 13
	Y Train Labels:(array([1.], dtype=float32), array([240]))
	Y Val Labels:(array([1.], dtype=float32), array([240]))
Training group 12, split 2
	Early stopping at epoch 13
	Y Train Labels:(array([1.], dtype=float32), array([480]))
	Y Val Labels:(array([1.], dtype=float32), array([240]))
Training group 12, split 3
	Early stopping at epoch 13
	Y Train Labels:(array([1.], dtype=float32), array([720]))
	Y Val Labels:(array([1.], dtype=float32), array([240]))
	Creating sequence for 'amber'... Done.
Training group 13, split 1
	Early stopping at epoch 13
	Y Train Labels:(array([1.], dtype=float32), array([610]))
	Y Val Labels:(array([1.], dtype=float32), array([607]))
Training group 13, split 2
	Early stopping at epoch 13
	Y Train Labels:(array([1.], dtype=float32), array([1217]))
	Y Val Labels:(array([0., 1.], dtype=float32), array([590,  17]))
Training group 13, split 3
	Early stopping at epoch 13
	Y Train Labels:(array([0., 1.], dtype=float32), array([ 590, 1234]))
	Y Val Labels:(array([0.], dtype=float32), array([607]))
	Creating sequence for 'bamboo-defi'... Done.
Training group 14, split 1
	Early stopping at epoch 13
	Y Train Labels:(array([0., 1.], dtype=float32), array([174, 120]))
	Y Val Labels:(array([0.], dtype=float32), array([294]))
Training group 14, split 2
	Early stopping at epoch 13
	Y Train Labels:(array([0., 1.], dtype=float32), array([468, 120]))
	Y Val Labels:(array([0.], dtype=float32), array([294]))
Training group 14, split 3
	Early stopping at epoch 13
	Y Train Labels:(array([0., 1.], dtype=float32), array([762, 120]))
	Y Val Labels:(array([0.], dtype=float32), array([294]))
	Creating sequence for 'astar'... Done.
Training group 15, split 1
	Early stopping at epoch 13
	Y Train Labels:(array([1.], dtype=float32), array([231]))
	Y Val Labels:(array([1.], dtype=float32), array([230]))
Training group 15, split 2
	Early stopping at epoch 13
	Y Train Labels:(array([1.], dtype=float32), array([461]))
	Y Val Labels:(array([1.], dtype=float32), array([230]))
Training group 15, split 3
	Early stopping at epoch 13
	Y Train Labels:(array([1.], dtype=float32), array([691]))
	Y Val Labels:(array([1.], dtype=float32), array([230]))
	Creating sequence for 'armor'... Done.
Training group 16, split 1
	Early stopping at epoch 13
	Y Train Labels:(array([1.], dtype=float32), array([295]))
	Y Val Labels:(array([0., 1.], dtype=float32), array([263,  30]))
Training group 16, split 2
	Early stopping at epoch 13
	Y Train Labels:(array([0., 1.], dtype=float32), array([263, 325]))
	Y Val Labels:(array([0.], dtype=float32), array([293]))
Training group 16, split 3
	Early stopping at epoch 13
	Y Train Labels:(array([0., 1.], dtype=float32), array([556, 325]))
	Y Val Labels:(array([0.], dtype=float32), array([293]))
	Creating sequence for 'biconomy'... Done.
Training group 17, split 1
	Early stopping at epoch 13
	Y Train Labels:(array([1.], dtype=float32), array([243]))
	Y Val Labels:(array([1.], dtype=float32), array([242]))
Training group 17, split 2
	Early stopping at epoch 13
	Y Train Labels:(array([1.], dtype=float32), array([485]))
	Y Val Labels:(array([1.], dtype=float32), array([242]))
Training group 17, split 3
	Early stopping at epoch 13
	Y Train Labels:(array([1.], dtype=float32), array([727]))
	Y Val Labels:(array([1.], dtype=float32), array([242]))
	Creating sequence for 'cudos'... Done.
Training group 18, split 1
	Early stopping at epoch 13
	Y Train Labels:(array([1.], dtype=float32), array([319]))
	Y Val Labels:(array([1.], dtype=float32), array([317]))
Training group 18, split 2
	Early stopping at epoch 13
	Y Train Labels:(array([1.], dtype=float32), array([636]))
	Y Val Labels:(array([1.], dtype=float32), array([317]))
Training group 18, split 3
	Early stopping at epoch 13
	Y Train Labels:(array([1.], dtype=float32), array([953]))
	Y Val Labels:(array([1.], dtype=float32), array([317]))
	Creating sequence for 'convex-finance'... Done.
Training group 19, split 1
	Early stopping at epoch 13
	Y Train Labels:(array([1.], dtype=float32), array([293]))
	Y Val Labels:(array([1.], dtype=float32), array([291]))
Training group 19, split 2
	Early stopping at epoch 13
	Y Train Labels:(array([1.], dtype=float32), array([584]))
	Y Val Labels:(array([1.], dtype=float32), array([291]))
Training group 19, split 3
	Early stopping at epoch 13
	Y Train Labels:(array([1.], dtype=float32), array([875]))
	Y Val Labels:(array([1.], dtype=float32), array([291]))
	Creating sequence for 'cypherium'... Done.
Training group 20, split 1
	Early stopping at epoch 13
	Y Train Labels:(array([1.], dtype=float32), array([214]))
	Y Val Labels:(array([1.], dtype=float32), array([214]))
Training group 20, split 2
	Early stopping at epoch 13
	Y Train Labels:(array([1.], dtype=float32), array([428]))
	Y Val Labels:(array([1.], dtype=float32), array([214]))
Training group 20, split 3
	Early stopping at epoch 13
	Y Train Labels:(array([1.], dtype=float32), array([642]))
	Y Val Labels:(array([1.], dtype=float32), array([214]))
	Creating sequence for 'birake'... Done.
Training group 21, split 1
	Early stopping at epoch 13
	Y Train Labels:(array([1.], dtype=float32), array([533]))
	Y Val Labels:(array([0., 1.], dtype=float32), array([270, 262]))
Training group 21, split 2
	Early stopping at epoch 13
	Y Train Labels:(array([0., 1.], dtype=float32), array([270, 795]))
	Y Val Labels:(array([0.], dtype=float32), array([532]))
Training group 21, split 3
	Early stopping at epoch 13
	Y Train Labels:(array([0., 1.], dtype=float32), array([802, 795]))
	Y Val Labels:(array([0.], dtype=float32), array([532]))
	Creating sequence for 'ariva'... Done.
Training group 22, split 1
	Early stopping at epoch 13
	Y Train Labels:(array([1.], dtype=float32), array([265]))
	Y Val Labels:(array([0., 1.], dtype=float32), array([157, 108]))
Training group 22, split 2
	Early stopping at epoch 13
	Y Train Labels:(array([0., 1.], dtype=float32), array([157, 373]))
	Y Val Labels:(array([0.], dtype=float32), array([265]))
Training group 22, split 3
	Early stopping at epoch 13
	Y Train Labels:(array([0., 1.], dtype=float32), array([422, 373]))
	Y Val Labels:(array([0.], dtype=float32), array([265]))
	Creating sequence for 'bao-finance'... Done.
Training group 23, split 1
	Early stopping at epoch 13
	Y Train Labels:(array([1.], dtype=float32), array([306]))
	Y Val Labels:(array([1.], dtype=float32), array([304]))
Training group 23, split 2
	Early stopping at epoch 13
	Y Train Labels:(array([1.], dtype=float32), array([610]))
	Y Val Labels:(array([0., 1.], dtype=float32), array([101, 203]))
Training group 23, split 3
	Early stopping at epoch 13
	Y Train Labels:(array([0., 1.], dtype=float32), array([101, 813]))
	Y Val Labels:(array([0.], dtype=float32), array([304]))
	Creating sequence for 'axis-defi'... Done.
Training group 24, split 1
	Early stopping at epoch 13
	Y Train Labels:(array([1.], dtype=float32), array([361]))
	Y Val Labels:(array([0., 1.], dtype=float32), array([263,  95]))
Training group 24, split 2
	Early stopping at epoch 13
	Y Train Labels:(array([0., 1.], dtype=float32), array([263, 456]))
	Y Val Labels:(array([0.], dtype=float32), array([358]))
Training group 24, split 3
	Early stopping at epoch 13
	Y Train Labels:(array([0., 1.], dtype=float32), array([621, 456]))
	Y Val Labels:(array([0.], dtype=float32), array([358]))
	Creating sequence for 'aergo'... Done.
Training group 25, split 1
	Early stopping at epoch 13
	Y Train Labels:(array([1.], dtype=float32), array([513]))
	Y Val Labels:(array([1.], dtype=float32), array([512]))
Training group 25, split 2
	Early stopping at epoch 13
	Y Train Labels:(array([1.], dtype=float32), array([1025]))
	Y Val Labels:(array([1.], dtype=float32), array([512]))
Training group 25, split 3
	Early stopping at epoch 13
	Y Train Labels:(array([1.], dtype=float32), array([1537]))
	Y Val Labels:(array([1.], dtype=float32), array([512]))
	Creating sequence for 'audius'... Done.
Training group 26, split 1
	Early stopping at epoch 13
	Y Train Labels:(array([1.], dtype=float32), array([336]))
	Y Val Labels:(array([1.], dtype=float32), array([335]))
Training group 26, split 2
	Early stopping at epoch 13
	Y Train Labels:(array([1.], dtype=float32), array([671]))
	Y Val Labels:(array([1.], dtype=float32), array([335]))
Training group 26, split 3
	Early stopping at epoch 13
	Y Train Labels:(array([1.], dtype=float32), array([1006]))
	Y Val Labels:(array([1.], dtype=float32), array([335]))
	Creating sequence for 'dacxi'... Done.
Training group 27, split 1
	Early stopping at epoch 13
	Y Train Labels:(array([1.], dtype=float32), array([249]))
	Y Val Labels:(array([1.], dtype=float32), array([248]))
Training group 27, split 2
	Early stopping at epoch 13
	Y Train Labels:(array([1.], dtype=float32), array([497]))
	Y Val Labels:(array([1.], dtype=float32), array([248]))
Training group 27, split 3
	Early stopping at epoch 13
	Y Train Labels:(array([1.], dtype=float32), array([745]))
	Y Val Labels:(array([0., 1.], dtype=float32), array([164,  84]))
	Creating sequence for 'covalent'... Done.
Training group 28, split 1
	Early stopping at epoch 13
	Y Train Labels:(array([1.], dtype=float32), array([283]))
	Y Val Labels:(array([1.], dtype=float32), array([282]))
Training group 28, split 2
	Early stopping at epoch 13
	Y Train Labels:(array([1.], dtype=float32), array([565]))
	Y Val Labels:(array([1.], dtype=float32), array([282]))
Training group 28, split 3
	Early stopping at epoch 13
	Y Train Labels:(array([1.], dtype=float32), array([847]))
	Y Val Labels:(array([1.], dtype=float32), array([282]))
	Creating sequence for 'burger-swap'... Done.
Training group 29, split 1
	Early stopping at epoch 13
	Y Train Labels:(array([1.], dtype=float32), array([343]))
	Y Val Labels:(array([1.], dtype=float32), array([340]))
Training group 29, split 2
	Early stopping at epoch 13
	Y Train Labels:(array([1.], dtype=float32), array([683]))
	Y Val Labels:(array([0., 1.], dtype=float32), array([276,  64]))
Training group 29, split 3
	Early stopping at epoch 13
	Y Train Labels:(array([0., 1.], dtype=float32), array([276, 747]))
	Y Val Labels:(array([0.], dtype=float32), array([340]))
	Creating sequence for 'cashaa'... Done.
Training group 30, split 1
	Early stopping at epoch 13
	Y Train Labels:(array([1.], dtype=float32), array([573]))
	Y Val Labels:(array([1.], dtype=float32), array([571]))
Training group 30, split 2
	Early stopping at epoch 13
	Y Train Labels:(array([1.], dtype=float32), array([1144]))
	Y Val Labels:(array([0., 1.], dtype=float32), array([479,  92]))
Training group 30, split 3
	Early stopping at epoch 13
	Y Train Labels:(array([0., 1.], dtype=float32), array([ 479, 1236]))
	Y Val Labels:(array([0.], dtype=float32), array([571]))
	Creating sequence for 'ampleforth-governance-token'... Done.
Training group 31, split 1
	Early stopping at epoch 13
	Y Train Labels:(array([1.], dtype=float32), array([298]))
	Y Val Labels:(array([1.], dtype=float32), array([298]))
Training group 31, split 2
	Early stopping at epoch 13
	Y Train Labels:(array([1.], dtype=float32), array([596]))
	Y Val Labels:(array([1.], dtype=float32), array([298]))
Training group 31, split 3
	Early stopping at epoch 13
	Y Train Labels:(array([1.], dtype=float32), array([894]))
	Y Val Labels:(array([1.], dtype=float32), array([298]))
	Creating sequence for 'blockv'... Done.
Training group 32, split 1
	Early stopping at epoch 13
	Y Train Labels:(array([1.], dtype=float32), array([602]))
	Y Val Labels:(array([1.], dtype=float32), array([602]))
Training group 32, split 2
	Early stopping at epoch 13
	Y Train Labels:(array([1.], dtype=float32), array([1204]))
	Y Val Labels:(array([1.], dtype=float32), array([602]))
Training group 32, split 3
	Early stopping at epoch 13
	Y Train Labels:(array([1.], dtype=float32), array([1806]))
	Y Val Labels:(array([1.], dtype=float32), array([602]))
	Creating sequence for '88mph'... Done.
Training group 33, split 1
	Early stopping at epoch 13
	Y Train Labels:(array([1.], dtype=float32), array([336]))
	Y Val Labels:(array([0., 1.], dtype=float32), array([266,  69]))
Training group 33, split 2
	Early stopping at epoch 13
	Y Train Labels:(array([0., 1.], dtype=float32), array([266, 405]))
	Y Val Labels:(array([0.], dtype=float32), array([335]))
Training group 33, split 3
	Early stopping at epoch 13
	Y Train Labels:(array([0., 1.], dtype=float32), array([601, 405]))
	Y Val Labels:(array([0.], dtype=float32), array([335]))
	Creating sequence for 'conun'... Done.
Training group 34, split 1
	Early stopping at epoch 13
	Y Train Labels:(array([1.], dtype=float32), array([381]))
	Y Val Labels:(array([1.], dtype=float32), array([380]))
Training group 34, split 2
	Early stopping at epoch 13
	Y Train Labels:(array([1.], dtype=float32), array([761]))
	Y Val Labels:(array([1.], dtype=float32), array([380]))
Training group 34, split 3
	Early stopping at epoch 13
	Y Train Labels:(array([1.], dtype=float32), array([1141]))
	Y Val Labels:(array([0., 1.], dtype=float32), array([ 90, 290]))
	Creating sequence for 'counterparty'... Done.
Training group 35, split 1
	Early stopping at epoch 13
	Y Train Labels:(array([1.], dtype=float32), array([750]))
	Y Val Labels:(array([1.], dtype=float32), array([750]))
Training group 35, split 2
	Early stopping at epoch 13
	Y Train Labels:(array([1.], dtype=float32), array([1500]))
	Y Val Labels:(array([1.], dtype=float32), array([750]))
Training group 35, split 3
	Early stopping at epoch 13
	Y Train Labels:(array([1.], dtype=float32), array([2250]))
	Y Val Labels:(array([1.], dtype=float32), array([750]))
	Creating sequence for 'apm-coin'... Done.
Training group 36, split 1
	Early stopping at epoch 13
	Y Train Labels:(array([0.], dtype=float32), array([420]))
	Y Val Labels:(array([0.], dtype=float32), array([418]))
Training group 36, split 2
	Early stopping at epoch 13
	Y Train Labels:(array([0.], dtype=float32), array([838]))
	Y Val Labels:(array([0.], dtype=float32), array([418]))
Training group 36, split 3
	Early stopping at epoch 13
	Y Train Labels:(array([0.], dtype=float32), array([1256]))
	Y Val Labels:(array([0.], dtype=float32), array([418]))
	Creating sequence for 'convergence'... Done.
Training group 37, split 1
	Early stopping at epoch 13
	Y Train Labels:(array([1.], dtype=float32), array([304]))
	Y Val Labels:(array([0., 1.], dtype=float32), array([239,  65]))
Training group 37, split 2
	Early stopping at epoch 13
	Y Train Labels:(array([0., 1.], dtype=float32), array([239, 369]))
	Y Val Labels:(array([0.], dtype=float32), array([304]))
Training group 37, split 3
	Early stopping at epoch 13
	Y Train Labels:(array([0., 1.], dtype=float32), array([543, 369]))
	Y Val Labels:(array([0.], dtype=float32), array([304]))
	Creating sequence for 'babyswap'... Done.
Training group 38, split 1
	Early stopping at epoch 13
	Y Train Labels:(array([1.], dtype=float32), array([287]))
	Y Val Labels:(array([1.], dtype=float32), array([286]))
Training group 38, split 2
	Early stopping at epoch 13
	Y Train Labels:(array([1.], dtype=float32), array([573]))
	Y Val Labels:(array([0., 1.], dtype=float32), array([278,   8]))
Training group 38, split 3
	Early stopping at epoch 13
	Y Train Labels:(array([0., 1.], dtype=float32), array([278, 581]))
	Y Val Labels:(array([0.], dtype=float32), array([286]))
	Creating sequence for 'cardano'... Done.
Training group 39, split 1
	Early stopping at epoch 13
	Y Train Labels:(array([1.], dtype=float32), array([625]))
	Y Val Labels:(array([1.], dtype=float32), array([622]))
Training group 39, split 2
	Early stopping at epoch 13
	Y Train Labels:(array([1.], dtype=float32), array([1247]))
	Y Val Labels:(array([1.], dtype=float32), array([622]))
Training group 39, split 3
	Early stopping at epoch 13
	Y Train Labels:(array([1.], dtype=float32), array([1869]))
	Y Val Labels:(array([1.], dtype=float32), array([622]))
	Creating sequence for 'bitcoin-atom'... Done.
Training group 40, split 1
	Early stopping at epoch 13
	Y Train Labels:(array([1.], dtype=float32), array([598]))
	Y Val Labels:(array([1.], dtype=float32), array([596]))
Training group 40, split 2
	Early stopping at epoch 13
	Y Train Labels:(array([1.], dtype=float32), array([1194]))
	Y Val Labels:(array([1.], dtype=float32), array([596]))
Training group 40, split 3
	Early stopping at epoch 13
	Y Train Labels:(array([1.], dtype=float32), array([1790]))
	Y Val Labels:(array([0., 1.], dtype=float32), array([ 59, 537]))
	Creating sequence for 'blind-boxes'... Done.
Training group 41, split 1
	Early stopping at epoch 13
	Y Train Labels:(array([1.], dtype=float32), array([298]))
	Y Val Labels:(array([0., 1.], dtype=float32), array([245,  51]))
Training group 41, split 2
	Early stopping at epoch 13
	Y Train Labels:(array([0., 1.], dtype=float32), array([245, 349]))
	Y Val Labels:(array([0.], dtype=float32), array([296]))
Training group 41, split 3
	Early stopping at epoch 13
	Y Train Labels:(array([0., 1.], dtype=float32), array([541, 349]))
	Y Val Labels:(array([0.], dtype=float32), array([296]))
	Creating sequence for 'bondly'... Done.
Training group 42, split 1
	Early stopping at epoch 13
	Y Train Labels:(array([1.], dtype=float32), array([324]))
	Y Val Labels:(array([0., 1.], dtype=float32), array([ 45, 277]))
Training group 42, split 2
	Early stopping at epoch 13
	Y Train Labels:(array([0., 1.], dtype=float32), array([ 45, 601]))
	Y Val Labels:(array([0.], dtype=float32), array([322]))
Training group 42, split 3
	Early stopping at epoch 13
	Y Train Labels:(array([0., 1.], dtype=float32), array([367, 601]))
	Y Val Labels:(array([0.], dtype=float32), array([322]))
	Creating sequence for 'basic-attention-token'... Done.
Training group 43, split 1
	Early stopping at epoch 13
	Y Train Labels:(array([1.], dtype=float32), array([654]))
	Y Val Labels:(array([1.], dtype=float32), array([653]))
Training group 43, split 2
	Early stopping at epoch 13
	Y Train Labels:(array([1.], dtype=float32), array([1307]))
	Y Val Labels:(array([1.], dtype=float32), array([653]))
Training group 43, split 3
	Early stopping at epoch 13
	Y Train Labels:(array([1.], dtype=float32), array([1960]))
	Y Val Labels:(array([1.], dtype=float32), array([653]))
	Creating sequence for 'adshares'... Done.
Training group 44, split 1
	Early stopping at epoch 13
	Y Train Labels:(array([1.], dtype=float32), array([636]))
	Y Val Labels:(array([1.], dtype=float32), array([635]))
Training group 44, split 2
	Early stopping at epoch 13
	Y Train Labels:(array([1.], dtype=float32), array([1271]))
	Y Val Labels:(array([1.], dtype=float32), array([635]))
Training group 44, split 3
	Early stopping at epoch 13
	Y Train Labels:(array([1.], dtype=float32), array([1906]))
	Y Val Labels:(array([0., 1.], dtype=float32), array([439, 196]))
	Creating sequence for 'cindicator'... Done.
Training group 45, split 1
	Early stopping at epoch 13
	Y Train Labels:(array([1.], dtype=float32), array([620]))
	Y Val Labels:(array([1.], dtype=float32), array([617]))
Training group 45, split 2
	Early stopping at epoch 13
	Y Train Labels:(array([1.], dtype=float32), array([1237]))
	Y Val Labels:(array([1.], dtype=float32), array([617]))
Training group 45, split 3
	Early stopping at epoch 13
	Y Train Labels:(array([1.], dtype=float32), array([1854]))
	Y Val Labels:(array([0., 1.], dtype=float32), array([479, 138]))
	Creating sequence for 'barnbridge'... Done.
Training group 46, split 1
	Early stopping at epoch 13
	Y Train Labels:(array([1.], dtype=float32), array([323]))
	Y Val Labels:(array([0., 1.], dtype=float32), array([149, 172]))
Training group 46, split 2
	Early stopping at epoch 13
	Y Train Labels:(array([0., 1.], dtype=float32), array([149, 495]))
	Y Val Labels:(array([0.], dtype=float32), array([321]))
Training group 46, split 3
	Early stopping at epoch 13
	Y Train Labels:(array([0., 1.], dtype=float32), array([470, 495]))
	Y Val Labels:(array([0.], dtype=float32), array([321]))
	Creating sequence for 'akropolis'... Done.
Training group 47, split 1
	Early stopping at epoch 13
	Y Train Labels:(array([1.], dtype=float32), array([461]))
	Y Val Labels:(array([1.], dtype=float32), array([458]))
Training group 47, split 2
