


--------------------------------------------------
Starting lstm.py at '2024-10-24 23:19:51.936024'.
Reading './balancedDataset.json'... Done.
Total training Data: 1030
DAOs trained so far:334
Size of training set: 387
Size of test set: 309
Preparing data for training...
Preparing data for testing...
Parameters:
	Num epochs: 60
	Initial learning rate: 0.001
	Patience: 12
	Window size: 60
	Timeseries splits: 3
	Minimum number of timeseries datapoints: 64
Gradient boosting params: 
	{"max_depth": 3, "learning_rate": 0.05, "n_estimators": 100, "objective": "binary:logistic", "eval_metric": "logloss"}
	Creating sequence for 'decentr'... Training group 0, split 1
	Y Train Labels:(array([1.], dtype=float32), array([349]))
	Y Val Labels:(array([1.], dtype=float32), array([349]))
Training group 0, split 2
	Y Train Labels:(array([1.], dtype=float32), array([698]))
	Y Val Labels:(array([1.], dtype=float32), array([349]))
Training group 0, split 3
	Early stopping at epoch 13
	Y Train Labels:(array([1.], dtype=float32), array([1047]))
	Y Val Labels:(array([0., 1.], dtype=float32), array([118, 231]))
Done.
	Creating sequence for 'blockbank'... Training group 1, split 1
	Y Train Labels:(array([1.], dtype=float32), array([294]))
	Y Val Labels:(array([1.], dtype=float32), array([291]))
Training group 1, split 2
	Y Train Labels:(array([1.], dtype=float32), array([585]))
	Y Val Labels:(array([1.], dtype=float32), array([291]))
Training group 1, split 3
	Early stopping at epoch 13
	Y Train Labels:(array([1.], dtype=float32), array([876]))
	Y Val Labels:(array([0., 1.], dtype=float32), array([245,  46]))
Done.
	Creating sequence for 'litentry'... Training group 2, split 1
	Y Train Labels:(array([1.], dtype=float32), array([308]))
	Y Val Labels:(array([1.], dtype=float32), array([305]))
Training group 2, split 2
	Y Train Labels:(array([1.], dtype=float32), array([613]))
	Y Val Labels:(array([1.], dtype=float32), array([305]))
Training group 2, split 3
	Y Train Labels:(array([1.], dtype=float32), array([918]))
	Y Val Labels:(array([1.], dtype=float32), array([305]))
Done.
	Creating sequence for 'solama'... Training group 3, split 1
	Y Train Labels:(array([1.], dtype=float32), array([50]))
	Y Val Labels:(array([1.], dtype=float32), array([49]))
Training group 3, split 2
	Y Train Labels:(array([1.], dtype=float32), array([99]))
	Y Val Labels:(array([1.], dtype=float32), array([49]))
Training group 3, split 3
	Y Train Labels:(array([1.], dtype=float32), array([148]))
	Y Val Labels:(array([1.], dtype=float32), array([49]))
Done.
	Creating sequence for 'dingocoin'... Training group 4, split 1
	Y Train Labels:(array([1.], dtype=float32), array([238]))
	Y Val Labels:(array([1.], dtype=float32), array([238]))
Training group 4, split 2
	Y Train Labels:(array([1.], dtype=float32), array([476]))
	Y Val Labels:(array([1.], dtype=float32), array([238]))
Training group 4, split 3
	Y Train Labels:(array([1.], dtype=float32), array([714]))
	Y Val Labels:(array([1.], dtype=float32), array([238]))
Done.
	Creating sequence for 'haedal-staked-sui'... Training group 5, split 1
	Y Train Labels:(array([1.], dtype=float32), array([41]))
	Y Val Labels:(array([1.], dtype=float32), array([41]))
Training group 5, split 2
	Early stopping at epoch 28
	Y Train Labels:(array([1.], dtype=float32), array([82]))
	Y Val Labels:(array([1.], dtype=float32), array([41]))
Training group 5, split 3
	Early stopping at epoch 13
	Y Train Labels:(array([1.], dtype=float32), array([123]))
	Y Val Labels:(array([1.], dtype=float32), array([41]))
Done.
	Creating sequence for 'digg'... Training group 6, split 1
	Y Train Labels:(array([1.], dtype=float32), array([315]))
	Y Val Labels:(array([1.], dtype=float32), array([315]))
Training group 6, split 2
	Y Train Labels:(array([1.], dtype=float32), array([630]))
	Y Val Labels:(array([1.], dtype=float32), array([315]))
Training group 6, split 3
	Y Train Labels:(array([1.], dtype=float32), array([945]))
	Y Val Labels:(array([1.], dtype=float32), array([315]))
Done.
	Creating sequence for 'pip'... Training group 7, split 1
	Y Train Labels:(array([1.], dtype=float32), array([131]))
	Y Val Labels:(array([1.], dtype=float32), array([128]))
Training group 7, split 2
	Y Train Labels:(array([1.], dtype=float32), array([259]))
	Y Val Labels:(array([1.], dtype=float32), array([128]))
Training group 7, split 3
	Y Train Labels:(array([1.], dtype=float32), array([387]))
	Y Val Labels:(array([1.], dtype=float32), array([128]))
Done.
	Creating sequence for 'district0x'... Training group 8, split 1
	Y Train Labels:(array([1.], dtype=float32), array([593]))
	Y Val Labels:(array([1.], dtype=float32), array([591]))
Training group 8, split 2
