


--------------------------------------------------
Starting lstm.py at '2024-10-27 01:48:09.265954'.
Reading '../classifiedDAOs.json'... Done.
Total training Data: 1578
DAOs trained so far:1047
Size of training set: 57
Size of test set: 474
Preparing data for training...
Preparing data for testing...
Parameters:
	Num epochs: 60
	Initial learning rate: 0.001
	Patience: 12
	Window size: 60
	Timeseries splits: 3
	Minimum number of timeseries datapoints: 64
Gradient boosting params: 
	{"max_depth": 3, "learning_rate": 0.05, "n_estimators": 100, "objective": "binary:logistic", "eval_metric": "logloss"}
	Creating sequence for 'sora'... Training group 0, split 1
	Y Train Labels:(array([1.], dtype=float32), array([351]))
	Y Val Labels:(array([1.], dtype=float32), array([348]))
Training group 0, split 2
	Y Train Labels:(array([1.], dtype=float32), array([699]))
	Y Val Labels:(array([1.], dtype=float32), array([348]))
Training group 0, split 3
	Y Train Labels:(array([1.], dtype=float32), array([1047]))
	Y Val Labels:(array([1.], dtype=float32), array([348]))
Done.
	Creating sequence for 'dogechain'... Training group 1, split 1
	Y Train Labels:(array([1.], dtype=float32), array([127]))
	Y Val Labels:(array([1.], dtype=float32), array([124]))
Training group 1, split 2
	Y Train Labels:(array([1.], dtype=float32), array([251]))
	Y Val Labels:(array([1.], dtype=float32), array([124]))
Training group 1, split 3
	Y Train Labels:(array([1.], dtype=float32), array([375]))
	Y Val Labels:(array([1.], dtype=float32), array([124]))
Done.
	Creating sequence for 'iguverse'... Training group 2, split 1
	Y Train Labels:(array([1.], dtype=float32), array([132]))
	Y Val Labels:(array([1.], dtype=float32), array([131]))
Training group 2, split 2
	Early stopping at epoch 13
	Y Train Labels:(array([1.], dtype=float32), array([263]))
	Y Val Labels:(array([0., 1.], dtype=float32), array([64, 67]))
Training group 2, split 3
	Early stopping at epoch 30
	Y Train Labels:(array([0., 1.], dtype=float32), array([ 64, 330]))
	Y Val Labels:(array([0.], dtype=float32), array([131]))
Done.
	Creating sequence for 'just'... Training group 3, split 1
	Y Train Labels:(array([1.], dtype=float32), array([370]))
	Y Val Labels:(array([1.], dtype=float32), array([370]))
Training group 3, split 2
	Y Train Labels:(array([1.], dtype=float32), array([740]))
	Y Val Labels:(array([1.], dtype=float32), array([370]))
Training group 3, split 3
	Y Train Labels:(array([1.], dtype=float32), array([1110]))
	Y Val Labels:(array([1.], dtype=float32), array([370]))
Done.
	Creating sequence for 'kimchi-finance'... Training group 4, split 1
	Y Train Labels:(array([0.], dtype=float32), array([164]))
	Y Val Labels:(array([0.], dtype=float32), array([164]))
Training group 4, split 2
	Y Train Labels:(array([0.], dtype=float32), array([328]))
	Y Val Labels:(array([0.], dtype=float32), array([164]))
Training group 4, split 3
	Y Train Labels:(array([0.], dtype=float32), array([492]))
	Y Val Labels:(array([0.], dtype=float32), array([164]))
Done.
	Creating sequence for 'ink'... Training group 5, split 1
	Early stopping at epoch 13
	Y Train Labels:(array([0., 1.], dtype=float32), array([112, 450]))
	Y Val Labels:(array([0.], dtype=float32), array([559]))
Training group 5, split 2
