


--------------------------------------------------
Starting lstm.py at '2024-10-23 19:24:50.670897'.
Reading '../classifiedDAOs.json'... Done.
Total training Data: 1578
DAOs trained so far:451
Size of training set: 653
Size of test set: 474
Preparing data for training...
Preparing data for testing...
Parameters:
	Num epochs: 60
	Initial learning rate: 0.001
	Patience: 12
	Window size: 60
	Timeseries splits: 3
	Minimum number of timeseries datapoints: 64
Gradient boosting params: 
	{"max_depth": 3, "learning_rate": 0.05, "n_estimators": 100, "objective": "binary:logistic", "eval_metric": "logloss"}
	Creating sequence for 'silent-notary'... Training group 0, split 1
	Y Train Labels:(array([1.], dtype=float32), array([483]))
	Y Val Labels:(array([1.], dtype=float32), array([482]))
Training group 0, split 2
	Y Train Labels:(array([1.], dtype=float32), array([965]))
	Y Val Labels:(array([1.], dtype=float32), array([482]))
Training group 0, split 3
	Early stopping at epoch 13
	Y Train Labels:(array([1.], dtype=float32), array([1447]))
	Y Val Labels:(array([0., 1.], dtype=float32), array([392,  90]))
Done.
	Creating sequence for 'team-vitality-fan-token'... Training group 1, split 1
	Early stopping at epoch 44
	Y Train Labels:(array([0., 1.], dtype=float32), array([ 83, 191]))
	Y Val Labels:(array([0.], dtype=float32), array([273]))
Training group 1, split 2
	Early stopping at epoch 39
	Y Train Labels:(array([0., 1.], dtype=float32), array([356, 191]))
	Y Val Labels:(array([0.], dtype=float32), array([273]))
Training group 1, split 3
	Early stopping at epoch 34
	Y Train Labels:(array([0., 1.], dtype=float32), array([629, 191]))
	Y Val Labels:(array([0.], dtype=float32), array([273]))
Done.
	Creating sequence for 'dora-factory'... Training group 2, split 1
	Y Train Labels:(array([1.], dtype=float32), array([171]))
	Y Val Labels:(array([1.], dtype=float32), array([168]))
Training group 2, split 2
	Y Train Labels:(array([1.], dtype=float32), array([339]))
	Y Val Labels:(array([1.], dtype=float32), array([168]))
Training group 2, split 3
	Y Train Labels:(array([1.], dtype=float32), array([507]))
	Y Val Labels:(array([1.], dtype=float32), array([168]))
Done.
	Creating sequence for 'roobee'... Training group 3, split 1
	Y Train Labels:(array([1.], dtype=float32), array([426]))
	Y Val Labels:(array([1.], dtype=float32), array([423]))
Training group 3, split 2
	Early stopping at epoch 13
	Y Train Labels:(array([1.], dtype=float32), array([849]))
	Y Val Labels:(array([0., 1.], dtype=float32), array([419,   4]))
Training group 3, split 3
	Early stopping at epoch 41
	Y Train Labels:(array([0., 1.], dtype=float32), array([419, 853]))
	Y Val Labels:(array([0.], dtype=float32), array([423]))
Done.
	Creating sequence for 'swipe'... Training group 4, split 1
	Y Train Labels:(array([1.], dtype=float32), array([213]))
	Y Val Labels:(array([1.], dtype=float32), array([211]))
Training group 4, split 2
	Y Train Labels:(array([1.], dtype=float32), array([424]))
	Y Val Labels:(array([1.], dtype=float32), array([211]))
Training group 4, split 3
	Y Train Labels:(array([1.], dtype=float32), array([635]))
	Y Val Labels:(array([1.], dtype=float32), array([211]))
Done.
	Creating sequence for 'celestia'... Training group 5, split 1
	Y Train Labels:(array([1.], dtype=float32), array([69]))
	Y Val Labels:(array([1.], dtype=float32), array([67]))
Training group 5, split 2
	Y Train Labels:(array([1.], dtype=float32), array([136]))
	Y Val Labels:(array([1.], dtype=float32), array([67]))
Training group 5, split 3
	Y Train Labels:(array([1.], dtype=float32), array([203]))
	Y Val Labels:(array([1.], dtype=float32), array([67]))
Done.
	Creating sequence for 'calcium'... Training group 6, split 1
	Y Train Labels:(array([1.], dtype=float32), array([78]))
	Y Val Labels:(array([1.], dtype=float32), array([77]))
Training group 6, split 2
	Early stopping at epoch 13
	Y Train Labels:(array([1.], dtype=float32), array([155]))
	Y Val Labels:(array([0., 1.], dtype=float32), array([ 7, 70]))
Training group 6, split 3
	Y Train Labels:(array([0., 1.], dtype=float32), array([  7, 225]))
	Y Val Labels:(array([0.], dtype=float32), array([77]))
Done.
	Creating sequence for 'storm'... Training group 7, split 1
	Early stopping at epoch 13
	Y Train Labels:(array([1.], dtype=float32), array([582]))
	Y Val Labels:(array([1.], dtype=float32), array([580]))
Training group 7, split 2
