


--------------------------------------------------
Starting lstm.py at '2024-10-27 00:14:58.245005'.
Reading '../classifiedDAOs.json'... Done.
Total training Data: 1578
DAOs trained so far:821
Size of training set: 283
Size of test set: 474
Preparing data for training...
Preparing data for testing...
Parameters:
	Num epochs: 60
	Initial learning rate: 0.001
	Patience: 12
	Window size: 60
	Timeseries splits: 3
	Minimum number of timeseries datapoints: 64
Gradient boosting params: 
	{"max_depth": 3, "learning_rate": 0.05, "n_estimators": 100, "objective": "binary:logistic", "eval_metric": "logloss"}
	Creating sequence for 'bitcoin-cash'... Training group 0, split 1
	Y Train Labels:(array([1.], dtype=float32), array([640]))
	Y Val Labels:(array([1.], dtype=float32), array([640]))
Training group 0, split 2
	Early stopping at epoch 13
	Y Train Labels:(array([1.], dtype=float32), array([1280]))
	Y Val Labels:(array([0., 1.], dtype=float32), array([361, 279]))
Training group 0, split 3
	Early stopping at epoch 31
	Y Train Labels:(array([0., 1.], dtype=float32), array([ 361, 1559]))
	Y Val Labels:(array([0.], dtype=float32), array([640]))
Done.
	Creating sequence for 'natus-vincere-fan-token'... Training group 1, split 1
	Early stopping at epoch 28
	Y Train Labels:(array([0., 1.], dtype=float32), array([181, 138]))
	Y Val Labels:(array([0.], dtype=float32), array([319]))
Training group 1, split 2
	Y Train Labels:(array([0., 1.], dtype=float32), array([500, 138]))
	Y Val Labels:(array([0.], dtype=float32), array([319]))
Training group 1, split 3
	Y Train Labels:(array([0., 1.], dtype=float32), array([819, 138]))
	Y Val Labels:(array([0.], dtype=float32), array([319]))
Done.
	Creating sequence for 'sohotrn'... Training group 2, split 1
	Early stopping at epoch 13
	Y Train Labels:(array([0., 1.], dtype=float32), array([32,  5]))
	Y Val Labels:(array([0.], dtype=float32), array([35]))
Training group 2, split 2
	Early stopping at epoch 31
	Y Train Labels:(array([0., 1.], dtype=float32), array([67,  5]))
	Y Val Labels:(array([0.], dtype=float32), array([35]))
Training group 2, split 3
	Early stopping at epoch 13
	Y Train Labels:(array([0., 1.], dtype=float32), array([102,   5]))
	Y Val Labels:(array([0.], dtype=float32), array([35]))
Done.
	Creating sequence for 'bitcoin-atom'... Training group 3, split 1
	Y Train Labels:(array([1.], dtype=float32), array([570]))
	Y Val Labels:(array([1.], dtype=float32), array([569]))
Training group 3, split 2
	Y Train Labels:(array([1.], dtype=float32), array([1139]))
	Y Val Labels:(array([1.], dtype=float32), array([569]))
Training group 3, split 3
