


--------------------------------------------------
Starting lstm.py at '2024-10-10 13:52:10.603331'.
Reading './isDaoActiveData(4).json'... Done.
Total training Data: 379
Size of training set: 265
Size of test set: 114
Preparing data for training...
	Creating sequence for 'chiliz'... Hello(1, 5)
Done.
	Creating sequence for 'alphabet-erc404'... Hello(1, 5)
Done.
	Creating sequence for 'across-protocol'... Hello(1, 5)
Done.
	Creating sequence for 'clore-ai'... Hello(1, 5)
Done.
	Creating sequence for 'alchemist'... Hello(1, 5)
Done.
	Creating sequence for 'cnns'... Hello(1, 5)
Done.
	Creating sequence for 'bnktothefuture'... Hello(1, 5)
Done.
	Creating sequence for 'cornucopias'... Hello(1, 5)
Done.
	Creating sequence for 'aave-busd'... Skipped.
	Creating sequence for 'base-protocol'... Hello(1, 5)
Done.
	Creating sequence for 'algorand'... Hello(1, 5)
Done.
	Creating sequence for '0x0-ai-ai-smart-contract'... Hello(1, 5)
Done.
	Creating sequence for 'bytom'... Hello(1, 5)
Done.
	Creating sequence for 'as-roma-fan-token'... Hello(1, 5)
Done.
	Creating sequence for 'cajutel'... Hello(1, 5)
Done.
	Creating sequence for 'chainbing'... Hello(1, 5)
Done.
	Creating sequence for 'calcium'... Hello(1, 5)
Done.
	Creating sequence for 'belt'... Hello(1, 5)
Done.
	Creating sequence for 'baasid'... Hello(1, 5)
Done.
	Creating sequence for 'cobak-token'... Hello(1, 5)
Done.
	Creating sequence for 'agatech'... Hello(1, 5)
Done.
	Creating sequence for 'clearpool'... Hello(1, 5)
Done.
	Creating sequence for 'bridge-mutual'... Hello(1, 5)
Done.
	Creating sequence for 'bitget-wallet-token'... Hello(1, 5)
Done.
	Creating sequence for 'chainx'... Hello(1, 5)
Done.
	Creating sequence for 'anyswap'... Hello(1, 5)
Done.
	Creating sequence for 'botto'... Hello(1, 5)
Done.
	Creating sequence for 'bitcoin'... Hello(1, 5)
Done.
	Creating sequence for 'centrifuge'... Hello(1, 5)
Done.
	Creating sequence for 'basis-cash'... Hello(1, 5)
Done.
	Creating sequence for 'bolt'... Hello(1, 5)
Done.
	Creating sequence for 'creo-engine'... Hello(1, 5)
Done.
	Creating sequence for 'band-protocol'... Hello(1, 5)
Done.
	Creating sequence for 'celestia'... Hello(1, 5)
Done.
	Creating sequence for 'antimatter'... Hello(1, 5)
Done.
	Creating sequence for 'bistroo'... Hello(1, 5)
Done.
	Creating sequence for 'aipad'... Hello(1, 5)
Done.
	Creating sequence for 'bidao'... Hello(1, 5)
Done.
	Creating sequence for 'bitmart-token'... Hello(1, 5)
Done.
	Creating sequence for 'blocknet'... Hello(1, 5)
Done.
	Creating sequence for 'aviator'... Hello(1, 5)
Done.
	Creating sequence for 'ark'... Hello(1, 5)
Done.
	Creating sequence for 'bifrost'... Hello(1, 5)
Done.
	Creating sequence for 'assemble-protocol'... Hello(1, 5)
Done.
	Creating sequence for 'aergo'... Hello(1, 5)
Done.
	Creating sequence for 'artrade'... Hello(1, 5)
Done.
	Creating sequence for 'access-protocol'... Hello(1, 5)
Done.
	Creating sequence for 'aurusx'... Hello(1, 5)
Done.
	Creating sequence for 'affyn'... Hello(1, 5)
Done.
	Creating sequence for 'adapad'... Hello(1, 5)
Done.
	Creating sequence for 'crypto-asset-governance-alliance'... Hello(1, 5)
Done.
	Creating sequence for 'compound-basic-attention-token'... Hello(1, 5)
Done.
	Creating sequence for 'aave-usdt'... Skipped.
	Creating sequence for 'apy-finance'... Hello(1, 5)
Done.
	Creating sequence for 'arweave'... Hello(1, 5)
Done.
	Creating sequence for 'ageofgods'... Hello(1, 5)
Done.
	Creating sequence for 'biswap'... Hello(1, 5)
Done.
	Creating sequence for 'dafi-protocol'... Hello(1, 5)
Done.
	Creating sequence for 'biconomy'... Hello(1, 5)
Done.
	Creating sequence for 'cumrocket'... Hello(1, 5)
Done.
	Creating sequence for 'beoble'... Hello(1, 5)
Done.
	Creating sequence for 'apm-coin'... Hello(1, 5)
Done.
	Creating sequence for 'bottos'... Hello(1, 5)
Done.
	Creating sequence for 'aave-usdc'... Skipped.
	Creating sequence for 'bullperks'... Hello(1, 5)
Done.
	Creating sequence for 'bittorrent'... Hello(1, 5)
Done.
	Creating sequence for 'aurory'... Hello(1, 5)
Done.
	Creating sequence for 'acala'... Hello(1, 5)
Done.
	Creating sequence for 'banano'... Hello(1, 5)
Done.
	Creating sequence for 'aston-martin-cognizant-fan-token'... Hello(1, 5)
Done.
	Creating sequence for 'argent'... Skipped.
	Creating sequence for 'celo-dollar'... Hello(1, 5)
Done.
	Creating sequence for 'blendr-network'... Hello(1, 5)
Done.
	Creating sequence for 'adamant-messenger'... Hello(1, 5)
Done.
	Creating sequence for 'compound-ether'... Hello(1, 5)
Done.
	Creating sequence for 'cloudbric'... Hello(1, 5)
Done.
	Creating sequence for 'achain'... Hello(1, 5)
Done.
	Creating sequence for 'ben-the-dog'... Hello(1, 5)
Done.
	Creating sequence for 'arkham'... Hello(1, 5)
Done.
	Creating sequence for 'cellframe'... Hello(1, 5)
Done.
	Creating sequence for 'basic-attention-token'... Hello(1, 5)
Done.
	Creating sequence for 'connex'... Hello(1, 5)
Done.
	Creating sequence for 'coinsbit-token'... Hello(1, 5)
Done.
	Creating sequence for 'chronicle'... Hello(1, 5)
Done.
	Creating sequence for 'dacxi'... Hello(1, 5)
Done.
	Creating sequence for 'arcs'... Hello(1, 5)
Done.
	Creating sequence for 'billionhappiness'... Hello(1, 5)
Done.
	Creating sequence for 'burger-swap'... Hello(1, 5)
Done.
	Creating sequence for '1inch'... Hello(1, 5)
Done.
	Creating sequence for 'binance-usd'... Hello(1, 5)
Done.
	Creating sequence for 'beyond-finance'... Hello(1, 5)
Done.
	Creating sequence for 'binemon'... Hello(1, 5)
Done.
	Creating sequence for 'b20'... Hello(1, 5)
Done.
	Creating sequence for 'bemo-staked-ton'... Hello(1, 5)
Done.
	Creating sequence for 'aeron'... Hello(1, 5)
Done.
	Creating sequence for 'coldstack'... Hello(1, 5)
Done.
	Creating sequence for 'brz'... Hello(1, 5)
Done.
	Creating sequence for 'blockstack'... Hello(1, 5)
Done.
	Creating sequence for 'bamboo-defi'... Hello(1, 5)
Done.
	Creating sequence for 'astroswap'... Hello(1, 5)
Done.
	Creating sequence for 'barnbridge'... Hello(1, 5)
Done.
	Creating sequence for 'bitcoin-wizards'... Hello(1, 5)
Done.
	Creating sequence for 'commune-ai'... Hello(1, 5)
Done.
	Creating sequence for 'alva'... Hello(1, 5)
Done.
	Creating sequence for 'balpha'... Hello(1, 5)
Done.
	Creating sequence for 'cardano'... Hello(1, 5)
Done.
	Creating sequence for 'alvey-chain'... Hello(1, 5)
Done.
	Creating sequence for 'adreward'... Hello(1, 5)
Done.
	Creating sequence for 'acorn-protocol'... Hello(1, 5)
Done.
	Creating sequence for 'bitcoin-cash'... Hello(1, 5)
Done.
	Creating sequence for 'bazaars'... Hello(1, 5)
Done.
	Creating sequence for 'cere-network'... Hello(1, 5)
Done.
	Creating sequence for 'bnsd-finance'... Hello(1, 5)
Done.
	Creating sequence for 'bitball-treasure'... Hello(1, 5)
Done.
	Creating sequence for 'airight'... Hello(1, 5)
Done.
	Creating sequence for 'auto'... Hello(1, 5)
Done.
	Creating sequence for 'comtech-gold'... Hello(1, 5)
Done.
	Creating sequence for 'bluzelle'... Hello(1, 5)
Done.
	Creating sequence for 'bitkub-coin'... Hello(1, 5)
Done.
	Creating sequence for 'aston-villa-fan-token'... Hello(1, 5)
Done.
	Creating sequence for 'crash-on-base'... Hello(1, 5)
Done.
	Creating sequence for 'aeon'... Hello(1, 5)
Done.
	Creating sequence for 'alchemix'... Hello(1, 5)
Done.
	Creating sequence for 'bitball'... Hello(1, 5)
Done.
	Creating sequence for 'beefy-finance'... Hello(1, 5)
Done.
	Creating sequence for 'calamari-network'... Hello(1, 5)
Done.
	Creating sequence for 'crown-by-third-time-games'... Hello(1, 5)
Done.
	Creating sequence for 'apeswap-finance'... Hello(1, 5)
Done.
	Creating sequence for 'ait-protocol'... Hello(1, 5)
Done.
	Creating sequence for 'ampleforth-governance-token'... Hello(1, 5)
Done.
	Creating sequence for 'aion'... Hello(1, 5)
Done.
	Creating sequence for 'autonio'... Hello(1, 5)
Done.
	Creating sequence for 'airtor-protocol'... Hello(1, 5)
Done.
	Creating sequence for 'acquire-fi'... Hello(1, 5)
Done.
	Creating sequence for 'aptos'... Hello(1, 5)
Done.
	Creating sequence for 'cyberfi'... Hello(1, 5)
Done.
	Creating sequence for 'carvertical'... Hello(1, 5)
Done.
	Creating sequence for 'captain-tsubasa'... Hello(1, 5)
Done.
	Creating sequence for 'bitcoin-diamond'... Hello(1, 5)
Done.
	Creating sequence for 'bitcoin-gold'... Hello(1, 5)
Done.
	Creating sequence for 'cotrader'... Hello(1, 5)
Done.
	Creating sequence for 'coin98'... Hello(1, 5)
Done.
	Creating sequence for 'convex-finance'... Hello(1, 5)
Done.
	Creating sequence for 'alpine-f1-team-fan-token'... Hello(1, 5)
Done.
	Creating sequence for 'ampleforth'... Hello(1, 5)
Done.
	Creating sequence for 'airswap'... Hello(1, 5)
Done.
	Creating sequence for 'aerodrome-finance'... Hello(1, 5)
Done.
	Creating sequence for 'blackcardcoin'... Hello(1, 5)
Done.
	Creating sequence for 'ambo'... Skipped.
	Creating sequence for 'bepro-network'... Hello(1, 5)
Done.
	Creating sequence for 'azuki'... Hello(1, 5)
Done.
	Creating sequence for 'aioz-network'... Hello(1, 5)
Done.
	Creating sequence for 'astar'... Hello(1, 5)
Done.
	Creating sequence for 'augur'... Hello(1, 5)
Done.
	Creating sequence for 'adshares'... Hello(1, 5)
Done.
	Creating sequence for 'ceres'... Hello(1, 5)
Done.
	Creating sequence for 'constitutiondao'... Hello(1, 5)
Done.
	Creating sequence for 'aragon'... Hello(1, 5)
Done.
	Creating sequence for 'areon-network'... Hello(1, 5)
Done.
	Creating sequence for 'ai-analysis-token'... Hello(1, 5)
Done.
	Creating sequence for 'armor'... Hello(1, 5)
Done.
	Creating sequence for 'bitshares'... Hello(1, 5)
Done.
	Creating sequence for 'cryptozoon'... Hello(1, 5)
Done.
	Creating sequence for 'bitdao'... Hello(1, 5)
Done.
	Creating sequence for 'convergence'... Hello(1, 5)
Done.
	Creating sequence for 'contentos'... Hello(1, 5)
Done.
	Creating sequence for 'alitas'... Hello(1, 5)
Done.
	Creating sequence for 'akita-inu'... Hello(1, 5)
Done.
	Creating sequence for 'aeternity'... Hello(1, 5)
Done.
	Creating sequence for 'brainlet'... Skipped.
	Creating sequence for 'bread'... Hello(1, 5)
Done.
	Creating sequence for 'contentbox'... Hello(1, 5)
Done.
	Creating sequence for 'bad-idea-ai'... Hello(1, 5)
Done.
	Creating sequence for 'crypto-ai-robo'... Hello(1, 5)
Done.
	Creating sequence for 'blind-boxes'... Hello(1, 5)
Done.
	Creating sequence for 'beam'... Hello(1, 5)
Done.
	Creating sequence for 'alien-worlds'... Hello(1, 5)
Done.
	Creating sequence for 'banana-gun'... Hello(1, 5)
Done.
	Creating sequence for 'aave-mana'... Skipped.
	Creating sequence for 'amino'... Hello(1, 5)
Done.
	Creating sequence for 'cashaa'... Hello(1, 5)
Done.
	Creating sequence for 'catcoin'... Hello(1, 5)
Done.
	Creating sequence for 'birake'... Hello(1, 5)
Done.
	Creating sequence for 'altered-state-token'... Hello(1, 5)
Done.
	Creating sequence for 'bonfida'... Hello(1, 5)
Done.
	Creating sequence for 'bakerytoken'... Hello(1, 5)
Done.
	Creating sequence for 'aave-link'... Skipped.
	Creating sequence for 'credefi'... Hello(1, 5)
Done.
	Creating sequence for 'bella-protocol'... Hello(1, 5)
Done.
	Creating sequence for 'ardor'... Hello(1, 5)
Done.
	Creating sequence for 'acknoledger'... Hello(1, 5)
Done.
	Creating sequence for 'cryptogpt'... Hello(1, 5)
Done.
	Creating sequence for 'civic'... Hello(1, 5)
Done.
	Creating sequence for 'bifi'... Hello(1, 5)
Done.
	Creating sequence for 'axelar'... Hello(1, 5)
Done.
	Creating sequence for 'amepay'... Hello(1, 5)
Done.
	Creating sequence for 'clube-atletico-mineiro-fan-token'... Hello(1, 5)
Done.
	Creating sequence for 'cyclone-protocol'... Hello(1, 5)
Done.
	Creating sequence for 'apenft'... Hello(1, 5)
Done.
	Creating sequence for 'celo'... Hello(1, 5)
Done.
	Creating sequence for 'coinweb'... Hello(1, 5)
Done.
	Creating sequence for 'concordium'... Hello(1, 5)
Done.
	Creating sequence for 'chex-token'... Hello(1, 5)
Done.
	Creating sequence for 'coinex-token'... Hello(1, 5)
Done.
	Creating sequence for 'appcoins'... Hello(1, 5)
Done.
	Creating sequence for 'boba-network'... Hello(1, 5)
Done.
	Creating sequence for 'arcona'... Hello(1, 5)
Done.
	Creating sequence for 'azuro-protocol'... Hello(1, 5)
Done.
	Creating sequence for 'aave-tusd'... Skipped.
	Creating sequence for 'babb'... Hello(1, 5)
Done.
	Creating sequence for 'cult-dao'... Hello(1, 5)
Done.
	Creating sequence for 'avail'... Skipped.
	Creating sequence for 'amond'... Hello(1, 5)
Done.
	Creating sequence for 'akash-network'... Hello(1, 5)
Done.
	Creating sequence for 'bitcicoin'... Hello(1, 5)
Done.
	Creating sequence for 'aave-knc'... Skipped.
	Creating sequence for '0x'... Hello(1, 5)
Done.
	Creating sequence for 'billy'... Hello(1, 5)
Done.
	Creating sequence for 'bbs-network'... Hello(1, 5)
Done.
	Creating sequence for 'atlas-navi'... Hello(1, 5)
Done.
	Creating sequence for 'api3'... Hello(1, 5)
Done.
	Creating sequence for 'andy-on-sol'... Hello(1, 5)
Done.
	Creating sequence for 'credits'... Hello(1, 5)
Done.
	Creating sequence for '5ire'... Hello(1, 5)
Done.
	Creating sequence for 'aethir'... Hello(1, 5)
Done.
	Creating sequence for 'axie-infinity'... Hello(1, 5)
Done.
	Creating sequence for 'compound-uniswap'... Hello(1, 5)
Done.
	Creating sequence for 'beta-finance'... Hello(1, 5)
Done.
	Creating sequence for 'blockasset'... Hello(1, 5)
Done.
	Creating sequence for 'art-de-finance'... Hello(1, 5)
Done.
	Creating sequence for '3space-art'... Hello(1, 5)
Done.
	Creating sequence for 'carry'... Hello(1, 5)
Done.
	Creating sequence for 'amber'... Hello(1, 5)
Done.
	Creating sequence for 'alephium'... Hello(1, 5)
Done.
	Creating sequence for 'bibox-token'... Hello(1, 5)
Done.
	Creating sequence for 'boson-protocol'... Hello(1, 5)
Done.
	Creating sequence for 'arcblock'... Hello(1, 5)
Done.
	Creating sequence for 'circuits-of-value'... Hello(1, 5)
Done.
	Creating sequence for 'book-of-meme'... Hello(1, 5)
Done.
	Creating sequence for 'aventus'... Hello(1, 5)
Done.
	Creating sequence for 'adappter-token'... Hello(1, 5)
Done.
	Creating sequence for '404aliens'... Hello(1, 5)
Done.
	Creating sequence for 'cratos'... Hello(1, 5)
Done.
	Creating sequence for 'cartesi'... Hello(1, 5)
Done.
	Creating sequence for 'choise'... Hello(1, 5)
Done.
	Creating sequence for 'amaterasu-omikami'... Hello(1, 5)
Done.
	Creating sequence for 'adventure-gold'... Hello(1, 5)
Done.
	Creating sequence for 'celer-network'... Hello(1, 5)
Done.
	Creating sequence for 'bitpanda-ecosystem-token'... Hello(1, 5)
Done.
	Creating sequence for 'celo-euro'... Hello(1, 5)
Done.
	Creating sequence for 'bomb'... Hello(1, 5)
Done.
	Creating sequence for 'cosmos'... Hello(1, 5)
Done.
	Creating sequence for 'cudos'... Hello(1, 5)
Done.
	Creating sequence for 'bora'... Hello(1, 5)
Done.
	Creating sequence for 'altlayer'... Hello(1, 5)
Done.
	Creating sequence for 'aave-dai'... Skipped.
	Creating sequence for 'aimalls'... Hello(1, 5)
Done.
	Creating sequence for 'bitrock'... Hello(1, 5)
Done.
	Creating sequence for 'acute-angle-cloud'... Hello(1, 5)
Done.
	Creating sequence for 'blocery'... Hello(1, 5)
Done.
	Creating sequence for 'beamswap'... Hello(1, 5)
Done.
	Creating sequence for 'alkimi'... Hello(1, 5)
Done.
	Creating sequence for 'attila'... Hello(1, 5)
Done.
	Creating sequence for 'brickken'... Hello(1, 5)
Done.
	Creating sequence for 'alethea-artificial-liquid-intelligence-token'... Hello(1, 5)
Done.
Preparing data for testing...
	Creating sequence for 'cetus-protocol'... Hello(1, 5)
Done.
	Creating sequence for 'aave-snx'... Skipped.
	Creating sequence for 'axel'... Hello(1, 5)
Done.
	Creating sequence for 'bao-finance'... Hello(1, 5)
Done.
	Creating sequence for 'babyswap'... Hello(1, 5)
Done.
	Creating sequence for 'blockchain-monster-hunt'... Hello(1, 5)
Done.
	Creating sequence for 'conun'... Hello(1, 5)
Done.
	Creating sequence for 'brn-metaverse'... Hello(1, 5)
Done.
	Creating sequence for 'berry-data'... Hello(1, 5)
Done.
	Creating sequence for 'aave-bat'... Skipped.
	Creating sequence for 'ankr'... Hello(1, 5)
Done.
	Creating sequence for 'bondly'... Hello(1, 5)
Done.
	Creating sequence for 'cryptofranc'... Hello(1, 5)
Done.
	Creating sequence for 'crowns'... Hello(1, 5)
Done.
	Creating sequence for 'bosagora'... Hello(1, 5)
Done.
	Creating sequence for 'bobo-coin'... Hello(1, 5)
Done.
	Creating sequence for 'coinfi'... Hello(1, 5)
Done.
	Creating sequence for 'crvusd'... Hello(1, 5)
Done.
	Creating sequence for '88mph'... Hello(1, 5)
Done.
	Creating sequence for '0chain'... Hello(1, 5)
Done.
	Creating sequence for 'autonolas'... Hello(1, 5)
Done.
	Creating sequence for 'byte'... Hello(1, 5)
Done.
	Creating sequence for 'corite'... Hello(1, 5)
Done.
	Creating sequence for 'breederdao'... Hello(1, 5)
Done.
	Creating sequence for 'coti'... Hello(1, 5)
Done.
	Creating sequence for 'blockv'... Hello(1, 5)
Done.
	Creating sequence for 'aurora-near'... Hello(1, 5)
Done.
	Creating sequence for 'audius'... Hello(1, 5)
Done.
	Creating sequence for 'cropbytes'... Hello(1, 5)
Done.
	Creating sequence for 'cheems'... Hello(1, 5)
Done.
	Creating sequence for 'conceal'... Hello(1, 5)
Done.
	Creating sequence for 'ariva'... Hello(1, 5)
Done.
	Creating sequence for 'blockchain-certified-data-token'... Hello(1, 5)
Done.
	Creating sequence for 'auctus'... Hello(1, 5)
Done.
	Creating sequence for 'bitcoin-atom'... Hello(1, 5)
Done.
	Creating sequence for 'aave-mkr'... Skipped.
	Creating sequence for 'alchemy-pay'... Hello(1, 5)
Done.
	Creating sequence for 'befe'... Hello(1, 5)
Done.
	Creating sequence for 'archloot'... Hello(1, 5)
Done.
	Creating sequence for 'aelf'... Hello(1, 5)
Done.
	Creating sequence for 'arsenal-fan-token'... Hello(1, 5)
Done.
	Creating sequence for 'cookie'... Hello(1, 5)
Done.
	Creating sequence for 'counterparty'... Hello(1, 5)
Done.
	Creating sequence for 'binamon'... Hello(1, 5)
Done.
	Creating sequence for 'blast'... Hello(1, 5)
Done.
	Creating sequence for 'coinpoker'... Hello(1, 5)
Done.
	Creating sequence for 'cvault-finance'... Hello(1, 5)
Done.
	Creating sequence for 'alpaca-finance'... Hello(1, 5)
Done.
	Creating sequence for 'aigentx'... Hello(1, 5)
Done.
	Creating sequence for 'bouncebit'... Hello(1, 5)
Done.
	Creating sequence for 'balancer'... Hello(1, 5)
Done.
	Creating sequence for 'cindicator'... Hello(1, 5)
Done.
	Creating sequence for 'altava'... Hello(1, 5)
Done.
	Creating sequence for 'clintex-cti'... Hello(1, 5)
Done.
	Creating sequence for 'anchor-protocol'... Hello(1, 5)
Done.
	Creating sequence for 'aave'... Hello(1, 5)
Done.
	Creating sequence for 'daex'... Hello(1, 5)
Done.
	Creating sequence for 'carbon-browser'... Hello(1, 5)
Done.
	Creating sequence for 'blazestake-staked-sol'... Hello(1, 5)
Done.
	Creating sequence for 'city-tycoon-games'... Hello(1, 5)
Done.
	Creating sequence for 'aura-finance'... Hello(1, 5)
Done.
	Creating sequence for 'cryptoblades'... Hello(1, 5)
Done.
	Creating sequence for 'atlas-protocol'... Hello(1, 5)
Done.
	Creating sequence for 'covesting'... Hello(1, 5)
Done.
	Creating sequence for 'boringdao'... Hello(1, 5)
Done.
	Creating sequence for 'coreum'... Hello(1, 5)
Done.
	Creating sequence for 'bald'... Hello(1, 5)
Done.
	Creating sequence for 'cryptex-finance'... Hello(1, 5)
Done.
	Creating sequence for 'daddy-tate'... Hello(1, 5)
Done.
	Creating sequence for 'catheon-gaming'... Hello(1, 5)
Done.
	Creating sequence for 'aave-susd'... Skipped.
	Creating sequence for 'cargox'... Hello(1, 5)
Done.
	Creating sequence for 'bone-shibaswap'... Hello(1, 5)
Done.
	Creating sequence for 'cortex'... Hello(1, 5)
Done.
	Creating sequence for 'contracoin'... Hello(1, 5)
Done.
	Creating sequence for 'bittensor'... Hello(1, 5)
Done.
	Creating sequence for 'big-time'... Hello(1, 5)
Done.
	Creating sequence for 'aurora'... Hello(1, 5)
Done.
	Creating sequence for 'aryacoin'... Hello(1, 5)
Done.
	Creating sequence for 'allianceblock-nexera'... Hello(1, 5)
Done.
	Creating sequence for 'alanyaspor-fan-token'... Hello(1, 5)
Done.
	Creating sequence for 'curate'... Hello(1, 5)
Done.
	Creating sequence for '8pay'... Hello(1, 5)
Done.
	Creating sequence for 'big-data-protocol'... Hello(1, 5)
Done.
	Creating sequence for 'coinbase-wrapped-staked-eth'... Hello(1, 5)
Done.
	Creating sequence for 'analos'... Hello(1, 5)
Done.
	Creating sequence for 'coreto'... Hello(1, 5)
Done.
	Creating sequence for 'blox'... Hello(1, 5)
Done.
	Creating sequence for 'avinoc'... Hello(1, 5)
Done.
	Creating sequence for 'bitcore'... Hello(1, 5)
Done.
	Creating sequence for 'akropolis'... Hello(1, 5)
Done.
	Creating sequence for 'compound-0x'... Hello(1, 5)
Done.
	Creating sequence for 'bird-money'... Hello(1, 5)
Done.
	Creating sequence for 'apyswap'... Hello(1, 5)
Done.
	Creating sequence for 'aave-wbtc'... Skipped.
	Creating sequence for 'bridge-oracle'... Hello(1, 5)
Done.
	Creating sequence for 'ancient8'... Hello(1, 5)
Done.
	Creating sequence for 'catman'... Hello(1, 5)
Done.
	Creating sequence for 'astrotools'... Hello(1, 5)
Done.
	Creating sequence for 'azbit'... Hello(1, 5)
Done.
	Creating sequence for 'aave-zrx'... Skipped.
	Creating sequence for 'cybervein'... Hello(1, 5)
Done.
	Creating sequence for 'bscpad'... Hello(1, 5)
Done.
	Creating sequence for 'ally'... Hello(1, 5)
Done.
	Creating sequence for 'ambire-wallet'... Hello(1, 5)
Done.
	Creating sequence for 'amazy'... Hello(1, 5)
Done.
	Creating sequence for 'cyberconnect'... Hello(1, 5)
Done.
	Creating sequence for 'covalent'... Hello(1, 5)
Done.
	Creating sequence for 'cypherium'... Hello(1, 5)
Done.
	Creating sequence for 'bancor'... Hello(1, 5)
Done.
	Creating sequence for 'blockbank'... Hello(1, 5)
Done.
	Creating sequence for 'crabada'... Hello(1, 5)
Done.
	Creating sequence for 'beyond-protocol'... Hello(1, 5)
Done.
	Creating sequence for 'axis-defi'... Hello(1, 5)
Done.
Actual training set: 253 entries
Actual testing set:  108 entries
Actual training/total ratio: 0.6675461741424802
