


--------------------------------------------------
Starting lstm.py at '2024-10-24 23:16:57.936278'.
Reading './balancedDataset.json'... Done.
Total training Data: 1030
DAOs trained so far:317
Size of training set: 404
Size of test set: 309
Preparing data for training...
Preparing data for testing...
Parameters:
	Num epochs: 60
	Initial learning rate: 0.001
	Patience: 12
	Window size: 60
	Timeseries splits: 3
	Minimum number of timeseries datapoints: 64
Gradient boosting params: 
	{"max_depth": 3, "learning_rate": 0.05, "n_estimators": 100, "objective": "binary:logistic", "eval_metric": "logloss"}
	Creating sequence for 'wmatic'... Training group 0, split 1
	Y Train Labels:(array([1.], dtype=float32), array([306]))
	Y Val Labels:(array([1.], dtype=float32), array([305]))
Training group 0, split 2
	Y Train Labels:(array([1.], dtype=float32), array([611]))
	Y Val Labels:(array([1.], dtype=float32), array([305]))
Training group 0, split 3
	Y Train Labels:(array([1.], dtype=float32), array([916]))
	Y Val Labels:(array([1.], dtype=float32), array([305]))
Done.
	Creating sequence for 'xend-finance'... Training group 1, split 1
	Y Train Labels:(array([1.], dtype=float32), array([289]))
	Y Val Labels:(array([1.], dtype=float32), array([289]))
Training group 1, split 2
	Y Train Labels:(array([1.], dtype=float32), array([578]))
	Y Val Labels:(array([1.], dtype=float32), array([289]))
Training group 1, split 3
	Y Train Labels:(array([1.], dtype=float32), array([867]))
	Y Val Labels:(array([1.], dtype=float32), array([289]))
Done.
	Creating sequence for 'ethernity-chain'... Training group 2, split 1
	Y Train Labels:(array([1.], dtype=float32), array([297]))
	Y Val Labels:(array([1.], dtype=float32), array([297]))
Training group 2, split 2
	Y Train Labels:(array([1.], dtype=float32), array([594]))
	Y Val Labels:(array([1.], dtype=float32), array([297]))
Training group 2, split 3
	Y Train Labels:(array([1.], dtype=float32), array([891]))
	Y Val Labels:(array([1.], dtype=float32), array([297]))
Done.
	Creating sequence for 'kiba-inu'... 00
Done.
	Creating sequence for 'measurable-data-token'... Training group 4, split 1
	Y Train Labels:(array([1.], dtype=float32), array([311]))
	Y Val Labels:(array([1.], dtype=float32), array([308]))
Training group 4, split 2
	Y Train Labels:(array([1.], dtype=float32), array([619]))
	Y Val Labels:(array([1.], dtype=float32), array([308]))
Training group 4, split 3
	Y Train Labels:(array([1.], dtype=float32), array([927]))
	Y Val Labels:(array([1.], dtype=float32), array([308]))
Done.
	Creating sequence for 'qanplatform'... Training group 5, split 1
	Y Train Labels:(array([1.], dtype=float32), array([142]))
	Y Val Labels:(array([1.], dtype=float32), array([139]))
Training group 5, split 2
	Y Train Labels:(array([1.], dtype=float32), array([281]))
	Y Val Labels:(array([1.], dtype=float32), array([139]))
Training group 5, split 3
	Y Train Labels:(array([1.], dtype=float32), array([420]))
	Y Val Labels:(array([1.], dtype=float32), array([139]))
Done.
	Creating sequence for 'helium-mobile'... Training group 6, split 1
	Y Train Labels:(array([1.], dtype=float32), array([114]))
	Y Val Labels:(array([1.], dtype=float32), array([111]))
Training group 6, split 2
	Y Train Labels:(array([1.], dtype=float32), array([225]))
	Y Val Labels:(array([1.], dtype=float32), array([111]))
Training group 6, split 3
	Y Train Labels:(array([1.], dtype=float32), array([336]))
	Y Val Labels:(array([1.], dtype=float32), array([111]))
Done.
	Creating sequence for 'aeron'... Training group 7, split 1
	Early stopping at epoch 13
	Y Train Labels:(array([1.], dtype=float32), array([568]))
	Y Val Labels:(array([0., 1.], dtype=float32), array([366, 200]))
Training group 7, split 2
