


--------------------------------------------------
Starting lstm.py at '2024-10-27 01:39:52.649530'.
Reading '../classifiedDAOs.json'... Done.
Total training Data: 1578
DAOs trained so far:1029
Size of training set: 75
Size of test set: 474
Preparing data for training...
Preparing data for testing...
Parameters:
	Num epochs: 60
	Initial learning rate: 0.001
	Patience: 12
	Window size: 60
	Timeseries splits: 3
	Minimum number of timeseries datapoints: 64
Gradient boosting params: 
	{"max_depth": 3, "learning_rate": 0.05, "n_estimators": 100, "objective": "binary:logistic", "eval_metric": "logloss"}
	Creating sequence for 'mcoin1'... Training group 0, split 1
	Y Train Labels:(array([1.], dtype=float32), array([148]))
	Y Val Labels:(array([1.], dtype=float32), array([145]))
Training group 0, split 2
	Y Train Labels:(array([1.], dtype=float32), array([293]))
	Y Val Labels:(array([1.], dtype=float32), array([145]))
Training group 0, split 3
	Early stopping at epoch 13
	Y Train Labels:(array([1.], dtype=float32), array([438]))
	Y Val Labels:(array([0., 1.], dtype=float32), array([109,  36]))
Done.
	Creating sequence for 'olive'... Training group 1, split 1
	Y Train Labels:(array([1.], dtype=float32), array([26]))
	Y Val Labels:(array([1.], dtype=float32), array([23]))
Training group 1, split 2
	Y Train Labels:(array([1.], dtype=float32), array([49]))
	Y Val Labels:(array([1.], dtype=float32), array([23]))
Training group 1, split 3
	Y Train Labels:(array([1.], dtype=float32), array([72]))
	Y Val Labels:(array([1.], dtype=float32), array([23]))
Done.
	Creating sequence for 'ultima'... Training group 2, split 1
	Y Train Labels:(array([1.], dtype=float32), array([71]))
	Y Val Labels:(array([1.], dtype=float32), array([68]))
Training group 2, split 2
	Y Train Labels:(array([1.], dtype=float32), array([139]))
	Y Val Labels:(array([1.], dtype=float32), array([68]))
Training group 2, split 3
	Y Train Labels:(array([1.], dtype=float32), array([207]))
	Y Val Labels:(array([1.], dtype=float32), array([68]))
Done.
	Creating sequence for 'energy-web-token'... Training group 3, split 1
	Y Train Labels:(array([1.], dtype=float32), array([350]))
	Y Val Labels:(array([1.], dtype=float32), array([349]))
Training group 3, split 2
	Y Train Labels:(array([1.], dtype=float32), array([699]))
	Y Val Labels:(array([1.], dtype=float32), array([349]))
Training group 3, split 3
	Y Train Labels:(array([1.], dtype=float32), array([1048]))
	Y Val Labels:(array([1.], dtype=float32), array([349]))
Done.
	Creating sequence for 'pkt'... Training group 4, split 1
	Y Train Labels:(array([1.], dtype=float32), array([217]))
	Y Val Labels:(array([1.], dtype=float32), array([215]))
Training group 4, split 2
	Y Train Labels:(array([1.], dtype=float32), array([432]))
	Y Val Labels:(array([1.], dtype=float32), array([215]))
Training group 4, split 3
	Y Train Labels:(array([1.], dtype=float32), array([647]))
	Y Val Labels:(array([1.], dtype=float32), array([215]))
Done.
	Creating sequence for 'hitchain'... Training group 5, split 1
	Y Train Labels:(array([1.], dtype=float32), array([174]))
	Y Val Labels:(array([1.], dtype=float32), array([174]))
Training group 5, split 2
	Y Train Labels:(array([1.], dtype=float32), array([348]))
	Y Val Labels:(array([1.], dtype=float32), array([174]))
Training group 5, split 3
	Y Train Labels:(array([1.], dtype=float32), array([522]))
	Y Val Labels:(array([1.], dtype=float32), array([174]))
Done.
	Creating sequence for 'civic'... Training group 6, split 1
	Y Train Labels:(array([1.], dtype=float32), array([590]))
	Y Val Labels:(array([1.], dtype=float32), array([590]))
Training group 6, split 2
