


--------------------------------------------------
Starting lstm.py at '2024-10-25 03:19:49.519020'.
Reading './balancedDataset.json'... Done.
Total training Data: 1030
DAOs trained so far:422
Size of training set: 299
Size of test set: 309
Preparing data for training...
Preparing data for testing...
Parameters:
	Num epochs: 60
	Initial learning rate: 0.001
	Patience: 12
	Window size: 60
	Timeseries splits: 3
	Minimum number of timeseries datapoints: 64
Gradient boosting params: 
	{"max_depth": 3, "learning_rate": 0.05, "n_estimators": 100, "objective": "binary:logistic", "eval_metric": "logloss"}
	Creating sequence for 'aragon'... Training group 0, split 1
	Y Train Labels:(array([1.], dtype=float32), array([586]))
	Y Val Labels:(array([1.], dtype=float32), array([586]))
Training group 0, split 2
	Y Train Labels:(array([1.], dtype=float32), array([1172]))
	Y Val Labels:(array([1.], dtype=float32), array([586]))
Training group 0, split 3
	Y Train Labels:(array([1.], dtype=float32), array([1758]))
	Y Val Labels:(array([1.], dtype=float32), array([586]))
Done.
	Creating sequence for 'eminer'... Training group 1, split 1
	Y Train Labels:(array([1.], dtype=float32), array([447]))
	Y Val Labels:(array([1.], dtype=float32), array([445]))
Training group 1, split 2
	Early stopping at epoch 13
	Y Train Labels:(array([1.], dtype=float32), array([892]))
	Y Val Labels:(array([0., 1.], dtype=float32), array([425,  20]))
Training group 1, split 3
	Early stopping at epoch 55
	Y Train Labels:(array([0., 1.], dtype=float32), array([425, 912]))
	Y Val Labels:(array([0.], dtype=float32), array([445]))
Done.
	Creating sequence for 'kimbo'... Training group 2, split 1
	Y Train Labels:(array([1.], dtype=float32), array([56]))
	Y Val Labels:(array([1.], dtype=float32), array([53]))
Training group 2, split 2
	Y Train Labels:(array([1.], dtype=float32), array([109]))
	Y Val Labels:(array([1.], dtype=float32), array([53]))
Training group 2, split 3
	Y Train Labels:(array([1.], dtype=float32), array([162]))
	Y Val Labels:(array([1.], dtype=float32), array([53]))
Done.
	Creating sequence for 'decred'... Training group 3, split 1
	Early stopping at epoch 41
	Y Train Labels:(array([1.], dtype=float32), array([561]))
	Y Val Labels:(array([1.], dtype=float32), array([558]))
Training group 3, split 2
	Early stopping at epoch 46
	Y Train Labels:(array([1.], dtype=float32), array([1119]))
	Y Val Labels:(array([1.], dtype=float32), array([558]))
Training group 3, split 3
	Early stopping at epoch 49
	Y Train Labels:(array([1.], dtype=float32), array([1677]))
	Y Val Labels:(array([1.], dtype=float32), array([558]))
Done.
	Creating sequence for 'grin'... Training group 4, split 1
	Y Train Labels:(array([1.], dtype=float32), array([304]))
	Y Val Labels:(array([1.], dtype=float32), array([301]))
Training group 4, split 2
	Y Train Labels:(array([1.], dtype=float32), array([605]))
	Y Val Labels:(array([1.], dtype=float32), array([301]))
Training group 4, split 3
	Y Train Labels:(array([1.], dtype=float32), array([906]))
	Y Val Labels:(array([1.], dtype=float32), array([301]))
Done.
	Creating sequence for 'alchemist'... Training group 5, split 1
	Early stopping at epoch 15
	Y Train Labels:(array([1.], dtype=float32), array([284]))
	Y Val Labels:(array([0., 1.], dtype=float32), array([187,  97]))
Training group 5, split 2
	Y Train Labels:(array([0., 1.], dtype=float32), array([187, 381]))
	Y Val Labels:(array([0.], dtype=float32), array([284]))
Training group 5, split 3
	Y Train Labels:(array([0., 1.], dtype=float32), array([471, 381]))
	Y Val Labels:(array([0.], dtype=float32), array([284]))
Done.
	Creating sequence for 'blockasset'... Training group 6, split 1
	Y Train Labels:(array([1.], dtype=float32), array([222]))
	Y Val Labels:(array([1.], dtype=float32), array([222]))
Training group 6, split 2
	Y Train Labels:(array([1.], dtype=float32), array([444]))
	Y Val Labels:(array([1.], dtype=float32), array([222]))
Training group 6, split 3
	Early stopping at epoch 13
	Y Train Labels:(array([1.], dtype=float32), array([666]))
	Y Val Labels:(array([0., 1.], dtype=float32), array([ 56, 166]))
Done.
	Creating sequence for 'illuvium'... Training group 7, split 1
	Early stopping at epoch 13
	Y Train Labels:(array([1.], dtype=float32), array([268]))
	Y Val Labels:(array([1.], dtype=float32), array([268]))
Training group 7, split 2
	Y Train Labels:(array([1.], dtype=float32), array([536]))
	Y Val Labels:(array([1.], dtype=float32), array([268]))
Training group 7, split 3
	Y Train Labels:(array([1.], dtype=float32), array([804]))
	Y Val Labels:(array([1.], dtype=float32), array([268]))
Done.
	Creating sequence for 'gyen'... Training group 8, split 1
	Y Train Labels:(array([1.], dtype=float32), array([148]))
	Y Val Labels:(array([1.], dtype=float32), array([148]))
Training group 8, split 2
