


--------------------------------------------------
Starting lstm.py at '2024-10-23 18:31:55.501628'.
Reading '../classifiedDAOs.json'... Done.
Total training Data: 1578
DAOs trained so far:168
Size of training set: 936
Size of test set: 474
Preparing data for training...
Preparing data for testing...
Parameters:
	Num epochs: 60
	Initial learning rate: 0.001
	Patience: 12
	Window size: 60
	Timeseries splits: 3
	Minimum number of timeseries datapoints: 64
Gradient boosting params: 
	{"max_depth": 3, "learning_rate": 0.05, "n_estimators": 100, "objective": "binary:logistic", "eval_metric": "logloss"}
	Creating sequence for 'the-graph'... Training group 0, split 1
	Y Train Labels:(array([1.], dtype=float32), array([317]))
	Y Val Labels:(array([1.], dtype=float32), array([317]))
Training group 0, split 2
	Y Train Labels:(array([1.], dtype=float32), array([634]))
	Y Val Labels:(array([1.], dtype=float32), array([317]))
Training group 0, split 3
	Y Train Labels:(array([1.], dtype=float32), array([951]))
	Y Val Labels:(array([1.], dtype=float32), array([317]))
Done.
	Creating sequence for 'status'... Training group 1, split 1
	Y Train Labels:(array([1.], dtype=float32), array([588]))
	Y Val Labels:(array([1.], dtype=float32), array([588]))
Training group 1, split 2
	Y Train Labels:(array([1.], dtype=float32), array([1176]))
	Y Val Labels:(array([1.], dtype=float32), array([588]))
Training group 1, split 3
	Y Train Labels:(array([1.], dtype=float32), array([1764]))
	Y Val Labels:(array([1.], dtype=float32), array([588]))
Done.
	Creating sequence for 'allianceblock-nexera'... Training group 2, split 1
	Y Train Labels:(array([1.], dtype=float32), array([128]))
	Y Val Labels:(array([1.], dtype=float32), array([126]))
Training group 2, split 2
	Y Train Labels:(array([1.], dtype=float32), array([254]))
	Y Val Labels:(array([1.], dtype=float32), array([126]))
Training group 2, split 3
	Early stopping at epoch 13
	Y Train Labels:(array([1.], dtype=float32), array([380]))
	Y Val Labels:(array([0., 1.], dtype=float32), array([122,   4]))
Done.
	Creating sequence for 'gemie'... Training group 3, split 1
	Y Train Labels:(array([1.], dtype=float32), array([162]))
	Y Val Labels:(array([1.], dtype=float32), array([162]))
Training group 3, split 2
	Y Train Labels:(array([1.], dtype=float32), array([324]))
	Y Val Labels:(array([1.], dtype=float32), array([162]))
Training group 3, split 3
	Early stopping at epoch 13
	Y Train Labels:(array([1.], dtype=float32), array([486]))
	Y Val Labels:(array([0., 1.], dtype=float32), array([100,  62]))
Done.
	Creating sequence for 'ulord'... Training group 4, split 1
	Y Train Labels:(array([1.], dtype=float32), array([289]))
	Y Val Labels:(array([1.], dtype=float32), array([289]))
Training group 4, split 2
	Y Train Labels:(array([1.], dtype=float32), array([578]))
	Y Val Labels:(array([1.], dtype=float32), array([289]))
Training group 4, split 3
	Early stopping at epoch 13
	Y Train Labels:(array([1.], dtype=float32), array([867]))
	Y Val Labels:(array([0., 1.], dtype=float32), array([ 52, 237]))
Done.
	Creating sequence for 'octopus-network'... Training group 5, split 1
	Early stopping at epoch 13
	Y Train Labels:(array([1.], dtype=float32), array([169]))
	Y Val Labels:(array([0., 1.], dtype=float32), array([ 40, 127]))
Training group 5, split 2
	Early stopping at epoch 37
	Y Train Labels:(array([0., 1.], dtype=float32), array([ 40, 296]))
	Y Val Labels:(array([0.], dtype=float32), array([167]))
Training group 5, split 3
	Early stopping at epoch 24
	Y Train Labels:(array([0., 1.], dtype=float32), array([207, 296]))
	Y Val Labels:(array([0.], dtype=float32), array([167]))
Done.
	Creating sequence for 'jpool'... Training group 6, split 1
	Y Train Labels:(array([1.], dtype=float32), array([245]))
	Y Val Labels:(array([1.], dtype=float32), array([244]))
Training group 6, split 2
	Y Train Labels:(array([1.], dtype=float32), array([489]))
	Y Val Labels:(array([1.], dtype=float32), array([244]))
Training group 6, split 3
	Y Train Labels:(array([1.], dtype=float32), array([733]))
	Y Val Labels:(array([1.], dtype=float32), array([244]))
Done.
	Creating sequence for 'acknoledger'... Training group 7, split 1
	Early stopping at epoch 22
	Y Train Labels:(array([0., 1.], dtype=float32), array([210,  41]))
	Y Val Labels:(array([0.], dtype=float32), array([248]))
Training group 7, split 2
	Early stopping at epoch 26
	Y Train Labels:(array([0., 1.], dtype=float32), array([458,  41]))
	Y Val Labels:(array([0.], dtype=float32), array([248]))
Training group 7, split 3
	Early stopping at epoch 13
	Y Train Labels:(array([0., 1.], dtype=float32), array([706,  41]))
	Y Val Labels:(array([0.], dtype=float32), array([248]))
Done.
	Creating sequence for 'funfair'... Training group 8, split 1
	Y Train Labels:(array([1.], dtype=float32), array([295]))
	Y Val Labels:(array([1.], dtype=float32), array([292]))
Training group 8, split 2
