


--------------------------------------------------
Starting lstm.py at '2024-10-23 16:32:29.464196'.
Reading '../classifiedDAOs.json'... Done.
Total training Data: 1578
DAOs trained so far:41
Size of training set: 1063
Size of test set: 474
Preparing data for training...
Preparing data for testing...
Parameters:
	Num epochs: 60
	Initial learning rate: 0.001
	Patience: 12
	Window size: 60
	Timeseries splits: 3
	Minimum number of timeseries datapoints: 64
Gradient boosting params: 
	{"max_depth": 3, "learning_rate": 0.05, "n_estimators": 100, "objective": "binary:logistic", "eval_metric": "logloss"}
	Creating sequence for 'adshares'... Training group 0, split 1
	Y Train Labels:(array([1.], dtype=float32), array([569]))
	Y Val Labels:(array([1.], dtype=float32), array([568]))
Training group 0, split 2
	Y Train Labels:(array([1.], dtype=float32), array([1137]))
	Y Val Labels:(array([1.], dtype=float32), array([568]))
Training group 0, split 3
	Early stopping at epoch 13
	Y Train Labels:(array([1.], dtype=float32), array([1705]))
	Y Val Labels:(array([0., 1.], dtype=float32), array([171, 397]))
Done.
	Creating sequence for 'antimatter'... Training group 1, split 1
	Y Train Labels:(array([1.], dtype=float32), array([298]))
	Y Val Labels:(array([1.], dtype=float32), array([297]))
Training group 1, split 2
	Early stopping at epoch 13
	Y Train Labels:(array([1.], dtype=float32), array([595]))
	Y Val Labels:(array([0., 1.], dtype=float32), array([280,  17]))
Training group 1, split 3
	Early stopping at epoch 31
	Y Train Labels:(array([0., 1.], dtype=float32), array([280, 612]))
	Y Val Labels:(array([0.], dtype=float32), array([297]))
Done.
	Creating sequence for 'sad-hamster'... Skipped.
	Creating sequence for 'odyssey'... Training group 2, split 1
	Early stopping at epoch 33
	Y Train Labels:(array([0., 1.], dtype=float32), array([494,  49]))
	Y Val Labels:(array([0.], dtype=float32), array([542]))
Training group 2, split 2
	Early stopping at epoch 13
	Y Train Labels:(array([0., 1.], dtype=float32), array([1036,   49]))
	Y Val Labels:(array([0.], dtype=float32), array([542]))
Training group 2, split 3
	Early stopping at epoch 30
	Y Train Labels:(array([0., 1.], dtype=float32), array([1578,   49]))
	Y Val Labels:(array([0.], dtype=float32), array([542]))
Done.
	Creating sequence for 'lumerin'... Training group 3, split 1
	Y Train Labels:(array([1.], dtype=float32), array([214]))
	Y Val Labels:(array([1.], dtype=float32), array([212]))
Training group 3, split 2
	Y Train Labels:(array([1.], dtype=float32), array([426]))
	Y Val Labels:(array([1.], dtype=float32), array([212]))
Training group 3, split 3
	Y Train Labels:(array([1.], dtype=float32), array([638]))
	Y Val Labels:(array([1.], dtype=float32), array([212]))
Done.
	Creating sequence for 'lingose'... Training group 4, split 1
	Y Train Labels:(array([1.], dtype=float32), array([163]))
	Y Val Labels:(array([1.], dtype=float32), array([162]))
Training group 4, split 2
	Y Train Labels:(array([1.], dtype=float32), array([325]))
	Y Val Labels:(array([1.], dtype=float32), array([162]))
Training group 4, split 3
	Early stopping at epoch 13
	Y Train Labels:(array([1.], dtype=float32), array([487]))
	Y Val Labels:(array([0., 1.], dtype=float32), array([86, 76]))
Done.
	Creating sequence for 'origin-dollar'... Training group 5, split 1
	Y Train Labels:(array([1.], dtype=float32), array([294]))
	Y Val Labels:(array([1.], dtype=float32), array([293]))
Training group 5, split 2
	Y Train Labels:(array([1.], dtype=float32), array([587]))
	Y Val Labels:(array([1.], dtype=float32), array([293]))
Training group 5, split 3
	Y Train Labels:(array([1.], dtype=float32), array([880]))
	Y Val Labels:(array([1.], dtype=float32), array([293]))
Done.
	Creating sequence for 'decubate'... Training group 6, split 1
	Y Train Labels:(array([1.], dtype=float32), array([279]))
	Y Val Labels:(array([1.], dtype=float32), array([279]))
Training group 6, split 2
	Y Train Labels:(array([1.], dtype=float32), array([558]))
	Y Val Labels:(array([1.], dtype=float32), array([279]))
Training group 6, split 3
	Y Train Labels:(array([1.], dtype=float32), array([837]))
	Y Val Labels:(array([1.], dtype=float32), array([279]))
Done.
	Creating sequence for 'milady-meme-coin'... Training group 7, split 1
	Y Train Labels:(array([0.], dtype=float32), array([102]))
	Y Val Labels:(array([0.], dtype=float32), array([101]))
Training group 7, split 2
	Y Train Labels:(array([0.], dtype=float32), array([203]))
	Y Val Labels:(array([0.], dtype=float32), array([101]))
Training group 7, split 3
	Y Train Labels:(array([0.], dtype=float32), array([304]))
	Y Val Labels:(array([0.], dtype=float32), array([101]))
Done.
	Creating sequence for 'sui'... Training group 8, split 1
	Y Train Labels:(array([1.], dtype=float32), array([105]))
	Y Val Labels:(array([1.], dtype=float32), array([103]))
Training group 8, split 2
	Y Train Labels:(array([1.], dtype=float32), array([208]))
	Y Val Labels:(array([1.], dtype=float32), array([103]))
Training group 8, split 3
	Y Train Labels:(array([1.], dtype=float32), array([311]))
	Y Val Labels:(array([1.], dtype=float32), array([103]))
Done.
	Creating sequence for 'formation-fi'... Training group 9, split 1
	Early stopping at epoch 31
	Y Train Labels:(array([0., 1.], dtype=float32), array([ 51, 177]))
	Y Val Labels:(array([0.], dtype=float32), array([226]))
Training group 9, split 2
