


--------------------------------------------------
Starting lstm.py at '2024-10-27 00:54:43.443831'.
Reading '../classifiedDAOs.json'... Done.
Total training Data: 1578
DAOs trained so far:914
Size of training set: 190
Size of test set: 474
Preparing data for training...
Preparing data for testing...
Parameters:
	Num epochs: 60
	Initial learning rate: 0.001
	Patience: 12
	Window size: 60
	Timeseries splits: 3
	Minimum number of timeseries datapoints: 64
Gradient boosting params: 
	{"max_depth": 3, "learning_rate": 0.05, "n_estimators": 100, "objective": "binary:logistic", "eval_metric": "logloss"}
	Creating sequence for 'mongcoin'... Training group 0, split 1
	Y Train Labels:(array([0.], dtype=float32), array([99]))
	Y Val Labels:(array([0.], dtype=float32), array([96]))
Training group 0, split 2
	Y Train Labels:(array([0.], dtype=float32), array([195]))
	Y Val Labels:(array([0.], dtype=float32), array([96]))
Training group 0, split 3
	Y Train Labels:(array([0.], dtype=float32), array([291]))
	Y Val Labels:(array([0.], dtype=float32), array([96]))
Done.
	Creating sequence for 'symbiosis-finance'... Training group 1, split 1
	Early stopping at epoch 13
	Y Train Labels:(array([0., 1.], dtype=float32), array([151,  91]))
	Y Val Labels:(array([0.], dtype=float32), array([240]))
Training group 1, split 2
	Early stopping at epoch 26
	Y Train Labels:(array([0., 1.], dtype=float32), array([391,  91]))
	Y Val Labels:(array([0.], dtype=float32), array([240]))
Training group 1, split 3
	Early stopping at epoch 60
	Y Train Labels:(array([0., 1.], dtype=float32), array([631,  91]))
	Y Val Labels:(array([0.], dtype=float32), array([240]))
Done.
	Creating sequence for 'nervos-network'... Training group 2, split 1
	Y Train Labels:(array([1.], dtype=float32), array([415]))
	Y Val Labels:(array([1.], dtype=float32), array([412]))
Training group 2, split 2
	Y Train Labels:(array([1.], dtype=float32), array([827]))
	Y Val Labels:(array([1.], dtype=float32), array([412]))
Training group 2, split 3
	Y Train Labels:(array([1.], dtype=float32), array([1239]))
	Y Val Labels:(array([1.], dtype=float32), array([412]))
Done.
	Creating sequence for 'pearl'... Training group 3, split 1
	Early stopping at epoch 59
	Y Train Labels:(array([0., 1.], dtype=float32), array([ 18, 323]))
	Y Val Labels:(array([0.], dtype=float32), array([338]))
Training group 3, split 2
	Early stopping at epoch 27
	Y Train Labels:(array([0., 1.], dtype=float32), array([356, 323]))
	Y Val Labels:(array([0.], dtype=float32), array([338]))
Training group 3, split 3
	Early stopping at epoch 29
	Y Train Labels:(array([0., 1.], dtype=float32), array([694, 323]))
	Y Val Labels:(array([0.], dtype=float32), array([338]))
Done.
	Creating sequence for 'revain'... Training group 4, split 1
	Early stopping at epoch 13
	Y Train Labels:(array([0., 1.], dtype=float32), array([ 13, 549]))
	Y Val Labels:(array([0.], dtype=float32), array([562]))
Training group 4, split 2
