


--------------------------------------------------
Starting lstm.py at '2024-10-23 19:56:30.918216'.
Reading '../classifiedDAOs.json'... Done.
Total training Data: 1578
DAOs trained so far:635
Size of training set: 469
Size of test set: 474
Preparing data for training...
Preparing data for testing...
Parameters:
	Num epochs: 60
	Initial learning rate: 0.001
	Patience: 12
	Window size: 60
	Timeseries splits: 3
	Minimum number of timeseries datapoints: 64
Gradient boosting params: 
	{"max_depth": 3, "learning_rate": 0.05, "n_estimators": 100, "objective": "binary:logistic", "eval_metric": "logloss"}
	Creating sequence for 'looksrare'... Training group 0, split 1
	Early stopping at epoch 31
	Y Train Labels:(array([0., 1.], dtype=float32), array([ 59, 130]))
	Y Val Labels:(array([0.], dtype=float32), array([186]))
Training group 0, split 2
	Early stopping at epoch 26
	Y Train Labels:(array([0., 1.], dtype=float32), array([245, 130]))
	Y Val Labels:(array([0.], dtype=float32), array([186]))
Training group 0, split 3
	Early stopping at epoch 13
	Y Train Labels:(array([0., 1.], dtype=float32), array([431, 130]))
	Y Val Labels:(array([0.], dtype=float32), array([186]))
Done.
	Creating sequence for 'moviebloc'... Training group 1, split 1
	Y Train Labels:(array([1.], dtype=float32), array([457]))
	Y Val Labels:(array([1.], dtype=float32), array([455]))
Training group 1, split 2
	Y Train Labels:(array([1.], dtype=float32), array([912]))
	Y Val Labels:(array([1.], dtype=float32), array([455]))
Training group 1, split 3
	Y Train Labels:(array([1.], dtype=float32), array([1367]))
	Y Val Labels:(array([1.], dtype=float32), array([455]))
Done.
	Creating sequence for 'singularitynet'... Training group 2, split 1
	Y Train Labels:(array([1.], dtype=float32), array([484]))
	Y Val Labels:(array([1.], dtype=float32), array([483]))
Training group 2, split 2
	Y Train Labels:(array([1.], dtype=float32), array([967]))
	Y Val Labels:(array([1.], dtype=float32), array([483]))
Training group 2, split 3
	Y Train Labels:(array([1.], dtype=float32), array([1450]))
	Y Val Labels:(array([1.], dtype=float32), array([483]))
Done.
	Creating sequence for 'aurory'... Training group 3, split 1
	Y Train Labels:(array([1.], dtype=float32), array([232]))
	Y Val Labels:(array([1.], dtype=float32), array([230]))
Training group 3, split 2
	Early stopping at epoch 13
	Y Train Labels:(array([1.], dtype=float32), array([462]))
	Y Val Labels:(array([0., 1.], dtype=float32), array([215,  15]))
Training group 3, split 3
	Early stopping at epoch 39
	Y Train Labels:(array([0., 1.], dtype=float32), array([215, 477]))
	Y Val Labels:(array([0.], dtype=float32), array([230]))
Done.
	Creating sequence for 'superrare'... Training group 4, split 1
	Early stopping at epoch 19
	Y Train Labels:(array([0., 1.], dtype=float32), array([ 77, 186]))
	Y Val Labels:(array([0.], dtype=float32), array([263]))
Training group 4, split 2
	Early stopping at epoch 27
	Y Train Labels:(array([0., 1.], dtype=float32), array([340, 186]))
	Y Val Labels:(array([0.], dtype=float32), array([263]))
Training group 4, split 3
	Y Train Labels:(array([0., 1.], dtype=float32), array([603, 186]))
	Y Val Labels:(array([0.], dtype=float32), array([263]))
Done.
	Creating sequence for 'findora'... Training group 5, split 1
	Y Train Labels:(array([1.], dtype=float32), array([125]))
	Y Val Labels:(array([1.], dtype=float32), array([124]))
Training group 5, split 2
	Y Train Labels:(array([1.], dtype=float32), array([249]))
	Y Val Labels:(array([1.], dtype=float32), array([124]))
Training group 5, split 3
	Y Train Labels:(array([1.], dtype=float32), array([373]))
	Y Val Labels:(array([1.], dtype=float32), array([124]))
Done.
	Creating sequence for 'edge-matrix-computing'... Training group 6, split 1
	Early stopping at epoch 13
	Y Train Labels:(array([1.], dtype=float32), array([44]))
	Y Val Labels:(array([0., 1.], dtype=float32), array([16, 27]))
Training group 6, split 2
	Y Train Labels:(array([0., 1.], dtype=float32), array([16, 71]))
	Y Val Labels:(array([0.], dtype=float32), array([43]))
Training group 6, split 3
	Early stopping at epoch 27
	Y Train Labels:(array([0., 1.], dtype=float32), array([59, 71]))
	Y Val Labels:(array([0.], dtype=float32), array([43]))
Done.
	Creating sequence for 'hourglass'... Training group 7, split 1
	Y Train Labels:(array([1.], dtype=float32), array([117]))
	Y Val Labels:(array([1.], dtype=float32), array([116]))
Training group 7, split 2
	Y Train Labels:(array([1.], dtype=float32), array([233]))
	Y Val Labels:(array([1.], dtype=float32), array([116]))
Training group 7, split 3
	Y Train Labels:(array([1.], dtype=float32), array([349]))
	Y Val Labels:(array([1.], dtype=float32), array([116]))
Done.
	Creating sequence for 'datamine'... Training group 8, split 1
	Y Train Labels:(array([1.], dtype=float32), array([206]))
	Y Val Labels:(array([1.], dtype=float32), array([205]))
Training group 8, split 2
	Y Train Labels:(array([1.], dtype=float32), array([411]))
	Y Val Labels:(array([1.], dtype=float32), array([205]))
Training group 8, split 3
	Y Train Labels:(array([1.], dtype=float32), array([616]))
	Y Val Labels:(array([1.], dtype=float32), array([205]))
Done.
	Creating sequence for 'nyzo'... Training group 9, split 1
	Early stopping at epoch 44
	Y Train Labels:(array([1.], dtype=float32), array([18]))
	Y Val Labels:(array([1.], dtype=float32), array([17]))
Training group 9, split 2
	Early stopping at epoch 32
	Y Train Labels:(array([1.], dtype=float32), array([35]))
	Y Val Labels:(array([1.], dtype=float32), array([17]))
Training group 9, split 3
	Early stopping at epoch 40
	Y Train Labels:(array([1.], dtype=float32), array([52]))
	Y Val Labels:(array([1.], dtype=float32), array([17]))
Done.
	Creating sequence for 'unilayer'... Training group 10, split 1
	Early stopping at epoch 15
	Y Train Labels:(array([1.], dtype=float32), array([344]))
	Y Val Labels:(array([0., 1.], dtype=float32), array([161, 182]))
Training group 10, split 2
	Early stopping at epoch 53
	Y Train Labels:(array([0., 1.], dtype=float32), array([161, 526]))
	Y Val Labels:(array([0.], dtype=float32), array([343]))
Training group 10, split 3
