


--------------------------------------------------
Starting lstm.py at '2024-10-10 13:57:11.915427'.
Reading './isDaoActiveData(4).json'... Done.
Total training Data: 379
Size of training set: 265
Size of test set: 114
Preparing data for training...
	Creating sequence for 'chiliz'... Len price:0    [{'datetime': '2019-07-01T00:00:00Z', 'value':...
Name: priceUSD, dtype: object
[]
[]
Done.
	Creating sequence for 'alphabet-erc404'... Len price:1    [{'datetime': '2024-02-20T00:00:00Z', 'value':...
Name: priceUSD, dtype: object
[]
[]
Done.
	Creating sequence for 'across-protocol'... Len price:2    [{'datetime': '2022-11-28T00:00:00Z', 'value':...
Name: priceUSD, dtype: object
[]
[]
Done.
	Creating sequence for 'clore-ai'... Len price:3    [{'datetime': '2023-05-31T00:00:00Z', 'value':...
Name: priceUSD, dtype: object
[]
[]
Done.
	Creating sequence for 'alchemist'... Len price:4    [{'datetime': '2021-04-28T00:00:00Z', 'value':...
Name: priceUSD, dtype: object
[]
[]
Done.
	Creating sequence for 'cnns'... Len price:5    [{'datetime': '2019-05-13T00:00:00Z', 'value':...
Name: priceUSD, dtype: object
[]
[]
Done.
	Creating sequence for 'bnktothefuture'... Len price:6    [{'datetime': '2018-03-22T00:00:00Z', 'value':...
Name: priceUSD, dtype: object
[]
[]
Done.
	Creating sequence for 'cornucopias'... Len price:7    [{'datetime': '2021-12-11T00:00:00Z', 'value':...
Name: priceUSD, dtype: object
[]
[]
Done.
	Creating sequence for 'aave-busd'... Skipped.
	Creating sequence for 'base-protocol'... Len price:9    [{'datetime': '2020-12-03T00:00:00Z', 'value':...
Name: priceUSD, dtype: object
[]
[]
Done.
	Creating sequence for 'algorand'... Len price:10    [{'datetime': '2019-06-21T00:00:00Z', 'value':...
Name: priceUSD, dtype: object
[]
[]
Done.
	Creating sequence for '0x0-ai-ai-smart-contract'... Len price:11    [{'datetime': '2023-01-31T00:00:00Z', 'value':...
Name: priceUSD, dtype: object
[]
[]
Done.
	Creating sequence for 'bytom'... Len price:12    [{'datetime': '2017-08-08T00:00:00Z', 'value':...
Name: priceUSD, dtype: object
[]
[]
Done.
	Creating sequence for 'as-roma-fan-token'... Len price:13    [{'datetime': '2020-06-22T00:00:00Z', 'value':...
Name: priceUSD, dtype: object
[]
[]
Done.
	Creating sequence for 'cajutel'... Len price:14    [{'datetime': '2019-01-31T00:00:00Z', 'value':...
Name: priceUSD, dtype: object
[]
[]
Done.
	Creating sequence for 'chainbing'... Len price:15    [{'datetime': '2021-08-31T00:00:00Z', 'value':...
Name: priceUSD, dtype: object
[]
[]
Done.
	Creating sequence for 'calcium'... Len price:16    [{'datetime': '2023-09-22T00:00:00Z', 'value':...
Name: priceUSD, dtype: object
[]
[]
Done.
	Creating sequence for 'belt'... Len price:17    [{'datetime': '2021-03-11T00:00:00Z', 'value':...
Name: priceUSD, dtype: object
[]
[]
Done.
	Creating sequence for 'baasid'... Len price:18    [{'datetime': '2018-08-10T00:00:00Z', 'value':...
Name: priceUSD, dtype: object
[]
[]
Done.
	Creating sequence for 'cobak-token'... Len price:19    [{'datetime': '2020-12-24T00:00:00Z', 'value':...
Name: priceUSD, dtype: object
[]
[]
Done.
	Creating sequence for 'agatech'... Len price:20    [{'datetime': '2023-12-05T00:00:00Z', 'value':...
Name: priceUSD, dtype: object
[]
[]
Done.
	Creating sequence for 'clearpool'... Len price:21    [{'datetime': '2021-10-28T00:00:00Z', 'value':...
Name: priceUSD, dtype: object
[]
[]
Done.
	Creating sequence for 'bridge-mutual'... Len price:22    [{'datetime': '2021-01-31T00:00:00Z', 'value':...
Name: priceUSD, dtype: object
[]
[]
Done.
	Creating sequence for 'bitget-wallet-token'... Len price:23    [{'datetime': '2024-06-06T00:00:00Z', 'value':...
Name: priceUSD, dtype: object
[]
[]
Done.
	Creating sequence for 'chainx'... Len price:24    [{'datetime': '2019-08-01T00:00:00Z', 'value':...
Name: priceUSD, dtype: object
[]
[]
Done.
	Creating sequence for 'anyswap'... Len price:25    [{'datetime': '2020-08-17T00:00:00Z', 'value':...
Name: priceUSD, dtype: object
[]
[]
Done.
	Creating sequence for 'botto'... Len price:26    [{'datetime': '2021-11-12T00:00:00Z', 'value':...
Name: priceUSD, dtype: object
[]
[]
Done.
	Creating sequence for 'bitcoin'... Len price:27    [{'datetime': '2013-04-28T00:00:00Z', 'value':...
Name: priceUSD, dtype: object
[]
[]
Done.
	Creating sequence for 'centrifuge'... Len price:28    [{'datetime': '2021-07-14T00:00:00Z', 'value':...
Name: priceUSD, dtype: object
[]
[]
Done.
	Creating sequence for 'basis-cash'... Len price:29    [{'datetime': '2020-11-30T00:00:00Z', 'value':...
Name: priceUSD, dtype: object
[]
[]
Done.
	Creating sequence for 'bolt'... Len price:30    [{'datetime': '2019-04-05T00:00:00Z', 'value':...
Name: priceUSD, dtype: object
[]
[]
Done.
	Creating sequence for 'creo-engine'... Len price:31    [{'datetime': '2022-05-05T00:00:00Z', 'value':...
Name: priceUSD, dtype: object
[]
[]
Done.
	Creating sequence for 'band-protocol'... Len price:32    [{'datetime': '2019-09-18T00:00:00Z', 'value':...
Name: priceUSD, dtype: object
[]
[]
Done.
	Creating sequence for 'celestia'... Len price:33    [{'datetime': '2023-10-31T00:00:00Z', 'value':...
Name: priceUSD, dtype: object
[]
[]
Done.
	Creating sequence for 'antimatter'... Len price:34    [{'datetime': '2021-03-02T00:00:00Z', 'value':...
Name: priceUSD, dtype: object
[]
[]
Done.
	Creating sequence for 'bistroo'... Len price:35    [{'datetime': '2021-05-19T00:00:00Z', 'value':...
Name: priceUSD, dtype: object
[]
[]
Done.
	Creating sequence for 'aipad'... Len price:36    [{'datetime': '2023-03-01T00:00:00Z', 'value':...
Name: priceUSD, dtype: object
[]
[]
Done.
	Creating sequence for 'bidao'... Len price:37    [{'datetime': '2020-09-30T00:00:00Z', 'value':...
Name: priceUSD, dtype: object
[]
[]
Done.
	Creating sequence for 'bitmart-token'... Len price:38    [{'datetime': '2018-07-13T00:00:00Z', 'value':...
Name: priceUSD, dtype: object
[]
[]
Done.
	Creating sequence for 'blocknet'... Len price:39    [{'datetime': '2014-11-01T00:00:00Z', 'value':...
Name: priceUSD, dtype: object
[]
[]
Done.
	Creating sequence for 'aviator'... Len price:40    [{'datetime': '2023-07-21T00:00:00Z', 'value':...
Name: priceUSD, dtype: object
[]
[]
Done.
	Creating sequence for 'ark'... Len price:41    [{'datetime': '2017-03-22T00:00:00Z', 'value':...
Name: priceUSD, dtype: object
[]
[]
Done.
	Creating sequence for 'bifrost'... Len price:42    [{'datetime': '2020-12-29T00:00:00Z', 'value':...
Name: priceUSD, dtype: object
[]
[]
Done.
	Creating sequence for 'assemble-protocol'... Len price:43    [{'datetime': '2020-08-04T00:00:00Z', 'value':...
Name: priceUSD, dtype: object
[]
[]
Done.
	Creating sequence for 'aergo'... Len price:44    [{'datetime': '2018-12-17T00:00:00Z', 'value':...
Name: priceUSD, dtype: object
[]
[]
Done.
	Creating sequence for 'artrade'... Len price:45    [{'datetime': '2022-04-07T00:00:00Z', 'value':...
Name: priceUSD, dtype: object
[]
[]
Done.
	Creating sequence for 'access-protocol'... Len price:46    [{'datetime': '2023-02-15T00:00:00Z', 'value':...
Name: priceUSD, dtype: object
[]
[]
Done.
	Creating sequence for 'aurusx'... Len price:47    [{'datetime': '2020-10-08T00:00:00Z', 'value':...
Name: priceUSD, dtype: object
[]
[]
Done.
	Creating sequence for 'affyn'... Len price:48    [{'datetime': '2022-01-30T00:00:00Z', 'value':...
Name: priceUSD, dtype: object
[]
[]
Done.
	Creating sequence for 'adapad'... Len price:49    [{'datetime': '2021-09-09T00:00:00Z', 'value':...
Name: priceUSD, dtype: object
[]
[]
Done.
	Creating sequence for 'crypto-asset-governance-alliance'... Len price:50    [{'datetime': '2023-11-13T00:00:00Z', 'value':...
Name: priceUSD, dtype: object
[]
[]
Done.
	Creating sequence for 'compound-basic-attention-token'... Len price:51    [{'datetime': '2020-07-25T00:00:00Z', 'value':...
Name: priceUSD, dtype: object
[]
[]
Done.
	Creating sequence for 'aave-usdt'... Skipped.
	Creating sequence for 'apy-finance'... Len price:53    [{'datetime': '2020-11-18T00:00:00Z', 'value':...
Name: priceUSD, dtype: object
[]
[]
Done.
	Creating sequence for 'arweave'... Len price:54    [{'datetime': '2020-05-27T00:00:00Z', 'value':...
Name: priceUSD, dtype: object
[]
[]
Done.
	Creating sequence for 'ageofgods'... Len price:55    [{'datetime': '2021-12-31T00:00:00Z', 'value':...
Name: priceUSD, dtype: object
[]
[]
Done.
	Creating sequence for 'biswap'... Len price:56    [{'datetime': '2021-07-02T00:00:00Z', 'value':...
Name: priceUSD, dtype: object
[]
[]
Done.
	Creating sequence for 'dafi-protocol'... Len price:57    [{'datetime': '2021-03-18T00:00:00Z', 'value':...
Name: priceUSD, dtype: object
[]
[]
Done.
	Creating sequence for 'biconomy'... Len price:58    [{'datetime': '2021-12-01T00:00:00Z', 'value':...
Name: priceUSD, dtype: object
[]
[]
Done.
	Creating sequence for 'cumrocket'... Len price:59    [{'datetime': '2021-04-14T00:00:00Z', 'value':...
Name: priceUSD, dtype: object
[]
[]
Done.
	Creating sequence for 'beoble'... Len price:60    [{'datetime': '2024-02-28T00:00:00Z', 'value':...
Name: priceUSD, dtype: object
[]
[]
Done.
	Creating sequence for 'apm-coin'... Len price:61    [{'datetime': '2019-12-27T00:00:00Z', 'value':...
Name: priceUSD, dtype: object
[]
[]
Done.
	Creating sequence for 'bottos'... Len price:62    [{'datetime': '2018-01-14T00:00:00Z', 'value':...
Name: priceUSD, dtype: object
[]
[]
Done.
	Creating sequence for 'aave-usdc'... Skipped.
	Creating sequence for 'bullperks'... Len price:64    [{'datetime': '2021-06-17T00:00:00Z', 'value':...
Name: priceUSD, dtype: object
[]
[]
Done.
	Creating sequence for 'bittorrent'... Len price:65    [{'datetime': '2019-01-31T00:00:00Z', 'value':...
Name: priceUSD, dtype: object
[]
[]
Done.
	Creating sequence for 'aurory'... Len price:66    [{'datetime': '2021-10-24T00:00:00Z', 'value':...
Name: priceUSD, dtype: object
[]
[]
Done.
	Creating sequence for 'acala'... Len price:67    [{'datetime': '2022-01-25T00:00:00Z', 'value':...
Name: priceUSD, dtype: object
[]
[]
Done.
	Creating sequence for 'banano'... Len price:68    [{'datetime': '2020-01-23T00:00:00Z', 'value':...
Name: priceUSD, dtype: object
[]
[]
Done.
	Creating sequence for 'aston-martin-cognizant-fan-token'... Len price:69    [{'datetime': '2021-07-07T00:00:00Z', 'value':...
Name: priceUSD, dtype: object
[]
[]
Done.
	Creating sequence for 'argent'... Skipped.
	Creating sequence for 'celo-dollar'... Len price:71    [{'datetime': '2020-09-30T00:00:00Z', 'value':...
Name: priceUSD, dtype: object
[]
[]
Done.
	Creating sequence for 'blendr-network'... Len price:72    [{'datetime': '2024-03-06T00:00:00Z', 'value':...
Name: priceUSD, dtype: object
[]
[]
Done.
	Creating sequence for 'adamant-messenger'... Len price:73    [{'datetime': '2019-01-17T00:00:00Z', 'value':...
Name: priceUSD, dtype: object
[]
[]
Done.
	Creating sequence for 'compound-ether'... Len price:74    [{'datetime': '2020-07-24T00:00:00Z', 'value':...
Name: priceUSD, dtype: object
[]
[]
Done.
	Creating sequence for 'cloudbric'... Len price:75    [{'datetime': '2019-01-30T00:00:00Z', 'value':...
Name: priceUSD, dtype: object
[]
[]
Done.
	Creating sequence for 'achain'... Len price:76    [{'datetime': '2017-08-27T00:00:00Z', 'value':...
Name: priceUSD, dtype: object
[]
[]
Done.
	Creating sequence for 'ben-the-dog'... Len price:77    [{'datetime': '2024-02-28T00:00:00Z', 'value':...
Name: priceUSD, dtype: object
[]
[]
Done.
	Creating sequence for 'arkham'... Len price:78    [{'datetime': '2023-07-18T00:00:00Z', 'value':...
Name: priceUSD, dtype: object
[]
[]
Done.
	Creating sequence for 'cellframe'... Len price:79    [{'datetime': '2021-03-30T00:00:00Z', 'value':...
Name: priceUSD, dtype: object
[]
[]
Done.
	Creating sequence for 'basic-attention-token'... Len price:80    [{'datetime': '2017-06-01T00:00:00Z', 'value':...
Name: priceUSD, dtype: object
[]
[]
Done.
	Creating sequence for 'connex'... Len price:81    [{'datetime': '2023-11-03T00:00:00Z', 'value':...
Name: priceUSD, dtype: object
[]
[]
Done.
	Creating sequence for 'coinsbit-token'... Len price:82    [{'datetime': '2020-01-08T00:00:00Z', 'value':...
Name: priceUSD, dtype: object
[]
[]
Done.
	Creating sequence for 'chronicle'... Len price:83    [{'datetime': '2021-09-18T00:00:00Z', 'value':...
Name: priceUSD, dtype: object
[]
[]
Done.
	Creating sequence for 'dacxi'... Len price:84    [{'datetime': '2021-06-15T00:00:00Z', 'value':...
Name: priceUSD, dtype: object
[]
[]
Done.
	Creating sequence for 'arcs'... Len price:85    [{'datetime': '2020-02-02T00:00:00Z', 'value':...
Name: priceUSD, dtype: object
[]
[]
Done.
	Creating sequence for 'billionhappiness'... Len price:86    [{'datetime': '2020-10-20T00:00:00Z', 'value':...
Name: priceUSD, dtype: object
[]
[]
Done.
	Creating sequence for 'burger-swap'... Len price:87    [{'datetime': '2020-09-25T00:00:00Z', 'value':...
Name: priceUSD, dtype: object
[]
[]
Done.
	Creating sequence for '1inch'... Len price:88    [{'datetime': '2020-12-25T00:00:00Z', 'value':...
Name: priceUSD, dtype: object
[]
[]
Done.
	Creating sequence for 'binance-usd'... Len price:89    [{'datetime': '2019-09-20T00:00:00Z', 'value':...
Name: priceUSD, dtype: object
[]
[]
Done.
	Creating sequence for 'beyond-finance'... Len price:90    [{'datetime': '2021-04-14T00:00:00Z', 'value':...
Name: priceUSD, dtype: object
[]
[]
Done.
	Creating sequence for 'binemon'... Len price:91    [{'datetime': '2021-08-27T00:00:00Z', 'value':...
Name: priceUSD, dtype: object
[]
[]
Done.
	Creating sequence for 'b20'... Len price:92    [{'datetime': '2021-02-17T00:00:00Z', 'value':...
Name: priceUSD, dtype: object
[]
[]
Done.
	Creating sequence for 'bemo-staked-ton'... Len price:93    [{'datetime': '2023-12-21T00:00:00Z', 'value':...
Name: priceUSD, dtype: object
[]
[]
Done.
	Creating sequence for 'aeron'... Len price:94    [{'datetime': '2017-11-07T00:00:00Z', 'value':...
Name: priceUSD, dtype: object
[]
[]
Done.
	Creating sequence for 'coldstack'... Len price:95    [{'datetime': '2021-05-15T00:00:00Z', 'value':...
Name: priceUSD, dtype: object
[]
[]
Done.
	Creating sequence for 'brz'... Len price:96    [{'datetime': '2019-07-19T00:00:00Z', 'value':...
Name: priceUSD, dtype: object
[]
[]
Done.
	Creating sequence for 'blockstack'... Len price:97    [{'datetime': '2019-10-28T00:00:00Z', 'value':...
Name: priceUSD, dtype: object
[]
[]
Done.
	Creating sequence for 'bamboo-defi'... Len price:98    [{'datetime': '2021-03-24T00:00:00Z', 'value':...
Name: priceUSD, dtype: object
[]
[]
Done.
	Creating sequence for 'astroswap'... Len price:99    [{'datetime': '2021-10-07T00:00:00Z', 'value':...
Name: priceUSD, dtype: object
[]
[]
Done.
	Creating sequence for 'barnbridge'... Len price:100    [{'datetime': '2021-01-18T00:00:00Z', 'value':...
Name: priceUSD, dtype: object
[]
[]
Done.
	Creating sequence for 'bitcoin-wizards'... Len price:101    [{'datetime': '2024-04-10T00:00:00Z', 'value':...
Name: priceUSD, dtype: object
[]
[]
Done.
	Creating sequence for 'commune-ai'... Len price:102    [{'datetime': '2024-02-23T00:00:00Z', 'value':...
Name: priceUSD, dtype: object
[]
[]
Done.
	Creating sequence for 'alva'... Len price:103    [{'datetime': '2023-09-19T00:00:00Z', 'value':...
Name: priceUSD, dtype: object
[]
[]
Done.
	Creating sequence for 'balpha'... Len price:104    [{'datetime': '2021-03-15T00:00:00Z', 'value':...
Name: priceUSD, dtype: object
[]
[]
Done.
	Creating sequence for 'cardano'... Len price:105    [{'datetime': '2017-10-01T00:00:00Z', 'value':...
Name: priceUSD, dtype: object
[]
[]
Done.
	Creating sequence for 'alvey-chain'... Len price:106    [{'datetime': '2022-08-19T00:00:00Z', 'value':...
Name: priceUSD, dtype: object
[]
[]
Done.
	Creating sequence for 'adreward'... Len price:107    [{'datetime': '2023-04-21T00:00:00Z', 'value':...
Name: priceUSD, dtype: object
[]
[]
Done.
	Creating sequence for 'acorn-protocol'... Len price:108    [{'datetime': '2023-05-22T00:00:00Z', 'value':...
Name: priceUSD, dtype: object
[]
[]
Done.
	Creating sequence for 'bitcoin-cash'... Len price:109    [{'datetime': '2017-07-23T00:00:00Z', 'value':...
Name: priceUSD, dtype: object
[]
[]
Done.
	Creating sequence for 'bazaars'... Len price:110    [{'datetime': '2023-04-19T00:00:00Z', 'value':...
Name: priceUSD, dtype: object
[]
[]
Done.
	Creating sequence for 'cere-network'... Len price:111    [{'datetime': '2021-11-09T00:00:00Z', 'value':...
Name: priceUSD, dtype: object
[]
[]
Done.
	Creating sequence for 'bnsd-finance'... Len price:112    [{'datetime': '2020-09-06T00:00:00Z', 'value':...
Name: priceUSD, dtype: object
[]
[]
Done.
	Creating sequence for 'bitball-treasure'... Len price:113    [{'datetime': '2019-11-05T00:00:00Z', 'value':...
Name: priceUSD, dtype: object
[]
[]
Done.
	Creating sequence for 'airight'... Len price:114    [{'datetime': '2021-09-02T00:00:00Z', 'value':...
Name: priceUSD, dtype: object
[]
[]
Done.
	Creating sequence for 'auto'... Len price:115    [{'datetime': '2021-02-03T00:00:00Z', 'value':...
Name: priceUSD, dtype: object
[]
[]
Done.
	Creating sequence for 'comtech-gold'... Len price:116    [{'datetime': '2022-05-24T00:00:00Z', 'value':...
Name: priceUSD, dtype: object
[]
[]
Done.
	Creating sequence for 'bluzelle'... Len price:117    [{'datetime': '2018-02-06T00:00:00Z', 'value':...
Name: priceUSD, dtype: object
[]
[]
Done.
	Creating sequence for 'bitkub-coin'... Len price:118    [{'datetime': '2021-12-16T00:00:00Z', 'value':...
Name: priceUSD, dtype: object
[]
[]
Done.
	Creating sequence for 'aston-villa-fan-token'... Len price:119    [{'datetime': '2021-11-24T00:00:00Z', 'value':...
Name: priceUSD, dtype: object
[]
[]
Done.
	Creating sequence for 'crash-on-base'... Len price:120    [{'datetime': '2024-06-27T00:00:00Z', 'value':...
Name: priceUSD, dtype: object
[]
[]
Done.
	Creating sequence for 'aeon'... Len price:121    [{'datetime': '2015-08-04T00:00:00Z', 'value':...
Name: priceUSD, dtype: object
[]
[]
Done.
	Creating sequence for 'alchemix'... Len price:122    [{'datetime': '2021-03-02T00:00:00Z', 'value':...
Name: priceUSD, dtype: object
[]
[]
Done.
	Creating sequence for 'bitball'... Len price:123    [{'datetime': '2019-01-11T00:00:00Z', 'value':...
Name: priceUSD, dtype: object
[]
[]
Done.
	Creating sequence for 'beefy-finance'... Len price:124    [{'datetime': '2021-09-01T00:00:00Z', 'value':...
Name: priceUSD, dtype: object
[]
[]
Done.
	Creating sequence for 'calamari-network'... Len price:125    [{'datetime': '2021-11-30T00:00:00Z', 'value':...
Name: priceUSD, dtype: object
[]
[]
Done.
	Creating sequence for 'crown-by-third-time-games'... Len price:126    [{'datetime': '2023-05-23T00:00:00Z', 'value':...
Name: priceUSD, dtype: object
[]
[]
Done.
	Creating sequence for 'apeswap-finance'... Len price:127    [{'datetime': '2021-03-12T00:00:00Z', 'value':...
Name: priceUSD, dtype: object
[]
[]
Done.
	Creating sequence for 'ait-protocol'... Len price:128    [{'datetime': '2023-12-29T00:00:00Z', 'value':...
Name: priceUSD, dtype: object
[]
[]
Done.
	Creating sequence for 'ampleforth-governance-token'... Len price:129    [{'datetime': '2021-04-22T00:00:00Z', 'value':...
Name: priceUSD, dtype: object
[]
[]
Done.
	Creating sequence for 'aion'... Len price:130    [{'datetime': '2017-10-18T00:00:00Z', 'value':...
Name: priceUSD, dtype: object
[]
[]
Done.
	Creating sequence for 'autonio'... Len price:131    [{'datetime': '2017-11-06T00:00:00Z', 'value':...
Name: priceUSD, dtype: object
[]
[]
Done.
	Creating sequence for 'airtor-protocol'... Len price:132    [{'datetime': '2023-03-04T00:00:00Z', 'value':...
Name: priceUSD, dtype: object
[]
[]
Done.
	Creating sequence for 'acquire-fi'... Len price:133    [{'datetime': '2022-09-29T00:00:00Z', 'value':...
Name: priceUSD, dtype: object
[]
[]
Done.
	Creating sequence for 'aptos'... Len price:134    [{'datetime': '2022-10-19T00:00:00Z', 'value':...
Name: priceUSD, dtype: object
[]
[]
Done.
	Creating sequence for 'cyberfi'... Len price:135    [{'datetime': '2020-11-18T00:00:00Z', 'value':...
Name: priceUSD, dtype: object
[]
[]
Done.
	Creating sequence for 'carvertical'... Len price:136    [{'datetime': '2018-01-22T00:00:00Z', 'value':...
Name: priceUSD, dtype: object
[]
[]
Done.
	Creating sequence for 'captain-tsubasa'... Len price:137    [{'datetime': '2023-09-20T00:00:00Z', 'value':...
Name: priceUSD, dtype: object
[]
[]
Done.
	Creating sequence for 'bitcoin-diamond'... Len price:138    [{'datetime': '2017-11-24T00:00:00Z', 'value':...
Name: priceUSD, dtype: object
[]
[]
Done.
	Creating sequence for 'bitcoin-gold'... Len price:139    [{'datetime': '2017-10-23T00:00:00Z', 'value':...
Name: priceUSD, dtype: object
[]
[]
Done.
	Creating sequence for 'cotrader'... Len price:140    [{'datetime': '2019-03-07T00:00:00Z', 'value':...
Name: priceUSD, dtype: object
[]
[]
Done.
	Creating sequence for 'coin98'... Len price:141    [{'datetime': '2021-08-09T00:00:00Z', 'value':...
Name: priceUSD, dtype: object
[]
[]
Done.
	Creating sequence for 'convex-finance'... Len price:142    [{'datetime': '2021-05-18T00:00:00Z', 'value':...
Name: priceUSD, dtype: object
[]
[]
Done.
	Creating sequence for 'alpine-f1-team-fan-token'... Len price:143    [{'datetime': '2022-02-21T00:00:00Z', 'value':...
Name: priceUSD, dtype: object
[]
[]
Done.
	Creating sequence for 'ampleforth'... Len price:144    [{'datetime': '2019-06-28T00:00:00Z', 'value':...
Name: priceUSD, dtype: object
[]
[]
Done.
	Creating sequence for 'airswap'... Len price:145    [{'datetime': '2017-10-17T00:00:00Z', 'value':...
Name: priceUSD, dtype: object
[]
[]
Done.
	Creating sequence for 'aerodrome-finance'... Len price:146    [{'datetime': '2024-02-02T00:00:00Z', 'value':...
Name: priceUSD, dtype: object
[]
[]
Done.
	Creating sequence for 'blackcardcoin'... Len price:147    [{'datetime': '2024-04-11T00:00:00Z', 'value':...
Name: priceUSD, dtype: object
[]
[]
Done.
	Creating sequence for 'ambo'... Skipped.
	Creating sequence for 'bepro-network'... Len price:149    [{'datetime': '2019-12-21T00:00:00Z', 'value':...
Name: priceUSD, dtype: object
[]
[]
Done.
	Creating sequence for 'azuki'... Len price:150    [{'datetime': '2020-11-11T00:00:00Z', 'value':...
Name: priceUSD, dtype: object
[]
[]
Done.
	Creating sequence for 'aioz-network'... Len price:151    [{'datetime': '2021-04-05T00:00:00Z', 'value':...
Name: priceUSD, dtype: object
[]
[]
Done.
	Creating sequence for 'astar'... Len price:152    [{'datetime': '2022-01-18T00:00:00Z', 'value':...
Name: priceUSD, dtype: object
[]
[]
Done.
	Creating sequence for 'augur'... Len price:153    [{'datetime': '2015-10-27T00:00:00Z', 'value':...
Name: priceUSD, dtype: object
[]
[]
Done.
	Creating sequence for 'adshares'... Len price:154    [{'datetime': '2017-08-12T00:00:00Z', 'value':...
Name: priceUSD, dtype: object
[]
[]
Done.
	Creating sequence for 'ceres'... Len price:155    [{'datetime': '2021-08-27T00:00:00Z', 'value':...
Name: priceUSD, dtype: object
[]
[]
Done.
	Creating sequence for 'constitutiondao'... Len price:156    [{'datetime': '2021-11-19T00:00:00Z', 'value':...
Name: priceUSD, dtype: object
[]
[]
Done.
	Creating sequence for 'aragon'... Len price:157    [{'datetime': '2017-05-18T00:00:00Z', 'value':...
Name: priceUSD, dtype: object
[]
[]
Done.
	Creating sequence for 'areon-network'... Len price:158    [{'datetime': '2023-01-19T00:00:00Z', 'value':...
Name: priceUSD, dtype: object
[]
[]
Done.
	Creating sequence for 'ai-analysis-token'... Len price:159    [{'datetime': '2024-01-18T00:00:00Z', 'value':...
Name: priceUSD, dtype: object
[]
[]
Done.
	Creating sequence for 'armor'... Len price:160    [{'datetime': '2021-01-27T00:00:00Z', 'value':...
Name: priceUSD, dtype: object
[]
[]
Done.
	Creating sequence for 'bitshares'... Len price:161    [{'datetime': '2014-07-21T00:00:00Z', 'value':...
Name: priceUSD, dtype: object
[]
[]
Done.
	Creating sequence for 'cryptozoon'... Len price:162    [{'datetime': '2021-08-03T00:00:00Z', 'value':...
Name: priceUSD, dtype: object
[]
[]
Done.
	Creating sequence for 'bitdao'... Len price:163    [{'datetime': '2021-09-02T00:00:00Z', 'value':...
Name: priceUSD, dtype: object
[]
[]
Done.
	Creating sequence for 'convergence'... Len price:164    [{'datetime': '2021-03-29T00:00:00Z', 'value':...
Name: priceUSD, dtype: object
[]
[]
Done.
	Creating sequence for 'contentos'... Len price:165    [{'datetime': '2019-06-20T00:00:00Z', 'value':...
Name: priceUSD, dtype: object
[]
[]
Done.
	Creating sequence for 'alitas'... Len price:166    [{'datetime': '2021-07-14T00:00:00Z', 'value':...
Name: priceUSD, dtype: object
[]
[]
Done.
	Creating sequence for 'akita-inu'... Len price:167    [{'datetime': '2021-02-03T00:00:00Z', 'value':...
Name: priceUSD, dtype: object
[]
[]
Done.
	Creating sequence for 'aeternity'... Len price:168    [{'datetime': '2017-06-01T00:00:00Z', 'value':...
Name: priceUSD, dtype: object
[]
[]
Done.
	Creating sequence for 'brainlet'... Skipped.
	Creating sequence for 'bread'... Len price:170    [{'datetime': '2017-12-24T00:00:00Z', 'value':...
Name: priceUSD, dtype: object
[]
[]
Done.
	Creating sequence for 'contentbox'... Len price:171    [{'datetime': '2018-07-19T00:00:00Z', 'value':...
Name: priceUSD, dtype: object
[]
[]
Done.
	Creating sequence for 'bad-idea-ai'... Len price:172    [{'datetime': '2023-05-21T00:00:00Z', 'value':...
Name: priceUSD, dtype: object
[]
[]
Done.
	Creating sequence for 'crypto-ai-robo'... Len price:173    [{'datetime': '2023-12-11T00:00:00Z', 'value':...
Name: priceUSD, dtype: object
[]
[]
Done.
	Creating sequence for 'blind-boxes'... Len price:174    [{'datetime': '2021-03-31T00:00:00Z', 'value':...
Name: priceUSD, dtype: object
[]
[]
Done.
	Creating sequence for 'beam'... Len price:175    [{'datetime': '2019-01-17T00:00:00Z', 'value':...
Name: priceUSD, dtype: object
[]
[]
Done.
	Creating sequence for 'alien-worlds'... Len price:176    [{'datetime': '2021-04-14T00:00:00Z', 'value':...
Name: priceUSD, dtype: object
[]
[]
Done.
	Creating sequence for 'banana-gun'... Len price:177    [{'datetime': '2023-09-20T00:00:00Z', 'value':...
Name: priceUSD, dtype: object
[]
[]
Done.
	Creating sequence for 'aave-mana'... Skipped.
	Creating sequence for 'amino'... Len price:179    [{'datetime': '2019-09-10T00:00:00Z', 'value':...
Name: priceUSD, dtype: object
[]
[]
Done.
	Creating sequence for 'cashaa'... Len price:180    [{'datetime': '2018-02-15T00:00:00Z', 'value':...
Name: priceUSD, dtype: object
[]
[]
Done.
	Creating sequence for 'catcoin'... Len price:181    [{'datetime': '2022-04-30T00:00:00Z', 'value':...
Name: priceUSD, dtype: object
[]
[]
Done.
	Creating sequence for 'birake'... Len price:182    [{'datetime': '2018-09-13T00:00:00Z', 'value':...
Name: priceUSD, dtype: object
[]
[]
Done.
	Creating sequence for 'altered-state-token'... Len price:183    [{'datetime': '2022-04-09T00:00:00Z', 'value':...
Name: priceUSD, dtype: object
[]
[]
Done.
	Creating sequence for 'bonfida'... Len price:184    [{'datetime': '2020-12-28T00:00:00Z', 'value':...
Name: priceUSD, dtype: object
[]
[]
Done.
	Creating sequence for 'bakerytoken'... Len price:185    [{'datetime': '2021-04-29T00:00:00Z', 'value':...
Name: priceUSD, dtype: object
[]
[]
Done.
	Creating sequence for 'aave-link'... Skipped.
	Creating sequence for 'credefi'... Len price:187    [{'datetime': '2021-12-10T00:00:00Z', 'value':...
Name: priceUSD, dtype: object
[]
[]
Done.
	Creating sequence for 'bella-protocol'... Len price:188    [{'datetime': '2020-10-22T00:00:00Z', 'value':...
Name: priceUSD, dtype: object
[]
[]
Done.
	Creating sequence for 'ardor'... Len price:189    [{'datetime': '2016-07-23T00:00:00Z', 'value':...
Name: priceUSD, dtype: object
[]
[]
Done.
	Creating sequence for 'acknoledger'... Len price:190    [{'datetime': '2021-10-29T00:00:00Z', 'value':...
Name: priceUSD, dtype: object
[]
[]
Done.
	Creating sequence for 'cryptogpt'... Len price:191    [{'datetime': '2023-03-10T00:00:00Z', 'value':...
Name: priceUSD, dtype: object
[]
[]
Done.
	Creating sequence for 'civic'... Len price:192    [{'datetime': '2017-07-17T00:00:00Z', 'value':...
Name: priceUSD, dtype: object
[]
[]
Done.
	Creating sequence for 'bifi'... Len price:193    [{'datetime': '2021-01-01T00:00:00Z', 'value':...
Name: priceUSD, dtype: object
[]
[]
Done.
	Creating sequence for 'axelar'... Len price:194    [{'datetime': '2022-09-27T00:00:00Z', 'value':...
Name: priceUSD, dtype: object
[]
[]
Done.
	Creating sequence for 'amepay'... Len price:195    [{'datetime': '2021-01-03T00:00:00Z', 'value':...
Name: priceUSD, dtype: object
[]
[]
Done.
	Creating sequence for 'clube-atletico-mineiro-fan-token'... Len price:196    [{'datetime': '2021-11-25T00:00:00Z', 'value':...
Name: priceUSD, dtype: object
[]
[]
Done.
	Creating sequence for 'cyclone-protocol'... Len price:197    [{'datetime': '2021-04-02T00:00:00Z', 'value':...
Name: priceUSD, dtype: object
[]
[]
Done.
	Creating sequence for 'apenft'... Len price:198    [{'datetime': '2021-05-21T00:00:00Z', 'value':...
Name: priceUSD, dtype: object
[]
[]
Done.
	Creating sequence for 'celo'... Len price:199    [{'datetime': '2020-05-22T00:00:00Z', 'value':...
Name: priceUSD, dtype: object
[]
[]
Done.
	Creating sequence for 'coinweb'... Len price:200    [{'datetime': '2021-12-31T00:00:00Z', 'value':...
Name: priceUSD, dtype: object
[]
[]
Done.
	Creating sequence for 'concordium'... Len price:201    [{'datetime': '2022-02-15T00:00:00Z', 'value':...
Name: priceUSD, dtype: object
[]
[]
Done.
	Creating sequence for 'chex-token'... Len price:202    [{'datetime': '2021-02-21T00:00:00Z', 'value':...
Name: priceUSD, dtype: object
[]
[]
Done.
	Creating sequence for 'coinex-token'... Len price:203    [{'datetime': '2018-10-24T00:00:00Z', 'value':...
Name: priceUSD, dtype: object
[]
[]
Done.
	Creating sequence for 'appcoins'... Len price:204    [{'datetime': '2018-01-08T00:00:00Z', 'value':...
Name: priceUSD, dtype: object
[]
[]
Done.
	Creating sequence for 'boba-network'... Len price:205    [{'datetime': '2021-11-21T00:00:00Z', 'value':...
Name: priceUSD, dtype: object
[]
[]
Done.
	Creating sequence for 'arcona'... Len price:206    [{'datetime': '2020-08-06T00:00:00Z', 'value':...
Name: priceUSD, dtype: object
[]
[]
Done.
	Creating sequence for 'azuro-protocol'... Len price:207    [{'datetime': '2024-06-20T00:00:00Z', 'value':...
Name: priceUSD, dtype: object
[]
[]
Done.
	Creating sequence for 'aave-tusd'... Skipped.
	Creating sequence for 'babb'... Len price:209    [{'datetime': '2018-03-09T00:00:00Z', 'value':...
Name: priceUSD, dtype: object
[]
[]
Done.
	Creating sequence for 'cult-dao'... Len price:210    [{'datetime': '2022-02-03T00:00:00Z', 'value':...
Name: priceUSD, dtype: object
[]
[]
Done.
	Creating sequence for 'avail'... Skipped.
	Creating sequence for 'amond'... Len price:212    [{'datetime': '2019-09-28T00:00:00Z', 'value':...
Name: priceUSD, dtype: object
[]
[]
Done.
	Creating sequence for 'akash-network'... Len price:213    [{'datetime': '2021-01-27T00:00:00Z', 'value':...
Name: priceUSD, dtype: object
[]
[]
Done.
	Creating sequence for 'bitcicoin'... Len price:214    [{'datetime': '2021-01-30T00:00:00Z', 'value':...
Name: priceUSD, dtype: object
[]
[]
Done.
	Creating sequence for 'aave-knc'... Skipped.
	Creating sequence for '0x'... Len price:216    [{'datetime': '2017-08-16T00:00:00Z', 'value':...
Name: priceUSD, dtype: object
[]
[]
Done.
	Creating sequence for 'billy'... Len price:217    [{'datetime': '2024-06-20T00:00:00Z', 'value':...
Name: priceUSD, dtype: object
[]
[]
Done.
	Creating sequence for 'bbs-network'... Len price:218    [{'datetime': '2022-02-19T00:00:00Z', 'value':...
Name: priceUSD, dtype: object
[]
[]
Done.
	Creating sequence for 'atlas-navi'... Len price:219    [{'datetime': '2022-12-07T00:00:00Z', 'value':...
Name: priceUSD, dtype: object
[]
[]
Done.
	Creating sequence for 'api3'... Len price:220    [{'datetime': '2020-11-30T00:00:00Z', 'value':...
Name: priceUSD, dtype: object
[]
[]
Done.
	Creating sequence for 'andy-on-sol'... Len price:221    [{'datetime': '2024-03-12T00:00:00Z', 'value':...
Name: priceUSD, dtype: object
[]
[]
Done.
	Creating sequence for 'credits'... Len price:222    [{'datetime': '2018-03-03T00:00:00Z', 'value':...
Name: priceUSD, dtype: object
[]
[]
Done.
	Creating sequence for '5ire'... Len price:223    [{'datetime': '2023-12-05T00:00:00Z', 'value':...
Name: priceUSD, dtype: object
[]
[]
Done.
	Creating sequence for 'aethir'... Len price:224    [{'datetime': '2024-06-12T00:00:00Z', 'value':...
Name: priceUSD, dtype: object
[]
[]
Done.
	Creating sequence for 'axie-infinity'... Len price:225    [{'datetime': '2020-11-06T00:00:00Z', 'value':...
Name: priceUSD, dtype: object
[]
[]
Done.
	Creating sequence for 'compound-uniswap'... Len price:226    [{'datetime': '2021-07-29T00:00:00Z', 'value':...
Name: priceUSD, dtype: object
[]
[]
Done.
	Creating sequence for 'beta-finance'... Len price:227    [{'datetime': '2021-10-08T00:00:00Z', 'value':...
Name: priceUSD, dtype: object
[]
[]
Done.
	Creating sequence for 'blockasset'... Len price:228    [{'datetime': '2021-12-16T00:00:00Z', 'value':...
Name: priceUSD, dtype: object
[]
[]
Done.
	Creating sequence for 'art-de-finance'... Len price:229    [{'datetime': '2023-05-30T00:00:00Z', 'value':...
Name: priceUSD, dtype: object
[]
[]
Done.
	Creating sequence for '3space-art'... Len price:230    [{'datetime': '2023-12-12T00:00:00Z', 'value':...
Name: priceUSD, dtype: object
[]
[]
Done.
	Creating sequence for 'carry'... Len price:231    [{'datetime': '2019-05-17T00:00:00Z', 'value':...
Name: priceUSD, dtype: object
[]
[]
Done.
	Creating sequence for 'amber'... Len price:232    [{'datetime': '2017-10-23T00:00:00Z', 'value':...
Name: priceUSD, dtype: object
[]
[]
Done.
	Creating sequence for 'alephium'... Len price:233    [{'datetime': '2022-01-13T00:00:00Z', 'value':...
Name: priceUSD, dtype: object
[]
[]
Done.
	Creating sequence for 'bibox-token'... Len price:234    [{'datetime': '2017-12-24T00:00:00Z', 'value':...
Name: priceUSD, dtype: object
[]
[]
Done.
	Creating sequence for 'boson-protocol'... Len price:235    [{'datetime': '2021-05-11T00:00:00Z', 'value':...
Name: priceUSD, dtype: object
[]
[]
Done.
	Creating sequence for 'arcblock'... Len price:236    [{'datetime': '2018-02-26T00:00:00Z', 'value':...
Name: priceUSD, dtype: object
[]
[]
Done.
	Creating sequence for 'circuits-of-value'... Len price:237    [{'datetime': '2015-01-24T00:00:00Z', 'value':...
Name: priceUSD, dtype: object
[]
[]
Done.
	Creating sequence for 'book-of-meme'... Len price:238    [{'datetime': '2024-03-14T00:00:00Z', 'value':...
Name: priceUSD, dtype: object
[]
[]
Done.
	Creating sequence for 'aventus'... Len price:239    [{'datetime': '2017-09-06T00:00:00Z', 'value':...
Name: priceUSD, dtype: object
[]
[]
Done.
	Creating sequence for 'adappter-token'... Len price:240    [{'datetime': '2020-12-17T00:00:00Z', 'value':...
Name: priceUSD, dtype: object
[]
[]
Done.
	Creating sequence for '404aliens'... Len price:241    [{'datetime': '2024-02-20T00:00:00Z', 'value':...
Name: priceUSD, dtype: object
[]
[]
Done.
	Creating sequence for 'cratos'... Len price:242    [{'datetime': '2021-09-24T00:00:00Z', 'value':...
Name: priceUSD, dtype: object
[]
[]
Done.
	Creating sequence for 'cartesi'... Len price:243    [{'datetime': '2020-04-23T00:00:00Z', 'value':...
Name: priceUSD, dtype: object
[]
[]
Done.
	Creating sequence for 'choise'... Len price:244    [{'datetime': '2022-06-08T00:00:00Z', 'value':...
Name: priceUSD, dtype: object
[]
[]
Done.
	Creating sequence for 'amaterasu-omikami'... Len price:245    [{'datetime': '2023-09-20T00:00:00Z', 'value':...
Name: priceUSD, dtype: object
[]
[]
Done.
	Creating sequence for 'adventure-gold'... Len price:246    [{'datetime': '2021-09-03T00:00:00Z', 'value':...
Name: priceUSD, dtype: object
[]
[]
Done.
	Creating sequence for 'celer-network'... Len price:247    [{'datetime': '2019-03-25T00:00:00Z', 'value':...
Name: priceUSD, dtype: object
[]
[]
Done.
	Creating sequence for 'bitpanda-ecosystem-token'... Len price:248    [{'datetime': '2019-10-18T00:00:00Z', 'value':...
Name: priceUSD, dtype: object
[]
[]
Done.
	Creating sequence for 'celo-euro'... Len price:249    [{'datetime': '2021-06-30T00:00:00Z', 'value':...
Name: priceUSD, dtype: object
[]
[]
Done.
	Creating sequence for 'bomb'... Len price:250    [{'datetime': '2019-05-22T00:00:00Z', 'value':...
Name: priceUSD, dtype: object
[]
[]
Done.
	Creating sequence for 'cosmos'... Len price:251    [{'datetime': '2019-03-14T00:00:00Z', 'value':...
Name: priceUSD, dtype: object
[]
[]
Done.
	Creating sequence for 'cudos'... Len price:252    [{'datetime': '2021-02-03T00:00:00Z', 'value':...
Name: priceUSD, dtype: object
[]
[]
Done.
	Creating sequence for 'bora'... Len price:253    [{'datetime': '2019-03-18T00:00:00Z', 'value':...
Name: priceUSD, dtype: object
[]
[]
Done.
	Creating sequence for 'altlayer'... Len price:254    [{'datetime': '2024-01-25T00:00:00Z', 'value':...
Name: priceUSD, dtype: object
[]
[]
Done.
	Creating sequence for 'aave-dai'... Skipped.
	Creating sequence for 'aimalls'... Len price:256    [{'datetime': '2023-10-30T00:00:00Z', 'value':...
Name: priceUSD, dtype: object
[]
[]
Done.
	Creating sequence for 'bitrock'... Len price:257    [{'datetime': '2023-07-17T00:00:00Z', 'value':...
Name: priceUSD, dtype: object
[]
[]
Done.
	Creating sequence for 'acute-angle-cloud'... Len price:258    [{'datetime': '2018-01-20T00:00:00Z', 'value':...
Name: priceUSD, dtype: object
[]
[]
Done.
	Creating sequence for 'blocery'... Len price:259    [{'datetime': '2021-02-03T00:00:00Z', 'value':...
Name: priceUSD, dtype: object
[]
[]
Done.
	Creating sequence for 'beamswap'... Len price:260    [{'datetime': '2022-03-19T00:00:00Z', 'value':...
Name: priceUSD, dtype: object
[]
[]
Done.
	Creating sequence for 'alkimi'... Len price:261    [{'datetime': '2021-08-27T00:00:00Z', 'value':...
Name: priceUSD, dtype: object
[]
[]
Done.
	Creating sequence for 'attila'... Len price:262    [{'datetime': '2020-05-19T00:00:00Z', 'value':...
Name: priceUSD, dtype: object
[]
[]
Done.
	Creating sequence for 'brickken'... Len price:263    [{'datetime': '2023-07-25T00:00:00Z', 'value':...
Name: priceUSD, dtype: object
[]
[]
Done.
	Creating sequence for 'alethea-artificial-liquid-intelligence-token'... Len price:264    [{'datetime': '2022-02-14T00:00:00Z', 'value':...
Name: priceUSD, dtype: object
[]
[]
Done.
Preparing data for testing...
	Creating sequence for 'cetus-protocol'... Len price:265    [{'datetime': '2023-05-10T00:00:00Z', 'value':...
Name: priceUSD, dtype: object
[]
