


--------------------------------------------------
Starting lstm.py at '2024-10-25 12:11:39.652091'.
Reading './balancedDataset.json'... Done.
Total training Data: 1030
DAOs trained so far:508
Size of training set: 213
Size of test set: 309
Preparing data for training...
Preparing data for testing...
Parameters:
	Num epochs: 60
	Initial learning rate: 0.001
	Patience: 12
	Window size: 60
	Timeseries splits: 3
	Minimum number of timeseries datapoints: 64
Gradient boosting params: 
	{"max_depth": 3, "learning_rate": 0.05, "n_estimators": 100, "objective": "binary:logistic", "eval_metric": "logloss"}
	Creating sequence for 'aelf'... Training group 0, split 1
	Y Train Labels:(array([1.], dtype=float32), array([566]))
	Y Val Labels:(array([1.], dtype=float32), array([563]))
Training group 0, split 2
	Y Train Labels:(array([1.], dtype=float32), array([1129]))
	Y Val Labels:(array([1.], dtype=float32), array([563]))
Training group 0, split 3
	Y Train Labels:(array([1.], dtype=float32), array([1692]))
	Y Val Labels:(array([1.], dtype=float32), array([563]))
Done.
	Creating sequence for 'boson-protocol'... Training group 1, split 1
	Y Train Labels:(array([1.], dtype=float32), array([285]))
	Y Val Labels:(array([1.], dtype=float32), array([285]))
Training group 1, split 2
	Early stopping at epoch 26
	Y Train Labels:(array([1.], dtype=float32), array([570]))
	Y Val Labels:(array([1.], dtype=float32), array([285]))
Training group 1, split 3
	Early stopping at epoch 13
	Y Train Labels:(array([1.], dtype=float32), array([855]))
	Y Val Labels:(array([0., 1.], dtype=float32), array([ 87, 198]))
Done.
	Creating sequence for 'bora'... Training group 2, split 1
	Early stopping at epoch 44
	Y Train Labels:(array([1.], dtype=float32), array([475]))
	Y Val Labels:(array([1.], dtype=float32), array([473]))
Training group 2, split 2
	Early stopping at epoch 15
	Y Train Labels:(array([1.], dtype=float32), array([948]))
	Y Val Labels:(array([0., 1.], dtype=float32), array([  1, 472]))
Training group 2, split 3
	Y Train Labels:(array([0., 1.], dtype=float32), array([   1, 1420]))
	Y Val Labels:(array([0.], dtype=float32), array([473]))
Done.
	Creating sequence for 'ethena-staked-usde'... Training group 3, split 1
	Y Train Labels:(array([0.], dtype=float32), array([41]))
	Y Val Labels:(array([0.], dtype=float32), array([38]))
Training group 3, split 2
	Y Train Labels:(array([0.], dtype=float32), array([79]))
	Y Val Labels:(array([0.], dtype=float32), array([38]))
Training group 3, split 3
	Y Train Labels:(array([0.], dtype=float32), array([117]))
	Y Val Labels:(array([0.], dtype=float32), array([38]))
Done.
	Creating sequence for 'formation-fi'... Training group 4, split 1
	Early stopping at epoch 13
	Y Train Labels:(array([0., 1.], dtype=float32), array([ 51, 177]))
	Y Val Labels:(array([0.], dtype=float32), array([226]))
Training group 4, split 2
	Early stopping at epoch 33
	Y Train Labels:(array([0., 1.], dtype=float32), array([277, 177]))
	Y Val Labels:(array([0.], dtype=float32), array([226]))
Training group 4, split 3
	Early stopping at epoch 14
	Y Train Labels:(array([0., 1.], dtype=float32), array([503, 177]))
	Y Val Labels:(array([0.], dtype=float32), array([226]))
Done.
	Creating sequence for 'iotex'... Training group 5, split 1
	Y Train Labels:(array([1.], dtype=float32), array([544]))
	Y Val Labels:(array([1.], dtype=float32), array([544]))
Training group 5, split 2
	Y Train Labels:(array([1.], dtype=float32), array([1088]))
	Y Val Labels:(array([1.], dtype=float32), array([544]))
Training group 5, split 3
