


--------------------------------------------------
Starting lstm.py at '2024-10-24 23:11:45.976013'.
Reading './balancedDataset.json'... Done.
Total training Data: 1030
DAOs trained so far:290
Size of training set: 431
Size of test set: 309
Preparing data for training...
Preparing data for testing...
Parameters:
	Num epochs: 60
	Initial learning rate: 0.001
	Patience: 12
	Window size: 60
	Timeseries splits: 3
	Minimum number of timeseries datapoints: 64
Gradient boosting params: 
	{"max_depth": 3, "learning_rate": 0.05, "n_estimators": 100, "objective": "binary:logistic", "eval_metric": "logloss"}
	Creating sequence for 'coreto'... Training group 0, split 1
	Early stopping at epoch 13
	Y Train Labels:(array([1.], dtype=float32), array([316]))
	Y Val Labels:(array([0., 1.], dtype=float32), array([116, 199]))
Training group 0, split 2
	Early stopping at epoch 47
	Y Train Labels:(array([0., 1.], dtype=float32), array([116, 515]))
	Y Val Labels:(array([0.], dtype=float32), array([315]))
Training group 0, split 3
	Early stopping at epoch 27
	Y Train Labels:(array([0., 1.], dtype=float32), array([431, 515]))
	Y Val Labels:(array([0.], dtype=float32), array([315]))
Done.
	Creating sequence for 'goons-of-balatroon'... Training group 1, split 1
	Y Train Labels:(array([1.], dtype=float32), array([176]))
	Y Val Labels:(array([1.], dtype=float32), array([173]))
Training group 1, split 2
	Y Train Labels:(array([1.], dtype=float32), array([349]))
	Y Val Labels:(array([1.], dtype=float32), array([173]))
Training group 1, split 3
	Early stopping at epoch 13
	Y Train Labels:(array([1.], dtype=float32), array([522]))
	Y Val Labels:(array([0., 1.], dtype=float32), array([84, 89]))
Done.
	Creating sequence for 'gitcoin'... Training group 2, split 1
	Y Train Labels:(array([1.], dtype=float32), array([280]))
	Y Val Labels:(array([1.], dtype=float32), array([277]))
Training group 2, split 2
	Y Train Labels:(array([1.], dtype=float32), array([557]))
	Y Val Labels:(array([1.], dtype=float32), array([277]))
Training group 2, split 3
	Y Train Labels:(array([1.], dtype=float32), array([834]))
	Y Val Labels:(array([1.], dtype=float32), array([277]))
Done.
	Creating sequence for 'acala'... Training group 3, split 1
	Y Train Labels:(array([1.], dtype=float32), array([220]))
	Y Val Labels:(array([1.], dtype=float32), array([220]))
Training group 3, split 2
	Y Train Labels:(array([1.], dtype=float32), array([440]))
	Y Val Labels:(array([1.], dtype=float32), array([220]))
Training group 3, split 3
	Y Train Labels:(array([1.], dtype=float32), array([660]))
	Y Val Labels:(array([1.], dtype=float32), array([220]))
Done.
	Creating sequence for 'aigentx'... Training group 4, split 1
	Early stopping at epoch 13
	Y Train Labels:(array([1.], dtype=float32), array([57]))
	Y Val Labels:(array([0., 1.], dtype=float32), array([43, 12]))
Training group 4, split 2
	Early stopping at epoch 30
	Y Train Labels:(array([0., 1.], dtype=float32), array([43, 69]))
	Y Val Labels:(array([0.], dtype=float32), array([55]))
Training group 4, split 3
	Early stopping at epoch 27
	Y Train Labels:(array([0., 1.], dtype=float32), array([98, 69]))
	Y Val Labels:(array([0.], dtype=float32), array([55]))
Done.
	Creating sequence for 'belt'... Training group 5, split 1
	Y Train Labels:(array([0., 1.], dtype=float32), array([121,  29]))
	Y Val Labels:(array([0.], dtype=float32), array([150]))
Training group 5, split 2
	Y Train Labels:(array([0., 1.], dtype=float32), array([271,  29]))
	Y Val Labels:(array([0.], dtype=float32), array([150]))
Training group 5, split 3
	Early stopping at epoch 13
	Y Train Labels:(array([0., 1.], dtype=float32), array([421,  29]))
	Y Val Labels:(array([0.], dtype=float32), array([150]))
Done.
	Creating sequence for 'waltonchain'... Training group 6, split 1
	Y Train Labels:(array([1.], dtype=float32), array([565]))
	Y Val Labels:(array([1.], dtype=float32), array([564]))
Training group 6, split 2
