


--------------------------------------------------
Starting lstm.py at '2024-10-26 23:12:45.342119'.
Reading '../classifiedDAOs.json'... Done.
Total training Data: 1578
DAOs trained so far:438
Size of training set: 666
Size of test set: 474
Preparing data for training...
Preparing data for testing...
Parameters:
	Num epochs: 60
	Initial learning rate: 0.001
	Patience: 12
	Window size: 60
	Timeseries splits: 3
	Minimum number of timeseries datapoints: 64
Gradient boosting params: 
	{"max_depth": 3, "learning_rate": 0.05, "n_estimators": 100, "objective": "binary:logistic", "eval_metric": "logloss"}
	Creating sequence for 'deri-protocol'... Training group 0, split 1
	Early stopping at epoch 13
	Y Train Labels:(array([1.], dtype=float32), array([306]))
	Y Val Labels:(array([1.], dtype=float32), array([306]))
Training group 0, split 2
	Early stopping at epoch 13
	Y Train Labels:(array([1.], dtype=float32), array([612]))
	Y Val Labels:(array([1.], dtype=float32), array([306]))
Training group 0, split 3
	Early stopping at epoch 13
	Y Train Labels:(array([1.], dtype=float32), array([918]))
	Y Val Labels:(array([1.], dtype=float32), array([306]))
Done.
	Creating sequence for 'numbers-protocol'... Training group 1, split 1
	Early stopping at epoch 13
	Y Train Labels:(array([1.], dtype=float32), array([233]))
	Y Val Labels:(array([1.], dtype=float32), array([232]))
Training group 1, split 2
	Early stopping at epoch 13
	Y Train Labels:(array([1.], dtype=float32), array([465]))
	Y Val Labels:(array([1.], dtype=float32), array([232]))
Training group 1, split 3
	Early stopping at epoch 13
	Y Train Labels:(array([1.], dtype=float32), array([697]))
	Y Val Labels:(array([0., 1.], dtype=float32), array([144,  88]))
Done.
	Creating sequence for 'wen'... Training group 2, split 1
	Early stopping at epoch 13
	Y Train Labels:(array([1.], dtype=float32), array([48]))
	Y Val Labels:(array([1.], dtype=float32), array([45]))
Training group 2, split 2
	Early stopping at epoch 13
	Y Train Labels:(array([1.], dtype=float32), array([93]))
	Y Val Labels:(array([0., 1.], dtype=float32), array([ 9, 36]))
Training group 2, split 3
	Early stopping at epoch 13
	Y Train Labels:(array([0., 1.], dtype=float32), array([  9, 129]))
	Y Val Labels:(array([0.], dtype=float32), array([45]))
Done.
	Creating sequence for 'red-pulse'... Training group 3, split 1
	Early stopping at epoch 13
	Y Train Labels:(array([0., 1.], dtype=float32), array([181, 305]))
	Y Val Labels:(array([0.], dtype=float32), array([484]))
Training group 3, split 2
	Early stopping at epoch 13
	Y Train Labels:(array([0., 1.], dtype=float32), array([665, 305]))
	Y Val Labels:(array([0.], dtype=float32), array([484]))
Training group 3, split 3
	Early stopping at epoch 13
	Y Train Labels:(array([0., 1.], dtype=float32), array([1149,  305]))
	Y Val Labels:(array([0.], dtype=float32), array([484]))
Done.
	Creating sequence for 'humaniq'... Training group 4, split 1
	Early stopping at epoch 13
	Y Train Labels:(array([1.], dtype=float32), array([587]))
	Y Val Labels:(array([1.], dtype=float32), array([586]))
Training group 4, split 2
