


--------------------------------------------------
Starting lstm.py at '2024-10-27 00:11:06.390821'.
Reading '../classifiedDAOs.json'... Done.
Total training Data: 1578
DAOs trained so far:813
Size of training set: 291
Size of test set: 474
Preparing data for training...
Preparing data for testing...
Parameters:
	Num epochs: 60
	Initial learning rate: 0.001
	Patience: 12
	Window size: 60
	Timeseries splits: 3
	Minimum number of timeseries datapoints: 64
Gradient boosting params: 
	{"max_depth": 3, "learning_rate": 0.05, "n_estimators": 100, "objective": "binary:logistic", "eval_metric": "logloss"}
	Creating sequence for 'groestlcoin'... Training group 0, split 1
	Y Train Labels:(array([1.], dtype=float32), array([568]))
	Y Val Labels:(array([1.], dtype=float32), array([568]))
Training group 0, split 2
	Y Train Labels:(array([1.], dtype=float32), array([1136]))
	Y Val Labels:(array([1.], dtype=float32), array([568]))
Training group 0, split 3
	Y Train Labels:(array([1.], dtype=float32), array([1704]))
	Y Val Labels:(array([1.], dtype=float32), array([568]))
Done.
	Creating sequence for 'shark-cat'... Training group 1, split 1
	Y Train Labels:(array([1.], dtype=float32), array([29]))
	Y Val Labels:(array([1.], dtype=float32), array([29]))
Training group 1, split 2
	Early stopping at epoch 13
	Y Train Labels:(array([1.], dtype=float32), array([58]))
	Y Val Labels:(array([0., 1.], dtype=float32), array([25,  4]))
Training group 1, split 3
	Early stopping at epoch 52
	Y Train Labels:(array([0., 1.], dtype=float32), array([25, 62]))
	Y Val Labels:(array([0.], dtype=float32), array([29]))
Done.
	Creating sequence for 'faraland'... Training group 2, split 1
	Early stopping at epoch 13
	Y Train Labels:(array([1.], dtype=float32), array([285]))
	Y Val Labels:(array([0., 1.], dtype=float32), array([267,  18]))
Training group 2, split 2
	Early stopping at epoch 42
	Y Train Labels:(array([0., 1.], dtype=float32), array([267, 303]))
	Y Val Labels:(array([0.], dtype=float32), array([285]))
Training group 2, split 3
	Y Train Labels:(array([0., 1.], dtype=float32), array([552, 303]))
	Y Val Labels:(array([0.], dtype=float32), array([285]))
Done.
	Creating sequence for 'constitutiondao'... Training group 3, split 1
	Y Train Labels:(array([1.], dtype=float32), array([235]))
	Y Val Labels:(array([1.], dtype=float32), array([232]))
Training group 3, split 2
	Y Train Labels:(array([1.], dtype=float32), array([467]))
	Y Val Labels:(array([1.], dtype=float32), array([232]))
Training group 3, split 3
	Y Train Labels:(array([1.], dtype=float32), array([699]))
	Y Val Labels:(array([1.], dtype=float32), array([232]))
Done.
	Creating sequence for 'l'... Training group 4, split 1
	Y Train Labels:(array([0.], dtype=float32), array([91]))
	Y Val Labels:(array([0.], dtype=float32), array([91]))
Training group 4, split 2
	Y Train Labels:(array([0.], dtype=float32), array([182]))
	Y Val Labels:(array([0.], dtype=float32), array([91]))
Training group 4, split 3
	Y Train Labels:(array([0.], dtype=float32), array([273]))
	Y Val Labels:(array([0.], dtype=float32), array([91]))
Done.
	Creating sequence for 'smartshare'... Training group 5, split 1
	Y Train Labels:(array([1.], dtype=float32), array([536]))
	Y Val Labels:(array([1.], dtype=float32), array([536]))
Training group 5, split 2
