


--------------------------------------------------
Starting lstm.py at '2024-10-23 19:51:01.330029'.
Reading '../classifiedDAOs.json'... Done.
Total training Data: 1578
DAOs trained so far:602
Size of training set: 502
Size of test set: 474
Preparing data for training...
Preparing data for testing...
Parameters:
	Num epochs: 60
	Initial learning rate: 0.001
	Patience: 12
	Window size: 60
	Timeseries splits: 3
	Minimum number of timeseries datapoints: 64
Gradient boosting params: 
	{"max_depth": 3, "learning_rate": 0.05, "n_estimators": 100, "objective": "binary:logistic", "eval_metric": "logloss"}
	Creating sequence for 'axel'... Training group 0, split 1
	Y Train Labels:(array([1.], dtype=float32), array([365]))
	Y Val Labels:(array([1.], dtype=float32), array([362]))
Training group 0, split 2
	Y Train Labels:(array([1.], dtype=float32), array([727]))
	Y Val Labels:(array([1.], dtype=float32), array([362]))
Training group 0, split 3
	Early stopping at epoch 13
	Y Train Labels:(array([1.], dtype=float32), array([1089]))
	Y Val Labels:(array([0., 1.], dtype=float32), array([328,  34]))
Done.
	Creating sequence for 'lootbot'... 5403
Done.
	Creating sequence for 'jackpool-finance'... Training group 2, split 1
	Early stopping at epoch 29
	Y Train Labels:(array([0., 1.], dtype=float32), array([ 66, 255]))
	Y Val Labels:(array([0.], dtype=float32), array([319]))
Training group 2, split 2
	Early stopping at epoch 29
	Y Train Labels:(array([0., 1.], dtype=float32), array([385, 255]))
	Y Val Labels:(array([0.], dtype=float32), array([319]))
Training group 2, split 3
	Early stopping at epoch 31
	Y Train Labels:(array([0., 1.], dtype=float32), array([704, 255]))
	Y Val Labels:(array([0.], dtype=float32), array([319]))
Done.
	Creating sequence for 'tron-bull'... Skipped.
	Creating sequence for 'aventus'... Training group 3, split 1
	Y Train Labels:(array([1.], dtype=float32), array([230]))
	Y Val Labels:(array([1.], dtype=float32), array([230]))
Training group 3, split 2
	Y Train Labels:(array([1.], dtype=float32), array([460]))
	Y Val Labels:(array([1.], dtype=float32), array([230]))
Training group 3, split 3
	Y Train Labels:(array([1.], dtype=float32), array([690]))
	Y Val Labels:(array([1.], dtype=float32), array([230]))
Done.
	Creating sequence for 'acala'... Training group 4, split 1
	Y Train Labels:(array([1.], dtype=float32), array([220]))
	Y Val Labels:(array([1.], dtype=float32), array([220]))
Training group 4, split 2
	Y Train Labels:(array([1.], dtype=float32), array([440]))
	Y Val Labels:(array([1.], dtype=float32), array([220]))
Training group 4, split 3
	Y Train Labels:(array([1.], dtype=float32), array([660]))
	Y Val Labels:(array([1.], dtype=float32), array([220]))
Done.
	Creating sequence for 'energi'... Training group 5, split 1
	Y Train Labels:(array([1.], dtype=float32), array([501]))
	Y Val Labels:(array([1.], dtype=float32), array([500]))
Training group 5, split 2
	Y Train Labels:(array([1.], dtype=float32), array([1001]))
	Y Val Labels:(array([1.], dtype=float32), array([500]))
Training group 5, split 3
	Early stopping at epoch 46
	Y Train Labels:(array([1.], dtype=float32), array([1501]))
	Y Val Labels:(array([1.], dtype=float32), array([500]))
Done.
	Creating sequence for 'zelwin'... Training group 6, split 1
	Early stopping at epoch 30
	Y Train Labels:(array([0., 1.], dtype=float32), array([ 71, 179]))
	Y Val Labels:(array([0.], dtype=float32), array([249]))
Training group 6, split 2
	Early stopping at epoch 24
	Y Train Labels:(array([0., 1.], dtype=float32), array([320, 179]))
	Y Val Labels:(array([0.], dtype=float32), array([249]))
Training group 6, split 3
	Early stopping at epoch 28
	Y Train Labels:(array([0., 1.], dtype=float32), array([569, 179]))
	Y Val Labels:(array([0.], dtype=float32), array([249]))
Done.
	Creating sequence for 'mdex'... Training group 7, split 1
	Early stopping at epoch 13
	Y Train Labels:(array([1.], dtype=float32), array([235]))
	Y Val Labels:(array([0., 1.], dtype=float32), array([168,  66]))
Training group 7, split 2
	Early stopping at epoch 34
	Y Train Labels:(array([0., 1.], dtype=float32), array([168, 301]))
	Y Val Labels:(array([0.], dtype=float32), array([234]))
Training group 7, split 3
	Early stopping at epoch 28
	Y Train Labels:(array([0., 1.], dtype=float32), array([402, 301]))
	Y Val Labels:(array([0.], dtype=float32), array([234]))
Done.
	Creating sequence for 'tosdis'... Training group 8, split 1
	Y Train Labels:(array([0., 1.], dtype=float32), array([119, 177]))
	Y Val Labels:(array([0.], dtype=float32), array([295]))
Training group 8, split 2
