


--------------------------------------------------
Starting lstm.py at '2024-10-16 13:48:19.002633'.
Reading './isDaoActiveData(4).json'... Done.
Total training Data: 379
DAOs trained so far:180
Size of training set: 85
Size of test set: 114
Preparing data for training...
Preparing data for testing...
Parameters:
	Num epochs: 60
	Initial learning rate: 0.001
	Patience: 12
	Window size: 60
	Timeseries splits: 3
	Minimum number of timeseries datapoints: 64
Gradient boosting params: 
	{"max_depth": 3, "learning_rate": 0.05, "n_estimators": 100, "objective": "binary:logistic", "eval_metric": "logloss"}
	Creating sequence for 'cashaa'... Training group 0, split 1
	Y Train Labels:(array([1.], dtype=float32), array([91]))
	Y Val Labels:(array([1.], dtype=float32), array([88]))
Training group 0, split 2
	Y Train Labels:(array([1.], dtype=float32), array([179]))
	Y Val Labels:(array([1.], dtype=float32), array([88]))
Training group 0, split 3
	Y Train Labels:(array([1.], dtype=float32), array([267]))
	Y Val Labels:(array([1.], dtype=float32), array([88]))
Done.
	Creating sequence for 'catcoin'... Training group 1, split 1
	Y Train Labels:(array([1.], dtype=float32), array([207]))
	Y Val Labels:(array([1.], dtype=float32), array([204]))
Training group 1, split 2
	Y Train Labels:(array([1.], dtype=float32), array([411]))
	Y Val Labels:(array([1.], dtype=float32), array([204]))
Training group 1, split 3
	Y Train Labels:(array([1.], dtype=float32), array([615]))
	Y Val Labels:(array([1.], dtype=float32), array([204]))
Done.
	Creating sequence for 'birake'... Training group 2, split 1
	Early stopping at epoch 13
	Y Train Labels:(array([1.], dtype=float32), array([525]))
	Y Val Labels:(array([0., 1.], dtype=float32), array([252, 270]))
Training group 2, split 2
	Early stopping at epoch 40
	Y Train Labels:(array([0., 1.], dtype=float32), array([252, 795]))
	Y Val Labels:(array([0.], dtype=float32), array([522]))
Training group 2, split 3
	Early stopping at epoch 24
	Y Train Labels:(array([0., 1.], dtype=float32), array([774, 795]))
	Y Val Labels:(array([0.], dtype=float32), array([522]))
Done.
	Creating sequence for 'altered-state-token'... Training group 3, split 1
	Early stopping at epoch 36
	Y Train Labels:(array([0., 1.], dtype=float32), array([200,  10]))
	Y Val Labels:(array([0.], dtype=float32), array([210]))
Training group 3, split 2
	Early stopping at epoch 13
	Y Train Labels:(array([0., 1.], dtype=float32), array([410,  10]))
	Y Val Labels:(array([0.], dtype=float32), array([210]))
Training group 3, split 3
	Y Train Labels:(array([0., 1.], dtype=float32), array([620,  10]))
	Y Val Labels:(array([0.], dtype=float32), array([210]))
Done.
	Creating sequence for 'bonfida'... Training group 4, split 1
	Y Train Labels:(array([1.], dtype=float32), array([292]))
	Y Val Labels:(array([1.], dtype=float32), array([290]))
Training group 4, split 2
	Y Train Labels:(array([1.], dtype=float32), array([582]))
	Y Val Labels:(array([1.], dtype=float32), array([290]))
Training group 4, split 3
	Y Train Labels:(array([1.], dtype=float32), array([872]))
	Y Val Labels:(array([1.], dtype=float32), array([290]))
Done.
	Creating sequence for 'bakerytoken'... Training group 5, split 1
	Y Train Labels:(array([1.], dtype=float32), array([290]))
	Y Val Labels:(array([1.], dtype=float32), array([287]))
Training group 5, split 2
	Y Train Labels:(array([1.], dtype=float32), array([577]))
	Y Val Labels:(array([1.], dtype=float32), array([287]))
Training group 5, split 3
	Early stopping at epoch 13
	Y Train Labels:(array([1.], dtype=float32), array([864]))
	Y Val Labels:(array([0., 1.], dtype=float32), array([135, 152]))
Done.
	Creating sequence for 'aave-link'... Skipped.
	Creating sequence for 'credefi'... Training group 6, split 1
	Y Train Labels:(array([1.], dtype=float32), array([242]))
	Y Val Labels:(array([1.], dtype=float32), array([239]))
Training group 6, split 2
	Early stopping at epoch 48
	Y Train Labels:(array([1.], dtype=float32), array([481]))
	Y Val Labels:(array([1.], dtype=float32), array([239]))
Training group 6, split 3
	Early stopping at epoch 29
	Y Train Labels:(array([1.], dtype=float32), array([720]))
	Y Val Labels:(array([1.], dtype=float32), array([239]))
Done.
	Creating sequence for 'bella-protocol'... Training group 7, split 1
	Early stopping at epoch 26
	Y Train Labels:(array([1.], dtype=float32), array([330]))
	Y Val Labels:(array([1.], dtype=float32), array([327]))
Training group 7, split 2
	Early stopping at epoch 37
	Y Train Labels:(array([1.], dtype=float32), array([657]))
	Y Val Labels:(array([1.], dtype=float32), array([327]))
Training group 7, split 3
