


--------------------------------------------------
Starting lstm.py at '2024-10-16 13:24:33.190011'.
Reading './isDaoActiveData(4).json'... Done.
Total training Data: 379
DAOs trained so far:89
Size of training set: 176
Size of test set: 114
Preparing data for training...
Preparing data for testing...
Parameters:
	Num epochs: 60
	Initial learning rate: 0.001
	Patience: 12
	Window size: 60
	Timeseries splits: 3
	Minimum number of timeseries datapoints: 64
Gradient boosting params: 
	{"max_depth": 3, "learning_rate": 0.05, "n_estimators": 100, "objective": "binary:logistic", "eval_metric": "logloss"}
	Creating sequence for 'binance-usd'... Training group 0, split 1
	Y Train Labels:(array([1.], dtype=float32), array([438]))
	Y Val Labels:(array([1.], dtype=float32), array([435]))
Training group 0, split 2
	Y Train Labels:(array([1.], dtype=float32), array([873]))
	Y Val Labels:(array([1.], dtype=float32), array([435]))
Training group 0, split 3
	Early stopping at epoch 13
	Y Train Labels:(array([1.], dtype=float32), array([1308]))
	Y Val Labels:(array([0., 1.], dtype=float32), array([425,  10]))
Done.
	Creating sequence for 'beyond-finance'... Training group 1, split 1
	Early stopping at epoch 28
	Y Train Labels:(array([0., 1.], dtype=float32), array([ 97, 203]))
	Y Val Labels:(array([0.], dtype=float32), array([300]))
Training group 1, split 2
	Early stopping at epoch 29
	Y Train Labels:(array([0., 1.], dtype=float32), array([397, 203]))
	Y Val Labels:(array([0.], dtype=float32), array([300]))
Training group 1, split 3
	Early stopping at epoch 37
	Y Train Labels:(array([0., 1.], dtype=float32), array([697, 203]))
	Y Val Labels:(array([0.], dtype=float32), array([300]))
Done.
	Creating sequence for 'binemon'... Training group 2, split 1
	Y Train Labels:(array([1.], dtype=float32), array([90]))
	Y Val Labels:(array([1.], dtype=float32), array([87]))
Training group 2, split 2
	Y Train Labels:(array([1.], dtype=float32), array([177]))
	Y Val Labels:(array([1.], dtype=float32), array([87]))
Training group 2, split 3
	Early stopping at epoch 13
	Y Train Labels:(array([1.], dtype=float32), array([264]))
	Y Val Labels:(array([0., 1.], dtype=float32), array([ 3, 84]))
Done.
	Creating sequence for 'b20'... Training group 3, split 1
	Y Train Labels:(array([0., 1.], dtype=float32), array([158,  40]))
	Y Val Labels:(array([0.], dtype=float32), array([196]))
Training group 3, split 2
	Y Train Labels:(array([0., 1.], dtype=float32), array([354,  40]))
	Y Val Labels:(array([0.], dtype=float32), array([196]))
Training group 3, split 3
	Y Train Labels:(array([0., 1.], dtype=float32), array([550,  40]))
	Y Val Labels:(array([0.], dtype=float32), array([196]))
Done.
	Creating sequence for 'bemo-staked-ton'... Training group 4, split 1
	Y Train Labels:(array([1.], dtype=float32), array([57]))
	Y Val Labels:(array([1.], dtype=float32), array([54]))
Training group 4, split 2
	Y Train Labels:(array([1.], dtype=float32), array([111]))
	Y Val Labels:(array([1.], dtype=float32), array([54]))
Training group 4, split 3
	Early stopping at epoch 13
	Y Train Labels:(array([1.], dtype=float32), array([165]))
	Y Val Labels:(array([0., 1.], dtype=float32), array([20, 34]))
Done.
	Creating sequence for 'aeron'... Training group 5, split 1
	Early stopping at epoch 13
	Y Train Labels:(array([1.], dtype=float32), array([568]))
	Y Val Labels:(array([0., 1.], dtype=float32), array([366, 200]))
Training group 5, split 2
	Early stopping at epoch 39
	Y Train Labels:(array([0., 1.], dtype=float32), array([366, 768]))
	Y Val Labels:(array([0.], dtype=float32), array([566]))
Training group 5, split 3
	Early stopping at epoch 23
	Y Train Labels:(array([0., 1.], dtype=float32), array([932, 768]))
	Y Val Labels:(array([0.], dtype=float32), array([566]))
Done.
	Creating sequence for 'coldstack'... Training group 6, split 1
	Y Train Labels:(array([1.], dtype=float32), array([234]))
	Y Val Labels:(array([1.], dtype=float32), array([233]))
Training group 6, split 2
	Y Train Labels:(array([1.], dtype=float32), array([467]))
	Y Val Labels:(array([1.], dtype=float32), array([233]))
Training group 6, split 3
	Y Train Labels:(array([1.], dtype=float32), array([700]))
	Y Val Labels:(array([1.], dtype=float32), array([233]))
Done.
	Creating sequence for 'brz'... Training group 7, split 1
	Y Train Labels:(array([1.], dtype=float32), array([448]))
	Y Val Labels:(array([1.], dtype=float32), array([445]))
Training group 7, split 2
	Early stopping at epoch 13
	Y Train Labels:(array([1.], dtype=float32), array([893]))
	Y Val Labels:(array([0., 1.], dtype=float32), array([ 62, 383]))
Training group 7, split 3
