


--------------------------------------------------
Starting lstm.py at '2024-10-26 22:47:39.184696'.
Reading '../classifiedDAOs.json'... Done.
Total training Data: 1578
DAOs trained so far:284
Size of training set: 820
Size of test set: 474
Preparing data for training...
Preparing data for testing...
Parameters:
	Num epochs: 60
	Initial learning rate: 0.001
	Patience: 12
	Window size: 60
	Timeseries splits: 3
	Minimum number of timeseries datapoints: 64
Gradient boosting params: 
	{"max_depth": 3, "learning_rate": 0.05, "n_estimators": 100, "objective": "binary:logistic", "eval_metric": "logloss"}
	Creating sequence for 'elysia'... 00
Done.
	Creating sequence for 'turtlecoin'... Training group 1, split 1
	Early stopping at epoch 13
	Y Train Labels:(array([1.], dtype=float32), array([542]))
	Y Val Labels:(array([1.], dtype=float32), array([541]))
Training group 1, split 2
	Early stopping at epoch 13
	Y Train Labels:(array([1.], dtype=float32), array([1083]))
	Y Val Labels:(array([0., 1.], dtype=float32), array([332, 209]))
Training group 1, split 3
	Early stopping at epoch 13
	Y Train Labels:(array([0., 1.], dtype=float32), array([ 332, 1292]))
	Y Val Labels:(array([0.], dtype=float32), array([541]))
Done.
	Creating sequence for 'boba-network'... Training group 2, split 1
	Early stopping at epoch 13
	Y Train Labels:(array([1.], dtype=float32), array([237]))
	Y Val Labels:(array([0., 1.], dtype=float32), array([ 71, 165]))
Training group 2, split 2
	Early stopping at epoch 13
	Y Train Labels:(array([0., 1.], dtype=float32), array([ 71, 402]))
	Y Val Labels:(array([0.], dtype=float32), array([236]))
Training group 2, split 3
	Early stopping at epoch 13
	Y Train Labels:(array([0., 1.], dtype=float32), array([307, 402]))
	Y Val Labels:(array([0.], dtype=float32), array([236]))
Done.
	Creating sequence for 'suterusu'... Training group 3, split 1
	Early stopping at epoch 13
	Y Train Labels:(array([1.], dtype=float32), array([414]))
	Y Val Labels:(array([0., 1.], dtype=float32), array([ 28, 384]))
Training group 3, split 2
	Early stopping at epoch 13
	Y Train Labels:(array([0., 1.], dtype=float32), array([ 28, 798]))
	Y Val Labels:(array([0.], dtype=float32), array([412]))
Training group 3, split 3
	Early stopping at epoch 13
	Y Train Labels:(array([0., 1.], dtype=float32), array([440, 798]))
	Y Val Labels:(array([0.], dtype=float32), array([412]))
Done.
	Creating sequence for 'skycoin'... Training group 4, split 1
	Early stopping at epoch 13
	Y Train Labels:(array([1.], dtype=float32), array([561]))
	Y Val Labels:(array([1.], dtype=float32), array([561]))
Training group 4, split 2
