


--------------------------------------------------
Starting lstm.py at '2024-10-23 16:30:54.069894'.
Reading '../classifiedDAOs.json'... Done.
Total training Data: 1578
DAOs trained so far:33
Size of training set: 1071
Size of test set: 474
Preparing data for training...
Preparing data for testing...
Parameters:
	Num epochs: 60
	Initial learning rate: 0.001
	Patience: 12
	Window size: 60
	Timeseries splits: 3
	Minimum number of timeseries datapoints: 64
Gradient boosting params: 
	{"max_depth": 3, "learning_rate": 0.05, "n_estimators": 100, "objective": "binary:logistic", "eval_metric": "logloss"}
	Creating sequence for 'kava'... Training group 0, split 1
	Y Train Labels:(array([1.], dtype=float32), array([430]))
	Y Val Labels:(array([1.], dtype=float32), array([428]))
Training group 0, split 2
	Y Train Labels:(array([1.], dtype=float32), array([858]))
	Y Val Labels:(array([1.], dtype=float32), array([428]))
Training group 0, split 3
	Y Train Labels:(array([1.], dtype=float32), array([1286]))
	Y Val Labels:(array([1.], dtype=float32), array([428]))
Done.
	Creating sequence for 'frax'... Training group 1, split 1
	Y Train Labels:(array([1.], dtype=float32), array([303]))
	Y Val Labels:(array([1.], dtype=float32), array([301]))
Training group 1, split 2
	Y Train Labels:(array([1.], dtype=float32), array([604]))
	Y Val Labels:(array([1.], dtype=float32), array([301]))
Training group 1, split 3
	Y Train Labels:(array([1.], dtype=float32), array([905]))
	Y Val Labels:(array([1.], dtype=float32), array([301]))
Done.
	Creating sequence for 'link'... Training group 2, split 1
	Y Train Labels:(array([1.], dtype=float32), array([231]))
	Y Val Labels:(array([1.], dtype=float32), array([230]))
Training group 2, split 2
	Y Train Labels:(array([1.], dtype=float32), array([461]))
	Y Val Labels:(array([1.], dtype=float32), array([230]))
Training group 2, split 3
	Y Train Labels:(array([1.], dtype=float32), array([691]))
	Y Val Labels:(array([1.], dtype=float32), array([230]))
Done.
	Creating sequence for 'paccoin'... Training group 3, split 1
	Y Train Labels:(array([1.], dtype=float32), array([192]))
	Y Val Labels:(array([1.], dtype=float32), array([190]))
Training group 3, split 2
	Y Train Labels:(array([1.], dtype=float32), array([382]))
	Y Val Labels:(array([1.], dtype=float32), array([190]))
Training group 3, split 3
	Y Train Labels:(array([1.], dtype=float32), array([572]))
	Y Val Labels:(array([1.], dtype=float32), array([190]))
Done.
	Creating sequence for 'pepemon-pepeballs'... Training group 4, split 1
	Early stopping at epoch 13
	Y Train Labels:(array([1.], dtype=float32), array([172]))
	Y Val Labels:(array([0., 1.], dtype=float32), array([122,  48]))
Training group 4, split 2
	Early stopping at epoch 27
	Y Train Labels:(array([0., 1.], dtype=float32), array([122, 220]))
	Y Val Labels:(array([0.], dtype=float32), array([170]))
Training group 4, split 3
	Early stopping at epoch 24
	Y Train Labels:(array([0., 1.], dtype=float32), array([292, 220]))
	Y Val Labels:(array([0.], dtype=float32), array([170]))
Done.
	Creating sequence for 'neutrino-system-base-token'... Training group 5, split 1
	Early stopping at epoch 18
	Y Train Labels:(array([1.], dtype=float32), array([347]))
	Y Val Labels:(array([0., 1.], dtype=float32), array([ 86, 260]))
Training group 5, split 2
	Y Train Labels:(array([0., 1.], dtype=float32), array([ 86, 607]))
	Y Val Labels:(array([0.], dtype=float32), array([346]))
Training group 5, split 3
	Y Train Labels:(array([0., 1.], dtype=float32), array([432, 607]))
	Y Val Labels:(array([0.], dtype=float32), array([346]))
Done.
	Creating sequence for 'openocean'... Training group 6, split 1
	Y Train Labels:(array([1.], dtype=float32), array([239]))
	Y Val Labels:(array([1.], dtype=float32), array([239]))
Training group 6, split 2
	Y Train Labels:(array([1.], dtype=float32), array([478]))
	Y Val Labels:(array([1.], dtype=float32), array([239]))
Training group 6, split 3
	Y Train Labels:(array([1.], dtype=float32), array([717]))
	Y Val Labels:(array([1.], dtype=float32), array([239]))
Done.
	Creating sequence for 'catheon-gaming'... Training group 7, split 1
	Y Train Labels:(array([1.], dtype=float32), array([159]))
	Y Val Labels:(array([1.], dtype=float32), array([158]))
Training group 7, split 2
	Y Train Labels:(array([1.], dtype=float32), array([317]))
	Y Val Labels:(array([1.], dtype=float32), array([158]))
Training group 7, split 3
	Early stopping at epoch 13
	Y Train Labels:(array([1.], dtype=float32), array([475]))
	Y Val Labels:(array([0., 1.], dtype=float32), array([121,  37]))
Done.
	Creating sequence for 'adshares'... Training group 8, split 1
	Y Train Labels:(array([1.], dtype=float32), array([569]))
	Y Val Labels:(array([1.], dtype=float32), array([568]))
Training group 8, split 2
