


--------------------------------------------------
Starting lstm.py at '2024-10-23 19:33:49.192028'.
Reading '../classifiedDAOs.json'... Done.
Total training Data: 1578
DAOs trained so far:500
Size of training set: 604
Size of test set: 474
Preparing data for training...
Preparing data for testing...
Parameters:
	Num epochs: 60
	Initial learning rate: 0.001
	Patience: 12
	Window size: 60
	Timeseries splits: 3
	Minimum number of timeseries datapoints: 64
Gradient boosting params: 
	{"max_depth": 3, "learning_rate": 0.05, "n_estimators": 100, "objective": "binary:logistic", "eval_metric": "logloss"}
	Creating sequence for 'coinpoker'... Training group 0, split 1
	Y Train Labels:(array([1.], dtype=float32), array([567]))
	Y Val Labels:(array([1.], dtype=float32), array([567]))
Training group 0, split 2
	Y Train Labels:(array([1.], dtype=float32), array([1134]))
	Y Val Labels:(array([1.], dtype=float32), array([567]))
Training group 0, split 3
	Early stopping at epoch 29
	Y Train Labels:(array([1.], dtype=float32), array([1701]))
	Y Val Labels:(array([1.], dtype=float32), array([567]))
Done.
	Creating sequence for 'playermon'... Training group 1, split 1
	Y Train Labels:(array([0.], dtype=float32), array([245]))
	Y Val Labels:(array([0.], dtype=float32), array([244]))
Training group 1, split 2
	Y Train Labels:(array([0.], dtype=float32), array([489]))
	Y Val Labels:(array([0.], dtype=float32), array([244]))
Training group 1, split 3
	Y Train Labels:(array([0.], dtype=float32), array([733]))
	Y Val Labels:(array([0.], dtype=float32), array([244]))
Done.
	Creating sequence for 'liquity-usd'... Training group 2, split 1
	Y Train Labels:(array([1.], dtype=float32), array([255]))
	Y Val Labels:(array([1.], dtype=float32), array([255]))
Training group 2, split 2
	Y Train Labels:(array([1.], dtype=float32), array([510]))
	Y Val Labels:(array([1.], dtype=float32), array([255]))
Training group 2, split 3
	Y Train Labels:(array([1.], dtype=float32), array([765]))
	Y Val Labels:(array([1.], dtype=float32), array([255]))
Done.
	Creating sequence for 'axis-defi'... Training group 3, split 1
	Early stopping at epoch 13
	Y Train Labels:(array([1.], dtype=float32), array([343]))
	Y Val Labels:(array([0., 1.], dtype=float32), array([230, 113]))
Training group 3, split 2
	Early stopping at epoch 29
	Y Train Labels:(array([0., 1.], dtype=float32), array([230, 456]))
	Y Val Labels:(array([0.], dtype=float32), array([343]))
Training group 3, split 3
	Early stopping at epoch 29
	Y Train Labels:(array([0., 1.], dtype=float32), array([573, 456]))
	Y Val Labels:(array([0.], dtype=float32), array([343]))
Done.
	Creating sequence for 'snek'... Training group 4, split 1
	Y Train Labels:(array([1.], dtype=float32), array([92]))
	Y Val Labels:(array([1.], dtype=float32), array([90]))
Training group 4, split 2
	Y Train Labels:(array([1.], dtype=float32), array([182]))
	Y Val Labels:(array([1.], dtype=float32), array([90]))
Training group 4, split 3
	Y Train Labels:(array([1.], dtype=float32), array([272]))
	Y Val Labels:(array([1.], dtype=float32), array([90]))
Done.
	Creating sequence for 'binance-usd'... Training group 5, split 1
	Y Train Labels:(array([1.], dtype=float32), array([438]))
	Y Val Labels:(array([1.], dtype=float32), array([435]))
Training group 5, split 2
	Y Train Labels:(array([1.], dtype=float32), array([873]))
	Y Val Labels:(array([1.], dtype=float32), array([435]))
Training group 5, split 3
