


--------------------------------------------------
Starting lstm.py at '2024-10-16 13:28:52.074347'.
Reading './isDaoActiveData(4).json'... Done.
Total training Data: 379
DAOs trained so far:106
Size of training set: 159
Size of test set: 114
Preparing data for training...
Preparing data for testing...
Parameters:
	Num epochs: 60
	Initial learning rate: 0.001
	Patience: 12
	Window size: 60
	Timeseries splits: 3
	Minimum number of timeseries datapoints: 64
Gradient boosting params: 
	{"max_depth": 3, "learning_rate": 0.05, "n_estimators": 100, "objective": "binary:logistic", "eval_metric": "logloss"}
	Creating sequence for 'alvey-chain'... Training group 0, split 1
	Early stopping at epoch 30
	Y Train Labels:(array([0., 1.], dtype=float32), array([ 60, 117]))
	Y Val Labels:(array([0.], dtype=float32), array([177]))
Training group 0, split 2
	Early stopping at epoch 31
	Y Train Labels:(array([0., 1.], dtype=float32), array([237, 117]))
	Y Val Labels:(array([0.], dtype=float32), array([177]))
Training group 0, split 3
	Early stopping at epoch 36
	Y Train Labels:(array([0., 1.], dtype=float32), array([414, 117]))
	Y Val Labels:(array([0.], dtype=float32), array([177]))
Done.
	Creating sequence for 'adreward'... 00
Done.
	Creating sequence for 'acorn-protocol'... Training group 2, split 1
	Early stopping at epoch 13
	Y Train Labels:(array([0., 1.], dtype=float32), array([45, 63]))
	Y Val Labels:(array([0.], dtype=float32), array([108]))
Training group 2, split 2
	Early stopping at epoch 36
	Y Train Labels:(array([0., 1.], dtype=float32), array([153,  63]))
	Y Val Labels:(array([0.], dtype=float32), array([108]))
Training group 2, split 3
	Early stopping at epoch 35
	Y Train Labels:(array([0., 1.], dtype=float32), array([261,  63]))
	Y Val Labels:(array([0.], dtype=float32), array([108]))
Done.
	Creating sequence for 'bitcoin-cash'... Training group 3, split 1
	Y Train Labels:(array([1.], dtype=float32), array([640]))
	Y Val Labels:(array([1.], dtype=float32), array([640]))
Training group 3, split 2
	Early stopping at epoch 13
	Y Train Labels:(array([1.], dtype=float32), array([1280]))
	Y Val Labels:(array([0., 1.], dtype=float32), array([361, 279]))
Training group 3, split 3
	Early stopping at epoch 55
	Y Train Labels:(array([0., 1.], dtype=float32), array([ 361, 1559]))
	Y Val Labels:(array([0.], dtype=float32), array([640]))
Done.
	Creating sequence for 'bazaars'... Training group 4, split 1
	Y Train Labels:(array([1.], dtype=float32), array([117]))
	Y Val Labels:(array([1.], dtype=float32), array([116]))
Training group 4, split 2
	Y Train Labels:(array([1.], dtype=float32), array([233]))
	Y Val Labels:(array([1.], dtype=float32), array([116]))
Training group 4, split 3
	Y Train Labels:(array([1.], dtype=float32), array([349]))
	Y Val Labels:(array([1.], dtype=float32), array([116]))
Done.
	Creating sequence for 'cere-network'... Training group 5, split 1
	Y Train Labels:(array([1.], dtype=float32), array([243]))
	Y Val Labels:(array([1.], dtype=float32), array([241]))
Training group 5, split 2
	Y Train Labels:(array([1.], dtype=float32), array([484]))
	Y Val Labels:(array([1.], dtype=float32), array([241]))
Training group 5, split 3
	Y Train Labels:(array([1.], dtype=float32), array([725]))
	Y Val Labels:(array([1.], dtype=float32), array([241]))
Done.
	Creating sequence for 'bnsd-finance'... Training group 6, split 1
	Y Train Labels:(array([1.], dtype=float32), array([326]))
	Y Val Labels:(array([1.], dtype=float32), array([323]))
Training group 6, split 2
	Early stopping at epoch 13
	Y Train Labels:(array([1.], dtype=float32), array([649]))
	Y Val Labels:(array([0., 1.], dtype=float32), array([126, 197]))
Training group 6, split 3
	Early stopping at epoch 56
	Y Train Labels:(array([0., 1.], dtype=float32), array([126, 846]))
	Y Val Labels:(array([0.], dtype=float32), array([323]))
Done.
	Creating sequence for 'bitball-treasure'... Training group 7, split 1
	Early stopping at epoch 13
	Y Train Labels:(array([1.], dtype=float32), array([433]))
	Y Val Labels:(array([0., 1.], dtype=float32), array([ 86, 345]))
Training group 7, split 2
	Y Train Labels:(array([0., 1.], dtype=float32), array([ 86, 778]))
	Y Val Labels:(array([0.], dtype=float32), array([431]))
Training group 7, split 3
