


--------------------------------------------------
Starting lstm.py at '2024-10-25 17:13:30.568482'.
Reading './balancedDataset.json'... Done.
Total training Data: 1030
DAOs trained so far:374
Size of training set: 347
Size of test set: 309
Preparing data for training...
Preparing data for testing...
Parameters:
	Num epochs: 60
	Initial learning rate: 0.001
	Patience: 12
	Window size: 60
	Timeseries splits: 3
	Minimum number of timeseries datapoints: 64
Gradient boosting params: 
	{"max_depth": 3, "learning_rate": 0.05, "n_estimators": 100, "objective": "binary:logistic", "eval_metric": "logloss"}
	Creating sequence for 'internet-of-energy-network'... Training group 0, split 1
	Early stopping at epoch 13
	Y Train Labels:(array([0.], dtype=float32), array([256]))
	Y Val Labels:(array([0.], dtype=float32), array([253]))
Training group 0, split 2
	Early stopping at epoch 13
	Y Train Labels:(array([0.], dtype=float32), array([509]))
	Y Val Labels:(array([0.], dtype=float32), array([253]))
Training group 0, split 3
	Early stopping at epoch 13
	Y Train Labels:(array([0.], dtype=float32), array([762]))
	Y Val Labels:(array([0.], dtype=float32), array([253]))
Done.
	Creating sequence for 'airight'... Training group 1, split 1
	Early stopping at epoch 13
	Y Train Labels:(array([1.], dtype=float32), array([263]))
	Y Val Labels:(array([1.], dtype=float32), array([263]))
Training group 1, split 2
	Early stopping at epoch 13
	Y Train Labels:(array([1.], dtype=float32), array([526]))
	Y Val Labels:(array([1.], dtype=float32), array([263]))
Training group 1, split 3
	Early stopping at epoch 13
	Y Train Labels:(array([1.], dtype=float32), array([789]))
	Y Val Labels:(array([0., 1.], dtype=float32), array([195,  68]))
Done.
	Creating sequence for 'locus-chain'... Training group 2, split 1
	Early stopping at epoch 13
	Y Train Labels:(array([1.], dtype=float32), array([475]))
	Y Val Labels:(array([1.], dtype=float32), array([473]))
Training group 2, split 2
	Early stopping at epoch 13
	Y Train Labels:(array([1.], dtype=float32), array([948]))
	Y Val Labels:(array([1.], dtype=float32), array([473]))
Training group 2, split 3
	Early stopping at epoch 13
	Y Train Labels:(array([1.], dtype=float32), array([1421]))
	Y Val Labels:(array([1.], dtype=float32), array([473]))
Done.
	Creating sequence for 'curate'... Training group 3, split 1
	Early stopping at epoch 13
	Y Train Labels:(array([1.], dtype=float32), array([332]))
	Y Val Labels:(array([0., 1.], dtype=float32), array([173, 158]))
Training group 3, split 2
	Early stopping at epoch 13
	Y Train Labels:(array([0., 1.], dtype=float32), array([173, 490]))
	Y Val Labels:(array([0.], dtype=float32), array([331]))
Training group 3, split 3
	Early stopping at epoch 13
	Y Train Labels:(array([0., 1.], dtype=float32), array([504, 490]))
	Y Val Labels:(array([0.], dtype=float32), array([331]))
Done.
	Creating sequence for 'cardano'... Training group 4, split 1
	Early stopping at epoch 13
	Y Train Labels:(array([1.], dtype=float32), array([152]))
	Y Val Labels:(array([1.], dtype=float32), array([150]))
Training group 4, split 2
	Early stopping at epoch 13
	Y Train Labels:(array([1.], dtype=float32), array([302]))
	Y Val Labels:(array([1.], dtype=float32), array([150]))
Training group 4, split 3
	Early stopping at epoch 13
	Y Train Labels:(array([1.], dtype=float32), array([452]))
	Y Val Labels:(array([1.], dtype=float32), array([150]))
Done.
	Creating sequence for 'cornucopias'... Training group 5, split 1
	Early stopping at epoch 13
	Y Train Labels:(array([1.], dtype=float32), array([242]))
	Y Val Labels:(array([1.], dtype=float32), array([239]))
Training group 5, split 2
	Early stopping at epoch 13
	Y Train Labels:(array([1.], dtype=float32), array([481]))
	Y Val Labels:(array([1.], dtype=float32), array([239]))
Training group 5, split 3
