


--------------------------------------------------
Starting lstm.py at '2024-10-12 00:04:57.624175'.
Reading './isDaoActiveData(4).json'... Done.
Total training Data: 379
Preparing data for training...
<torch.utils.data.dataloader.DataLoader object at 0x11f09bb00>
Preparing data for testing...
Trained so far:30
Parameters:
	Num epochs: 60
	Initial learning rate: 0.001
	Patience: 12
	Window size: 60
	Timeseries splits: 3
	Minimum number of timeseries datapoints: 64
Gradient boosting params: 
	{"max_depth": 3, "learning_rate": 0.05, "n_estimators": 100, "objective": "binary:logistic", "eval_metric": "logloss"}
	Creating sequence for 'blockv'... [[[ 3.72955000e-02  0.00000000e+00  1.20000000e+01]
  [ 3.39946000e-02  0.00000000e+00  1.00000000e+00]
  [ 3.40013000e-02  0.00000000e+00  4.30000000e+01]
  ...
  [ 2.93534000e-02  0.00000000e+00  7.00000000e+00]
  [ 2.87711000e-02  0.00000000e+00  6.00000000e+00]
  [ 3.21235000e-02  0.00000000e+00  1.20000000e+01]]

 [[ 3.39946000e-02  0.00000000e+00  1.00000000e+00]
  [ 3.40013000e-02  0.00000000e+00  4.30000000e+01]
  [ 3.63100000e-02  0.00000000e+00  1.10000000e+01]
  ...
  [ 2.87711000e-02  0.00000000e+00  6.00000000e+00]
  [ 3.21235000e-02  0.00000000e+00  1.20000000e+01]
  [ 3.13865000e-02  0.00000000e+00  9.00000000e+00]]

 [[ 3.40013000e-02  0.00000000e+00  4.30000000e+01]
  [ 3.63100000e-02  0.00000000e+00  1.10000000e+01]
  [ 3.74956000e-02  0.00000000e+00  4.20000000e+01]
  ...
  [ 3.21235000e-02  0.00000000e+00  1.20000000e+01]
  [ 3.13865000e-02  0.00000000e+00  9.00000000e+00]
  [ 3.59032000e-02  0.00000000e+00  1.40000000e+01]]

 ...

 [[ 1.46977169e-02  0.00000000e+00 -1.00000000e+01]
  [ 1.47100688e-02  0.00000000e+00 -1.20000000e+01]
  [ 1.51430539e-02  0.00000000e+00 -1.60000000e+01]
  ...
  [ 5.24944405e-03  0.00000000e+00 -2.00000000e+00]
  [ 5.24944405e-03  0.00000000e+00 -6.00000000e+00]
  [ 4.95219567e-03  0.00000000e+00 -7.00000000e+00]]

 [[ 1.47100688e-02  0.00000000e+00 -1.20000000e+01]
  [ 1.51430539e-02  0.00000000e+00 -1.60000000e+01]
  [ 1.47502739e-02  0.00000000e+00  1.80000000e+01]
  ...
  [ 5.24944405e-03  0.00000000e+00 -6.00000000e+00]
  [ 4.95219567e-03  0.00000000e+00 -7.00000000e+00]
  [ 5.95604785e-03  0.00000000e+00  4.00000000e+00]]

 [[ 1.51430539e-02  0.00000000e+00 -1.60000000e+01]
  [ 1.47502739e-02  0.00000000e+00  1.80000000e+01]
  [ 1.39506051e-02  0.00000000e+00 -1.10000000e+01]
  ...
  [ 4.95219567e-03  0.00000000e+00 -7.00000000e+00]
  [ 5.95604785e-03  0.00000000e+00  4.00000000e+00]
  [ 5.74509135e-03  0.00000000e+00  0.00000000e+00]]][1 1 1 ... 1 1 1]
Done.
	Creating sequence for 'axelar'... [[[  0.66835804  15.         149.        ]
  [  0.63478442  13.          72.        ]
  [  0.65508071   8.         125.        ]
  ...
  [  0.60148735   9.          29.        ]
  [  0.56165412  20.          52.        ]
  [  0.53523968  56.          87.        ]]

 [[  0.63478442  13.          72.        ]
  [  0.65508071   8.         125.        ]
  [  0.74716506  50.          86.        ]
  ...
  [  0.56165412  20.          52.        ]
  [  0.53523968  56.          87.        ]
  [  0.54605989  51.          53.        ]]

 [[  0.65508071   8.         125.        ]
  [  0.74716506  50.          86.        ]
  [  0.8273176   50.         143.        ]
  ...
  [  0.53523968  56.          87.        ]
  [  0.54605989  51.          53.        ]
  [  0.54731354  44.          71.        ]]

 ...

 [[  0.65469195 186.         -16.        ]
  [  0.6546479  128.           4.        ]
  [  0.6815485   98.           0.        ]
  ...
  [  0.55331407 188.          -6.        ]
  [  0.54918284 189.           2.        ]
  [  0.55483193   8.          -1.        ]]

 [[  0.6546479  128.           4.        ]
  [  0.6815485   98.           0.        ]
  [  0.67602496  27.          -8.        ]
  ...
  [  0.54918284 189.           2.        ]
  [  0.55483193   8.          -1.        ]
  [  0.53776287  11.          -7.        ]]

 [[  0.6815485   98.           0.        ]
  [  0.67602496  27.          -8.        ]
  [  0.65803134   2.           1.        ]
  ...
  [  0.55483193   8.          -1.        ]
  [  0.53776287  11.          -7.        ]
  [  0.58219646  92.           6.        ]]][1 1 1 1 1 1 1 1 1 1 1 1 1 1 1 1 1 1 1 1 1 1 1 1 1 1 1 1 1 1 1 1 1 1 1 1 1
 1 1 1 1 1 1 1 1 1 1 1 1 1 1 1 1 1 1 1 1 1 1 1 1 1 1 1 1 1 1 1 1 1 1 1 1 1
 1 1 1 1 1 1 1 1 1 1 1 1 1 1 1 1 1 1 1 1 1 1 1 1 1 1 1 1 1 1 1 1 1 1 1 1 1
 1 1 1 1 1 1 1 1 1 1 1 1 1 1 1 1 1 1 1 1 1 1 1 1 1 1 1 1 1 1 1 1 1 1 1 1 1
 1 1 1 1 1 1 1 1 1 1 1 1 1 1 1 1 1 1 1 1 1 1 1 1 1 1 1 1 1 1 1 1 1 1 1 1 1
 1 1 1 1 1 1 1 1 1 1 1 1 1 1 1 1 1 1 1 1 1 1 1 1 1 1 1 1 1 1 1 1 1 1 1 1 1
 1 1 1 1 1 1 1 1 1 1 1 1 1 1 1 1 1 1 1 1 1 1 1 1 1 1 1 1 1 1 1 1 1 1 1 1 1
 1 1 1 1 1 1 1 1 1 1 1 1 1 1 1 1 1 1 1 1 1 1 1 1 1 1 1 1 1 1 1 1 1 1 1 1 1
 1 1 1 1 1 1 1 1 1 1 1 1 1 1 1 1 1 1 1 1 1 1 1 1 1 1 1 1 1 1 1 1 1 1 1 1 1
 1 1 1 1 1 1 1 1 1 1 1 1 1 1 1 1 1 1 1 1 1 1 1 1 1 1 1 1 1 1 1 1 1 1 1 1 1
 1 1 1 1 1 1 1 1 1 1 1 1 1 1 1 1 1 1 1 1 1 1 1 1 1 1 1 1 1 1 1 1 1 1 1 1 1
 1 1 1 1 1 1 1 1 1 1 1 1 1 1 1 1 1 1 1 1 1 1 1 1 1 1 1 1 1 1 1 1 1 1 1 1 1
 1 1 1 1 1 1 1 1 1 1 1 1 1 1 1 1 1 1 1 1 1 1 1 1 1 1 1 1 1 1 1 1 1 1 1 1 1
 1 1 1 1 1 1 1 1 1 1 1 1 1 1 1 1 1 1 1 1 1 1 1 1 1 1 1 1 1 1 1 1 1 1 1 1 1
 1 1 1 1 1 1 1 1 1 1 1 1 1 1 1 1 1 1 1 1 1 1 1 1 1 1 1 1 1 1 1 1 1 1 1 1 1
 1 1 1 1 1 1 1 1 1 1 1 1 1 1 1 1 1 1 1 1 1 1 1 1 1 1 1 1 1 1 1 1 1 1 1 1 1
 1 1 1 1 1 1 1 1 1 1 1 1 1 1 1 1 1 1 1 1 1 1 1 1 1 1 1 1 1 1 1 1 1 1 1 1 1
 1 1]
Done.
	Creating sequence for 'cellframe'... [[[ 4.52683131e+00  1.00000000e+00  2.34000000e+02]
  [ 3.88044272e+00  0.00000000e+00  7.10000000e+01]
  [ 3.49088522e+00  0.00000000e+00  1.75000000e+02]
  ...
  [ 5.99649882e-01  3.00000000e+00  1.90000000e+01]
  [ 6.82445990e-01  0.00000000e+00  8.00000000e+00]
  [ 6.77784110e-01  0.00000000e+00  1.90000000e+01]]

 [[ 3.88044272e+00  0.00000000e+00  7.10000000e+01]
  [ 3.49088522e+00  0.00000000e+00  1.75000000e+02]
  [ 4.83609350e+00  0.00000000e+00  1.54000000e+02]
  ...
  [ 6.82445990e-01  0.00000000e+00  8.00000000e+00]
  [ 6.77784110e-01  0.00000000e+00  1.90000000e+01]
  [ 6.63013337e-01  4.00000000e+00  1.00000000e+01]]

 [[ 3.49088522e+00  0.00000000e+00  1.75000000e+02]
  [ 4.83609350e+00  0.00000000e+00  1.54000000e+02]
  [ 3.75923174e+00  1.00000000e+00  1.18000000e+02]
  ...
  [ 6.77784110e-01  0.00000000e+00  1.90000000e+01]
  [ 6.63013337e-01  4.00000000e+00  1.00000000e+01]
  [ 8.37159348e-01  0.00000000e+00  4.90000000e+01]]

 ...

 [[ 4.34254844e-01  0.00000000e+00  7.92000000e+02]
  [ 4.11559234e-01  0.00000000e+00  2.07000000e+02]
  [ 4.05071040e-01  4.10000000e+01  3.74000000e+02]
  ...
  [ 2.50997010e-01  3.70000000e+01 -1.05000000e+02]
  [ 2.45950271e-01  2.70000000e+01 -1.27000000e+02]
  [ 2.59833833e-01  3.00000000e+00 -1.40000000e+01]]

 [[ 4.11559234e-01  0.00000000e+00  2.07000000e+02]
  [ 4.05071040e-01  4.10000000e+01  3.74000000e+02]
  [ 4.04083859e-01  2.60000000e+01  1.23000000e+03]
  ...
  [ 2.45950271e-01  2.70000000e+01 -1.27000000e+02]
  [ 2.59833833e-01  3.00000000e+00 -1.40000000e+01]
  [ 2.52884816e-01  0.00000000e+00  8.00000000e+00]]

 [[ 4.05071040e-01  4.10000000e+01  3.74000000e+02]
  [ 4.04083859e-01  2.60000000e+01  1.23000000e+03]
  [ 3.75039051e-01  3.50000000e+01 -9.30000000e+02]
  ...
  [ 2.59833833e-01  3.00000000e+00 -1.40000000e+01]
  [ 2.52884816e-01  0.00000000e+00  8.00000000e+00]
  [ 2.70315900e-01  5.10000000e+01  1.14000000e+02]]][1 1 1 ... 1 1 1]
Done.
	Creating sequence for 'bora'... [[[ 7.85404561e-02  0.00000000e+00  1.53000000e+02]
  [ 7.67912772e-02  0.00000000e+00  1.06000000e+02]
  [ 7.21492070e-02  0.00000000e+00 -2.51000000e+02]
  ...
  [ 5.70405140e-02  0.00000000e+00  1.80000000e+01]
  [ 8.06000665e-02  0.00000000e+00  3.00000000e+00]
  [ 7.26408855e-02  0.00000000e+00  3.60000000e+01]]

 [[ 7.67912772e-02  0.00000000e+00  1.06000000e+02]
  [ 7.21492070e-02  0.00000000e+00 -2.51000000e+02]
  [ 7.56751236e-02  0.00000000e+00  9.20000000e+01]
  ...
  [ 8.06000665e-02  0.00000000e+00  3.00000000e+00]
  [ 7.26408855e-02  0.00000000e+00  3.60000000e+01]
  [ 5.85209736e-02  2.00000000e+00 -4.40000000e+01]]

 [[ 7.21492070e-02  0.00000000e+00 -2.51000000e+02]
  [ 7.56751236e-02  0.00000000e+00  9.20000000e+01]
  [ 7.54444188e-02  0.00000000e+00 -5.40000000e+02]
  ...
  [ 7.26408855e-02  0.00000000e+00  3.60000000e+01]
  [ 5.85209736e-02  2.00000000e+00 -4.40000000e+01]
  [ 5.79987240e-02  0.00000000e+00  1.90000000e+01]]

 ...

 [[ 1.03449226e-01  0.00000000e+00 -1.44000000e+02]
  [ 1.05943411e-01  0.00000000e+00  5.60000000e+01]
  [ 1.04592239e-01  0.00000000e+00  6.99000000e+02]
  ...
  [ 8.48082147e-02  0.00000000e+00 -3.37000000e+02]
  [ 9.03064935e-02  0.00000000e+00  7.70000000e+01]
  [ 9.20856820e-02  0.00000000e+00 -1.73000000e+02]]

 [[ 1.05943411e-01  0.00000000e+00  5.60000000e+01]
  [ 1.04592239e-01  0.00000000e+00  6.99000000e+02]
  [ 1.03012672e-01  0.00000000e+00  2.53000000e+02]
  ...
  [ 9.03064935e-02  0.00000000e+00  7.70000000e+01]
  [ 9.20856820e-02  0.00000000e+00 -1.73000000e+02]
  [ 9.60295859e-02  0.00000000e+00  9.70000000e+01]]

 [[ 1.04592239e-01  0.00000000e+00  6.99000000e+02]
  [ 1.03012672e-01  0.00000000e+00  2.53000000e+02]
  [ 1.06304431e-01  0.00000000e+00 -1.19000000e+02]
  ...
  [ 9.20856820e-02  0.00000000e+00 -1.73000000e+02]
  [ 9.60295859e-02  0.00000000e+00  9.70000000e+01]
  [ 9.27545956e-02  0.00000000e+00  3.00000000e+00]]][1 1 1 ... 0 0 0]
Done.
	Creating sequence for 'cortex'... [[[ 1.37209000e+00  0.00000000e+00  3.10000000e+01]
  [ 2.00677437e-01  1.40000000e+01  1.37960000e+04]
  [ 1.74716653e-01  1.50000000e+01  1.12000000e+03]
  ...
  [ 7.73757300e-02  2.70000000e+01 -1.10000000e+01]
  [ 7.44587700e-02  1.40000000e+01  0.00000000e+00]
  [ 7.55403800e-02  0.00000000e+00  0.00000000e+00]]

 [[ 2.00677437e-01  1.40000000e+01  1.37960000e+04]
  [ 1.74716653e-01  1.50000000e+01  1.12000000e+03]
  [ 1.34228919e-01  7.00000000e+00  6.58000000e+02]
  ...
  [ 7.44587700e-02  1.40000000e+01  0.00000000e+00]
  [ 7.55403800e-02  0.00000000e+00  0.00000000e+00]
  [ 7.56105600e-02  1.70000000e+01  1.00000000e+00]]

 [[ 1.74716653e-01  1.50000000e+01  1.12000000e+03]
  [ 1.34228919e-01  7.00000000e+00  6.58000000e+02]
  [ 1.29105651e-01  2.80000000e+01  3.80000000e+01]
  ...
  [ 7.55403800e-02  0.00000000e+00  0.00000000e+00]
  [ 7.56105600e-02  1.70000000e+01  1.00000000e+00]
  [ 7.08799000e-02  1.30000000e+01 -6.00000000e+00]]

 ...

 [[ 1.39499701e-01  5.00000000e+00  1.01000000e+02]
  [ 1.63798060e-01  6.00000000e+00  1.22000000e+02]
  [ 2.14709011e-01  8.00000000e+00  5.70000000e+01]
  ...
  [ 1.64290006e-01  7.00000000e+00  5.00000000e+00]
  [ 1.70618486e-01  6.00000000e+00 -6.80000000e+01]
  [ 1.67846313e-01  2.00000000e+00  6.70000000e+01]]

 [[ 1.63798060e-01  6.00000000e+00  1.22000000e+02]
  [ 2.14709011e-01  8.00000000e+00  5.70000000e+01]
  [ 2.02230648e-01  4.00000000e+00 -1.35000000e+02]
  ...
  [ 1.70618486e-01  6.00000000e+00 -6.80000000e+01]
  [ 1.67846313e-01  2.00000000e+00  6.70000000e+01]
  [ 1.65459845e-01  7.00000000e+00  1.60000000e+01]]

 [[ 2.14709011e-01  8.00000000e+00  5.70000000e+01]
  [ 2.02230648e-01  4.00000000e+00 -1.35000000e+02]
  [ 1.85040872e-01  3.00000000e+00  1.21000000e+02]
  ...
  [ 1.67846313e-01  2.00000000e+00  6.70000000e+01]
  [ 1.65459845e-01  7.00000000e+00  1.60000000e+01]
  [ 1.70657708e-01  6.00000000e+00  1.30000000e+01]]][1 1 1 ... 1 1 1]
Done.
	Creating sequence for 'chainbing'... [[[ 2.80380702e+00  0.00000000e+00  9.19400000e+03]
  [ 2.80265958e+00  0.00000000e+00  7.90900000e+03]
  [ 2.80507637e+00  0.00000000e+00  3.22000000e+02]
  ...
  [ 2.18275266e+01  0.00000000e+00  6.20000000e+01]
  [ 1.78751358e+01  0.00000000e+00  5.71100000e+03]
  [ 1.29283338e+01  0.00000000e+00  1.87200000e+03]]

 [[ 2.80265958e+00  0.00000000e+00  7.90900000e+03]
  [ 2.80507637e+00  0.00000000e+00  3.22000000e+02]
  [ 2.80725558e+00  0.00000000e+00  1.21000000e+02]
  ...
  [ 1.78751358e+01  0.00000000e+00  5.71100000e+03]
  [ 1.29283338e+01  0.00000000e+00  1.87200000e+03]
  [ 3.63869516e+01  0.00000000e+00  4.17000000e+02]]

 [[ 2.80507637e+00  0.00000000e+00  3.22000000e+02]
  [ 2.80725558e+00  0.00000000e+00  1.21000000e+02]
  [ 2.80279456e+00  0.00000000e+00 -2.11000000e+02]
  ...
  [ 1.29283338e+01  0.00000000e+00  1.87200000e+03]
  [ 3.63869516e+01  0.00000000e+00  4.17000000e+02]
  [ 3.69342411e+01  0.00000000e+00  2.55000000e+02]]

 ...

 [[ 1.14236108e-01  0.00000000e+00  6.30000000e+01]
  [ 1.09270258e-01  0.00000000e+00 -5.20000000e+01]
  [ 1.08969529e-01  0.00000000e+00  1.04000000e+02]
  ...
  [ 1.21793219e-01  0.00000000e+00 -2.70000000e+01]
  [ 1.21248512e-01  0.00000000e+00  2.90000000e+01]
  [ 1.23897578e-01  0.00000000e+00 -1.60000000e+01]]

 [[ 1.09270258e-01  0.00000000e+00 -5.20000000e+01]
  [ 1.08969529e-01  0.00000000e+00  1.04000000e+02]
  [ 1.39903031e-01  0.00000000e+00  1.20000000e+01]
  ...
  [ 1.21248512e-01  0.00000000e+00  2.90000000e+01]
  [ 1.23897578e-01  0.00000000e+00 -1.60000000e+01]
  [ 1.21761385e-01  0.00000000e+00  4.00000000e+00]]

 [[ 1.08969529e-01  0.00000000e+00  1.04000000e+02]
  [ 1.39903031e-01  0.00000000e+00  1.20000000e+01]
  [ 1.27268211e-01  0.00000000e+00 -6.50000000e+01]
  ...
  [ 1.23897578e-01  0.00000000e+00 -1.60000000e+01]
  [ 1.21761385e-01  0.00000000e+00  4.00000000e+00]
  [ 1.22684749e-01  0.00000000e+00 -3.00000000e+01]]][1 1 1 1 1 1 1 1 1 1 1 1 1 1 1 1 1 1 1 1 1 1 1 1 1 1 1 1 1 1 1 1 1 1 1 1 1
 1 1 1 1 1 1 1 1 1 1 1 1 1 1 1 1 1 1 1 1 1 1 1 1 1 1 1 1 1 1 1 1 1 1 1 1 1
 1 1 1 1 1 1 1 1 1 1 1 1 1 1 1 1 1 1 1 1 1 1 1 1 1 1 1 1 1 1 1 1 1 1 1 1 1
 1 1 1 1 1 1 1 1 1 1 1 1 1 1 1 1 1 1 1 1 1 1 1 1 1 1 1 1 1 1 1 1 1 1 1 1 1
 1 1 1 1 1 1 1 1 1 1 1 1 1 1 1 1 1 1 1 1 1 1 1 1 1 1 1 1 1 1 1 1 1 1 1 1 1
 1 1 1 1 1 1 1 1 1 1 1 1 1 1 1 1 1 1 1 1 1 1 1 1 1 1 1 1 1 1 1 1 1 1 1 1 1
 1 1 1 1 1 1 1 1 1 1 1 1 1 1 1 1 1 1 1 1 1 1 1 1 1 1 1 1 1 1 1 1 1 1 1 1 1
 1 1 1 1 1 1 1 1 1 1 1 1 1 1 1 1 1 1 1 1 1 1 1 1 1 1 1 1 1 1 1 1 1 1 1 1 1
 1 1 1 1 1 1 1 1 1 1 1 1 1 1 1 1 1 1 1 1 1 1 1 1 1 1 1 1 1 1 1 1 1 1 1 1 1
 1 1 1 1 1 1 1 1 1 1 1 1 1 1 1 1 1 1 1 1 1 1 1 1 1 1 1 1 1 1 1 1 1 1 1 1 1
 1 1 1 1 1 1 1 1 1 1 1 1 1 1 1 1 1 1 1 1 1 1 1 1 1 1 1 1 1 1 1 1 1 1 1 1 1
 1 1 1 1 1 1 1 1 1 1 1 1 1 1 1 1 1 1 1 1 1 1 1 1 1 1 1 1 1 1 1 1 1 1 1 1 1
 1 1 1 1 1 1 1 1 1 1 1 1 1 1 1 1 1 1 1 1 1 1 1 1 1 1 1 1 1 1 1 1 1 1 1 1 1
 1 1 1 1 1 1 1 1 1 1 1 1 1 1 1 1 1 1 0 0 0 0 0 0 0 0 0 0 0 0 0 0 0 0 0 0 0
 0 0 0 0 0 0 0 0 0 0 0 0 0 0 0 0 0 0 0 0 0 0 0 0 0 0 0 0 0 0 0 0 0 0 0 0 0
 0 0 0 0 0 0 0 0 0 0 0 0 0 0 0 0 0 0 0 0 0 0 0 0 0 0 0 0 0 0 0 0 0 0 0 0 0
 0 0 0 0 0 0 0 0 0 0 0 0 0 0 0 0 0 0 0 0 0 0 0 0 0 0 0 0 0 0 0 0 0 0 0 0 0
 0 0 0 0 0 0 0 0 0 0 0 0 0 0 0 0 0 0 0 0 0 0 0 0 0 0 0 0 0 0 0 0 0 0 0 0 0
 0 0 0 0 0 0 0 0 0 0 0 0 0 0 0 0 0 0 0 0 0 0 0 0 0 0 0 0 0 0 0 0 0 0 0 0 0
 0 0 0 0 0 0 0 0 0 0 0 0 0 0 0 0 0 0 0 0 0 0 0 0 0 0 0 0 0 0 0 0 0 0 0 0 0
 0 0 0 0 0 0 0 0 0 0 0 0 0 0 0 0 0 0 0 0 0 0 0 0 0 0 0 0 0 0 0 0 0 0 0 0 0
 0 0 0 0 0 0 0 0 0 0 0 0 0 0 0 0 0 0 0 0 0 0 0 0 0 0 0 0 0 0 0 0 0 0 0 0 0
 0 0 0 0 0 0 0 0 0 0 0 0 0 0 0 0 0 0 0 0 0 0 0 0 0 0 0 0 0 0 0 0 0 0 0 0 0
 0 0 0 0 0 0 0 0 0 0 0 0 0 0 0 0 0 0 0 0 0 0 0 0 0 0 0 0 0 0 0 0 0 0 0 0 0
 0 0 0 0 0 0 0 0 0 0 0 0 0 0 0 0 0 0 0 0 0 0 0 0 0 0 0 0 0 0 0 0 0]
Done.
	Creating sequence for 'ankr'... [[[ 1.34370340e-02  3.00000000e+00  7.70000000e+01]
  [ 1.20200851e-02  6.00000000e+00  5.70000000e+01]
  [ 1.14657562e-02  8.00000000e+00  3.10000000e+01]
  ...
  [ 9.28357064e-03  2.40000000e+01  1.40000000e+01]
  [ 8.90664109e-03  1.20000000e+01  1.00000000e+01]
  [ 8.38197957e-03  7.00000000e+00  8.00000000e+00]]

 [[ 1.20200851e-02  6.00000000e+00  5.70000000e+01]
  [ 1.14657562e-02  8.00000000e+00  3.10000000e+01]
  [ 1.12479404e-02  0.00000000e+00  1.80000000e+01]
  ...
  [ 8.90664109e-03  1.20000000e+01  1.00000000e+01]
  [ 8.38197957e-03  7.00000000e+00  8.00000000e+00]
  [ 8.12328602e-03  3.10000000e+01  1.00000000e+00]]

 [[ 1.14657562e-02  8.00000000e+00  3.10000000e+01]
  [ 1.12479404e-02  0.00000000e+00  1.80000000e+01]
  [ 1.25763551e-02  0.00000000e+00  1.80000000e+01]
  ...
  [ 8.38197957e-03  7.00000000e+00  8.00000000e+00]
  [ 8.12328602e-03  3.10000000e+01  1.00000000e+00]
  [ 7.75294234e-03  1.30000000e+01  1.00000000e+00]]

 ...

 [[ 3.76178490e-03  2.30000000e+01  1.46000000e+02]
  [ 3.59588842e-03  5.60000000e+01  8.20000000e+01]
  [ 3.20366285e-03  4.60000000e+01 -6.50000000e+01]
  ...
  [ 1.98940995e-03  9.00000000e+00  0.00000000e+00]
  [ 2.02954195e-03  4.30000000e+01  2.00000000e+00]
  [ 2.07212697e-03  2.80000000e+01  1.00000000e+00]]

 [[ 3.59588842e-03  5.60000000e+01  8.20000000e+01]
  [ 3.20366285e-03  4.60000000e+01 -6.50000000e+01]
  [ 3.31367768e-03  7.30000000e+01 -3.90000000e+01]
  ...
  [ 2.02954195e-03  4.30000000e+01  2.00000000e+00]
  [ 2.07212697e-03  2.80000000e+01  1.00000000e+00]
  [ 2.03900261e-03  2.00000000e+00  0.00000000e+00]]

 [[ 3.20366285e-03  4.60000000e+01 -6.50000000e+01]
  [ 3.31367768e-03  7.30000000e+01 -3.90000000e+01]
  [ 3.18272510e-03  3.00000000e+00 -4.30000000e+01]
  ...
  [ 2.07212697e-03  2.80000000e+01  1.00000000e+00]
  [ 2.03900261e-03  2.00000000e+00  0.00000000e+00]
  [ 2.14033625e-03  1.00000000e+01  1.00000000e+00]]][1 1 1 1 1 1 1 1 1 1 1 1 1 1 1 1 1 1 1 1 1 1 1 1 1 1 1 1 1 1 1 1 1 1 1 1 1
 1 1 1 1 1 1 1 1 1 1 1 1 1 1 1 1 1 1 1 1 1 1 1 1 1 1 1 1 1 1 1 1 1 1 1 1 1
 1 1 1 1 1 1 1 1 1 1 1 1 1 1 1 1 1 1 1 1 1 1 1 1 1 1 1 1 1 1 1 1 1 1 1 1 1
 1 1 1 1 1 1 1 1 1 1 1 1 1 1 1 1 1 1 1 1 1 1 1 1 1 1 1 1 1 1 1 1 1 1 1 1 1
 1 1 1 1 1 1 1 1 1 1 1 1 1 1 1 1 1 1 1 1 1 1 1 1 1 1 1 1 1]
Done.
	Creating sequence for 'bread'... [[[ 6.87170000e-01  4.00000000e+00  1.23110000e+04]
  [ 4.87187000e-01  7.00000000e+00  2.72490000e+04]
  [ 5.65317000e-01  6.00000000e+00 -1.32000000e+02]
  ...
  [ 3.61308980e-01  2.00000000e+00  1.10000000e+01]
  [ 2.97232000e-01  0.00000000e+00  2.70000000e+01]
  [ 3.01182716e-01  1.00000000e+00 -6.80000000e+01]]

 [[ 4.87187000e-01  7.00000000e+00  2.72490000e+04]
  [ 5.65317000e-01  6.00000000e+00 -1.32000000e+02]
  [ 5.61993000e-01  4.00000000e+00 -1.95000000e+02]
  ...
  [ 2.97232000e-01  0.00000000e+00  2.70000000e+01]
  [ 3.01182716e-01  1.00000000e+00 -6.80000000e+01]
  [ 3.08257000e-01  2.00000000e+00 -1.30000000e+01]]

 [[ 5.65317000e-01  6.00000000e+00 -1.32000000e+02]
  [ 5.61993000e-01  4.00000000e+00 -1.95000000e+02]
  [ 5.48700000e-01  1.20000000e+01  7.34000000e+02]
  ...
  [ 3.01182716e-01  1.00000000e+00 -6.80000000e+01]
  [ 3.08257000e-01  2.00000000e+00 -1.30000000e+01]
  [ 2.94155000e-01  3.00000000e+00 -4.10000000e+01]]

 ...

 [[ 5.00538767e-03  0.00000000e+00 -4.80000000e+01]
  [ 4.95108128e-03  0.00000000e+00 -1.00000000e+01]
  [ 4.84463940e-03  0.00000000e+00  5.20000000e+01]
  ...
  [ 4.54180939e-03  0.00000000e+00 -1.90000000e+01]
  [ 4.68663687e-03  1.00000000e+00  5.00000000e+00]
  [ 4.74571260e-03  0.00000000e+00 -1.70000000e+01]]

 [[ 4.95108128e-03  0.00000000e+00 -1.00000000e+01]
  [ 4.84463940e-03  0.00000000e+00  5.20000000e+01]
  [ 4.76802771e-03  0.00000000e+00 -1.10000000e+01]
  ...
  [ 4.68663687e-03  1.00000000e+00  5.00000000e+00]
  [ 4.74571260e-03  0.00000000e+00 -1.70000000e+01]
  [ 4.79800795e-03  0.00000000e+00  1.50000000e+01]]

 [[ 4.84463940e-03  0.00000000e+00  5.20000000e+01]
  [ 4.76802771e-03  0.00000000e+00 -1.10000000e+01]
  [ 4.92592663e-03  0.00000000e+00 -2.20000000e+01]
  ...
  [ 4.74571260e-03  0.00000000e+00 -1.70000000e+01]
  [ 4.79800795e-03  0.00000000e+00  1.50000000e+01]
  [ 4.78304556e-03  0.00000000e+00  5.00000000e+00]]][1 1 1 ... 0 0 0]
Done.
	Creating sequence for 'balancer'... [[[ 12.44574234  49.         309.        ]
  [ 11.85646476  55.         169.        ]
  [ 12.02681122  16.         122.        ]
  ...
  [ 23.89803423   3.         287.        ]
  [ 24.65271067  46.         219.        ]
  [ 23.92513618  85.         289.        ]]

 [[ 11.85646476  55.         169.        ]
  [ 12.02681122  16.         122.        ]
  [ 10.60296703  27.         246.        ]
  ...
  [ 24.65271067  46.         219.        ]
  [ 23.92513618  85.         289.        ]
  [ 26.65587839  90.         217.        ]]

 [[ 12.02681122  16.         122.        ]
  [ 10.60296703  27.         246.        ]
  [  9.97247416  34.         152.        ]
  ...
  [ 23.92513618  85.         289.        ]
  [ 26.65587839  90.         217.        ]
  [ 25.68827745  64.         190.        ]]

 ...

 [[  2.73846994   0.         -18.        ]
  [  2.63320822   0.           4.        ]
  [  2.47541794   0.         -34.        ]
  ...
  [  1.84540348   0.           4.        ]
  [  1.92411723   0.          -1.        ]
  [  1.98250185   0.         -32.        ]]

 [[  2.63320822   0.           4.        ]
  [  2.47541794   0.         -34.        ]
  [  2.6180222    0.          28.        ]
  ...
  [  1.92411723   0.          -1.        ]
  [  1.98250185   0.         -32.        ]
  [  2.0240951    0.          20.        ]]

 [[  2.47541794   0.         -34.        ]
  [  2.6180222    0.          28.        ]
  [  2.57728095   0.          14.        ]
  ...
  [  1.98250185   0.         -32.        ]
  [  2.0240951    0.          20.        ]
  [  1.98513734   0.           8.        ]]][1 1 1 ... 0 0 0]
Done.
	Creating sequence for 'airswap'... [[[ 8.18964000e-01  0.00000000e+00 -5.80000000e+01]
  [ 7.05953000e-01  0.00000000e+00  7.00000000e+01]
  [ 5.19069000e-01  0.00000000e+00  3.30000000e+01]
  ...
  [ 2.25727000e-01  0.00000000e+00  3.10000000e+01]
  [ 2.50373000e-01  0.00000000e+00  2.10000000e+01]
  [ 2.50828000e-01  0.00000000e+00  2.30000000e+01]]

 [[ 7.05953000e-01  0.00000000e+00  7.00000000e+01]
  [ 5.19069000e-01  0.00000000e+00  3.30000000e+01]
  [ 6.31270000e-01  0.00000000e+00  1.33000000e+02]
  ...
  [ 2.50373000e-01  0.00000000e+00  2.10000000e+01]
  [ 2.50828000e-01  0.00000000e+00  2.30000000e+01]
  [ 2.43824000e-01  0.00000000e+00  3.80000000e+01]]

 [[ 5.19069000e-01  0.00000000e+00  3.30000000e+01]
  [ 6.31270000e-01  0.00000000e+00  1.33000000e+02]
  [ 6.14115000e-01  0.00000000e+00  8.00000000e+00]
  ...
  [ 2.50828000e-01  0.00000000e+00  2.30000000e+01]
  [ 2.43824000e-01  0.00000000e+00  3.80000000e+01]
  [ 2.68392000e-01  0.00000000e+00  4.70000000e+01]]

 ...

 [[ 9.70421993e-02  0.00000000e+00 -1.21000000e+02]
  [ 9.27263821e-02  1.00000000e+00 -5.40000000e+01]
  [ 8.82066350e-02  0.00000000e+00 -6.20000000e+01]
  ...
  [ 8.07047956e-02  0.00000000e+00 -6.40000000e+01]
  [ 8.44061024e-02  0.00000000e+00 -1.00000000e+00]
  [ 8.88632368e-02  2.00000000e+00  2.60000000e+01]]

 [[ 9.27263821e-02  1.00000000e+00 -5.40000000e+01]
  [ 8.82066350e-02  0.00000000e+00 -6.20000000e+01]
  [ 8.57780315e-02  0.00000000e+00  1.03000000e+02]
  ...
  [ 8.44061024e-02  0.00000000e+00 -1.00000000e+00]
  [ 8.88632368e-02  2.00000000e+00  2.60000000e+01]
  [ 9.12135668e-02  2.00000000e+00  4.20000000e+01]]

 [[ 8.82066350e-02  0.00000000e+00 -6.20000000e+01]
  [ 8.57780315e-02  0.00000000e+00  1.03000000e+02]
  [ 8.72334470e-02  2.00000000e+00  4.20000000e+01]
  ...
  [ 8.88632368e-02  2.00000000e+00  2.60000000e+01]
  [ 9.12135668e-02  2.00000000e+00  4.20000000e+01]
  [ 8.75046654e-02  0.00000000e+00  0.00000000e+00]]][1 1 1 ... 1 1 1]
Done.
	Creating sequence for 'azuki'... [[[ 6.00090074e+00  1.00000000e+00  2.70000000e+01]
  [ 5.56622746e+00  0.00000000e+00  2.60000000e+01]
  [ 2.35363190e+00  0.00000000e+00  2.90000000e+01]
  ...
  [ 1.25062770e-01  0.00000000e+00  2.90000000e+01]
  [ 1.26794940e-01  0.00000000e+00  1.73000000e+02]
  [ 1.30847230e-01  0.00000000e+00  1.36000000e+02]]

 [[ 5.56622746e+00  0.00000000e+00  2.60000000e+01]
  [ 2.35363190e+00  0.00000000e+00  2.90000000e+01]
  [ 1.24122303e+00  0.00000000e+00  1.80000000e+01]
  ...
  [ 1.26794940e-01  0.00000000e+00  1.73000000e+02]
  [ 1.30847230e-01  0.00000000e+00  1.36000000e+02]
  [ 1.27376460e-01  0.00000000e+00  3.50000000e+01]]

 [[ 2.35363190e+00  0.00000000e+00  2.90000000e+01]
  [ 1.24122303e+00  0.00000000e+00  1.80000000e+01]
  [ 7.12179230e-01  0.00000000e+00  1.10000000e+01]
  ...
  [ 1.30847230e-01  0.00000000e+00  1.36000000e+02]
  [ 1.27376460e-01  0.00000000e+00  3.50000000e+01]
  [ 1.27964790e-01  0.00000000e+00  1.40000000e+01]]

 ...

 [[ 1.82945214e-03  0.00000000e+00 -1.50000000e+01]
  [ 1.87662777e-03  0.00000000e+00 -1.00000000e+00]
  [ 1.69802037e-03  0.00000000e+00  1.00000000e+00]
  ...
  [ 1.99287311e-03  0.00000000e+00  1.00000000e+00]
  [ 2.07082965e-03  0.00000000e+00  0.00000000e+00]
  [ 1.97276267e-03  0.00000000e+00  1.00000000e+00]]

 [[ 1.87662777e-03  0.00000000e+00 -1.00000000e+00]
  [ 1.69802037e-03  0.00000000e+00  1.00000000e+00]
  [ 1.75471817e-03  0.00000000e+00  0.00000000e+00]
  ...
  [ 2.07082965e-03  0.00000000e+00  0.00000000e+00]
  [ 1.97276267e-03  0.00000000e+00  1.00000000e+00]
  [ 2.01894775e-03  0.00000000e+00 -1.00000000e+00]]

 [[ 1.69802037e-03  0.00000000e+00  1.00000000e+00]
  [ 1.75471817e-03  0.00000000e+00  0.00000000e+00]
  [ 1.72561054e-03  0.00000000e+00  0.00000000e+00]
  ...
  [ 1.97276267e-03  0.00000000e+00  1.00000000e+00]
  [ 2.01894775e-03  0.00000000e+00 -1.00000000e+00]
  [ 1.97329947e-03  0.00000000e+00  0.00000000e+00]]][1 1 1 1 1 1 1 1 1 1 1 1 1 1 1 1 1 1 1 1 1 1 1 1 1 1 1 1 1 1 1 1 1 1 1 1 1
 1 1 1 1 1 1 1 1 1 1 1 1 1 1 1 1 1 1 1 1 1 1 1 1 1 1 1 1 1 1 1 1 1 1 1 1 1
 1 1 1 1 1 1 1 1 1 1 1 1 1 1 1 1 1 1 1 1 1 1 1 1 1 1 1 1 1 1 1 1 1 1 1 1 1
 1 1 1 1 1 1 1 1 1 1 1 1 1 1 1 1 1 1 1 1 1 1 1 1 1 1 1 1 1 1 1 1 1 1 1 1 1
 1 1 1 1 1 1 1 1 1 1 1 1 1 1 1 1 1 1 1 1 1 1 1 1 1 1 1 1 1 1 1 1 1 1 1 1 1
 1 1 1 1 1 1 1 1 1 1 1 1 1 1 1 1 1 1 1 1 1 1 1 1 1 1 1 1 1 1 1 1 1 1 1 1 1
 1 1 1 1 1 1 1 1 1 1 1 1 1 1 1 1 1 1 1 1 1 1 1 1 1 1 1 1 1 1 1 1 1 1 1 1 1
 1 1 1 1 1 1 1 1 1 1 1 1 1 1 1 1 1 1 1 1 1 1 1 1 1 1 1 1 1 1 1 1 1 1 1 1 1
 1 1 1 1 1 1 1 1 1 1 1 1 1 1 1 1 1 1 1 1 1 1 1 1 1 1 1 1 1 1 1 1 1 1 1 1 1
 1 1 1 1 1 1 1 1 1 1 1 1 1 1 1 1 1 1 1 1 1 1 1 1 1 1 1 1 1 1 1 1 1 1 1 1 1
 1 1 1 1 1 1 1 1 1 1 1 1 1 1 1 1 1 1 1 1 1 1 1 1 1 1 1 1 1 1 1 1 1 1 1 1 1
 1 1 1 1 1 1 1 1 1 1 1 1 1 1 1 1 1 1 1 1 1 1 1 1 1 1 1 1 1 1 1 1 1 1 1 1 0
 0 0 0 0 0 0 0 0 0 0 0 0 0 0 0 0 0 0 0 0 0 0 0 0 0 0 0 0 0 0 0 0 0 0 0 0 0
 0 0 0 0 0 0 0 0 0 0 0 0 0 0 0 0 0 0 0 0 0 0 0 0 0 0 0 0 0 0 0 0 0 0 0 0 0
 0 0 0 0 0 0 0 0 0 0 0 0 0 0 0 0 0 0 0 0 0 0 0 0 0 0 0 0 0 0 0 0 0 0 0 0 0
 0 0 0 0 0 0 0 0 0 0 0 0 0 0 0 0 0 0 0 0 0 0 0 0 0 0 0 0 0 0 0 0 0 0 0 0 0
 0 0 0 0 0 0 0 0 0 0 0 0 0 0 0 0 0 0 0 0 0 0 0 0 0 0 0 0 0 0 0 0 0 0 0 0 0
 0 0 0 0 0 0 0 0 0 0 0 0 0 0 0 0 0 0 0 0 0 0 0 0 0 0 0 0 0 0 0 0 0 0 0 0 0
 0 0 0 0 0 0 0 0 0 0 0 0 0 0 0 0 0 0 0 0 0 0 0 0 0 0 0 0 0 0 0 0 0 0 0 0 0
 0 0 0 0 0 0 0 0 0 0 0 0 0 0 0 0 0 0 0 0 0 0 0 0 0 0 0 0 0 0 0 0 0 0 0 0 0
 0 0 0 0 0 0 0 0 0 0 0 0 0 0 0 0 0 0 0 0 0 0 0 0 0 0 0 0 0 0 0 0 0 0 0 0 0
 0 0 0 0 0 0 0 0 0 0 0 0 0 0 0 0 0 0 0 0 0 0 0 0 0 0 0 0 0 0 0 0 0 0 0 0 0
 0 0 0 0 0 0 0 0 0 0 0 0 0 0 0 0 0 0 0 0 0 0 0 0 0 0 0 0 0 0 0 0 0 0 0 0 0
 0 0 0 0 0 0 0 0 0 0 0 0 0 0 0 0 0 0 0 0 0 0 0 0 0 0 0 0 0 0 0 0 0 0 0 0 0
 0 0 0 0 0 0 0 0 0 0 0 0 0 0 0 0 0 0 0 0 0 0 0 0 0 0 0 0 0 0 0 0 0 0 0 0 0
 0 0 0 0 0 0 0 0 0 0 0 0 0 0 0 0 0 0 0 0 0 0 0 0 0 0 0 0 0 0 0 0 0 0 0 0 0
 0 0 0 0 0 0 0 0 0 0 0 0 0 0 0]
Done.
	Creating sequence for 'aion'... [[[ 2.53973000e+00  2.60000000e+01  1.05000000e+02]
  [ 2.73328000e+00  8.50000000e+01  8.70000000e+01]
  [ 2.77891000e+00  5.80000000e+01  8.64000000e+02]
  ...
  [ 2.09944000e+00  3.20000000e+01  8.00000000e+01]
  [ 2.05382000e+00  0.00000000e+00  7.10000000e+01]
  [ 2.00847000e+00  0.00000000e+00  1.36000000e+02]]

 [[ 2.73328000e+00  8.50000000e+01  8.70000000e+01]
  [ 2.77891000e+00  5.80000000e+01  8.64000000e+02]
  [ 2.88123000e+00  5.00000000e+00  1.29000000e+02]
  ...
  [ 2.05382000e+00  0.00000000e+00  7.10000000e+01]
  [ 2.00847000e+00  0.00000000e+00  1.36000000e+02]
  [ 1.86026000e+00  2.30000000e+01  9.10000000e+01]]

 [[ 2.77891000e+00  5.80000000e+01  8.64000000e+02]
  [ 2.88123000e+00  5.00000000e+00  1.29000000e+02]
  [ 2.72604000e+00  1.00000000e+00  2.72000000e+02]
  ...
  [ 2.00847000e+00  0.00000000e+00  1.36000000e+02]
  [ 1.86026000e+00  2.30000000e+01  9.10000000e+01]
  [ 2.06535000e+00  1.80000000e+01  1.74000000e+02]]

 ...

 [[ 1.90019238e-03  0.00000000e+00  0.00000000e+00]
  [ 1.97954814e-03  0.00000000e+00  0.00000000e+00]
  [ 1.79963642e-03  0.00000000e+00 -1.00000000e+00]
  ...
  [ 1.60057682e-03  0.00000000e+00  0.00000000e+00]
  [ 1.60033385e-03  0.00000000e+00  1.00000000e+00]
  [ 1.71009731e-03  0.00000000e+00  0.00000000e+00]]

 [[ 1.97954814e-03  0.00000000e+00  0.00000000e+00]
  [ 1.79963642e-03  0.00000000e+00 -1.00000000e+00]
  [ 1.80012885e-03  0.00000000e+00  0.00000000e+00]
  ...
  [ 1.60033385e-03  0.00000000e+00  1.00000000e+00]
  [ 1.71009731e-03  0.00000000e+00  0.00000000e+00]
  [ 1.73101171e-03  0.00000000e+00 -3.00000000e+00]]

 [[ 1.79963642e-03  0.00000000e+00 -1.00000000e+00]
  [ 1.80012885e-03  0.00000000e+00  0.00000000e+00]
  [ 1.80011084e-03  0.00000000e+00  0.00000000e+00]
  ...
  [ 1.71009731e-03  0.00000000e+00  0.00000000e+00]
  [ 1.73101171e-03  0.00000000e+00 -3.00000000e+00]
  [ 1.79053867e-03  0.00000000e+00  1.00000000e+00]]][1 1 1 ... 0 0 0]
Done.
	Creating sequence for 'contentos'... [[[ 2.97872021e-02  7.00000000e+00  1.38000000e+02]
  [ 4.05175401e-02  0.00000000e+00  6.80000000e+01]
  [ 4.32182534e-02  0.00000000e+00  3.80000000e+01]
  ...
  [ 2.87247800e-02  1.40000000e+01  1.40000000e+01]
  [ 2.78525584e-02  2.00000000e+00  1.90000000e+01]
  [ 2.70115619e-02  1.00000000e+00  1.00000000e+01]]

 [[ 4.05175401e-02  0.00000000e+00  6.80000000e+01]
  [ 4.32182534e-02  0.00000000e+00  3.80000000e+01]
  [ 3.98926806e-02  0.00000000e+00  2.90000000e+01]
  ...
  [ 2.78525584e-02  2.00000000e+00  1.90000000e+01]
  [ 2.70115619e-02  1.00000000e+00  1.00000000e+01]
  [ 2.48658243e-02  8.00000000e+00  2.90000000e+01]]

 [[ 4.32182534e-02  0.00000000e+00  3.80000000e+01]
  [ 3.98926806e-02  0.00000000e+00  2.90000000e+01]
  [ 4.19024680e-02  3.00000000e+00  5.90000000e+01]
  ...
  [ 2.70115619e-02  1.00000000e+00  1.00000000e+01]
  [ 2.48658243e-02  8.00000000e+00  2.90000000e+01]
  [ 2.37343308e-02  1.50000000e+01  2.50000000e+01]]

 ...

 [[ 8.38539726e-03  0.00000000e+00 -3.29000000e+02]
  [ 8.40565474e-03  0.00000000e+00 -2.00000000e+02]
  [ 8.16825719e-03  0.00000000e+00 -8.30000000e+01]
  ...
  [ 7.28395368e-03  0.00000000e+00  1.73000000e+02]
  [ 7.67477308e-03  0.00000000e+00  6.70000000e+01]
  [ 7.72496836e-03  0.00000000e+00  9.30000000e+01]]

 [[ 8.40565474e-03  0.00000000e+00 -2.00000000e+02]
  [ 8.16825719e-03  0.00000000e+00 -8.30000000e+01]
  [ 8.11967070e-03  0.00000000e+00 -1.47000000e+02]
  ...
  [ 7.67477308e-03  0.00000000e+00  6.70000000e+01]
  [ 7.72496836e-03  0.00000000e+00  9.30000000e+01]
  [ 7.47546770e-03  0.00000000e+00  1.46000000e+02]]

 [[ 8.16825719e-03  0.00000000e+00 -8.30000000e+01]
  [ 8.11967070e-03  0.00000000e+00 -1.47000000e+02]
  [ 7.80140915e-03  0.00000000e+00  2.19000000e+02]
  ...
  [ 7.72496836e-03  0.00000000e+00  9.30000000e+01]
  [ 7.47546770e-03  0.00000000e+00  1.46000000e+02]
  [ 7.58083359e-03  0.00000000e+00  4.08000000e+02]]][1 1 1 ... 0 0 0]
Done.
	Creating sequence for 'airtor-protocol'... [[[ 4.29849382e-01  2.00000000e+00  1.48000000e+02]
  [ 4.03608320e-01  0.00000000e+00  8.30000000e+02]
  [ 4.31253517e-01  2.00000000e+00  8.90000000e+01]
  ...
  [ 5.87242930e-01  0.00000000e+00  5.00000000e+01]
  [ 5.31007183e-01  0.00000000e+00  7.90000000e+01]
  [ 5.44070701e-01  0.00000000e+00  5.10000000e+01]]

 [[ 4.03608320e-01  0.00000000e+00  8.30000000e+02]
  [ 4.31253517e-01  2.00000000e+00  8.90000000e+01]
  [ 4.31701131e-01  0.00000000e+00  1.52000000e+02]
  ...
  [ 5.31007183e-01  0.00000000e+00  7.90000000e+01]
  [ 5.44070701e-01  0.00000000e+00  5.10000000e+01]
  [ 5.36388481e-01  1.00000000e+00  7.80000000e+01]]

 [[ 4.31253517e-01  2.00000000e+00  8.90000000e+01]
  [ 4.31701131e-01  0.00000000e+00  1.52000000e+02]
  [ 5.02816206e-01  0.00000000e+00  2.97000000e+02]
  ...
  [ 5.44070701e-01  0.00000000e+00  5.10000000e+01]
  [ 5.36388481e-01  1.00000000e+00  7.80000000e+01]
  [ 5.97512017e-01  1.00000000e+00  5.80000000e+01]]

 ...

 [[ 1.66832744e+00  6.00000000e+00 -3.30000000e+01]
  [ 1.83230611e+00  1.30000000e+01  5.50000000e+01]
  [ 1.65189934e+00  7.00000000e+00  1.00000000e+00]
  ...
  [ 5.97581544e-01  5.00000000e+00  3.00000000e+00]
  [ 6.00613510e-01  2.20000000e+01  1.00000000e+00]
  [ 5.92223137e-01  8.00000000e+00  4.00000000e+00]]

 [[ 1.83230611e+00  1.30000000e+01  5.50000000e+01]
  [ 1.65189934e+00  7.00000000e+00  1.00000000e+00]
  [ 1.67423738e+00  1.00000000e+00 -4.20000000e+01]
  ...
  [ 6.00613510e-01  2.20000000e+01  1.00000000e+00]
  [ 5.92223137e-01  8.00000000e+00  4.00000000e+00]
  [ 5.99977896e-01  8.00000000e+00  2.00000000e+00]]

 [[ 1.65189934e+00  7.00000000e+00  1.00000000e+00]
  [ 1.67423738e+00  1.00000000e+00 -4.20000000e+01]
  [ 1.71310871e+00  0.00000000e+00 -1.11000000e+02]
  ...
  [ 5.92223137e-01  8.00000000e+00  4.00000000e+00]
  [ 5.99977896e-01  8.00000000e+00  2.00000000e+00]
  [ 5.98815130e-01  5.00000000e+00  2.00000000e+00]]][1 1 1 1 1 1 1 1 1 1 1 1 1 1 1 1 1 1 1 1 1 1 1 1 1 1 1 1 1 1 1 1 1 1 1 1 1
 1 1 1 1 1 1 1 1 1 1 1 1 1 1 1 1 1 1 1 1 1 1 1 1 1 1 1 1 1 1 1 1 1 1 1 1 1
 1 1 1 1 1 1 1 1 1 1 1 1 1 1 1 1 1 1 1 1 1 1 1 1 1 1 1 1 1 1 1 1 1 1 1 1 1
 1 1 1 1 1 1 1 1 1 1 1 1 1 1 1 1 1 1 1 1 1 1 1 1 1 1 1 1 1 1 1 1 1 1 1 1 1
 1 1 1 1 1 1 1 1 1 1 1 1 1 1 1 1 1 1 1 1 1 1 1 1 1 1 1 1 1 1 1 1 1 1 1 1 1
 1 1 1 1 1 1 1 1 1 1 1 1 1 1 1 1 1 1 1 1 1 1 1 1 1 1 1 1 1 1 1 1 1 1 1 1 1
 1 1 1 1 1 1 1 1 1 1 1 1 1 1 1 1 1 1 1 1 1 1 1 1 1 1 1 1 1 1 1 1 1 1 1 1 1
 1 1 1 1 1 1 1 1 1 1 1 1 1 1 1 1 1 1 1 1 1 1 1 1 1 1 1 1 1 1 1 1 1 1 1 1 1
 1 1 1 1 1 1 1 1 1 1 1 1 1 1 1 1 1 1 1 1 1 1 1]
Done.
	Creating sequence for 'bosagora'... [[[ 8.72314555e-03  2.00000000e+00  4.00000000e+00]
  [ 9.50611922e-03  9.00000000e+00  1.00000000e+00]
  [ 1.68210207e-02  7.40000000e+01  7.00000000e+00]
  ...
  [ 9.11202624e-03  0.00000000e+00  5.00000000e+00]
  [ 8.71256827e-03  7.00000000e+00  1.10000000e+01]
  [ 8.68217858e-03  1.00000000e+01  6.00000000e+00]]

 [[ 9.50611922e-03  9.00000000e+00  1.00000000e+00]
  [ 1.68210207e-02  7.40000000e+01  7.00000000e+00]
  [ 1.40228921e-02  5.10000000e+01  6.00000000e+00]
  ...
  [ 8.71256827e-03  7.00000000e+00  1.10000000e+01]
  [ 8.68217858e-03  1.00000000e+01  6.00000000e+00]
  [ 8.69721904e-03  6.00000000e+00  1.00000000e+00]]

 [[ 1.68210207e-02  7.40000000e+01  7.00000000e+00]
  [ 1.40228921e-02  5.10000000e+01  6.00000000e+00]
  [ 1.60662146e-02  2.80000000e+01  4.00000000e+00]
  ...
  [ 8.68217858e-03  1.00000000e+01  6.00000000e+00]
  [ 8.69721904e-03  6.00000000e+00  1.00000000e+00]
  [ 9.37193284e-03  1.50000000e+01  4.00000000e+00]]

 ...

 [[ 1.43839666e-02  0.00000000e+00 -5.50000000e+01]
  [ 1.38746751e-02  0.00000000e+00  2.20000000e+01]
  [ 1.43798403e-02  0.00000000e+00 -2.00000000e+01]
  ...
  [ 1.39030846e-02  0.00000000e+00 -8.00000000e+00]
  [ 1.42662792e-02  0.00000000e+00 -3.00000000e+00]
  [ 1.44238173e-02  0.00000000e+00 -8.00000000e+00]]

 [[ 1.38746751e-02  0.00000000e+00  2.20000000e+01]
  [ 1.43798403e-02  0.00000000e+00 -2.00000000e+01]
  [ 1.42733675e-02  0.00000000e+00  6.30000000e+01]
  ...
  [ 1.42662792e-02  0.00000000e+00 -3.00000000e+00]
  [ 1.44238173e-02  0.00000000e+00 -8.00000000e+00]
  [ 1.46477797e-02  0.00000000e+00 -1.00000000e+01]]

 [[ 1.43798403e-02  0.00000000e+00 -2.00000000e+01]
  [ 1.42733675e-02  0.00000000e+00  6.30000000e+01]
  [ 1.44925110e-02  0.00000000e+00  3.60000000e+01]
  ...
  [ 1.44238173e-02  0.00000000e+00 -8.00000000e+00]
  [ 1.46477797e-02  0.00000000e+00 -1.00000000e+01]
  [ 1.41277753e-02  0.00000000e+00  7.00000000e+00]]][1 1 1 ... 0 0 0]
Done.
	Creating sequence for 'aurora-near'... [[[ 1.33888244e+01  5.00000000e+00  1.01000000e+02]
  [ 1.15640216e+01  2.00000000e+01  1.41000000e+02]
  [ 1.30115339e+01  2.40000000e+01  2.00000000e+02]
  ...
  [ 7.18076091e+00  2.80000000e+01  5.80000000e+01]
  [ 7.05882955e+00  2.60000000e+01  1.80000000e+02]
  [ 7.32414024e+00  1.30000000e+01  1.30000000e+02]]

 [[ 1.15640216e+01  2.00000000e+01  1.41000000e+02]
  [ 1.30115339e+01  2.40000000e+01  2.00000000e+02]
  [ 1.31863434e+01  4.20000000e+01  1.27000000e+02]
  ...
  [ 7.05882955e+00  2.60000000e+01  1.80000000e+02]
  [ 7.32414024e+00  1.30000000e+01  1.30000000e+02]
  [ 7.77547403e+00  3.00000000e+00  1.11000000e+02]]

 [[ 1.30115339e+01  2.40000000e+01  2.00000000e+02]
  [ 1.31863434e+01  4.20000000e+01  1.27000000e+02]
  [ 1.21277591e+01  4.10000000e+01  2.07000000e+02]
  ...
  [ 7.32414024e+00  1.30000000e+01  1.30000000e+02]
  [ 7.77547403e+00  3.00000000e+00  1.11000000e+02]
  [ 8.07854012e+00  1.00000000e+01  1.58000000e+02]]

 ...

 [[ 1.64848957e-01  1.00000000e+01 -4.82000000e+02]
  [ 1.53723724e-01  3.10000000e+01  1.01900000e+03]
  [ 1.67258959e-01  1.70000000e+01  8.81000000e+02]
  ...
  [ 1.28704794e-01  2.60000000e+01 -6.26000000e+02]
  [ 1.27154383e-01  6.00000000e+00  1.26000000e+02]
  [ 1.25772800e-01  5.00000000e+00  9.46000000e+02]]

 [[ 1.53723724e-01  3.10000000e+01  1.01900000e+03]
  [ 1.67258959e-01  1.70000000e+01  8.81000000e+02]
  [ 1.62939780e-01  0.00000000e+00 -2.11300000e+03]
  ...
  [ 1.27154383e-01  6.00000000e+00  1.26000000e+02]
  [ 1.25772800e-01  5.00000000e+00  9.46000000e+02]
  [ 1.26203331e-01  6.00000000e+00  5.06000000e+02]]

 [[ 1.67258959e-01  1.70000000e+01  8.81000000e+02]
  [ 1.62939780e-01  0.00000000e+00 -2.11300000e+03]
  [ 1.66859878e-01  1.40000000e+01 -3.05000000e+02]
  ...
  [ 1.25772800e-01  5.00000000e+00  9.46000000e+02]
  [ 1.26203331e-01  6.00000000e+00  5.06000000e+02]
  [ 1.32814024e-01  3.00000000e+00  2.16000000e+02]]][1 1 1 1 1 1 1 1 1 1 1 1 1 1 1 1 1 1 1 1 1 1 1 1 1 1 1 1 1 1 1 1 1 1 1 1 1
 1 1 1 1 1 1 1 1 1 1 1 1 1 1 1 1 1 1 1 1 1 1 1 1 1 1 1 1 1 1 1 1 1 1 1 1 1
 1 1 1 1 1 1 1 1 1 1 1 1 1 1 1 1 1 1 1 1 1 1 1 1 1 1 1 1 1 1 1 1 1 1 1 1 1
 1 1 1 1 1 1 1 1 1 1 1 1 1 1 1 1 1 1 1 1 1 1 1 1 1 1 1 1 1 1 1 1 1 1 1 1 1
 1 1 1 1 1 1 1 1 1 1 1 1 1 1 1 1 1 1 1 1 1 1 1 1 1 1 1 1 1 1 1 1 1 1 1 1 1
 1 1 1 1 1 1 1 1 1 1 1 1 1 1 1 1 1 1 1 1 1 1 1 1 1 1 1 1 1 1 1 1 1 1 1 1 1
 1 1 1 1 1 1 1 1 1 1 1 1 1 1 1 1 1 1 1 1 1 1 1 1 1 1 1 1 1 1 1 1 1 1 1 1 1
 1 1 1 1 1 1 1 1 1 1 1 1 1 1 1 1 1 1 1 1 1 1 1 1 1 1 1 1 1 1 1 1 1 1 1 1 1
 1 1 1 1 1 1 1 1 1 1 1 1 1 1 1 1 1 1 1 1 1 1 1 1 1 1 1 1 1 1 1 1 1 1 1 1 1
 1 1 1 1 1 1 1 1 1 1 1 1 1 1 1 1 1 1 1 1 1 1 1 1 1 1 1 1 1 1 1 1 1 1 1 1 1
 1 1 1 1 1 1 1 1 1 1 1 1 1 1 1 1 1 1 1 1 1 1 1 1 1 1 1 1 1 1 1 1 1 1 1 1 1
 1 1 1 1 1 1 1 1 1 1 1 1 1 1 1 1 1 1 1 1 1 1 1 1 1 1 1 1 1 1 1 1 1 1 1 1 1
 1 1 1 1 1 1 1 1 1 1 1 1 1 1 1 1 1 1 1 1 1 1 1 1 1 1 1 1 1 1 1 1 1 1 1 1 1
 1 1 1 1 1 1 1 1 1 1 1 1 1 1 1 1 1 1 1 1 1 1 1 1 1 1 1 1 1 1 1 1 1 1 1 1 1
 1 1 1 1 1 1 1 1 1 1 1 1 1 1 1 1 1 1 1 1 1 1 1 1 1 1 1 1 1 1 1 1 1 1 1 1 1
 1 1 1 1 1 1 1 1 1 1 1 1 1 1 1 1 1 1 1 1 1 1 1 1 1 1 1 1 1 1 1 1 1 1 1 1 1
 1 1 1 1 1 1 1 1 1 1 1 1 1 1 1 1 1 1 1 1 1 1 1 1 1 1 1 1 1 1 1 1 1 1 1 1 1
 1 1 1 1 1 1 1 1 1 1 1 1 1 1 1 1 1 1 1 1 1 1 1 1 1 1 1 1 1 1 1 1 1 1 1 1 1
 1 1 1 1 1 1 1 1 1 1 1 1 1 1 1 1 1 1 1 1 1 1 1 1 1 1 1 1 1 1 1 1 1 1 1 1 1
 1 1 1 1 1 1 1 1 1 1 1 1 1 1 1 1 1 1 1 1 1 1 1 1 1 1 1 1 1 1 1 1 1 1 1 1 1
 1 1 1 1 1 1 1 1 1 1 1 1 1 1 1 1 1 1 1 1 1 1 1 1 1 1 1 1 1 1 1 1 1 1 1 1 1
 1 1 1 1 1 1 1 1 1 1 1 1 1 1 1 1 1 1 1 1 1 1 1 1 1 1 1 1 1 1 1 1 1 1 1 1 1
 1 1 1 1 1 1 1 1 1 1 1 1 1 1 1 1 1 1 1 1 1 1 1 1 1 1 1 1 1 1 1 1 1 1 1 1 1
 1 1 1 1 1 1 1 1 1 1 1 1 1 1 1 1 1 1 1 1 1 1 1 1 1 1 1 1 1 1 1 1 1]
Done.
	Creating sequence for 'babb'... [[[ 7.2877900e-04  0.0000000e+00 -7.0000000e+01]
  [ 6.4075300e-04  0.0000000e+00  1.2700000e+02]
  [ 6.9843100e-04  0.0000000e+00  3.1000000e+01]
  ...
  [ 2.2103000e-03  0.0000000e+00  2.8000000e+01]
  [ 2.1529300e-03  0.0000000e+00  2.5000000e+01]
  [ 2.1026700e-03  0.0000000e+00  3.2000000e+01]]

 [[ 6.4075300e-04  0.0000000e+00  1.2700000e+02]
  [ 6.9843100e-04  0.0000000e+00  3.1000000e+01]
  [ 6.3115900e-04  0.0000000e+00  1.4600000e+02]
  ...
  [ 2.1529300e-03  0.0000000e+00  2.5000000e+01]
  [ 2.1026700e-03  0.0000000e+00  3.2000000e+01]
  [ 1.9630900e-03  0.0000000e+00  2.3000000e+01]]

 [[ 6.9843100e-04  0.0000000e+00  3.1000000e+01]
  [ 6.3115900e-04  0.0000000e+00  1.4600000e+02]
  [ 6.2775400e-04  0.0000000e+00  5.2000000e+01]
  ...
  [ 2.1026700e-03  0.0000000e+00  3.2000000e+01]
  [ 1.9630900e-03  0.0000000e+00  2.3000000e+01]
  [ 1.9334400e-03  0.0000000e+00  4.9000000e+01]]

 ...

 [[ 8.2727142e-05  0.0000000e+00 -1.9000000e+01]
  [ 8.1143007e-05  0.0000000e+00 -1.5000000e+01]
  [ 7.9553361e-05  0.0000000e+00 -7.4000000e+01]
  ...
  [ 5.9303769e-05  0.0000000e+00  2.6000000e+01]
  [ 6.2871043e-05  0.0000000e+00 -5.1000000e+01]
  [ 5.8052309e-05  0.0000000e+00 -2.0000000e+01]]

 [[ 8.1143007e-05  0.0000000e+00 -1.5000000e+01]
  [ 7.9553361e-05  0.0000000e+00 -7.4000000e+01]
  [ 7.8956835e-05  0.0000000e+00  5.3000000e+01]
  ...
  [ 6.2871043e-05  0.0000000e+00 -5.1000000e+01]
  [ 5.8052309e-05  0.0000000e+00 -2.0000000e+01]
  [ 5.8842480e-05  0.0000000e+00  1.0000000e+01]]

 [[ 7.9553361e-05  0.0000000e+00 -7.4000000e+01]
  [ 7.8956835e-05  0.0000000e+00  5.3000000e+01]
  [ 7.8257132e-05  0.0000000e+00 -8.0000000e+00]
  ...
  [ 5.8052309e-05  0.0000000e+00 -2.0000000e+01]
  [ 5.8842480e-05  0.0000000e+00  1.0000000e+01]
  [ 5.7510471e-05  0.0000000e+00  8.0000000e+00]]][1 1 1 ... 0 0 0]
Done.
	Creating sequence for 'beefy-finance'... [[[ 1.09861271e+03  1.50000000e+01  4.44000000e+02]
  [ 1.10167866e+03  3.00000000e+01  3.60000000e+02]
  [ 1.25014682e+03  1.60000000e+01  4.05000000e+02]
  ...
  [ 1.38535625e+03  3.70000000e+01  3.04000000e+02]
  [ 1.34135885e+03  8.00000000e+00  3.04000000e+02]
  [ 1.33148668e+03  1.30000000e+01  2.32000000e+02]]

 [[ 1.10167866e+03  3.00000000e+01  3.60000000e+02]
  [ 1.25014682e+03  1.60000000e+01  4.05000000e+02]
  [ 1.27038083e+03  1.00000000e+01  2.70000000e+02]
  ...
  [ 1.34135885e+03  8.00000000e+00  3.04000000e+02]
  [ 1.33148668e+03  1.30000000e+01  2.32000000e+02]
  [ 1.32049871e+03  3.40000000e+01  4.26000000e+02]]

 [[ 1.25014682e+03  1.60000000e+01  4.05000000e+02]
  [ 1.27038083e+03  1.00000000e+01  2.70000000e+02]
  [ 1.22202048e+03  5.00000000e+00  5.61000000e+02]
  ...
  [ 1.33148668e+03  1.30000000e+01  2.32000000e+02]
  [ 1.32049871e+03  3.40000000e+01  4.26000000e+02]
  [ 1.30229093e+03  4.40000000e+01  2.97000000e+02]]

 ...

 [[ 3.31691086e+02  5.70000000e+01  1.90000000e+02]
  [ 3.25520036e+02  3.00000000e+01 -3.24000000e+02]
  [ 3.00775910e+02  5.60000000e+01  4.94000000e+02]
  ...
  [ 2.89111433e+02  1.90000000e+01  1.30000000e+01]
  [ 2.87187500e+02  1.10000000e+01 -4.10000000e+01]
  [ 2.91988557e+02  9.00000000e+00  1.11000000e+02]]

 [[ 3.25520036e+02  3.00000000e+01 -3.24000000e+02]
  [ 3.00775910e+02  5.60000000e+01  4.94000000e+02]
  [ 3.09031306e+02  3.30000000e+01  3.61000000e+02]
  ...
  [ 2.87187500e+02  1.10000000e+01 -4.10000000e+01]
  [ 2.91988557e+02  9.00000000e+00  1.11000000e+02]
  [ 2.83320327e+02  7.00000000e+00  1.00000000e+00]]

 [[ 3.00775910e+02  5.60000000e+01  4.94000000e+02]
  [ 3.09031306e+02  3.30000000e+01  3.61000000e+02]
  [ 3.18963684e+02  2.60000000e+01 -8.14000000e+02]
  ...
  [ 2.91988557e+02  9.00000000e+00  1.11000000e+02]
  [ 2.83320327e+02  7.00000000e+00  1.00000000e+00]
  [ 2.93450894e+02  3.20000000e+01  1.19000000e+02]]][1 1 1 ... 1 1 1]
Done.
	Creating sequence for 'amber'... [[[ 5.15042000e-01  0.00000000e+00  1.03000000e+02]
  [ 4.78916000e-01  0.00000000e+00  2.50000000e+01]
  [ 3.81608000e-01  0.00000000e+00  1.27000000e+02]
  ...
  [ 3.96315000e-01  1.40000000e+01  1.30000000e+01]
  [ 3.67093000e-01  1.00000000e+01  2.70000000e+01]
  [ 3.59144000e-01  0.00000000e+00  1.30000000e+01]]

 [[ 4.78916000e-01  0.00000000e+00  2.50000000e+01]
  [ 3.81608000e-01  0.00000000e+00  1.27000000e+02]
  [ 3.05959000e-01  0.00000000e+00  5.20000000e+01]
  ...
  [ 3.67093000e-01  1.00000000e+01  2.70000000e+01]
  [ 3.59144000e-01  0.00000000e+00  1.30000000e+01]
  [ 3.55932000e-01  0.00000000e+00  3.90000000e+01]]

 [[ 3.81608000e-01  0.00000000e+00  1.27000000e+02]
  [ 3.05959000e-01  0.00000000e+00  5.20000000e+01]
  [ 3.26387000e-01  0.00000000e+00  1.82000000e+02]
  ...
  [ 3.59144000e-01  0.00000000e+00  1.30000000e+01]
  [ 3.55932000e-01  0.00000000e+00  3.90000000e+01]
  [ 3.32899000e-01  4.30000000e+01  1.90000000e+01]]

 ...

 [[ 6.47251900e-02  1.00000000e+00 -7.00000000e+00]
  [ 6.33240300e-02  1.80000000e+01  2.00000000e+00]
  [ 5.71004500e-02  0.00000000e+00  6.00000000e+00]
  ...
  [ 2.89594647e-02  8.00000000e+00  0.00000000e+00]
  [ 2.79234682e-02  0.00000000e+00  0.00000000e+00]
  [ 2.86170791e-02  1.50000000e+01  0.00000000e+00]]

 [[ 6.33240300e-02  1.80000000e+01  2.00000000e+00]
  [ 5.71004500e-02  0.00000000e+00  6.00000000e+00]
  [ 5.63300300e-02  0.00000000e+00  1.40000000e+01]
  ...
  [ 2.79234682e-02  0.00000000e+00  0.00000000e+00]
  [ 2.86170791e-02  1.50000000e+01  0.00000000e+00]
  [ 3.03561747e-02  0.00000000e+00  0.00000000e+00]]

 [[ 5.71004500e-02  0.00000000e+00  6.00000000e+00]
  [ 5.63300300e-02  0.00000000e+00  1.40000000e+01]
  [ 7.23407200e-02  0.00000000e+00  4.00000000e+00]
  ...
  [ 2.86170791e-02  1.50000000e+01  0.00000000e+00]
  [ 3.03561747e-02  0.00000000e+00  0.00000000e+00]
  [ 3.08378971e-02  0.00000000e+00  0.00000000e+00]]][1 1 1 ... 1 1 1]
Done.
	Creating sequence for 'achain'... [[[ 4.14899000e-01  0.00000000e+00  2.20300000e+03]
  [ 3.55418000e-01  2.00000000e+00  5.36900000e+03]
  [ 3.88253000e-01  1.00000000e+00  1.59700000e+03]
  ...
  [ 1.99591000e-01  0.00000000e+00  8.30000000e+01]
  [ 2.30211000e-01  0.00000000e+00  4.00000000e+00]
  [ 2.00638000e-01  0.00000000e+00  3.00000000e+01]]

 [[ 3.55418000e-01  2.00000000e+00  5.36900000e+03]
  [ 3.88253000e-01  1.00000000e+00  1.59700000e+03]
  [ 3.96561000e-01  8.00000000e+00  1.12000000e+02]
  ...
  [ 2.30211000e-01  0.00000000e+00  4.00000000e+00]
  [ 2.00638000e-01  0.00000000e+00  3.00000000e+01]
  [ 2.14352000e-01  3.00000000e+00  6.10000000e+01]]

 [[ 3.88253000e-01  1.00000000e+00  1.59700000e+03]
  [ 3.96561000e-01  8.00000000e+00  1.12000000e+02]
  [ 3.63202000e-01  3.00000000e+00  4.60000000e+01]
  ...
  [ 2.00638000e-01  0.00000000e+00  3.00000000e+01]
  [ 2.14352000e-01  3.00000000e+00  6.10000000e+01]
  [ 2.13138000e-01  0.00000000e+00  0.00000000e+00]]

 ...

 [[ 4.65195013e-04  0.00000000e+00 -3.00000000e+00]
  [ 1.19464251e-03  0.00000000e+00 -5.00000000e+00]
  [ 4.97995892e-04  0.00000000e+00  3.60000000e+01]
  ...
  [ 9.55853317e-04  0.00000000e+00 -3.20000000e+01]
  [ 9.56766748e-04  1.00000000e+00  2.00000000e+00]
  [ 9.58230149e-04  0.00000000e+00 -2.70000000e+01]]

 [[ 1.19464251e-03  0.00000000e+00 -5.00000000e+00]
  [ 4.97995892e-04  0.00000000e+00  3.60000000e+01]
  [ 4.00840839e-04  1.00000000e+00  4.00000000e+00]
  ...
  [ 9.56766748e-04  1.00000000e+00  2.00000000e+00]
  [ 9.58230149e-04  0.00000000e+00 -2.70000000e+01]
  [ 9.58230149e-04  0.00000000e+00  2.10000000e+01]]

 [[ 4.97995892e-04  0.00000000e+00  3.60000000e+01]
  [ 4.00840839e-04  1.00000000e+00  4.00000000e+00]
  [ 3.16049722e-04  0.00000000e+00 -1.50000000e+01]
  ...
  [ 9.58230149e-04  0.00000000e+00 -2.70000000e+01]
  [ 9.58230149e-04  0.00000000e+00  2.10000000e+01]
  [ 9.58298089e-04  0.00000000e+00 -3.00000000e+00]]][1 1 1 ... 0 0 0]
Done.
	Creating sequence for 'blockstack'... [[[ 4.44165300e-01  8.40000000e+01  1.53000000e+02]
  [ 4.39852300e-01  1.44000000e+02  2.40000000e+01]
  [ 4.29563390e-01  2.30000000e+01  4.50000000e+01]
  ...
  [ 1.22802819e+00  1.03000000e+02  8.00000000e+01]
  [ 1.26605910e+00  5.00000000e+00  1.16000000e+02]
  [ 1.25374414e+00  6.00000000e+00  7.20000000e+01]]

 [[ 4.39852300e-01  1.44000000e+02  2.40000000e+01]
  [ 4.29563390e-01  2.30000000e+01  4.50000000e+01]
  [ 4.28773100e-01  1.00000000e+00  3.80000000e+01]
  ...
  [ 1.26605910e+00  5.00000000e+00  1.16000000e+02]
  [ 1.25374414e+00  6.00000000e+00  7.20000000e+01]
  [ 1.24542820e+00  7.40000000e+01 -4.36000000e+02]]

 [[ 4.29563390e-01  2.30000000e+01  4.50000000e+01]
  [ 4.28773100e-01  1.00000000e+00  3.80000000e+01]
  [ 4.28293310e-01  5.70000000e+01  2.60000000e+01]
  ...
  [ 1.25374414e+00  6.00000000e+00  7.20000000e+01]
  [ 1.24542820e+00  7.40000000e+01 -4.36000000e+02]
  [ 1.24125663e+00  1.30000000e+02 -2.57000000e+02]]

 ...

 [[ 1.75310213e+00  0.00000000e+00 -1.14000000e+02]
  [ 1.74239960e+00  0.00000000e+00  6.30000000e+01]
  [ 1.80614525e+00  0.00000000e+00  8.00000000e+00]
  ...
  [ 1.56334759e+00  0.00000000e+00 -1.96000000e+02]
  [ 1.68898618e+00  0.00000000e+00 -6.50000000e+01]
  [ 1.74251162e+00  0.00000000e+00  5.70000000e+01]]

 [[ 1.74239960e+00  0.00000000e+00  6.30000000e+01]
  [ 1.80614525e+00  0.00000000e+00  8.00000000e+00]
  [ 1.85635003e+00  0.00000000e+00  2.48000000e+02]
  ...
  [ 1.68898618e+00  0.00000000e+00 -6.50000000e+01]
  [ 1.74251162e+00  0.00000000e+00  5.70000000e+01]
  [ 1.76120935e+00  0.00000000e+00  1.13000000e+02]]

 [[ 1.80614525e+00  0.00000000e+00  8.00000000e+00]
  [ 1.85635003e+00  0.00000000e+00  2.48000000e+02]
  [ 1.94654769e+00  0.00000000e+00  1.73000000e+02]
  ...
  [ 1.74251162e+00  0.00000000e+00  5.70000000e+01]
  [ 1.76120935e+00  0.00000000e+00  1.13000000e+02]
  [ 1.73020153e+00  0.00000000e+00  1.97000000e+02]]][1 1 1 ... 1 1 1]
Done.
	Creating sequence for 'burger-swap'... [[[ 5.92059200e-01  0.00000000e+00  1.04000000e+02]
  [ 4.88978010e-01  0.00000000e+00  8.20000000e+01]
  [ 4.19785583e-01  0.00000000e+00  9.00000000e+01]
  ...
  [ 4.88209500e-01  0.00000000e+00  5.00000000e+01]
  [ 5.66058663e-01  0.00000000e+00 -7.50000000e+01]
  [ 5.53605968e-01  0.00000000e+00 -2.20000000e+01]]

 [[ 4.88978010e-01  0.00000000e+00  8.20000000e+01]
  [ 4.19785583e-01  0.00000000e+00  9.00000000e+01]
  [ 4.96369254e-01  0.00000000e+00  6.70000000e+01]
  ...
  [ 5.66058663e-01  0.00000000e+00 -7.50000000e+01]
  [ 5.53605968e-01  0.00000000e+00 -2.20000000e+01]
  [ 5.50951383e-01  0.00000000e+00  1.23000000e+02]]

 [[ 4.19785583e-01  0.00000000e+00  9.00000000e+01]
  [ 4.96369254e-01  0.00000000e+00  6.70000000e+01]
  [ 4.95268383e-01  0.00000000e+00  8.90000000e+01]
  ...
  [ 5.53605968e-01  0.00000000e+00 -2.20000000e+01]
  [ 5.50951383e-01  0.00000000e+00  1.23000000e+02]
  [ 5.82005702e-01  0.00000000e+00 -2.40000000e+01]]

 ...

 [[ 5.99571491e-01  0.00000000e+00  0.00000000e+00]
  [ 5.82621333e-01  0.00000000e+00  0.00000000e+00]
  [ 6.17517918e-01  0.00000000e+00 -1.00000000e+00]
  ...
  [ 6.57920734e-01  0.00000000e+00 -2.50000000e+01]
  [ 6.71519305e-01  0.00000000e+00 -2.76000000e+02]
  [ 6.90194586e-01  0.00000000e+00  1.10000000e+01]]

 [[ 5.82621333e-01  0.00000000e+00  0.00000000e+00]
  [ 6.17517918e-01  0.00000000e+00 -1.00000000e+00]
  [ 6.00292274e-01  0.00000000e+00  0.00000000e+00]
  ...
  [ 6.71519305e-01  0.00000000e+00 -2.76000000e+02]
  [ 6.90194586e-01  0.00000000e+00  1.10000000e+01]
  [ 7.13677728e-01  0.00000000e+00  4.24000000e+02]]

 [[ 6.17517918e-01  0.00000000e+00 -1.00000000e+00]
  [ 6.00292274e-01  0.00000000e+00  0.00000000e+00]
  [ 5.42661898e-01  0.00000000e+00  1.00000000e+00]
  ...
  [ 6.90194586e-01  0.00000000e+00  1.10000000e+01]
  [ 7.13677728e-01  0.00000000e+00  4.24000000e+02]
  [ 7.60195246e-01  0.00000000e+00  3.48000000e+02]]][1 1 1 ... 0 0 0]
Done.
	Creating sequence for 'convergence'... [[[ 1.62502002e-01  0.00000000e+00 -3.32900000e+03]
  [ 1.36856657e-01  0.00000000e+00  2.06000000e+02]
  [ 1.43982285e-01  0.00000000e+00  3.91000000e+02]
  ...
  [ 6.08436000e-02  0.00000000e+00  1.95000000e+02]
  [ 5.62371010e-02  0.00000000e+00 -2.40000000e+01]
  [ 4.92685039e-02  0.00000000e+00  2.12000000e+02]]

 [[ 1.36856657e-01  0.00000000e+00  2.06000000e+02]
  [ 1.43982285e-01  0.00000000e+00  3.91000000e+02]
  [ 1.54156058e-01  0.00000000e+00  2.86000000e+02]
  ...
  [ 5.62371010e-02  0.00000000e+00 -2.40000000e+01]
  [ 4.92685039e-02  0.00000000e+00  2.12000000e+02]
  [ 4.56790146e-02  2.00000000e+00  1.37000000e+02]]

 [[ 1.43982285e-01  0.00000000e+00  3.91000000e+02]
  [ 1.54156058e-01  0.00000000e+00  2.86000000e+02]
  [ 1.32274733e-01  8.00000000e+00  3.39000000e+02]
  ...
  [ 4.92685039e-02  0.00000000e+00  2.12000000e+02]
  [ 4.56790146e-02  2.00000000e+00  1.37000000e+02]
  [ 4.84053367e-02  0.00000000e+00  8.30000000e+01]]

 ...

 [[ 7.81421657e-04  0.00000000e+00 -5.20000000e+01]
  [ 8.31360186e-04  0.00000000e+00  3.84000000e+02]
  [ 7.86361034e-04  0.00000000e+00  5.05000000e+02]
  ...
  [ 1.27263335e-04  0.00000000e+00 -4.70000000e+01]
  [ 1.29663313e-04  0.00000000e+00 -4.40000000e+01]
  [ 1.38295438e-04  0.00000000e+00  1.01000000e+02]]

 [[ 8.31360186e-04  0.00000000e+00  3.84000000e+02]
  [ 7.86361034e-04  0.00000000e+00  5.05000000e+02]
  [ 8.08289726e-04  0.00000000e+00  1.50000000e+02]
  ...
  [ 1.29663313e-04  0.00000000e+00 -4.40000000e+01]
  [ 1.38295438e-04  0.00000000e+00  1.01000000e+02]
  [ 1.36363796e-04  0.00000000e+00 -2.70000000e+01]]

 [[ 7.86361034e-04  0.00000000e+00  5.05000000e+02]
  [ 8.08289726e-04  0.00000000e+00  1.50000000e+02]
  [ 8.28865810e-04  0.00000000e+00 -2.29000000e+02]
  ...
  [ 1.38295438e-04  0.00000000e+00  1.01000000e+02]
  [ 1.36363796e-04  0.00000000e+00 -2.70000000e+01]
  [ 1.38104952e-04  0.00000000e+00  1.70000000e+01]]][1 1 1 ... 0 0 0]
Done.
	Creating sequence for 'bytom'... [[[ 3.51859000e-01  1.90000000e+01  5.70000000e+01]
  [ 3.60140000e-01  3.00000000e+01 -6.00000000e+00]
  [ 3.69283000e-01  5.80000000e+01  2.30000000e+01]
  ...
  [ 6.21024000e-01  3.30000000e+01  1.35600000e+03]
  [ 6.35019000e-01  0.00000000e+00  1.94900000e+03]
  [ 6.71745000e-01  0.00000000e+00  5.38000000e+02]]

 [[ 3.60140000e-01  3.00000000e+01 -6.00000000e+00]
  [ 3.69283000e-01  5.80000000e+01  2.30000000e+01]
  [ 3.51605000e-01  2.30000000e+01  5.50000000e+01]
  ...
  [ 6.35019000e-01  0.00000000e+00  1.94900000e+03]
  [ 6.71745000e-01  0.00000000e+00  5.38000000e+02]
  [ 6.15451000e-01  1.30000000e+01  5.03000000e+02]]

 [[ 3.69283000e-01  5.80000000e+01  2.30000000e+01]
  [ 3.51605000e-01  2.30000000e+01  5.50000000e+01]
  [ 3.54456000e-01  2.30000000e+01  4.00000000e+01]
  ...
  [ 6.71745000e-01  0.00000000e+00  5.38000000e+02]
  [ 6.15451000e-01  1.30000000e+01  5.03000000e+02]
  [ 6.40355000e-01  1.00000000e+01  3.00000000e+02]]

 ...

 [[ 8.42239229e-03  0.00000000e+00  0.00000000e+00]
  [ 8.58084200e-03  0.00000000e+00  0.00000000e+00]
  [ 8.33918159e-03  0.00000000e+00 -1.00000000e+00]
  ...
  [ 5.09881792e-03  0.00000000e+00 -1.00000000e+00]
  [ 5.20626385e-03  0.00000000e+00  0.00000000e+00]
  [ 5.05081029e-03  0.00000000e+00  0.00000000e+00]]

 [[ 8.58084200e-03  0.00000000e+00  0.00000000e+00]
  [ 8.33918159e-03  0.00000000e+00 -1.00000000e+00]
  [ 8.19851937e-03  0.00000000e+00  0.00000000e+00]
  ...
  [ 5.20626385e-03  0.00000000e+00  0.00000000e+00]
  [ 5.05081029e-03  0.00000000e+00  0.00000000e+00]
  [ 5.06044606e-03  0.00000000e+00  0.00000000e+00]]

 [[ 8.33918159e-03  0.00000000e+00 -1.00000000e+00]
  [ 8.19851937e-03  0.00000000e+00  0.00000000e+00]
  [ 7.90214477e-03  0.00000000e+00  0.00000000e+00]
  ...
  [ 5.05081029e-03  0.00000000e+00  0.00000000e+00]
  [ 5.06044606e-03  0.00000000e+00  0.00000000e+00]
  [ 5.04905866e-03  0.00000000e+00 -1.00000000e+00]]][1 1 1 ... 0 0 0]
Done.
	Creating sequence for 'bidao'... [[[ 4.05095082e-02  0.00000000e+00  2.52000000e+02]
  [ 3.12196721e-02  0.00000000e+00  6.00000000e+01]
  [ 2.41261257e-02  0.00000000e+00  3.50000000e+01]
  ...
  [ 1.09085100e-02  0.00000000e+00  4.00000000e+00]
  [ 9.97712000e-03  0.00000000e+00 -9.00000000e+00]
  [ 1.01156400e-02  0.00000000e+00  1.00000000e+00]]

 [[ 3.12196721e-02  0.00000000e+00  6.00000000e+01]
  [ 2.41261257e-02  0.00000000e+00  3.50000000e+01]
  [ 2.20256427e-02  0.00000000e+00  1.70000000e+01]
  ...
  [ 9.97712000e-03  0.00000000e+00 -9.00000000e+00]
  [ 1.01156400e-02  0.00000000e+00  1.00000000e+00]
  [ 1.03634100e-02  0.00000000e+00 -6.00000000e+00]]

 [[ 2.41261257e-02  0.00000000e+00  3.50000000e+01]
  [ 2.20256427e-02  0.00000000e+00  1.70000000e+01]
  [ 2.31874696e-02  0.00000000e+00  1.10000000e+01]
  ...
  [ 1.01156400e-02  0.00000000e+00  1.00000000e+00]
  [ 1.03634100e-02  0.00000000e+00 -6.00000000e+00]
  [ 1.01662900e-02  0.00000000e+00 -3.00000000e+00]]

 ...

 [[ 1.49203484e-03  0.00000000e+00 -9.00000000e+00]
  [ 1.47642885e-03  0.00000000e+00 -1.50000000e+01]
  [ 1.34430265e-03  0.00000000e+00  1.00000000e+01]
  ...
  [ 8.47358368e-04  0.00000000e+00 -3.00000000e+00]
  [ 8.98155204e-04  0.00000000e+00  1.00000000e+00]
  [ 1.04737443e-03  0.00000000e+00  8.00000000e+00]]

 [[ 1.47642885e-03  0.00000000e+00 -1.50000000e+01]
  [ 1.34430265e-03  0.00000000e+00  1.00000000e+01]
  [ 1.36499467e-03  0.00000000e+00 -1.60000000e+01]
  ...
  [ 8.98155204e-04  0.00000000e+00  1.00000000e+00]
  [ 1.04737443e-03  0.00000000e+00  8.00000000e+00]
  [ 1.03983885e-03  0.00000000e+00  3.00000000e+00]]

 [[ 1.34430265e-03  0.00000000e+00  1.00000000e+01]
  [ 1.36499467e-03  0.00000000e+00 -1.60000000e+01]
  [ 1.33946011e-03  0.00000000e+00 -2.20000000e+01]
  ...
  [ 1.04737443e-03  0.00000000e+00  8.00000000e+00]
  [ 1.03983885e-03  0.00000000e+00  3.00000000e+00]
  [ 1.03184405e-03  0.00000000e+00 -1.20000000e+01]]][1 1 1 ... 0 0 0]
Done.
	Creating sequence for 'cult-dao'... [[[ 9.0891690e-06  0.0000000e+00 -2.9000000e+01]
  [ 8.5430870e-06  0.0000000e+00 -2.0000000e+01]
  [ 8.3282520e-06  0.0000000e+00 -3.6000000e+01]
  ...
  [ 1.2815187e-05  0.0000000e+00  2.6500000e+02]
  [ 1.1985566e-05  0.0000000e+00  1.6600000e+02]
  [ 1.1025025e-05  0.0000000e+00  1.0400000e+02]]

 [[ 8.5430870e-06  0.0000000e+00 -2.0000000e+01]
  [ 8.3282520e-06  0.0000000e+00 -3.6000000e+01]
  [ 8.3967630e-06  0.0000000e+00 -1.6000000e+01]
  ...
  [ 1.1985566e-05  0.0000000e+00  1.6600000e+02]
  [ 1.1025025e-05  0.0000000e+00  1.0400000e+02]
  [ 1.1391141e-05  0.0000000e+00  6.3000000e+01]]

 [[ 8.3282520e-06  0.0000000e+00 -3.6000000e+01]
  [ 8.3967630e-06  0.0000000e+00 -1.6000000e+01]
  [ 9.2332730e-06  0.0000000e+00 -4.4000000e+01]
  ...
  [ 1.1025025e-05  0.0000000e+00  1.0400000e+02]
  [ 1.1391141e-05  0.0000000e+00  6.3000000e+01]
  [ 1.0135015e-05  0.0000000e+00  1.0400000e+02]]

 ...

 [[ 2.2054350e-06  0.0000000e+00  9.9000000e+01]
  [ 2.1250610e-06  0.0000000e+00 -1.0000000e+02]
  [ 2.0050530e-06  0.0000000e+00 -1.5000000e+01]
  ...
  [ 1.6419650e-06  0.0000000e+00 -5.1000000e+01]
  [ 1.7439060e-06  0.0000000e+00 -1.0000000e+01]
  [ 1.7813900e-06  0.0000000e+00  0.0000000e+00]]

 [[ 2.1250610e-06  0.0000000e+00 -1.0000000e+02]
  [ 2.0050530e-06  0.0000000e+00 -1.5000000e+01]
  [ 2.1747540e-06  0.0000000e+00  8.6000000e+01]
  ...
  [ 1.7439060e-06  0.0000000e+00 -1.0000000e+01]
  [ 1.7813900e-06  0.0000000e+00  0.0000000e+00]
  [ 1.8214330e-06  0.0000000e+00 -6.0000000e+00]]

 [[ 2.0050530e-06  0.0000000e+00 -1.5000000e+01]
  [ 2.1747540e-06  0.0000000e+00  8.6000000e+01]
  [ 2.1725480e-06  0.0000000e+00 -1.6400000e+02]
  ...
  [ 1.7813900e-06  0.0000000e+00  0.0000000e+00]
  [ 1.8214330e-06  0.0000000e+00 -6.0000000e+00]
  [ 1.9106400e-06  0.0000000e+00  4.3000000e+01]]][1 1 1 1 1 1 1 1 1 1 1 1 1 1 1 1 1 1 1 1 1 1 1 1 1 1 1 1 1 1 1 1 1 1 1 1 1
 1 1 1 1 1 1 1 1 1 1 1 1 1 1 1 1 1 1 1 1 1 1 1 1 1 1 1 1 1 1 1 1 1 1 1 1 1
 1 1 1 1 1 1 1 1 1 1 1 1 1 1 1 1 1 1 1 1 1 1 1 1 1 1 1 1 1 1 1 1 1 1 1 1 1
 1 1 1 1 1 1 1 1 1 1 1 1 1 1 1 1 1 1 1 1 1 1 1 1 1 1 1 1 1 1 1 1 1 1 1 1 1
 1 1 1 1 1 1 1 1 1 1 1 1 1 1 1 1 1 1 1 1 1 1 1 1 1 1 1 1 1 1 1 1 1 1 1 1 1
 1 1 1 1 1 1 1 1 1 1 1 1 1 1 1 1 1 1 1 1 1 1 1 1 1 1 1 1 1 1 1 1 1 1 1 1 1
 1 1 1 1 1 1 1 1 1 1 1 1 1 1 1 1 1 1 1 1 1 1 1 1 1 1 1 1 1 1 1 1 1 1 1 1 1
 1 1 1 1 1 1 1 1 1 1 1 1 1 1 1 1 1 1 1 1 1 1 1 1 1 1 1 1 1 1 1 1 1 1 1 1 1
 1 1 1 1 1 1 1 1 1 1 1 1 1 1 1 1 1 1 1 1 1 1 1 1 1 1 1 1 1 1 1 1 1 1 1 1 1
 1 1 1 1 1 1 1 1 1 1 1 1 1 1 1 1 1 1 1 1 1 1 1 1 1 1 1 1 1 1 1 1 1 1 1 1 1
 1 1 1 1 1 1 1 1 1 1 1 1 1 1 1 1 1 1 1 1 1 1 1 1 1 1 1 1 1 1 1 1 1 1 1 1 1
 1 1 1 1 1 1 1 1 1 1 1 1 1 1 1 1 1 1 1 1 1 1 1 1 1 1 1 1 1 1 1 1 1 1 1 1 1
 1 1 1 1 1 1 1 1 1 1 1 1 1 1 1 1 1 1 1 1 1 1 1 1 1 1 1 1 1 1 1 1 1 1 1 1 1
 1 1 1 1 1 1 1 1 1 1 1 1 1 1 1 1 1 1 1 1 1 1 1 1 1 1 1 1 1 1 1 1 1 1 1 1 1
 1 1 1 1 1 1 1 1 1 1 1 1 1 1 1 1 1 1 1 1 1 1 1 1 1 1 1 1 1 1 1 1 1 1 1 1 1
 1 1 1 1 1 1 1 1 1 1 1 1 1 1 1 1 1 1 1 1 1 1 1 1 1 1 1 1 1 1 1 1 1 1 1 1 1
 1 1 1 1 1 1 1 1 1 1 1 1 1 1 1 1 1 1 1 1 1 1 1 1 1 1 1 1 1 1 1 1 1 1 1 1 1
 1 1 1 1 1 1 1 1 1 1 1 1 1 1 1 1 1 1 1 1 1 1 1 1 1 1 1 1 1 1 1 1 1 1 1 1 1
 1 1 1 1 1 1 1 1 1 1 1 1 1 1 1 1 1 1 1 1 1 1 1 1 1 1 1 1 1 1 1 1 1 1 1 1 1
 1 1 0 0 0 0 0 0 0 0 0 0 0 0 0 0 0 0 0 0 0 0 0 0 0 0 0 0 0 0 0]
Done.
	Creating sequence for 'blocknet'... [[[ 1.72639000e+01  6.00000000e+00  6.00000000e+00]
  [ 1.73353000e+01  1.00000000e+01  1.56000000e+02]
  [ 2.09253000e+01  3.20000000e+01  5.50000000e+01]
  ...
  [ 1.89750000e+01  1.50000000e+01  4.00000000e+01]
  [ 1.93208000e+01  1.30000000e+01  5.90000000e+01]
  [ 2.29587000e+01  1.10000000e+01  3.70000000e+01]]

 [[ 1.73353000e+01  1.00000000e+01  1.56000000e+02]
  [ 2.09253000e+01  3.20000000e+01  5.50000000e+01]
  [ 1.92652000e+01  7.00000000e+00  9.20000000e+01]
  ...
  [ 1.93208000e+01  1.30000000e+01  5.90000000e+01]
  [ 2.29587000e+01  1.10000000e+01  3.70000000e+01]
  [ 2.25319000e+01  3.20000000e+01  6.80000000e+01]]

 [[ 2.09253000e+01  3.20000000e+01  5.50000000e+01]
  [ 1.92652000e+01  7.00000000e+00  9.20000000e+01]
  [ 1.77869000e+01  7.00000000e+00  4.00000000e+01]
  ...
  [ 2.29587000e+01  1.10000000e+01  3.70000000e+01]
  [ 2.25319000e+01  3.20000000e+01  6.80000000e+01]
  [ 2.48671000e+01  1.00000000e+00  2.10000000e+01]]

 ...

 [[ 2.10981110e-02  0.00000000e+00 -2.20000000e+01]
  [ 2.09293075e-02  0.00000000e+00 -1.20000000e+01]
  [ 2.10341898e-02  0.00000000e+00 -7.00000000e+00]
  ...
  [ 1.20624807e-02  0.00000000e+00 -6.00000000e+00]
  [ 1.25937787e-02  0.00000000e+00 -3.00000000e+00]
  [ 1.26247963e-02  0.00000000e+00  5.00000000e+00]]

 [[ 2.09293075e-02  0.00000000e+00 -1.20000000e+01]
  [ 2.10341898e-02  0.00000000e+00 -7.00000000e+00]
  [ 2.17298378e-02  0.00000000e+00  3.00000000e+00]
  ...
  [ 1.25937787e-02  0.00000000e+00 -3.00000000e+00]
  [ 1.26247963e-02  0.00000000e+00  5.00000000e+00]
  [ 1.26935439e-02  0.00000000e+00  9.00000000e+00]]

 [[ 2.10341898e-02  0.00000000e+00 -7.00000000e+00]
  [ 2.17298378e-02  0.00000000e+00  3.00000000e+00]
  [ 2.10934672e-02  0.00000000e+00 -1.90000000e+01]
  ...
  [ 1.26247963e-02  0.00000000e+00  5.00000000e+00]
  [ 1.26935439e-02  0.00000000e+00  9.00000000e+00]
  [ 1.27810840e-02  0.00000000e+00 -4.00000000e+00]]][1 1 1 ... 1 1 1]
Done.
	Creating sequence for 'acala'... [[[ 1.56795924e+00  8.40000000e+01  5.64000000e+02]
  [ 1.61597310e+00  6.30000000e+01  5.29000000e+02]
  [ 1.62400682e+00  4.70000000e+01  3.54000000e+02]
  ...
  [ 1.18755966e+00  6.10000000e+01  2.56000000e+02]
  [ 1.20086276e+00  3.00000000e+00  2.06000000e+02]
  [ 1.23977525e+00  1.10000000e+01  1.23000000e+02]]

 [[ 1.61597310e+00  6.30000000e+01  5.29000000e+02]
  [ 1.62400682e+00  4.70000000e+01  3.54000000e+02]
  [ 1.53755526e+00  3.00000000e+01  1.81000000e+02]
  ...
  [ 1.20086276e+00  3.00000000e+00  2.06000000e+02]
  [ 1.23977525e+00  1.10000000e+01  1.23000000e+02]
  [ 1.23928627e+00  7.10000000e+01  1.91000000e+02]]

 [[ 1.62400682e+00  4.70000000e+01  3.54000000e+02]
  [ 1.53755526e+00  3.00000000e+01  1.81000000e+02]
  [ 1.46912039e+00  3.50000000e+01  4.38000000e+02]
  ...
  [ 1.23977525e+00  1.10000000e+01  1.23000000e+02]
  [ 1.23928627e+00  7.10000000e+01  1.91000000e+02]
  [ 1.28123073e+00  1.04000000e+02  1.83000000e+02]]

 ...

 [[ 6.70593576e-02  1.60000000e+01 -5.40000000e+01]
  [ 6.64152238e-02  1.00000000e+00  1.09000000e+02]
  [ 7.07707476e-02  0.00000000e+00  6.70000000e+01]
  ...
  [ 6.32694673e-02  6.00000000e+00 -4.00000000e+00]
  [ 6.42688341e-02  0.00000000e+00 -1.20000000e+01]
  [ 6.60162801e-02  4.00000000e+00  1.50000000e+02]]

 [[ 6.64152238e-02  1.00000000e+00  1.09000000e+02]
  [ 7.07707476e-02  0.00000000e+00  6.70000000e+01]
  [ 7.05357065e-02  3.00000000e+00 -5.49000000e+02]
  ...
  [ 6.42688341e-02  0.00000000e+00 -1.20000000e+01]
  [ 6.60162801e-02  4.00000000e+00  1.50000000e+02]
  [ 6.31194844e-02  0.00000000e+00  7.20000000e+01]]

 [[ 7.07707476e-02  0.00000000e+00  6.70000000e+01]
  [ 7.05357065e-02  3.00000000e+00 -5.49000000e+02]
  [ 6.99622634e-02  0.00000000e+00 -1.43000000e+02]
  ...
  [ 6.60162801e-02  4.00000000e+00  1.50000000e+02]
  [ 6.31194844e-02  0.00000000e+00  7.20000000e+01]
  [ 6.95000793e-02  5.00000000e+00  1.17000000e+02]]][1 1 1 1 1 1 1 1 1 1 1 1 1 1 1 1 1 1 1 1 1 1 1 1 1 1 1 1 1 1 1 1 1 1 1 1 1
 1 1 1 1 1 1 1 1 1 1 1 1 1 1 1 1 1 1 1 1 1 1 1 1 1 1 1 1 1 1 1 1 1 1 1 1 1
 1 1 1 1 1 1 1 1 1 1 1 1 1 1 1 1 1 1 1 1 1 1 1 1 1 1 1 1 1 1 1 1 1 1 1 1 1
 1 1 1 1 1 1 1 1 1 1 1 1 1 1 1 1 1 1 1 1 1 1 1 1 1 1 1 1 1 1 1 1 1 1 1 1 1
 1 1 1 1 1 1 1 1 1 1 1 1 1 1 1 1 1 1 1 1 1 1 1 1 1 1 1 1 1 1 1 1 1 1 1 1 1
 1 1 1 1 1 1 1 1 1 1 1 1 1 1 1 1 1 1 1 1 1 1 1 1 1 1 1 1 1 1 1 1 1 1 1 1 1
 1 1 1 1 1 1 1 1 1 1 1 1 1 1 1 1 1 1 1 1 1 1 1 1 1 1 1 1 1 1 1 1 1 1 1 1 1
 1 1 1 1 1 1 1 1 1 1 1 1 1 1 1 1 1 1 1 1 1 1 1 1 1 1 1 1 1 1 1 1 1 1 1 1 1
 1 1 1 1 1 1 1 1 1 1 1 1 1 1 1 1 1 1 1 1 1 1 1 1 1 1 1 1 1 1 1 1 1 1 1 1 1
 1 1 1 1 1 1 1 1 1 1 1 1 1 1 1 1 1 1 1 1 1 1 1 1 1 1 1 1 1 1 1 1 1 1 1 1 1
 1 1 1 1 1 1 1 1 1 1 1 1 1 1 1 1 1 1 1 1 1 1 1 1 1 1 1 1 1 1 1 1 1 1 1 1 1
 1 1 1 1 1 1 1 1 1 1 1 1 1 1 1 1 1 1 1 1 1 1 1 1 1 1 1 1 1 1 1 1 1 1 1 1 1
 1 1 1 1 1 1 1 1 1 1 1 1 1 1 1 1 1 1 1 1 1 1 1 1 1 1 1 1 1 1 1 1 1 1 1 1 1
 1 1 1 1 1 1 1 1 1 1 1 1 1 1 1 1 1 1 1 1 1 1 1 1 1 1 1 1 1 1 1 1 1 1 1 1 1
 1 1 1 1 1 1 1 1 1 1 1 1 1 1 1 1 1 1 1 1 1 1 1 1 1 1 1 1 1 1 1 1 1 1 1 1 1
 1 1 1 1 1 1 1 1 1 1 1 1 1 1 1 1 1 1 1 1 1 1 1 1 1 1 1 1 1 1 1 1 1 1 1 1 1
 1 1 1 1 1 1 1 1 1 1 1 1 1 1 1 1 1 1 1 1 1 1 1 1 1 1 1 1 1 1 1 1 1 1 1 1 1
 1 1 1 1 1 1 1 1 1 1 1 1 1 1 1 1 1 1 1 1 1 1 1 1 1 1 1 1 1 1 1 1 1 1 1 1 1
 1 1 1 1 1 1 1 1 1 1 1 1 1 1 1 1 1 1 1 1 1 1 1 1 1 1 1 1 1 1 1 1 1 1 1 1 1
 1 1 1 1 1 1 1 1 1 1 1 1 1 1 1 1 1 1 1 1 1 1 1 1 1 1 1 1 1 1 1 1 1 1 1 1 1
 1 1 1 1 1 1 1 1 1 1 1 1 1 1 1 1 1 1 1 1 1 1 1 1 1 1 1 1 1 1 1 1 1 1 1 1 1
 1 1 1 1 1 1 1 1 1 1 1 1 1 1 1 1 1 1 1 1 1 1 1 1 1 1 1 1 1 1 1 1 1 1 1 1 1
 1 1 1 1 1 1 1 1 1 1 1 1 1 1 1 1 1 1 1 1 1 1 1 1 1 1 1 1 1 1 1 1 1 1 1 1 1
 1 1 1 1 1 1 1 1 1 1 1 1 1 1 1 1 1 1 1 1 1 1 1 1 1 1 1 1 1]
Done.
	Creating sequence for 'alchemist'... [[[152.68180218  88.         197.        ]
  [156.15474286  77.         127.        ]
  [146.70418495  51.          68.        ]
  ...
  [ 53.24965519  47.          23.        ]
  [ 52.71770013  45.          19.        ]
  [ 54.68741082  31.          17.        ]]

 [[156.15474286  77.         127.        ]
  [146.70418495  51.          68.        ]
  [131.18320481  62.          97.        ]
  ...
  [ 52.71770013  45.          19.        ]
  [ 54.68741082  31.          17.        ]
  [ 54.80412605  42.          24.        ]]

 [[146.70418495  51.          68.        ]
  [131.18320481  62.          97.        ]
  [129.50342667  38.          61.        ]
  ...
  [ 54.68741082  31.          17.        ]
  [ 54.80412605  42.          24.        ]
  [ 54.10955295  47.          13.        ]]

 ...

 [[  0.94549208   0.         -22.        ]
  [  0.94321973   0.          -8.        ]
  [  0.94321973   0.           1.        ]
  ...
  [  0.59186617   0.         -17.        ]
  [  0.59186617   0.          -1.        ]
  [  0.59186617   0.          -1.        ]]

 [[  0.94321973   0.          -8.        ]
  [  0.94321973   0.           1.        ]
  [  0.94321973   0.           0.        ]
  ...
  [  0.59186617   0.          -1.        ]
  [  0.59186617   0.          -1.        ]
  [  0.6591594    0.          -4.        ]]

 [[  0.94321973   0.           1.        ]
  [  0.94321973   0.           0.        ]
  [  0.86672407   0.         -17.        ]
  ...
  [  0.59186617   0.          -1.        ]
  [  0.6591594    0.          -4.        ]
  [  0.65813341   0.          -2.        ]]][1 1 1 ... 0 0 0]
Done.
	Creating sequence for '0x'... [[[ 1.36485000e+00  0.00000000e+00  8.42000000e+02]
  [ 1.36357000e+00  0.00000000e+00  1.07000000e+03]
  [ 1.91458000e+00  1.00000000e+00  9.49000000e+02]
  ...
  [ 9.21463000e-01  3.30000000e+01  3.26000000e+02]
  [ 8.87579000e-01  3.40000000e+01  2.99000000e+02]
  [ 7.84441000e-01  4.60000000e+01  3.05000000e+02]]

 [[ 1.36357000e+00  0.00000000e+00  1.07000000e+03]
  [ 1.91458000e+00  1.00000000e+00  9.49000000e+02]
  [ 2.16872000e+00  2.00000000e+01  1.36100000e+03]
  ...
  [ 8.87579000e-01  3.40000000e+01  2.99000000e+02]
  [ 7.84441000e-01  4.60000000e+01  3.05000000e+02]
  [ 6.96557000e-01  5.00000000e+01  2.75000000e+02]]

 [[ 1.91458000e+00  1.00000000e+00  9.49000000e+02]
  [ 2.16872000e+00  2.00000000e+01  1.36100000e+03]
  [ 2.14840000e+00  3.30000000e+01  2.04300000e+03]
  ...
  [ 7.84441000e-01  4.60000000e+01  3.05000000e+02]
  [ 6.96557000e-01  5.00000000e+01  2.75000000e+02]
  [ 6.41815000e-01  7.00000000e+01  2.83000000e+02]]

 ...

 [[ 3.61421570e-01  2.00000000e+00  8.40000000e+01]
  [ 3.52326743e-01  1.40000000e+01  3.70000000e+01]
  [ 3.93332087e-01  0.00000000e+00  3.00000000e+01]
  ...
  [ 3.14233788e-01  4.00000000e+00  1.70000000e+01]
  [ 3.26775803e-01  1.40000000e+01  7.00000000e+01]
  [ 3.44207307e-01  2.00000000e+00  6.40000000e+01]]

 [[ 3.52326743e-01  1.40000000e+01  3.70000000e+01]
  [ 3.93332087e-01  0.00000000e+00  3.00000000e+01]
  [ 3.84353876e-01  0.00000000e+00 -2.91000000e+02]
  ...
  [ 3.26775803e-01  1.40000000e+01  7.00000000e+01]
  [ 3.44207307e-01  2.00000000e+00  6.40000000e+01]
  [ 3.24096377e-01  6.00000000e+00 -5.40000000e+01]]

 [[ 3.93332087e-01  0.00000000e+00  3.00000000e+01]
  [ 3.84353876e-01  0.00000000e+00 -2.91000000e+02]
  [ 3.75171151e-01  0.00000000e+00 -5.10000000e+01]
  ...
  [ 3.44207307e-01  2.00000000e+00  6.40000000e+01]
  [ 3.24096377e-01  6.00000000e+00 -5.40000000e+01]
  [ 3.33194135e-01  2.10000000e+01  1.07000000e+02]]][1 1 1 ... 1 1 1]
Done.
	Creating sequence for 'convex-finance'... [[[ 20.1330557    0.         335.        ]
  [ 17.19012539   1.         504.        ]
  [ 13.12404389   0.         365.        ]
  ...
  [  3.72214119   3.           8.        ]
  [  3.53515651   0.          18.        ]
  [  3.38258453   0.          26.        ]]

 [[ 17.19012539   1.         504.        ]
  [ 13.12404389   0.         365.        ]
  [ 10.56453577   0.         200.        ]
  ...
  [  3.53515651   0.          18.        ]
  [  3.38258453   0.          26.        ]
  [  3.2451519    0.          19.        ]]

 [[ 13.12404389   0.         365.        ]
  [ 10.56453577   0.         200.        ]
  [  7.87249728   3.         263.        ]
  ...
  [  3.38258453   0.          26.        ]
  [  3.2451519    0.          19.        ]
  [  3.11986066   0.          38.        ]]

 ...

 [[  3.01558548   0.         -26.        ]
  [  2.85534281   2.          48.        ]
  [  2.83874214   0.           6.        ]
  ...
  [  2.04387308   0.          -8.        ]
  [  2.06178631   0.          -4.        ]
  [  2.23713296   0.           8.        ]]

 [[  2.85534281   2.          48.        ]
  [  2.83874214   0.           6.        ]
  [  2.8192422    0.         -23.        ]
  ...
  [  2.06178631   0.          -4.        ]
  [  2.23713296   0.           8.        ]
  [  2.24007862   0.          23.        ]]

 [[  2.83874214   0.           6.        ]
  [  2.8192422    0.         -23.        ]
  [  3.00369663   0.         -47.        ]
  ...
  [  2.23713296   0.           8.        ]
  [  2.24007862   0.          23.        ]
  [  2.15544797   0.           0.        ]]][1 1 1 ... 1 1 1]
Done.
	Creating sequence for 'alchemy-pay'... [[[ 2.73137400e-02  0.00000000e+00  1.00000000e+00]
  [ 2.56391800e-02  0.00000000e+00  7.00000000e+00]
  [ 2.59565500e-02  0.00000000e+00 -1.00000000e+00]
  ...
  [ 8.83502000e-03  0.00000000e+00 -3.00000000e+00]
  [ 9.10509000e-03  0.00000000e+00 -5.00000000e+00]
  [ 9.00663000e-03  0.00000000e+00  1.00000000e+00]]

 [[ 2.56391800e-02  0.00000000e+00  7.00000000e+00]
  [ 2.59565500e-02  0.00000000e+00 -1.00000000e+00]
  [ 2.50071700e-02  0.00000000e+00  1.10000000e+01]
  ...
  [ 9.10509000e-03  0.00000000e+00 -5.00000000e+00]
  [ 9.00663000e-03  0.00000000e+00  1.00000000e+00]
  [ 9.24328000e-03  0.00000000e+00  0.00000000e+00]]

 [[ 2.59565500e-02  0.00000000e+00 -1.00000000e+00]
  [ 2.50071700e-02  0.00000000e+00  1.10000000e+01]
  [ 2.33513300e-02  0.00000000e+00  4.00000000e+00]
  ...
  [ 9.00663000e-03  0.00000000e+00  1.00000000e+00]
  [ 9.24328000e-03  0.00000000e+00  0.00000000e+00]
  [ 9.18479000e-03  0.00000000e+00  2.00000000e+00]]

 ...

 [[ 2.37286554e-02  0.00000000e+00  1.23300000e+03]
  [ 2.45850900e-02  0.00000000e+00 -1.21900000e+03]
  [ 2.45283184e-02  0.00000000e+00  2.53300000e+03]
  ...
  [ 1.92940181e-02  0.00000000e+00  9.56000000e+02]
  [ 1.98481481e-02  0.00000000e+00  1.06200000e+03]
  [ 2.00483499e-02  0.00000000e+00 -6.70000000e+02]]

 [[ 2.45850900e-02  0.00000000e+00 -1.21900000e+03]
  [ 2.45283184e-02  0.00000000e+00  2.53300000e+03]
  [ 2.55849277e-02  0.00000000e+00  5.65000000e+02]
  ...
  [ 1.98481481e-02  0.00000000e+00  1.06200000e+03]
  [ 2.00483499e-02  0.00000000e+00 -6.70000000e+02]
  [ 2.02867609e-02  0.00000000e+00  3.21400000e+03]]

 [[ 2.45283184e-02  0.00000000e+00  2.53300000e+03]
  [ 2.55849277e-02  0.00000000e+00  5.65000000e+02]
  [ 2.50115359e-02  0.00000000e+00 -9.50000000e+02]
  ...
  [ 2.00483499e-02  0.00000000e+00 -6.70000000e+02]
  [ 2.02867609e-02  0.00000000e+00  3.21400000e+03]
  [ 1.95713380e-02  0.00000000e+00  3.20000000e+02]]][1 1 1 ... 1 1 1]
Done.
