


--------------------------------------------------
Starting lstm.py at '2024-10-23 16:29:43.789697'.
Reading '../classifiedDAOs.json'... Done.
Total training Data: 1578
DAOs trained so far:26
Size of training set: 1078
Size of test set: 474
Preparing data for training...
Preparing data for testing...
Parameters:
	Num epochs: 60
	Initial learning rate: 0.001
	Patience: 12
	Window size: 60
	Timeseries splits: 3
	Minimum number of timeseries datapoints: 64
Gradient boosting params: 
	{"max_depth": 3, "learning_rate": 0.05, "n_estimators": 100, "objective": "binary:logistic", "eval_metric": "logloss"}
	Creating sequence for 'waykichain-governance-coin'... Training group 0, split 1
	Y Train Labels:(array([1.], dtype=float32), array([363]))
	Y Val Labels:(array([1.], dtype=float32), array([360]))
Training group 0, split 2
	Y Train Labels:(array([1.], dtype=float32), array([723]))
	Y Val Labels:(array([1.], dtype=float32), array([360]))
Training group 0, split 3
	Y Train Labels:(array([1.], dtype=float32), array([1083]))
	Y Val Labels:(array([1.], dtype=float32), array([360]))
Done.
	Creating sequence for 'finblox'... Training group 1, split 1
	Y Train Labels:(array([1.], dtype=float32), array([111]))
	Y Val Labels:(array([1.], dtype=float32), array([108]))
Training group 1, split 2
	Early stopping at epoch 13
	Y Train Labels:(array([1.], dtype=float32), array([219]))
	Y Val Labels:(array([0., 1.], dtype=float32), array([60, 48]))
Training group 1, split 3
	Early stopping at epoch 37
	Y Train Labels:(array([0., 1.], dtype=float32), array([ 60, 267]))
	Y Val Labels:(array([0.], dtype=float32), array([108]))
Done.
	Creating sequence for 'binemon'... Training group 2, split 1
	Y Train Labels:(array([1.], dtype=float32), array([90]))
	Y Val Labels:(array([1.], dtype=float32), array([87]))
Training group 2, split 2
	Y Train Labels:(array([1.], dtype=float32), array([177]))
	Y Val Labels:(array([1.], dtype=float32), array([87]))
Training group 2, split 3
	Early stopping at epoch 13
	Y Train Labels:(array([1.], dtype=float32), array([264]))
	Y Val Labels:(array([0., 1.], dtype=float32), array([ 3, 84]))
Done.
	Creating sequence for 'aave-usdc'... Skipped.
	Creating sequence for 'izumi-finance'... Training group 3, split 1
	Early stopping at epoch 13
	Y Train Labels:(array([1.], dtype=float32), array([115]))
	Y Val Labels:(array([0.], dtype=float32), array([114]))
Training group 3, split 2
	Early stopping at epoch 29
	Y Train Labels:(array([0., 1.], dtype=float32), array([114, 115]))
	Y Val Labels:(array([0.], dtype=float32), array([114]))
Training group 3, split 3
	Early stopping at epoch 29
	Y Train Labels:(array([0., 1.], dtype=float32), array([228, 115]))
	Y Val Labels:(array([0.], dtype=float32), array([114]))
Done.
	Creating sequence for 'don-key'... Training group 4, split 1
	Y Train Labels:(array([1.], dtype=float32), array([136]))
	Y Val Labels:(array([1.], dtype=float32), array([133]))
Training group 4, split 2
	Early stopping at epoch 13
	Y Train Labels:(array([1.], dtype=float32), array([269]))
	Y Val Labels:(array([0., 1.], dtype=float32), array([103,  30]))
Training group 4, split 3
	Early stopping at epoch 58
	Y Train Labels:(array([0., 1.], dtype=float32), array([103, 299]))
	Y Val Labels:(array([0.], dtype=float32), array([133]))
Done.
	Creating sequence for 'passage'... Training group 5, split 1
	Y Train Labels:(array([1.], dtype=float32), array([80]))
	Y Val Labels:(array([1.], dtype=float32), array([79]))
Training group 5, split 2
	Early stopping at epoch 13
	Y Train Labels:(array([1.], dtype=float32), array([159]))
	Y Val Labels:(array([0., 1.], dtype=float32), array([19, 60]))
Training group 5, split 3
	Y Train Labels:(array([0., 1.], dtype=float32), array([ 19, 219]))
	Y Val Labels:(array([0.], dtype=float32), array([79]))
Done.
	Creating sequence for 'kava'... Training group 6, split 1
	Y Train Labels:(array([1.], dtype=float32), array([430]))
	Y Val Labels:(array([1.], dtype=float32), array([428]))
Training group 6, split 2
	Y Train Labels:(array([1.], dtype=float32), array([858]))
	Y Val Labels:(array([1.], dtype=float32), array([428]))
Training group 6, split 3
	Y Train Labels:(array([1.], dtype=float32), array([1286]))
	Y Val Labels:(array([1.], dtype=float32), array([428]))
Done.
	Creating sequence for 'frax'... Training group 7, split 1
	Y Train Labels:(array([1.], dtype=float32), array([303]))
	Y Val Labels:(array([1.], dtype=float32), array([301]))
Training group 7, split 2
	Y Train Labels:(array([1.], dtype=float32), array([604]))
	Y Val Labels:(array([1.], dtype=float32), array([301]))
Training group 7, split 3
