


--------------------------------------------------
Starting lstm.py at '2024-10-23 18:48:45.096687'.
Reading '../classifiedDAOs.json'... Done.
Total training Data: 1578
DAOs trained so far:259
Size of training set: 845
Size of test set: 474
Preparing data for training...
Preparing data for testing...
Parameters:
	Num epochs: 60
	Initial learning rate: 0.001
	Patience: 12
	Window size: 60
	Timeseries splits: 3
	Minimum number of timeseries datapoints: 64
Gradient boosting params: 
	{"max_depth": 3, "learning_rate": 0.05, "n_estimators": 100, "objective": "binary:logistic", "eval_metric": "logloss"}
	Creating sequence for 'thorstarter'... Training group 0, split 1
	Early stopping at epoch 33
	Y Train Labels:(array([0., 1.], dtype=float32), array([ 34, 246]))
	Y Val Labels:(array([0.], dtype=float32), array([280]))
Training group 0, split 2
	Early stopping at epoch 32
	Y Train Labels:(array([0., 1.], dtype=float32), array([314, 246]))
	Y Val Labels:(array([0.], dtype=float32), array([280]))
Training group 0, split 3
	Y Train Labels:(array([0., 1.], dtype=float32), array([594, 246]))
	Y Val Labels:(array([0.], dtype=float32), array([280]))
Done.
	Creating sequence for 'magiccraft'... Training group 1, split 1
	Early stopping at epoch 13
	Y Train Labels:(array([0., 1.], dtype=float32), array([ 11, 228]))
	Y Val Labels:(array([0.], dtype=float32), array([237]))
Training group 1, split 2
	Early stopping at epoch 24
	Y Train Labels:(array([0., 1.], dtype=float32), array([248, 228]))
	Y Val Labels:(array([0.], dtype=float32), array([237]))
Training group 1, split 3
	Early stopping at epoch 30
	Y Train Labels:(array([0., 1.], dtype=float32), array([485, 228]))
	Y Val Labels:(array([0.], dtype=float32), array([237]))
Done.
	Creating sequence for 'on-chain-dynamics'... Training group 2, split 1
	Y Train Labels:(array([1.], dtype=float32), array([81]))
	Y Val Labels:(array([1.], dtype=float32), array([78]))
Training group 2, split 2
	Early stopping at epoch 13
	Y Train Labels:(array([1.], dtype=float32), array([159]))
	Y Val Labels:(array([0., 1.], dtype=float32), array([64, 14]))
Training group 2, split 3
	Early stopping at epoch 43
	Y Train Labels:(array([0., 1.], dtype=float32), array([ 64, 173]))
	Y Val Labels:(array([0.], dtype=float32), array([78]))
Done.
	Creating sequence for 'solrise-finance'... Training group 3, split 1
	Early stopping at epoch 32
	Y Train Labels:(array([0., 1.], dtype=float32), array([135, 122]))
	Y Val Labels:(array([0.], dtype=float32), array([257]))
Training group 3, split 2
	Y Train Labels:(array([0., 1.], dtype=float32), array([392, 122]))
	Y Val Labels:(array([0.], dtype=float32), array([257]))
Training group 3, split 3
	Y Train Labels:(array([0., 1.], dtype=float32), array([649, 122]))
	Y Val Labels:(array([0.], dtype=float32), array([257]))
Done.
	Creating sequence for 'tron'... Training group 4, split 1
	Y Train Labels:(array([1.], dtype=float32), array([226]))
	Y Val Labels:(array([1.], dtype=float32), array([224]))
Training group 4, split 2
	Y Train Labels:(array([1.], dtype=float32), array([450]))
	Y Val Labels:(array([1.], dtype=float32), array([224]))
Training group 4, split 3
	Y Train Labels:(array([1.], dtype=float32), array([674]))
	Y Val Labels:(array([1.], dtype=float32), array([224]))
Done.
	Creating sequence for 'bnsd-finance'... Training group 5, split 1
	Y Train Labels:(array([1.], dtype=float32), array([326]))
	Y Val Labels:(array([1.], dtype=float32), array([323]))
Training group 5, split 2
	Early stopping at epoch 13
	Y Train Labels:(array([1.], dtype=float32), array([649]))
	Y Val Labels:(array([0., 1.], dtype=float32), array([126, 197]))
Training group 5, split 3
	Early stopping at epoch 21
	Y Train Labels:(array([0., 1.], dtype=float32), array([126, 846]))
	Y Val Labels:(array([0.], dtype=float32), array([323]))
Done.
	Creating sequence for 'catcoin'... Training group 6, split 1
	Y Train Labels:(array([1.], dtype=float32), array([207]))
	Y Val Labels:(array([1.], dtype=float32), array([204]))
Training group 6, split 2
	Y Train Labels:(array([1.], dtype=float32), array([411]))
	Y Val Labels:(array([1.], dtype=float32), array([204]))
Training group 6, split 3
	Y Train Labels:(array([1.], dtype=float32), array([615]))
	Y Val Labels:(array([1.], dtype=float32), array([204]))
Done.
	Creating sequence for 'ethpad'... Training group 7, split 1
	Early stopping at epoch 13
	Y Train Labels:(array([1.], dtype=float32), array([274]))
	Y Val Labels:(array([0., 1.], dtype=float32), array([ 34, 237]))
Training group 7, split 2
	Y Train Labels:(array([0., 1.], dtype=float32), array([ 34, 511]))
	Y Val Labels:(array([0.], dtype=float32), array([271]))
Training group 7, split 3
