


--------------------------------------------------
Starting lstm.py at '2024-10-25 16:45:20.087108'.
Reading './balancedDataset.json'... Done.
Total training Data: 1030
DAOs trained so far:175
Size of training set: 546
Size of test set: 309
Preparing data for training...
Preparing data for testing...
Parameters:
	Num epochs: 60
	Initial learning rate: 0.001
	Patience: 12
	Window size: 60
	Timeseries splits: 3
	Minimum number of timeseries datapoints: 64
Gradient boosting params: 
	{"max_depth": 3, "learning_rate": 0.05, "n_estimators": 100, "objective": "binary:logistic", "eval_metric": "logloss"}
	Creating sequence for 'electra'... Training group 0, split 1
	Early stopping at epoch 13
	Y Train Labels:(array([1.], dtype=float32), array([378]))
	Y Val Labels:(array([1.], dtype=float32), array([378]))
Training group 0, split 2
	Early stopping at epoch 13
	Y Train Labels:(array([1.], dtype=float32), array([756]))
	Y Val Labels:(array([1.], dtype=float32), array([378]))
Training group 0, split 3
	Early stopping at epoch 13
	Y Train Labels:(array([1.], dtype=float32), array([1134]))
	Y Val Labels:(array([0., 1.], dtype=float32), array([340,  38]))
Done.
	Creating sequence for 'origintrail'... Training group 1, split 1
	Early stopping at epoch 13
	Y Train Labels:(array([1.], dtype=float32), array([583]))
	Y Val Labels:(array([1.], dtype=float32), array([582]))
Training group 1, split 2
	Early stopping at epoch 13
	Y Train Labels:(array([1.], dtype=float32), array([1165]))
	Y Val Labels:(array([1.], dtype=float32), array([582]))
Training group 1, split 3
	Early stopping at epoch 13
	Y Train Labels:(array([1.], dtype=float32), array([1747]))
	Y Val Labels:(array([1.], dtype=float32), array([582]))
Done.
	Creating sequence for 'hillstone'... Training group 2, split 1
	Early stopping at epoch 13
	Y Train Labels:(array([1.], dtype=float32), array([143]))
	Y Val Labels:(array([0., 1.], dtype=float32), array([ 12, 128]))
Training group 2, split 2
	Early stopping at epoch 13
	Y Train Labels:(array([0., 1.], dtype=float32), array([ 12, 271]))
	Y Val Labels:(array([0.], dtype=float32), array([140]))
Training group 2, split 3
	Early stopping at epoch 13
	Y Train Labels:(array([0., 1.], dtype=float32), array([152, 271]))
	Y Val Labels:(array([0.], dtype=float32), array([140]))
Done.
	Creating sequence for 'frax-share'... Training group 3, split 1
	Early stopping at epoch 13
	Y Train Labels:(array([1.], dtype=float32), array([315]))
	Y Val Labels:(array([1.], dtype=float32), array([315]))
Training group 3, split 2
	Early stopping at epoch 13
	Y Train Labels:(array([1.], dtype=float32), array([630]))
	Y Val Labels:(array([1.], dtype=float32), array([315]))
Training group 3, split 3
