


--------------------------------------------------
Starting lstm.py at '2024-10-23 21:11:55.986150'.
Reading '../classifiedDAOs.json'... Done.
Total training Data: 1578
DAOs trained so far:1060
Size of training set: 44
Size of test set: 474
Preparing data for training...
Preparing data for testing...
Parameters:
	Num epochs: 60
	Initial learning rate: 0.001
	Patience: 12
	Window size: 60
	Timeseries splits: 3
	Minimum number of timeseries datapoints: 64
Gradient boosting params: 
	{"max_depth": 3, "learning_rate": 0.05, "n_estimators": 100, "objective": "binary:logistic", "eval_metric": "logloss"}
	Creating sequence for 'beyond-finance'... Training group 0, split 1
	Early stopping at epoch 31
	Y Train Labels:(array([0., 1.], dtype=float32), array([ 97, 203]))
	Y Val Labels:(array([0.], dtype=float32), array([300]))
Training group 0, split 2
	Early stopping at epoch 27
	Y Train Labels:(array([0., 1.], dtype=float32), array([397, 203]))
	Y Val Labels:(array([0.], dtype=float32), array([300]))
Training group 0, split 3
	Early stopping at epoch 27
	Y Train Labels:(array([0., 1.], dtype=float32), array([697, 203]))
	Y Val Labels:(array([0.], dtype=float32), array([300]))
Done.
	Creating sequence for 'step-hero'... Skipped.
	Creating sequence for 'fasttoken'... 00
Done.
	Creating sequence for 'zmine'... Training group 2, split 1
	Early stopping at epoch 26
	Y Train Labels:(array([1.], dtype=float32), array([375]))
	Y Val Labels:(array([1.], dtype=float32), array([375]))
Training group 2, split 2
	Early stopping at epoch 31
	Y Train Labels:(array([1.], dtype=float32), array([750]))
	Y Val Labels:(array([1.], dtype=float32), array([375]))
Training group 2, split 3
	Y Train Labels:(array([1.], dtype=float32), array([1125]))
	Y Val Labels:(array([1.], dtype=float32), array([375]))
Done.
	Creating sequence for 'locgame'... Training group 3, split 1
	Early stopping at epoch 13
	Y Train Labels:(array([0., 1.], dtype=float32), array([ 22, 273]))
	Y Val Labels:(array([0.], dtype=float32), array([295]))
Training group 3, split 2
	Early stopping at epoch 33
	Y Train Labels:(array([0., 1.], dtype=float32), array([317, 273]))
	Y Val Labels:(array([0.], dtype=float32), array([295]))
Training group 3, split 3
	Early stopping at epoch 27
	Y Train Labels:(array([0., 1.], dtype=float32), array([612, 273]))
	Y Val Labels:(array([0.], dtype=float32), array([295]))
Done.
	Creating sequence for 'dash'... Training group 4, split 1
	Y Train Labels:(array([1.], dtype=float32), array([560]))
	Y Val Labels:(array([1.], dtype=float32), array([560]))
Training group 4, split 2
	Y Train Labels:(array([1.], dtype=float32), array([1120]))
	Y Val Labels:(array([1.], dtype=float32), array([560]))
Training group 4, split 3
	Y Train Labels:(array([1.], dtype=float32), array([1680]))
	Y Val Labels:(array([1.], dtype=float32), array([560]))
Done.
	Creating sequence for 'zeebu'... Training group 5, split 1
	Y Train Labels:(array([1.], dtype=float32), array([89]))
	Y Val Labels:(array([1.], dtype=float32), array([88]))
Training group 5, split 2
	Early stopping at epoch 34
	Y Train Labels:(array([1.], dtype=float32), array([177]))
	Y Val Labels:(array([1.], dtype=float32), array([88]))
Training group 5, split 3
	Y Train Labels:(array([1.], dtype=float32), array([265]))
	Y Val Labels:(array([1.], dtype=float32), array([88]))
Done.
	Creating sequence for 'orion-protocol'... Training group 6, split 1
	Y Train Labels:(array([1.], dtype=float32), array([350]))
	Y Val Labels:(array([1.], dtype=float32), array([347]))
Training group 6, split 2
	Y Train Labels:(array([1.], dtype=float32), array([697]))
	Y Val Labels:(array([1.], dtype=float32), array([347]))
Training group 6, split 3
	Early stopping at epoch 25
	Y Train Labels:(array([1.], dtype=float32), array([1044]))
	Y Val Labels:(array([1.], dtype=float32), array([347]))
Done.
	Creating sequence for 'aave-susd'... Skipped.
	Creating sequence for 'nft-art-finance'... Training group 7, split 1
	Y Train Labels:(array([0.], dtype=float32), array([300]))
	Y Val Labels:(array([0.], dtype=float32), array([298]))
Training group 7, split 2
	Y Train Labels:(array([0.], dtype=float32), array([598]))
	Y Val Labels:(array([0.], dtype=float32), array([298]))
Training group 7, split 3
	Y Train Labels:(array([0.], dtype=float32), array([896]))
	Y Val Labels:(array([0.], dtype=float32), array([298]))
Done.
	Creating sequence for 'trinity-network-credit'... Training group 8, split 1
	Early stopping at epoch 13
	Y Train Labels:(array([1.], dtype=float32), array([583]))
	Y Val Labels:(array([0., 1.], dtype=float32), array([578,   5]))
Training group 8, split 2
