


--------------------------------------------------
Starting lstm.py at '2024-10-13 18:33:23.958507'.
Reading './isDaoActiveData(4).json'... Done.
Total training Data: 379
DAOs trained so far:58
Size of training set: 207
Size of test set: 114
Preparing data for training...
Preparing data for testing...
Parameters:
	Num epochs: 60
	Initial learning rate: 0.001
	Patience: 12
	Window size: 60
	Timeseries splits: 3
	Minimum number of timeseries datapoints: 64
Gradient boosting params: 
	{"max_depth": 3, "learning_rate": 0.05, "n_estimators": 100, "objective": "binary:logistic", "eval_metric": "logloss"}
	Creating sequence for 'biconomy'... Training group 0, split 1
	Early stopping at epoch 44
	Y Train Labels:(array([1.], dtype=float32), array([238]))
	Y Val Labels:(array([1.], dtype=float32), array([237]))
Training group 0, split 2
	Early stopping at epoch 23
	Y Train Labels:(array([1.], dtype=float32), array([475]))
	Y Val Labels:(array([1.], dtype=float32), array([237]))
Training group 0, split 3
	Early stopping at epoch 23
	Y Train Labels:(array([1.], dtype=float32), array([712]))
	Y Val Labels:(array([1.], dtype=float32), array([237]))
Done.
	Creating sequence for 'cumrocket'... Training group 1, split 1
	Early stopping at epoch 28
	Y Train Labels:(array([1.], dtype=float32), array([300]))
	Y Val Labels:(array([1.], dtype=float32), array([300]))
Training group 1, split 2
	Early stopping at epoch 13
	Y Train Labels:(array([1.], dtype=float32), array([600]))
	Y Val Labels:(array([1.], dtype=float32), array([300]))
Training group 1, split 3
	Early stopping at epoch 13
	Y Train Labels:(array([1.], dtype=float32), array([900]))
	Y Val Labels:(array([0., 1.], dtype=float32), array([ 58, 242]))
Done.
	Creating sequence for 'beoble'... Training group 2, split 1
	Early stopping at epoch 22
	Y Train Labels:(array([0.], dtype=float32), array([39]))
	Y Val Labels:(array([0.], dtype=float32), array([37]))
Training group 2, split 2
	Early stopping at epoch 21
	Y Train Labels:(array([0.], dtype=float32), array([76]))
	Y Val Labels:(array([0.], dtype=float32), array([37]))
Training group 2, split 3
	Early stopping at epoch 13
	Y Train Labels:(array([0.], dtype=float32), array([113]))
	Y Val Labels:(array([0.], dtype=float32), array([37]))
Done.
	Creating sequence for 'apm-coin'... Training group 3, split 1
	Early stopping at epoch 22
	Y Train Labels:(array([0.], dtype=float32), array([388]))
	Y Val Labels:(array([0.], dtype=float32), array([387]))
Training group 3, split 2
	Early stopping at epoch 46
	Y Train Labels:(array([0.], dtype=float32), array([775]))
	Y Val Labels:(array([0.], dtype=float32), array([387]))
Training group 3, split 3
	Y Train Labels:(array([0.], dtype=float32), array([1162]))
	Y Val Labels:(array([0.], dtype=float32), array([387]))
Done.
	Creating sequence for 'bottos'... Training group 4, split 1
	Y Train Labels:(array([1.], dtype=float32), array([137]))
	Y Val Labels:(array([1.], dtype=float32), array([135]))
Training group 4, split 2
	Early stopping at epoch 24
	Y Train Labels:(array([1.], dtype=float32), array([272]))
	Y Val Labels:(array([1.], dtype=float32), array([135]))
Training group 4, split 3
	Early stopping at epoch 49
	Y Train Labels:(array([1.], dtype=float32), array([407]))
	Y Val Labels:(array([1.], dtype=float32), array([135]))
Done.
	Creating sequence for 'aave-usdc'... Skipped.
	Creating sequence for 'bullperks'... Training group 5, split 1
	Early stopping at epoch 20
	Y Train Labels:(array([1.], dtype=float32), array([156]))
	Y Val Labels:(array([0., 1.], dtype=float32), array([128,  28]))
Training group 5, split 2
	Early stopping at epoch 20
	Y Train Labels:(array([0., 1.], dtype=float32), array([128, 184]))
	Y Val Labels:(array([0.], dtype=float32), array([156]))
Training group 5, split 3
	Early stopping at epoch 20
	Y Train Labels:(array([0., 1.], dtype=float32), array([284, 184]))
	Y Val Labels:(array([0.], dtype=float32), array([156]))
Done.
	Creating sequence for 'bittorrent'... Training group 6, split 1
	Y Train Labels:(array([1.], dtype=float32), array([488]))
	Y Val Labels:(array([1.], dtype=float32), array([485]))
Training group 6, split 2
	Y Train Labels:(array([1.], dtype=float32), array([973]))
	Y Val Labels:(array([1.], dtype=float32), array([485]))
Training group 6, split 3
	Y Train Labels:(array([1.], dtype=float32), array([1458]))
	Y Val Labels:(array([1.], dtype=float32), array([485]))
Done.
	Creating sequence for 'aurory'... Training group 7, split 1
	Y Train Labels:(array([1.], dtype=float32), array([232]))
	Y Val Labels:(array([1.], dtype=float32), array([230]))
Training group 7, split 2
	Early stopping at epoch 13
	Y Train Labels:(array([1.], dtype=float32), array([462]))
	Y Val Labels:(array([0., 1.], dtype=float32), array([215,  15]))
Training group 7, split 3
	Early stopping at epoch 26
	Y Train Labels:(array([0., 1.], dtype=float32), array([215, 477]))
	Y Val Labels:(array([0.], dtype=float32), array([230]))
Done.
	Creating sequence for 'acala'... Training group 8, split 1
	Y Train Labels:(array([1.], dtype=float32), array([220]))
	Y Val Labels:(array([1.], dtype=float32), array([220]))
Training group 8, split 2
	Y Train Labels:(array([1.], dtype=float32), array([440]))
	Y Val Labels:(array([1.], dtype=float32), array([220]))
Training group 8, split 3
	Y Train Labels:(array([1.], dtype=float32), array([660]))
	Y Val Labels:(array([1.], dtype=float32), array([220]))
Done.
	Creating sequence for 'banano'... Training group 9, split 1
	Y Train Labels:(array([1.], dtype=float32), array([414]))
	Y Val Labels:(array([1.], dtype=float32), array([411]))
Training group 9, split 2
	Y Train Labels:(array([1.], dtype=float32), array([825]))
	Y Val Labels:(array([1.], dtype=float32), array([411]))
Training group 9, split 3
	Early stopping at epoch 13
	Y Train Labels:(array([1.], dtype=float32), array([1236]))
	Y Val Labels:(array([0., 1.], dtype=float32), array([202, 209]))
Done.
	Creating sequence for 'aston-martin-cognizant-fan-token'... Training group 10, split 1
	Y Train Labels:(array([0.], dtype=float32), array([279]))
	Y Val Labels:(array([0.], dtype=float32), array([279]))
Training group 10, split 2
	Y Train Labels:(array([0.], dtype=float32), array([558]))
	Y Val Labels:(array([0.], dtype=float32), array([279]))
Training group 10, split 3
	Y Train Labels:(array([0.], dtype=float32), array([837]))
	Y Val Labels:(array([0.], dtype=float32), array([279]))
Done.
	Creating sequence for 'argent'... Skipped.
	Creating sequence for 'celo-dollar'... Training group 11, split 1
	Y Train Labels:(array([1.], dtype=float32), array([242]))
	Y Val Labels:(array([1.], dtype=float32), array([240]))
Training group 11, split 2
	Y Train Labels:(array([1.], dtype=float32), array([482]))
	Y Val Labels:(array([1.], dtype=float32), array([240]))
Training group 11, split 3
	Y Train Labels:(array([1.], dtype=float32), array([722]))
	Y Val Labels:(array([1.], dtype=float32), array([240]))
Done.
	Creating sequence for 'blendr-network'... Training group 12, split 1
	Y Train Labels:(array([1.], dtype=float32), array([38]))
	Y Val Labels:(array([1.], dtype=float32), array([35]))
Training group 12, split 2
	Y Train Labels:(array([1.], dtype=float32), array([73]))
	Y Val Labels:(array([1.], dtype=float32), array([35]))
Training group 12, split 3
	Y Train Labels:(array([1.], dtype=float32), array([108]))
	Y Val Labels:(array([1.], dtype=float32), array([35]))
Done.
	Creating sequence for 'adamant-messenger'... Training group 13, split 1
	Y Train Labels:(array([1.], dtype=float32), array([485]))
	Y Val Labels:(array([1.], dtype=float32), array([485]))
Training group 13, split 2
	Y Train Labels:(array([1.], dtype=float32), array([970]))
	Y Val Labels:(array([1.], dtype=float32), array([485]))
Training group 13, split 3
	Y Train Labels:(array([1.], dtype=float32), array([1455]))
	Y Val Labels:(array([1.], dtype=float32), array([485]))
Done.
	Creating sequence for 'compound-ether'... Training group 14, split 1
	Y Train Labels:(array([0.], dtype=float32), array([57]))
	Y Val Labels:(array([0.], dtype=float32), array([56]))
Training group 14, split 2
	Y Train Labels:(array([0.], dtype=float32), array([113]))
	Y Val Labels:(array([0.], dtype=float32), array([56]))
Training group 14, split 3
	Y Train Labels:(array([0.], dtype=float32), array([169]))
	Y Val Labels:(array([0.], dtype=float32), array([56]))
Done.
	Creating sequence for 'cloudbric'... Training group 15, split 1
	Y Train Labels:(array([1.], dtype=float32), array([487]))
	Y Val Labels:(array([1.], dtype=float32), array([487]))
Training group 15, split 2
	Y Train Labels:(array([1.], dtype=float32), array([974]))
	Y Val Labels:(array([1.], dtype=float32), array([487]))
Training group 15, split 3
	Y Train Labels:(array([1.], dtype=float32), array([1461]))
	Y Val Labels:(array([1.], dtype=float32), array([487]))
Done.
	Creating sequence for 'achain'... Training group 16, split 1
	Early stopping at epoch 13
	Y Train Labels:(array([1.], dtype=float32), array([563]))
	Y Val Labels:(array([0., 1.], dtype=float32), array([368, 195]))
Training group 16, split 2
	Early stopping at epoch 32
	Y Train Labels:(array([0., 1.], dtype=float32), array([368, 758]))
	Y Val Labels:(array([0.], dtype=float32), array([563]))
Training group 16, split 3
	Early stopping at epoch 25
	Y Train Labels:(array([0., 1.], dtype=float32), array([931, 758]))
	Y Val Labels:(array([0.], dtype=float32), array([563]))
Done.
	Creating sequence for 'ben-the-dog'... Training group 17, split 1
	Y Train Labels:(array([1.], dtype=float32), array([39]))
	Y Val Labels:(array([1.], dtype=float32), array([37]))
Training group 17, split 2
	Early stopping at epoch 13
	Y Train Labels:(array([1.], dtype=float32), array([76]))
	Y Val Labels:(array([0., 1.], dtype=float32), array([10, 27]))
Training group 17, split 3
	Early stopping at epoch 13
	Y Train Labels:(array([0., 1.], dtype=float32), array([ 10, 103]))
	Y Val Labels:(array([0.], dtype=float32), array([37]))
Done.
	Creating sequence for 'arkham'... Training group 18, split 1
	Y Train Labels:(array([1.], dtype=float32), array([85]))
	Y Val Labels:(array([1.], dtype=float32), array([85]))
Training group 18, split 2
	Y Train Labels:(array([1.], dtype=float32), array([170]))
	Y Val Labels:(array([1.], dtype=float32), array([85]))
Training group 18, split 3
	Y Train Labels:(array([1.], dtype=float32), array([255]))
	Y Val Labels:(array([1.], dtype=float32), array([85]))
Done.
	Creating sequence for 'cellframe'... Training group 19, split 1
	Y Train Labels:(array([1.], dtype=float32), array([294]))
	Y Val Labels:(array([1.], dtype=float32), array([293]))
Training group 19, split 2
	Y Train Labels:(array([1.], dtype=float32), array([587]))
	Y Val Labels:(array([1.], dtype=float32), array([293]))
Training group 19, split 3
	Y Train Labels:(array([1.], dtype=float32), array([880]))
	Y Val Labels:(array([1.], dtype=float32), array([293]))
Done.
	Creating sequence for 'basic-attention-token'... Training group 20, split 1
	Y Train Labels:(array([1.], dtype=float32), array([481]))
	Y Val Labels:(array([1.], dtype=float32), array([480]))
Training group 20, split 2
	Y Train Labels:(array([1.], dtype=float32), array([961]))
	Y Val Labels:(array([1.], dtype=float32), array([480]))
Training group 20, split 3
	Y Train Labels:(array([1.], dtype=float32), array([1441]))
	Y Val Labels:(array([1.], dtype=float32), array([480]))
Done.
	Creating sequence for 'connex'... Training group 21, split 1
	Y Train Labels:(array([1.], dtype=float32), array([69]))
	Y Val Labels:(array([1.], dtype=float32), array([66]))
Training group 21, split 2
	Y Train Labels:(array([1.], dtype=float32), array([135]))
	Y Val Labels:(array([1.], dtype=float32), array([66]))
Training group 21, split 3
	Y Train Labels:(array([1.], dtype=float32), array([201]))
	Y Val Labels:(array([1.], dtype=float32), array([66]))
Done.
	Creating sequence for 'coinsbit-token'... Training group 22, split 1
	Early stopping at epoch 37
	Y Train Labels:(array([1.], dtype=float32), array([417]))
	Y Val Labels:(array([1.], dtype=float32), array([415]))
Training group 22, split 2
