


--------------------------------------------------
Starting lstm.py at '2024-10-25 12:40:09.294480'.
Reading './balancedDataset.json'... Done.
Total training Data: 1030
DAOs trained so far:656
Size of training set: 65
Size of test set: 309
Preparing data for training...
Preparing data for testing...
Parameters:
	Num epochs: 60
	Initial learning rate: 0.001
	Patience: 12
	Window size: 60
	Timeseries splits: 3
	Minimum number of timeseries datapoints: 64
Gradient boosting params: 
	{"max_depth": 3, "learning_rate": 0.05, "n_estimators": 100, "objective": "binary:logistic", "eval_metric": "logloss"}
	Creating sequence for 'amepay'... Training group 0, split 1
	Early stopping at epoch 13
	Y Train Labels:(array([0., 1.], dtype=float32), array([207, 119]))
	Y Val Labels:(array([0.], dtype=float32), array([325]))
Training group 0, split 2
	Early stopping at epoch 13
	Y Train Labels:(array([0., 1.], dtype=float32), array([532, 119]))
	Y Val Labels:(array([0.], dtype=float32), array([325]))
Training group 0, split 3
	Early stopping at epoch 27
	Y Train Labels:(array([0., 1.], dtype=float32), array([857, 119]))
	Y Val Labels:(array([0.], dtype=float32), array([325]))
Done.
	Creating sequence for 'datamine'... Training group 1, split 1
	Y Train Labels:(array([1.], dtype=float32), array([206]))
	Y Val Labels:(array([1.], dtype=float32), array([205]))
Training group 1, split 2
	Y Train Labels:(array([1.], dtype=float32), array([411]))
	Y Val Labels:(array([1.], dtype=float32), array([205]))
Training group 1, split 3
	Early stopping at epoch 47
	Y Train Labels:(array([1.], dtype=float32), array([616]))
	Y Val Labels:(array([1.], dtype=float32), array([205]))
Done.
	Creating sequence for 'adamant-messenger'... Training group 2, split 1
	Y Train Labels:(array([1.], dtype=float32), array([485]))
	Y Val Labels:(array([1.], dtype=float32), array([485]))
Training group 2, split 2
	Y Train Labels:(array([1.], dtype=float32), array([970]))
	Y Val Labels:(array([1.], dtype=float32), array([485]))
Training group 2, split 3
	Y Train Labels:(array([1.], dtype=float32), array([1455]))
	Y Val Labels:(array([1.], dtype=float32), array([485]))
Done.
	Creating sequence for 'keep3rv1'... Training group 3, split 1
	Early stopping at epoch 13
	Y Train Labels:(array([1.], dtype=float32), array([267]))
	Y Val Labels:(array([0., 1.], dtype=float32), array([ 38, 227]))
Training group 3, split 2
	Early stopping at epoch 53
	Y Train Labels:(array([0., 1.], dtype=float32), array([ 38, 494]))
	Y Val Labels:(array([0.], dtype=float32), array([265]))
Training group 3, split 3
	Early stopping at epoch 25
	Y Train Labels:(array([0., 1.], dtype=float32), array([303, 494]))
	Y Val Labels:(array([0.], dtype=float32), array([265]))
Done.
	Creating sequence for 'herocoin'... Training group 4, split 1
	Y Train Labels:(array([1.], dtype=float32), array([453]))
	Y Val Labels:(array([1.], dtype=float32), array([451]))
Training group 4, split 2
	Y Train Labels:(array([1.], dtype=float32), array([904]))
	Y Val Labels:(array([1.], dtype=float32), array([451]))
Training group 4, split 3
	Early stopping at epoch 13
	Y Train Labels:(array([1.], dtype=float32), array([1355]))
	Y Val Labels:(array([0., 1.], dtype=float32), array([314, 137]))
Done.
	Creating sequence for 'inter-milan-fan-token'... Training group 5, split 1
	Early stopping at epoch 28
	Y Train Labels:(array([0., 1.], dtype=float32), array([ 86, 176]))
	Y Val Labels:(array([0.], dtype=float32), array([259]))
Training group 5, split 2
	Early stopping at epoch 28
	Y Train Labels:(array([0., 1.], dtype=float32), array([345, 176]))
	Y Val Labels:(array([0.], dtype=float32), array([259]))
Training group 5, split 3
	Y Train Labels:(array([0., 1.], dtype=float32), array([604, 176]))
	Y Val Labels:(array([0.], dtype=float32), array([259]))
Done.
	Creating sequence for 'gxchain'... Training group 6, split 1
	Y Train Labels:(array([1.], dtype=float32), array([643]))
	Y Val Labels:(array([1.], dtype=float32), array([643]))
Training group 6, split 2
