


--------------------------------------------------
Starting lstm.py at '2024-10-23 18:24:27.766416'.
Reading '../classifiedDAOs.json'... Done.
Total training Data: 1578
DAOs trained so far:131
Size of training set: 973
Size of test set: 474
Preparing data for training...
Preparing data for testing...
Parameters:
	Num epochs: 60
	Initial learning rate: 0.001
	Patience: 12
	Window size: 60
	Timeseries splits: 3
	Minimum number of timeseries datapoints: 64
Gradient boosting params: 
	{"max_depth": 3, "learning_rate": 0.05, "n_estimators": 100, "objective": "binary:logistic", "eval_metric": "logloss"}
	Creating sequence for 'natix-network'... Training group 0, split 1
	Y Train Labels:(array([0.], dtype=float32), array([8]))
	Y Val Labels:(array([0.], dtype=float32), array([5]))
Training group 0, split 2
	Y Train Labels:(array([0.], dtype=float32), array([13]))
	Y Val Labels:(array([0.], dtype=float32), array([5]))
Training group 0, split 3
	Y Train Labels:(array([0.], dtype=float32), array([18]))
	Y Val Labels:(array([0.], dtype=float32), array([5]))
Done.
	Creating sequence for 'ocean-protocol'... Training group 1, split 1
	Y Train Labels:(array([1.], dtype=float32), array([464]))
	Y Val Labels:(array([1.], dtype=float32), array([461]))
Training group 1, split 2
	Y Train Labels:(array([1.], dtype=float32), array([925]))
	Y Val Labels:(array([1.], dtype=float32), array([461]))
Training group 1, split 3
	Y Train Labels:(array([1.], dtype=float32), array([1386]))
	Y Val Labels:(array([1.], dtype=float32), array([461]))
Done.
	Creating sequence for 'cartesi'... Training group 2, split 1
	Y Train Labels:(array([1.], dtype=float32), array([371]))
	Y Val Labels:(array([1.], dtype=float32), array([371]))
Training group 2, split 2
	Y Train Labels:(array([1.], dtype=float32), array([742]))
	Y Val Labels:(array([1.], dtype=float32), array([371]))
Training group 2, split 3
	Y Train Labels:(array([1.], dtype=float32), array([1113]))
	Y Val Labels:(array([1.], dtype=float32), array([371]))
Done.
	Creating sequence for 'epic-cash'... Training group 3, split 1
	Y Train Labels:(array([1.], dtype=float32), array([234]))
	Y Val Labels:(array([1.], dtype=float32), array([231]))
Training group 3, split 2
	Y Train Labels:(array([1.], dtype=float32), array([465]))
	Y Val Labels:(array([1.], dtype=float32), array([231]))
Training group 3, split 3
	Y Train Labels:(array([1.], dtype=float32), array([696]))
	Y Val Labels:(array([1.], dtype=float32), array([231]))
Done.
	Creating sequence for 'pigeoncoin'... Training group 4, split 1
	Early stopping at epoch 13
	Y Train Labels:(array([1.], dtype=float32), array([534]))
	Y Val Labels:(array([0., 1.], dtype=float32), array([141, 390]))
Training group 4, split 2
	Early stopping at epoch 46
	Y Train Labels:(array([0., 1.], dtype=float32), array([141, 924]))
	Y Val Labels:(array([0.], dtype=float32), array([531]))
Training group 4, split 3
	Early stopping at epoch 24
	Y Train Labels:(array([0., 1.], dtype=float32), array([672, 924]))
	Y Val Labels:(array([0.], dtype=float32), array([531]))
Done.
	Creating sequence for 'zksync'... Training group 5, split 1
	Y Train Labels:(array([1.], dtype=float32), array([10]))
	Y Val Labels:(array([1.], dtype=float32), array([10]))
Training group 5, split 2
	Y Train Labels:(array([1.], dtype=float32), array([20]))
	Y Val Labels:(array([1.], dtype=float32), array([10]))
Training group 5, split 3
	Y Train Labels:(array([1.], dtype=float32), array([30]))
	Y Val Labels:(array([1.], dtype=float32), array([10]))
Done.
	Creating sequence for 'finxflo'... Training group 6, split 1
	Early stopping at epoch 13
	Y Train Labels:(array([1.], dtype=float32), array([307]))
	Y Val Labels:(array([0., 1.], dtype=float32), array([219,  87]))
Training group 6, split 2
	Early stopping at epoch 34
	Y Train Labels:(array([0., 1.], dtype=float32), array([219, 394]))
	Y Val Labels:(array([0.], dtype=float32), array([306]))
Training group 6, split 3
	Early stopping at epoch 22
	Y Train Labels:(array([0., 1.], dtype=float32), array([525, 394]))
	Y Val Labels:(array([0.], dtype=float32), array([306]))
Done.
	Creating sequence for 'revv'... Training group 7, split 1
	Early stopping at epoch 13
	Y Train Labels:(array([1.], dtype=float32), array([337]))
	Y Val Labels:(array([0., 1.], dtype=float32), array([153, 181]))
Training group 7, split 2
	Early stopping at epoch 25
	Y Train Labels:(array([0., 1.], dtype=float32), array([153, 518]))
	Y Val Labels:(array([0.], dtype=float32), array([334]))
Training group 7, split 3
	Early stopping at epoch 22
	Y Train Labels:(array([0., 1.], dtype=float32), array([487, 518]))
	Y Val Labels:(array([0.], dtype=float32), array([334]))
Done.
	Creating sequence for 'flow'... Training group 8, split 1
	Y Train Labels:(array([1.], dtype=float32), array([317]))
	Y Val Labels:(array([1.], dtype=float32), array([314]))
Training group 8, split 2
	Y Train Labels:(array([1.], dtype=float32), array([631]))
	Y Val Labels:(array([1.], dtype=float32), array([314]))
Training group 8, split 3
