


--------------------------------------------------
Starting lstm.py at '2024-10-25 12:19:30.527259'.
Reading './balancedDataset.json'... Done.
Total training Data: 1030
DAOs trained so far:553
Size of training set: 168
Size of test set: 309
Preparing data for training...
Preparing data for testing...
Parameters:
	Num epochs: 60
	Initial learning rate: 0.001
	Patience: 12
	Window size: 60
	Timeseries splits: 3
	Minimum number of timeseries datapoints: 64
Gradient boosting params: 
	{"max_depth": 3, "learning_rate": 0.05, "n_estimators": 100, "objective": "binary:logistic", "eval_metric": "logloss"}
	Creating sequence for 'akropolis'... Training group 0, split 1
	Y Train Labels:(array([1.], dtype=float32), array([446]))
	Y Val Labels:(array([1.], dtype=float32), array([444]))
Training group 0, split 2
	Early stopping at epoch 13
	Y Train Labels:(array([1.], dtype=float32), array([890]))
	Y Val Labels:(array([0., 1.], dtype=float32), array([118, 326]))
Training group 0, split 3
	Y Train Labels:(array([0., 1.], dtype=float32), array([ 118, 1216]))
	Y Val Labels:(array([0.], dtype=float32), array([444]))
Done.
	Creating sequence for 'encrypgen'... Training group 1, split 1
	Early stopping at epoch 18
	Y Train Labels:(array([0., 1.], dtype=float32), array([ 40, 519]))
	Y Val Labels:(array([0.], dtype=float32), array([559]))
Training group 1, split 2
	Early stopping at epoch 30
	Y Train Labels:(array([0., 1.], dtype=float32), array([599, 519]))
	Y Val Labels:(array([0.], dtype=float32), array([559]))
Training group 1, split 3
	Early stopping at epoch 35
	Y Train Labels:(array([0., 1.], dtype=float32), array([1158,  519]))
	Y Val Labels:(array([0.], dtype=float32), array([559]))
Done.
	Creating sequence for 'hidoodles'... Training group 2, split 1
	Early stopping at epoch 13
	Y Train Labels:(array([0., 1.], dtype=float32), array([100,  44]))
	Y Val Labels:(array([0.], dtype=float32), array([142]))
Training group 2, split 2
	Early stopping at epoch 25
	Y Train Labels:(array([0., 1.], dtype=float32), array([242,  44]))
	Y Val Labels:(array([0.], dtype=float32), array([142]))
Training group 2, split 3
	Early stopping at epoch 13
	Y Train Labels:(array([0., 1.], dtype=float32), array([384,  44]))
	Y Val Labels:(array([0.], dtype=float32), array([142]))
Done.
	Creating sequence for 'decentraweb'... Training group 3, split 1
	Early stopping at epoch 25
	Y Train Labels:(array([1.], dtype=float32), array([256]))
	Y Val Labels:(array([0., 1.], dtype=float32), array([111, 143]))
Training group 3, split 2
	Early stopping at epoch 14
	Y Train Labels:(array([0., 1.], dtype=float32), array([111, 399]))
	Y Val Labels:(array([0.], dtype=float32), array([254]))
Training group 3, split 3
	Y Train Labels:(array([0., 1.], dtype=float32), array([365, 399]))
	Y Val Labels:(array([0.], dtype=float32), array([254]))
Done.
	Creating sequence for 'frakt-token'... Training group 4, split 1
	Y Train Labels:(array([1.], dtype=float32), array([236]))
	Y Val Labels:(array([1.], dtype=float32), array([233]))
Training group 4, split 2
	Y Train Labels:(array([1.], dtype=float32), array([469]))
	Y Val Labels:(array([1.], dtype=float32), array([233]))
Training group 4, split 3
	Early stopping at epoch 13
	Y Train Labels:(array([1.], dtype=float32), array([702]))
	Y Val Labels:(array([0., 1.], dtype=float32), array([ 96, 137]))
Done.
	Creating sequence for 'cere-network'... Training group 5, split 1
	Y Train Labels:(array([1.], dtype=float32), array([243]))
	Y Val Labels:(array([1.], dtype=float32), array([241]))
Training group 5, split 2
	Y Train Labels:(array([1.], dtype=float32), array([484]))
	Y Val Labels:(array([1.], dtype=float32), array([241]))
Training group 5, split 3
	Y Train Labels:(array([1.], dtype=float32), array([725]))
	Y Val Labels:(array([1.], dtype=float32), array([241]))
Done.
	Creating sequence for 'compound-0x'... Training group 6, split 1
	Y Train Labels:(array([1.], dtype=float32), array([264]))
	Y Val Labels:(array([1.], dtype=float32), array([263]))
Training group 6, split 2
	Early stopping at epoch 13
	Y Train Labels:(array([1.], dtype=float32), array([527]))
	Y Val Labels:(array([0., 1.], dtype=float32), array([201,  62]))
Training group 6, split 3
