


--------------------------------------------------
Starting lstm.py at '2024-10-27 01:53:41.224292'.
Reading '../classifiedDAOs.json'... Done.
Total training Data: 1578
DAOs trained so far:1061
Size of training set: 43
Size of test set: 474
Preparing data for training...
Preparing data for testing...
Parameters:
	Num epochs: 60
	Initial learning rate: 0.001
	Patience: 12
	Window size: 60
	Timeseries splits: 3
	Minimum number of timeseries datapoints: 64
Gradient boosting params: 
	{"max_depth": 3, "learning_rate": 0.05, "n_estimators": 100, "objective": "binary:logistic", "eval_metric": "logloss"}
	Creating sequence for 'step-hero'... Skipped.
	Creating sequence for 'fasttoken'... 00
Done.
	Creating sequence for 'zmine'... Training group 1, split 1
	Y Train Labels:(array([1.], dtype=float32), array([375]))
	Y Val Labels:(array([1.], dtype=float32), array([375]))
Training group 1, split 2
	Y Train Labels:(array([1.], dtype=float32), array([750]))
	Y Val Labels:(array([1.], dtype=float32), array([375]))
Training group 1, split 3
	Y Train Labels:(array([1.], dtype=float32), array([1125]))
	Y Val Labels:(array([1.], dtype=float32), array([375]))
Done.
	Creating sequence for 'locgame'... Training group 2, split 1
	Y Train Labels:(array([0., 1.], dtype=float32), array([ 22, 273]))
	Y Val Labels:(array([0.], dtype=float32), array([295]))
Training group 2, split 2
	Early stopping at epoch 29
	Y Train Labels:(array([0., 1.], dtype=float32), array([317, 273]))
	Y Val Labels:(array([0.], dtype=float32), array([295]))
Training group 2, split 3
	Early stopping at epoch 29
	Y Train Labels:(array([0., 1.], dtype=float32), array([612, 273]))
	Y Val Labels:(array([0.], dtype=float32), array([295]))
Done.
	Creating sequence for 'dash'... Training group 3, split 1
	Y Train Labels:(array([1.], dtype=float32), array([560]))
	Y Val Labels:(array([1.], dtype=float32), array([560]))
Training group 3, split 2
	Y Train Labels:(array([1.], dtype=float32), array([1120]))
	Y Val Labels:(array([1.], dtype=float32), array([560]))
Training group 3, split 3
