


--------------------------------------------------
Starting lstm.py at '2024-10-25 12:47:38.896204'.
Reading './balancedDataset.json'... Done.
Total training Data: 1030
DAOs trained so far:697
Size of training set: 24
Size of test set: 309
Preparing data for training...
Preparing data for testing...
Parameters:
	Num epochs: 60
	Initial learning rate: 0.001
	Patience: 12
	Window size: 60
	Timeseries splits: 3
	Minimum number of timeseries datapoints: 64
Gradient boosting params: 
	{"max_depth": 3, "learning_rate": 0.05, "n_estimators": 100, "objective": "binary:logistic", "eval_metric": "logloss"}
	Creating sequence for 'bitball-treasure'... Training group 0, split 1
	Early stopping at epoch 13
	Y Train Labels:(array([1.], dtype=float32), array([433]))
	Y Val Labels:(array([0., 1.], dtype=float32), array([ 86, 345]))
Training group 0, split 2
	Early stopping at epoch 30
	Y Train Labels:(array([0., 1.], dtype=float32), array([ 86, 778]))
	Y Val Labels:(array([0.], dtype=float32), array([431]))
Training group 0, split 3
	Early stopping at epoch 25
	Y Train Labels:(array([0., 1.], dtype=float32), array([517, 778]))
	Y Val Labels:(array([0.], dtype=float32), array([431]))
Done.
	Creating sequence for 'wbnb'... Training group 1, split 1
	Y Train Labels:(array([1.], dtype=float32), array([263]))
	Y Val Labels:(array([1.], dtype=float32), array([263]))
Training group 1, split 2
	Y Train Labels:(array([1.], dtype=float32), array([526]))
	Y Val Labels:(array([1.], dtype=float32), array([263]))
Training group 1, split 3
	Y Train Labels:(array([1.], dtype=float32), array([789]))
	Y Val Labels:(array([1.], dtype=float32), array([263]))
Done.
	Creating sequence for 'elastos'... Training group 2, split 1
	Y Train Labels:(array([1.], dtype=float32), array([581]))
	Y Val Labels:(array([1.], dtype=float32), array([580]))
Training group 2, split 2
	Y Train Labels:(array([1.], dtype=float32), array([1161]))
	Y Val Labels:(array([1.], dtype=float32), array([580]))
Training group 2, split 3
	Early stopping at epoch 13
	Y Train Labels:(array([1.], dtype=float32), array([1741]))
	Y Val Labels:(array([0., 1.], dtype=float32), array([231, 349]))
Done.
	Creating sequence for 'bondly'... Training group 3, split 1
	Y Train Labels:(array([1.], dtype=float32), array([269]))
	Y Val Labels:(array([1.], dtype=float32), array([267]))
Training group 3, split 2
	Early stopping at epoch 13
	Y Train Labels:(array([1.], dtype=float32), array([536]))
	Y Val Labels:(array([0., 1.], dtype=float32), array([202,  65]))
Training group 3, split 3
	Early stopping at epoch 32
	Y Train Labels:(array([0., 1.], dtype=float32), array([202, 601]))
	Y Val Labels:(array([0.], dtype=float32), array([267]))
Done.
	Creating sequence for 'humanscape'... 00
Done.
	Creating sequence for 'carbon-browser'... Training group 5, split 1
	Y Train Labels:(array([1.], dtype=float32), array([132]))
	Y Val Labels:(array([1.], dtype=float32), array([131]))
Training group 5, split 2
	Y Train Labels:(array([1.], dtype=float32), array([263]))
	Y Val Labels:(array([1.], dtype=float32), array([131]))
Training group 5, split 3
	Early stopping at epoch 13
	Y Train Labels:(array([1.], dtype=float32), array([394]))
	Y Val Labels:(array([0., 1.], dtype=float32), array([88, 43]))
Done.
	Creating sequence for 'bonfida'... Training group 6, split 1
	Early stopping at epoch 57
	Y Train Labels:(array([1.], dtype=float32), array([292]))
	Y Val Labels:(array([1.], dtype=float32), array([290]))
Training group 6, split 2
	Y Train Labels:(array([1.], dtype=float32), array([582]))
	Y Val Labels:(array([1.], dtype=float32), array([290]))
Training group 6, split 3
	Y Train Labels:(array([1.], dtype=float32), array([872]))
	Y Val Labels:(array([1.], dtype=float32), array([290]))
Done.
	Creating sequence for 'pawswap'... 00
Done.
	Creating sequence for 'mysterium'... Training group 8, split 1
	Y Train Labels:(array([1.], dtype=float32), array([583]))
	Y Val Labels:(array([1.], dtype=float32), array([583]))
Training group 8, split 2
