


--------------------------------------------------
Starting lstm.py at '2024-10-25 16:49:10.496871'.
Reading './balancedDataset.json'... Done.
Total training Data: 1030
DAOs trained so far:202
Size of training set: 519
Size of test set: 309
Preparing data for training...
Preparing data for testing...
Parameters:
	Num epochs: 60
	Initial learning rate: 0.001
	Patience: 12
	Window size: 60
	Timeseries splits: 3
	Minimum number of timeseries datapoints: 64
Gradient boosting params: 
	{"max_depth": 3, "learning_rate": 0.05, "n_estimators": 100, "objective": "binary:logistic", "eval_metric": "logloss"}
	Creating sequence for 'gensokishis-metaverse'... Training group 0, split 1
	Early stopping at epoch 13
	Y Train Labels:(array([1.], dtype=float32), array([202]))
	Y Val Labels:(array([1.], dtype=float32), array([202]))
Training group 0, split 2
	Early stopping at epoch 13
	Y Train Labels:(array([1.], dtype=float32), array([404]))
	Y Val Labels:(array([1.], dtype=float32), array([202]))
Training group 0, split 3
	Early stopping at epoch 13
	Y Train Labels:(array([1.], dtype=float32), array([606]))
	Y Val Labels:(array([1.], dtype=float32), array([202]))
Done.
	Creating sequence for 'paxos-standard'... Training group 1, split 1
	Early stopping at epoch 13
	Y Train Labels:(array([1.], dtype=float32), array([425]))
	Y Val Labels:(array([1.], dtype=float32), array([423]))
Training group 1, split 2
	Early stopping at epoch 13
	Y Train Labels:(array([1.], dtype=float32), array([848]))
	Y Val Labels:(array([1.], dtype=float32), array([423]))
Training group 1, split 3
	Early stopping at epoch 13
	Y Train Labels:(array([1.], dtype=float32), array([1271]))
	Y Val Labels:(array([1.], dtype=float32), array([423]))
Done.
	Creating sequence for 'hanchain'... Training group 2, split 1
	Early stopping at epoch 13
	Y Train Labels:(array([0., 1.], dtype=float32), array([121,  21]))
	Y Val Labels:(array([0.], dtype=float32), array([142]))
Training group 2, split 2
	Early stopping at epoch 13
	Y Train Labels:(array([0., 1.], dtype=float32), array([263,  21]))
	Y Val Labels:(array([0.], dtype=float32), array([142]))
Training group 2, split 3
	Early stopping at epoch 13
	Y Train Labels:(array([0., 1.], dtype=float32), array([405,  21]))
	Y Val Labels:(array([0.], dtype=float32), array([142]))
Done.
	Creating sequence for 'alchemy-pay'... Training group 3, split 1
	Early stopping at epoch 13
	Y Train Labels:(array([1.], dtype=float32), array([340]))
	Y Val Labels:(array([1.], dtype=float32), array([337]))
Training group 3, split 2
	Early stopping at epoch 13
	Y Train Labels:(array([1.], dtype=float32), array([677]))
	Y Val Labels:(array([1.], dtype=float32), array([337]))
Training group 3, split 3
	Early stopping at epoch 13
	Y Train Labels:(array([1.], dtype=float32), array([1014]))
	Y Val Labels:(array([1.], dtype=float32), array([337]))
Done.
	Creating sequence for 'basis-cash'... Training group 4, split 1
	Early stopping at epoch 13
	Y Train Labels:(array([1.], dtype=float32), array([331]))
	Y Val Labels:(array([0., 1.], dtype=float32), array([195, 133]))
Training group 4, split 2
