


--------------------------------------------------
Starting lstm.py at '2024-10-25 16:52:10.792568'.
Reading './balancedDataset.json'... Done.
Total training Data: 1030
DAOs trained so far:223
Size of training set: 498
Size of test set: 309
Preparing data for training...
Preparing data for testing...
Parameters:
	Num epochs: 60
	Initial learning rate: 0.001
	Patience: 12
	Window size: 60
	Timeseries splits: 3
	Minimum number of timeseries datapoints: 64
Gradient boosting params: 
	{"max_depth": 3, "learning_rate": 0.05, "n_estimators": 100, "objective": "binary:logistic", "eval_metric": "logloss"}
	Creating sequence for 'unisocks'... Training group 0, split 1
	Early stopping at epoch 13
	Y Train Labels:(array([1.], dtype=float32), array([323]))
	Y Val Labels:(array([1.], dtype=float32), array([322]))
Training group 0, split 2
	Early stopping at epoch 13
	Y Train Labels:(array([1.], dtype=float32), array([645]))
	Y Val Labels:(array([1.], dtype=float32), array([322]))
Training group 0, split 3
	Early stopping at epoch 13
	Y Train Labels:(array([1.], dtype=float32), array([967]))
	Y Val Labels:(array([1.], dtype=float32), array([322]))
Done.
	Creating sequence for 'hitchain'... Training group 1, split 1
	Early stopping at epoch 13
	Y Train Labels:(array([1.], dtype=float32), array([174]))
	Y Val Labels:(array([1.], dtype=float32), array([174]))
Training group 1, split 2
	Early stopping at epoch 13
	Y Train Labels:(array([1.], dtype=float32), array([348]))
	Y Val Labels:(array([1.], dtype=float32), array([174]))
Training group 1, split 3
	Early stopping at epoch 13
	Y Train Labels:(array([1.], dtype=float32), array([522]))
	Y Val Labels:(array([1.], dtype=float32), array([174]))
Done.
	Creating sequence for 'konnect'... Training group 2, split 1
	Early stopping at epoch 13
	Y Train Labels:(array([1.], dtype=float32), array([198]))
	Y Val Labels:(array([1.], dtype=float32), array([198]))
Training group 2, split 2
	Early stopping at epoch 13
	Y Train Labels:(array([1.], dtype=float32), array([396]))
	Y Val Labels:(array([0., 1.], dtype=float32), array([ 92, 106]))
Training group 2, split 3
	Early stopping at epoch 13
	Y Train Labels:(array([0., 1.], dtype=float32), array([ 92, 502]))
	Y Val Labels:(array([0.], dtype=float32), array([198]))
Done.
	Creating sequence for 'cheems'... Training group 3, split 1
	Early stopping at epoch 13
	Y Train Labels:(array([1.], dtype=float32), array([103]))
	Y Val Labels:(array([1.], dtype=float32), array([103]))
Training group 3, split 2
	Early stopping at epoch 13
	Y Train Labels:(array([1.], dtype=float32), array([206]))
	Y Val Labels:(array([0., 1.], dtype=float32), array([96,  7]))
Training group 3, split 3
	Early stopping at epoch 13
	Y Train Labels:(array([0., 1.], dtype=float32), array([ 96, 213]))
	Y Val Labels:(array([0.], dtype=float32), array([103]))
Done.
	Creating sequence for 'wonderman-nation'... Training group 4, split 1
	Early stopping at epoch 13
	Y Train Labels:(array([1.], dtype=float32), array([203]))
	Y Val Labels:(array([1.], dtype=float32), array([202]))
Training group 4, split 2
	Early stopping at epoch 13
	Y Train Labels:(array([1.], dtype=float32), array([405]))
	Y Val Labels:(array([1.], dtype=float32), array([202]))
Training group 4, split 3
	Early stopping at epoch 13
	Y Train Labels:(array([1.], dtype=float32), array([607]))
	Y Val Labels:(array([1.], dtype=float32), array([202]))
Done.
	Creating sequence for 'smartofgiving'... Training group 5, split 1
	Early stopping at epoch 13
	Y Train Labels:(array([1.], dtype=float32), array([443]))
	Y Val Labels:(array([1.], dtype=float32), array([441]))
Training group 5, split 2
