


--------------------------------------------------
Starting lstm.py at '2024-10-23 20:18:27.006292'.
Reading '../classifiedDAOs.json'... Done.
Total training Data: 1578
DAOs trained so far:756
Size of training set: 348
Size of test set: 474
Preparing data for training...
Preparing data for testing...
Parameters:
	Num epochs: 60
	Initial learning rate: 0.001
	Patience: 12
	Window size: 60
	Timeseries splits: 3
	Minimum number of timeseries datapoints: 64
Gradient boosting params: 
	{"max_depth": 3, "learning_rate": 0.05, "n_estimators": 100, "objective": "binary:logistic", "eval_metric": "logloss"}
	Creating sequence for 'tifi-token'... Training group 0, split 1
	Early stopping at epoch 13
	Y Train Labels:(array([0., 1.], dtype=float32), array([ 59, 125]))
	Y Val Labels:(array([0.], dtype=float32), array([183]))
Training group 0, split 2
	Early stopping at epoch 27
	Y Train Labels:(array([0., 1.], dtype=float32), array([242, 125]))
	Y Val Labels:(array([0.], dtype=float32), array([183]))
Training group 0, split 3
	Early stopping at epoch 32
	Y Train Labels:(array([0., 1.], dtype=float32), array([425, 125]))
	Y Val Labels:(array([0.], dtype=float32), array([183]))
Done.
	Creating sequence for 'spiritswap'... Training group 1, split 1
	Early stopping at epoch 13
	Y Train Labels:(array([0., 1.], dtype=float32), array([ 44, 244]))
	Y Val Labels:(array([0.], dtype=float32), array([287]))
Training group 1, split 2
	Early stopping at epoch 32
	Y Train Labels:(array([0., 1.], dtype=float32), array([331, 244]))
	Y Val Labels:(array([0.], dtype=float32), array([287]))
Training group 1, split 3
	Early stopping at epoch 28
	Y Train Labels:(array([0., 1.], dtype=float32), array([618, 244]))
	Y Val Labels:(array([0.], dtype=float32), array([287]))
Done.
	Creating sequence for 'pepe'... Training group 2, split 1
	Y Train Labels:(array([1.], dtype=float32), array([108]))
	Y Val Labels:(array([1.], dtype=float32), array([108]))
Training group 2, split 2
	Y Train Labels:(array([1.], dtype=float32), array([216]))
	Y Val Labels:(array([1.], dtype=float32), array([108]))
Training group 2, split 3
	Y Train Labels:(array([1.], dtype=float32), array([324]))
	Y Val Labels:(array([1.], dtype=float32), array([108]))
Done.
	Creating sequence for 'origintrail'... Training group 3, split 1
	Y Train Labels:(array([1.], dtype=float32), array([583]))
	Y Val Labels:(array([1.], dtype=float32), array([582]))
Training group 3, split 2
	Y Train Labels:(array([1.], dtype=float32), array([1165]))
	Y Val Labels:(array([1.], dtype=float32), array([582]))
Training group 3, split 3
	Y Train Labels:(array([1.], dtype=float32), array([1747]))
	Y Val Labels:(array([1.], dtype=float32), array([582]))
Done.
	Creating sequence for 'stafi'... Training group 4, split 1
	Y Train Labels:(array([1.], dtype=float32), array([342]))
	Y Val Labels:(array([1.], dtype=float32), array([339]))
Training group 4, split 2
	Y Train Labels:(array([1.], dtype=float32), array([681]))
	Y Val Labels:(array([1.], dtype=float32), array([339]))
Training group 4, split 3
	Y Train Labels:(array([1.], dtype=float32), array([1020]))
	Y Val Labels:(array([1.], dtype=float32), array([339]))
Done.
	Creating sequence for 'jesus-coin'... Training group 5, split 1
	Y Train Labels:(array([0.], dtype=float32), array([138]))
	Y Val Labels:(array([0.], dtype=float32), array([137]))
Training group 5, split 2
	Y Train Labels:(array([0.], dtype=float32), array([275]))
	Y Val Labels:(array([0.], dtype=float32), array([137]))
Training group 5, split 3
	Y Train Labels:(array([0.], dtype=float32), array([412]))
	Y Val Labels:(array([0.], dtype=float32), array([137]))
Done.
	Creating sequence for 'gameswift'... Training group 6, split 1
	Y Train Labels:(array([1.], dtype=float32), array([93]))
	Y Val Labels:(array([1.], dtype=float32), array([93]))
Training group 6, split 2
	Early stopping at epoch 13
	Y Train Labels:(array([1.], dtype=float32), array([186]))
	Y Val Labels:(array([0., 1.], dtype=float32), array([ 2, 91]))
Training group 6, split 3
	Early stopping at epoch 13
	Y Train Labels:(array([0., 1.], dtype=float32), array([  2, 277]))
	Y Val Labels:(array([0.], dtype=float32), array([93]))
Done.
	Creating sequence for 'aave-snx'... Skipped.
	Creating sequence for 'wat'... Training group 7, split 1
	Y Train Labels:(array([0.], dtype=float32), array([11]))
	Y Val Labels:(array([0.], dtype=float32), array([9]))
Training group 7, split 2
	Y Train Labels:(array([0.], dtype=float32), array([20]))
	Y Val Labels:(array([0.], dtype=float32), array([9]))
Training group 7, split 3
	Y Train Labels:(array([0.], dtype=float32), array([29]))
	Y Val Labels:(array([0.], dtype=float32), array([9]))
Done.
	Creating sequence for 'cyclone-protocol'... Training group 8, split 1
	Early stopping at epoch 13
	Y Train Labels:(array([1.], dtype=float32), array([303]))
	Y Val Labels:(array([0., 1.], dtype=float32), array([268,  35]))
Training group 8, split 2
	Early stopping at epoch 37
	Y Train Labels:(array([0., 1.], dtype=float32), array([268, 338]))
	Y Val Labels:(array([0.], dtype=float32), array([303]))
Training group 8, split 3
