


--------------------------------------------------
Starting lstm.py at '2024-10-25 17:27:44.397285'.
Reading './balancedDataset.json'... Done.
Total training Data: 1030
DAOs trained so far:468
Size of training set: 253
Size of test set: 309
Preparing data for training...
Preparing data for testing...
Parameters:
	Num epochs: 60
	Initial learning rate: 0.001
	Patience: 12
	Window size: 60
	Timeseries splits: 3
	Minimum number of timeseries datapoints: 64
Gradient boosting params: 
	{"max_depth": 3, "learning_rate": 0.05, "n_estimators": 100, "objective": "binary:logistic", "eval_metric": "logloss"}
	Creating sequence for 'bitcoin'... Training group 0, split 1
	Early stopping at epoch 13
	Y Train Labels:(array([1.], dtype=float32), array([478]))
	Y Val Labels:(array([1.], dtype=float32), array([476]))
Training group 0, split 2
	Early stopping at epoch 13
	Y Train Labels:(array([1.], dtype=float32), array([954]))
	Y Val Labels:(array([1.], dtype=float32), array([476]))
Training group 0, split 3
	Early stopping at epoch 13
	Y Train Labels:(array([1.], dtype=float32), array([1430]))
	Y Val Labels:(array([1.], dtype=float32), array([476]))
Done.
	Creating sequence for 'stader'... Training group 1, split 1
	Early stopping at epoch 13
	Y Train Labels:(array([1.], dtype=float32), array([88]))
	Y Val Labels:(array([1.], dtype=float32), array([86]))
Training group 1, split 2
	Early stopping at epoch 13
	Y Train Labels:(array([1.], dtype=float32), array([174]))
	Y Val Labels:(array([1.], dtype=float32), array([86]))
Training group 1, split 3
	Early stopping at epoch 13
	Y Train Labels:(array([1.], dtype=float32), array([260]))
	Y Val Labels:(array([1.], dtype=float32), array([86]))
Done.
	Creating sequence for 'bitget-wallet-token'... Training group 2, split 1
	Early stopping at epoch 13
	Y Train Labels:(array([0.], dtype=float32), array([15]))
	Y Val Labels:(array([0.], dtype=float32), array([12]))
Training group 2, split 2
	Early stopping at epoch 13
	Y Train Labels:(array([0.], dtype=float32), array([27]))
	Y Val Labels:(array([0.], dtype=float32), array([12]))
Training group 2, split 3
	Early stopping at epoch 13
	Y Train Labels:(array([0.], dtype=float32), array([39]))
	Y Val Labels:(array([0.], dtype=float32), array([12]))
Done.
	Creating sequence for 'hedgetrade'... Training group 3, split 1
	Early stopping at epoch 13
	Y Train Labels:(array([1.], dtype=float32), array([481]))
	Y Val Labels:(array([1.], dtype=float32), array([480]))
Training group 3, split 2
	Early stopping at epoch 13
	Y Train Labels:(array([1.], dtype=float32), array([961]))
	Y Val Labels:(array([0., 1.], dtype=float32), array([235, 245]))
Training group 3, split 3
	Early stopping at epoch 13
	Y Train Labels:(array([0., 1.], dtype=float32), array([ 235, 1206]))
	Y Val Labels:(array([0.], dtype=float32), array([480]))
Done.
	Creating sequence for 'origin-dollar'... Training group 4, split 1
	Early stopping at epoch 13
	Y Train Labels:(array([1.], dtype=float32), array([294]))
	Y Val Labels:(array([1.], dtype=float32), array([293]))
Training group 4, split 2
	Early stopping at epoch 13
	Y Train Labels:(array([1.], dtype=float32), array([587]))
	Y Val Labels:(array([1.], dtype=float32), array([293]))
Training group 4, split 3
	Early stopping at epoch 13
	Y Train Labels:(array([1.], dtype=float32), array([880]))
	Y Val Labels:(array([1.], dtype=float32), array([293]))
Done.
	Creating sequence for 'groestlcoin'... Training group 5, split 1
	Early stopping at epoch 13
	Y Train Labels:(array([1.], dtype=float32), array([568]))
	Y Val Labels:(array([1.], dtype=float32), array([568]))
Training group 5, split 2
