


--------------------------------------------------
Starting lstm.py at '2024-10-11 00:08:53.943816'.
Reading './isDaoActiveData(4).json'... Done.
Total training Data: 379
Size of training set: 265
Size of test set: 114
Preparing data for training...
	Creating sequence for 'chiliz'...                   datetime  devActivity
0     2019-07-01T00:00:00Z          NaN
1     2019-07-02T00:00:00Z          NaN
2     2019-07-03T00:00:00Z          NaN
3     2019-07-04T00:00:00Z          NaN
4     2019-07-05T00:00:00Z          NaN
...                    ...          ...
1908  2024-09-20T00:00:00Z          NaN
1909  2024-09-21T00:00:00Z          NaN
1910  2024-09-22T00:00:00Z          NaN
1911  2024-09-23T00:00:00Z          NaN
1912  2024-09-24T00:00:00Z          NaN

[1913 rows x 2 columns]
Lengths:19131913
Lengths:19131913
Lengths:19131913
Lengths:19131913
Lengths:19131913
Lengths:19131913
Lengths:19131913
Lengths:19131913
Lengths:19131913
Lengths:19131913
Lengths:19131913
Lengths:19131913
Lengths:19131913
Lengths:19131913
Lengths:19131913
Lengths:19131913
Lengths:19131913
Lengths:19131913
Lengths:19131913
Lengths:19131913
Lengths:19131913
Lengths:19131913
Lengths:19131913
Lengths:19131913
Lengths:19131913
Lengths:19131913
Lengths:19131913
Lengths:19131913
Lengths:19131913
Lengths:19131913
Lengths:19131913
Lengths:19131913
Lengths:19131913
Lengths:19131913
Lengths:19131913
Lengths:19131913
Lengths:19131913
Lengths:19131913
Lengths:19131913
Lengths:19131913
Lengths:19131913
Lengths:19131913
Lengths:19131913
Lengths:19131913
Lengths:19131913
Lengths:19131913
Lengths:19131913
Lengths:19131913
Lengths:19131913
Lengths:19131913
Lengths:19131913
Lengths:19131913
Lengths:19131913
Lengths:19131913
Lengths:19131913
Lengths:19131913
Lengths:19131913
Lengths:19131913
Lengths:19131913
Lengths:19131913
Lengths:19131913
Lengths:19131913
Lengths:19131913
Lengths:19131913
Lengths:19131913
Lengths:19131913
Lengths:19131913
Lengths:19131913
Lengths:19131913
Lengths:19131913
Lengths:19131913
Lengths:19131913
Lengths:19131913
Lengths:19131913
Lengths:19131913
Lengths:19131913
Lengths:19131913
Lengths:19131913
Lengths:19131913
Lengths:19131913
Lengths:19131913
Lengths:19131913
Lengths:19131913
Lengths:19131913
Lengths:19131913
Lengths:19131913
Lengths:19131913
Lengths:19131913
Lengths:19131913
Lengths:19131913
Lengths:19131913
Lengths:19131913
Lengths:19131913
Lengths:19131913
Lengths:19131913
Lengths:19131913
Lengths:19131913
Lengths:19131913
Lengths:19131913
Lengths:19131913
Lengths:19131913
Lengths:19131913
Lengths:19131913
Lengths:19131913
Lengths:19131913
Lengths:19131913
Lengths:19131913
Lengths:19131913
Lengths:19131913
Lengths:19131913
Lengths:19131913
Lengths:19131913
Lengths:19131913
Lengths:19131913
Lengths:19131913
Lengths:19131913
Lengths:19131913
Lengths:19131913
Lengths:19131913
Lengths:19131913
Lengths:19131913
Lengths:19131913
Lengths:19131913
Lengths:19131913
Lengths:19131913
Lengths:19131913
Lengths:19131913
Lengths:19131913
Lengths:19131913
Lengths:19131913
Lengths:19131913
Lengths:19131913
Lengths:19131913
Lengths:19131913
Lengths:19131913
Lengths:19131913
Lengths:19131913
Lengths:19131913
Lengths:19131913
Lengths:19131913
Lengths:19131913
Lengths:19131913
Lengths:19131913
Lengths:19131913
Lengths:19131913
Lengths:19131913
Lengths:19131913
Lengths:19131913
Lengths:19131913
Lengths:19131913
Lengths:19131913
Lengths:19131913
Lengths:19131913
Lengths:19131913
Lengths:19131913
Lengths:19131913
Lengths:19131913
Lengths:19131913
Lengths:19131913
Lengths:19131913
Lengths:19131913
Lengths:19131913
Lengths:19131913
Lengths:19131913
Lengths:19131913
Lengths:19131913
Lengths:19131913
Lengths:19131913
Lengths:19131913
Lengths:19131913
Lengths:19131913
Lengths:19131913
Lengths:19131913
Lengths:19131913
Lengths:19131913
Lengths:19131913
Lengths:19131913
Lengths:19131913
Lengths:19131913
Lengths:19131913
Lengths:19131913
Lengths:19131913
Lengths:19131913
Lengths:19131913
Lengths:19131913
Lengths:19131913
Lengths:19131913
Lengths:19131913
Lengths:19131913
Lengths:19131913
Lengths:19131913
Lengths:19131913
Lengths:19131913
Lengths:19131913
Lengths:19131913
Lengths:19131913
Lengths:19131913
Lengths:19131913
Lengths:19131913
Lengths:19131913
Lengths:19131913
Lengths:19131913
Lengths:19131913
Lengths:19131913
Lengths:19131913
Lengths:19131913
Lengths:19131913
Lengths:19131913
Lengths:19131913
Lengths:19131913
Lengths:19131913
Lengths:19131913
Lengths:19131913
Lengths:19131913
Lengths:19131913
Lengths:19131913
Lengths:19131913
Lengths:19131913
Lengths:19131913
Lengths:19131913
Lengths:19131913
Lengths:19131913
Lengths:19131913
Lengths:19131913
Lengths:19131913
Lengths:19131913
Lengths:19131913
Lengths:19131913
Lengths:19131913
Lengths:19131913
Lengths:19131913
Lengths:19131913
Lengths:19131913
Lengths:19131913
Lengths:19131913
Lengths:19131913
Lengths:19131913
Lengths:19131913
Lengths:19131913
Lengths:19131913
Lengths:19131913
Lengths:19131913
Lengths:19131913
Lengths:19131913
Lengths:19131913
Lengths:19131913
Lengths:19131913
Lengths:19131913
Lengths:19131913
Lengths:19131913
Lengths:19131913
Lengths:19131913
Lengths:19131913
Lengths:19131913
Lengths:19131913
Lengths:19131913
Lengths:19131913
Lengths:19131913
Lengths:19131913
Lengths:19131913
Lengths:19131913
Lengths:19131913
Lengths:19131913
Lengths:19131913
Lengths:19131913
Lengths:19131913
Lengths:19131913
Lengths:19131913
Lengths:19131913
Lengths:19131913
Lengths:19131913
Lengths:19131913
Lengths:19131913
Lengths:19131913
Lengths:19131913
Lengths:19131913
Lengths:19131913
Lengths:19131913
Lengths:19131913
Lengths:19131913
Lengths:19131913
Lengths:19131913
Lengths:19131913
Lengths:19131913
Lengths:19131913
Lengths:19131913
Lengths:19131913
Lengths:19131913
Lengths:19131913
Lengths:19131913
Lengths:19131913
Lengths:19131913
Lengths:19131913
Lengths:19131913
Lengths:19131913
Lengths:19131913
Lengths:19131913
Lengths:19131913
Lengths:19131913
Lengths:19131913
Lengths:19131913
Lengths:19131913
Lengths:19131913
Lengths:19131913
Lengths:19131913
Lengths:19131913
Lengths:19131913
Lengths:19131913
Lengths:19131913
Lengths:19131913
Lengths:19131913
Lengths:19131913
Lengths:19131913
Lengths:19131913
Lengths:19131913
Lengths:19131913
Lengths:19131913
Lengths:19131913
Lengths:19131913
Lengths:19131913
Lengths:19131913
Lengths:19131913
Lengths:19131913
Lengths:19131913
Lengths:19131913
Lengths:19131913
Lengths:19131913
Lengths:19131913
Lengths:19131913
Lengths:19131913
Lengths:19131913
Lengths:19131913
Lengths:19131913
Lengths:19131913
Lengths:19131913
Lengths:19131913
Lengths:19131913
Lengths:19131913
Lengths:19131913
Lengths:19131913
Lengths:19131913
Lengths:19131913
Lengths:19131913
Lengths:19131913
Lengths:19131913
Lengths:19131913
Lengths:19131913
Lengths:19131913
Lengths:19131913
Lengths:19131913
Lengths:19131913
Lengths:19131913
Lengths:19131913
Lengths:19131913
Lengths:19131913
Lengths:19131913
Lengths:19131913
Lengths:19131913
Lengths:19131913
Lengths:19131913
Lengths:19131913
Lengths:19131913
Lengths:19131913
Lengths:19131913
Lengths:19131913
Lengths:19131913
Lengths:19131913
Lengths:19131913
Lengths:19131913
Lengths:19131913
Lengths:19131913
Lengths:19131913
Lengths:19131913
Lengths:19131913
Lengths:19131913
Lengths:19131913
Lengths:19131913
Lengths:19131913
Lengths:19131913
Lengths:19131913
Lengths:19131913
Lengths:19131913
Lengths:19131913
Lengths:19131913
Lengths:19131913
Lengths:19131913
Lengths:19131913
Lengths:19131913
Lengths:19131913
Lengths:19131913
Lengths:19131913
Lengths:19131913
Lengths:19131913
Lengths:19131913
Lengths:19131913
Lengths:19131913
Lengths:19131913
Lengths:19131913
Lengths:19131913
Lengths:19131913
Lengths:19131913
Lengths:19131913
Lengths:19131913
Lengths:19131913
Lengths:19131913
Lengths:19131913
Lengths:19131913
Lengths:19131913
Lengths:19131913
Lengths:19131913
Lengths:19131913
Lengths:19131913
Lengths:19131913
Lengths:19131913
Lengths:19131913
Lengths:19131913
Lengths:19131913
Lengths:19131913
Lengths:19131913
Lengths:19131913
Lengths:19131913
Lengths:19131913
Lengths:19131913
Lengths:19131913
Lengths:19131913
Lengths:19131913
Lengths:19131913
Lengths:19131913
Lengths:19131913
Lengths:19131913
Lengths:19131913
Lengths:19131913
Lengths:19131913
Lengths:19131913
Lengths:19131913
Lengths:19131913
Lengths:19131913
Lengths:19131913
Lengths:19131913
Lengths:19131913
Lengths:19131913
Lengths:19131913
Lengths:19131913
Lengths:19131913
Lengths:19131913
Lengths:19131913
Lengths:19131913
Lengths:19131913
Lengths:19131913
Lengths:19131913
Lengths:19131913
Lengths:19131913
Lengths:19131913
Lengths:19131913
Lengths:19131913
Lengths:19131913
Lengths:19131913
Lengths:19131913
Lengths:19131913
Lengths:19131913
Lengths:19131913
Lengths:19131913
Lengths:19131913
Lengths:19131913
Lengths:19131913
Lengths:19131913
Lengths:19131913
Lengths:19131913
Lengths:19131913
Lengths:19131913
Lengths:19131913
Lengths:19131913
Lengths:19131913
Lengths:19131913
Lengths:19131913
Lengths:19131913
Lengths:19131913
Lengths:19131913
Lengths:19131913
Lengths:19131913
Lengths:19131913
Lengths:19131913
Lengths:19131913
Lengths:19131913
Lengths:19131913
Lengths:19131913
Lengths:19131913
Lengths:19131913
Lengths:19131913
Lengths:19131913
Lengths:19131913
Lengths:19131913
Lengths:19131913
Lengths:19131913
Lengths:19131913
Lengths:19131913
Lengths:19131913
Lengths:19131913
Lengths:19131913
Lengths:19131913
Lengths:19131913
Lengths:19131913
Lengths:19131913
Lengths:19131913
Lengths:19131913
Lengths:19131913
Lengths:19131913
Lengths:19131913
Lengths:19131913
Lengths:19131913
Lengths:19131913
Lengths:19131913
Lengths:19131913
Lengths:19131913
Lengths:19131913
Lengths:19131913
Lengths:19131913
Lengths:19131913
Lengths:19131913
Lengths:19131913
Lengths:19131913
Lengths:19131913
Lengths:19131913
Lengths:19131913
Lengths:19131913
Lengths:19131913
Lengths:19131913
Lengths:19131913
Lengths:19131913
Lengths:19131913
Lengths:19131913
Lengths:19131913
Lengths:19131913
Lengths:19131913
Lengths:19131913
Lengths:19131913
Lengths:19131913
Lengths:19131913
Lengths:19131913
Lengths:19131913
Lengths:19131913
Lengths:19131913
Lengths:19131913
Lengths:19131913
Lengths:19131913
Lengths:19131913
Lengths:19131913
Lengths:19131913
Lengths:19131913
Lengths:19131913
Lengths:19131913
Lengths:19131913
Lengths:19131913
Lengths:19131913
Lengths:19131913
Lengths:19131913
Lengths:19131913
Lengths:19131913
Lengths:19131913
Lengths:19131913
Lengths:19131913
Lengths:19131913
Lengths:19131913
Lengths:19131913
Lengths:19131913
Lengths:19131913
Lengths:19131913
Lengths:19131913
Lengths:19131913
Lengths:19131913
Lengths:19131913
Lengths:19131913
Lengths:19131913
Lengths:19131913
Lengths:19131913
Lengths:19131913
Lengths:19131913
Lengths:19131913
Lengths:19131913
Lengths:19131913
Lengths:19131913
Lengths:19131913
Lengths:19131913
Lengths:19131913
Lengths:19131913
Lengths:19131913
Lengths:19131913
Lengths:19131913
Lengths:19131913
Lengths:19131913
Lengths:19131913
Lengths:19131913
Lengths:19131913
Lengths:19131913
Lengths:19131913
Lengths:19131913
Lengths:19131913
Lengths:19131913
Lengths:19131913
Lengths:19131913
Lengths:19131913
Lengths:19131913
Lengths:19131913
Lengths:19131913
Lengths:19131913
Lengths:19131913
Lengths:19131913
Lengths:19131913
Lengths:19131913
Lengths:19131913
Lengths:19131913
Lengths:19131913
Lengths:19131913
Lengths:19131913
Lengths:19131913
Lengths:19131913
Lengths:19131913
Lengths:19131913
Lengths:19131913
Lengths:19131913
Lengths:19131913
Lengths:19131913
Lengths:19131913
Lengths:19131913
Lengths:19131913
Lengths:19131913
Lengths:19131913
Lengths:19131913
Lengths:19131913
Lengths:19131913
Lengths:19131913
Lengths:19131913
Lengths:19131913
Lengths:19131913
Lengths:19131913
Lengths:19131913
Lengths:19131913
Lengths:19131913
Lengths:19131913
Lengths:19131913
Lengths:19131913
Lengths:19131913
Lengths:19131913
Lengths:19131913
Lengths:19131913
Lengths:19131913
Lengths:19131913
Lengths:19131913
Lengths:19131913
Lengths:19131913
Lengths:19131913
Lengths:19131913
Lengths:19131913
Lengths:19131913
Lengths:19131913
Lengths:19131913
Lengths:19131913
Lengths:19131913
Lengths:19131913
Lengths:19131913
Lengths:19131913
Lengths:19131913
Lengths:19131913
Lengths:19131913
Lengths:19131913
Lengths:19131913
Lengths:19131913
Lengths:19131913
Lengths:19131913
Lengths:19131913
Lengths:19131913
Lengths:19131913
Lengths:19131913
Lengths:19131913
Lengths:19131913
Lengths:19131913
Lengths:19131913
Lengths:19131913
Lengths:19131913
Lengths:19131913
Lengths:19131913
Lengths:19131913
Lengths:19131913
Lengths:19131913
Lengths:19131913
Lengths:19131913
Lengths:19131913
Lengths:19131913
Lengths:19131913
Lengths:19131913
Lengths:19131913
Lengths:19131913
Lengths:19131913
Lengths:19131913
Lengths:19131913
Lengths:19131913
Lengths:19131913
Lengths:19131913
Lengths:19131913
Lengths:19131913
Lengths:19131913
Lengths:19131913
Lengths:19131913
Lengths:19131913
Lengths:19131913
Lengths:19131913
Lengths:19131913
Lengths:19131913
Lengths:19131913
Lengths:19131913
Lengths:19131913
Lengths:19131913
Lengths:19131913
Lengths:19131913
Lengths:19131913
Lengths:19131913
Lengths:19131913
Lengths:19131913
Lengths:19131913
Lengths:19131913
Lengths:19131913
Lengths:19131913
Lengths:19131913
Lengths:19131913
Lengths:19131913
Lengths:19131913
Lengths:19131913
Lengths:19131913
Lengths:19131913
Lengths:19131913
Lengths:19131913
Lengths:19131913
Lengths:19131913
Lengths:19131913
Lengths:19131913
Lengths:19131913
Lengths:19131913
Lengths:19131913
Lengths:19131913
Lengths:19131913
Lengths:19131913
Lengths:19131913
Lengths:19131913
Lengths:19131913
Lengths:19131913
Lengths:19131913
Lengths:19131913
Lengths:19131913
Lengths:19131913
Lengths:19131913
Lengths:19131913
Lengths:19131913
Lengths:19131913
Lengths:19131913
Lengths:19131913
Lengths:19131913
Lengths:19131913
Lengths:19131913
Lengths:19131913
Lengths:19131913
Lengths:19131913
Lengths:19131913
Lengths:19131913
Lengths:19131913
Lengths:19131913
Lengths:19131913
Lengths:19131913
Lengths:19131913
Lengths:19131913
Lengths:19131913
Lengths:19131913
Lengths:19131913
Lengths:19131913
Lengths:19131913
Lengths:19131913
Lengths:19131913
Lengths:19131913
Lengths:19131913
Lengths:19131913
Lengths:19131913
Lengths:19131913
Lengths:19131913
Lengths:19131913
Lengths:19131913
Lengths:19131913
Lengths:19131913
Lengths:19131913
Lengths:19131913
Lengths:19131913
Lengths:19131913
Lengths:19131913
Lengths:19131913
Lengths:19131913
Lengths:19131913
Lengths:19131913
Lengths:19131913
Lengths:19131913
Lengths:19131913
Lengths:19131913
Lengths:19131913
Lengths:19131913
Lengths:19131913
Lengths:19131913
Lengths:19131913
Lengths:19131913
Lengths:19131913
Lengths:19131913
Lengths:19131913
Lengths:19131913
Lengths:19131913
Lengths:19131913
Lengths:19131913
Lengths:19131913
Lengths:19131913
Lengths:19131913
Lengths:19131913
Lengths:19131913
Lengths:19131913
Lengths:19131913
Lengths:19131913
Lengths:19131913
Lengths:19131913
Lengths:19131913
Lengths:19131913
Lengths:19131913
Lengths:19131913
Lengths:19131913
Lengths:19131913
Lengths:19131913
Lengths:19131913
Lengths:19131913
Lengths:19131913
Lengths:19131913
Lengths:19131913
Lengths:19131913
Lengths:19131913
Lengths:19131913
Lengths:19131913
Lengths:19131913
Lengths:19131913
Lengths:19131913
Lengths:19131913
Lengths:19131913
Lengths:19131913
Lengths:19131913
Lengths:19131913
Lengths:19131913
Lengths:19131913
Lengths:19131913
Lengths:19131913
Lengths:19131913
Lengths:19131913
Lengths:19131913
Lengths:19131913
Lengths:19131913
Lengths:19131913
Lengths:19131913
Lengths:19131913
Lengths:19131913
Lengths:19131913
Lengths:19131913
Lengths:19131913
Lengths:19131913
Lengths:19131913
Lengths:19131913
Lengths:19131913
Lengths:19131913
Lengths:19131913
Lengths:19131913
Lengths:19131913
Lengths:19131913
Lengths:19131913
Lengths:19131913
Lengths:19131913
Lengths:19131913
Lengths:19131913
Lengths:19131913
Lengths:19131913
Lengths:19131913
Lengths:19131913
Lengths:19131913
Lengths:19131913
Lengths:19131913
Lengths:19131913
Lengths:19131913
Lengths:19131913
Lengths:19131913
Lengths:19131913
Lengths:19131913
Lengths:19131913
Lengths:19131913
Lengths:19131913
Lengths:19131913
Lengths:19131913
Lengths:19131913
Lengths:19131913
Lengths:19131913
Lengths:19131913
Lengths:19131913
Lengths:19131913
Lengths:19131913
Lengths:19131913
Lengths:19131913
Lengths:19131913
Lengths:19131913
Lengths:19131913
Lengths:19131913
Lengths:19131913
Lengths:19131913
Lengths:19131913
Lengths:19131913
Lengths:19131913
Lengths:19131913
Lengths:19131913
Lengths:19131913
Lengths:19131913
Lengths:19131913
Lengths:19131913
Lengths:19131913
Lengths:19131913
Lengths:19131913
Lengths:19131913
Lengths:19131913
Lengths:19131913
Lengths:19131913
Lengths:19131913
Lengths:19131913
Lengths:19131913
Lengths:19131913
Lengths:19131913
Lengths:19131913
Lengths:19131913
Lengths:19131913
Lengths:19131913
Lengths:19131913
Lengths:19131913
Lengths:19131913
Lengths:19131913
Lengths:19131913
Lengths:19131913
Lengths:19131913
Lengths:19131913
Lengths:19131913
Lengths:19131913
Lengths:19131913
Lengths:19131913
Lengths:19131913
Lengths:19131913
Lengths:19131913
Lengths:19131913
Lengths:19131913
Lengths:19131913
Lengths:19131913
Lengths:19131913
Lengths:19131913
Lengths:19131913
Lengths:19131913
Lengths:19131913
Lengths:19131913
Lengths:19131913
Lengths:19131913
Lengths:19131913
Lengths:19131913
Lengths:19131913
Lengths:19131913
Lengths:19131913
Lengths:19131913
Lengths:19131913
Lengths:19131913
Lengths:19131913
Lengths:19131913
Lengths:19131913
Lengths:19131913
Lengths:19131913
Lengths:19131913
Lengths:19131913
Lengths:19131913
Lengths:19131913
Lengths:19131913
Lengths:19131913
Lengths:19131913
Lengths:19131913
Lengths:19131913
Lengths:19131913
Lengths:19131913
Lengths:19131913
Lengths:19131913
Lengths:19131913
Lengths:19131913
Lengths:19131913
Lengths:19131913
Lengths:19131913
Lengths:19131913
Lengths:19131913
Lengths:19131913
Lengths:19131913
Lengths:19131913
Lengths:19131913
Lengths:19131913
Lengths:19131913
Lengths:19131913
Lengths:19131913
Lengths:19131913
Lengths:19131913
Lengths:19131913
Lengths:19131913
Lengths:19131913
Lengths:19131913
Lengths:19131913
Lengths:19131913
Lengths:19131913
Lengths:19131913
Lengths:19131913
Lengths:19131913
Lengths:19131913
Lengths:19131913
Lengths:19131913
Lengths:19131913
Lengths:19131913
Lengths:19131913
Lengths:19131913
Lengths:19131913
Lengths:19131913
Lengths:19131913
Lengths:19131913
Lengths:19131913
Lengths:19131913
Lengths:19131913
Lengths:19131913
Lengths:19131913
Lengths:19131913
Lengths:19131913
Lengths:19131913
Lengths:19131913
Lengths:19131913
Lengths:19131913
Lengths:19131913
Lengths:19131913
Lengths:19131913
Lengths:19131913
Lengths:19131913
Lengths:19131913
Lengths:19131913
Lengths:19131913
Lengths:19131913
Lengths:19131913
Lengths:19131913
Lengths:19131913
Lengths:19131913
Lengths:19131913
Lengths:19131913
Lengths:19131913
Lengths:19131913
Lengths:19131913
Lengths:19131913
Lengths:19131913
Lengths:19131913
Lengths:19131913
Lengths:19131913
Lengths:19131913
Lengths:19131913
Lengths:19131913
Lengths:19131913
Lengths:19131913
Lengths:19131913
Lengths:19131913
Lengths:19131913
Lengths:19131913
Lengths:19131913
Lengths:19131913
Lengths:19131913
Lengths:19131913
Lengths:19131913
Lengths:19131913
Lengths:19131913
Lengths:19131913
Lengths:19131913
Lengths:19131913
Lengths:19131913
Lengths:19131913
Lengths:19131913
Lengths:19131913
Lengths:19131913
Lengths:19131913
Lengths:19131913
Lengths:19131913
Lengths:19131913
Lengths:19131913
Lengths:19131913
Lengths:19131913
Lengths:19131913
Lengths:19131913
Lengths:19131913
Lengths:19131913
Lengths:19131913
Lengths:19131913
Lengths:19131913
Lengths:19131913
Lengths:19131913
Lengths:19131913
Lengths:19131913
Lengths:19131913
Lengths:19131913
Lengths:19131913
Lengths:19131913
Lengths:19131913
Lengths:19131913
Lengths:19131913
Lengths:19131913
Lengths:19131913
Lengths:19131913
Lengths:19131913
Lengths:19131913
Lengths:19131913
Lengths:19131913
Lengths:19131913
Lengths:19131913
Lengths:19131913
Lengths:19131913
Lengths:19131913
Lengths:19131913
Lengths:19131913
Lengths:19131913
Lengths:19131913
Lengths:19131913
Lengths:19131913
Lengths:19131913
Lengths:19131913
Lengths:19131913
Lengths:19131913
Lengths:19131913
Lengths:19131913
Lengths:19131913
Lengths:19131913
Lengths:19131913
Lengths:19131913
Lengths:19131913
Lengths:19131913
Lengths:19131913
Lengths:19131913
Lengths:19131913
Lengths:19131913
Lengths:19131913
Lengths:19131913
Lengths:19131913
Lengths:19131913
Lengths:19131913
Lengths:19131913
Lengths:19131913
Lengths:19131913
Lengths:19131913
Lengths:19131913
Lengths:19131913
Lengths:19131913
Lengths:19131913
Lengths:19131913
Lengths:19131913
Lengths:19131913
Lengths:19131913
Lengths:19131913
Lengths:19131913
Lengths:19131913
Lengths:19131913
Lengths:19131913
Lengths:19131913
Lengths:19131913
Lengths:19131913
Lengths:19131913
Lengths:19131913
Lengths:19131913
Lengths:19131913
Lengths:19131913
Lengths:19131913
Lengths:19131913
Lengths:19131913
Lengths:19131913
Lengths:19131913
Lengths:19131913
Lengths:19131913
Lengths:19131913
Lengths:19131913
Lengths:19131913
Lengths:19131913
Lengths:19131913
Lengths:19131913
Lengths:19131913
Lengths:19131913
Lengths:19131913
Lengths:19131913
Lengths:19131913
Lengths:19131913
Lengths:19131913
Lengths:19131913
Lengths:19131913
Lengths:19131913
Lengths:19131913
Lengths:19131913
Lengths:19131913
Lengths:19131913
Lengths:19131913
Lengths:19131913
Lengths:19131913
Lengths:19131913
Lengths:19131913
Lengths:19131913
Lengths:19131913
Lengths:19131913
Lengths:19131913
Lengths:19131913
Lengths:19131913
Lengths:19131913
Lengths:19131913
Lengths:19131913
Lengths:19131913
Lengths:19131913
Lengths:19131913
Lengths:19131913
Lengths:19131913
Lengths:19131913
Lengths:19131913
Lengths:19131913
Lengths:19131913
Lengths:19131913
Lengths:19131913
Lengths:19131913
Lengths:19131913
Lengths:19131913
Lengths:19131913
Lengths:19131913
Lengths:19131913
Lengths:19131913
Lengths:19131913
Lengths:19131913
Lengths:19131913
Lengths:19131913
Lengths:19131913
Lengths:19131913
Lengths:19131913
Lengths:19131913
Lengths:19131913
Lengths:19131913
Lengths:19131913
Lengths:19131913
Lengths:19131913
Lengths:19131913
Lengths:19131913
Lengths:19131913
Lengths:19131913
Lengths:19131913
Lengths:19131913
Lengths:19131913
Lengths:19131913
Lengths:19131913
Lengths:19131913
Lengths:19131913
Lengths:19131913
Lengths:19131913
Lengths:19131913
Lengths:19131913
Lengths:19131913
Lengths:19131913
Lengths:19131913
Lengths:19131913
Lengths:19131913
Lengths:19131913
Lengths:19131913
Lengths:19131913
Lengths:19131913
Lengths:19131913
Lengths:19131913
Lengths:19131913
Lengths:19131913
Lengths:19131913
Lengths:19131913
Lengths:19131913
Lengths:19131913
Lengths:19131913
Lengths:19131913
Lengths:19131913
Lengths:19131913
Lengths:19131913
Lengths:19131913
Lengths:19131913
Lengths:19131913
Lengths:19131913
Lengths:19131913
Lengths:19131913
Lengths:19131913
Lengths:19131913
Lengths:19131913
Lengths:19131913
Lengths:19131913
Lengths:19131913
Lengths:19131913
Lengths:19131913
Lengths:19131913
Lengths:19131913
Lengths:19131913
Lengths:19131913
Lengths:19131913
Lengths:19131913
Lengths:19131913
Lengths:19131913
Lengths:19131913
Lengths:19131913
Lengths:19131913
Lengths:19131913
Lengths:19131913
Lengths:19131913
Lengths:19131913
Lengths:19131913
Lengths:19131913
Lengths:19131913
Lengths:19131913
Lengths:19131913
Lengths:19131913
Lengths:19131913
Lengths:19131913
Lengths:19131913
Lengths:19131913
Lengths:19131913
Lengths:19131913
Lengths:19131913
Lengths:19131913
Lengths:19131913
Lengths:19131913
Lengths:19131913
Lengths:19131913
Lengths:19131913
Lengths:19131913
Lengths:19131913
Lengths:19131913
Lengths:19131913
Lengths:19131913
Lengths:19131913
Lengths:19131913
Lengths:19131913
Lengths:19131913
Lengths:19131913
Lengths:19131913
Lengths:19131913
Lengths:19131913
Lengths:19131913
Lengths:19131913
Lengths:19131913
Lengths:19131913
Lengths:19131913
Lengths:19131913
Lengths:19131913
Lengths:19131913
Lengths:19131913
Lengths:19131913
Lengths:19131913
Lengths:19131913
Lengths:19131913
Lengths:19131913
Lengths:19131913
Lengths:19131913
Lengths:19131913
Lengths:19131913
Lengths:19131913
Lengths:19131913
Lengths:19131913
Lengths:19131913
Lengths:19131913
Lengths:19131913
Lengths:19131913
Lengths:19131913
Lengths:19131913
Lengths:19131913
Lengths:19131913
Lengths:19131913
Lengths:19131913
Lengths:19131913
Lengths:19131913
Lengths:19131913
Lengths:19131913
Lengths:19131913
Lengths:19131913
Lengths:19131913
Lengths:19131913
Lengths:19131913
Lengths:19131913
Lengths:19131913
Lengths:19131913
Lengths:19131913
Lengths:19131913
Lengths:19131913
Lengths:19131913
Lengths:19131913
Lengths:19131913
Lengths:19131913
Lengths:19131913
Lengths:19131913
Lengths:19131913
Lengths:19131913
Lengths:19131913
Lengths:19131913
Lengths:19131913
Lengths:19131913
Lengths:19131913
Lengths:19131913
Lengths:19131913
Lengths:19131913
Lengths:19131913
Lengths:19131913
Lengths:19131913
Lengths:19131913
Lengths:19131913
Lengths:19131913
Lengths:19131913
Lengths:19131913
Lengths:19131913
Lengths:19131913
Lengths:19131913
Lengths:19131913
Lengths:19131913
Lengths:19131913
Lengths:19131913
Lengths:19131913
Lengths:19131913
Lengths:19131913
Lengths:19131913
Lengths:19131913
Lengths:19131913
Lengths:19131913
Lengths:19131913
Lengths:19131913
Lengths:19131913
Lengths:19131913
Lengths:19131913
Lengths:19131913
Lengths:19131913
Lengths:19131913
Lengths:19131913
Lengths:19131913
Lengths:19131913
Lengths:19131913
Lengths:19131913
Lengths:19131913
Lengths:19131913
Lengths:19131913
Lengths:19131913
Lengths:19131913
Lengths:19131913
Lengths:19131913
Lengths:19131913
Lengths:19131913
Lengths:19131913
Lengths:19131913
Lengths:19131913
Lengths:19131913
Lengths:19131913
Lengths:19131913
Lengths:19131913
Lengths:19131913
Lengths:19131913
Lengths:19131913
Lengths:19131913
Lengths:19131913
Lengths:19131913
Lengths:19131913
Lengths:19131913
Lengths:19131913
Lengths:19131913
Lengths:19131913
Lengths:19131913
Lengths:19131913
Lengths:19131913
Lengths:19131913
Lengths:19131913
Lengths:19131913
Lengths:19131913
Lengths:19131913
Lengths:19131913
Lengths:19131913
Lengths:19131913
Lengths:19131913
Lengths:19131913
Lengths:19131913
Lengths:19131913
Lengths:19131913
Lengths:19131913
Lengths:19131913
Lengths:19131913
Lengths:19131913
Lengths:19131913
Lengths:19131913
Lengths:19131913
Lengths:19131913
Lengths:19131913
Lengths:19131913
Lengths:19131913
Lengths:19131913
Lengths:19131913
Lengths:19131913
Lengths:19131913
Lengths:19131913
Lengths:19131913
Lengths:19131913
Lengths:19131913
Lengths:19131913
Lengths:19131913
Lengths:19131913
Lengths:19131913
Lengths:19131913
Lengths:19131913
Lengths:19131913
Lengths:19131913
Lengths:19131913
Lengths:19131913
Lengths:19131913
Lengths:19131913
Lengths:19131913
Lengths:19131913
Lengths:19131913
Lengths:19131913
Lengths:19131913
Lengths:19131913
Lengths:19131913
Lengths:19131913
Lengths:19131913
Lengths:19131913
Lengths:19131913
Lengths:19131913
Lengths:19131913
Lengths:19131913
Lengths:19131913
Lengths:19131913
Lengths:19131913
Lengths:19131913
Lengths:19131913
Lengths:19131913
Lengths:19131913
Lengths:19131913
Lengths:19131913
Lengths:19131913
Lengths:19131913
Lengths:19131913
Lengths:19131913
Lengths:19131913
Lengths:19131913
Lengths:19131913
Lengths:19131913
Lengths:19131913
Lengths:19131913
Lengths:19131913
Lengths:19131913
Lengths:19131913
Lengths:19131913
Lengths:19131913
Lengths:19131913
Lengths:19131913
Lengths:19131913
Lengths:19131913
Lengths:19131913
Lengths:19131913
Lengths:19131913
Lengths:19131913
Lengths:19131913
Lengths:19131913
Lengths:19131913
Lengths:19131913
Lengths:19131913
Lengths:19131913
Lengths:19131913
Lengths:19131913
Lengths:19131913
Lengths:19131913
Lengths:19131913
Lengths:19131913
Lengths:19131913
Lengths:19131913
Lengths:19131913
Lengths:19131913
Lengths:19131913
Lengths:19131913
Lengths:19131913
Lengths:19131913
Lengths:19131913
Lengths:19131913
Lengths:19131913
Lengths:19131913
Lengths:19131913
Lengths:19131913
Lengths:19131913
Lengths:19131913
Lengths:19131913
Lengths:19131913
Lengths:19131913
Lengths:19131913
Lengths:19131913
Lengths:19131913
Lengths:19131913
Lengths:19131913
Lengths:19131913
Lengths:19131913
Lengths:19131913
Lengths:19131913
Lengths:19131913
Lengths:19131913
Lengths:19131913
Lengths:19131913
Lengths:19131913
Lengths:19131913
Lengths:19131913
Lengths:19131913
Lengths:19131913
Lengths:19131913
Lengths:19131913
Lengths:19131913
Lengths:19131913
Lengths:19131913
Lengths:19131913
Lengths:19131913
Lengths:19131913
Lengths:19131913
Lengths:19131913
Lengths:19131913
Lengths:19131913
Lengths:19131913
Lengths:19131913
Lengths:19131913
Lengths:19131913
Lengths:19131913
Lengths:19131913
Lengths:19131913
Lengths:19131913
Lengths:19131913
Lengths:19131913
Lengths:19131913
Lengths:19131913
Lengths:19131913
Lengths:19131913
Lengths:19131913
Lengths:19131913
Lengths:19131913
Lengths:19131913
Lengths:19131913
Lengths:19131913
Lengths:19131913
Lengths:19131913
Lengths:19131913
Lengths:19131913
Lengths:19131913
Lengths:19131913
Lengths:19131913
Lengths:19131913
Lengths:19131913
Lengths:19131913
Lengths:19131913
Lengths:19131913
Lengths:19131913
Lengths:19131913
Lengths:19131913
Lengths:19131913
Lengths:19131913
Lengths:19131913
Lengths:19131913
Lengths:19131913
Lengths:19131913
Lengths:19131913
Lengths:19131913
Lengths:19131913
Lengths:19131913
Lengths:19131913
Lengths:19131913
Lengths:19131913
Lengths:19131913
Lengths:19131913
Lengths:19131913
Lengths:19131913
Lengths:19131913
Lengths:19131913
Lengths:19131913
Lengths:19131913
Lengths:19131913
Lengths:19131913
Lengths:19131913
Lengths:19131913
Lengths:19131913
Lengths:19131913
Lengths:19131913
Lengths:19131913
Lengths:19131913
Lengths:19131913
Lengths:19131913
Lengths:19131913
Lengths:19131913
Lengths:19131913
Lengths:19131913
Lengths:19131913
Lengths:19131913
Lengths:19131913
Lengths:19131913
Lengths:19131913
Lengths:19131913
Lengths:19131913
Lengths:19131913
Lengths:19131913
Lengths:19131913
Lengths:19131913
Lengths:19131913
Lengths:19131913
Lengths:19131913
Lengths:19131913
Lengths:19131913
Lengths:19131913
Lengths:19131913
Lengths:19131913
Lengths:19131913
Lengths:19131913
Lengths:19131913
Lengths:19131913
Lengths:19131913
Lengths:19131913
Lengths:19131913
Lengths:19131913
Lengths:19131913
Lengths:19131913
Lengths:19131913
Lengths:19131913
Lengths:19131913
Lengths:19131913
Lengths:19131913
Lengths:19131913
Lengths:19131913
Lengths:19131913
Lengths:19131913
Lengths:19131913
Lengths:19131913
Lengths:19131913
Lengths:19131913
Lengths:19131913
Lengths:19131913
Lengths:19131913
Lengths:19131913
Lengths:19131913
Lengths:19131913
Lengths:19131913
Lengths:19131913
Lengths:19131913
Lengths:19131913
Lengths:19131913
Lengths:19131913
Lengths:19131913
Lengths:19131913
Lengths:19131913
Lengths:19131913
Lengths:19131913
Lengths:19131913
Lengths:19131913
Lengths:19131913
Lengths:19131913
Lengths:19131913
Lengths:19131913
Lengths:19131913
Lengths:19131913
Lengths:19131913
Lengths:19131913
Lengths:19131913
Lengths:19131913
Lengths:19131913
Lengths:19131913
Lengths:19131913
Lengths:19131913
Lengths:19131913
Lengths:19131913
Lengths:19131913
Lengths:19131913
Lengths:19131913
Lengths:19131913
Lengths:19131913
Lengths:19131913
Lengths:19131913
Lengths:19131913
Lengths:19131913
Lengths:19131913
Lengths:19131913
Lengths:19131913
Lengths:19131913
Lengths:19131913
Lengths:19131913
Lengths:19131913
Lengths:19131913
Lengths:19131913
Lengths:19131913
Lengths:19131913
Lengths:19131913
Lengths:19131913
Lengths:19131913
Lengths:19131913
Lengths:19131913
Lengths:19131913
Lengths:19131913
Lengths:19131913
Lengths:19131913
Lengths:19131913
Lengths:19131913
Lengths:19131913
Lengths:19131913
Lengths:19131913
Lengths:19131913
Lengths:19131913
Lengths:19131913
Lengths:19131913
Lengths:19131913
Lengths:19131913
Lengths:19131913
Lengths:19131913
Lengths:19131913
Lengths:19131913
Lengths:19131913
Lengths:19131913
Lengths:19131913
Lengths:19131913
Lengths:19131913
Lengths:19131913
Lengths:19131913
Lengths:19131913
Lengths:19131913
Lengths:19131913
Lengths:19131913
Lengths:19131913
Lengths:19131913
Lengths:19131913
Lengths:19131913
Lengths:19131913
Lengths:19131913
Lengths:19131913
Lengths:19131913
Lengths:19131913
Lengths:19131913
Lengths:19131913
Lengths:19131913
Lengths:19131913
Lengths:19131913
Lengths:19131913
Lengths:19131913
Lengths:19131913
Lengths:19131913
Lengths:19131913
Lengths:19131913
Lengths:19131913
Lengths:19131913
Lengths:19131913
Lengths:19131913
Lengths:19131913
Lengths:19131913
Lengths:19131913
Lengths:19131913
Lengths:19131913
Lengths:19131913
[[[ 1.70278591e-02             nan             nan]
  [ 1.63360718e-02             nan             nan]
  [ 1.20630941e-02             nan             nan]
  ...
  [ 7.10483117e-03             nan -9.00000000e+00]
  [ 5.98396707e-03             nan -1.60000000e+01]
  [ 5.75044490e-03             nan -4.00000000e+00]]

 [[ 1.63360718e-02             nan             nan]
  [ 1.20630941e-02             nan             nan]
  [ 1.36962301e-02             nan             nan]
  ...
  [ 5.98396707e-03             nan -1.60000000e+01]
  [ 5.75044490e-03             nan -4.00000000e+00]
  [ 5.61268078e-03             nan -2.50000000e+01]]

 [[ 1.20630941e-02             nan             nan]
  [ 1.36962301e-02             nan             nan]
  [ 1.60594219e-02             nan             nan]
  ...
  [ 5.75044490e-03             nan -4.00000000e+00]
  [ 5.61268078e-03             nan -2.50000000e+01]
  [ 5.10281059e-03             nan  0.00000000e+00]]

 ...

 [[ 6.88682194e-02             nan  2.06000000e+02]
  [ 6.68669837e-02             nan -6.51000000e+02]
  [ 7.02074561e-02             nan  9.63000000e+02]
  ...
  [ 5.55605514e-02             nan -2.15000000e+02]
  [ 5.71209381e-02             nan -5.11000000e+02]
  [ 5.95820891e-02             nan  5.63000000e+02]]

 [[ 6.68669837e-02             nan -6.51000000e+02]
  [ 7.02074561e-02             nan  9.63000000e+02]
  [ 7.04666827e-02             nan  5.77000000e+02]
  ...
  [ 5.71209381e-02             nan -5.11000000e+02]
  [ 5.95820891e-02             nan  5.63000000e+02]
  [ 5.75862523e-02             nan  3.37000000e+02]]

 [[ 7.02074561e-02             nan  9.63000000e+02]
  [ 7.04666827e-02             nan  5.77000000e+02]
  [ 6.83349863e-02             nan -2.48700000e+03]
  ...
  [ 5.95820891e-02             nan  5.63000000e+02]
  [ 5.75862523e-02             nan  3.37000000e+02]
  [ 6.11468104e-02             nan  2.76000000e+02]]]
Done.
	Creating sequence for 'alphabet-erc404'...                  datetime  devActivity
0    2024-02-20T00:00:00Z          NaN
1    2024-02-21T00:00:00Z          NaN
2    2024-02-22T00:00:00Z          NaN
3    2024-02-23T00:00:00Z          NaN
4    2024-02-24T00:00:00Z          NaN
..                    ...          ...
187  2024-08-25T00:00:00Z          NaN
188  2024-08-26T00:00:00Z          NaN
189  2024-08-27T00:00:00Z          NaN
190  2024-08-28T00:00:00Z          NaN
191  2024-08-29T00:00:00Z          NaN

[192 rows x 2 columns]
Lengths:192192
Lengths:192192
Lengths:192192
Lengths:192192
Lengths:192192
Lengths:192192
Lengths:192192
Lengths:192192
Lengths:192192
Lengths:192192
Lengths:192192
Lengths:192192
Lengths:192192
Lengths:192192
Lengths:192192
Lengths:192192
Lengths:192192
Lengths:192192
Lengths:192192
Lengths:192192
Lengths:192192
Lengths:192192
Lengths:192192
Lengths:192192
Lengths:192192
Lengths:192192
Lengths:192192
Lengths:192192
Lengths:192192
Lengths:192192
Lengths:192192
Lengths:192192
Lengths:192192
Lengths:192192
Lengths:192192
Lengths:192192
Lengths:192192
Lengths:192192
Lengths:192192
Lengths:192192
Lengths:192192
Lengths:192192
Lengths:192192
Lengths:192192
Lengths:192192
Lengths:192192
Lengths:192192
Lengths:192192
Lengths:192192
Lengths:192192
Lengths:192192
Lengths:192192
Lengths:192192
Lengths:192192
Lengths:192192
Lengths:192192
Lengths:192192
Lengths:192192
Lengths:192192
Lengths:192192
Lengths:192192
Lengths:192192
Lengths:192192
Lengths:192192
Lengths:192192
Lengths:192192
Lengths:192192
Lengths:192192
Lengths:192192
Lengths:192192
Lengths:192192
Lengths:192192
Lengths:192192
Lengths:192192
Lengths:192192
Lengths:192192
Lengths:192192
Lengths:192192
Lengths:192192
Lengths:192192
Lengths:192192
Lengths:192192
Lengths:192192
Lengths:192192
Lengths:192192
Lengths:192192
Lengths:192192
Lengths:192192
Lengths:192192
Lengths:192192
Lengths:192192
Lengths:192192
Lengths:192192
Lengths:192192
Lengths:192192
Lengths:192192
Lengths:192192
Lengths:192192
Lengths:192192
Lengths:192192
Lengths:192192
Lengths:192192
Lengths:192192
Lengths:192192
Lengths:192192
Lengths:192192
Lengths:192192
Lengths:192192
Lengths:192192
Lengths:192192
Lengths:192192
Lengths:192192
Lengths:192192
Lengths:192192
Lengths:192192
Lengths:192192
Lengths:192192
Lengths:192192
Lengths:192192
Lengths:192192
Lengths:192192
Lengths:192192
Lengths:192192
Lengths:192192
Lengths:192192
Lengths:192192
Lengths:192192
Lengths:192192
Lengths:192192
Lengths:192192
Lengths:192192
Lengths:192192
[[[322.2999893           nan          nan]
  [254.1648531           nan          nan]
  [244.5978211           nan          nan]
  ...
  [ 71.57062578          nan          nan]
  [ 74.59310343          nan          nan]
  [ 72.91629267          nan          nan]]

 [[254.1648531           nan          nan]
  [244.5978211           nan          nan]
  [232.68901494          nan          nan]
  ...
  [ 74.59310343          nan          nan]
  [ 72.91629267          nan          nan]
  [ 75.91956523          nan          nan]]

 [[244.5978211           nan          nan]
  [232.68901494          nan          nan]
  [263.47813916          nan          nan]
  ...
  [ 72.91629267          nan          nan]
  [ 75.91956523          nan          nan]
  [ 76.37753973          nan          nan]]

 ...

 [[ 58.1539157           nan          nan]
  [ 57.86286432          nan          nan]
  [ 57.86286432          nan          nan]
  ...
  [ 32.70537194          nan          nan]
  [ 32.70537194          nan          nan]
  [ 32.70537194          nan          nan]]

 [[ 57.86286432          nan          nan]
  [ 57.86286432          nan          nan]
  [ 45.29747998          nan          nan]
  ...
  [ 32.70537194          nan          nan]
  [ 32.70537194          nan          nan]
  [ 32.70537194          nan          nan]]

 [[ 57.86286432          nan          nan]
  [ 45.29747998          nan          nan]
  [ 43.53972483          nan          nan]
  ...
  [ 32.70537194          nan          nan]
  [ 32.70537194          nan          nan]
  [ 32.70537194          nan          nan]]]
Done.
	Creating sequence for 'across-protocol'...                   datetime  devActivity
0     2009-01-02T00:00:00Z            0
1     2009-01-03T00:00:00Z            0
2     2009-01-04T00:00:00Z            0
3     2009-01-05T00:00:00Z            0
4     2009-01-06T00:00:00Z            0
...                    ...          ...
5739  2024-09-20T00:00:00Z          150
5740  2024-09-21T00:00:00Z            8
5741  2024-09-22T00:00:00Z            0
5742  2024-09-23T00:00:00Z          104
5743  2024-09-24T00:00:00Z          278

[5744 rows x 2 columns]
Lengths:6675744
Lengths:6675744
Lengths:6675744
Lengths:6675744
Lengths:6675744
Lengths:6675744
Lengths:6675744
Lengths:6675744
Lengths:6675744
Lengths:6675744
Lengths:6675744
Lengths:6675744
Lengths:6675744
Lengths:6675744
Lengths:6675744
Lengths:6675744
Lengths:6675744
Lengths:6675744
Lengths:6675744
Lengths:6675744
Lengths:6675744
Lengths:6675744
Lengths:6675744
Lengths:6675744
Lengths:6675744
Lengths:6675744
Lengths:6675744
Lengths:6675744
Lengths:6675744
Lengths:6675744
Lengths:6675744
Lengths:6675744
Lengths:6675744
Lengths:6675744
Lengths:6675744
Lengths:6675744
Lengths:6675744
Lengths:6675744
Lengths:6675744
Lengths:6675744
Lengths:6675744
Lengths:6675744
Lengths:6675744
Lengths:6675744
Lengths:6675744
Lengths:6675744
Lengths:6675744
Lengths:6675744
Lengths:6675744
Lengths:6675744
Lengths:6675744
Lengths:6675744
Lengths:6675744
Lengths:6675744
Lengths:6675744
Lengths:6675744
Lengths:6675744
Lengths:6675744
Lengths:6675744
Lengths:6675744
Lengths:6675744
Lengths:6675744
Lengths:6675744
Lengths:6675744
Lengths:6675744
Lengths:6675744
Lengths:6675744
Lengths:6675744
Lengths:6675744
Lengths:6675744
Lengths:6675744
Lengths:6675744
Lengths:6675744
Lengths:6675744
Lengths:6675744
Lengths:6675744
Lengths:6675744
Lengths:6675744
Lengths:6675744
Lengths:6675744
Lengths:6675744
Lengths:6675744
Lengths:6675744
Lengths:6675744
Lengths:6675744
Lengths:6675744
Lengths:6675744
Lengths:6675744
Lengths:6675744
Lengths:6675744
Lengths:6675744
Lengths:6675744
Lengths:6675744
Lengths:6675744
Lengths:6675744
Lengths:6675744
Lengths:6675744
Lengths:6675744
Lengths:6675744
Lengths:6675744
Lengths:6675744
Lengths:6675744
Lengths:6675744
Lengths:6675744
Lengths:6675744
Lengths:6675744
Lengths:6675744
Lengths:6675744
Lengths:6675744
Lengths:6675744
Lengths:6675744
Lengths:6675744
Lengths:6675744
Lengths:6675744
Lengths:6675744
Lengths:6675744
Lengths:6675744
Lengths:6675744
Lengths:6675744
Lengths:6675744
Lengths:6675744
Lengths:6675744
Lengths:6675744
Lengths:6675744
Lengths:6675744
Lengths:6675744
Lengths:6675744
Lengths:6675744
Lengths:6675744
Lengths:6675744
Lengths:6675744
Lengths:6675744
Lengths:6675744
Lengths:6675744
Lengths:6675744
Lengths:6675744
Lengths:6675744
Lengths:6675744
Lengths:6675744
Lengths:6675744
Lengths:6675744
Lengths:6675744
Lengths:6675744
Lengths:6675744
Lengths:6675744
Lengths:6675744
Lengths:6675744
Lengths:6675744
Lengths:6675744
Lengths:6675744
Lengths:6675744
Lengths:6675744
Lengths:6675744
Lengths:6675744
Lengths:6675744
Lengths:6675744
Lengths:6675744
Lengths:6675744
Lengths:6675744
Lengths:6675744
Lengths:6675744
Lengths:6675744
Lengths:6675744
Lengths:6675744
Lengths:6675744
Lengths:6675744
Lengths:6675744
Lengths:6675744
Lengths:6675744
Lengths:6675744
Lengths:6675744
Lengths:6675744
Lengths:6675744
Lengths:6675744
Lengths:6675744
Lengths:6675744
Lengths:6675744
Lengths:6675744
Lengths:6675744
Lengths:6675744
Lengths:6675744
Lengths:6675744
Lengths:6675744
Lengths:6675744
Lengths:6675744
Lengths:6675744
Lengths:6675744
Lengths:6675744
Lengths:6675744
Lengths:6675744
Lengths:6675744
Lengths:6675744
Lengths:6675744
Lengths:6675744
Lengths:6675744
Lengths:6675744
Lengths:6675744
Lengths:6675744
Lengths:6675744
Lengths:6675744
Lengths:6675744
Lengths:6675744
Lengths:6675744
Lengths:6675744
Lengths:6675744
Lengths:6675744
Lengths:6675744
Lengths:6675744
Lengths:6675744
Lengths:6675744
Lengths:6675744
Lengths:6675744
Lengths:6675744
Lengths:6675744
Lengths:6675744
Lengths:6675744
Lengths:6675744
Lengths:6675744
Lengths:6675744
Lengths:6675744
Lengths:6675744
Lengths:6675744
Lengths:6675744
Lengths:6675744
Lengths:6675744
Lengths:6675744
Lengths:6675744
Lengths:6675744
Lengths:6675744
Lengths:6675744
Lengths:6675744
Lengths:6675744
Lengths:6675744
Lengths:6675744
Lengths:6675744
Lengths:6675744
Lengths:6675744
Lengths:6675744
Lengths:6675744
Lengths:6675744
Lengths:6675744
Lengths:6675744
Lengths:6675744
Lengths:6675744
Lengths:6675744
Lengths:6675744
Lengths:6675744
Lengths:6675744
Lengths:6675744
Lengths:6675744
Lengths:6675744
Lengths:6675744
Lengths:6675744
Lengths:6675744
Lengths:6675744
Lengths:6675744
Lengths:6675744
Lengths:6675744
Lengths:6675744
Lengths:6675744
Lengths:6675744
Lengths:6675744
Lengths:6675744
Lengths:6675744
Lengths:6675744
Lengths:6675744
Lengths:6675744
Lengths:6675744
Lengths:6675744
Lengths:6675744
Lengths:6675744
Lengths:6675744
Lengths:6675744
Lengths:6675744
Lengths:6675744
Lengths:6675744
Lengths:6675744
Lengths:6675744
Lengths:6675744
Lengths:6675744
Lengths:6675744
Lengths:6675744
Lengths:6675744
Lengths:6675744
Lengths:6675744
Lengths:6675744
Lengths:6675744
Lengths:6675744
Lengths:6675744
Lengths:6675744
Lengths:6675744
Lengths:6675744
Lengths:6675744
Lengths:6675744
Lengths:6675744
Lengths:6675744
Lengths:6675744
Lengths:6675744
Lengths:6675744
Lengths:6675744
Lengths:6675744
Lengths:6675744
Lengths:6675744
Lengths:6675744
Lengths:6675744
Lengths:6675744
Lengths:6675744
Lengths:6675744
Lengths:6675744
Lengths:6675744
Lengths:6675744
Lengths:6675744
Lengths:6675744
Lengths:6675744
Lengths:6675744
Lengths:6675744
Lengths:6675744
Lengths:6675744
Lengths:6675744
Lengths:6675744
Lengths:6675744
Lengths:6675744
Lengths:6675744
Lengths:6675744
Lengths:6675744
Lengths:6675744
Lengths:6675744
Lengths:6675744
Lengths:6675744
Lengths:6675744
Lengths:6675744
Lengths:6675744
Lengths:6675744
Lengths:6675744
Lengths:6675744
Lengths:6675744
Lengths:6675744
Lengths:6675744
Lengths:6675744
Lengths:6675744
Lengths:6675744
Lengths:6675744
Lengths:6675744
Lengths:6675744
Lengths:6675744
Lengths:6675744
Lengths:6675744
Lengths:6675744
Lengths:6675744
Lengths:6675744
Lengths:6675744
Lengths:6675744
Lengths:6675744
Lengths:6675744
Lengths:6675744
Lengths:6675744
Lengths:6675744
Lengths:6675744
Lengths:6675744
Lengths:6675744
Lengths:6675744
Lengths:6675744
Lengths:6675744
Lengths:6675744
Lengths:6675744
Lengths:6675744
Lengths:6675744
Lengths:6675744
Lengths:6675744
Lengths:6675744
Lengths:6675744
Lengths:6675744
Lengths:6675744
Lengths:6675744
Lengths:6675744
Lengths:6675744
Lengths:6675744
Lengths:6675744
Lengths:6675744
Lengths:6675744
Lengths:6675744
Lengths:6675744
Lengths:6675744
Lengths:6675744
Lengths:6675744
Lengths:6675744
Lengths:6675744
Lengths:6675744
Lengths:6675744
Lengths:6675744
Lengths:6675744
Lengths:6675744
Lengths:6675744
Lengths:6675744
Lengths:6675744
Lengths:6675744
Lengths:6675744
Lengths:6675744
Lengths:6675744
Lengths:6675744
Lengths:6675744
Lengths:6675744
Lengths:6675744
Lengths:6675744
Lengths:6675744
Lengths:6675744
Lengths:6675744
Lengths:6675744
Lengths:6675744
Lengths:6675744
Lengths:6675744
Lengths:6675744
Lengths:6675744
Lengths:6675744
Lengths:6675744
Lengths:6675744
Lengths:6675744
Lengths:6675744
Lengths:6675744
Lengths:6675744
Lengths:6675744
Lengths:6675744
Lengths:6675744
Lengths:6675744
Lengths:6675744
Lengths:6675744
Lengths:6675744
Lengths:6675744
Lengths:6675744
Lengths:6675744
Lengths:6675744
Lengths:6675744
Lengths:6675744
Lengths:6675744
Lengths:6675744
Lengths:6675744
Lengths:6675744
Lengths:6675744
Lengths:6675744
Lengths:6675744
Lengths:6675744
Lengths:6675744
Lengths:6675744
Lengths:6675744
Lengths:6675744
Lengths:6675744
Lengths:6675744
Lengths:6675744
Lengths:6675744
Lengths:6675744
Lengths:6675744
Lengths:6675744
Lengths:6675744
Lengths:6675744
Lengths:6675744
Lengths:6675744
Lengths:6675744
Lengths:6675744
Lengths:6675744
Lengths:6675744
Lengths:6675744
Lengths:6675744
Lengths:6675744
Lengths:6675744
Lengths:6675744
Lengths:6675744
Lengths:6675744
Lengths:6675744
Lengths:6675744
Lengths:6675744
Lengths:6675744
Lengths:6675744
Lengths:6675744
Lengths:6675744
Lengths:6675744
Lengths:6675744
Lengths:6675744
Lengths:6675744
Lengths:6675744
Lengths:6675744
Lengths:6675744
Lengths:6675744
Lengths:6675744
Lengths:6675744
Lengths:6675744
Lengths:6675744
Lengths:6675744
Lengths:6675744
Lengths:6675744
Lengths:6675744
Lengths:6675744
Lengths:6675744
Lengths:6675744
Lengths:6675744
Lengths:6675744
Lengths:6675744
Lengths:6675744
Lengths:6675744
Lengths:6675744
Lengths:6675744
Lengths:6675744
Lengths:6675744
Lengths:6675744
Lengths:6675744
Lengths:6675744
Lengths:6675744
Lengths:6675744
Lengths:6675744
Lengths:6675744
Lengths:6675744
Lengths:6675744
Lengths:6675744
Lengths:6675744
Lengths:6675744
Lengths:6675744
Lengths:6675744
Lengths:6675744
Lengths:6675744
Lengths:6675744
Lengths:6675744
Lengths:6675744
Lengths:6675744
Lengths:6675744
Lengths:6675744
Lengths:6675744
Lengths:6675744
Lengths:6675744
Lengths:6675744
Lengths:6675744
Lengths:6675744
Lengths:6675744
Lengths:6675744
Lengths:6675744
Lengths:6675744
Lengths:6675744
Lengths:6675744
Lengths:6675744
Lengths:6675744
Lengths:6675744
Lengths:6675744
Lengths:6675744
Lengths:6675744
Lengths:6675744
Lengths:6675744
Lengths:6675744
Lengths:6675744
Lengths:6675744
Lengths:6675744
Lengths:6675744
Lengths:6675744
Lengths:6675744
Lengths:6675744
Lengths:6675744
Lengths:6675744
Lengths:6675744
Lengths:6675744
Lengths:6675744
Lengths:6675744
Lengths:6675744
Lengths:6675744
Lengths:6675744
Lengths:6675744
Lengths:6675744
Lengths:6675744
Lengths:6675744
Lengths:6675744
Lengths:6675744
Lengths:6675744
Lengths:6675744
Lengths:6675744
Lengths:6675744
Lengths:6675744
Lengths:6675744
Lengths:6675744
Lengths:6675744
Lengths:6675744
Lengths:6675744
Lengths:6675744
Lengths:6675744
Lengths:6675744
Lengths:6675744
Lengths:6675744
Lengths:6675744
Lengths:6675744
Lengths:6675744
Lengths:6675744
Lengths:6675744
Lengths:6675744
Lengths:6675744
Lengths:6675744
Lengths:6675744
Lengths:6675744
Lengths:6675744
Lengths:6675744
Lengths:6675744
Lengths:6675744
Lengths:6675744
Lengths:6675744
Lengths:6675744
Lengths:6675744
Lengths:6675744
Lengths:6675744
Lengths:6675744
Lengths:6675744
Lengths:6675744
Lengths:6675744
Lengths:6675744
Lengths:6675744
Lengths:6675744
