


--------------------------------------------------
Starting lstm.py at '2024-10-26 22:10:09.268484'.
Reading '../classifiedDAOs.json'... Done.
Total training Data: 1578
DAOs trained so far:38
Size of training set: 1066
Size of test set: 474
Preparing data for training...
Preparing data for testing...
Parameters:
	Num epochs: 60
	Initial learning rate: 0.001
	Patience: 12
	Window size: 60
	Timeseries splits: 3
	Minimum number of timeseries datapoints: 64
Gradient boosting params: 
	{"max_depth": 3, "learning_rate": 0.05, "n_estimators": 100, "objective": "binary:logistic", "eval_metric": "logloss"}
	Creating sequence for 'neutrino-system-base-token'... Training group 0, split 1
	Early stopping at epoch 13
	Y Train Labels:(array([1.], dtype=float32), array([347]))
	Y Val Labels:(array([0., 1.], dtype=float32), array([ 86, 260]))
Training group 0, split 2
	Early stopping at epoch 13
	Y Train Labels:(array([0., 1.], dtype=float32), array([ 86, 607]))
	Y Val Labels:(array([0.], dtype=float32), array([346]))
Training group 0, split 3
	Early stopping at epoch 13
	Y Train Labels:(array([0., 1.], dtype=float32), array([432, 607]))
	Y Val Labels:(array([0.], dtype=float32), array([346]))
Done.
	Creating sequence for 'openocean'... Training group 1, split 1
	Early stopping at epoch 13
	Y Train Labels:(array([1.], dtype=float32), array([239]))
	Y Val Labels:(array([1.], dtype=float32), array([239]))
Training group 1, split 2
	Early stopping at epoch 13
	Y Train Labels:(array([1.], dtype=float32), array([478]))
	Y Val Labels:(array([1.], dtype=float32), array([239]))
Training group 1, split 3
	Early stopping at epoch 13
	Y Train Labels:(array([1.], dtype=float32), array([717]))
	Y Val Labels:(array([1.], dtype=float32), array([239]))
Done.
	Creating sequence for 'catheon-gaming'... Training group 2, split 1
	Early stopping at epoch 13
	Y Train Labels:(array([1.], dtype=float32), array([159]))
	Y Val Labels:(array([1.], dtype=float32), array([158]))
Training group 2, split 2
	Early stopping at epoch 13
	Y Train Labels:(array([1.], dtype=float32), array([317]))
	Y Val Labels:(array([1.], dtype=float32), array([158]))
Training group 2, split 3
	Early stopping at epoch 13
	Y Train Labels:(array([1.], dtype=float32), array([475]))
	Y Val Labels:(array([0., 1.], dtype=float32), array([121,  37]))
Done.
	Creating sequence for 'adshares'... Training group 3, split 1
	Early stopping at epoch 13
	Y Train Labels:(array([1.], dtype=float32), array([569]))
	Y Val Labels:(array([1.], dtype=float32), array([568]))
Training group 3, split 2
	Early stopping at epoch 13
	Y Train Labels:(array([1.], dtype=float32), array([1137]))
	Y Val Labels:(array([1.], dtype=float32), array([568]))
Training group 3, split 3
