


--------------------------------------------------
Starting lstm.py at '2024-10-26 22:53:28.592104'.
Reading '../classifiedDAOs.json'... Done.
Total training Data: 1578
DAOs trained so far:317
Size of training set: 787
Size of test set: 474
Preparing data for training...
Preparing data for testing...
Parameters:
	Num epochs: 60
	Initial learning rate: 0.001
	Patience: 12
	Window size: 60
	Timeseries splits: 3
	Minimum number of timeseries datapoints: 64
Gradient boosting params: 
	{"max_depth": 3, "learning_rate": 0.05, "n_estimators": 100, "objective": "binary:logistic", "eval_metric": "logloss"}
	Creating sequence for 'hedera-hashgraph'... Training group 0, split 1
	Early stopping at epoch 13
	Y Train Labels:(array([1.], dtype=float32), array([246]))
	Y Val Labels:(array([1.], dtype=float32), array([245]))
Training group 0, split 2
	Early stopping at epoch 13
	Y Train Labels:(array([1.], dtype=float32), array([491]))
	Y Val Labels:(array([1.], dtype=float32), array([245]))
Training group 0, split 3
	Early stopping at epoch 13
	Y Train Labels:(array([1.], dtype=float32), array([736]))
	Y Val Labels:(array([1.], dtype=float32), array([245]))
Done.
	Creating sequence for 'zeepin'... Training group 1, split 1
	Early stopping at epoch 13
	Y Train Labels:(array([1.], dtype=float32), array([572]))
	Y Val Labels:(array([0., 1.], dtype=float32), array([558,  14]))
Training group 1, split 2
	Early stopping at epoch 13
	Y Train Labels:(array([0., 1.], dtype=float32), array([558, 586]))
	Y Val Labels:(array([0.], dtype=float32), array([572]))
Training group 1, split 3
	Early stopping at epoch 13
	Y Train Labels:(array([0., 1.], dtype=float32), array([1130,  586]))
	Y Val Labels:(array([0.], dtype=float32), array([572]))
Done.
	Creating sequence for 'marblex'... Training group 2, split 1
	Early stopping at epoch 13
	Y Train Labels:(array([0.], dtype=float32), array([153]))
	Y Val Labels:(array([0.], dtype=float32), array([150]))
Training group 2, split 2
	Early stopping at epoch 13
	Y Train Labels:(array([0.], dtype=float32), array([303]))
	Y Val Labels:(array([0.], dtype=float32), array([150]))
Training group 2, split 3
	Early stopping at epoch 13
	Y Train Labels:(array([0.], dtype=float32), array([453]))
	Y Val Labels:(array([0.], dtype=float32), array([150]))
Done.
	Creating sequence for 'substratum'... Training group 3, split 1
	Early stopping at epoch 13
	Y Train Labels:(array([1.], dtype=float32), array([579]))
	Y Val Labels:(array([0., 1.], dtype=float32), array([517,  60]))
Training group 3, split 2
