


--------------------------------------------------
Starting lstm.py at '2024-10-24 23:18:11.048857'.
Reading './balancedDataset.json'... Done.
Total training Data: 1030
DAOs trained so far:323
Size of training set: 398
Size of test set: 309
Preparing data for training...
Preparing data for testing...
Parameters:
	Num epochs: 60
	Initial learning rate: 0.001
	Patience: 12
	Window size: 60
	Timeseries splits: 3
	Minimum number of timeseries datapoints: 64
Gradient boosting params: 
	{"max_depth": 3, "learning_rate": 0.05, "n_estimators": 100, "objective": "binary:logistic", "eval_metric": "logloss"}
	Creating sequence for 'helium-mobile'... Training group 0, split 1
	Y Train Labels:(array([1.], dtype=float32), array([114]))
	Y Val Labels:(array([1.], dtype=float32), array([111]))
Training group 0, split 2
	Y Train Labels:(array([1.], dtype=float32), array([225]))
	Y Val Labels:(array([1.], dtype=float32), array([111]))
Training group 0, split 3
	Y Train Labels:(array([1.], dtype=float32), array([336]))
	Y Val Labels:(array([1.], dtype=float32), array([111]))
Done.
	Creating sequence for 'aeron'... Training group 1, split 1
	Early stopping at epoch 13
	Y Train Labels:(array([1.], dtype=float32), array([568]))
	Y Val Labels:(array([0., 1.], dtype=float32), array([366, 200]))
Training group 1, split 2
	Early stopping at epoch 49
	Y Train Labels:(array([0., 1.], dtype=float32), array([366, 768]))
	Y Val Labels:(array([0.], dtype=float32), array([566]))
Training group 1, split 3
	Early stopping at epoch 23
	Y Train Labels:(array([0., 1.], dtype=float32), array([932, 768]))
	Y Val Labels:(array([0.], dtype=float32), array([566]))
Done.
	Creating sequence for 'jesus-coin'... Training group 2, split 1
	Y Train Labels:(array([0.], dtype=float32), array([138]))
	Y Val Labels:(array([0.], dtype=float32), array([137]))
Training group 2, split 2
	Y Train Labels:(array([0.], dtype=float32), array([275]))
	Y Val Labels:(array([0.], dtype=float32), array([137]))
Training group 2, split 3
	Y Train Labels:(array([0.], dtype=float32), array([412]))
	Y Val Labels:(array([0.], dtype=float32), array([137]))
Done.
	Creating sequence for 'concordium'... Training group 3, split 1
	Y Train Labels:(array([1.], dtype=float32), array([139]))
	Y Val Labels:(array([1.], dtype=float32), array([137]))
Training group 3, split 2
	Y Train Labels:(array([1.], dtype=float32), array([276]))
	Y Val Labels:(array([1.], dtype=float32), array([137]))
Training group 3, split 3
	Y Train Labels:(array([1.], dtype=float32), array([413]))
	Y Val Labels:(array([1.], dtype=float32), array([137]))
Done.
	Creating sequence for 'burger-swap'... Training group 4, split 1
	Y Train Labels:(array([1.], dtype=float32), array([275]))
	Y Val Labels:(array([1.], dtype=float32), array([275]))
Training group 4, split 2
	Early stopping at epoch 13
	Y Train Labels:(array([1.], dtype=float32), array([550]))
	Y Val Labels:(array([0., 1.], dtype=float32), array([ 78, 197]))
Training group 4, split 3
	Early stopping at epoch 57
	Y Train Labels:(array([0., 1.], dtype=float32), array([ 78, 747]))
	Y Val Labels:(array([0.], dtype=float32), array([275]))
Done.
	Creating sequence for 'catman'... Training group 5, split 1
	Early stopping at epoch 16
	Y Train Labels:(array([1.], dtype=float32), array([49]))
	Y Val Labels:(array([0., 1.], dtype=float32), array([25, 22]))
Training group 5, split 2
	Early stopping at epoch 51
	Y Train Labels:(array([0., 1.], dtype=float32), array([25, 71]))
	Y Val Labels:(array([0.], dtype=float32), array([47]))
Training group 5, split 3
	Early stopping at epoch 31
	Y Train Labels:(array([0., 1.], dtype=float32), array([72, 71]))
	Y Val Labels:(array([0.], dtype=float32), array([47]))
Done.
	Creating sequence for 'aerodrome-finance'... Training group 6, split 1
	Y Train Labels:(array([1.], dtype=float32), array([46]))
	Y Val Labels:(array([1.], dtype=float32), array([43]))
Training group 6, split 2
	Early stopping at epoch 13
	Y Train Labels:(array([1.], dtype=float32), array([89]))
	Y Val Labels:(array([0., 1.], dtype=float32), array([27, 16]))
Training group 6, split 3
	Early stopping at epoch 37
	Y Train Labels:(array([0., 1.], dtype=float32), array([ 27, 105]))
	Y Val Labels:(array([0.], dtype=float32), array([43]))
Done.
	Creating sequence for 'etherparty'... Training group 7, split 1
	Y Train Labels:(array([0.], dtype=float32), array([455]))
	Y Val Labels:(array([0.], dtype=float32), array([452]))
Training group 7, split 2
	Y Train Labels:(array([0.], dtype=float32), array([907]))
	Y Val Labels:(array([0.], dtype=float32), array([452]))
Training group 7, split 3
	Y Train Labels:(array([0.], dtype=float32), array([1359]))
	Y Val Labels:(array([0.], dtype=float32), array([452]))
Done.
	Creating sequence for 'k21'... Training group 8, split 1
	Early stopping at epoch 25
	Y Train Labels:(array([1.], dtype=float32), array([293]))
	Y Val Labels:(array([0., 1.], dtype=float32), array([176, 115]))
Training group 8, split 2
	Early stopping at epoch 46
	Y Train Labels:(array([0., 1.], dtype=float32), array([176, 408]))
	Y Val Labels:(array([0.], dtype=float32), array([291]))
Training group 8, split 3
	Early stopping at epoch 39
	Y Train Labels:(array([0., 1.], dtype=float32), array([467, 408]))
	Y Val Labels:(array([0.], dtype=float32), array([291]))
Done.
	Creating sequence for 'inspect'... Training group 9, split 1
	Y Train Labels:(array([1.], dtype=float32), array([60]))
	Y Val Labels:(array([1.], dtype=float32), array([58]))
Training group 9, split 2
	Y Train Labels:(array([1.], dtype=float32), array([118]))
	Y Val Labels:(array([1.], dtype=float32), array([58]))
Training group 9, split 3
	Y Train Labels:(array([1.], dtype=float32), array([176]))
	Y Val Labels:(array([1.], dtype=float32), array([58]))
Done.
	Creating sequence for 'guild-of-guardians'... Training group 10, split 1
	Y Train Labels:(array([1.], dtype=float32), array([150]))
	Y Val Labels:(array([1.], dtype=float32), array([149]))
Training group 10, split 2
	Y Train Labels:(array([1.], dtype=float32), array([299]))
	Y Val Labels:(array([1.], dtype=float32), array([149]))
Training group 10, split 3
	Y Train Labels:(array([1.], dtype=float32), array([448]))
	Y Val Labels:(array([1.], dtype=float32), array([149]))
Done.
	Creating sequence for 'decentr'... Training group 11, split 1
	Y Train Labels:(array([1.], dtype=float32), array([349]))
	Y Val Labels:(array([1.], dtype=float32), array([349]))
Training group 11, split 2
	Y Train Labels:(array([1.], dtype=float32), array([698]))
	Y Val Labels:(array([1.], dtype=float32), array([349]))
Training group 11, split 3
