


--------------------------------------------------
Starting lstm.py at '2024-10-27 00:05:23.969430'.
Reading '../classifiedDAOs.json'... Done.
Total training Data: 1578
DAOs trained so far:802
Size of training set: 302
Size of test set: 474
Preparing data for training...
Preparing data for testing...
Parameters:
	Num epochs: 60
	Initial learning rate: 0.001
	Patience: 12
	Window size: 60
	Timeseries splits: 3
	Minimum number of timeseries datapoints: 64
Gradient boosting params: 
	{"max_depth": 3, "learning_rate": 0.05, "n_estimators": 100, "objective": "binary:logistic", "eval_metric": "logloss"}
	Creating sequence for 'bread'... Training group 0, split 1
	Early stopping at epoch 13
	Y Train Labels:(array([1.], dtype=float32), array([540]))
	Y Val Labels:(array([1.], dtype=float32), array([538]))
Training group 0, split 2
	Early stopping at epoch 13
	Y Train Labels:(array([1.], dtype=float32), array([1078]))
	Y Val Labels:(array([0., 1.], dtype=float32), array([148, 390]))
Training group 0, split 3
	Early stopping at epoch 13
	Y Train Labels:(array([0., 1.], dtype=float32), array([ 148, 1468]))
	Y Val Labels:(array([0.], dtype=float32), array([538]))
Done.
	Creating sequence for 'kishu-inu'... Training group 1, split 1
	Early stopping at epoch 13
	Y Train Labels:(array([0., 1.], dtype=float32), array([ 17, 269]))
	Y Val Labels:(array([0.], dtype=float32), array([286]))
Training group 1, split 2
	Early stopping at epoch 13
	Y Train Labels:(array([0., 1.], dtype=float32), array([303, 269]))
	Y Val Labels:(array([0.], dtype=float32), array([286]))
Training group 1, split 3
	Y Train Labels:(array([0., 1.], dtype=float32), array([589, 269]))
	Y Val Labels:(array([0.], dtype=float32), array([286]))
Done.
	Creating sequence for 'pawswap'... 00
Done.
	Creating sequence for 'marlin'... Training group 3, split 1
	Y Train Labels:(array([1.], dtype=float32), array([320]))
	Y Val Labels:(array([1.], dtype=float32), array([317]))
Training group 3, split 2
	Y Train Labels:(array([1.], dtype=float32), array([637]))
	Y Val Labels:(array([1.], dtype=float32), array([317]))
Training group 3, split 3
	Y Train Labels:(array([1.], dtype=float32), array([954]))
	Y Val Labels:(array([1.], dtype=float32), array([317]))
Done.
	Creating sequence for 'trabzonspor-fan-token'... Training group 4, split 1
	Early stopping at epoch 13
	Y Train Labels:(array([1.], dtype=float32), array([341]))
	Y Val Labels:(array([0., 1.], dtype=float32), array([197, 141]))
Training group 4, split 2
	Early stopping at epoch 51
	Y Train Labels:(array([0., 1.], dtype=float32), array([197, 482]))
	Y Val Labels:(array([0.], dtype=float32), array([338]))
Training group 4, split 3
	Y Train Labels:(array([0., 1.], dtype=float32), array([535, 482]))
	Y Val Labels:(array([0.], dtype=float32), array([338]))
Done.
	Creating sequence for 'base-protocol'... Training group 5, split 1
	Y Train Labels:(array([1.], dtype=float32), array([298]))
	Y Val Labels:(array([1.], dtype=float32), array([298]))
Training group 5, split 2
	Y Train Labels:(array([1.], dtype=float32), array([596]))
	Y Val Labels:(array([1.], dtype=float32), array([298]))
Training group 5, split 3
