


--------------------------------------------------
Starting lstm.py at '2024-10-23 20:44:58.655236'.
Reading '../classifiedDAOs.json'... Done.
Total training Data: 1578
DAOs trained so far:904
Size of training set: 200
Size of test set: 474
Preparing data for training...
Preparing data for testing...
Parameters:
	Num epochs: 60
	Initial learning rate: 0.001
	Patience: 12
	Window size: 60
	Timeseries splits: 3
	Minimum number of timeseries datapoints: 64
Gradient boosting params: 
	{"max_depth": 3, "learning_rate": 0.05, "n_estimators": 100, "objective": "binary:logistic", "eval_metric": "logloss"}
	Creating sequence for 'spheroid-universe'... Training group 0, split 1
	Early stopping at epoch 13
	Y Train Labels:(array([1.], dtype=float32), array([239]))
	Y Val Labels:(array([1.], dtype=float32), array([237]))
Training group 0, split 2
	Early stopping at epoch 14
	Y Train Labels:(array([1.], dtype=float32), array([476]))
	Y Val Labels:(array([0., 1.], dtype=float32), array([ 66, 171]))
Training group 0, split 3
	Y Train Labels:(array([0., 1.], dtype=float32), array([ 66, 647]))
	Y Val Labels:(array([0.], dtype=float32), array([237]))
Done.
	Creating sequence for 'telos'... Training group 1, split 1
	Y Train Labels:(array([1.], dtype=float32), array([444]))
	Y Val Labels:(array([1.], dtype=float32), array([443]))
Training group 1, split 2
	Y Train Labels:(array([1.], dtype=float32), array([887]))
	Y Val Labels:(array([1.], dtype=float32), array([443]))
Training group 1, split 3
	Y Train Labels:(array([1.], dtype=float32), array([1330]))
	Y Val Labels:(array([1.], dtype=float32), array([443]))
Done.
	Creating sequence for 'drep-new'... Training group 2, split 1
	Y Train Labels:(array([1.], dtype=float32), array([304]))
	Y Val Labels:(array([1.], dtype=float32), array([301]))
Training group 2, split 2
	Y Train Labels:(array([1.], dtype=float32), array([605]))
	Y Val Labels:(array([1.], dtype=float32), array([301]))
Training group 2, split 3
	Early stopping at epoch 13
	Y Train Labels:(array([1.], dtype=float32), array([906]))
	Y Val Labels:(array([0., 1.], dtype=float32), array([198, 103]))
Done.
	Creating sequence for 'qtum'... Training group 3, split 1
	Y Train Labels:(array([1.], dtype=float32), array([255]))
	Y Val Labels:(array([1.], dtype=float32), array([254]))
Training group 3, split 2
	Y Train Labels:(array([1.], dtype=float32), array([509]))
	Y Val Labels:(array([1.], dtype=float32), array([254]))
Training group 3, split 3
	Y Train Labels:(array([1.], dtype=float32), array([763]))
	Y Val Labels:(array([1.], dtype=float32), array([254]))
Done.
	Creating sequence for 'wrapped-ampleforth'... Training group 4, split 1
	Y Train Labels:(array([1.], dtype=float32), array([229]))
	Y Val Labels:(array([1.], dtype=float32), array([228]))
Training group 4, split 2
	Y Train Labels:(array([1.], dtype=float32), array([457]))
	Y Val Labels:(array([1.], dtype=float32), array([228]))
Training group 4, split 3
	Y Train Labels:(array([1.], dtype=float32), array([685]))
	Y Val Labels:(array([1.], dtype=float32), array([228]))
Done.
	Creating sequence for 'altava'... Training group 5, split 1
	Y Train Labels:(array([0., 1.], dtype=float32), array([186,   3]))
	Y Val Labels:(array([0.], dtype=float32), array([187]))
Training group 5, split 2
	Early stopping at epoch 19
	Y Train Labels:(array([0., 1.], dtype=float32), array([373,   3]))
	Y Val Labels:(array([0.], dtype=float32), array([187]))
Training group 5, split 3
	Y Train Labels:(array([0., 1.], dtype=float32), array([560,   3]))
	Y Val Labels:(array([0.], dtype=float32), array([187]))
Done.
	Creating sequence for 'xdai'... Training group 6, split 1
	Y Train Labels:(array([1.], dtype=float32), array([366]))
	Y Val Labels:(array([1.], dtype=float32), array([365]))
Training group 6, split 2
	Early stopping at epoch 13
	Y Train Labels:(array([1.], dtype=float32), array([731]))
	Y Val Labels:(array([0., 1.], dtype=float32), array([334,  31]))
Training group 6, split 3
