


--------------------------------------------------
Starting lstm.py at '2024-10-11 00:10:05.570466'.
Reading './isDaoActiveData(4).json'... Done.
Total training Data: 379
Size of training set: 265
Size of test set: 114
Preparing data for training...
	Creating sequence for 'chiliz'...                   datetime  devActivity
0     2019-07-01T00:00:00Z          NaN
1     2019-07-02T00:00:00Z          NaN
2     2019-07-03T00:00:00Z          NaN
3     2019-07-04T00:00:00Z          NaN
4     2019-07-05T00:00:00Z          NaN
...                    ...          ...
1908  2024-09-20T00:00:00Z          NaN
1909  2024-09-21T00:00:00Z          NaN
1910  2024-09-22T00:00:00Z          NaN
1911  2024-09-23T00:00:00Z          NaN
1912  2024-09-24T00:00:00Z          NaN

[1913 rows x 2 columns]
Lengths:1913591913
Lengths:1913601913
Lengths:1913611913
Lengths:1913621913
Lengths:1913631913
Lengths:1913641913
Lengths:1913651913
Lengths:1913661913
Lengths:1913671913
Lengths:1913681913
Lengths:1913691913
Lengths:1913701913
Lengths:1913711913
Lengths:1913721913
Lengths:1913731913
Lengths:1913741913
Lengths:1913751913
Lengths:1913761913
Lengths:1913771913
Lengths:1913781913
Lengths:1913791913
Lengths:1913801913
Lengths:1913811913
Lengths:1913821913
Lengths:1913831913
Lengths:1913841913
Lengths:1913851913
Lengths:1913861913
Lengths:1913871913
Lengths:1913881913
Lengths:1913891913
Lengths:1913901913
Lengths:1913911913
Lengths:1913921913
Lengths:1913931913
Lengths:1913941913
Lengths:1913951913
Lengths:1913961913
Lengths:1913971913
Lengths:1913981913
Lengths:1913991913
Lengths:19131001913
Lengths:19131011913
Lengths:19131021913
Lengths:19131031913
Lengths:19131041913
Lengths:19131051913
Lengths:19131061913
Lengths:19131071913
Lengths:19131081913
Lengths:19131091913
Lengths:19131101913
Lengths:19131111913
Lengths:19131121913
Lengths:19131131913
Lengths:19131141913
Lengths:19131151913
Lengths:19131161913
Lengths:19131171913
Lengths:19131181913
Lengths:19131191913
Lengths:19131201913
Lengths:19131211913
Lengths:19131221913
Lengths:19131231913
Lengths:19131241913
Lengths:19131251913
Lengths:19131261913
Lengths:19131271913
Lengths:19131281913
Lengths:19131291913
Lengths:19131301913
Lengths:19131311913
Lengths:19131321913
Lengths:19131331913
Lengths:19131341913
Lengths:19131351913
Lengths:19131361913
Lengths:19131371913
Lengths:19131381913
Lengths:19131391913
Lengths:19131401913
Lengths:19131411913
Lengths:19131421913
Lengths:19131431913
Lengths:19131441913
Lengths:19131451913
Lengths:19131461913
Lengths:19131471913
Lengths:19131481913
Lengths:19131491913
Lengths:19131501913
Lengths:19131511913
Lengths:19131521913
Lengths:19131531913
Lengths:19131541913
Lengths:19131551913
Lengths:19131561913
Lengths:19131571913
Lengths:19131581913
Lengths:19131591913
Lengths:19131601913
Lengths:19131611913
Lengths:19131621913
Lengths:19131631913
Lengths:19131641913
Lengths:19131651913
Lengths:19131661913
Lengths:19131671913
Lengths:19131681913
Lengths:19131691913
Lengths:19131701913
Lengths:19131711913
Lengths:19131721913
Lengths:19131731913
Lengths:19131741913
Lengths:19131751913
Lengths:19131761913
Lengths:19131771913
Lengths:19131781913
Lengths:19131791913
Lengths:19131801913
Lengths:19131811913
Lengths:19131821913
Lengths:19131831913
Lengths:19131841913
Lengths:19131851913
Lengths:19131861913
Lengths:19131871913
Lengths:19131881913
Lengths:19131891913
Lengths:19131901913
Lengths:19131911913
Lengths:19131921913
Lengths:19131931913
Lengths:19131941913
Lengths:19131951913
Lengths:19131961913
Lengths:19131971913
Lengths:19131981913
Lengths:19131991913
Lengths:19132001913
Lengths:19132011913
Lengths:19132021913
Lengths:19132031913
Lengths:19132041913
Lengths:19132051913
Lengths:19132061913
Lengths:19132071913
Lengths:19132081913
Lengths:19132091913
Lengths:19132101913
Lengths:19132111913
Lengths:19132121913
Lengths:19132131913
Lengths:19132141913
Lengths:19132151913
Lengths:19132161913
Lengths:19132171913
Lengths:19132181913
Lengths:19132191913
Lengths:19132201913
Lengths:19132211913
Lengths:19132221913
Lengths:19132231913
Lengths:19132241913
Lengths:19132251913
Lengths:19132261913
Lengths:19132271913
Lengths:19132281913
Lengths:19132291913
Lengths:19132301913
Lengths:19132311913
Lengths:19132321913
Lengths:19132331913
Lengths:19132341913
Lengths:19132351913
Lengths:19132361913
Lengths:19132371913
Lengths:19132381913
Lengths:19132391913
Lengths:19132401913
Lengths:19132411913
Lengths:19132421913
Lengths:19132431913
Lengths:19132441913
Lengths:19132451913
Lengths:19132461913
Lengths:19132471913
Lengths:19132481913
Lengths:19132491913
Lengths:19132501913
Lengths:19132511913
Lengths:19132521913
Lengths:19132531913
Lengths:19132541913
Lengths:19132551913
Lengths:19132561913
Lengths:19132571913
Lengths:19132581913
Lengths:19132591913
Lengths:19132601913
Lengths:19132611913
Lengths:19132621913
Lengths:19132631913
Lengths:19132641913
Lengths:19132651913
Lengths:19132661913
Lengths:19132671913
Lengths:19132681913
Lengths:19132691913
Lengths:19132701913
Lengths:19132711913
Lengths:19132721913
Lengths:19132731913
Lengths:19132741913
Lengths:19132751913
Lengths:19132761913
Lengths:19132771913
Lengths:19132781913
Lengths:19132791913
Lengths:19132801913
Lengths:19132811913
Lengths:19132821913
Lengths:19132831913
Lengths:19132841913
Lengths:19132851913
Lengths:19132861913
Lengths:19132871913
Lengths:19132881913
Lengths:19132891913
Lengths:19132901913
Lengths:19132911913
Lengths:19132921913
Lengths:19132931913
Lengths:19132941913
Lengths:19132951913
Lengths:19132961913
Lengths:19132971913
Lengths:19132981913
Lengths:19132991913
Lengths:19133001913
Lengths:19133011913
Lengths:19133021913
Lengths:19133031913
Lengths:19133041913
Lengths:19133051913
Lengths:19133061913
Lengths:19133071913
Lengths:19133081913
Lengths:19133091913
Lengths:19133101913
Lengths:19133111913
Lengths:19133121913
Lengths:19133131913
Lengths:19133141913
Lengths:19133151913
Lengths:19133161913
Lengths:19133171913
Lengths:19133181913
Lengths:19133191913
Lengths:19133201913
Lengths:19133211913
Lengths:19133221913
Lengths:19133231913
Lengths:19133241913
Lengths:19133251913
Lengths:19133261913
Lengths:19133271913
Lengths:19133281913
Lengths:19133291913
Lengths:19133301913
Lengths:19133311913
Lengths:19133321913
Lengths:19133331913
Lengths:19133341913
Lengths:19133351913
Lengths:19133361913
Lengths:19133371913
Lengths:19133381913
Lengths:19133391913
Lengths:19133401913
Lengths:19133411913
Lengths:19133421913
Lengths:19133431913
Lengths:19133441913
Lengths:19133451913
Lengths:19133461913
Lengths:19133471913
Lengths:19133481913
Lengths:19133491913
Lengths:19133501913
Lengths:19133511913
Lengths:19133521913
Lengths:19133531913
Lengths:19133541913
Lengths:19133551913
Lengths:19133561913
Lengths:19133571913
Lengths:19133581913
Lengths:19133591913
Lengths:19133601913
Lengths:19133611913
Lengths:19133621913
Lengths:19133631913
Lengths:19133641913
Lengths:19133651913
Lengths:19133661913
Lengths:19133671913
Lengths:19133681913
Lengths:19133691913
Lengths:19133701913
Lengths:19133711913
Lengths:19133721913
Lengths:19133731913
Lengths:19133741913
Lengths:19133751913
Lengths:19133761913
Lengths:19133771913
Lengths:19133781913
Lengths:19133791913
Lengths:19133801913
Lengths:19133811913
Lengths:19133821913
Lengths:19133831913
Lengths:19133841913
Lengths:19133851913
Lengths:19133861913
Lengths:19133871913
Lengths:19133881913
Lengths:19133891913
Lengths:19133901913
Lengths:19133911913
Lengths:19133921913
Lengths:19133931913
Lengths:19133941913
Lengths:19133951913
Lengths:19133961913
Lengths:19133971913
Lengths:19133981913
Lengths:19133991913
Lengths:19134001913
Lengths:19134011913
Lengths:19134021913
Lengths:19134031913
Lengths:19134041913
Lengths:19134051913
Lengths:19134061913
Lengths:19134071913
Lengths:19134081913
Lengths:19134091913
Lengths:19134101913
Lengths:19134111913
Lengths:19134121913
Lengths:19134131913
Lengths:19134141913
Lengths:19134151913
Lengths:19134161913
Lengths:19134171913
Lengths:19134181913
Lengths:19134191913
Lengths:19134201913
Lengths:19134211913
Lengths:19134221913
Lengths:19134231913
Lengths:19134241913
Lengths:19134251913
Lengths:19134261913
Lengths:19134271913
Lengths:19134281913
Lengths:19134291913
Lengths:19134301913
Lengths:19134311913
Lengths:19134321913
Lengths:19134331913
Lengths:19134341913
Lengths:19134351913
Lengths:19134361913
Lengths:19134371913
Lengths:19134381913
Lengths:19134391913
Lengths:19134401913
Lengths:19134411913
Lengths:19134421913
Lengths:19134431913
Lengths:19134441913
Lengths:19134451913
Lengths:19134461913
Lengths:19134471913
Lengths:19134481913
Lengths:19134491913
Lengths:19134501913
Lengths:19134511913
Lengths:19134521913
Lengths:19134531913
Lengths:19134541913
Lengths:19134551913
Lengths:19134561913
Lengths:19134571913
Lengths:19134581913
Lengths:19134591913
Lengths:19134601913
Lengths:19134611913
Lengths:19134621913
Lengths:19134631913
Lengths:19134641913
Lengths:19134651913
Lengths:19134661913
Lengths:19134671913
Lengths:19134681913
Lengths:19134691913
Lengths:19134701913
Lengths:19134711913
Lengths:19134721913
Lengths:19134731913
Lengths:19134741913
Lengths:19134751913
Lengths:19134761913
Lengths:19134771913
Lengths:19134781913
Lengths:19134791913
Lengths:19134801913
Lengths:19134811913
Lengths:19134821913
Lengths:19134831913
Lengths:19134841913
Lengths:19134851913
Lengths:19134861913
Lengths:19134871913
Lengths:19134881913
Lengths:19134891913
Lengths:19134901913
Lengths:19134911913
Lengths:19134921913
Lengths:19134931913
Lengths:19134941913
Lengths:19134951913
Lengths:19134961913
Lengths:19134971913
Lengths:19134981913
Lengths:19134991913
Lengths:19135001913
Lengths:19135011913
Lengths:19135021913
Lengths:19135031913
Lengths:19135041913
Lengths:19135051913
Lengths:19135061913
Lengths:19135071913
Lengths:19135081913
Lengths:19135091913
Lengths:19135101913
Lengths:19135111913
Lengths:19135121913
Lengths:19135131913
Lengths:19135141913
Lengths:19135151913
Lengths:19135161913
Lengths:19135171913
Lengths:19135181913
Lengths:19135191913
Lengths:19135201913
Lengths:19135211913
Lengths:19135221913
Lengths:19135231913
Lengths:19135241913
Lengths:19135251913
Lengths:19135261913
Lengths:19135271913
Lengths:19135281913
Lengths:19135291913
Lengths:19135301913
Lengths:19135311913
Lengths:19135321913
Lengths:19135331913
Lengths:19135341913
Lengths:19135351913
Lengths:19135361913
Lengths:19135371913
Lengths:19135381913
Lengths:19135391913
Lengths:19135401913
Lengths:19135411913
Lengths:19135421913
Lengths:19135431913
Lengths:19135441913
Lengths:19135451913
Lengths:19135461913
Lengths:19135471913
Lengths:19135481913
Lengths:19135491913
Lengths:19135501913
Lengths:19135511913
Lengths:19135521913
Lengths:19135531913
Lengths:19135541913
Lengths:19135551913
Lengths:19135561913
Lengths:19135571913
Lengths:19135581913
Lengths:19135591913
Lengths:19135601913
Lengths:19135611913
Lengths:19135621913
Lengths:19135631913
Lengths:19135641913
Lengths:19135651913
Lengths:19135661913
Lengths:19135671913
Lengths:19135681913
Lengths:19135691913
Lengths:19135701913
Lengths:19135711913
Lengths:19135721913
Lengths:19135731913
Lengths:19135741913
Lengths:19135751913
Lengths:19135761913
Lengths:19135771913
Lengths:19135781913
Lengths:19135791913
Lengths:19135801913
Lengths:19135811913
Lengths:19135821913
Lengths:19135831913
Lengths:19135841913
Lengths:19135851913
Lengths:19135861913
Lengths:19135871913
Lengths:19135881913
Lengths:19135891913
Lengths:19135901913
Lengths:19135911913
Lengths:19135921913
Lengths:19135931913
Lengths:19135941913
Lengths:19135951913
Lengths:19135961913
Lengths:19135971913
Lengths:19135981913
Lengths:19135991913
Lengths:19136001913
Lengths:19136011913
Lengths:19136021913
Lengths:19136031913
Lengths:19136041913
Lengths:19136051913
Lengths:19136061913
Lengths:19136071913
Lengths:19136081913
Lengths:19136091913
Lengths:19136101913
Lengths:19136111913
Lengths:19136121913
Lengths:19136131913
Lengths:19136141913
Lengths:19136151913
Lengths:19136161913
Lengths:19136171913
Lengths:19136181913
Lengths:19136191913
Lengths:19136201913
Lengths:19136211913
Lengths:19136221913
Lengths:19136231913
Lengths:19136241913
Lengths:19136251913
Lengths:19136261913
Lengths:19136271913
Lengths:19136281913
Lengths:19136291913
Lengths:19136301913
Lengths:19136311913
Lengths:19136321913
Lengths:19136331913
Lengths:19136341913
Lengths:19136351913
Lengths:19136361913
Lengths:19136371913
Lengths:19136381913
Lengths:19136391913
Lengths:19136401913
Lengths:19136411913
Lengths:19136421913
Lengths:19136431913
Lengths:19136441913
Lengths:19136451913
Lengths:19136461913
Lengths:19136471913
Lengths:19136481913
Lengths:19136491913
Lengths:19136501913
Lengths:19136511913
Lengths:19136521913
Lengths:19136531913
Lengths:19136541913
Lengths:19136551913
Lengths:19136561913
Lengths:19136571913
Lengths:19136581913
Lengths:19136591913
Lengths:19136601913
Lengths:19136611913
Lengths:19136621913
Lengths:19136631913
Lengths:19136641913
Lengths:19136651913
Lengths:19136661913
Lengths:19136671913
Lengths:19136681913
Lengths:19136691913
Lengths:19136701913
Lengths:19136711913
Lengths:19136721913
Lengths:19136731913
Lengths:19136741913
Lengths:19136751913
Lengths:19136761913
Lengths:19136771913
Lengths:19136781913
Lengths:19136791913
Lengths:19136801913
Lengths:19136811913
Lengths:19136821913
Lengths:19136831913
Lengths:19136841913
Lengths:19136851913
Lengths:19136861913
Lengths:19136871913
Lengths:19136881913
Lengths:19136891913
Lengths:19136901913
Lengths:19136911913
Lengths:19136921913
Lengths:19136931913
Lengths:19136941913
Lengths:19136951913
Lengths:19136961913
Lengths:19136971913
Lengths:19136981913
Lengths:19136991913
Lengths:19137001913
Lengths:19137011913
Lengths:19137021913
Lengths:19137031913
Lengths:19137041913
Lengths:19137051913
Lengths:19137061913
Lengths:19137071913
Lengths:19137081913
Lengths:19137091913
Lengths:19137101913
Lengths:19137111913
Lengths:19137121913
Lengths:19137131913
Lengths:19137141913
Lengths:19137151913
Lengths:19137161913
Lengths:19137171913
Lengths:19137181913
Lengths:19137191913
Lengths:19137201913
Lengths:19137211913
Lengths:19137221913
Lengths:19137231913
Lengths:19137241913
Lengths:19137251913
Lengths:19137261913
Lengths:19137271913
Lengths:19137281913
Lengths:19137291913
Lengths:19137301913
Lengths:19137311913
Lengths:19137321913
Lengths:19137331913
Lengths:19137341913
Lengths:19137351913
Lengths:19137361913
Lengths:19137371913
Lengths:19137381913
Lengths:19137391913
Lengths:19137401913
Lengths:19137411913
Lengths:19137421913
Lengths:19137431913
Lengths:19137441913
Lengths:19137451913
Lengths:19137461913
Lengths:19137471913
Lengths:19137481913
Lengths:19137491913
Lengths:19137501913
Lengths:19137511913
Lengths:19137521913
Lengths:19137531913
Lengths:19137541913
Lengths:19137551913
Lengths:19137561913
Lengths:19137571913
Lengths:19137581913
Lengths:19137591913
Lengths:19137601913
Lengths:19137611913
Lengths:19137621913
Lengths:19137631913
Lengths:19137641913
Lengths:19137651913
Lengths:19137661913
Lengths:19137671913
Lengths:19137681913
Lengths:19137691913
Lengths:19137701913
Lengths:19137711913
Lengths:19137721913
Lengths:19137731913
Lengths:19137741913
Lengths:19137751913
Lengths:19137761913
Lengths:19137771913
Lengths:19137781913
Lengths:19137791913
Lengths:19137801913
Lengths:19137811913
Lengths:19137821913
Lengths:19137831913
Lengths:19137841913
Lengths:19137851913
Lengths:19137861913
Lengths:19137871913
Lengths:19137881913
Lengths:19137891913
Lengths:19137901913
Lengths:19137911913
Lengths:19137921913
Lengths:19137931913
Lengths:19137941913
Lengths:19137951913
Lengths:19137961913
Lengths:19137971913
Lengths:19137981913
Lengths:19137991913
Lengths:19138001913
Lengths:19138011913
Lengths:19138021913
Lengths:19138031913
Lengths:19138041913
Lengths:19138051913
Lengths:19138061913
Lengths:19138071913
Lengths:19138081913
Lengths:19138091913
Lengths:19138101913
Lengths:19138111913
Lengths:19138121913
Lengths:19138131913
Lengths:19138141913
Lengths:19138151913
Lengths:19138161913
Lengths:19138171913
Lengths:19138181913
Lengths:19138191913
Lengths:19138201913
Lengths:19138211913
Lengths:19138221913
Lengths:19138231913
Lengths:19138241913
Lengths:19138251913
Lengths:19138261913
Lengths:19138271913
Lengths:19138281913
Lengths:19138291913
Lengths:19138301913
Lengths:19138311913
Lengths:19138321913
Lengths:19138331913
Lengths:19138341913
Lengths:19138351913
Lengths:19138361913
Lengths:19138371913
Lengths:19138381913
Lengths:19138391913
Lengths:19138401913
Lengths:19138411913
Lengths:19138421913
Lengths:19138431913
Lengths:19138441913
Lengths:19138451913
Lengths:19138461913
Lengths:19138471913
Lengths:19138481913
Lengths:19138491913
Lengths:19138501913
Lengths:19138511913
Lengths:19138521913
Lengths:19138531913
Lengths:19138541913
Lengths:19138551913
Lengths:19138561913
Lengths:19138571913
Lengths:19138581913
Lengths:19138591913
Lengths:19138601913
Lengths:19138611913
Lengths:19138621913
Lengths:19138631913
Lengths:19138641913
Lengths:19138651913
Lengths:19138661913
Lengths:19138671913
Lengths:19138681913
Lengths:19138691913
Lengths:19138701913
Lengths:19138711913
Lengths:19138721913
Lengths:19138731913
Lengths:19138741913
Lengths:19138751913
Lengths:19138761913
Lengths:19138771913
Lengths:19138781913
Lengths:19138791913
Lengths:19138801913
Lengths:19138811913
Lengths:19138821913
Lengths:19138831913
Lengths:19138841913
Lengths:19138851913
Lengths:19138861913
Lengths:19138871913
Lengths:19138881913
Lengths:19138891913
Lengths:19138901913
Lengths:19138911913
Lengths:19138921913
Lengths:19138931913
Lengths:19138941913
Lengths:19138951913
Lengths:19138961913
Lengths:19138971913
Lengths:19138981913
Lengths:19138991913
Lengths:19139001913
Lengths:19139011913
Lengths:19139021913
Lengths:19139031913
Lengths:19139041913
Lengths:19139051913
Lengths:19139061913
Lengths:19139071913
Lengths:19139081913
Lengths:19139091913
Lengths:19139101913
Lengths:19139111913
Lengths:19139121913
Lengths:19139131913
Lengths:19139141913
Lengths:19139151913
Lengths:19139161913
Lengths:19139171913
Lengths:19139181913
Lengths:19139191913
Lengths:19139201913
Lengths:19139211913
Lengths:19139221913
Lengths:19139231913
Lengths:19139241913
Lengths:19139251913
Lengths:19139261913
Lengths:19139271913
Lengths:19139281913
Lengths:19139291913
Lengths:19139301913
Lengths:19139311913
Lengths:19139321913
Lengths:19139331913
Lengths:19139341913
Lengths:19139351913
Lengths:19139361913
Lengths:19139371913
Lengths:19139381913
Lengths:19139391913
Lengths:19139401913
Lengths:19139411913
Lengths:19139421913
Lengths:19139431913
Lengths:19139441913
Lengths:19139451913
Lengths:19139461913
Lengths:19139471913
Lengths:19139481913
Lengths:19139491913
Lengths:19139501913
Lengths:19139511913
Lengths:19139521913
Lengths:19139531913
Lengths:19139541913
Lengths:19139551913
Lengths:19139561913
Lengths:19139571913
Lengths:19139581913
Lengths:19139591913
Lengths:19139601913
Lengths:19139611913
Lengths:19139621913
Lengths:19139631913
Lengths:19139641913
Lengths:19139651913
Lengths:19139661913
Lengths:19139671913
Lengths:19139681913
Lengths:19139691913
Lengths:19139701913
Lengths:19139711913
Lengths:19139721913
Lengths:19139731913
Lengths:19139741913
Lengths:19139751913
Lengths:19139761913
Lengths:19139771913
Lengths:19139781913
Lengths:19139791913
Lengths:19139801913
Lengths:19139811913
Lengths:19139821913
Lengths:19139831913
Lengths:19139841913
Lengths:19139851913
Lengths:19139861913
Lengths:19139871913
Lengths:19139881913
Lengths:19139891913
Lengths:19139901913
Lengths:19139911913
Lengths:19139921913
Lengths:19139931913
Lengths:19139941913
Lengths:19139951913
Lengths:19139961913
Lengths:19139971913
Lengths:19139981913
Lengths:19139991913
Lengths:191310001913
Lengths:191310011913
Lengths:191310021913
Lengths:191310031913
Lengths:191310041913
Lengths:191310051913
Lengths:191310061913
Lengths:191310071913
Lengths:191310081913
Lengths:191310091913
Lengths:191310101913
Lengths:191310111913
Lengths:191310121913
Lengths:191310131913
Lengths:191310141913
Lengths:191310151913
Lengths:191310161913
Lengths:191310171913
Lengths:191310181913
Lengths:191310191913
Lengths:191310201913
Lengths:191310211913
Lengths:191310221913
Lengths:191310231913
Lengths:191310241913
Lengths:191310251913
Lengths:191310261913
Lengths:191310271913
Lengths:191310281913
Lengths:191310291913
Lengths:191310301913
Lengths:191310311913
Lengths:191310321913
Lengths:191310331913
Lengths:191310341913
Lengths:191310351913
Lengths:191310361913
Lengths:191310371913
Lengths:191310381913
Lengths:191310391913
Lengths:191310401913
Lengths:191310411913
Lengths:191310421913
Lengths:191310431913
Lengths:191310441913
Lengths:191310451913
Lengths:191310461913
Lengths:191310471913
Lengths:191310481913
Lengths:191310491913
Lengths:191310501913
Lengths:191310511913
Lengths:191310521913
Lengths:191310531913
Lengths:191310541913
Lengths:191310551913
Lengths:191310561913
Lengths:191310571913
Lengths:191310581913
Lengths:191310591913
Lengths:191310601913
Lengths:191310611913
Lengths:191310621913
Lengths:191310631913
Lengths:191310641913
Lengths:191310651913
Lengths:191310661913
Lengths:191310671913
Lengths:191310681913
Lengths:191310691913
Lengths:191310701913
Lengths:191310711913
Lengths:191310721913
Lengths:191310731913
Lengths:191310741913
Lengths:191310751913
Lengths:191310761913
Lengths:191310771913
Lengths:191310781913
Lengths:191310791913
Lengths:191310801913
Lengths:191310811913
Lengths:191310821913
Lengths:191310831913
Lengths:191310841913
Lengths:191310851913
Lengths:191310861913
Lengths:191310871913
Lengths:191310881913
Lengths:191310891913
Lengths:191310901913
Lengths:191310911913
Lengths:191310921913
Lengths:191310931913
Lengths:191310941913
Lengths:191310951913
Lengths:191310961913
Lengths:191310971913
Lengths:191310981913
Lengths:191310991913
Lengths:191311001913
Lengths:191311011913
Lengths:191311021913
Lengths:191311031913
Lengths:191311041913
Lengths:191311051913
Lengths:191311061913
Lengths:191311071913
Lengths:191311081913
Lengths:191311091913
Lengths:191311101913
Lengths:191311111913
Lengths:191311121913
Lengths:191311131913
Lengths:191311141913
Lengths:191311151913
Lengths:191311161913
Lengths:191311171913
Lengths:191311181913
Lengths:191311191913
Lengths:191311201913
Lengths:191311211913
Lengths:191311221913
Lengths:191311231913
Lengths:191311241913
Lengths:191311251913
Lengths:191311261913
Lengths:191311271913
Lengths:191311281913
Lengths:191311291913
Lengths:191311301913
Lengths:191311311913
Lengths:191311321913
Lengths:191311331913
Lengths:191311341913
Lengths:191311351913
Lengths:191311361913
Lengths:191311371913
Lengths:191311381913
Lengths:191311391913
Lengths:191311401913
Lengths:191311411913
Lengths:191311421913
Lengths:191311431913
Lengths:191311441913
Lengths:191311451913
Lengths:191311461913
Lengths:191311471913
Lengths:191311481913
Lengths:191311491913
Lengths:191311501913
Lengths:191311511913
Lengths:191311521913
Lengths:191311531913
Lengths:191311541913
Lengths:191311551913
Lengths:191311561913
Lengths:191311571913
Lengths:191311581913
Lengths:191311591913
Lengths:191311601913
Lengths:191311611913
Lengths:191311621913
Lengths:191311631913
Lengths:191311641913
Lengths:191311651913
Lengths:191311661913
Lengths:191311671913
Lengths:191311681913
Lengths:191311691913
Lengths:191311701913
Lengths:191311711913
Lengths:191311721913
Lengths:191311731913
Lengths:191311741913
Lengths:191311751913
Lengths:191311761913
Lengths:191311771913
Lengths:191311781913
Lengths:191311791913
Lengths:191311801913
Lengths:191311811913
Lengths:191311821913
Lengths:191311831913
Lengths:191311841913
Lengths:191311851913
Lengths:191311861913
Lengths:191311871913
Lengths:191311881913
Lengths:191311891913
Lengths:191311901913
Lengths:191311911913
Lengths:191311921913
Lengths:191311931913
Lengths:191311941913
Lengths:191311951913
Lengths:191311961913
Lengths:191311971913
Lengths:191311981913
Lengths:191311991913
Lengths:191312001913
Lengths:191312011913
Lengths:191312021913
Lengths:191312031913
Lengths:191312041913
Lengths:191312051913
Lengths:191312061913
Lengths:191312071913
Lengths:191312081913
Lengths:191312091913
Lengths:191312101913
Lengths:191312111913
Lengths:191312121913
Lengths:191312131913
Lengths:191312141913
Lengths:191312151913
Lengths:191312161913
Lengths:191312171913
Lengths:191312181913
Lengths:191312191913
Lengths:191312201913
Lengths:191312211913
Lengths:191312221913
Lengths:191312231913
Lengths:191312241913
Lengths:191312251913
Lengths:191312261913
Lengths:191312271913
Lengths:191312281913
Lengths:191312291913
Lengths:191312301913
Lengths:191312311913
Lengths:191312321913
Lengths:191312331913
Lengths:191312341913
Lengths:191312351913
Lengths:191312361913
Lengths:191312371913
Lengths:191312381913
Lengths:191312391913
Lengths:191312401913
Lengths:191312411913
Lengths:191312421913
Lengths:191312431913
Lengths:191312441913
Lengths:191312451913
Lengths:191312461913
Lengths:191312471913
Lengths:191312481913
Lengths:191312491913
Lengths:191312501913
Lengths:191312511913
Lengths:191312521913
Lengths:191312531913
Lengths:191312541913
Lengths:191312551913
Lengths:191312561913
Lengths:191312571913
Lengths:191312581913
Lengths:191312591913
Lengths:191312601913
Lengths:191312611913
Lengths:191312621913
Lengths:191312631913
Lengths:191312641913
Lengths:191312651913
Lengths:191312661913
Lengths:191312671913
Lengths:191312681913
Lengths:191312691913
Lengths:191312701913
Lengths:191312711913
Lengths:191312721913
Lengths:191312731913
Lengths:191312741913
Lengths:191312751913
Lengths:191312761913
Lengths:191312771913
Lengths:191312781913
Lengths:191312791913
Lengths:191312801913
Lengths:191312811913
Lengths:191312821913
Lengths:191312831913
Lengths:191312841913
Lengths:191312851913
Lengths:191312861913
Lengths:191312871913
Lengths:191312881913
Lengths:191312891913
Lengths:191312901913
Lengths:191312911913
Lengths:191312921913
Lengths:191312931913
Lengths:191312941913
Lengths:191312951913
Lengths:191312961913
Lengths:191312971913
Lengths:191312981913
Lengths:191312991913
Lengths:191313001913
Lengths:191313011913
Lengths:191313021913
Lengths:191313031913
Lengths:191313041913
Lengths:191313051913
Lengths:191313061913
Lengths:191313071913
Lengths:191313081913
Lengths:191313091913
Lengths:191313101913
Lengths:191313111913
Lengths:191313121913
Lengths:191313131913
Lengths:191313141913
Lengths:191313151913
Lengths:191313161913
Lengths:191313171913
Lengths:191313181913
Lengths:191313191913
Lengths:191313201913
Lengths:191313211913
Lengths:191313221913
Lengths:191313231913
Lengths:191313241913
Lengths:191313251913
Lengths:191313261913
Lengths:191313271913
Lengths:191313281913
Lengths:191313291913
Lengths:191313301913
Lengths:191313311913
Lengths:191313321913
Lengths:191313331913
Lengths:191313341913
Lengths:191313351913
Lengths:191313361913
Lengths:191313371913
Lengths:191313381913
Lengths:191313391913
Lengths:191313401913
Lengths:191313411913
Lengths:191313421913
Lengths:191313431913
Lengths:191313441913
Lengths:191313451913
Lengths:191313461913
Lengths:191313471913
Lengths:191313481913
Lengths:191313491913
Lengths:191313501913
Lengths:191313511913
Lengths:191313521913
Lengths:191313531913
Lengths:191313541913
Lengths:191313551913
Lengths:191313561913
Lengths:191313571913
Lengths:191313581913
Lengths:191313591913
Lengths:191313601913
Lengths:191313611913
Lengths:191313621913
Lengths:191313631913
Lengths:191313641913
Lengths:191313651913
Lengths:191313661913
Lengths:191313671913
Lengths:191313681913
Lengths:191313691913
Lengths:191313701913
Lengths:191313711913
Lengths:191313721913
Lengths:191313731913
Lengths:191313741913
Lengths:191313751913
Lengths:191313761913
Lengths:191313771913
Lengths:191313781913
Lengths:191313791913
Lengths:191313801913
Lengths:191313811913
Lengths:191313821913
Lengths:191313831913
Lengths:191313841913
Lengths:191313851913
Lengths:191313861913
Lengths:191313871913
Lengths:191313881913
Lengths:191313891913
Lengths:191313901913
Lengths:191313911913
Lengths:191313921913
Lengths:191313931913
Lengths:191313941913
Lengths:191313951913
Lengths:191313961913
Lengths:191313971913
Lengths:191313981913
Lengths:191313991913
Lengths:191314001913
Lengths:191314011913
Lengths:191314021913
Lengths:191314031913
Lengths:191314041913
Lengths:191314051913
Lengths:191314061913
Lengths:191314071913
Lengths:191314081913
Lengths:191314091913
Lengths:191314101913
Lengths:191314111913
Lengths:191314121913
Lengths:191314131913
Lengths:191314141913
Lengths:191314151913
Lengths:191314161913
Lengths:191314171913
Lengths:191314181913
Lengths:191314191913
Lengths:191314201913
Lengths:191314211913
Lengths:191314221913
Lengths:191314231913
Lengths:191314241913
Lengths:191314251913
Lengths:191314261913
Lengths:191314271913
Lengths:191314281913
Lengths:191314291913
Lengths:191314301913
Lengths:191314311913
Lengths:191314321913
Lengths:191314331913
Lengths:191314341913
Lengths:191314351913
Lengths:191314361913
Lengths:191314371913
Lengths:191314381913
Lengths:191314391913
Lengths:191314401913
Lengths:191314411913
Lengths:191314421913
Lengths:191314431913
Lengths:191314441913
Lengths:191314451913
Lengths:191314461913
Lengths:191314471913
Lengths:191314481913
Lengths:191314491913
Lengths:191314501913
Lengths:191314511913
Lengths:191314521913
Lengths:191314531913
Lengths:191314541913
Lengths:191314551913
Lengths:191314561913
Lengths:191314571913
Lengths:191314581913
Lengths:191314591913
Lengths:191314601913
Lengths:191314611913
Lengths:191314621913
Lengths:191314631913
Lengths:191314641913
Lengths:191314651913
Lengths:191314661913
Lengths:191314671913
Lengths:191314681913
Lengths:191314691913
Lengths:191314701913
Lengths:191314711913
Lengths:191314721913
Lengths:191314731913
Lengths:191314741913
Lengths:191314751913
Lengths:191314761913
Lengths:191314771913
Lengths:191314781913
Lengths:191314791913
Lengths:191314801913
Lengths:191314811913
Lengths:191314821913
Lengths:191314831913
Lengths:191314841913
Lengths:191314851913
Lengths:191314861913
Lengths:191314871913
Lengths:191314881913
Lengths:191314891913
Lengths:191314901913
Lengths:191314911913
Lengths:191314921913
Lengths:191314931913
Lengths:191314941913
Lengths:191314951913
Lengths:191314961913
Lengths:191314971913
Lengths:191314981913
Lengths:191314991913
Lengths:191315001913
Lengths:191315011913
Lengths:191315021913
Lengths:191315031913
Lengths:191315041913
Lengths:191315051913
Lengths:191315061913
Lengths:191315071913
Lengths:191315081913
Lengths:191315091913
Lengths:191315101913
Lengths:191315111913
Lengths:191315121913
Lengths:191315131913
Lengths:191315141913
Lengths:191315151913
Lengths:191315161913
Lengths:191315171913
Lengths:191315181913
Lengths:191315191913
Lengths:191315201913
Lengths:191315211913
Lengths:191315221913
Lengths:191315231913
Lengths:191315241913
Lengths:191315251913
Lengths:191315261913
Lengths:191315271913
Lengths:191315281913
Lengths:191315291913
Lengths:191315301913
Lengths:191315311913
Lengths:191315321913
Lengths:191315331913
Lengths:191315341913
Lengths:191315351913
Lengths:191315361913
Lengths:191315371913
Lengths:191315381913
Lengths:191315391913
Lengths:191315401913
Lengths:191315411913
Lengths:191315421913
Lengths:191315431913
Lengths:191315441913
Lengths:191315451913
Lengths:191315461913
Lengths:191315471913
Lengths:191315481913
Lengths:191315491913
Lengths:191315501913
Lengths:191315511913
Lengths:191315521913
Lengths:191315531913
Lengths:191315541913
Lengths:191315551913
Lengths:191315561913
Lengths:191315571913
Lengths:191315581913
Lengths:191315591913
Lengths:191315601913
Lengths:191315611913
Lengths:191315621913
Lengths:191315631913
Lengths:191315641913
Lengths:191315651913
Lengths:191315661913
Lengths:191315671913
Lengths:191315681913
Lengths:191315691913
Lengths:191315701913
Lengths:191315711913
Lengths:191315721913
Lengths:191315731913
Lengths:191315741913
Lengths:191315751913
Lengths:191315761913
Lengths:191315771913
Lengths:191315781913
Lengths:191315791913
Lengths:191315801913
Lengths:191315811913
Lengths:191315821913
Lengths:191315831913
Lengths:191315841913
Lengths:191315851913
Lengths:191315861913
Lengths:191315871913
Lengths:191315881913
Lengths:191315891913
Lengths:191315901913
Lengths:191315911913
Lengths:191315921913
Lengths:191315931913
Lengths:191315941913
Lengths:191315951913
Lengths:191315961913
Lengths:191315971913
Lengths:191315981913
Lengths:191315991913
Lengths:191316001913
Lengths:191316011913
Lengths:191316021913
Lengths:191316031913
Lengths:191316041913
Lengths:191316051913
Lengths:191316061913
Lengths:191316071913
Lengths:191316081913
Lengths:191316091913
Lengths:191316101913
Lengths:191316111913
Lengths:191316121913
Lengths:191316131913
Lengths:191316141913
Lengths:191316151913
Lengths:191316161913
Lengths:191316171913
Lengths:191316181913
Lengths:191316191913
Lengths:191316201913
Lengths:191316211913
Lengths:191316221913
Lengths:191316231913
Lengths:191316241913
Lengths:191316251913
Lengths:191316261913
Lengths:191316271913
Lengths:191316281913
Lengths:191316291913
Lengths:191316301913
Lengths:191316311913
Lengths:191316321913
Lengths:191316331913
Lengths:191316341913
Lengths:191316351913
Lengths:191316361913
Lengths:191316371913
Lengths:191316381913
Lengths:191316391913
Lengths:191316401913
Lengths:191316411913
Lengths:191316421913
Lengths:191316431913
Lengths:191316441913
Lengths:191316451913
Lengths:191316461913
Lengths:191316471913
Lengths:191316481913
Lengths:191316491913
Lengths:191316501913
Lengths:191316511913
Lengths:191316521913
Lengths:191316531913
Lengths:191316541913
Lengths:191316551913
Lengths:191316561913
Lengths:191316571913
Lengths:191316581913
Lengths:191316591913
Lengths:191316601913
Lengths:191316611913
Lengths:191316621913
Lengths:191316631913
Lengths:191316641913
Lengths:191316651913
Lengths:191316661913
Lengths:191316671913
Lengths:191316681913
Lengths:191316691913
Lengths:191316701913
Lengths:191316711913
Lengths:191316721913
Lengths:191316731913
Lengths:191316741913
Lengths:191316751913
Lengths:191316761913
Lengths:191316771913
Lengths:191316781913
Lengths:191316791913
Lengths:191316801913
Lengths:191316811913
Lengths:191316821913
Lengths:191316831913
Lengths:191316841913
Lengths:191316851913
Lengths:191316861913
Lengths:191316871913
Lengths:191316881913
Lengths:191316891913
Lengths:191316901913
Lengths:191316911913
Lengths:191316921913
Lengths:191316931913
Lengths:191316941913
Lengths:191316951913
Lengths:191316961913
Lengths:191316971913
Lengths:191316981913
Lengths:191316991913
Lengths:191317001913
Lengths:191317011913
Lengths:191317021913
Lengths:191317031913
Lengths:191317041913
Lengths:191317051913
Lengths:191317061913
Lengths:191317071913
Lengths:191317081913
Lengths:191317091913
Lengths:191317101913
Lengths:191317111913
Lengths:191317121913
Lengths:191317131913
Lengths:191317141913
Lengths:191317151913
Lengths:191317161913
Lengths:191317171913
Lengths:191317181913
Lengths:191317191913
Lengths:191317201913
Lengths:191317211913
Lengths:191317221913
Lengths:191317231913
Lengths:191317241913
Lengths:191317251913
Lengths:191317261913
Lengths:191317271913
Lengths:191317281913
Lengths:191317291913
Lengths:191317301913
Lengths:191317311913
Lengths:191317321913
Lengths:191317331913
Lengths:191317341913
Lengths:191317351913
Lengths:191317361913
Lengths:191317371913
Lengths:191317381913
Lengths:191317391913
Lengths:191317401913
Lengths:191317411913
Lengths:191317421913
Lengths:191317431913
Lengths:191317441913
Lengths:191317451913
Lengths:191317461913
Lengths:191317471913
Lengths:191317481913
Lengths:191317491913
Lengths:191317501913
Lengths:191317511913
Lengths:191317521913
Lengths:191317531913
Lengths:191317541913
Lengths:191317551913
Lengths:191317561913
Lengths:191317571913
Lengths:191317581913
Lengths:191317591913
Lengths:191317601913
Lengths:191317611913
Lengths:191317621913
Lengths:191317631913
Lengths:191317641913
Lengths:191317651913
Lengths:191317661913
Lengths:191317671913
Lengths:191317681913
Lengths:191317691913
Lengths:191317701913
Lengths:191317711913
Lengths:191317721913
Lengths:191317731913
Lengths:191317741913
Lengths:191317751913
Lengths:191317761913
Lengths:191317771913
Lengths:191317781913
Lengths:191317791913
Lengths:191317801913
Lengths:191317811913
Lengths:191317821913
Lengths:191317831913
Lengths:191317841913
Lengths:191317851913
Lengths:191317861913
Lengths:191317871913
Lengths:191317881913
Lengths:191317891913
Lengths:191317901913
Lengths:191317911913
Lengths:191317921913
Lengths:191317931913
Lengths:191317941913
Lengths:191317951913
Lengths:191317961913
Lengths:191317971913
Lengths:191317981913
Lengths:191317991913
Lengths:191318001913
Lengths:191318011913
Lengths:191318021913
Lengths:191318031913
Lengths:191318041913
Lengths:191318051913
Lengths:191318061913
Lengths:191318071913
Lengths:191318081913
Lengths:191318091913
Lengths:191318101913
Lengths:191318111913
Lengths:191318121913
Lengths:191318131913
Lengths:191318141913
Lengths:191318151913
Lengths:191318161913
Lengths:191318171913
Lengths:191318181913
Lengths:191318191913
Lengths:191318201913
Lengths:191318211913
Lengths:191318221913
Lengths:191318231913
Lengths:191318241913
Lengths:191318251913
Lengths:191318261913
Lengths:191318271913
Lengths:191318281913
Lengths:191318291913
Lengths:191318301913
Lengths:191318311913
Lengths:191318321913
Lengths:191318331913
Lengths:191318341913
Lengths:191318351913
Lengths:191318361913
Lengths:191318371913
Lengths:191318381913
Lengths:191318391913
Lengths:191318401913
Lengths:191318411913
Lengths:191318421913
Lengths:191318431913
Lengths:191318441913
Lengths:191318451913
Lengths:191318461913
Lengths:191318471913
Lengths:191318481913
Lengths:191318491913
Lengths:191318501913
Lengths:191318511913
Lengths:191318521913
Lengths:191318531913
Lengths:191318541913
Lengths:191318551913
Lengths:191318561913
Lengths:191318571913
Lengths:191318581913
Lengths:191318591913
Lengths:191318601913
Lengths:191318611913
Lengths:191318621913
Lengths:191318631913
Lengths:191318641913
Lengths:191318651913
Lengths:191318661913
Lengths:191318671913
Lengths:191318681913
Lengths:191318691913
Lengths:191318701913
Lengths:191318711913
Lengths:191318721913
Lengths:191318731913
Lengths:191318741913
Lengths:191318751913
Lengths:191318761913
Lengths:191318771913
Lengths:191318781913
Lengths:191318791913
Lengths:191318801913
Lengths:191318811913
Lengths:191318821913
Lengths:191318831913
Lengths:191318841913
Lengths:191318851913
Lengths:191318861913
Lengths:191318871913
Lengths:191318881913
Lengths:191318891913
Lengths:191318901913
Lengths:191318911913
Lengths:191318921913
Lengths:191318931913
Lengths:191318941913
Lengths:191318951913
Lengths:191318961913
Lengths:191318971913
Lengths:191318981913
Lengths:191318991913
Lengths:191319001913
Lengths:191319011913
Lengths:191319021913
Lengths:191319031913
Lengths:191319041913
Lengths:191319051913
Lengths:191319061913
Lengths:191319071913
Lengths:191319081913
Lengths:191319091913
Lengths:191319101913
Lengths:191319111913
[[[ 1.70278591e-02             nan             nan]
  [ 1.63360718e-02             nan             nan]
  [ 1.20630941e-02             nan             nan]
  ...
  [ 7.10483117e-03             nan -9.00000000e+00]
  [ 5.98396707e-03             nan -1.60000000e+01]
  [ 5.75044490e-03             nan -4.00000000e+00]]

 [[ 1.63360718e-02             nan             nan]
  [ 1.20630941e-02             nan             nan]
  [ 1.36962301e-02             nan             nan]
  ...
  [ 5.98396707e-03             nan -1.60000000e+01]
  [ 5.75044490e-03             nan -4.00000000e+00]
  [ 5.61268078e-03             nan -2.50000000e+01]]

 [[ 1.20630941e-02             nan             nan]
  [ 1.36962301e-02             nan             nan]
  [ 1.60594219e-02             nan             nan]
  ...
  [ 5.75044490e-03             nan -4.00000000e+00]
  [ 5.61268078e-03             nan -2.50000000e+01]
  [ 5.10281059e-03             nan  0.00000000e+00]]

 ...

 [[ 6.88682194e-02             nan  2.06000000e+02]
  [ 6.68669837e-02             nan -6.51000000e+02]
  [ 7.02074561e-02             nan  9.63000000e+02]
  ...
  [ 5.55605514e-02             nan -2.15000000e+02]
  [ 5.71209381e-02             nan -5.11000000e+02]
  [ 5.95820891e-02             nan  5.63000000e+02]]

 [[ 6.68669837e-02             nan -6.51000000e+02]
  [ 7.02074561e-02             nan  9.63000000e+02]
  [ 7.04666827e-02             nan  5.77000000e+02]
  ...
  [ 5.71209381e-02             nan -5.11000000e+02]
  [ 5.95820891e-02             nan  5.63000000e+02]
  [ 5.75862523e-02             nan  3.37000000e+02]]

 [[ 7.02074561e-02             nan  9.63000000e+02]
  [ 7.04666827e-02             nan  5.77000000e+02]
  [ 6.83349863e-02             nan -2.48700000e+03]
  ...
  [ 5.95820891e-02             nan  5.63000000e+02]
  [ 5.75862523e-02             nan  3.37000000e+02]
  [ 6.11468104e-02             nan  2.76000000e+02]]]
Done.
	Creating sequence for 'alphabet-erc404'...                  datetime  devActivity
0    2024-02-20T00:00:00Z          NaN
1    2024-02-21T00:00:00Z          NaN
2    2024-02-22T00:00:00Z          NaN
3    2024-02-23T00:00:00Z          NaN
4    2024-02-24T00:00:00Z          NaN
..                    ...          ...
187  2024-08-25T00:00:00Z          NaN
188  2024-08-26T00:00:00Z          NaN
189  2024-08-27T00:00:00Z          NaN
190  2024-08-28T00:00:00Z          NaN
191  2024-08-29T00:00:00Z          NaN

[192 rows x 2 columns]
Lengths:19259192
Lengths:19260192
Lengths:19261192
Lengths:19262192
Lengths:19263192
Lengths:19264192
Lengths:19265192
Lengths:19266192
Lengths:19267192
Lengths:19268192
Lengths:19269192
Lengths:19270192
Lengths:19271192
Lengths:19272192
Lengths:19273192
Lengths:19274192
Lengths:19275192
Lengths:19276192
Lengths:19277192
Lengths:19278192
Lengths:19279192
Lengths:19280192
Lengths:19281192
Lengths:19282192
Lengths:19283192
Lengths:19284192
Lengths:19285192
Lengths:19286192
Lengths:19287192
Lengths:19288192
Lengths:19289192
Lengths:19290192
Lengths:19291192
Lengths:19292192
Lengths:19293192
Lengths:19294192
Lengths:19295192
Lengths:19296192
Lengths:19297192
Lengths:19298192
Lengths:19299192
Lengths:192100192
Lengths:192101192
Lengths:192102192
Lengths:192103192
Lengths:192104192
Lengths:192105192
Lengths:192106192
Lengths:192107192
Lengths:192108192
Lengths:192109192
Lengths:192110192
Lengths:192111192
Lengths:192112192
Lengths:192113192
Lengths:192114192
Lengths:192115192
Lengths:192116192
Lengths:192117192
Lengths:192118192
Lengths:192119192
Lengths:192120192
Lengths:192121192
Lengths:192122192
Lengths:192123192
Lengths:192124192
Lengths:192125192
Lengths:192126192
Lengths:192127192
Lengths:192128192
Lengths:192129192
Lengths:192130192
Lengths:192131192
Lengths:192132192
Lengths:192133192
Lengths:192134192
Lengths:192135192
Lengths:192136192
Lengths:192137192
Lengths:192138192
Lengths:192139192
Lengths:192140192
Lengths:192141192
Lengths:192142192
Lengths:192143192
Lengths:192144192
Lengths:192145192
Lengths:192146192
Lengths:192147192
Lengths:192148192
Lengths:192149192
Lengths:192150192
Lengths:192151192
Lengths:192152192
Lengths:192153192
Lengths:192154192
Lengths:192155192
Lengths:192156192
Lengths:192157192
Lengths:192158192
Lengths:192159192
Lengths:192160192
Lengths:192161192
Lengths:192162192
Lengths:192163192
Lengths:192164192
Lengths:192165192
Lengths:192166192
Lengths:192167192
Lengths:192168192
Lengths:192169192
Lengths:192170192
Lengths:192171192
Lengths:192172192
Lengths:192173192
Lengths:192174192
Lengths:192175192
Lengths:192176192
Lengths:192177192
Lengths:192178192
Lengths:192179192
Lengths:192180192
Lengths:192181192
Lengths:192182192
Lengths:192183192
Lengths:192184192
Lengths:192185192
Lengths:192186192
Lengths:192187192
Lengths:192188192
Lengths:192189192
Lengths:192190192
[[[322.2999893           nan          nan]
  [254.1648531           nan          nan]
  [244.5978211           nan          nan]
  ...
  [ 71.57062578          nan          nan]
  [ 74.59310343          nan          nan]
  [ 72.91629267          nan          nan]]

 [[254.1648531           nan          nan]
  [244.5978211           nan          nan]
  [232.68901494          nan          nan]
  ...
  [ 74.59310343          nan          nan]
  [ 72.91629267          nan          nan]
  [ 75.91956523          nan          nan]]

 [[244.5978211           nan          nan]
  [232.68901494          nan          nan]
  [263.47813916          nan          nan]
  ...
  [ 72.91629267          nan          nan]
  [ 75.91956523          nan          nan]
  [ 76.37753973          nan          nan]]

 ...

 [[ 58.1539157           nan          nan]
  [ 57.86286432          nan          nan]
  [ 57.86286432          nan          nan]
  ...
  [ 32.70537194          nan          nan]
  [ 32.70537194          nan          nan]
  [ 32.70537194          nan          nan]]

 [[ 57.86286432          nan          nan]
  [ 57.86286432          nan          nan]
  [ 45.29747998          nan          nan]
  ...
  [ 32.70537194          nan          nan]
  [ 32.70537194          nan          nan]
  [ 32.70537194          nan          nan]]

 [[ 57.86286432          nan          nan]
  [ 45.29747998          nan          nan]
  [ 43.53972483          nan          nan]
  ...
  [ 32.70537194          nan          nan]
  [ 32.70537194          nan          nan]
  [ 32.70537194          nan          nan]]]
Done.
	Creating sequence for 'across-protocol'...                   datetime  devActivity
0     2009-01-02T00:00:00Z            0
1     2009-01-03T00:00:00Z            0
2     2009-01-04T00:00:00Z            0
3     2009-01-05T00:00:00Z            0
4     2009-01-06T00:00:00Z            0
...                    ...          ...
5739  2024-09-20T00:00:00Z          150
5740  2024-09-21T00:00:00Z            8
5741  2024-09-22T00:00:00Z            0
5742  2024-09-23T00:00:00Z          104
5743  2024-09-24T00:00:00Z          278

[5744 rows x 2 columns]
Lengths:667595744
Lengths:667605744
Lengths:667615744
Lengths:667625744
Lengths:667635744
Lengths:667645744
Lengths:667655744
Lengths:667665744
Lengths:667675744
Lengths:667685744
Lengths:667695744
Lengths:667705744
Lengths:667715744
Lengths:667725744
Lengths:667735744
Lengths:667745744
Lengths:667755744
Lengths:667765744
Lengths:667775744
Lengths:667785744
Lengths:667795744
Lengths:667805744
Lengths:667815744
Lengths:667825744
Lengths:667835744
Lengths:667845744
Lengths:667855744
Lengths:667865744
Lengths:667875744
Lengths:667885744
Lengths:667895744
Lengths:667905744
Lengths:667915744
Lengths:667925744
Lengths:667935744
Lengths:667945744
Lengths:667955744
Lengths:667965744
Lengths:667975744
Lengths:667985744
Lengths:667995744
Lengths:6671005744
Lengths:6671015744
Lengths:6671025744
Lengths:6671035744
Lengths:6671045744
Lengths:6671055744
Lengths:6671065744
Lengths:6671075744
Lengths:6671085744
Lengths:6671095744
Lengths:6671105744
Lengths:6671115744
Lengths:6671125744
Lengths:6671135744
Lengths:6671145744
Lengths:6671155744
Lengths:6671165744
Lengths:6671175744
Lengths:6671185744
Lengths:6671195744
Lengths:6671205744
Lengths:6671215744
Lengths:6671225744
Lengths:6671235744
Lengths:6671245744
Lengths:6671255744
Lengths:6671265744
Lengths:6671275744
Lengths:6671285744
Lengths:6671295744
Lengths:6671305744
Lengths:6671315744
Lengths:6671325744
Lengths:6671335744
Lengths:6671345744
Lengths:6671355744
Lengths:6671365744
Lengths:6671375744
Lengths:6671385744
Lengths:6671395744
Lengths:6671405744
Lengths:6671415744
Lengths:6671425744
Lengths:6671435744
Lengths:6671445744
Lengths:6671455744
Lengths:6671465744
Lengths:6671475744
Lengths:6671485744
Lengths:6671495744
Lengths:6671505744
Lengths:6671515744
Lengths:6671525744
Lengths:6671535744
Lengths:6671545744
Lengths:6671555744
Lengths:6671565744
Lengths:6671575744
Lengths:6671585744
Lengths:6671595744
Lengths:6671605744
Lengths:6671615744
Lengths:6671625744
Lengths:6671635744
Lengths:6671645744
Lengths:6671655744
Lengths:6671665744
Lengths:6671675744
Lengths:6671685744
Lengths:6671695744
Lengths:6671705744
Lengths:6671715744
Lengths:6671725744
Lengths:6671735744
Lengths:6671745744
Lengths:6671755744
Lengths:6671765744
Lengths:6671775744
Lengths:6671785744
Lengths:6671795744
Lengths:6671805744
Lengths:6671815744
Lengths:6671825744
Lengths:6671835744
Lengths:6671845744
Lengths:6671855744
Lengths:6671865744
Lengths:6671875744
Lengths:6671885744
Lengths:6671895744
Lengths:6671905744
Lengths:6671915744
Lengths:6671925744
Lengths:6671935744
Lengths:6671945744
Lengths:6671955744
Lengths:6671965744
Lengths:6671975744
Lengths:6671985744
Lengths:6671995744
Lengths:6672005744
Lengths:6672015744
Lengths:6672025744
Lengths:6672035744
Lengths:6672045744
Lengths:6672055744
Lengths:6672065744
Lengths:6672075744
Lengths:6672085744
Lengths:6672095744
Lengths:6672105744
Lengths:6672115744
Lengths:6672125744
Lengths:6672135744
Lengths:6672145744
Lengths:6672155744
Lengths:6672165744
Lengths:6672175744
Lengths:6672185744
Lengths:6672195744
Lengths:6672205744
Lengths:6672215744
Lengths:6672225744
Lengths:6672235744
Lengths:6672245744
Lengths:6672255744
Lengths:6672265744
Lengths:6672275744
Lengths:6672285744
Lengths:6672295744
Lengths:6672305744
Lengths:6672315744
Lengths:6672325744
Lengths:6672335744
Lengths:6672345744
Lengths:6672355744
Lengths:6672365744
Lengths:6672375744
Lengths:6672385744
Lengths:6672395744
Lengths:6672405744
Lengths:6672415744
Lengths:6672425744
Lengths:6672435744
Lengths:6672445744
Lengths:6672455744
Lengths:6672465744
Lengths:6672475744
Lengths:6672485744
Lengths:6672495744
Lengths:6672505744
Lengths:6672515744
Lengths:6672525744
Lengths:6672535744
Lengths:6672545744
Lengths:6672555744
Lengths:6672565744
Lengths:6672575744
Lengths:6672585744
Lengths:6672595744
Lengths:6672605744
Lengths:6672615744
Lengths:6672625744
Lengths:6672635744
Lengths:6672645744
Lengths:6672655744
Lengths:6672665744
Lengths:6672675744
Lengths:6672685744
Lengths:6672695744
Lengths:6672705744
Lengths:6672715744
Lengths:6672725744
Lengths:6672735744
Lengths:6672745744
Lengths:6672755744
Lengths:6672765744
Lengths:6672775744
Lengths:6672785744
Lengths:6672795744
Lengths:6672805744
Lengths:6672815744
Lengths:6672825744
Lengths:6672835744
Lengths:6672845744
Lengths:6672855744
Lengths:6672865744
Lengths:6672875744
Lengths:6672885744
Lengths:6672895744
Lengths:6672905744
Lengths:6672915744
Lengths:6672925744
Lengths:6672935744
Lengths:6672945744
Lengths:6672955744
Lengths:6672965744
Lengths:6672975744
Lengths:6672985744
Lengths:6672995744
Lengths:6673005744
Lengths:6673015744
Lengths:6673025744
Lengths:6673035744
Lengths:6673045744
Lengths:6673055744
Lengths:6673065744
Lengths:6673075744
Lengths:6673085744
Lengths:6673095744
Lengths:6673105744
Lengths:6673115744
Lengths:6673125744
Lengths:6673135744
Lengths:6673145744
Lengths:6673155744
Lengths:6673165744
Lengths:6673175744
Lengths:6673185744
Lengths:6673195744
Lengths:6673205744
Lengths:6673215744
Lengths:6673225744
Lengths:6673235744
Lengths:6673245744
Lengths:6673255744
Lengths:6673265744
Lengths:6673275744
Lengths:6673285744
Lengths:6673295744
Lengths:6673305744
Lengths:6673315744
Lengths:6673325744
Lengths:6673335744
Lengths:6673345744
Lengths:6673355744
Lengths:6673365744
Lengths:6673375744
Lengths:6673385744
Lengths:6673395744
Lengths:6673405744
Lengths:6673415744
Lengths:6673425744
Lengths:6673435744
Lengths:6673445744
Lengths:6673455744
Lengths:6673465744
Lengths:6673475744
Lengths:6673485744
Lengths:6673495744
Lengths:6673505744
Lengths:6673515744
Lengths:6673525744
Lengths:6673535744
Lengths:6673545744
Lengths:6673555744
Lengths:6673565744
Lengths:6673575744
Lengths:6673585744
Lengths:6673595744
Lengths:6673605744
Lengths:6673615744
Lengths:6673625744
Lengths:6673635744
Lengths:6673645744
Lengths:6673655744
Lengths:6673665744
Lengths:6673675744
Lengths:6673685744
Lengths:6673695744
Lengths:6673705744
Lengths:6673715744
Lengths:6673725744
Lengths:6673735744
Lengths:6673745744
Lengths:6673755744
Lengths:6673765744
Lengths:6673775744
Lengths:6673785744
Lengths:6673795744
Lengths:6673805744
Lengths:6673815744
Lengths:6673825744
Lengths:6673835744
Lengths:6673845744
Lengths:6673855744
Lengths:6673865744
Lengths:6673875744
Lengths:6673885744
Lengths:6673895744
Lengths:6673905744
Lengths:6673915744
Lengths:6673925744
Lengths:6673935744
Lengths:6673945744
Lengths:6673955744
Lengths:6673965744
Lengths:6673975744
Lengths:6673985744
Lengths:6673995744
Lengths:6674005744
Lengths:6674015744
Lengths:6674025744
Lengths:6674035744
Lengths:6674045744
Lengths:6674055744
Lengths:6674065744
Lengths:6674075744
Lengths:6674085744
Lengths:6674095744
Lengths:6674105744
Lengths:6674115744
Lengths:6674125744
Lengths:6674135744
Lengths:6674145744
Lengths:6674155744
Lengths:6674165744
Lengths:6674175744
Lengths:6674185744
Lengths:6674195744
Lengths:6674205744
Lengths:6674215744
Lengths:6674225744
Lengths:6674235744
Lengths:6674245744
Lengths:6674255744
Lengths:6674265744
Lengths:6674275744
Lengths:6674285744
Lengths:6674295744
Lengths:6674305744
Lengths:6674315744
Lengths:6674325744
Lengths:6674335744
Lengths:6674345744
Lengths:6674355744
Lengths:6674365744
Lengths:6674375744
Lengths:6674385744
Lengths:6674395744
Lengths:6674405744
Lengths:6674415744
Lengths:6674425744
Lengths:6674435744
Lengths:6674445744
Lengths:6674455744
Lengths:6674465744
Lengths:6674475744
Lengths:6674485744
Lengths:6674495744
Lengths:6674505744
Lengths:6674515744
Lengths:6674525744
Lengths:6674535744
Lengths:6674545744
Lengths:6674555744
Lengths:6674565744
Lengths:6674575744
Lengths:6674585744
Lengths:6674595744
Lengths:6674605744
Lengths:6674615744
Lengths:6674625744
Lengths:6674635744
Lengths:6674645744
Lengths:6674655744
Lengths:6674665744
Lengths:6674675744
Lengths:6674685744
Lengths:6674695744
Lengths:6674705744
Lengths:6674715744
Lengths:6674725744
Lengths:6674735744
Lengths:6674745744
Lengths:6674755744
Lengths:6674765744
Lengths:6674775744
Lengths:6674785744
Lengths:6674795744
Lengths:6674805744
Lengths:6674815744
Lengths:6674825744
Lengths:6674835744
Lengths:6674845744
Lengths:6674855744
Lengths:6674865744
Lengths:6674875744
Lengths:6674885744
Lengths:6674895744
Lengths:6674905744
Lengths:6674915744
Lengths:6674925744
Lengths:6674935744
Lengths:6674945744
Lengths:6674955744
Lengths:6674965744
Lengths:6674975744
Lengths:6674985744
Lengths:6674995744
Lengths:6675005744
Lengths:6675015744
Lengths:6675025744
Lengths:6675035744
Lengths:6675045744
Lengths:6675055744
Lengths:6675065744
Lengths:6675075744
Lengths:6675085744
Lengths:6675095744
Lengths:6675105744
Lengths:6675115744
Lengths:6675125744
Lengths:6675135744
Lengths:6675145744
Lengths:6675155744
Lengths:6675165744
Lengths:6675175744
Lengths:6675185744
Lengths:6675195744
Lengths:6675205744
Lengths:6675215744
Lengths:6675225744
Lengths:6675235744
Lengths:6675245744
Lengths:6675255744
Lengths:6675265744
Lengths:6675275744
Lengths:6675285744
Lengths:6675295744
Lengths:6675305744
Lengths:6675315744
Lengths:6675325744
Lengths:6675335744
Lengths:6675345744
Lengths:6675355744
Lengths:6675365744
Lengths:6675375744
Lengths:6675385744
Lengths:6675395744
Lengths:6675405744
Lengths:6675415744
Lengths:6675425744
Lengths:6675435744
Lengths:6675445744
Lengths:6675455744
Lengths:6675465744
Lengths:6675475744
Lengths:6675485744
Lengths:6675495744
Lengths:6675505744
Lengths:6675515744
Lengths:6675525744
Lengths:6675535744
Lengths:6675545744
Lengths:6675555744
Lengths:6675565744
Lengths:6675575744
Lengths:6675585744
Lengths:6675595744
Lengths:6675605744
Lengths:6675615744
Lengths:6675625744
Lengths:6675635744
Lengths:6675645744
Lengths:6675655744
Lengths:6675665744
Lengths:6675675744
Lengths:6675685744
Lengths:6675695744
Lengths:6675705744
Lengths:6675715744
Lengths:6675725744
Lengths:6675735744
Lengths:6675745744
Lengths:6675755744
Lengths:6675765744
Lengths:6675775744
Lengths:6675785744
Lengths:6675795744
Lengths:6675805744
Lengths:6675815744
Lengths:6675825744
Lengths:6675835744
Lengths:6675845744
Lengths:6675855744
Lengths:6675865744
Lengths:6675875744
Lengths:6675885744
Lengths:6675895744
Lengths:6675905744
Lengths:6675915744
Lengths:6675925744
Lengths:6675935744
Lengths:6675945744
Lengths:6675955744
Lengths:6675965744
Lengths:6675975744
Lengths:6675985744
Lengths:6675995744
Lengths:6676005744
Lengths:6676015744
Lengths:6676025744
Lengths:6676035744
Lengths:6676045744
Lengths:6676055744
Lengths:6676065744
Lengths:6676075744
Lengths:6676085744
Lengths:6676095744
Lengths:6676105744
Lengths:6676115744
Lengths:6676125744
Lengths:6676135744
Lengths:6676145744
Lengths:6676155744
Lengths:6676165744
Lengths:6676175744
Lengths:6676185744
Lengths:6676195744
Lengths:6676205744
Lengths:6676215744
Lengths:6676225744
Lengths:6676235744
Lengths:6676245744
Lengths:6676255744
Lengths:6676265744
Lengths:6676275744
Lengths:6676285744
Lengths:6676295744
Lengths:6676305744
Lengths:6676315744
Lengths:6676325744
Lengths:6676335744
Lengths:6676345744
Lengths:6676355744
Lengths:6676365744
Lengths:6676375744
Lengths:6676385744
Lengths:6676395744
Lengths:6676405744
Lengths:6676415744
Lengths:6676425744
Lengths:6676435744
Lengths:6676445744
Lengths:6676455744
Lengths:6676465744
Lengths:6676475744
Lengths:6676485744
Lengths:6676495744
Lengths:6676505744
Lengths:6676515744
Lengths:6676525744
Lengths:6676535744
Lengths:6676545744
Lengths:6676555744
Lengths:6676565744
Lengths:6676575744
Lengths:6676585744
Lengths:6676595744
Lengths:6676605744
Lengths:6676615744
Lengths:6676625744
Lengths:6676635744
Lengths:6676645744
Lengths:6676655744
Lengths:6676665744
Lengths:6676675744
