


--------------------------------------------------
Starting lstm.py at '2024-10-25 16:33:18.130702'.
Reading './balancedDataset.json'... Done.
Total training Data: 1030
DAOs trained so far:85
Size of training set: 636
Size of test set: 309
Preparing data for training...
Preparing data for testing...
Parameters:
	Num epochs: 60
	Initial learning rate: 0.001
	Patience: 12
	Window size: 60
	Timeseries splits: 3
	Minimum number of timeseries datapoints: 64
Gradient boosting params: 
	{"max_depth": 3, "learning_rate": 0.05, "n_estimators": 100, "objective": "binary:logistic", "eval_metric": "logloss"}
	Creating sequence for 'celer-network'... Training group 0, split 1
	Early stopping at epoch 13
	Y Train Labels:(array([1.], dtype=float32), array([476]))
	Y Val Labels:(array([1.], dtype=float32), array([475]))
Training group 0, split 2
	Early stopping at epoch 13
	Y Train Labels:(array([1.], dtype=float32), array([951]))
	Y Val Labels:(array([1.], dtype=float32), array([475]))
Training group 0, split 3
	Early stopping at epoch 13
	Y Train Labels:(array([1.], dtype=float32), array([1426]))
	Y Val Labels:(array([0., 1.], dtype=float32), array([ 50, 425]))
Done.
	Creating sequence for 'hashflow'... Training group 1, split 1
	Early stopping at epoch 13
	Y Train Labels:(array([1.], dtype=float32), array([149]))
	Y Val Labels:(array([1.], dtype=float32), array([148]))
Training group 1, split 2
	Early stopping at epoch 13
	Y Train Labels:(array([1.], dtype=float32), array([297]))
	Y Val Labels:(array([1.], dtype=float32), array([148]))
Training group 1, split 3
	Early stopping at epoch 13
	Y Train Labels:(array([1.], dtype=float32), array([445]))
	Y Val Labels:(array([0., 1.], dtype=float32), array([116,  32]))
Done.
	Creating sequence for 'dora-factory'... Training group 2, split 1
	Early stopping at epoch 13
	Y Train Labels:(array([1.], dtype=float32), array([171]))
	Y Val Labels:(array([1.], dtype=float32), array([168]))
Training group 2, split 2
	Early stopping at epoch 13
	Y Train Labels:(array([1.], dtype=float32), array([339]))
	Y Val Labels:(array([1.], dtype=float32), array([168]))
Training group 2, split 3
	Early stopping at epoch 13
	Y Train Labels:(array([1.], dtype=float32), array([507]))
	Y Val Labels:(array([1.], dtype=float32), array([168]))
Done.
	Creating sequence for '8pay'... Training group 3, split 1
	Early stopping at epoch 13
	Y Train Labels:(array([0.], dtype=float32), array([264]))
	Y Val Labels:(array([0.], dtype=float32), array([263]))
Training group 3, split 2
	Early stopping at epoch 13
	Y Train Labels:(array([0.], dtype=float32), array([527]))
	Y Val Labels:(array([0.], dtype=float32), array([263]))
Training group 3, split 3
	Early stopping at epoch 13
	Y Train Labels:(array([0.], dtype=float32), array([790]))
	Y Val Labels:(array([0.], dtype=float32), array([263]))
Done.
	Creating sequence for 'fantom'... Training group 4, split 1
	Early stopping at epoch 13
	Y Train Labels:(array([1.], dtype=float32), array([513]))
	Y Val Labels:(array([1.], dtype=float32), array([512]))
Training group 4, split 2
