


--------------------------------------------------
Starting lstm.py at '2024-10-23 18:34:43.667340'.
Reading '../classifiedDAOs.json'... Done.
Total training Data: 1578
DAOs trained so far:183
Size of training set: 921
Size of test set: 474
Preparing data for training...
Preparing data for testing...
Parameters:
	Num epochs: 60
	Initial learning rate: 0.001
	Patience: 12
	Window size: 60
	Timeseries splits: 3
	Minimum number of timeseries datapoints: 64
Gradient boosting params: 
	{"max_depth": 3, "learning_rate": 0.05, "n_estimators": 100, "objective": "binary:logistic", "eval_metric": "logloss"}
	Creating sequence for 'nkn'... Training group 0, split 1
	Y Train Labels:(array([1.], dtype=float32), array([558]))
	Y Val Labels:(array([1.], dtype=float32), array([558]))
Training group 0, split 2
	Y Train Labels:(array([1.], dtype=float32), array([1116]))
	Y Val Labels:(array([1.], dtype=float32), array([558]))
Training group 0, split 3
	Y Train Labels:(array([1.], dtype=float32), array([1674]))
	Y Val Labels:(array([1.], dtype=float32), array([558]))
Done.
	Creating sequence for 'destra-network'... Training group 1, split 1
	Y Train Labels:(array([1.], dtype=float32), array([35]))
	Y Val Labels:(array([1.], dtype=float32), array([33]))
Training group 1, split 2
	Y Train Labels:(array([1.], dtype=float32), array([68]))
	Y Val Labels:(array([1.], dtype=float32), array([33]))
Training group 1, split 3
	Y Train Labels:(array([1.], dtype=float32), array([101]))
	Y Val Labels:(array([1.], dtype=float32), array([33]))
Done.
	Creating sequence for 'zklink'... Training group 2, split 1
	Y Train Labels:(array([1.], dtype=float32), array([2]))
	Y Val Labels:(array([1.], dtype=float32), array([1]))
Training group 2, split 2
	Y Train Labels:(array([1.], dtype=float32), array([3]))
	Y Val Labels:(array([1.], dtype=float32), array([1]))
Training group 2, split 3
	Y Train Labels:(array([1.], dtype=float32), array([4]))
	Y Val Labels:(array([1.], dtype=float32), array([1]))
Done.
	Creating sequence for 'klayswap-protocol'... Training group 3, split 1
	Y Train Labels:(array([1.], dtype=float32), array([131]))
	Y Val Labels:(array([1.], dtype=float32), array([128]))
Training group 3, split 2
	Early stopping at epoch 13
	Y Train Labels:(array([1.], dtype=float32), array([259]))
	Y Val Labels:(array([0., 1.], dtype=float32), array([95, 33]))
Training group 3, split 3
	Early stopping at epoch 30
	Y Train Labels:(array([0., 1.], dtype=float32), array([ 95, 292]))
	Y Val Labels:(array([0.], dtype=float32), array([128]))
Done.
	Creating sequence for 'radiant'... Training group 4, split 1
	Y Train Labels:(array([1.], dtype=float32), array([110]))
	Y Val Labels:(array([1.], dtype=float32), array([107]))
Training group 4, split 2
	Y Train Labels:(array([1.], dtype=float32), array([217]))
	Y Val Labels:(array([1.], dtype=float32), array([107]))
Training group 4, split 3
	Y Train Labels:(array([1.], dtype=float32), array([324]))
	Y Val Labels:(array([1.], dtype=float32), array([107]))
Done.
	Creating sequence for 'rainmaker-games'... Training group 5, split 1
	Early stopping at epoch 43
	Y Train Labels:(array([0., 1.], dtype=float32), array([187,  50]))
	Y Val Labels:(array([0.], dtype=float32), array([237]))
Training group 5, split 2
	Early stopping at epoch 33
	Y Train Labels:(array([0., 1.], dtype=float32), array([424,  50]))
	Y Val Labels:(array([0.], dtype=float32), array([237]))
Training group 5, split 3
	Early stopping at epoch 33
	Y Train Labels:(array([0., 1.], dtype=float32), array([661,  50]))
	Y Val Labels:(array([0.], dtype=float32), array([237]))
Done.
	Creating sequence for 'renzo'... Training group 6, split 1
	Y Train Labels:(array([1.], dtype=float32), array([24]))
	Y Val Labels:(array([1.], dtype=float32), array([21]))
Training group 6, split 2
	Early stopping at epoch 13
	Y Train Labels:(array([1.], dtype=float32), array([45]))
	Y Val Labels:(array([0., 1.], dtype=float32), array([ 8, 13]))
Training group 6, split 3
	Early stopping at epoch 38
	Y Train Labels:(array([0., 1.], dtype=float32), array([ 8, 58]))
	Y Val Labels:(array([0.], dtype=float32), array([21]))
Done.
	Creating sequence for 'bitget-wallet-token'... Training group 7, split 1
	Y Train Labels:(array([0.], dtype=float32), array([15]))
	Y Val Labels:(array([0.], dtype=float32), array([12]))
Training group 7, split 2
	Y Train Labels:(array([0.], dtype=float32), array([27]))
	Y Val Labels:(array([0.], dtype=float32), array([12]))
Training group 7, split 3
	Y Train Labels:(array([0.], dtype=float32), array([39]))
	Y Val Labels:(array([0.], dtype=float32), array([12]))
Done.
	Creating sequence for 'keep3rv1'... Training group 8, split 1
	Early stopping at epoch 21
	Y Train Labels:(array([1.], dtype=float32), array([267]))
	Y Val Labels:(array([0., 1.], dtype=float32), array([ 38, 227]))
Training group 8, split 2
	Early stopping at epoch 52
	Y Train Labels:(array([0., 1.], dtype=float32), array([ 38, 494]))
	Y Val Labels:(array([0.], dtype=float32), array([265]))
Training group 8, split 3
	Early stopping at epoch 25
	Y Train Labels:(array([0., 1.], dtype=float32), array([303, 494]))
	Y Val Labels:(array([0.], dtype=float32), array([265]))
Done.
	Creating sequence for 'xmax'... Training group 9, split 1
	Y Train Labels:(array([1.], dtype=float32), array([340]))
	Y Val Labels:(array([1.], dtype=float32), array([338]))
Training group 9, split 2
	Y Train Labels:(array([1.], dtype=float32), array([678]))
	Y Val Labels:(array([1.], dtype=float32), array([338]))
Training group 9, split 3
