


--------------------------------------------------
Starting lstm.py at '2024-10-25 12:24:04.307478'.
Reading './balancedDataset.json'... Done.
Total training Data: 1030
DAOs trained so far:578
Size of training set: 143
Size of test set: 309
Preparing data for training...
Preparing data for testing...
Parameters:
	Num epochs: 60
	Initial learning rate: 0.001
	Patience: 12
	Window size: 60
	Timeseries splits: 3
	Minimum number of timeseries datapoints: 64
Gradient boosting params: 
	{"max_depth": 3, "learning_rate": 0.05, "n_estimators": 100, "objective": "binary:logistic", "eval_metric": "logloss"}
	Creating sequence for 'bnsd-finance'... Training group 0, split 1
	Y Train Labels:(array([1.], dtype=float32), array([326]))
	Y Val Labels:(array([1.], dtype=float32), array([323]))
Training group 0, split 2
	Early stopping at epoch 13
	Y Train Labels:(array([1.], dtype=float32), array([649]))
	Y Val Labels:(array([0., 1.], dtype=float32), array([126, 197]))
Training group 0, split 3
	Early stopping at epoch 30
	Y Train Labels:(array([0., 1.], dtype=float32), array([126, 846]))
	Y Val Labels:(array([0.], dtype=float32), array([323]))
Done.
	Creating sequence for 'litecoin'... Training group 1, split 1
	Y Train Labels:(array([1.], dtype=float32), array([578]))
	Y Val Labels:(array([1.], dtype=float32), array([575]))
Training group 1, split 2
	Early stopping at epoch 60
	Y Train Labels:(array([1.], dtype=float32), array([1153]))
	Y Val Labels:(array([1.], dtype=float32), array([575]))
Training group 1, split 3
	Y Train Labels:(array([1.], dtype=float32), array([1728]))
	Y Val Labels:(array([1.], dtype=float32), array([575]))
Done.
	Creating sequence for 'ethereum-is-good'... Skipped.
	Creating sequence for 'chainx'... Training group 2, split 1
	Y Train Labels:(array([1.], dtype=float32), array([445]))
	Y Val Labels:(array([1.], dtype=float32), array([444]))
Training group 2, split 2
	Y Train Labels:(array([1.], dtype=float32), array([889]))
	Y Val Labels:(array([1.], dtype=float32), array([444]))
Training group 2, split 3
	Early stopping at epoch 13
	Y Train Labels:(array([1.], dtype=float32), array([1333]))
	Y Val Labels:(array([0., 1.], dtype=float32), array([221, 223]))
Done.
	Creating sequence for 'bitrock'... Training group 3, split 1
	Y Train Labels:(array([1.], dtype=float32), array([94]))
	Y Val Labels:(array([1.], dtype=float32), array([94]))
Training group 3, split 2
	Y Train Labels:(array([1.], dtype=float32), array([188]))
	Y Val Labels:(array([1.], dtype=float32), array([94]))
Training group 3, split 3
	Y Train Labels:(array([1.], dtype=float32), array([282]))
	Y Val Labels:(array([1.], dtype=float32), array([94]))
Done.
	Creating sequence for 'fasttoken'... 00
Done.
	Creating sequence for 'hivemapper'... Training group 5, split 1
	Y Train Labels:(array([1.], dtype=float32), array([151]))
	Y Val Labels:(array([1.], dtype=float32), array([150]))
Training group 5, split 2
	Y Train Labels:(array([1.], dtype=float32), array([301]))
	Y Val Labels:(array([1.], dtype=float32), array([150]))
Training group 5, split 3
	Y Train Labels:(array([1.], dtype=float32), array([451]))
	Y Val Labels:(array([1.], dtype=float32), array([150]))
Done.
	Creating sequence for 'electric-vehicle-zone'... Training group 6, split 1
	Y Train Labels:(array([1.], dtype=float32), array([79]))
	Y Val Labels:(array([1.], dtype=float32), array([79]))
Training group 6, split 2
	Early stopping at epoch 13
	Y Train Labels:(array([1.], dtype=float32), array([158]))
	Y Val Labels:(array([0., 1.], dtype=float32), array([16, 63]))
Training group 6, split 3
	Early stopping at epoch 55
	Y Train Labels:(array([0., 1.], dtype=float32), array([ 16, 221]))
	Y Val Labels:(array([0.], dtype=float32), array([79]))
Done.
	Creating sequence for 'solend'... Training group 7, split 1
	Y Train Labels:(array([1.], dtype=float32), array([153]))
	Y Val Labels:(array([1.], dtype=float32), array([151]))
Training group 7, split 2
	Y Train Labels:(array([1.], dtype=float32), array([304]))
	Y Val Labels:(array([1.], dtype=float32), array([151]))
Training group 7, split 3
	Y Train Labels:(array([1.], dtype=float32), array([455]))
	Y Val Labels:(array([1.], dtype=float32), array([151]))
Done.
	Creating sequence for 'dprating'... Training group 8, split 1
	Y Train Labels:(array([1.], dtype=float32), array([531]))
	Y Val Labels:(array([1.], dtype=float32), array([531]))
Training group 8, split 2
	Y Train Labels:(array([1.], dtype=float32), array([1062]))
	Y Val Labels:(array([1.], dtype=float32), array([531]))
Training group 8, split 3
