


--------------------------------------------------
Starting lstm.py at '2024-10-25 17:03:55.568604'.
Reading './balancedDataset.json'... Done.
Total training Data: 1030
DAOs trained so far:315
Size of training set: 406
Size of test set: 309
Preparing data for training...
Preparing data for testing...
Parameters:
	Num epochs: 60
	Initial learning rate: 0.001
	Patience: 12
	Window size: 60
	Timeseries splits: 3
	Minimum number of timeseries datapoints: 64
Gradient boosting params: 
	{"max_depth": 3, "learning_rate": 0.05, "n_estimators": 100, "objective": "binary:logistic", "eval_metric": "logloss"}
	Creating sequence for 'billionhappiness'... Training group 0, split 1
	Early stopping at epoch 13
	Y Train Labels:(array([1.], dtype=float32), array([344]))
	Y Val Labels:(array([0., 1.], dtype=float32), array([192, 152]))
Training group 0, split 2
	Early stopping at epoch 13
	Y Train Labels:(array([0., 1.], dtype=float32), array([192, 496]))
	Y Val Labels:(array([0.], dtype=float32), array([344]))
Training group 0, split 3
	Early stopping at epoch 13
	Y Train Labels:(array([0., 1.], dtype=float32), array([536, 496]))
	Y Val Labels:(array([0.], dtype=float32), array([344]))
Done.
	Creating sequence for 'julswap'... Training group 1, split 1
	Early stopping at epoch 13
	Y Train Labels:(array([0., 1.], dtype=float32), array([ 70, 194]))
	Y Val Labels:(array([0.], dtype=float32), array([261]))
Training group 1, split 2
	Early stopping at epoch 13
	Y Train Labels:(array([0., 1.], dtype=float32), array([331, 194]))
	Y Val Labels:(array([0.], dtype=float32), array([261]))
Training group 1, split 3
	Early stopping at epoch 13
	Y Train Labels:(array([0., 1.], dtype=float32), array([592, 194]))
	Y Val Labels:(array([0.], dtype=float32), array([261]))
Done.
	Creating sequence for 'wmatic'... Training group 2, split 1
	Early stopping at epoch 13
	Y Train Labels:(array([1.], dtype=float32), array([306]))
	Y Val Labels:(array([1.], dtype=float32), array([305]))
Training group 2, split 2
	Early stopping at epoch 13
	Y Train Labels:(array([1.], dtype=float32), array([611]))
	Y Val Labels:(array([1.], dtype=float32), array([305]))
Training group 2, split 3
	Early stopping at epoch 13
	Y Train Labels:(array([1.], dtype=float32), array([916]))
	Y Val Labels:(array([1.], dtype=float32), array([305]))
Done.
	Creating sequence for 'xend-finance'... Training group 3, split 1
	Early stopping at epoch 13
	Y Train Labels:(array([1.], dtype=float32), array([289]))
	Y Val Labels:(array([1.], dtype=float32), array([289]))
Training group 3, split 2
	Early stopping at epoch 13
	Y Train Labels:(array([1.], dtype=float32), array([578]))
	Y Val Labels:(array([1.], dtype=float32), array([289]))
Training group 3, split 3
	Early stopping at epoch 13
	Y Train Labels:(array([1.], dtype=float32), array([867]))
	Y Val Labels:(array([1.], dtype=float32), array([289]))
Done.
	Creating sequence for 'ethernity-chain'... Training group 4, split 1
	Early stopping at epoch 13
	Y Train Labels:(array([1.], dtype=float32), array([297]))
	Y Val Labels:(array([1.], dtype=float32), array([297]))
Training group 4, split 2
