


--------------------------------------------------
Starting lstm.py at '2024-10-25 17:46:16.541354'.
Reading './balancedDataset.json'... Done.
Total training Data: 1030
DAOs trained so far:595
Size of training set: 126
Size of test set: 309
Preparing data for training...
Preparing data for testing...
Parameters:
	Num epochs: 60
	Initial learning rate: 0.001
	Patience: 12
	Window size: 60
	Timeseries splits: 3
	Minimum number of timeseries datapoints: 64
Gradient boosting params: 
	{"max_depth": 3, "learning_rate": 0.05, "n_estimators": 100, "objective": "binary:logistic", "eval_metric": "logloss"}
	Creating sequence for 'gochain'... Training group 0, split 1
	Early stopping at epoch 13
	Y Train Labels:(array([1.], dtype=float32), array([550]))
	Y Val Labels:(array([1.], dtype=float32), array([549]))
Training group 0, split 2
	Early stopping at epoch 13
	Y Train Labels:(array([1.], dtype=float32), array([1099]))
	Y Val Labels:(array([0., 1.], dtype=float32), array([ 13, 536]))
Training group 0, split 3
	Early stopping at epoch 13
	Y Train Labels:(array([0., 1.], dtype=float32), array([  13, 1635]))
	Y Val Labels:(array([0.], dtype=float32), array([549]))
Done.
	Creating sequence for 'superwalk'... Training group 1, split 1
	Early stopping at epoch 13
	Y Train Labels:(array([1.], dtype=float32), array([172]))
	Y Val Labels:(array([1.], dtype=float32), array([172]))
Training group 1, split 2
	Early stopping at epoch 13
	Y Train Labels:(array([1.], dtype=float32), array([344]))
	Y Val Labels:(array([1.], dtype=float32), array([172]))
Training group 1, split 3
	Early stopping at epoch 13
	Y Train Labels:(array([1.], dtype=float32), array([516]))
	Y Val Labels:(array([1.], dtype=float32), array([172]))
Done.
	Creating sequence for 'melon'... Training group 2, split 1
	Early stopping at epoch 13
	Y Train Labels:(array([1.], dtype=float32), array([311]))
	Y Val Labels:(array([1.], dtype=float32), array([311]))
Training group 2, split 2
	Early stopping at epoch 13
	Y Train Labels:(array([1.], dtype=float32), array([622]))
	Y Val Labels:(array([1.], dtype=float32), array([311]))
Training group 2, split 3
	Early stopping at epoch 13
	Y Train Labels:(array([1.], dtype=float32), array([933]))
	Y Val Labels:(array([1.], dtype=float32), array([311]))
Done.
	Creating sequence for 'alva'... Training group 3, split 1
	Early stopping at epoch 13
	Y Train Labels:(array([1.], dtype=float32), array([68]))
	Y Val Labels:(array([0., 1.], dtype=float32), array([33, 34]))
Training group 3, split 2
	Early stopping at epoch 13
	Y Train Labels:(array([0., 1.], dtype=float32), array([ 33, 102]))
	Y Val Labels:(array([0.], dtype=float32), array([67]))
Training group 3, split 3
	Early stopping at epoch 13
	Y Train Labels:(array([0., 1.], dtype=float32), array([100, 102]))
	Y Val Labels:(array([0.], dtype=float32), array([67]))
Done.
	Creating sequence for 'aura-finance'... Training group 4, split 1
	Early stopping at epoch 13
	Y Train Labels:(array([1.], dtype=float32), array([118]))
	Y Val Labels:(array([1.], dtype=float32), array([116]))
Training group 4, split 2
	Early stopping at epoch 13
	Y Train Labels:(array([1.], dtype=float32), array([234]))
	Y Val Labels:(array([0., 1.], dtype=float32), array([44, 72]))
Training group 4, split 3
	Early stopping at epoch 13
	Y Train Labels:(array([0., 1.], dtype=float32), array([ 44, 306]))
	Y Val Labels:(array([0.], dtype=float32), array([116]))
Done.
	Creating sequence for 'brickken'... Training group 5, split 1
	Early stopping at epoch 13
	Y Train Labels:(array([0.], dtype=float32), array([94]))
	Y Val Labels:(array([0.], dtype=float32), array([91]))
Training group 5, split 2
	Early stopping at epoch 13
	Y Train Labels:(array([0.], dtype=float32), array([185]))
	Y Val Labels:(array([0.], dtype=float32), array([91]))
Training group 5, split 3
	Early stopping at epoch 13
	Y Train Labels:(array([0.], dtype=float32), array([276]))
	Y Val Labels:(array([0.], dtype=float32), array([91]))
Done.
	Creating sequence for 'syscoin'... Training group 6, split 1
	Early stopping at epoch 13
	Y Train Labels:(array([1.], dtype=float32), array([587]))
	Y Val Labels:(array([1.], dtype=float32), array([585]))
Training group 6, split 2
