


--------------------------------------------------
Starting lstm.py at '2024-10-25 12:14:19.419539'.
Reading './balancedDataset.json'... Done.
Total training Data: 1030
DAOs trained so far:520
Size of training set: 201
Size of test set: 309
Preparing data for training...
Preparing data for testing...
Parameters:
	Num epochs: 60
	Initial learning rate: 0.001
	Patience: 12
	Window size: 60
	Timeseries splits: 3
	Minimum number of timeseries datapoints: 64
Gradient boosting params: 
	{"max_depth": 3, "learning_rate": 0.05, "n_estimators": 100, "objective": "binary:logistic", "eval_metric": "logloss"}
	Creating sequence for 'api3'... Training group 0, split 1
	Early stopping at epoch 53
	Y Train Labels:(array([1.], dtype=float32), array([326]))
	Y Val Labels:(array([1.], dtype=float32), array([324]))
Training group 0, split 2
	Early stopping at epoch 29
	Y Train Labels:(array([1.], dtype=float32), array([650]))
	Y Val Labels:(array([1.], dtype=float32), array([324]))
Training group 0, split 3
	Y Train Labels:(array([1.], dtype=float32), array([974]))
	Y Val Labels:(array([1.], dtype=float32), array([324]))
Done.
	Creating sequence for 'enigma'... Training group 1, split 1
	Early stopping at epoch 13
	Y Train Labels:(array([1.], dtype=float32), array([303]))
	Y Val Labels:(array([1.], dtype=float32), array([302]))
Training group 1, split 2
	Early stopping at epoch 26
	Y Train Labels:(array([1.], dtype=float32), array([605]))
	Y Val Labels:(array([1.], dtype=float32), array([302]))
Training group 1, split 3
	Early stopping at epoch 18
	Y Train Labels:(array([1.], dtype=float32), array([907]))
	Y Val Labels:(array([1.], dtype=float32), array([302]))
Done.
	Creating sequence for 'pyth-network'... Training group 2, split 1
	Early stopping at epoch 13
	Y Train Labels:(array([1.], dtype=float32), array([64]))
	Y Val Labels:(array([1.], dtype=float32), array([62]))
Training group 2, split 2
	Early stopping at epoch 16
	Y Train Labels:(array([1.], dtype=float32), array([126]))
	Y Val Labels:(array([1.], dtype=float32), array([62]))
Training group 2, split 3
	Early stopping at epoch 13
	Y Train Labels:(array([1.], dtype=float32), array([188]))
	Y Val Labels:(array([1.], dtype=float32), array([62]))
Done.
	Creating sequence for 'feathercoin'... Training group 3, split 1
	Y Train Labels:(array([1.], dtype=float32), array([564]))
	Y Val Labels:(array([1.], dtype=float32), array([563]))
Training group 3, split 2
	Y Train Labels:(array([1.], dtype=float32), array([1127]))
	Y Val Labels:(array([1.], dtype=float32), array([563]))
Training group 3, split 3
	Early stopping at epoch 24
	Y Train Labels:(array([1.], dtype=float32), array([1690]))
	Y Val Labels:(array([1.], dtype=float32), array([563]))
Done.
	Creating sequence for 'base-protocol'... Training group 4, split 1
	Y Train Labels:(array([1.], dtype=float32), array([298]))
	Y Val Labels:(array([1.], dtype=float32), array([298]))
Training group 4, split 2
	Y Train Labels:(array([1.], dtype=float32), array([596]))
	Y Val Labels:(array([1.], dtype=float32), array([298]))
Training group 4, split 3
	Early stopping at epoch 14
	Y Train Labels:(array([1.], dtype=float32), array([894]))
	Y Val Labels:(array([0., 1.], dtype=float32), array([  6, 292]))
Done.
	Creating sequence for 'merit-circle'... Training group 5, split 1
	Early stopping at epoch 20
	Y Train Labels:(array([1.], dtype=float32), array([238]))
	Y Val Labels:(array([1.], dtype=float32), array([238]))
Training group 5, split 2
	Early stopping at epoch 33
	Y Train Labels:(array([1.], dtype=float32), array([476]))
	Y Val Labels:(array([1.], dtype=float32), array([238]))
Training group 5, split 3
	Early stopping at epoch 13
	Y Train Labels:(array([1.], dtype=float32), array([714]))
	Y Val Labels:(array([1.], dtype=float32), array([238]))
Done.
	Creating sequence for 'eurite'... Skipped.
	Creating sequence for 'astroswap'... Training group 6, split 1
	Early stopping at epoch 45
	Y Train Labels:(array([0., 1.], dtype=float32), array([184,  72]))
	Y Val Labels:(array([0.], dtype=float32), array([256]))
Training group 6, split 2
	Y Train Labels:(array([0., 1.], dtype=float32), array([440,  72]))
	Y Val Labels:(array([0.], dtype=float32), array([256]))
Training group 6, split 3
	Early stopping at epoch 14
	Y Train Labels:(array([0., 1.], dtype=float32), array([696,  72]))
	Y Val Labels:(array([0.], dtype=float32), array([256]))
Done.
	Creating sequence for 'epic-cash'... Training group 7, split 1
	Y Train Labels:(array([1.], dtype=float32), array([234]))
	Y Val Labels:(array([1.], dtype=float32), array([231]))
Training group 7, split 2
	Early stopping at epoch 55
	Y Train Labels:(array([1.], dtype=float32), array([465]))
	Y Val Labels:(array([1.], dtype=float32), array([231]))
Training group 7, split 3
	Early stopping at epoch 53
	Y Train Labels:(array([1.], dtype=float32), array([696]))
	Y Val Labels:(array([1.], dtype=float32), array([231]))
Done.
	Creating sequence for 'amaterasu-omikami'... Training group 8, split 1
	Early stopping at epoch 23
	Y Train Labels:(array([1.], dtype=float32), array([80]))
	Y Val Labels:(array([1.], dtype=float32), array([77]))
Training group 8, split 2
	Y Train Labels:(array([1.], dtype=float32), array([157]))
	Y Val Labels:(array([1.], dtype=float32), array([77]))
Training group 8, split 3
	Early stopping at epoch 13
	Y Train Labels:(array([1.], dtype=float32), array([234]))
	Y Val Labels:(array([0., 1.], dtype=float32), array([ 9, 68]))
Done.
	Creating sequence for 'nervos-network'... Training group 9, split 1
