


--------------------------------------------------
Starting lstm.py at '2024-10-11 23:53:14.735874'.
Reading './isDaoActiveData(4).json'... Done.
Total training Data: 379
Preparing data for training...
<torch.utils.data.dataloader.DataLoader object at 0x13b3de810>
Preparing data for testing...
Trained so far:125
Parameters:
	Num epochs: 60
	Initial learning rate: 0.001
	Patience: 12
	Window size: 60
	Timeseries splits: 3
	Minimum number of timeseries datapoints: 64
Gradient boosting params: 
	{"max_depth": 3, "learning_rate": 0.05, "n_estimators": 100, "objective": "binary:logistic", "eval_metric": "logloss"}
	Creating sequence for 'cypherium'... [[[ 1.27085084e-02  0.00000000e+00  1.50000000e+01]
  [ 1.21406973e-02  0.00000000e+00 -4.40000000e+01]
  [ 1.21252669e-02  0.00000000e+00 -2.60000000e+01]
  ...
  [ 4.93112549e-03  0.00000000e+00 -1.50000000e+01]
  [ 4.32990760e-03  0.00000000e+00 -1.70000000e+01]
  [ 4.64958455e-03  0.00000000e+00  3.00000000e+00]]

 [[ 1.24868804e-02  0.00000000e+00 -1.10000000e+01]
  [ 1.27085084e-02  0.00000000e+00  1.50000000e+01]
  [ 1.21406973e-02  0.00000000e+00 -4.40000000e+01]
  ...
  [ 4.80047266e-03  0.00000000e+00  8.00000000e+01]
  [ 4.93112549e-03  0.00000000e+00 -1.50000000e+01]
  [ 4.32990760e-03  0.00000000e+00 -1.70000000e+01]]

 [[ 1.23301924e-02  0.00000000e+00  1.90000000e+01]
  [ 1.24868804e-02  0.00000000e+00 -1.10000000e+01]
  [ 1.27085084e-02  0.00000000e+00  1.50000000e+01]
  ...
  [ 4.98199680e-03  0.00000000e+00 -7.70000000e+01]
  [ 4.80047266e-03  0.00000000e+00  8.00000000e+01]
  [ 4.93112549e-03  0.00000000e+00 -1.50000000e+01]]

 ...

 [[ 4.89072083e-02  0.00000000e+00 -4.00000000e+00]
  [ 5.11513985e-02  0.00000000e+00  0.00000000e+00]
  [ 4.80852411e-02  0.00000000e+00  2.30000000e+01]
  ...
  [ 1.58121409e-02  0.00000000e+00  4.00000000e+00]
  [ 1.58282124e-02  0.00000000e+00 -1.50000000e+01]
  [ 1.57325513e-02  0.00000000e+00 -1.10000000e+01]]

 [[ 4.64528665e-02  0.00000000e+00  1.20000000e+01]
  [ 4.89072083e-02  0.00000000e+00 -4.00000000e+00]
  [ 5.11513985e-02  0.00000000e+00  0.00000000e+00]
  ...
  [ 1.63756526e-02  0.00000000e+00 -6.00000000e+00]
  [ 1.58121409e-02  0.00000000e+00  4.00000000e+00]
  [ 1.58282124e-02  0.00000000e+00 -1.50000000e+01]]

 [[ 5.38030354e-02  0.00000000e+00  2.50000000e+01]
  [ 4.64528665e-02  0.00000000e+00  1.20000000e+01]
  [ 4.89072083e-02  0.00000000e+00 -4.00000000e+00]
  ...
  [ 1.59450784e-02  0.00000000e+00 -4.00000000e+00]
  [ 1.63756526e-02  0.00000000e+00 -6.00000000e+00]
  [ 1.58121409e-02  0.00000000e+00  4.00000000e+00]]][1 1 1 1 1 1 1 1 1 1 1 1 1 1 1 1 1 1 1 1 1 1 1 1 1 1 1 1 1 1 1 1 1 1 1 1 1
 1 1 1 1 1 1 1 1 1 1 1 1 1 1 1 1 1 1 1 1 1 1 1 1 1 1 1 1 1 1 1 1 1 1 1 1 1
 1 1 1 1 1 1 1 1 1 1 1 1 1 1 1 1 1 1 1 1 1 1 1 1 1 1 1 1 1 1 1 1 1 1 1 1 1
 1 1 1 1 1 1 1 1 1 1 1 1 1 1 1 1 1 1 1 1 1 1 1 1 1 1 1 1 1 1 1 1 1 1 1 1 1
 1 1 1 1 1 1 1 1 1 1 1 1 1 1 1 1 1 1 1 1 1 1 1 1 1 1 1 1 1 1 1 1 1 1 1 1 1
 1 1 1 1 1 1 1 1 1 1 1 1 1 1 1 1 1 1 1 1 1 1 1 1 1 1 1 1 1 1 1 1 1 1 1 1 1
 1 1 1 1 1 1 1 1 1 1 1 1 1 1 1 1 1 1 1 1 1 1 1 1 1 1 1 1 1 1 1 1 1 1 1 1 1
 1 1 1 1 1 1 1 1 1 1 1 1 1 1 1 1 1 1 1 1 1 1 1 1 1 1 1 1 1 1 1 1 1 1 1 1 1
 1 1 1 1 1 1 1 1 1 1 1 1 1 1 1 1 1 1 1 1 1 1 1 1 1 1 1 1 1 1]
Done.
Training group 0, split 1
	Early stopping at epoch 13
	Y Train Labels:(array([1.], dtype=float32), array([83]))
	Y Val Labels:(array([1.], dtype=float32), array([81]))
Training group 0, split 2
	Early stopping at epoch 13
	Y Train Labels:(array([1.], dtype=float32), array([164]))
	Y Val Labels:(array([1.], dtype=float32), array([81]))
Training group 0, split 3
	Early stopping at epoch 13
	Y Train Labels:(array([1.], dtype=float32), array([245]))
	Y Val Labels:(array([1.], dtype=float32), array([81]))
	Creating sequence for 'algorand'... [[[ 1.43119690e-01  1.00000000e+00 -4.60000000e+02]
  [ 1.39151246e-01  3.00000000e+00 -1.39000000e+02]
  [ 1.38928302e-01  6.00000000e+01  5.00000000e+00]
  ...
  [ 1.32181882e-01  1.00000000e+00 -1.72000000e+02]
  [ 1.34137324e-01  3.00000000e+00  2.80000000e+01]
  [ 1.38607292e-01  1.60000000e+01  4.20000000e+01]]

 [[ 1.42755435e-01  4.30000000e+01  1.49000000e+02]
  [ 1.43119690e-01  1.00000000e+00 -4.60000000e+02]
  [ 1.39151246e-01  3.00000000e+00 -1.39000000e+02]
  ...
  [ 1.36258881e-01  2.10000000e+01  3.79000000e+02]
  [ 1.32181882e-01  1.00000000e+00 -1.72000000e+02]
  [ 1.34137324e-01  3.00000000e+00  2.80000000e+01]]

 [[ 1.37192646e-01  2.30000000e+01  1.34000000e+02]
  [ 1.42755435e-01  4.30000000e+01  1.49000000e+02]
  [ 1.43119690e-01  1.00000000e+00 -4.60000000e+02]
  ...
  [ 1.32793330e-01  1.00000000e+00 -1.59000000e+02]
  [ 1.36258881e-01  2.10000000e+01  3.79000000e+02]
  [ 1.32181882e-01  1.00000000e+00 -1.72000000e+02]]

 ...

 [[ 1.38372779e+00  1.50000000e+01  2.04000000e+02]
  [ 1.53728999e+00  2.70000000e+01  1.60000000e+02]
  [ 1.58398224e+00  8.60000000e+01  9.00000000e+01]
  ...
  [ 6.25581842e-01  1.80000000e+01  2.70000000e+01]
  [ 5.67144321e-01  8.00000000e+00  1.60000000e+01]
  [ 5.73075607e-01  2.50000000e+01  2.90000000e+01]]

 [[ 1.89070204e+00  4.00000000e+00  2.74000000e+02]
  [ 1.38372779e+00  1.50000000e+01  2.04000000e+02]
  [ 1.53728999e+00  2.70000000e+01  1.60000000e+02]
  ...
  [ 6.60957837e-01  9.00000000e+00  2.00000000e+01]
  [ 6.25581842e-01  1.80000000e+01  2.70000000e+01]
  [ 5.67144321e-01  8.00000000e+00  1.60000000e+01]]

 [[ 2.15896747e+00  4.00000000e+00  3.07000000e+02]
  [ 1.89070204e+00  4.00000000e+00  2.74000000e+02]
  [ 1.38372779e+00  1.50000000e+01  2.04000000e+02]
  ...
  [ 6.77905032e-01  2.00000000e+00  1.70000000e+01]
  [ 6.60957837e-01  9.00000000e+00  2.00000000e+01]
  [ 6.25581842e-01  1.80000000e+01  2.70000000e+01]]][0 0 0 ... 1 1 1]
Done.
Training group 1, split 1
	Early stopping at epoch 13
	Y Train Labels:(array([0., 1.], dtype=float32), array([352, 101]))
	Y Val Labels:(array([1.], dtype=float32), array([451]))
Training group 1, split 2
	Early stopping at epoch 13
	Y Train Labels:(array([0., 1.], dtype=float32), array([352, 552]))
	Y Val Labels:(array([1.], dtype=float32), array([451]))
Training group 1, split 3
	Early stopping at epoch 13
	Y Train Labels:(array([0., 1.], dtype=float32), array([ 352, 1003]))
	Y Val Labels:(array([1.], dtype=float32), array([451]))
	Creating sequence for 'contentbox'... [[[ 1.51356611e-04  0.00000000e+00  8.00000000e+00]
  [ 1.50878910e-04  0.00000000e+00 -4.00000000e+00]
  [ 1.71649453e-04  0.00000000e+00 -1.20000000e+01]
  ...
  [ 1.82822817e-04  0.00000000e+00  1.00000000e+00]
  [ 1.83927049e-04  0.00000000e+00  2.00000000e+00]
  [ 1.81463624e-04  0.00000000e+00  2.00000000e+00]]

 [[ 1.51595003e-04  0.00000000e+00 -2.20000000e+01]
  [ 1.51356611e-04  0.00000000e+00  8.00000000e+00]
  [ 1.50878910e-04  0.00000000e+00 -4.00000000e+00]
  ...
  [ 1.81888988e-04  0.00000000e+00  6.00000000e+00]
  [ 1.82822817e-04  0.00000000e+00  1.00000000e+00]
  [ 1.83927049e-04  0.00000000e+00  2.00000000e+00]]

 [[ 1.54976170e-04  0.00000000e+00 -6.80000000e+01]
  [ 1.51595003e-04  0.00000000e+00 -2.20000000e+01]
  [ 1.51356611e-04  0.00000000e+00  8.00000000e+00]
  ...
  [ 1.82168865e-04  0.00000000e+00 -2.00000000e+00]
  [ 1.81888988e-04  0.00000000e+00  6.00000000e+00]
  [ 1.82822817e-04  0.00000000e+00  1.00000000e+00]]

 ...

 [[ 3.42078000e-02  0.00000000e+00 -5.80000000e+01]
  [ 3.03550000e-02  0.00000000e+00  6.50000000e+01]
  [ 2.68666000e-02  0.00000000e+00  2.90000000e+01]
  ...
  [ 1.53967000e-02  0.00000000e+00  0.00000000e+00]
  [ 1.58406000e-02  0.00000000e+00  1.50000000e+01]
  [ 1.59176000e-02  0.00000000e+00 -2.40000000e+01]]

 [[ 3.54103000e-02  0.00000000e+00 -1.10000000e+02]
  [ 3.42078000e-02  0.00000000e+00 -5.80000000e+01]
  [ 3.03550000e-02  0.00000000e+00  6.50000000e+01]
  ...
  [ 1.52682000e-02  0.00000000e+00 -2.70000000e+01]
  [ 1.53967000e-02  0.00000000e+00  0.00000000e+00]
  [ 1.58406000e-02  0.00000000e+00  1.50000000e+01]]

 [[ 3.64843000e-02  0.00000000e+00 -1.90000000e+01]
  [ 3.54103000e-02  0.00000000e+00 -1.10000000e+02]
  [ 3.42078000e-02  0.00000000e+00 -5.80000000e+01]
  ...
  [ 1.26861000e-02  0.00000000e+00  3.40000000e+01]
  [ 1.52682000e-02  0.00000000e+00 -2.70000000e+01]
  [ 1.53967000e-02  0.00000000e+00  0.00000000e+00]]][0 0 0 ... 1 1 1]
Done.
Training group 2, split 1
	Early stopping at epoch 13
	Y Train Labels:(array([0.], dtype=float32), array([538]))
	Y Val Labels:(array([0.], dtype=float32), array([537]))
Training group 2, split 2
	Early stopping at epoch 13
	Y Train Labels:(array([0.], dtype=float32), array([1075]))
	Y Val Labels:(array([0.], dtype=float32), array([537]))
Training group 2, split 3
	Early stopping at epoch 13
	Y Train Labels:(array([0.], dtype=float32), array([1612]))
	Y Val Labels:(array([0., 1.], dtype=float32), array([207, 330]))
	Creating sequence for 'aeron'... [[[ 2.269396e-06  0.000000e+00  1.300000e+01]
  [ 2.796022e-06  0.000000e+00 -4.000000e+00]
  [ 2.550852e-06  0.000000e+00 -7.700000e+01]
  ...
  [ 3.717796e-06  0.000000e+00  9.000000e+00]
  [ 1.895060e-06  0.000000e+00 -8.000000e+00]
  [ 2.360521e-06  0.000000e+00  2.900000e+01]]

 [[ 2.266919e-06  0.000000e+00 -2.400000e+01]
  [ 2.269396e-06  0.000000e+00  1.300000e+01]
  [ 2.796022e-06  0.000000e+00 -4.000000e+00]
  ...
  [ 3.493922e-06  0.000000e+00 -2.300000e+01]
  [ 3.717796e-06  0.000000e+00  9.000000e+00]
  [ 1.895060e-06  0.000000e+00 -8.000000e+00]]

 [[ 3.335874e-06  0.000000e+00  5.000000e+00]
  [ 2.266919e-06  0.000000e+00 -2.400000e+01]
  [ 2.269396e-06  0.000000e+00  1.300000e+01]
  ...
  [ 2.606802e-06  0.000000e+00  1.500000e+01]
  [ 3.493922e-06  0.000000e+00 -2.300000e+01]
  [ 3.717796e-06  0.000000e+00  9.000000e+00]]

 ...

 [[ 1.485320e+00  0.000000e+00 -2.700000e+01]
  [ 1.577650e+00  0.000000e+00 -6.400000e+01]
  [ 1.777880e+00  0.000000e+00 -4.000000e+00]
  ...
  [ 7.830700e-01  0.000000e+00 -1.800000e+01]
  [ 6.425370e-01  0.000000e+00  4.000000e+00]
  [ 6.432580e-01  0.000000e+00 -1.600000e+01]]

 [[ 1.409180e+00  0.000000e+00  3.100000e+02]
  [ 1.485320e+00  0.000000e+00 -2.700000e+01]
  [ 1.577650e+00  0.000000e+00 -6.400000e+01]
  ...
  [ 7.941610e-01  0.000000e+00 -3.400000e+01]
  [ 7.830700e-01  0.000000e+00 -1.800000e+01]
  [ 6.425370e-01  0.000000e+00  4.000000e+00]]

 [[ 1.200150e+00  0.000000e+00  8.890000e+02]
  [ 1.409180e+00  0.000000e+00  3.100000e+02]
  [ 1.485320e+00  0.000000e+00 -2.700000e+01]
  ...
  [ 8.074690e-01  0.000000e+00 -4.200000e+01]
  [ 7.941610e-01  0.000000e+00 -3.400000e+01]
  [ 7.830700e-01  0.000000e+00 -1.800000e+01]]][0 0 0 ... 1 1 1]
Done.
Training group 3, split 1
	Early stopping at epoch 13
	Y Train Labels:(array([0.], dtype=float32), array([568]))
	Y Val Labels:(array([0.], dtype=float32), array([566]))
Training group 3, split 2
	Early stopping at epoch 13
	Y Train Labels:(array([0.], dtype=float32), array([1134]))
	Y Val Labels:(array([0., 1.], dtype=float32), array([365, 201]))
Training group 3, split 3
	Early stopping at epoch 13
	Y Train Labels:(array([0., 1.], dtype=float32), array([1499,  201]))
	Y Val Labels:(array([1.], dtype=float32), array([566]))
	Creating sequence for 'akash-network'... [[[   3.10912678    0.           77.        ]
  [   3.25487613    0.           63.        ]
  [   3.23566557    0.          105.        ]
  ...
  [   2.74215376    0.           27.        ]
  [   2.8368958     0.           11.        ]
  [   2.90360952    0.          102.        ]]

 [[   3.2126169     0.           27.        ]
  [   3.10912678    0.           77.        ]
  [   3.25487613    0.           63.        ]
  ...
  [   2.68235962    0.          -13.        ]
  [   2.74215376    0.           27.        ]
  [   2.8368958     0.           11.        ]]

 [[   3.35509885    0.            2.        ]
  [   3.2126169     0.           27.        ]
  [   3.10912678    0.           77.        ]
  ...
  [   2.67738708    0.           77.        ]
  [   2.68235962    0.          -13.        ]
  [   2.74215376    0.           27.        ]]

 ...

 [[   1.65388212    0.           29.        ]
  [   1.59790322    4.          104.        ]
  [   1.71260716   30.           80.        ]
  ...
  [   5.24671084   22.         -848.        ]
  [   5.09049762   14.         -613.        ]
  [   5.27339107    1.           95.        ]]

 [[   1.63242452    0.           58.        ]
  [   1.65388212    0.           29.        ]
  [   1.59790322    4.          104.        ]
  ...
  [   5.02041652    9.          146.        ]
  [   5.24671084   22.         -848.        ]
  [   5.09049762   14.         -613.        ]]

 [[   1.6345505    23.          141.        ]
  [   1.63242452    0.           58.        ]
  [   1.65388212    0.           29.        ]
  ...
  [   5.29573462    1.          140.        ]
  [   5.02041652    9.          146.        ]
  [   5.24671084   22.         -848.        ]]][0 0 0 ... 1 1 1]
Done.
Training group 4, split 1
	Early stopping at epoch 13
	Y Train Labels:(array([0., 1.], dtype=float32), array([111, 204]))
	Y Val Labels:(array([1.], dtype=float32), array([314]))
Training group 4, split 2
	Early stopping at epoch 13
	Y Train Labels:(array([0., 1.], dtype=float32), array([111, 518]))
	Y Val Labels:(array([1.], dtype=float32), array([314]))
Training group 4, split 3
	Early stopping at epoch 13
	Y Train Labels:(array([0., 1.], dtype=float32), array([111, 832]))
	Y Val Labels:(array([1.], dtype=float32), array([314]))
	Creating sequence for 'coin98'... [[[ 1.47333524e-01  0.00000000e+00  2.03300000e+03]
  [ 1.52406130e-01  5.00000000e+00  1.86200000e+03]
  [ 1.53452628e-01  0.00000000e+00  2.47000000e+02]
  ...
  [ 1.32335323e-01  0.00000000e+00  3.94100000e+03]
  [ 1.27000106e-01  0.00000000e+00 -3.62000000e+02]
  [ 1.31218621e-01  0.00000000e+00  7.55000000e+02]]

 [[ 1.54079938e-01  0.00000000e+00  2.34800000e+03]
  [ 1.47333524e-01  0.00000000e+00  2.03300000e+03]
  [ 1.52406130e-01  5.00000000e+00  1.86200000e+03]
  ...
  [ 1.30237692e-01  0.00000000e+00  2.01900000e+03]
  [ 1.32335323e-01  0.00000000e+00  3.94100000e+03]
  [ 1.27000106e-01  0.00000000e+00 -3.62000000e+02]]

 [[ 1.59255742e-01  0.00000000e+00  2.54000000e+03]
  [ 1.54079938e-01  0.00000000e+00  2.34800000e+03]
  [ 1.47333524e-01  0.00000000e+00  2.03300000e+03]
  ...
  [ 1.27565280e-01  4.00000000e+00  1.01400000e+03]
  [ 1.30237692e-01  0.00000000e+00  2.01900000e+03]
  [ 1.32335323e-01  0.00000000e+00  3.94100000e+03]]

 ...

 [[ 1.18916343e+00  0.00000000e+00  2.63000000e+02]
  [ 1.75550564e+00  2.00000000e+00  3.51000000e+02]
  [ 1.49832501e+00  0.00000000e+00  2.30000000e+02]
  ...
  [ 3.52942321e+00  0.00000000e+00  5.13000000e+02]
  [ 3.29494724e+00  0.00000000e+00  1.39000000e+02]
  [ 3.26875489e+00  0.00000000e+00  1.75000000e+02]]

 [[ 1.14425423e+00  0.00000000e+00  3.01000000e+02]
  [ 1.18916343e+00  0.00000000e+00  2.63000000e+02]
  [ 1.75550564e+00  2.00000000e+00  3.51000000e+02]
  ...
  [ 3.53725463e+00  0.00000000e+00  1.53000000e+02]
  [ 3.52942321e+00  0.00000000e+00  5.13000000e+02]
  [ 3.29494724e+00  0.00000000e+00  1.39000000e+02]]

 [[ 1.18363169e+00  0.00000000e+00  2.26000000e+02]
  [ 1.14425423e+00  0.00000000e+00  3.01000000e+02]
  [ 1.18916343e+00  0.00000000e+00  2.63000000e+02]
  ...
  [ 3.57432928e+00  0.00000000e+00  2.25000000e+02]
  [ 3.53725463e+00  0.00000000e+00  1.53000000e+02]
  [ 3.52942321e+00  0.00000000e+00  5.13000000e+02]]][1 1 1 ... 1 1 1]
Done.
Training group 5, split 1
	Early stopping at epoch 13
	Y Train Labels:(array([1.], dtype=float32), array([263]))
	Y Val Labels:(array([1.], dtype=float32), array([262]))
Training group 5, split 2
	Early stopping at epoch 13
	Y Train Labels:(array([1.], dtype=float32), array([525]))
	Y Val Labels:(array([1.], dtype=float32), array([262]))
Training group 5, split 3
	Early stopping at epoch 13
	Y Train Labels:(array([1.], dtype=float32), array([787]))
	Y Val Labels:(array([1.], dtype=float32), array([262]))
	Creating sequence for 'acala'... [[[ 7.05357065e-02  3.00000000e+00 -5.49000000e+02]
  [ 6.99622634e-02  0.00000000e+00 -1.43000000e+02]
  [ 7.27114443e-02  0.00000000e+00 -2.27000000e+02]
  ...
  [ 6.31194844e-02  0.00000000e+00  7.20000000e+01]
  [ 6.95000793e-02  5.00000000e+00  1.17000000e+02]
  [ 6.95198985e-02  2.60000000e+01  1.20000000e+01]]

 [[ 7.07707476e-02  0.00000000e+00  6.70000000e+01]
  [ 7.05357065e-02  3.00000000e+00 -5.49000000e+02]
  [ 6.99622634e-02  0.00000000e+00 -1.43000000e+02]
  ...
  [ 6.60162801e-02  4.00000000e+00  1.50000000e+02]
  [ 6.31194844e-02  0.00000000e+00  7.20000000e+01]
  [ 6.95000793e-02  5.00000000e+00  1.17000000e+02]]

 [[ 6.64152238e-02  1.00000000e+00  1.09000000e+02]
  [ 7.07707476e-02  0.00000000e+00  6.70000000e+01]
  [ 7.05357065e-02  3.00000000e+00 -5.49000000e+02]
  ...
  [ 6.42688341e-02  0.00000000e+00 -1.20000000e+01]
  [ 6.60162801e-02  4.00000000e+00  1.50000000e+02]
  [ 6.31194844e-02  0.00000000e+00  7.20000000e+01]]

 ...

 [[ 1.53755526e+00  3.00000000e+01  1.81000000e+02]
  [ 1.46912039e+00  3.50000000e+01  4.38000000e+02]
  [ 1.47962082e+00  3.20000000e+01  3.40000000e+02]
  ...
  [ 1.23928627e+00  7.10000000e+01  1.91000000e+02]
  [ 1.28123073e+00  1.04000000e+02  1.83000000e+02]
  [ 1.32136241e+00  1.14000000e+02  2.23000000e+02]]

 [[ 1.62400682e+00  4.70000000e+01  3.54000000e+02]
  [ 1.53755526e+00  3.00000000e+01  1.81000000e+02]
  [ 1.46912039e+00  3.50000000e+01  4.38000000e+02]
  ...
  [ 1.23977525e+00  1.10000000e+01  1.23000000e+02]
  [ 1.23928627e+00  7.10000000e+01  1.91000000e+02]
  [ 1.28123073e+00  1.04000000e+02  1.83000000e+02]]

 [[ 1.61597310e+00  6.30000000e+01  5.29000000e+02]
  [ 1.62400682e+00  4.70000000e+01  3.54000000e+02]
  [ 1.53755526e+00  3.00000000e+01  1.81000000e+02]
  ...
  [ 1.20086276e+00  3.00000000e+00  2.06000000e+02]
  [ 1.23977525e+00  1.10000000e+01  1.23000000e+02]
  [ 1.23928627e+00  7.10000000e+01  1.91000000e+02]]][1 1 1 1 1 1 1 1 1 1 1 1 1 1 1 1 1 1 1 1 1 1 1 1 1 1 1 1 1 1 1 1 1 1 1 1 1
 1 1 1 1 1 1 1 1 1 1 1 1 1 1 1 1 1 1 1 1 1 1 1 1 1 1 1 1 1 1 1 1 1 1 1 1 1
 1 1 1 1 1 1 1 1 1 1 1 1 1 1 1 1 1 1 1 1 1 1 1 1 1 1 1 1 1 1 1 1 1 1 1 1 1
 1 1 1 1 1 1 1 1 1 1 1 1 1 1 1 1 1 1 1 1 1 1 1 1 1 1 1 1 1 1 1 1 1 1 1 1 1
 1 1 1 1 1 1 1 1 1 1 1 1 1 1 1 1 1 1 1 1 1 1 1 1 1 1 1 1 1 1 1 1 1 1 1 1 1
 1 1 1 1 1 1 1 1 1 1 1 1 1 1 1 1 1 1 1 1 1 1 1 1 1 1 1 1 1 1 1 1 1 1 1 1 1
 1 1 1 1 1 1 1 1 1 1 1 1 1 1 1 1 1 1 1 1 1 1 1 1 1 1 1 1 1 1 1 1 1 1 1 1 1
 1 1 1 1 1 1 1 1 1 1 1 1 1 1 1 1 1 1 1 1 1 1 1 1 1 1 1 1 1 1 1 1 1 1 1 1 1
 1 1 1 1 1 1 1 1 1 1 1 1 1 1 1 1 1 1 1 1 1 1 1 1 1 1 1 1 1 1 1 1 1 1 1 1 1
 1 1 1 1 1 1 1 1 1 1 1 1 1 1 1 1 1 1 1 1 1 1 1 1 1 1 1 1 1 1 1 1 1 1 1 1 1
 1 1 1 1 1 1 1 1 1 1 1 1 1 1 1 1 1 1 1 1 1 1 1 1 1 1 1 1 1 1 1 1 1 1 1 1 1
 1 1 1 1 1 1 1 1 1 1 1 1 1 1 1 1 1 1 1 1 1 1 1 1 1 1 1 1 1 1 1 1 1 1 1 1 1
 1 1 1 1 1 1 1 1 1 1 1 1 1 1 1 1 1 1 1 1 1 1 1 1 1 1 1 1 1 1 1 1 1 1 1 1 1
 1 1 1 1 1 1 1 1 1 1 1 1 1 1 1 1 1 1 1 1 1 1 1 1 1 1 1 1 1 1 1 1 1 1 1 1 1
 1 1 1 1 1 1 1 1 1 1 1 1 1 1 1 1 1 1 1 1 1 1 1 1 1 1 1 1 1 1 1 1 1 1 1 1 1
 1 1 1 1 1 1 1 1 1 1 1 1 1 1 1 1 1 1 1 1 1 1 1 1 1 1 1 1 1 1 1 1 1 1 1 1 1
 1 1 1 1 1 1 1 1 1 1 1 1 1 1 1 1 1 1 1 1 1 1 1 1 1 1 1 1 1 1 1 1 1 1 1 1 1
 1 1 1 1 1 1 1 1 1 1 1 1 1 1 1 1 1 1 1 1 1 1 1 1 1 1 1 1 1 1 1 1 1 1 1 1 1
 1 1 1 1 1 1 1 1 1 1 1 1 1 1 1 1 1 1 1 1 1 1 1 1 1 1 1 1 1 1 1 1 1 1 1 1 1
 1 1 1 1 1 1 1 1 1 1 1 1 1 1 1 1 1 1 1 1 1 1 1 1 1 1 1 1 1 1 1 1 1 1 1 1 1
 1 1 1 1 1 1 1 1 1 1 1 1 1 1 1 1 1 1 1 1 1 1 1 1 1 1 1 1 1 1 1 1 1 1 1 1 1
 1 1 1 1 1 1 1 1 1 1 1 1 1 1 1 1 1 1 1 1 1 1 1 1 1 1 1 1 1 1 1 1 1 1 1 1 1
 1 1 1 1 1 1 1 1 1 1 1 1 1 1 1 1 1 1 1 1 1 1 1 1 1 1 1 1 1 1 1 1 1 1 1 1 1
 1 1 1 1 1 1 1 1 1 1 1 1 1 1 1 1 1 1 1 1 1 1 1 1 1 1 1 1 1]
Done.
Training group 6, split 1
	Early stopping at epoch 13
	Y Train Labels:(array([1.], dtype=float32), array([220]))
	Y Val Labels:(array([1.], dtype=float32), array([220]))
Training group 6, split 2
	Early stopping at epoch 13
	Y Train Labels:(array([1.], dtype=float32), array([440]))
	Y Val Labels:(array([1.], dtype=float32), array([220]))
Training group 6, split 3
	Early stopping at epoch 13
	Y Train Labels:(array([1.], dtype=float32), array([660]))
	Y Val Labels:(array([1.], dtype=float32), array([220]))
	Creating sequence for 'celo-dollar'... [[[  0.9959684   18.           9.        ]
  [  0.99868561   5.         -16.        ]
  [  0.99613387 120.         -18.        ]
  ...
  [  1.00063507   5.           8.        ]
  [  0.99958589 242.          -2.        ]
  [  0.99902497 354.           6.        ]]

 [[  0.99503065 104.           9.        ]
  [  0.9959684   18.           9.        ]
  [  0.99868561   5.         -16.        ]
  ...
  [  0.99902086  20.           9.        ]
  [  1.00063507   5.           8.        ]
  [  0.99958589 242.          -2.        ]]

 [[  0.99572579 113.          -7.        ]
  [  0.99503065 104.           9.        ]
  [  0.9959684   18.           9.        ]
  ...
  [  0.99852366 167.           4.        ]
  [  0.99902086  20.           9.        ]
  [  1.00063507   5.           8.        ]]

 ...

 [[  0.99519256  84.         350.        ]
  [  0.99487605  56.         367.        ]
  [  0.99591458  41.         318.        ]
  ...
  [  0.99785927  95.         909.        ]
  [  0.99215657  80.         681.        ]
  [  0.99601336  98.         498.        ]]

 [[  0.9986672   33.         428.        ]
  [  0.99519256  84.         350.        ]
  [  0.99487605  56.         367.        ]
  ...
  [  1.00284887 104.         831.        ]
  [  0.99785927  95.         909.        ]
  [  0.99215657  80.         681.        ]]

 [[  0.99974983  12.         294.        ]
  [  0.9986672   33.         428.        ]
  [  0.99519256  84.         350.        ]
  ...
  [  1.00187056  23.         884.        ]
  [  1.00284887 104.         831.        ]
  [  0.99785927  95.         909.        ]]][1 1 1 1 1 1 1 1 1 1 1 1 1 1 1 1 1 1 1 1 1 1 1 1 1 1 1 1 1 1 1 1 1 1 1 1 1
 1 1 1 1 1 1 1 1 1 1 1 1 1 1 1 1 1 1 1 1 1 1 1 1 1 1 1 1 1 1 1 1 1 1 1 1 1
 1 1 1 1 1 1 1 1 1 1 1 1 1 1 1 1 1 1 1 1 1 1 1 1 1 1 1 1 1 1 1 1 1 1 1 1 1
 1 1 1 1 1 1 1 1 1 1 1 1 1 1 1 1 1 1 1 1 1 1 1 1 1 1 1 1 1 1 1 1 1 1 1 1 1
 1 1 1 1 1 1 1 1 1 1 1 1 1 1 1 1 1 1 1 1 1 1 1 1 1 1 1 1 1 1 1 1 1 1 1 1 1
 1 1 1 1 1 1 1 1 1 1 1 1 1 1 1 1 1 1 1 1 1 1 1 1 1 1 1 1 1 1 1 1 1 1 1 1 1
 1 1 1 1 1 1 1 1 1 1 1 1 1 1 1 1 1 1 1 1 1 1 1 1 1 1 1 1 1 1 1 1 1 1 1 1 1
 1 1 1 1 1 1 1 1 1 1 1 1 1 1 1 1 1 1 1 1 1 1 1 1 1 1 1 1 1 1 1 1 1 1 1 1 1
 1 1 1 1 1 1 1 1 1 1 1 1 1 1 1 1 1 1 1 1 1 1 1 1 1 1 1 1 1 1 1 1 1 1 1 1 1
 1 1 1 1 1 1 1 1 1 1 1 1 1 1 1 1 1 1 1 1 1 1 1 1 1 1 1 1 1 1 1 1 1 1 1 1 1
 1 1 1 1 1 1 1 1 1 1 1 1 1 1 1 1 1 1 1 1 1 1 1 1 1 1 1 1 1 1 1 1 1 1 1 1 1
 1 1 1 1 1 1 1 1 1 1 1 1 1 1 1 1 1 1 1 1 1 1 1 1 1 1 1 1 1 1 1 1 1 1 1 1 1
 1 1 1 1 1 1 1 1 1 1 1 1 1 1 1 1 1 1 1 1 1 1 1 1 1 1 1 1 1 1 1 1 1 1 1 1 1
 1 1 1 1 1 1 1 1 1 1 1 1 1 1 1 1 1 1 1 1 1 1 1 1 1 1 1 1 1 1 1 1 1 1 1 1 1
 1 1 1 1 1 1 1 1 1 1 1 1 1 1 1 1 1 1 1 1 1 1 1 1 1 1 1 1 1 1 1 1 1 1 1 1 1
 1 1 1 1 1 1 1 1 1 1 1 1 1 1 1 1 1 1 1 1 1 1 1 1 1 1 1 1 1 1 1 1 1 1 1 1 1
 1 1 1 1 1 1 1 1 1 1 1 1 1 1 1 1 1 1 1 1 1 1 1 1 1 1 1 1 1 1 1 1 1 1 1 1 1
 1 1 1 1 1 1 1 1 1 1 1 1 1 1 1 1 1 1 1 1 1 1 1 1 1 1 1 1 1 1 1 1 1 1 1 1 1
 1 1 1 1 1 1 1 1 1 1 1 1 1 1 1 1 1 1 1 1 1 1 1 1 1 1 1 1 1 1 1 1 1 1 1 1 1
 1 1 1 1 1 1 1 1 1 1 1 1 1 1 1 1 1 1 1 1 1 1 1 1 1 1 1 1 1 1 1 1 1 1 1 1 1
 1 1 1 1 1 1 1 1 1 1 1 1 1 1 1 1 1 1 1 1 1 1 1 1 1 1 1 1 1 1 1 1 1 1 1 1 1
 1 1 1 1 1 1 1 1 1 1 1 1 1 1 1 1 1 1 1 1 1 1 1 1 1 1 1 1 1 1 1 1 1 1 1 1 1
 1 1 1 1 1 1 1 1 1 1 1 1 1 1 1 1 1 1 1 1 1 1 1 1 1 1 1 1 1 1 1 1 1 1 1 1 1
 1 1 1 1 1 1 1 1 1 1 1 1 1 1 1 1 1 1 1 1 1 1 1 1 1 1 1 1 1 1 1 1 1 1 1 1 1
 1 1 1 1 1 1 1 1 1 1 1 1 1 1 1 1 1 1 1 1 1 1 1 1 1 1 1 1 1 1 1 1 1 1 1 1 1
 1 1 1 1 1 1 1 1 1 1 1 1 1 1 1 1 1 1 1 1 1 1 1 1 1 1 1 1 1 1 1 1 1 1 1 1 1]
Done.
Training group 7, split 1
	Early stopping at epoch 13
	Y Train Labels:(array([1.], dtype=float32), array([242]))
	Y Val Labels:(array([1.], dtype=float32), array([240]))
Training group 7, split 2
	Early stopping at epoch 13
	Y Train Labels:(array([1.], dtype=float32), array([482]))
	Y Val Labels:(array([1.], dtype=float32), array([240]))
Training group 7, split 3
	Early stopping at epoch 13
	Y Train Labels:(array([1.], dtype=float32), array([722]))
	Y Val Labels:(array([1.], dtype=float32), array([240]))
	Creating sequence for 'cindicator'... [[[ 3.56943985e-04  0.00000000e+00  4.00000000e+00]
  [ 3.45663208e-04  0.00000000e+00 -2.50000000e+01]
  [ 3.59594202e-04  0.00000000e+00 -2.30000000e+01]
  ...
  [ 4.12673043e-04  0.00000000e+00  2.00000000e+00]
  [ 4.12673043e-04  0.00000000e+00  1.30000000e+01]
  [ 4.10160779e-04  0.00000000e+00 -2.00000000e+00]]

 [[ 4.94203986e-04  0.00000000e+00  1.80000000e+01]
  [ 3.56943985e-04  0.00000000e+00  4.00000000e+00]
  [ 3.45663208e-04  0.00000000e+00 -2.50000000e+01]
  ...
  [ 4.12919173e-04  0.00000000e+00 -1.30000000e+01]
  [ 4.12673043e-04  0.00000000e+00  2.00000000e+00]
  [ 4.12673043e-04  0.00000000e+00  1.30000000e+01]]

 [[ 5.40750988e-04  0.00000000e+00 -1.90000000e+01]
  [ 4.94203986e-04  0.00000000e+00  1.80000000e+01]
  [ 3.56943985e-04  0.00000000e+00  4.00000000e+00]
  ...
  [ 4.21199894e-04  0.00000000e+00  1.60000000e+01]
  [ 4.12919173e-04  0.00000000e+00 -1.30000000e+01]
  [ 4.12673043e-04  0.00000000e+00  2.00000000e+00]]

 ...

 [[ 1.67925000e-02  0.00000000e+00  4.10000000e+01]
  [ 1.80151000e-02  0.00000000e+00 -4.30000000e+01]
  [ 2.85418000e-02  0.00000000e+00  4.90000000e+01]
  ...
  [ 1.25670000e-02  0.00000000e+00 -1.30000000e+01]
  [ 1.34842000e-02  0.00000000e+00 -1.20000000e+01]
  [ 1.18315000e-02  0.00000000e+00 -1.30000000e+01]]

 [[ 2.02115000e-02  0.00000000e+00  1.60000000e+01]
  [ 1.67925000e-02  0.00000000e+00  4.10000000e+01]
  [ 1.80151000e-02  0.00000000e+00 -4.30000000e+01]
  ...
  [ 1.48252000e-02  0.00000000e+00 -1.40000000e+01]
  [ 1.25670000e-02  0.00000000e+00 -1.30000000e+01]
  [ 1.34842000e-02  0.00000000e+00 -1.20000000e+01]]

 [[ 1.98493000e-02  0.00000000e+00 -2.10000000e+01]
  [ 2.02115000e-02  0.00000000e+00  1.60000000e+01]
  [ 1.67925000e-02  0.00000000e+00  4.10000000e+01]
  ...
  [ 1.95489000e-02  0.00000000e+00 -1.00000000e+01]
  [ 1.48252000e-02  0.00000000e+00 -1.40000000e+01]
  [ 1.25670000e-02  0.00000000e+00 -1.30000000e+01]]][0 0 0 ... 1 1 1]
Done.
Training group 8, split 1
	Early stopping at epoch 13
	Y Train Labels:(array([0., 1.], dtype=float32), array([ 94, 428]))
	Y Val Labels:(array([1.], dtype=float32), array([521]))
Training group 8, split 2
	Early stopping at epoch 13
	Y Train Labels:(array([0., 1.], dtype=float32), array([ 94, 949]))
	Y Val Labels:(array([1.], dtype=float32), array([521]))
Training group 8, split 3
	Early stopping at epoch 13
	Y Train Labels:(array([0., 1.], dtype=float32), array([  94, 1470]))
	Y Val Labels:(array([1.], dtype=float32), array([521]))
	Creating sequence for '0chain'... [[[ 7.54823392e-02  5.60000000e+01 -4.00000000e+00]
  [ 7.63572024e-02  6.70000000e+01 -2.00000000e+01]
  [ 7.63778925e-02  5.10000000e+01  3.20000000e+01]
  ...
  [ 5.31646236e-02  5.90000000e+01 -1.10000000e+01]
  [ 5.26158969e-02  7.30000000e+01  6.00000000e+00]
  [ 4.86761749e-02  9.90000000e+01  1.60000000e+01]]

 [[ 7.62189712e-02  5.80000000e+01  1.10000000e+01]
  [ 7.54823392e-02  5.60000000e+01 -4.00000000e+00]
  [ 7.63572024e-02  6.70000000e+01 -2.00000000e+01]
  ...
  [ 5.42443987e-02  5.60000000e+01  1.30000000e+01]
  [ 5.31646236e-02  5.90000000e+01 -1.10000000e+01]
  [ 5.26158969e-02  7.30000000e+01  6.00000000e+00]]

 [[ 7.91781228e-02  6.30000000e+01  3.70000000e+01]
  [ 7.62189712e-02  5.80000000e+01  1.10000000e+01]
  [ 7.54823392e-02  5.60000000e+01 -4.00000000e+00]
  ...
  [ 5.48646146e-02  3.30000000e+01 -2.20000000e+01]
  [ 5.42443987e-02  5.60000000e+01  1.30000000e+01]
  [ 5.31646236e-02  5.90000000e+01 -1.10000000e+01]]

 ...

 [[ 1.95717090e-01  1.10000000e+02  1.00000000e+01]
  [ 1.84897382e-01  8.40000000e+01  4.00000000e+00]
  [ 2.09650851e-01  4.00000000e+01 -1.00000000e+00]
  ...
  [ 2.36285736e-01  6.40000000e+01 -3.50000000e+01]
  [ 1.87190764e-01  7.00000000e+01 -1.00000000e+00]
  [ 2.10339659e-01  1.10000000e+02  1.40000000e+01]]

 [[ 1.89256810e-01  8.80000000e+01  1.00000000e+00]
  [ 1.95717090e-01  1.10000000e+02  1.00000000e+01]
  [ 1.84897382e-01  8.40000000e+01  4.00000000e+00]
  ...
  [ 2.16549149e-01  7.10000000e+01  2.30000000e+01]
  [ 2.36285736e-01  6.40000000e+01 -3.50000000e+01]
  [ 1.87190764e-01  7.00000000e+01 -1.00000000e+00]]

 [[ 1.91081074e-01  9.60000000e+01  8.00000000e+00]
  [ 1.89256810e-01  8.80000000e+01  1.00000000e+00]
  [ 1.95717090e-01  1.10000000e+02  1.00000000e+01]
  ...
  [ 2.18306302e-01  6.10000000e+01 -1.00000000e+00]
  [ 2.16549149e-01  7.10000000e+01  2.30000000e+01]
  [ 2.36285736e-01  6.40000000e+01 -3.50000000e+01]]][1 1 1 1 1 1 1 1 1 1 1 1 1 1 1 1 1 1 1 1 1 1 1 1 1 1 1 1 1 1 1 1 1 1 1 1 1
 1 1 1 1 1 1 1 1 1 1 1 1 1 1 1 1 1 1 1 1 1 1 1 1 1 1 1 1 1 1 1 1 1 1 1 1 1
 1 1 1 1 1 1 1 1 1 1 1 1 1 1 1 1 1 1 1 1 1 1 1 1 1 1 1 1 1 1 1 1 1 1 1 1 1
 1 1 1 1 1 1 1 1 1 1 1 1 1 1 1 1 1 1 1 1 1 1 1 1 1 1 1 1 1 1 1 1 1 1 1 1 1
 1 1 1 1 1 1 1 1 1 1 1 1 1 1 1 1 1 1 1 1 1 1 1 1 1 1 1 1 1 1 1 1 1 1 1 1 1
 1 1 1 1 1 1 1 1 1 1 1 1 1 1 1 1 1 1 1 1 1 1 1 1 1 1 1 1 1 1 1 1 1 1 1 1 1
 1 1 1 1 1 1 1 1 1 1 1 1 1 1 1 1 1 1 1 1 1 1 1 1 1 1 1 1 1 1 1 1 1 1 1 1 1
 1 1 1 1 1 1 1 1 1 1 1 1 1 1 1 1 1 1 1 1 1 1 1 1 1 1 1 1 1 1 1 1 1 1 1 1 1
 1 1 1 1 1 1 1 1 1 1 1 1 1 1 1 1 1 1 1 1 1 1 1 1 1 1 1 1 1 1 1 1 1 1 1 1 1
 1 1 1 1 1 1 1 1 1 1 1 1 1 1 1 1 1 1 1 1 1 1 1 1 1 1 1 1 1 1 1 1 1 1 1 1 1
 1 1 1 1 1 1 1 1 1 1 1 1 1 1 1 1 1 1 1 1 1 1 1 1 1 1 1 1 1 1 1 1 1 1 1 1 1
 1 1 1 1 1 1 1 1 1 1 1 1 1 1 1 1 1 1 1 1 1 1 1 1 1 1 1 1 1 1 1 1 1 1 1 1 1
 1 1 1 1 1 1 1 1 1 1 1 1 1 1 1 1 1 1 1 1 1 1 1 1 1 1 1 1 1 1 1 1 1 1 1 1 1
 1 1 1 1 1 1 1 1 1 1 1 1 1 1 1 1 1 1 1 1 1 1 1 1 1 1 1 1 1 1 1 1 1 1 1 1 1
 1 1 1]
Done.
Training group 9, split 1
	Early stopping at epoch 13
	Y Train Labels:(array([1.], dtype=float32), array([131]))
	Y Val Labels:(array([1.], dtype=float32), array([130]))
Training group 9, split 2
	Early stopping at epoch 13
	Y Train Labels:(array([1.], dtype=float32), array([261]))
	Y Val Labels:(array([1.], dtype=float32), array([130]))
Training group 9, split 3
	Early stopping at epoch 13
	Y Train Labels:(array([1.], dtype=float32), array([391]))
	Y Val Labels:(array([1.], dtype=float32), array([130]))
	Creating sequence for 'crvusd'... [[[ 9.94610440e-01  3.20000000e+01 -7.36000000e+02]
  [ 9.92803874e-01  2.20000000e+01 -1.90000000e+02]
  [ 9.94373363e-01  4.40000000e+01 -2.64000000e+02]
  ...
  [ 1.00001750e+00  6.00000000e+00  6.70000000e+01]
  [ 9.98900128e-01  4.70000000e+01  1.85000000e+02]
  [ 9.98735858e-01  7.40000000e+01  1.02000000e+02]]

 [[ 9.95078638e-01  1.10000000e+01  1.23000000e+02]
  [ 9.94610440e-01  3.20000000e+01 -7.36000000e+02]
  [ 9.92803874e-01  2.20000000e+01 -1.90000000e+02]
  ...
  [ 9.97946243e-01  1.90000000e+01  1.59000000e+02]
  [ 1.00001750e+00  6.00000000e+00  6.70000000e+01]
  [ 9.98900128e-01  4.70000000e+01  1.85000000e+02]]

 [[ 9.94239974e-01  4.60000000e+01  2.27000000e+02]
  [ 9.95078638e-01  1.10000000e+01  1.23000000e+02]
  [ 9.94610440e-01  3.20000000e+01 -7.36000000e+02]
  ...
  [ 9.97684037e-01  2.00000000e+01  3.63000000e+02]
  [ 9.97946243e-01  1.90000000e+01  1.59000000e+02]
  [ 1.00001750e+00  6.00000000e+00  6.70000000e+01]]

 ...

 [[ 9.98889828e-01  1.30000000e+01  4.03000000e+02]
  [ 9.99665630e-01  2.00000000e+00  2.15000000e+02]
  [ 9.99393823e-01  0.00000000e+00  4.05000000e+02]
  ...
  [ 9.95438008e-01  6.00000000e+00  6.20000000e+01]
  [ 9.99206010e-01  3.00000000e+00  0.00000000e+00]
  [ 9.96244822e-01  2.90000000e+01  1.80000000e+01]]

 [[ 9.99099381e-01  1.00000000e+00  6.34000000e+02]
  [ 9.98889828e-01  1.30000000e+01  4.03000000e+02]
  [ 9.99665630e-01  2.00000000e+00  2.15000000e+02]
  ...
  [ 9.96305243e-01  3.60000000e+01  1.60000000e+01]
  [ 9.95438008e-01  6.00000000e+00  6.20000000e+01]
  [ 9.99206010e-01  3.00000000e+00  0.00000000e+00]]

 [[ 9.98182944e-01  9.00000000e+00  1.66600000e+03]
  [ 9.99099381e-01  1.00000000e+00  6.34000000e+02]
  [ 9.98889828e-01  1.30000000e+01  4.03000000e+02]
  ...
  [ 9.99285796e-01  3.00000000e+00  1.50000000e+01]
  [ 9.96305243e-01  3.60000000e+01  1.60000000e+01]
  [ 9.95438008e-01  6.00000000e+00  6.20000000e+01]]][1 1 1 1 1 1 1 1 1 1 1 1 1 1 1 1 1 1 1 1 1 1 1 1 1 1 1 1 1 1 1 1 1 1 1 1 1
 1 1 1 1 1 1 1 1 1 1 1 1 1 1 1 1 1 1 1 1 1 1 1 1 1 1 1 1 1 1 1 1 1 1 1 1 1
 1 1 1 1 1 1 1 1 1 1 1 1 1 1 1 1 1 1 1 1 1 1 1 1 1 1 1 1 1 1 1 1 1 1 1 1 1
 1 1 1 1 1 1 1 1 1 1 1 1 1 1 1 1 1 1 1 1 1 1 1 1 1 1 1 1 1 1 1 1 1 1 1 1 1
 1 1 1 1 1 1 1 1 1 1 1 1 1 1 1 1 1 1 1 1 1 1 1 1 1 1 1 1 1 1 1 1 1 1 1 1 1
 1 1 1 1 1 1 1 1 1 1 1 1 1 1 1 1 1 1 1 1 1 1 1 1 1 1 1 1 1 1 1 1 1 1 1 1 1
 1 1 1 1 1 1 1 1 1 1 1 1 1 1 1 1 1 1 1 1 1 1 1 1 1 1 1 1 1 1 1 1 1 1 1 1 1
 1 1 1 1 1 1 1 1 1 1 1 1 1 1 1 1 1 1 1 1 1 1 1 1 1 1 1 1 1 1 1 1 1 1 1 1 1
 1 1 1 1 1 1 1 1 1 1 1 1 1 1 1 1 1 1 1 1 1 1 1 1 1 1 1 1 1 1 1 1 1 1 1 1 1
 1 1 1 1 1 1 1]
Done.
Training group 10, split 1
	Early stopping at epoch 13
	Y Train Labels:(array([1.], dtype=float32), array([85]))
	Y Val Labels:(array([1.], dtype=float32), array([85]))
Training group 10, split 2
	Early stopping at epoch 13
	Y Train Labels:(array([1.], dtype=float32), array([170]))
	Y Val Labels:(array([1.], dtype=float32), array([85]))
Training group 10, split 3
	Early stopping at epoch 13
	Y Train Labels:(array([1.], dtype=float32), array([255]))
	Y Val Labels:(array([1.], dtype=float32), array([85]))
	Creating sequence for 'bancor'... [[[ 6.01610457e-01  2.90000000e+01 -5.10000000e+01]
  [ 5.98942391e-01  0.00000000e+00 -2.12000000e+02]
  [ 5.94384183e-01  4.00000000e+00  7.90000000e+01]
  ...
  [ 5.08535750e-01  3.00000000e+00 -7.00000000e+00]
  [ 5.23061641e-01  4.00000000e+00  2.60000000e+01]
  [ 5.30020141e-01  1.90000000e+01  1.15000000e+02]]

 [[ 5.75782694e-01  3.10000000e+01 -1.70000000e+01]
  [ 6.01610457e-01  2.90000000e+01 -5.10000000e+01]
  [ 5.98942391e-01  0.00000000e+00 -2.12000000e+02]
  ...
  [ 5.26438242e-01  0.00000000e+00  2.00000000e+00]
  [ 5.08535750e-01  3.00000000e+00 -7.00000000e+00]
  [ 5.23061641e-01  4.00000000e+00  2.60000000e+01]]

 [[ 5.99761397e-01  4.40000000e+01  1.29000000e+02]
  [ 5.75782694e-01  3.10000000e+01 -1.70000000e+01]
  [ 6.01610457e-01  2.90000000e+01 -5.10000000e+01]
  ...
  [ 5.14269890e-01  1.60000000e+01 -1.20000000e+01]
  [ 5.26438242e-01  0.00000000e+00  2.00000000e+00]
  [ 5.08535750e-01  3.00000000e+00 -7.00000000e+00]]

 ...

 [[ 4.95298000e+00  0.00000000e+00  5.23900000e+03]
  [ 4.95927000e+00  0.00000000e+00  2.60000000e+02]
  [ 5.06068000e+00  0.00000000e+00  2.58000000e+02]
  ...
  [ 3.80473000e+00  0.00000000e+00  3.12000000e+02]
  [ 3.98432000e+00  0.00000000e+00  1.10000000e+02]
  [ 3.83397000e+00  0.00000000e+00  1.60000000e+02]]

 [[ 3.85763000e+00  0.00000000e+00  2.59000000e+03]
  [ 4.95298000e+00  0.00000000e+00  5.23900000e+03]
  [ 4.95927000e+00  0.00000000e+00  2.60000000e+02]
  ...
  [ 4.04667000e+00  0.00000000e+00 -5.46000000e+02]
  [ 3.80473000e+00  0.00000000e+00  3.12000000e+02]
  [ 3.98432000e+00  0.00000000e+00  1.10000000e+02]]

 [[ 2.53939000e+00  0.00000000e+00  3.82000000e+03]
  [ 3.85763000e+00  0.00000000e+00  2.59000000e+03]
  [ 4.95298000e+00  0.00000000e+00  5.23900000e+03]
  ...
  [ 3.95699000e+00  0.00000000e+00  9.90000000e+01]
  [ 4.04667000e+00  0.00000000e+00 -5.46000000e+02]
  [ 3.80473000e+00  0.00000000e+00  3.12000000e+02]]][1 1 1 ... 1 1 1]
Done.
Training group 11, split 1
	Early stopping at epoch 13
	Y Train Labels:(array([1.], dtype=float32), array([568]))
	Y Val Labels:(array([1.], dtype=float32), array([565]))
Training group 11, split 2
	Early stopping at epoch 13
	Y Train Labels:(array([1.], dtype=float32), array([1133]))
	Y Val Labels:(array([1.], dtype=float32), array([565]))
Training group 11, split 3
