


--------------------------------------------------
Starting lstm.py at '2024-10-23 19:46:16.720672'.
Reading '../classifiedDAOs.json'... Done.
Total training Data: 1578
DAOs trained so far:568
Size of training set: 536
Size of test set: 474
Preparing data for training...
Preparing data for testing...
Parameters:
	Num epochs: 60
	Initial learning rate: 0.001
	Patience: 12
	Window size: 60
	Timeseries splits: 3
	Minimum number of timeseries datapoints: 64
Gradient boosting params: 
	{"max_depth": 3, "learning_rate": 0.05, "n_estimators": 100, "objective": "binary:logistic", "eval_metric": "logloss"}
	Creating sequence for 'cryptofranc'... Training group 0, split 1
	Y Train Labels:(array([0.], dtype=float32), array([424]))
	Y Val Labels:(array([0.], dtype=float32), array([421]))
Training group 0, split 2
	Y Train Labels:(array([0.], dtype=float32), array([845]))
	Y Val Labels:(array([0.], dtype=float32), array([421]))
Training group 0, split 3
	Y Train Labels:(array([0.], dtype=float32), array([1266]))
	Y Val Labels:(array([0.], dtype=float32), array([421]))
Done.
	Creating sequence for 'blockasset'... Training group 1, split 1
	Y Train Labels:(array([1.], dtype=float32), array([222]))
	Y Val Labels:(array([1.], dtype=float32), array([222]))
Training group 1, split 2
	Y Train Labels:(array([1.], dtype=float32), array([444]))
	Y Val Labels:(array([1.], dtype=float32), array([222]))
Training group 1, split 3
	Early stopping at epoch 13
	Y Train Labels:(array([1.], dtype=float32), array([666]))
	Y Val Labels:(array([0., 1.], dtype=float32), array([ 56, 166]))
Done.
	Creating sequence for 'neurai'... Training group 2, split 1
	Y Train Labels:(array([1.], dtype=float32), array([99]))
	Y Val Labels:(array([1.], dtype=float32), array([99]))
Training group 2, split 2
	Y Train Labels:(array([1.], dtype=float32), array([198]))
	Y Val Labels:(array([1.], dtype=float32), array([99]))
Training group 2, split 3
	Y Train Labels:(array([1.], dtype=float32), array([297]))
	Y Val Labels:(array([1.], dtype=float32), array([99]))
Done.
	Creating sequence for 'cumrocket'... Training group 3, split 1
	Y Train Labels:(array([1.], dtype=float32), array([300]))
	Y Val Labels:(array([1.], dtype=float32), array([300]))
Training group 3, split 2
	Y Train Labels:(array([1.], dtype=float32), array([600]))
	Y Val Labels:(array([1.], dtype=float32), array([300]))
Training group 3, split 3
	Early stopping at epoch 13
	Y Train Labels:(array([1.], dtype=float32), array([900]))
	Y Val Labels:(array([0., 1.], dtype=float32), array([ 58, 242]))
Done.
	Creating sequence for 'xp-network'... Training group 4, split 1
	Early stopping at epoch 48
	Y Train Labels:(array([0., 1.], dtype=float32), array([59, 44]))
	Y Val Labels:(array([0.], dtype=float32), array([103]))
Training group 4, split 2
	Early stopping at epoch 42
	Y Train Labels:(array([0., 1.], dtype=float32), array([162,  44]))
	Y Val Labels:(array([0.], dtype=float32), array([103]))
Training group 4, split 3
	Early stopping at epoch 39
	Y Train Labels:(array([0., 1.], dtype=float32), array([265,  44]))
	Y Val Labels:(array([0.], dtype=float32), array([103]))
Done.
	Creating sequence for 'kadena'... Training group 5, split 1
	Y Train Labels:(array([1.], dtype=float32), array([367]))
	Y Val Labels:(array([1.], dtype=float32), array([365]))
Training group 5, split 2
	Y Train Labels:(array([1.], dtype=float32), array([732]))
	Y Val Labels:(array([1.], dtype=float32), array([365]))
Training group 5, split 3
	Y Train Labels:(array([1.], dtype=float32), array([1097]))
	Y Val Labels:(array([1.], dtype=float32), array([365]))
Done.
	Creating sequence for 'salad'... Training group 6, split 1
	Early stopping at epoch 45
	Y Train Labels:(array([0., 1.], dtype=float32), array([89,  6]))
	Y Val Labels:(array([0.], dtype=float32), array([93]))
Training group 6, split 2
	Y Train Labels:(array([0., 1.], dtype=float32), array([182,   6]))
	Y Val Labels:(array([0.], dtype=float32), array([93]))
Training group 6, split 3
	Y Train Labels:(array([0., 1.], dtype=float32), array([275,   6]))
	Y Val Labels:(array([0.], dtype=float32), array([93]))
Done.
	Creating sequence for 'dehub'... Training group 7, split 1
	Y Train Labels:(array([1.], dtype=float32), array([191]))
	Y Val Labels:(array([1.], dtype=float32), array([188]))
Training group 7, split 2
	Early stopping at epoch 14
	Y Train Labels:(array([1.], dtype=float32), array([379]))
	Y Val Labels:(array([0., 1.], dtype=float32), array([184,   4]))
Training group 7, split 3
	Y Train Labels:(array([0., 1.], dtype=float32), array([184, 383]))
	Y Val Labels:(array([0.], dtype=float32), array([188]))
Done.
	Creating sequence for 'beoble'... Training group 8, split 1
	Y Train Labels:(array([0.], dtype=float32), array([39]))
	Y Val Labels:(array([0.], dtype=float32), array([37]))
Training group 8, split 2
	Y Train Labels:(array([0.], dtype=float32), array([76]))
	Y Val Labels:(array([0.], dtype=float32), array([37]))
Training group 8, split 3
	Y Train Labels:(array([0.], dtype=float32), array([113]))
	Y Val Labels:(array([0.], dtype=float32), array([37]))
Done.
	Creating sequence for 'cellframe'... Training group 9, split 1
	Y Train Labels:(array([1.], dtype=float32), array([294]))
	Y Val Labels:(array([1.], dtype=float32), array([293]))
Training group 9, split 2
