


--------------------------------------------------
Starting lstm.py at '2024-10-16 13:12:23.895701'.
Reading './isDaoActiveData(4).json'... Done.
Total training Data: 379
DAOs trained so far:51
Size of training set: 214
Size of test set: 114
Preparing data for training...
Preparing data for testing...
Parameters:
	Num epochs: 60
	Initial learning rate: 0.001
	Patience: 12
	Window size: 60
	Timeseries splits: 3
	Minimum number of timeseries datapoints: 64
Gradient boosting params: 
	{"max_depth": 3, "learning_rate": 0.05, "n_estimators": 100, "objective": "binary:logistic", "eval_metric": "logloss"}
	Creating sequence for 'compound-basic-attention-token'... Training group 0, split 1
	Y Train Labels:(array([1.], dtype=float32), array([263]))
	Y Val Labels:(array([1.], dtype=float32), array([261]))
Training group 0, split 2
	Early stopping at epoch 13
	Y Train Labels:(array([1.], dtype=float32), array([524]))
	Y Val Labels:(array([0., 1.], dtype=float32), array([211,  50]))
Training group 0, split 3
	Early stopping at epoch 51
	Y Train Labels:(array([0., 1.], dtype=float32), array([211, 574]))
	Y Val Labels:(array([0.], dtype=float32), array([261]))
Done.
	Creating sequence for 'aave-usdt'... Skipped.
	Creating sequence for 'apy-finance'... Training group 1, split 1
	Early stopping at epoch 13
	Y Train Labels:(array([1.], dtype=float32), array([301]))
	Y Val Labels:(array([0., 1.], dtype=float32), array([150, 151]))
Training group 1, split 2
	Early stopping at epoch 58
	Y Train Labels:(array([0., 1.], dtype=float32), array([150, 452]))
	Y Val Labels:(array([0.], dtype=float32), array([301]))
Training group 1, split 3
	Early stopping at epoch 31
	Y Train Labels:(array([0., 1.], dtype=float32), array([451, 452]))
	Y Val Labels:(array([0.], dtype=float32), array([301]))
Done.
	Creating sequence for 'arweave'... Training group 2, split 1
	Y Train Labels:(array([1.], dtype=float32), array([367]))
	Y Val Labels:(array([1.], dtype=float32), array([366]))
Training group 2, split 2
	Y Train Labels:(array([1.], dtype=float32), array([733]))
	Y Val Labels:(array([1.], dtype=float32), array([366]))
Training group 2, split 3
	Y Train Labels:(array([1.], dtype=float32), array([1099]))
	Y Val Labels:(array([1.], dtype=float32), array([366]))
Done.
	Creating sequence for 'ageofgods'... Training group 3, split 1
	Y Train Labels:(array([0., 1.], dtype=float32), array([68,  9]))
	Y Val Labels:(array([0.], dtype=float32), array([75]))
Training group 3, split 2
	Early stopping at epoch 56
	Y Train Labels:(array([0., 1.], dtype=float32), array([143,   9]))
	Y Val Labels:(array([0.], dtype=float32), array([75]))
Training group 3, split 3
	Y Train Labels:(array([0., 1.], dtype=float32), array([218,   9]))
	Y Val Labels:(array([0.], dtype=float32), array([75]))
Done.
	Creating sequence for 'biswap'... Training group 4, split 1
	Y Train Labels:(array([1.], dtype=float32), array([239]))
	Y Val Labels:(array([1.], dtype=float32), array([236]))
Training group 4, split 2
	Early stopping at epoch 13
	Y Train Labels:(array([1.], dtype=float32), array([475]))
	Y Val Labels:(array([0., 1.], dtype=float32), array([169,  67]))
Training group 4, split 3
	Early stopping at epoch 42
	Y Train Labels:(array([0., 1.], dtype=float32), array([169, 542]))
	Y Val Labels:(array([0.], dtype=float32), array([236]))
Done.
	Creating sequence for 'dafi-protocol'... Training group 5, split 1
	Y Train Labels:(array([1.], dtype=float32), array([252]))
	Y Val Labels:(array([1.], dtype=float32), array([251]))
Training group 5, split 2
	Y Train Labels:(array([1.], dtype=float32), array([503]))
	Y Val Labels:(array([1.], dtype=float32), array([251]))
Training group 5, split 3
	Early stopping at epoch 13
	Y Train Labels:(array([1.], dtype=float32), array([754]))
	Y Val Labels:(array([0., 1.], dtype=float32), array([ 67, 184]))
Done.
	Creating sequence for 'biconomy'... Training group 6, split 1
	Y Train Labels:(array([1.], dtype=float32), array([238]))
	Y Val Labels:(array([1.], dtype=float32), array([237]))
Training group 6, split 2
	Y Train Labels:(array([1.], dtype=float32), array([475]))
	Y Val Labels:(array([1.], dtype=float32), array([237]))
Training group 6, split 3
	Y Train Labels:(array([1.], dtype=float32), array([712]))
	Y Val Labels:(array([1.], dtype=float32), array([237]))
Done.
	Creating sequence for 'cumrocket'... Training group 7, split 1
	Y Train Labels:(array([1.], dtype=float32), array([300]))
	Y Val Labels:(array([1.], dtype=float32), array([300]))
Training group 7, split 2
	Y Train Labels:(array([1.], dtype=float32), array([600]))
	Y Val Labels:(array([1.], dtype=float32), array([300]))
Training group 7, split 3
