


--------------------------------------------------
Starting lstm.py at '2024-10-27 01:50:03.109746'.
Reading '../classifiedDAOs.json'... Done.
Total training Data: 1578
DAOs trained so far:1052
Size of training set: 52
Size of test set: 474
Preparing data for training...
Preparing data for testing...
Parameters:
	Num epochs: 60
	Initial learning rate: 0.001
	Patience: 12
	Window size: 60
	Timeseries splits: 3
	Minimum number of timeseries datapoints: 64
Gradient boosting params: 
	{"max_depth": 3, "learning_rate": 0.05, "n_estimators": 100, "objective": "binary:logistic", "eval_metric": "logloss"}
	Creating sequence for 'ink'... Training group 0, split 1
	Early stopping at epoch 13
	Y Train Labels:(array([0., 1.], dtype=float32), array([112, 450]))
	Y Val Labels:(array([0.], dtype=float32), array([559]))
Training group 0, split 2
	Early stopping at epoch 13
	Y Train Labels:(array([0., 1.], dtype=float32), array([671, 450]))
	Y Val Labels:(array([0.], dtype=float32), array([559]))
Training group 0, split 3
	Early stopping at epoch 32
	Y Train Labels:(array([0., 1.], dtype=float32), array([1230,  450]))
	Y Val Labels:(array([0.], dtype=float32), array([559]))
Done.
	Creating sequence for 'temco'... Training group 1, split 1
	Y Train Labels:(array([1.], dtype=float32), array([490]))
	Y Val Labels:(array([1.], dtype=float32), array([490]))
Training group 1, split 2
	Early stopping at epoch 13
	Y Train Labels:(array([1.], dtype=float32), array([980]))
	Y Val Labels:(array([0., 1.], dtype=float32), array([344, 146]))
Training group 1, split 3
	Early stopping at epoch 45
	Y Train Labels:(array([0., 1.], dtype=float32), array([ 344, 1126]))
	Y Val Labels:(array([0.], dtype=float32), array([490]))
Done.
	Creating sequence for 'defibox'... Training group 2, split 1
	Y Train Labels:(array([1.], dtype=float32), array([332]))
	Y Val Labels:(array([1.], dtype=float32), array([332]))
Training group 2, split 2
	Y Train Labels:(array([1.], dtype=float32), array([664]))
	Y Val Labels:(array([1.], dtype=float32), array([332]))
Training group 2, split 3
	Early stopping at epoch 13
	Y Train Labels:(array([1.], dtype=float32), array([996]))
	Y Val Labels:(array([0., 1.], dtype=float32), array([118, 214]))
Done.
	Creating sequence for 'wrapped-velas'... Training group 3, split 1
	Y Train Labels:(array([0.], dtype=float32), array([84]))
	Y Val Labels:(array([0.], dtype=float32), array([84]))
Training group 3, split 2
	Y Train Labels:(array([0.], dtype=float32), array([168]))
	Y Val Labels:(array([0.], dtype=float32), array([84]))
Training group 3, split 3
	Y Train Labels:(array([0.], dtype=float32), array([252]))
	Y Val Labels:(array([0.], dtype=float32), array([84]))
Done.
	Creating sequence for 'cryptex-finance'... Training group 4, split 1
	Y Train Labels:(array([1.], dtype=float32), array([186]))
	Y Val Labels:(array([1.], dtype=float32), array([185]))
Training group 4, split 2
	Early stopping at epoch 41
	Y Train Labels:(array([1.], dtype=float32), array([371]))
	Y Val Labels:(array([1.], dtype=float32), array([185]))
Training group 4, split 3
	Y Train Labels:(array([1.], dtype=float32), array([556]))
	Y Val Labels:(array([1.], dtype=float32), array([185]))
Done.
	Creating sequence for 'decimal'... Training group 5, split 1
	Y Train Labels:(array([1.], dtype=float32), array([216]))
	Y Val Labels:(array([1.], dtype=float32), array([213]))
Training group 5, split 2
	Y Train Labels:(array([1.], dtype=float32), array([429]))
	Y Val Labels:(array([1.], dtype=float32), array([213]))
Training group 5, split 3
