


--------------------------------------------------
Starting lstm.py at '2024-10-27 02:12:06.444472'.
Reading '../classifiedDAOs.json'... Done.
Total training Data: 1578
DAOs trained so far:1100
Size of training set: 4
Size of test set: 474
Preparing data for training...
Preparing data for testing...
Parameters:
	Num epochs: 60
	Initial learning rate: 0.001
	Patience: 12
	Window size: 60
	Timeseries splits: 3
	Minimum number of timeseries datapoints: 64
Gradient boosting params: 
	{"max_depth": 3, "learning_rate": 0.05, "n_estimators": 100, "objective": "binary:logistic", "eval_metric": "logloss"}
	Creating sequence for 'autonio'... Training group 0, split 1
	Y Train Labels:(array([1.], dtype=float32), array([480]))
	Y Val Labels:(array([1.], dtype=float32), array([480]))
Training group 0, split 2
	Early stopping at epoch 13
	Y Train Labels:(array([1.], dtype=float32), array([960]))
	Y Val Labels:(array([0., 1.], dtype=float32), array([ 26, 454]))
Training group 0, split 3
	Early stopping at epoch 13
	Y Train Labels:(array([0., 1.], dtype=float32), array([  26, 1414]))
	Y Val Labels:(array([0.], dtype=float32), array([480]))
Done.
	Creating sequence for 'torum'... Training group 1, split 1
	Y Train Labels:(array([0., 1.], dtype=float32), array([214,  47]))
	Y Val Labels:(array([0.], dtype=float32), array([260]))
Training group 1, split 2
	Y Train Labels:(array([0., 1.], dtype=float32), array([474,  47]))
	Y Val Labels:(array([0.], dtype=float32), array([260]))
Training group 1, split 3
	Y Train Labels:(array([0., 1.], dtype=float32), array([734,  47]))
	Y Val Labels:(array([0.], dtype=float32), array([260]))
Done.
	Creating sequence for 'acquire-fi'... Training group 2, split 1
	Y Train Labels:(array([0.], dtype=float32), array([169]))
	Y Val Labels:(array([0.], dtype=float32), array([166]))
Training group 2, split 2
	Y Train Labels:(array([0.], dtype=float32), array([335]))
	Y Val Labels:(array([0.], dtype=float32), array([166]))
Training group 2, split 3
	Y Train Labels:(array([0.], dtype=float32), array([501]))
	Y Val Labels:(array([0.], dtype=float32), array([166]))
Done.
	Creating sequence for 'revolt-2-earn'... Training group 3, split 1
	Early stopping at epoch 41
	Y Train Labels:(array([1.], dtype=float32), array([176]))
	Y Val Labels:(array([0., 1.], dtype=float32), array([131,  43]))
Training group 3, split 2
	Early stopping at epoch 13
	Y Train Labels:(array([0., 1.], dtype=float32), array([131, 219]))
	Y Val Labels:(array([0.], dtype=float32), array([174]))
Training group 3, split 3
	Early stopping at epoch 31
	Y Train Labels:(array([0., 1.], dtype=float32), array([305, 219]))
	Y Val Labels:(array([0.], dtype=float32), array([174]))
Done.
Actual training set: 4 entries
Actual testing set:  0 entries
Actual training/total ratio: 0.0025348542458808617
Final Classification Report with Gradient Boosting:
              precision    recall  f1-score   support

   Abandoned       1.00      0.64      0.78      2263
   Operating       0.55      1.00      0.71       977

    accuracy                           0.75      3240
   macro avg       0.77      0.82      0.74      3240
weighted avg       0.86      0.75      0.76      3240

Finished execution at '2024-10-27 02:13:13.683592'.
Execution took: 67.239169
--------------------------------------------------
