


--------------------------------------------------
Starting lstm.py at '2024-10-16 14:30:39.564688'.
Reading './isDaoActiveData(4).json'... Done.
Total training Data: 379
DAOs trained so far:29
Size of training set: 236
Size of test set: 114
Preparing data for training...
Preparing data for testing...
Parameters:
	Num epochs: 60
	Initial learning rate: 0.001
	Patience: 12
	Window size: 60
	Timeseries splits: 3
	Minimum number of timeseries datapoints: 64
Gradient boosting params: 
	{"max_depth": 3, "learning_rate": 0.05, "n_estimators": 100, "objective": "binary:logistic", "eval_metric": "logloss"}
	Creating sequence for 'basis-cash'... Training group 0, split 1
	Early stopping at epoch 13
	Y Train Labels:(array([1.], dtype=float32), array([331]))
	Y Val Labels:(array([0., 1.], dtype=float32), array([195, 133]))
Training group 0, split 2
	Early stopping at epoch 24
	Y Train Labels:(array([0., 1.], dtype=float32), array([195, 464]))
	Y Val Labels:(array([0.], dtype=float32), array([328]))
Training group 0, split 3
	Early stopping at epoch 24
	Y Train Labels:(array([0., 1.], dtype=float32), array([523, 464]))
	Y Val Labels:(array([0.], dtype=float32), array([328]))
Optimizer: Adam (
Parameter Group 0
    amsgrad: False
    betas: (0.9, 0.999)
    capturable: False
    differentiable: False
    eps: 1e-08
    foreach: None
    fused: None
    initial_lr: 0.001
    lr: 0.002800000000000002
    maximize: False
    weight_decay: 0
)
Done.
	Creating sequence for 'bolt'... Training group 1, split 1
	Y Train Labels:(array([1.], dtype=float32), array([481]))
	Y Val Labels:(array([1.], dtype=float32), array([479]))
Training group 1, split 2
	Early stopping at epoch 13
	Y Train Labels:(array([1.], dtype=float32), array([960]))
	Y Val Labels:(array([0., 1.], dtype=float32), array([297, 182]))
Training group 1, split 3
	Early stopping at epoch 21
	Y Train Labels:(array([0., 1.], dtype=float32), array([ 297, 1142]))
	Y Val Labels:(array([0.], dtype=float32), array([479]))
Optimizer: Adam (
Parameter Group 0
    amsgrad: False
    betas: (0.9, 0.999)
    capturable: False
    differentiable: False
    eps: 1e-08
    foreach: None
    fused: None
    initial_lr: 0.001
    lr: 0.0014499999999999986
    maximize: False
    weight_decay: 0
)
Done.
	Creating sequence for 'creo-engine'... Training group 2, split 1
	Y Train Labels:(array([1.], dtype=float32), array([205]))
	Y Val Labels:(array([1.], dtype=float32), array([203]))
Training group 2, split 2
	Y Train Labels:(array([1.], dtype=float32), array([408]))
	Y Val Labels:(array([1.], dtype=float32), array([203]))
Training group 2, split 3
	Y Train Labels:(array([1.], dtype=float32), array([611]))
	Y Val Labels:(array([1.], dtype=float32), array([203]))
Optimizer: Adam (
Parameter Group 0
    amsgrad: False
    betas: (0.9, 0.999)
    capturable: False
    differentiable: False
    eps: 1e-08
    foreach: None
    fused: None
    initial_lr: 0.001
    lr: 0.001
    maximize: False
    weight_decay: 0
)
Done.
	Creating sequence for 'band-protocol'... Training group 3, split 1
	Y Train Labels:(array([1.], dtype=float32), array([437]))
	Y Val Labels:(array([1.], dtype=float32), array([437]))
Training group 3, split 2
	Y Train Labels:(array([1.], dtype=float32), array([874]))
	Y Val Labels:(array([1.], dtype=float32), array([437]))
Training group 3, split 3
	Y Train Labels:(array([1.], dtype=float32), array([1311]))
	Y Val Labels:(array([1.], dtype=float32), array([437]))
Optimizer: Adam (
Parameter Group 0
    amsgrad: False
    betas: (0.9, 0.999)
    capturable: False
    differentiable: False
    eps: 1e-08
    foreach: None
    fused: None
    initial_lr: 0.001
    lr: 0.001
    maximize: False
    weight_decay: 0
)
Done.
	Creating sequence for 'celestia'... Training group 4, split 1
	Early stopping at epoch 18
	Y Train Labels:(array([1.], dtype=float32), array([69]))
	Y Val Labels:(array([1.], dtype=float32), array([67]))
Training group 4, split 2
	Early stopping at epoch 60
	Y Train Labels:(array([1.], dtype=float32), array([136]))
	Y Val Labels:(array([1.], dtype=float32), array([67]))
Training group 4, split 3
	Early stopping at epoch 23
	Y Train Labels:(array([1.], dtype=float32), array([203]))
	Y Val Labels:(array([1.], dtype=float32), array([67]))
Optimizer: Adam (
Parameter Group 0
    amsgrad: False
    betas: (0.9, 0.999)
    capturable: False
    differentiable: False
    eps: 1e-08
    foreach: None
    fused: None
    initial_lr: 0.001
    lr: 0.0023499999999999997
    maximize: False
    weight_decay: 0
)
Done.
	Creating sequence for 'antimatter'... Training group 5, split 1
	Early stopping at epoch 13
	Y Train Labels:(array([1.], dtype=float32), array([298]))
	Y Val Labels:(array([1.], dtype=float32), array([297]))
Training group 5, split 2
	Early stopping at epoch 36
	Y Train Labels:(array([1.], dtype=float32), array([595]))
	Y Val Labels:(array([0., 1.], dtype=float32), array([280,  17]))
Training group 5, split 3
	Y Train Labels:(array([0., 1.], dtype=float32), array([280, 612]))
	Y Val Labels:(array([0.], dtype=float32), array([297]))
Optimizer: Adam (
Parameter Group 0
    amsgrad: False
    betas: (0.9, 0.999)
    capturable: False
    differentiable: False
    eps: 1e-08
    foreach: None
    fused: None
    initial_lr: 0.001
    lr: 0.001
    maximize: False
    weight_decay: 0
)
Done.
	Creating sequence for 'bistroo'... Training group 6, split 1
	Early stopping at epoch 15
	Y Train Labels:(array([0., 1.], dtype=float32), array([ 21, 271]))
	Y Val Labels:(array([0.], dtype=float32), array([291]))
Training group 6, split 2
	Early stopping at epoch 31
	Y Train Labels:(array([0., 1.], dtype=float32), array([312, 271]))
	Y Val Labels:(array([0.], dtype=float32), array([291]))
Training group 6, split 3
	Early stopping at epoch 13
	Y Train Labels:(array([0., 1.], dtype=float32), array([603, 271]))
	Y Val Labels:(array([0.], dtype=float32), array([291]))
Optimizer: Adam (
Parameter Group 0
    amsgrad: False
    betas: (0.9, 0.999)
    capturable: False
    differentiable: False
    eps: 1e-08
    foreach: None
    fused: None
    initial_lr: 0.001
    lr: 0.007300000000000003
    maximize: False
    weight_decay: 0
)
Done.
	Creating sequence for 'aipad'... Training group 7, split 1
	Y Train Labels:(array([0.], dtype=float32), array([130]))
	Y Val Labels:(array([0.], dtype=float32), array([128]))
Training group 7, split 2
	Y Train Labels:(array([0.], dtype=float32), array([258]))
	Y Val Labels:(array([0.], dtype=float32), array([128]))
Training group 7, split 3
	Y Train Labels:(array([0.], dtype=float32), array([386]))
	Y Val Labels:(array([0.], dtype=float32), array([128]))
Optimizer: Adam (
Parameter Group 0
    amsgrad: False
    betas: (0.9, 0.999)
    capturable: False
    differentiable: False
    eps: 1e-08
    foreach: None
    fused: None
    initial_lr: 0.001
    lr: 0.001
    maximize: False
    weight_decay: 0
)
Done.
	Creating sequence for 'bidao'... Training group 8, split 1
	Early stopping at epoch 19
	Y Train Labels:(array([1.], dtype=float32), array([319]))
	Y Val Labels:(array([0., 1.], dtype=float32), array([177, 142]))
Training group 8, split 2
