


--------------------------------------------------
Starting lstm.py at '2024-10-23 19:54:19.936732'.
Reading '../classifiedDAOs.json'... Done.
Total training Data: 1578
DAOs trained so far:622
Size of training set: 482
Size of test set: 474
Preparing data for training...
Preparing data for testing...
Parameters:
	Num epochs: 60
	Initial learning rate: 0.001
	Patience: 12
	Window size: 60
	Timeseries splits: 3
	Minimum number of timeseries datapoints: 64
Gradient boosting params: 
	{"max_depth": 3, "learning_rate": 0.05, "n_estimators": 100, "objective": "binary:logistic", "eval_metric": "logloss"}
	Creating sequence for 'lattice-token'... Training group 0, split 1
	Y Train Labels:(array([1.], dtype=float32), array([335]))
	Y Val Labels:(array([1.], dtype=float32), array([333]))
Training group 0, split 2
	Early stopping at epoch 13
	Y Train Labels:(array([1.], dtype=float32), array([668]))
	Y Val Labels:(array([0., 1.], dtype=float32), array([245,  88]))
Training group 0, split 3
	Y Train Labels:(array([0., 1.], dtype=float32), array([245, 756]))
	Y Val Labels:(array([0.], dtype=float32), array([333]))
Done.
	Creating sequence for 'aston-villa-fan-token'... Training group 1, split 1
	Early stopping at epoch 16
	Y Train Labels:(array([1.], dtype=float32), array([244]))
	Y Val Labels:(array([1.], dtype=float32), array([244]))
Training group 1, split 2
	Early stopping at epoch 21
	Y Train Labels:(array([1.], dtype=float32), array([488]))
	Y Val Labels:(array([0., 1.], dtype=float32), array([241,   3]))
Training group 1, split 3
	Early stopping at epoch 26
	Y Train Labels:(array([0., 1.], dtype=float32), array([241, 491]))
	Y Val Labels:(array([0.], dtype=float32), array([244]))
Done.
	Creating sequence for 'evmos'... Training group 2, split 1
	Y Train Labels:(array([1.], dtype=float32), array([159]))
	Y Val Labels:(array([1.], dtype=float32), array([158]))
Training group 2, split 2
	Y Train Labels:(array([1.], dtype=float32), array([317]))
	Y Val Labels:(array([1.], dtype=float32), array([158]))
Training group 2, split 3
	Y Train Labels:(array([1.], dtype=float32), array([475]))
	Y Val Labels:(array([1.], dtype=float32), array([158]))
Done.
	Creating sequence for 'proton'... Training group 3, split 1
	Y Train Labels:(array([1.], dtype=float32), array([346]))
	Y Val Labels:(array([1.], dtype=float32), array([344]))
Training group 3, split 2
	Early stopping at epoch 13
	Y Train Labels:(array([1.], dtype=float32), array([690]))
	Y Val Labels:(array([0., 1.], dtype=float32), array([236, 108]))
Training group 3, split 3
	Early stopping at epoch 32
	Y Train Labels:(array([0., 1.], dtype=float32), array([236, 798]))
	Y Val Labels:(array([0.], dtype=float32), array([344]))
Done.
	Creating sequence for 'ontology'... Training group 4, split 1
	Y Train Labels:(array([1.], dtype=float32), array([569]))
	Y Val Labels:(array([1.], dtype=float32), array([569]))
Training group 4, split 2
	Y Train Labels:(array([1.], dtype=float32), array([1138]))
	Y Val Labels:(array([1.], dtype=float32), array([569]))
Training group 4, split 3
	Early stopping at epoch 13
	Y Train Labels:(array([1.], dtype=float32), array([1707]))
	Y Val Labels:(array([0., 1.], dtype=float32), array([525,  44]))
Done.
	Creating sequence for 'daostack'... Training group 5, split 1
	Early stopping at epoch 26
	Y Train Labels:(array([1.], dtype=float32), array([534]))
	Y Val Labels:(array([1.], dtype=float32), array([534]))
Training group 5, split 2
	Y Train Labels:(array([1.], dtype=float32), array([1068]))
	Y Val Labels:(array([1.], dtype=float32), array([534]))
Training group 5, split 3
