


--------------------------------------------------
Starting lstm.py at '2024-10-27 00:20:35.750624'.
Reading '../classifiedDAOs.json'... Done.
Total training Data: 1578
DAOs trained so far:833
Size of training set: 271
Size of test set: 474
Preparing data for training...
Preparing data for testing...
Parameters:
	Num epochs: 60
	Initial learning rate: 0.001
	Patience: 12
	Window size: 60
	Timeseries splits: 3
	Minimum number of timeseries datapoints: 64
Gradient boosting params: 
	{"max_depth": 3, "learning_rate": 0.05, "n_estimators": 100, "objective": "binary:logistic", "eval_metric": "logloss"}
	Creating sequence for 'trava-finance'... Training group 0, split 1
	Early stopping at epoch 45
	Y Train Labels:(array([0., 1.], dtype=float32), array([176,  95]))
	Y Val Labels:(array([0.], dtype=float32), array([269]))
Training group 0, split 2
	Early stopping at epoch 33
	Y Train Labels:(array([0., 1.], dtype=float32), array([445,  95]))
	Y Val Labels:(array([0.], dtype=float32), array([269]))
Training group 0, split 3
	Early stopping at epoch 31
	Y Train Labels:(array([0., 1.], dtype=float32), array([714,  95]))
	Y Val Labels:(array([0.], dtype=float32), array([269]))
Done.
	Creating sequence for 'ribbon-finance'... Training group 1, split 1
	Y Train Labels:(array([1.], dtype=float32), array([248]))
	Y Val Labels:(array([1.], dtype=float32), array([246]))
Training group 1, split 2
	Y Train Labels:(array([1.], dtype=float32), array([494]))
	Y Val Labels:(array([1.], dtype=float32), array([246]))
Training group 1, split 3
	Y Train Labels:(array([1.], dtype=float32), array([740]))
	Y Val Labels:(array([1.], dtype=float32), array([246]))
Done.
	Creating sequence for 'hi-dollar'... Training group 2, split 1
	Y Train Labels:(array([1.], dtype=float32), array([207]))
	Y Val Labels:(array([1.], dtype=float32), array([207]))
Training group 2, split 2
	Y Train Labels:(array([1.], dtype=float32), array([414]))
	Y Val Labels:(array([1.], dtype=float32), array([207]))
Training group 2, split 3
	Early stopping at epoch 13
	Y Train Labels:(array([1.], dtype=float32), array([621]))
	Y Val Labels:(array([0., 1.], dtype=float32), array([107, 100]))
Done.
	Creating sequence for 'slerf'... Training group 3, split 1
	Early stopping at epoch 13
	Y Train Labels:(array([1.], dtype=float32), array([35]))
	Y Val Labels:(array([0., 1.], dtype=float32), array([20, 12]))
Training group 3, split 2
	Early stopping at epoch 32
	Y Train Labels:(array([0., 1.], dtype=float32), array([20, 47]))
	Y Val Labels:(array([0.], dtype=float32), array([32]))
Training group 3, split 3
	Early stopping at epoch 27
	Y Train Labels:(array([0., 1.], dtype=float32), array([52, 47]))
	Y Val Labels:(array([0.], dtype=float32), array([32]))
Done.
	Creating sequence for 'metaplex'... Training group 4, split 1
	Y Train Labels:(array([1.], dtype=float32), array([171]))
	Y Val Labels:(array([1.], dtype=float32), array([168]))
Training group 4, split 2
	Y Train Labels:(array([1.], dtype=float32), array([339]))
	Y Val Labels:(array([1.], dtype=float32), array([168]))
Training group 4, split 3
	Y Train Labels:(array([1.], dtype=float32), array([507]))
	Y Val Labels:(array([1.], dtype=float32), array([168]))
Done.
	Creating sequence for 'mobius'... Training group 5, split 1
	Early stopping at epoch 13
	Y Train Labels:(array([1.], dtype=float32), array([582]))
	Y Val Labels:(array([0., 1.], dtype=float32), array([ 25, 557]))
Training group 5, split 2
