


--------------------------------------------------
Starting lstm.py at '2024-10-12 01:35:25.174010'.
Reading './isDaoActiveData(4).json'... Done.
Total training Data: 379
Size of training set: 93
Size of test set: 114
Preparing data for training...
Preparing data for testing...
Trained so far:173
Parameters:
	Num epochs: 60
	Initial learning rate: 0.001
	Patience: 12
	Window size: 60
	Timeseries splits: 3
	Minimum number of timeseries datapoints: 64
Gradient boosting params: 
	{"max_depth": 3, "learning_rate": 0.05, "n_estimators": 100, "objective": "binary:logistic", "eval_metric": "logloss"}
	Creating sequence for 'bad-idea-ai'... 5403
Done.
	Creating sequence for 'crypto-ai-robo'... Training group 1, split 1
	Early stopping at epoch 28
	Y Train Labels:(array([1.], dtype=float32), array([58]))
	Y Val Labels:(array([1.], dtype=float32), array([57]))
Training group 1, split 2
	Y Train Labels:(array([1.], dtype=float32), array([115]))
	Y Val Labels:(array([1.], dtype=float32), array([57]))
Training group 1, split 3
	Y Train Labels:(array([1.], dtype=float32), array([172]))
	Y Val Labels:(array([1.], dtype=float32), array([57]))
Done.
	Creating sequence for 'blind-boxes'... Training group 2, split 1
	Early stopping at epoch 13
	Y Train Labels:(array([1.], dtype=float32), array([289]))
	Y Val Labels:(array([0., 1.], dtype=float32), array([227,  60]))
Training group 2, split 2
	Y Train Labels:(array([0., 1.], dtype=float32), array([227, 349]))
	Y Val Labels:(array([0.], dtype=float32), array([287]))
Training group 2, split 3
	Early stopping at epoch 58
	Y Train Labels:(array([0., 1.], dtype=float32), array([514, 349]))
	Y Val Labels:(array([0.], dtype=float32), array([287]))
Done.
	Creating sequence for 'beam'... Training group 3, split 1
	Y Train Labels:(array([1.], dtype=float32), array([496]))
	Y Val Labels:(array([1.], dtype=float32), array([496]))
Training group 3, split 2
	Y Train Labels:(array([1.], dtype=float32), array([992]))
	Y Val Labels:(array([1.], dtype=float32), array([496]))
Training group 3, split 3
	Y Train Labels:(array([1.], dtype=float32), array([1488]))
	Y Val Labels:(array([1.], dtype=float32), array([496]))
Done.
	Creating sequence for 'alien-worlds'... Training group 4, split 1
	Early stopping at epoch 13
	Y Train Labels:(array([1.], dtype=float32), array([292]))
	Y Val Labels:(array([0., 1.], dtype=float32), array([263,  28]))
Training group 4, split 2
	Y Train Labels:(array([0., 1.], dtype=float32), array([263, 320]))
	Y Val Labels:(array([0.], dtype=float32), array([291]))
Training group 4, split 3
	Y Train Labels:(array([0., 1.], dtype=float32), array([554, 320]))
	Y Val Labels:(array([0.], dtype=float32), array([291]))
Done.
	Creating sequence for 'banana-gun'... Training group 5, split 1
	Y Train Labels:(array([1.], dtype=float32), array([80]))
	Y Val Labels:(array([1.], dtype=float32), array([77]))
Training group 5, split 2
	Y Train Labels:(array([1.], dtype=float32), array([157]))
	Y Val Labels:(array([1.], dtype=float32), array([77]))
Training group 5, split 3
	Y Train Labels:(array([1.], dtype=float32), array([234]))
	Y Val Labels:(array([1.], dtype=float32), array([77]))
Done.
	Creating sequence for 'aave-mana'... Skipped.
	Creating sequence for 'amino'... Training group 6, split 1
	Early stopping at epoch 16
	Y Train Labels:(array([1.], dtype=float32), array([110]))
	Y Val Labels:(array([0., 1.], dtype=float32), array([98, 11]))
Training group 6, split 2
	Y Train Labels:(array([0., 1.], dtype=float32), array([ 98, 121]))
	Y Val Labels:(array([0.], dtype=float32), array([109]))
Training group 6, split 3
	Early stopping at epoch 43
	Y Train Labels:(array([0., 1.], dtype=float32), array([207, 121]))
	Y Val Labels:(array([0.], dtype=float32), array([109]))
Done.
	Creating sequence for 'cashaa'... Training group 7, split 1
	Y Train Labels:(array([1.], dtype=float32), array([91]))
	Y Val Labels:(array([1.], dtype=float32), array([88]))
Training group 7, split 2
	Y Train Labels:(array([1.], dtype=float32), array([179]))
	Y Val Labels:(array([1.], dtype=float32), array([88]))
Training group 7, split 3
	Y Train Labels:(array([1.], dtype=float32), array([267]))
	Y Val Labels:(array([1.], dtype=float32), array([88]))
Done.
	Creating sequence for 'catcoin'... Training group 8, split 1
	Y Train Labels:(array([1.], dtype=float32), array([207]))
	Y Val Labels:(array([1.], dtype=float32), array([204]))
Training group 8, split 2
	Y Train Labels:(array([1.], dtype=float32), array([411]))
	Y Val Labels:(array([1.], dtype=float32), array([204]))
Training group 8, split 3
	Y Train Labels:(array([1.], dtype=float32), array([615]))
	Y Val Labels:(array([1.], dtype=float32), array([204]))
Done.
	Creating sequence for 'birake'... Training group 9, split 1
	Early stopping at epoch 13
	Y Train Labels:(array([1.], dtype=float32), array([525]))
	Y Val Labels:(array([0., 1.], dtype=float32), array([252, 270]))
Training group 9, split 2
	Y Train Labels:(array([0., 1.], dtype=float32), array([252, 795]))
	Y Val Labels:(array([0.], dtype=float32), array([522]))
Training group 9, split 3
	Early stopping at epoch 39
	Y Train Labels:(array([0., 1.], dtype=float32), array([774, 795]))
	Y Val Labels:(array([0.], dtype=float32), array([522]))
Done.
	Creating sequence for 'altered-state-token'... Training group 10, split 1
	Y Train Labels:(array([0., 1.], dtype=float32), array([200,  10]))
	Y Val Labels:(array([0.], dtype=float32), array([210]))
Training group 10, split 2
	Y Train Labels:(array([0., 1.], dtype=float32), array([410,  10]))
	Y Val Labels:(array([0.], dtype=float32), array([210]))
Training group 10, split 3
	Y Train Labels:(array([0., 1.], dtype=float32), array([620,  10]))
	Y Val Labels:(array([0.], dtype=float32), array([210]))
Done.
	Creating sequence for 'bonfida'... Training group 11, split 1
	Y Train Labels:(array([1.], dtype=float32), array([292]))
	Y Val Labels:(array([1.], dtype=float32), array([290]))
Training group 11, split 2
	Y Train Labels:(array([1.], dtype=float32), array([582]))
	Y Val Labels:(array([1.], dtype=float32), array([290]))
Training group 11, split 3
	Y Train Labels:(array([1.], dtype=float32), array([872]))
	Y Val Labels:(array([1.], dtype=float32), array([290]))
Done.
	Creating sequence for 'bakerytoken'... Training group 12, split 1
	Y Train Labels:(array([1.], dtype=float32), array([290]))
	Y Val Labels:(array([1.], dtype=float32), array([287]))
Training group 12, split 2
	Y Train Labels:(array([1.], dtype=float32), array([577]))
	Y Val Labels:(array([1.], dtype=float32), array([287]))
Training group 12, split 3
	Early stopping at epoch 13
	Y Train Labels:(array([1.], dtype=float32), array([864]))
	Y Val Labels:(array([0., 1.], dtype=float32), array([135, 152]))
Done.
	Creating sequence for 'aave-link'... Skipped.
	Creating sequence for 'credefi'... Training group 13, split 1
	Y Train Labels:(array([1.], dtype=float32), array([242]))
	Y Val Labels:(array([1.], dtype=float32), array([239]))
Training group 13, split 2
	Y Train Labels:(array([1.], dtype=float32), array([481]))
	Y Val Labels:(array([1.], dtype=float32), array([239]))
Training group 13, split 3
	Y Train Labels:(array([1.], dtype=float32), array([720]))
	Y Val Labels:(array([1.], dtype=float32), array([239]))
Done.
	Creating sequence for 'bella-protocol'... Training group 14, split 1
	Early stopping at epoch 59
	Y Train Labels:(array([1.], dtype=float32), array([330]))
	Y Val Labels:(array([1.], dtype=float32), array([327]))
Training group 14, split 2
	Y Train Labels:(array([1.], dtype=float32), array([657]))
	Y Val Labels:(array([1.], dtype=float32), array([327]))
Training group 14, split 3
	Y Train Labels:(array([1.], dtype=float32), array([984]))
	Y Val Labels:(array([1.], dtype=float32), array([327]))
Done.
	Creating sequence for 'ardor'... Training group 15, split 1
	Y Train Labels:(array([1.], dtype=float32), array([574]))
	Y Val Labels:(array([1.], dtype=float32), array([571]))
Training group 15, split 2
	Y Train Labels:(array([1.], dtype=float32), array([1145]))
	Y Val Labels:(array([1.], dtype=float32), array([571]))
Training group 15, split 3
	Early stopping at epoch 13
	Y Train Labels:(array([1.], dtype=float32), array([1716]))
	Y Val Labels:(array([0., 1.], dtype=float32), array([459, 112]))
Done.
	Creating sequence for 'acknoledger'... Training group 16, split 1
	Y Train Labels:(array([0., 1.], dtype=float32), array([210,  41]))
	Y Val Labels:(array([0.], dtype=float32), array([248]))
Training group 16, split 2
	Y Train Labels:(array([0., 1.], dtype=float32), array([458,  41]))
	Y Val Labels:(array([0.], dtype=float32), array([248]))
Training group 16, split 3
	Y Train Labels:(array([0., 1.], dtype=float32), array([706,  41]))
	Y Val Labels:(array([0.], dtype=float32), array([248]))
Done.
	Creating sequence for 'cryptogpt'... Training group 17, split 1
	Y Train Labels:(array([1.], dtype=float32), array([127]))
	Y Val Labels:(array([1.], dtype=float32), array([126]))
Training group 17, split 2
	Y Train Labels:(array([1.], dtype=float32), array([253]))
	Y Val Labels:(array([1.], dtype=float32), array([126]))
Training group 17, split 3
	Early stopping at epoch 13
	Y Train Labels:(array([1.], dtype=float32), array([379]))
	Y Val Labels:(array([0., 1.], dtype=float32), array([95, 31]))
Done.
	Creating sequence for 'civic'... Training group 18, split 1
	Y Train Labels:(array([1.], dtype=float32), array([590]))
	Y Val Labels:(array([1.], dtype=float32), array([590]))
Training group 18, split 2
	Y Train Labels:(array([1.], dtype=float32), array([1180]))
	Y Val Labels:(array([1.], dtype=float32), array([590]))
Training group 18, split 3
	Y Train Labels:(array([1.], dtype=float32), array([1770]))
	Y Val Labels:(array([1.], dtype=float32), array([590]))
Done.
	Creating sequence for 'bifi'... Training group 19, split 1
	Y Train Labels:(array([0., 1.], dtype=float32), array([ 26, 302]))
	Y Val Labels:(array([0.], dtype=float32), array([325]))
Training group 19, split 2
	Early stopping at epoch 31
	Y Train Labels:(array([0., 1.], dtype=float32), array([351, 302]))
	Y Val Labels:(array([0.], dtype=float32), array([325]))
Training group 19, split 3
	Early stopping at epoch 34
	Y Train Labels:(array([0., 1.], dtype=float32), array([676, 302]))
	Y Val Labels:(array([0.], dtype=float32), array([325]))
Done.
	Creating sequence for 'axelar'... Training group 20, split 1
	Y Train Labels:(array([1.], dtype=float32), array([160]))
	Y Val Labels:(array([1.], dtype=float32), array([157]))
Training group 20, split 2
	Y Train Labels:(array([1.], dtype=float32), array([317]))
	Y Val Labels:(array([1.], dtype=float32), array([157]))
Training group 20, split 3
	Y Train Labels:(array([1.], dtype=float32), array([474]))
	Y Val Labels:(array([1.], dtype=float32), array([157]))
Done.
	Creating sequence for 'amepay'... Training group 21, split 1
	Early stopping at epoch 32
	Y Train Labels:(array([0., 1.], dtype=float32), array([207, 119]))
	Y Val Labels:(array([0.], dtype=float32), array([325]))
Training group 21, split 2
	Early stopping at epoch 39
	Y Train Labels:(array([0., 1.], dtype=float32), array([532, 119]))
	Y Val Labels:(array([0.], dtype=float32), array([325]))
Training group 21, split 3
	Early stopping at epoch 42
	Y Train Labels:(array([0., 1.], dtype=float32), array([857, 119]))
	Y Val Labels:(array([0.], dtype=float32), array([325]))
Done.
	Creating sequence for 'clube-atletico-mineiro-fan-token'... Training group 22, split 1
	Early stopping at epoch 17
	Y Train Labels:(array([1.], dtype=float32), array([86]))
	Y Val Labels:(array([0., 1.], dtype=float32), array([69, 15]))
Training group 22, split 2
	Early stopping at epoch 46
	Y Train Labels:(array([0., 1.], dtype=float32), array([ 69, 101]))
	Y Val Labels:(array([0.], dtype=float32), array([84]))
Training group 22, split 3
	Early stopping at epoch 31
	Y Train Labels:(array([0., 1.], dtype=float32), array([153, 101]))
	Y Val Labels:(array([0.], dtype=float32), array([84]))
Done.
	Creating sequence for 'cyclone-protocol'... Training group 23, split 1
	Early stopping at epoch 13
	Y Train Labels:(array([1.], dtype=float32), array([303]))
	Y Val Labels:(array([0., 1.], dtype=float32), array([268,  35]))
Training group 23, split 2
	Early stopping at epoch 41
	Y Train Labels:(array([0., 1.], dtype=float32), array([268, 338]))
	Y Val Labels:(array([0.], dtype=float32), array([303]))
Training group 23, split 3
	Early stopping at epoch 44
	Y Train Labels:(array([0., 1.], dtype=float32), array([571, 338]))
	Y Val Labels:(array([0.], dtype=float32), array([303]))
Done.
	Creating sequence for 'apenft'... Training group 24, split 1
	Early stopping at epoch 13
	Y Train Labels:(array([1.], dtype=float32), array([237]))
	Y Val Labels:(array([0., 1.], dtype=float32), array([232,   5]))
Training group 24, split 2
	Early stopping at epoch 48
	Y Train Labels:(array([0., 1.], dtype=float32), array([232, 242]))
	Y Val Labels:(array([0.], dtype=float32), array([237]))
Training group 24, split 3
	Early stopping at epoch 38
	Y Train Labels:(array([0., 1.], dtype=float32), array([469, 242]))
	Y Val Labels:(array([0.], dtype=float32), array([237]))
Done.
	Creating sequence for 'celo'... Training group 25, split 1
	Y Train Labels:(array([1.], dtype=float32), array([237]))
	Y Val Labels:(array([1.], dtype=float32), array([237]))
Training group 25, split 2
	Y Train Labels:(array([1.], dtype=float32), array([474]))
	Y Val Labels:(array([1.], dtype=float32), array([237]))
Training group 25, split 3
	Y Train Labels:(array([1.], dtype=float32), array([711]))
	Y Val Labels:(array([1.], dtype=float32), array([237]))
Done.
	Creating sequence for 'coinweb'... Training group 26, split 1
	Y Train Labels:(array([1.], dtype=float32), array([105]))
	Y Val Labels:(array([1.], dtype=float32), array([102]))
Training group 26, split 2
	Y Train Labels:(array([1.], dtype=float32), array([207]))
	Y Val Labels:(array([1.], dtype=float32), array([102]))
Training group 26, split 3
	Y Train Labels:(array([1.], dtype=float32), array([309]))
	Y Val Labels:(array([1.], dtype=float32), array([102]))
Done.
	Creating sequence for 'concordium'... Training group 27, split 1
	Y Train Labels:(array([1.], dtype=float32), array([139]))
	Y Val Labels:(array([1.], dtype=float32), array([137]))
Training group 27, split 2
	Y Train Labels:(array([1.], dtype=float32), array([276]))
	Y Val Labels:(array([1.], dtype=float32), array([137]))
Training group 27, split 3
	Y Train Labels:(array([1.], dtype=float32), array([413]))
	Y Val Labels:(array([1.], dtype=float32), array([137]))
Done.
	Creating sequence for 'chex-token'... Training group 28, split 1
	Y Train Labels:(array([1.], dtype=float32), array([315]))
	Y Val Labels:(array([1.], dtype=float32), array([312]))
Training group 28, split 2
	Y Train Labels:(array([1.], dtype=float32), array([627]))
	Y Val Labels:(array([1.], dtype=float32), array([312]))
Training group 28, split 3
	Y Train Labels:(array([1.], dtype=float32), array([939]))
	Y Val Labels:(array([1.], dtype=float32), array([312]))
Done.
	Creating sequence for 'coinex-token'... Training group 29, split 1
	Y Train Labels:(array([1.], dtype=float32), array([528]))
	Y Val Labels:(array([1.], dtype=float32), array([525]))
Training group 29, split 2
	Y Train Labels:(array([1.], dtype=float32), array([1053]))
	Y Val Labels:(array([1.], dtype=float32), array([525]))
Training group 29, split 3
	Y Train Labels:(array([1.], dtype=float32), array([1578]))
	Y Val Labels:(array([1.], dtype=float32), array([525]))
Done.
	Creating sequence for 'appcoins'... Training group 30, split 1
	Y Train Labels:(array([1.], dtype=float32), array([576]))
	Y Val Labels:(array([1.], dtype=float32), array([576]))
Training group 30, split 2
	Early stopping at epoch 13
	Y Train Labels:(array([1.], dtype=float32), array([1152]))
	Y Val Labels:(array([0., 1.], dtype=float32), array([347, 229]))
Training group 30, split 3
	Early stopping at epoch 29
	Y Train Labels:(array([0., 1.], dtype=float32), array([ 347, 1381]))
	Y Val Labels:(array([0.], dtype=float32), array([576]))
Done.
	Creating sequence for 'boba-network'... Training group 31, split 1
	Early stopping at epoch 13
	Y Train Labels:(array([1.], dtype=float32), array([237]))
	Y Val Labels:(array([0., 1.], dtype=float32), array([ 71, 165]))
Training group 31, split 2
	Early stopping at epoch 27
	Y Train Labels:(array([0., 1.], dtype=float32), array([ 71, 402]))
	Y Val Labels:(array([0.], dtype=float32), array([236]))
Training group 31, split 3
	Early stopping at epoch 25
	Y Train Labels:(array([0., 1.], dtype=float32), array([307, 402]))
	Y Val Labels:(array([0.], dtype=float32), array([236]))
Done.
	Creating sequence for 'arcona'... Training group 32, split 1
	Early stopping at epoch 13
	Y Train Labels:(array([1.], dtype=float32), array([365]))
	Y Val Labels:(array([0., 1.], dtype=float32), array([196, 166]))
Training group 32, split 2
	Early stopping at epoch 40
	Y Train Labels:(array([0., 1.], dtype=float32), array([196, 531]))
	Y Val Labels:(array([0.], dtype=float32), array([362]))
Training group 32, split 3
	Early stopping at epoch 29
	Y Train Labels:(array([0., 1.], dtype=float32), array([558, 531]))
	Y Val Labels:(array([0.], dtype=float32), array([362]))
Done.
	Creating sequence for 'azuro-protocol'... Training group 33, split 1
	Y Train Labels:(array([0.], dtype=float32), array([10]))
	Y Val Labels:(array([0.], dtype=float32), array([9]))
Training group 33, split 2
	Y Train Labels:(array([0.], dtype=float32), array([19]))
	Y Val Labels:(array([0.], dtype=float32), array([9]))
Training group 33, split 3
	Y Train Labels:(array([0.], dtype=float32), array([28]))
	Y Val Labels:(array([0.], dtype=float32), array([9]))
Done.
	Creating sequence for 'aave-tusd'... Skipped.
	Creating sequence for 'babb'... Training group 34, split 1
	Y Train Labels:(array([1.], dtype=float32), array([572]))
	Y Val Labels:(array([1.], dtype=float32), array([572]))
Training group 34, split 2
	Y Train Labels:(array([1.], dtype=float32), array([1144]))
	Y Val Labels:(array([1.], dtype=float32), array([572]))
Training group 34, split 3
	Early stopping at epoch 13
	Y Train Labels:(array([1.], dtype=float32), array([1716]))
	Y Val Labels:(array([0., 1.], dtype=float32), array([498,  74]))
Done.
	Creating sequence for 'cult-dao'... Training group 35, split 1
	Y Train Labels:(array([1.], dtype=float32), array([185]))
	Y Val Labels:(array([1.], dtype=float32), array([183]))
Training group 35, split 2
	Y Train Labels:(array([1.], dtype=float32), array([368]))
	Y Val Labels:(array([1.], dtype=float32), array([183]))
Training group 35, split 3
	Early stopping at epoch 13
	Y Train Labels:(array([1.], dtype=float32), array([551]))
	Y Val Labels:(array([0., 1.], dtype=float32), array([ 29, 154]))
Done.
	Creating sequence for 'avail'... Skipped.
	Creating sequence for 'amond'... Training group 36, split 1
	Early stopping at epoch 22
	Y Train Labels:(array([1.], dtype=float32), array([438]))
	Y Val Labels:(array([0., 1.], dtype=float32), array([189, 248]))
Training group 36, split 2
	Y Train Labels:(array([0., 1.], dtype=float32), array([189, 686]))
	Y Val Labels:(array([0.], dtype=float32), array([437]))
Training group 36, split 3
	Early stopping at epoch 46
	Y Train Labels:(array([0., 1.], dtype=float32), array([626, 686]))
	Y Val Labels:(array([0.], dtype=float32), array([437]))
Done.
	Creating sequence for 'akash-network'... Training group 37, split 1
	Y Train Labels:(array([1.], dtype=float32), array([315]))
	Y Val Labels:(array([1.], dtype=float32), array([314]))
Training group 37, split 2
	Y Train Labels:(array([1.], dtype=float32), array([629]))
	Y Val Labels:(array([1.], dtype=float32), array([314]))
Training group 37, split 3
	Early stopping at epoch 13
	Y Train Labels:(array([1.], dtype=float32), array([943]))
	Y Val Labels:(array([0., 1.], dtype=float32), array([110, 204]))
Done.
	Creating sequence for 'bitcicoin'... Training group 38, split 1
	Y Train Labels:(array([1.], dtype=float32), array([295]))
	Y Val Labels:(array([1.], dtype=float32), array([294]))
Training group 38, split 2
	Early stopping at epoch 13
	Y Train Labels:(array([1.], dtype=float32), array([589]))
	Y Val Labels:(array([0., 1.], dtype=float32), array([190, 104]))
Training group 38, split 3
	Y Train Labels:(array([0., 1.], dtype=float32), array([190, 693]))
	Y Val Labels:(array([0.], dtype=float32), array([294]))
Done.
	Creating sequence for 'aave-knc'... Skipped.
	Creating sequence for '0x'... Training group 39, split 1
	Early stopping at epoch 13
	Y Train Labels:(array([1.], dtype=float32), array([589]))
	Y Val Labels:(array([1.], dtype=float32), array([586]))
Training group 39, split 2
