


--------------------------------------------------
Starting lstm.py at '2024-10-26 23:40:44.082774'.
Reading '../classifiedDAOs.json'... Done.
Total training Data: 1578
DAOs trained so far:636
Size of training set: 468
Size of test set: 474
Preparing data for training...
Preparing data for testing...
Parameters:
	Num epochs: 60
	Initial learning rate: 0.001
	Patience: 12
	Window size: 60
	Timeseries splits: 3
	Minimum number of timeseries datapoints: 64
Gradient boosting params: 
	{"max_depth": 3, "learning_rate": 0.05, "n_estimators": 100, "objective": "binary:logistic", "eval_metric": "logloss"}
	Creating sequence for 'moviebloc'... Training group 0, split 1
	Early stopping at epoch 13
	Y Train Labels:(array([1.], dtype=float32), array([457]))
	Y Val Labels:(array([1.], dtype=float32), array([455]))
Training group 0, split 2
	Early stopping at epoch 13
	Y Train Labels:(array([1.], dtype=float32), array([912]))
	Y Val Labels:(array([1.], dtype=float32), array([455]))
Training group 0, split 3
	Early stopping at epoch 13
	Y Train Labels:(array([1.], dtype=float32), array([1367]))
	Y Val Labels:(array([1.], dtype=float32), array([455]))
Done.
	Creating sequence for 'singularitynet'... Training group 1, split 1
	Early stopping at epoch 13
	Y Train Labels:(array([1.], dtype=float32), array([484]))
	Y Val Labels:(array([1.], dtype=float32), array([483]))
Training group 1, split 2
	Early stopping at epoch 13
	Y Train Labels:(array([1.], dtype=float32), array([967]))
	Y Val Labels:(array([1.], dtype=float32), array([483]))
Training group 1, split 3
	Early stopping at epoch 13
	Y Train Labels:(array([1.], dtype=float32), array([1450]))
	Y Val Labels:(array([1.], dtype=float32), array([483]))
Done.
	Creating sequence for 'aurory'... Training group 2, split 1
	Early stopping at epoch 13
	Y Train Labels:(array([1.], dtype=float32), array([232]))
	Y Val Labels:(array([1.], dtype=float32), array([230]))
Training group 2, split 2
	Early stopping at epoch 13
	Y Train Labels:(array([1.], dtype=float32), array([462]))
	Y Val Labels:(array([0., 1.], dtype=float32), array([215,  15]))
Training group 2, split 3
	Early stopping at epoch 13
	Y Train Labels:(array([0., 1.], dtype=float32), array([215, 477]))
	Y Val Labels:(array([0.], dtype=float32), array([230]))
Done.
	Creating sequence for 'superrare'... Training group 3, split 1
	Early stopping at epoch 13
	Y Train Labels:(array([0., 1.], dtype=float32), array([ 77, 186]))
	Y Val Labels:(array([0.], dtype=float32), array([263]))
Training group 3, split 2
	Early stopping at epoch 13
	Y Train Labels:(array([0., 1.], dtype=float32), array([340, 186]))
	Y Val Labels:(array([0.], dtype=float32), array([263]))
Training group 3, split 3
	Early stopping at epoch 13
	Y Train Labels:(array([0., 1.], dtype=float32), array([603, 186]))
	Y Val Labels:(array([0.], dtype=float32), array([263]))
Done.
	Creating sequence for 'findora'... Training group 4, split 1
	Early stopping at epoch 13
	Y Train Labels:(array([1.], dtype=float32), array([125]))
	Y Val Labels:(array([1.], dtype=float32), array([124]))
Training group 4, split 2
	Early stopping at epoch 13
	Y Train Labels:(array([1.], dtype=float32), array([249]))
	Y Val Labels:(array([1.], dtype=float32), array([124]))
Training group 4, split 3
