


--------------------------------------------------
Starting lstm.py at '2024-10-23 18:56:21.821338'.
Reading '../classifiedDAOs.json'... Done.
Total training Data: 1578
DAOs trained so far:304
Size of training set: 800
Size of test set: 474
Preparing data for training...
Preparing data for testing...
Parameters:
	Num epochs: 60
	Initial learning rate: 0.001
	Patience: 12
	Window size: 60
	Timeseries splits: 3
	Minimum number of timeseries datapoints: 64
Gradient boosting params: 
	{"max_depth": 3, "learning_rate": 0.05, "n_estimators": 100, "objective": "binary:logistic", "eval_metric": "logloss"}
	Creating sequence for 'orbs'... Training group 0, split 1
	Y Train Labels:(array([1.], dtype=float32), array([475]))
	Y Val Labels:(array([1.], dtype=float32), array([473]))
Training group 0, split 2
	Y Train Labels:(array([1.], dtype=float32), array([948]))
	Y Val Labels:(array([1.], dtype=float32), array([473]))
Training group 0, split 3
	Y Train Labels:(array([1.], dtype=float32), array([1421]))
	Y Val Labels:(array([1.], dtype=float32), array([473]))
Done.
	Creating sequence for 'breederdao'... Training group 1, split 1
	Early stopping at epoch 13
	Y Train Labels:(array([1.], dtype=float32), array([206]))
	Y Val Labels:(array([0., 1.], dtype=float32), array([172,  33]))
Training group 1, split 2
	Early stopping at epoch 18
	Y Train Labels:(array([0., 1.], dtype=float32), array([172, 239]))
	Y Val Labels:(array([0.], dtype=float32), array([205]))
Training group 1, split 3
	Early stopping at epoch 27
	Y Train Labels:(array([0., 1.], dtype=float32), array([377, 239]))
	Y Val Labels:(array([0.], dtype=float32), array([205]))
Done.
	Creating sequence for 'ark'... Training group 2, split 1
	Y Train Labels:(array([1.], dtype=float32), array([594]))
	Y Val Labels:(array([1.], dtype=float32), array([592]))
Training group 2, split 2
	Early stopping at epoch 13
	Y Train Labels:(array([1.], dtype=float32), array([1186]))
	Y Val Labels:(array([0., 1.], dtype=float32), array([126, 466]))
Training group 2, split 3
	Early stopping at epoch 49
	Y Train Labels:(array([0., 1.], dtype=float32), array([ 126, 1652]))
	Y Val Labels:(array([0.], dtype=float32), array([592]))
Done.
	Creating sequence for 'aion'... Training group 3, split 1
	Early stopping at epoch 13
	Y Train Labels:(array([1.], dtype=float32), array([565]))
	Y Val Labels:(array([0., 1.], dtype=float32), array([427, 136]))
Training group 3, split 2
	Early stopping at epoch 32
	Y Train Labels:(array([0., 1.], dtype=float32), array([427, 701]))
	Y Val Labels:(array([0.], dtype=float32), array([563]))
Training group 3, split 3
	Y Train Labels:(array([0., 1.], dtype=float32), array([990, 701]))
	Y Val Labels:(array([0.], dtype=float32), array([563]))
Done.
	Creating sequence for 'expanse'... Training group 4, split 1
	Y Train Labels:(array([1.], dtype=float32), array([586]))
	Y Val Labels:(array([1.], dtype=float32), array([586]))
Training group 4, split 2
	Y Train Labels:(array([1.], dtype=float32), array([1172]))
	Y Val Labels:(array([1.], dtype=float32), array([586]))
Training group 4, split 3
	Early stopping at epoch 13
	Y Train Labels:(array([1.], dtype=float32), array([1758]))
	Y Val Labels:(array([0., 1.], dtype=float32), array([182, 404]))
Done.
	Creating sequence for 'ozone-chain'... Training group 5, split 1
	Y Train Labels:(array([1.], dtype=float32), array([78]))
	Y Val Labels:(array([1.], dtype=float32), array([76]))
Training group 5, split 2
	Y Train Labels:(array([1.], dtype=float32), array([154]))
	Y Val Labels:(array([1.], dtype=float32), array([76]))
Training group 5, split 3
	Y Train Labels:(array([1.], dtype=float32), array([230]))
	Y Val Labels:(array([1.], dtype=float32), array([76]))
Done.
	Creating sequence for 'ampleforth'... Training group 6, split 1
	Y Train Labels:(array([1.], dtype=float32), array([452]))
	Y Val Labels:(array([1.], dtype=float32), array([450]))
Training group 6, split 2
	Y Train Labels:(array([1.], dtype=float32), array([902]))
	Y Val Labels:(array([1.], dtype=float32), array([450]))
Training group 6, split 3
