


--------------------------------------------------
Starting lstm.py at '2024-10-26 23:23:59.728408'.
Reading '../classifiedDAOs.json'... Done.
Total training Data: 1578
DAOs trained so far:512
Size of training set: 592
Size of test set: 474
Preparing data for training...
Preparing data for testing...
Parameters:
	Num epochs: 60
	Initial learning rate: 0.001
	Patience: 12
	Window size: 60
	Timeseries splits: 3
	Minimum number of timeseries datapoints: 64
Gradient boosting params: 
	{"max_depth": 3, "learning_rate": 0.05, "n_estimators": 100, "objective": "binary:logistic", "eval_metric": "logloss"}
	Creating sequence for 'cryptozoon'... Training group 0, split 1
	Early stopping at epoch 13
	Y Train Labels:(array([0., 1.], dtype=float32), array([ 84, 188]))
	Y Val Labels:(array([0.], dtype=float32), array([270]))
Training group 0, split 2
	Early stopping at epoch 13
	Y Train Labels:(array([0., 1.], dtype=float32), array([354, 188]))
	Y Val Labels:(array([0.], dtype=float32), array([270]))
Training group 0, split 3
	Early stopping at epoch 13
	Y Train Labels:(array([0., 1.], dtype=float32), array([624, 188]))
	Y Val Labels:(array([0.], dtype=float32), array([270]))
Done.
	Creating sequence for 'fellaz'... Training group 1, split 1
	Early stopping at epoch 13
	Y Train Labels:(array([1.], dtype=float32), array([192]))
	Y Val Labels:(array([1.], dtype=float32), array([189]))
Training group 1, split 2
	Early stopping at epoch 13
	Y Train Labels:(array([1.], dtype=float32), array([381]))
	Y Val Labels:(array([1.], dtype=float32), array([189]))
Training group 1, split 3
	Early stopping at epoch 13
	Y Train Labels:(array([1.], dtype=float32), array([570]))
	Y Val Labels:(array([1.], dtype=float32), array([189]))
Done.
	Creating sequence for 'dimitra'... Training group 2, split 1
	Early stopping at epoch 13
	Y Train Labels:(array([1.], dtype=float32), array([261]))
	Y Val Labels:(array([0., 1.], dtype=float32), array([232,  27]))
Training group 2, split 2
	Early stopping at epoch 13
	Y Train Labels:(array([0., 1.], dtype=float32), array([232, 288]))
	Y Val Labels:(array([0.], dtype=float32), array([259]))
Training group 2, split 3
	Early stopping at epoch 13
	Y Train Labels:(array([0., 1.], dtype=float32), array([491, 288]))
	Y Val Labels:(array([0.], dtype=float32), array([259]))
Done.
	Creating sequence for 'credits'... Training group 3, split 1
	Early stopping at epoch 13
	Y Train Labels:(array([1.], dtype=float32), array([567]))
	Y Val Labels:(array([1.], dtype=float32), array([567]))
Training group 3, split 2
	Early stopping at epoch 13
	Y Train Labels:(array([1.], dtype=float32), array([1134]))
	Y Val Labels:(array([1.], dtype=float32), array([567]))
Training group 3, split 3
