


--------------------------------------------------
Starting lstm.py at '2024-10-27 01:35:22.919791'.
Reading '../classifiedDAOs.json'... Done.
Total training Data: 1578
DAOs trained so far:1017
Size of training set: 87
Size of test set: 474
Preparing data for training...
Preparing data for testing...
Parameters:
	Num epochs: 60
	Initial learning rate: 0.001
	Patience: 12
	Window size: 60
	Timeseries splits: 3
	Minimum number of timeseries datapoints: 64
Gradient boosting params: 
	{"max_depth": 3, "learning_rate": 0.05, "n_estimators": 100, "objective": "binary:logistic", "eval_metric": "logloss"}
	Creating sequence for 'lockchain'... Training group 0, split 1
	Early stopping at epoch 13
	Y Train Labels:(array([1.], dtype=float32), array([227]))
	Y Val Labels:(array([1.], dtype=float32), array([226]))
Training group 0, split 2
	Early stopping at epoch 27
	Y Train Labels:(array([1.], dtype=float32), array([453]))
	Y Val Labels:(array([1.], dtype=float32), array([226]))
Training group 0, split 3
	Y Train Labels:(array([1.], dtype=float32), array([679]))
	Y Val Labels:(array([1.], dtype=float32), array([226]))
Done.
	Creating sequence for 'coreum'... Training group 1, split 1
	Y Train Labels:(array([1.], dtype=float32), array([220]))
	Y Val Labels:(array([1.], dtype=float32), array([217]))
Training group 1, split 2
	Early stopping at epoch 13
	Y Train Labels:(array([1.], dtype=float32), array([437]))
	Y Val Labels:(array([0., 1.], dtype=float32), array([ 21, 196]))
Training group 1, split 3
	Y Train Labels:(array([0., 1.], dtype=float32), array([ 21, 633]))
	Y Val Labels:(array([0.], dtype=float32), array([217]))
Done.
	Creating sequence for 'bird-money'... Training group 2, split 1
	Early stopping at epoch 24
	Y Train Labels:(array([1.], dtype=float32), array([334]))
	Y Val Labels:(array([0., 1.], dtype=float32), array([237,  97]))
Training group 2, split 2
	Early stopping at epoch 31
	Y Train Labels:(array([0., 1.], dtype=float32), array([237, 431]))
	Y Val Labels:(array([0.], dtype=float32), array([334]))
Training group 2, split 3
	Early stopping at epoch 32
	Y Train Labels:(array([0., 1.], dtype=float32), array([571, 431]))
	Y Val Labels:(array([0.], dtype=float32), array([334]))
Done.
	Creating sequence for 'deapcoin'... Training group 3, split 1
	Y Train Labels:(array([1.], dtype=float32), array([368]))
	Y Val Labels:(array([1.], dtype=float32), array([366]))
Training group 3, split 2
	Y Train Labels:(array([1.], dtype=float32), array([734]))
	Y Val Labels:(array([1.], dtype=float32), array([366]))
Training group 3, split 3
	Early stopping at epoch 13
	Y Train Labels:(array([1.], dtype=float32), array([1100]))
	Y Val Labels:(array([0., 1.], dtype=float32), array([140, 226]))
Done.
	Creating sequence for 'rubic'... Training group 4, split 1
	Y Train Labels:(array([1.], dtype=float32), array([244]))
	Y Val Labels:(array([1.], dtype=float32), array([243]))
Training group 4, split 2
	Y Train Labels:(array([1.], dtype=float32), array([487]))
	Y Val Labels:(array([1.], dtype=float32), array([243]))
Training group 4, split 3
	Y Train Labels:(array([1.], dtype=float32), array([730]))
	Y Val Labels:(array([1.], dtype=float32), array([243]))
Done.
	Creating sequence for 'rainicorn'... Training group 5, split 1
	Y Train Labels:(array([1.], dtype=float32), array([273]))
	Y Val Labels:(array([1.], dtype=float32), array([271]))
Training group 5, split 2
	Y Train Labels:(array([1.], dtype=float32), array([544]))
	Y Val Labels:(array([1.], dtype=float32), array([271]))
Training group 5, split 3
