


--------------------------------------------------
Starting lstm.py at '2024-10-23 20:28:05.974960'.
Reading '../classifiedDAOs.json'... Done.
Total training Data: 1578
DAOs trained so far:807
Size of training set: 297
Size of test set: 474
Preparing data for training...
Preparing data for testing...
Parameters:
	Num epochs: 60
	Initial learning rate: 0.001
	Patience: 12
	Window size: 60
	Timeseries splits: 3
	Minimum number of timeseries datapoints: 64
Gradient boosting params: 
	{"max_depth": 3, "learning_rate": 0.05, "n_estimators": 100, "objective": "binary:logistic", "eval_metric": "logloss"}
	Creating sequence for 'base-protocol'... Training group 0, split 1
	Early stopping at epoch 54
	Y Train Labels:(array([1.], dtype=float32), array([298]))
	Y Val Labels:(array([1.], dtype=float32), array([298]))
Training group 0, split 2
	Early stopping at epoch 17
	Y Train Labels:(array([1.], dtype=float32), array([596]))
	Y Val Labels:(array([1.], dtype=float32), array([298]))
Training group 0, split 3
	Early stopping at epoch 13
	Y Train Labels:(array([1.], dtype=float32), array([894]))
	Y Val Labels:(array([0., 1.], dtype=float32), array([  6, 292]))
Done.
	Creating sequence for 'carvertical'... Training group 1, split 1
	Y Train Labels:(array([1.], dtype=float32), array([417]))
	Y Val Labels:(array([1.], dtype=float32), array([414]))
Training group 1, split 2
	Early stopping at epoch 23
	Y Train Labels:(array([1.], dtype=float32), array([831]))
	Y Val Labels:(array([1.], dtype=float32), array([414]))
Training group 1, split 3
	Early stopping at epoch 20
	Y Train Labels:(array([1.], dtype=float32), array([1245]))
	Y Val Labels:(array([1.], dtype=float32), array([414]))
Done.
	Creating sequence for 'odin-protocol'... Training group 2, split 1
	Y Train Labels:(array([1.], dtype=float32), array([173]))
	Y Val Labels:(array([1.], dtype=float32), array([170]))
Training group 2, split 2
	Early stopping at epoch 13
	Y Train Labels:(array([1.], dtype=float32), array([343]))
	Y Val Labels:(array([0., 1.], dtype=float32), array([ 28, 142]))
Training group 2, split 3
	Early stopping at epoch 42
	Y Train Labels:(array([0., 1.], dtype=float32), array([ 28, 485]))
	Y Val Labels:(array([0.], dtype=float32), array([170]))
Done.
	Creating sequence for 'pufeth'... Training group 3, split 1
	Y Train Labels:(array([1.], dtype=float32), array([42]))
	Y Val Labels:(array([1.], dtype=float32), array([42]))
Training group 3, split 2
	Y Train Labels:(array([1.], dtype=float32), array([84]))
	Y Val Labels:(array([1.], dtype=float32), array([42]))
Training group 3, split 3
	Y Train Labels:(array([1.], dtype=float32), array([126]))
	Y Val Labels:(array([1.], dtype=float32), array([42]))
Done.
	Creating sequence for 'iotex'... Training group 4, split 1
	Y Train Labels:(array([1.], dtype=float32), array([544]))
	Y Val Labels:(array([1.], dtype=float32), array([544]))
Training group 4, split 2
	Y Train Labels:(array([1.], dtype=float32), array([1088]))
	Y Val Labels:(array([1.], dtype=float32), array([544]))
Training group 4, split 3
	Y Train Labels:(array([1.], dtype=float32), array([1632]))
	Y Val Labels:(array([1.], dtype=float32), array([544]))
Done.
	Creating sequence for 'umbrella-network'... Training group 5, split 1
	Early stopping at epoch 13
	Y Train Labels:(array([1.], dtype=float32), array([309]))
	Y Val Labels:(array([0., 1.], dtype=float32), array([261,  45]))
Training group 5, split 2
	Early stopping at epoch 33
	Y Train Labels:(array([0., 1.], dtype=float32), array([261, 354]))
	Y Val Labels:(array([0.], dtype=float32), array([306]))
Training group 5, split 3
	Early stopping at epoch 27
	Y Train Labels:(array([0., 1.], dtype=float32), array([567, 354]))
	Y Val Labels:(array([0.], dtype=float32), array([306]))
Done.
	Creating sequence for 'groestlcoin'... Training group 6, split 1
	Y Train Labels:(array([1.], dtype=float32), array([568]))
	Y Val Labels:(array([1.], dtype=float32), array([568]))
Training group 6, split 2
