


--------------------------------------------------
Starting lstm.py at '2024-10-11 14:45:06.116339'.
Reading './isDaoActiveData(4).json'... Done.
Total training Data: 379
Size of training set: 265
Size of test set: 114
Preparing data for training...
Preparing data for testing...
Actual training set: 0 entries
Actual testing set:  0 entries
Actual training/total ratio: 0.0
Parameters:
	Num epochs: 60
	Initial learning rate: 0.001
	Patience: 12
	Window size: 60
	Timeseries splits: 3
	Minimum number of timeseries datapoints: 64
Gradient boosting params: 
	{"max_depth": 3, "learning_rate": 0.05, "n_estimators": 100, "objective": "binary:logistic", "eval_metric": "logloss", "use_label_encoder": false}
	Creating sequence for 'chiliz'... Training group 0, split 1
	Early stopping at epoch 12
	Y Train Labels:(array([1.], dtype=float32), array([464]))
	Y Val Labels:(array([1.], dtype=float32), array([463]))
Training group 0, split 2
	Early stopping at epoch 12
	Y Train Labels:(array([1.], dtype=float32), array([927]))
	Y Val Labels:(array([1.], dtype=float32), array([463]))
Training group 0, split 3
