


--------------------------------------------------
Starting lstm.py at '2024-10-25 18:02:05.868690'.
Reading './balancedDataset.json'... Done.
Total training Data: 1030
DAOs trained so far:697
Size of training set: 24
Size of test set: 309
Preparing data for training...
Preparing data for testing...
Parameters:
	Num epochs: 60
	Initial learning rate: 0.001
	Patience: 12
	Window size: 60
	Timeseries splits: 3
	Minimum number of timeseries datapoints: 64
Gradient boosting params: 
	{"max_depth": 3, "learning_rate": 0.05, "n_estimators": 100, "objective": "binary:logistic", "eval_metric": "logloss"}
	Creating sequence for 'bitball-treasure'... Training group 0, split 1
	Early stopping at epoch 13
	Y Train Labels:(array([1.], dtype=float32), array([433]))
	Y Val Labels:(array([0., 1.], dtype=float32), array([ 86, 345]))
Training group 0, split 2
	Early stopping at epoch 13
	Y Train Labels:(array([0., 1.], dtype=float32), array([ 86, 778]))
	Y Val Labels:(array([0.], dtype=float32), array([431]))
Training group 0, split 3
	Early stopping at epoch 13
	Y Train Labels:(array([0., 1.], dtype=float32), array([517, 778]))
	Y Val Labels:(array([0.], dtype=float32), array([431]))
Done.
	Creating sequence for 'wbnb'... Training group 1, split 1
	Early stopping at epoch 13
	Y Train Labels:(array([1.], dtype=float32), array([263]))
	Y Val Labels:(array([1.], dtype=float32), array([263]))
Training group 1, split 2
	Early stopping at epoch 13
	Y Train Labels:(array([1.], dtype=float32), array([526]))
	Y Val Labels:(array([1.], dtype=float32), array([263]))
Training group 1, split 3
	Early stopping at epoch 13
	Y Train Labels:(array([1.], dtype=float32), array([789]))
	Y Val Labels:(array([1.], dtype=float32), array([263]))
Done.
	Creating sequence for 'elastos'... Training group 2, split 1
	Early stopping at epoch 13
	Y Train Labels:(array([1.], dtype=float32), array([581]))
	Y Val Labels:(array([1.], dtype=float32), array([580]))
Training group 2, split 2
	Early stopping at epoch 13
	Y Train Labels:(array([1.], dtype=float32), array([1161]))
	Y Val Labels:(array([1.], dtype=float32), array([580]))
Training group 2, split 3
