


--------------------------------------------------
Starting lstm.py at '2024-09-27 19:05:54.720337'.
Reading '../classifiedDAOs_preview(2).json'... Done.
Total training Data: 329
Size of training set: 230
Size of test set: 99
Preparing data for training...
	Creating sequence for 'argent'... Skipped.
	Creating sequence for 'bytom'... Done.
	Creating sequence for 'byte'... Done.
	Creating sequence for 'blockchain-monster-hunt'... Done.
	Creating sequence for 'aipad'... Done.
	Creating sequence for 'connex'... Done.
	Creating sequence for 'agatech'... Done.
	Creating sequence for 'bitcoin-diamond'... Done.
	Creating sequence for 'affyn'... Done.
	Creating sequence for 'brz'... Done.
	Creating sequence for 'coinex-token'... Done.
	Creating sequence for 'ampleforth-governance-token'... Done.
	Creating sequence for 'coinweb'... Done.
	Creating sequence for 'aptos'... Done.
	Creating sequence for 'arcs'... Done.
	Creating sequence for 'bitcoin-cash'... Done.
	Creating sequence for 'bepro-network'... Done.
	Creating sequence for 'aave-busd'... Skipped.
	Creating sequence for 'achain'... Done.
	Creating sequence for 'belt'... Done.
	Creating sequence for 'bamboo-defi'... Done.
	Creating sequence for 'alphabet-erc404'... Done.
	Creating sequence for 'compound-uniswap'... Done.
	Creating sequence for 'algorand'... Done.
	Creating sequence for 'ben-the-dog'... Done.
	Creating sequence for 'calcium'... Done.
	Creating sequence for 'apy-finance'... Done.
	Creating sequence for 'across-protocol'... Done.
	Creating sequence for 'bitcoin'... Done.
	Creating sequence for 'aave-usdc'... Skipped.
	Creating sequence for 'astar'... Done.
	Creating sequence for 'apm-coin'... Done.
	Creating sequence for 'cellframe'... Done.
	Creating sequence for 'cajutel'... Done.
	Creating sequence for 'anyswap'... Done.
	Creating sequence for 'biswap'... Done.
	Creating sequence for 'aurusx'... Done.
	Creating sequence for 'carry'... Done.
	Creating sequence for 'aave-usdt'... Skipped.
	Creating sequence for 'bobo-coin'... Done.
	Creating sequence for 'apeswap-finance'... Done.
	Creating sequence for 'balpha'... Done.
	Creating sequence for 'alvey-chain'... Done.
	Creating sequence for 'blocery'... Done.
	Creating sequence for 'bitball-treasure'... Done.
	Creating sequence for 'aston-villa-fan-token'... Done.
	Creating sequence for 'aeron'... Done.
	Creating sequence for 'astroswap'... Done.
	Creating sequence for '0x0-ai-ai-smart-contract'... Done.
	Creating sequence for 'artrade'... Done.
	Creating sequence for 'assemble-protocol'... Done.
	Creating sequence for 'axelar'... Done.
	Creating sequence for 'blockasset'... Done.
	Creating sequence for 'brainlet'... Skipped.
	Creating sequence for 'bitshares'... Done.
	Creating sequence for 'as-roma-fan-token'... Done.
	Creating sequence for 'bakerytoken'... Done.
	Creating sequence for 'brn-metaverse'... Done.
	Creating sequence for 'alchemist'... Done.
	Creating sequence for 'acorn-protocol'... Done.
	Creating sequence for 'ark'... Done.
	Creating sequence for 'ageofgods'... Done.
	Creating sequence for 'adreward'... Done.
	Creating sequence for 'arweave'... Done.
	Creating sequence for 'biconomy'... Done.
	Creating sequence for 'cardano'... Done.
	Creating sequence for 'airight'... Done.
	Creating sequence for 'celo'... Done.
	Creating sequence for 'autonio'... Done.
	Creating sequence for 'chex-token'... Done.
	Creating sequence for 'catcoin'... Done.
	Creating sequence for 'aeon'... Done.
	Creating sequence for 'alchemix'... Done.
	Creating sequence for 'calamari-network'... Done.
	Creating sequence for 'botto'... Done.
	Creating sequence for 'ait-protocol'... Done.
	Creating sequence for 'bitcoin-gold'... Done.
	Creating sequence for 'aviator'... Done.
	Creating sequence for 'bread'... Done.
	Creating sequence for 'adamant-messenger'... Done.
	Creating sequence for 'antimatter'... Done.
	Creating sequence for 'bitrock'... Done.
	Creating sequence for 'airtor-protocol'... Done.
	Creating sequence for 'acquire-fi'... Done.
	Creating sequence for 'billy'... Done.
	Creating sequence for 'bitkub-coin'... Done.
	Creating sequence for 'compound-ether'... Done.
	Creating sequence for 'billionhappiness'... Done.
	Creating sequence for 'bluzelle'... Done.
	Creating sequence for 'arkham'... Done.
	Creating sequence for 'basic-attention-token'... Done.
	Creating sequence for 'banana-gun'... Done.
	Creating sequence for 'banano'... Done.
	Creating sequence for 'aion'... Done.
	Creating sequence for 'cindicator'... Done.
	Creating sequence for 'aston-martin-cognizant-fan-token'... Done.
	Creating sequence for 'cetus-protocol'... Done.
	Creating sequence for 'alpine-f1-team-fan-token'... Done.
	Creating sequence for 'ampleforth'... Done.
	Creating sequence for 'azuki'... Done.
	Creating sequence for 'celo-euro'... Done.
	Creating sequence for 'aerodrome-finance'... Done.
	Creating sequence for 'airswap'... Done.
	Creating sequence for 'bittorrent'... Done.
	Creating sequence for 'beoble'... Done.
	Creating sequence for 'ambo'... Skipped.
	Creating sequence for 'access-protocol'... Done.
	Creating sequence for 'bad-idea-ai'... Done.
	Creating sequence for 'aioz-network'... Done.
	Creating sequence for 'birake'... Done.
	Creating sequence for 'auto'... Done.
	Creating sequence for 'adshares'... Done.
	Creating sequence for 'bazaars'... Done.
	Creating sequence for 'basis-cash'... Done.
	Creating sequence for 'carvertical'... Done.
	Creating sequence for 'aragon'... Done.
	Creating sequence for 'areon-network'... Done.
	Creating sequence for 'ai-analysis-token'... Done.
	Creating sequence for 'armor'... Done.
	Creating sequence for 'cnns'... Done.
	Creating sequence for 'cartesi'... Done.
	Creating sequence for 'acala'... Done.
	Creating sequence for 'cloudbric'... Done.
	Creating sequence for 'band-protocol'... Done.
	Creating sequence for 'baasid'... Done.
	Creating sequence for 'beyond-finance'... Done.
	Creating sequence for 'captain-tsubasa'... Done.
	Creating sequence for 'alitas'... Done.
	Creating sequence for 'akita-inu'... Done.
	Creating sequence for 'aeternity'... Done.
	Creating sequence for 'base-protocol'... Done.
	Creating sequence for 'binemon'... Done.
	Creating sequence for 'bbs-network'... Done.
	Creating sequence for 'coinbase-wrapped-staked-eth'... Done.
	Creating sequence for 'beefy-finance'... Done.
	Creating sequence for 'coinpoker'... Done.
	Creating sequence for 'alien-worlds'... Done.
	Creating sequence for 'aave-mana'... Skipped.
	Creating sequence for 'amino'... Done.
	Creating sequence for 'bitdao'... Done.
	Creating sequence for 'bolt'... Done.
	Creating sequence for 'altered-state-token'... Done.
	Creating sequence for 'barnbridge'... Done.
	Creating sequence for 'aave-link'... Skipped.
	Creating sequence for 'bifrost'... Done.
	Creating sequence for 'ardor'... Done.
	Creating sequence for 'acknoledger'... Done.
	Creating sequence for 'coinsbit-token'... Done.
	Creating sequence for 'conceal'... Done.
	Creating sequence for 'amepay'... Done.
	Creating sequence for 'beam'... Done.
	Creating sequence for 'apenft'... Done.
	Creating sequence for 'bnktothefuture'... Done.
	Creating sequence for 'bifi'... Done.
	Creating sequence for 'celestia'... Done.
	Creating sequence for 'bemo-staked-ton'... Done.
	Creating sequence for 'binance-usd'... Done.
	Creating sequence for 'appcoins'... Done.
	Creating sequence for 'bibox-token'... Done.
	Creating sequence for 'bonfida'... Done.
	Creating sequence for 'azuro-protocol'... Done.
	Creating sequence for 'aave-tusd'... Skipped.
	Creating sequence for 'babb'... Done.
	Creating sequence for 'city-tycoon-games'... Done.
	Creating sequence for 'bondly'... Done.
	Creating sequence for 'amond'... Done.
	Creating sequence for 'akash-network'... Done.
	Creating sequence for 'aave-knc'... Skipped.
	Creating sequence for '0x'... Done.
	Creating sequence for 'atlas-navi'... Done.
	Creating sequence for 'api3'... Done.
	Creating sequence for 'andy-on-sol'... Done.
	Creating sequence for 'blendr-network'... Done.
	Creating sequence for '5ire'... Done.
	Creating sequence for 'aethir'... Done.
	Creating sequence for 'axie-infinity'... Done.
	Creating sequence for 'bullperks'... Done.
	Creating sequence for 'bella-protocol'... Done.
	Creating sequence for 'art-de-finance'... Done.
	Creating sequence for 'bitball'... Done.
	Creating sequence for 'bitmart-token'... Done.
	Creating sequence for 'bottos'... Done.
	Creating sequence for 'brickken'... Done.
	Creating sequence for 'bitcicoin'... Done.
	Creating sequence for 'arcblock'... Done.
	Creating sequence for 'blocknet'... Done.
	Creating sequence for 'bitget-wallet-token'... Done.
	Creating sequence for 'aventus'... Done.
	Creating sequence for 'adappter-token'... Done.
	Creating sequence for '404aliens'... Done.
	Creating sequence for 'bomb'... Done.
	Creating sequence for 'blind-boxes'... Done.
	Creating sequence for 'amaterasu-omikami'... Done.
	Creating sequence for 'adventure-gold'... Done.
	Creating sequence for 'clore-ai'... Done.
	Creating sequence for 'chainx'... Done.
	Creating sequence for 'ceres'... Done.
	Creating sequence for 'coldstack'... Done.
	Creating sequence for 'altlayer'... Done.
	Creating sequence for 'bnsd-finance'... Done.
	Creating sequence for 'aimalls'... Done.
	Creating sequence for 'acute-angle-cloud'... Done.
	Creating sequence for 'beamswap'... Done.
	Creating sequence for 'alkimi'... Done.
	Creating sequence for 'boba-network'... Done.
	Creating sequence for 'attila'... Done.
	Creating sequence for '3space-art'... Done.
	Creating sequence for 'alethea-artificial-liquid-intelligence-token'... Done.
	Creating sequence for 'bidao'... Done.
	Creating sequence for 'aave-snx'... Skipped.
	Creating sequence for 'axel'... Done.
	Creating sequence for 'bao-finance'... Done.
	Creating sequence for 'babyswap'... Done.
	Creating sequence for 'alva'... Done.
	Creating sequence for 'bridge-mutual'... Done.
	Creating sequence for 'aurory'... Done.
	Creating sequence for 'beta-finance'... Done.
	Creating sequence for 'cere-network'... Done.
	Creating sequence for 'bitcoin-wizards'... Done.
	Creating sequence for 'blackcardcoin'... Done.
	Creating sequence for 'berry-data'... Done.
	Creating sequence for 'aave-bat'... Skipped.
	Creating sequence for 'ankr'... Done.
	Creating sequence for 'augur'... Done.
	Creating sequence for 'adapad'... Done.
	Creating sequence for 'blockstack'... Done.
	Creating sequence for 'celo-dollar'... Done.
	Creating sequence for 'choise'... Done.
	Creating sequence for 'bitpanda-ecosystem-token'... Done.
	Creating sequence for 'cashaa'... Done.
Preparing data for testing...
	Creating sequence for 'aergo'... [[[ 1.54500480e+09  1.65516425e-01 -1.00000000e+00  4.70000000e+01]
  [ 1.54509120e+09  1.25670613e-01 -1.00000000e+00  2.30000000e+01]
  [ 1.54517760e+09  1.19389989e-01 -1.00000000e+00  6.30000000e+01]
  ...
  [ 1.54992960e+09  6.11697984e-02 -1.00000000e+00  1.70000000e+01]
  [ 1.55001600e+09  6.17230203e-02 -1.00000000e+00  2.70000000e+01]
  [ 1.55010240e+09  6.42952601e-02 -1.00000000e+00  4.70000000e+01]]

 [[ 1.54509120e+09  1.25670613e-01 -1.00000000e+00  2.30000000e+01]
  [ 1.54517760e+09  1.19389989e-01 -1.00000000e+00  6.30000000e+01]
  [ 1.54526400e+09  1.28952042e-01 -1.00000000e+00  2.00000000e+01]
  ...
  [ 1.55001600e+09  6.17230203e-02 -1.00000000e+00  2.70000000e+01]
  [ 1.55010240e+09  6.42952601e-02 -1.00000000e+00  4.70000000e+01]
  [ 1.55018880e+09  6.39864598e-02 -1.00000000e+00  2.90000000e+01]]

 [[ 1.54517760e+09  1.19389989e-01 -1.00000000e+00  6.30000000e+01]
  [ 1.54526400e+09  1.28952042e-01 -1.00000000e+00  2.00000000e+01]
  [ 1.54535040e+09  1.13382192e-01 -1.00000000e+00  5.30000000e+01]
  ...
  [ 1.55010240e+09  6.42952601e-02 -1.00000000e+00  4.70000000e+01]
  [ 1.55018880e+09  6.39864598e-02 -1.00000000e+00  2.90000000e+01]
  [ 1.55027520e+09  6.71505119e-02 -1.00000000e+00  1.00000000e+00]]

 ...

 [[ 1.72177920e+09  9.64103985e-02  4.30000000e+01  0.00000000e+00]
  [ 1.72186560e+09  9.26764281e-02 -6.00000000e+00  5.00000000e+00]
  [ 1.72195200e+09  9.77325542e-02 -3.60000000e+01  0.00000000e+00]
  ...
  [ 1.72670400e+09  1.01574032e-01 -2.70000000e+01  2.00000000e+00]
  [ 1.72679040e+09  1.05471198e-01  4.00000000e+00  0.00000000e+00]
  [ 1.72687680e+09  1.18182958e-01  1.50000000e+01  0.00000000e+00]]

 [[ 1.72186560e+09  9.26764281e-02 -6.00000000e+00  5.00000000e+00]
  [ 1.72195200e+09  9.77325542e-02 -3.60000000e+01  0.00000000e+00]
  [ 1.72203840e+09  1.01296460e-01 -1.10000000e+01  0.00000000e+00]
  ...
  [ 1.72679040e+09  1.05471198e-01  4.00000000e+00  0.00000000e+00]
  [ 1.72687680e+09  1.18182958e-01  1.50000000e+01  0.00000000e+00]
  [ 1.72696320e+09  1.10912830e-01  5.00000000e+00  0.00000000e+00]]

 [[ 1.72195200e+09  9.77325542e-02 -3.60000000e+01  0.00000000e+00]
  [ 1.72203840e+09  1.01296460e-01 -1.10000000e+01  0.00000000e+00]
  [ 1.72212480e+09  1.03313411e-01  2.90000000e+01  0.00000000e+00]
  ...
  [ 1.72687680e+09  1.18182958e-01  1.50000000e+01  0.00000000e+00]
  [ 1.72696320e+09  1.10912830e-01  5.00000000e+00  0.00000000e+00]
  [ 1.72704960e+09  1.09019516e-01  3.50000000e+01  0.00000000e+00]]]
Done.
	Creating sequence for 'chainbing'... [[[ 1.63036800e+09  1.29578878e-01  9.19400000e+03  0.00000000e+00]
  [ 1.63045440e+09  1.58157520e-01  9.19400000e+03  0.00000000e+00]
  [ 1.63054080e+09  1.50146163e-01  9.19400000e+03  0.00000000e+00]
  ...
  [ 1.63702080e+09  1.08382990e-01  9.19400000e+03  0.00000000e+00]
  [ 1.63710720e+09  1.13907071e-01  9.19400000e+03  0.00000000e+00]
  [ 1.63719360e+09  1.10596581e-01  9.19400000e+03  0.00000000e+00]]

 [[ 1.63045440e+09  1.58157520e-01  9.19400000e+03  0.00000000e+00]
  [ 1.63054080e+09  1.50146163e-01  9.19400000e+03  0.00000000e+00]
  [ 1.63062720e+09  1.50140613e-01  9.19400000e+03  0.00000000e+00]
  ...
  [ 1.63710720e+09  1.13907071e-01  9.19400000e+03  0.00000000e+00]
  [ 1.63719360e+09  1.10596581e-01  9.19400000e+03  0.00000000e+00]
  [ 1.63728000e+09  1.10734214e-01  9.19400000e+03  1.00000000e+00]]

 [[ 1.63054080e+09  1.50146163e-01  9.19400000e+03  0.00000000e+00]
  [ 1.63062720e+09  1.50140613e-01  9.19400000e+03  0.00000000e+00]
  [ 1.63071360e+09  1.50179902e-01  9.19400000e+03  0.00000000e+00]
  ...
  [ 1.63719360e+09  1.10596581e-01  9.19400000e+03  0.00000000e+00]
  [ 1.63728000e+09  1.10734214e-01  9.19400000e+03  1.00000000e+00]
  [ 1.63736640e+09  1.10472970e-01  9.19400000e+03  0.00000000e+00]]

 ...

 [[ 1.72177920e+09  1.09270258e-01 -5.20000000e+01  0.00000000e+00]
  [ 1.72186560e+09  1.08969529e-01  1.04000000e+02  0.00000000e+00]
  [ 1.72195200e+09  1.39903031e-01  1.20000000e+01  0.00000000e+00]
  ...
  [ 1.72670400e+09  1.21248512e-01  2.90000000e+01  0.00000000e+00]
  [ 1.72679040e+09  1.23897578e-01 -1.60000000e+01  0.00000000e+00]
  [ 1.72687680e+09  1.21761385e-01  4.00000000e+00  0.00000000e+00]]

 [[ 1.72186560e+09  1.08969529e-01  1.04000000e+02  0.00000000e+00]
  [ 1.72195200e+09  1.39903031e-01  1.20000000e+01  0.00000000e+00]
  [ 1.72203840e+09  1.27268211e-01 -6.50000000e+01  0.00000000e+00]
  ...
  [ 1.72679040e+09  1.23897578e-01 -1.60000000e+01  0.00000000e+00]
  [ 1.72687680e+09  1.21761385e-01  4.00000000e+00  0.00000000e+00]
  [ 1.72696320e+09  1.22684749e-01 -3.00000000e+01  0.00000000e+00]]

 [[ 1.72195200e+09  1.39903031e-01  1.20000000e+01  0.00000000e+00]
  [ 1.72203840e+09  1.27268211e-01 -6.50000000e+01  0.00000000e+00]
  [ 1.72212480e+09  1.25534722e-01  2.00000000e+00  0.00000000e+00]
  ...
  [ 1.72687680e+09  1.21761385e-01  4.00000000e+00  0.00000000e+00]
  [ 1.72696320e+09  1.22684749e-01 -3.00000000e+01  0.00000000e+00]
  [ 1.72704960e+09  1.22791323e-01  2.30000000e+01  0.00000000e+00]]]
Done.
	Creating sequence for 'burger-swap'... [[[ 1.60099200e+09  8.28800960e-01  1.04000000e+02  0.00000000e+00]
  [ 1.60107840e+09  8.37139827e-01  1.04000000e+02  0.00000000e+00]
  [ 1.60116480e+09  7.35740411e-01  1.04000000e+02  0.00000000e+00]
  ...
  [ 1.60591680e+09  6.04315780e-01  7.20000000e+01  0.00000000e+00]
  [ 1.60600320e+09  5.91059710e-01 -7.80000000e+01  0.00000000e+00]
  [ 1.60608960e+09  6.45643665e-01  1.48000000e+02  0.00000000e+00]]

 [[ 1.60107840e+09  8.37139827e-01  1.04000000e+02  0.00000000e+00]
  [ 1.60116480e+09  7.35740411e-01  1.04000000e+02  0.00000000e+00]
  [ 1.60125120e+09  6.38821281e-01  1.04000000e+02  3.00000000e+00]
  ...
  [ 1.60600320e+09  5.91059710e-01 -7.80000000e+01  0.00000000e+00]
  [ 1.60608960e+09  6.45643665e-01  1.48000000e+02  0.00000000e+00]
  [ 1.60617600e+09  6.33259823e-01  2.50000000e+01  0.00000000e+00]]

 [[ 1.60116480e+09  7.35740411e-01  1.04000000e+02  0.00000000e+00]
  [ 1.60125120e+09  6.38821281e-01  1.04000000e+02  3.00000000e+00]
  [ 1.60133760e+09  6.50569970e-01  1.04000000e+02  0.00000000e+00]
  ...
  [ 1.60608960e+09  6.45643665e-01  1.48000000e+02  0.00000000e+00]
  [ 1.60617600e+09  6.33259823e-01  2.50000000e+01  0.00000000e+00]
  [ 1.60626240e+09  5.90112000e-01 -4.50000000e+01  0.00000000e+00]]

 ...

 [[ 1.72177920e+09  3.82709273e-01 -5.90000000e+01  1.00000000e+00]
  [ 1.72186560e+09  3.77890196e-01 -5.90000000e+01  0.00000000e+00]
  [ 1.72195200e+09  3.96800795e-01 -5.90000000e+01  0.00000000e+00]
  ...
  [ 1.72670400e+09  4.62385175e-01 -5.90000000e+01  0.00000000e+00]
  [ 1.72679040e+09  4.37935864e-01 -5.90000000e+01  0.00000000e+00]
  [ 1.72687680e+09  4.42266280e-01 -5.90000000e+01  0.00000000e+00]]

 [[ 1.72186560e+09  3.77890196e-01 -5.90000000e+01  0.00000000e+00]
  [ 1.72195200e+09  3.96800795e-01 -5.90000000e+01  0.00000000e+00]
  [ 1.72203840e+09  3.96365507e-01 -5.90000000e+01  0.00000000e+00]
  ...
  [ 1.72679040e+09  4.37935864e-01 -5.90000000e+01  0.00000000e+00]
  [ 1.72687680e+09  4.42266280e-01 -5.90000000e+01  0.00000000e+00]
  [ 1.72696320e+09  4.79712317e-01 -5.90000000e+01  0.00000000e+00]]

 [[ 1.72195200e+09  3.96800795e-01 -5.90000000e+01  0.00000000e+00]
  [ 1.72203840e+09  3.96365507e-01 -5.90000000e+01  0.00000000e+00]
  [ 1.72212480e+09  3.95628116e-01 -5.90000000e+01  0.00000000e+00]
  ...
  [ 1.72687680e+09  4.42266280e-01 -5.90000000e+01  0.00000000e+00]
  [ 1.72696320e+09  4.79712317e-01 -5.90000000e+01  0.00000000e+00]
  [ 1.72704960e+09  4.52362223e-01 -5.90000000e+01  0.00000000e+00]]]
Done.
	Creating sequence for 'alephium'... [[[1642032000.0 1.035643935022 None 62]
  [1642118400.0 1.004019424529 None 20]
  [1642204800.0 1.179534193423 None 20]
  ...
  [1646956800.0 0.24146638813 None 20]
  [1647043200.0 0.249831172983 None 22]
  [1647129600.0 0.25621068977 None 12]]

 [[1642118400.0 1.004019424529 None 20]
  [1642204800.0 1.179534193423 None 20]
  [1642291200.0 1.289354258452 None 10]
  ...
  [1647043200.0 0.249831172983 None 22]
  [1647129600.0 0.25621068977 None 12]
  [1647216000.0 0.233132365736 None 74]]

 [[1642204800.0 1.179534193423 None 20]
  [1642291200.0 1.289354258452 None 10]
  [1642377600.0 1.167075092509 None 30]
  ...
  [1647129600.0 0.25621068977 None 12]
  [1647216000.0 0.233132365736 None 74]
  [1647302400.0 0.220075571364 None 165]]

 ...

 [[1721779200.0 1.80813481794 None 58]
  [1721865600.0 1.941522356857 None 47]
  [1721952000.0 2.03759799779 None 30]
  ...
  [1726704000.0 1.689075197316 None 73]
  [1726790400.0 1.652049122357 None 50]
  [1726876800.0 1.640999022768 None 6]]

 [[1721865600.0 1.941522356857 None 47]
  [1721952000.0 2.03759799779 None 30]
  [1722038400.0 1.963874038753 None 5]
  ...
  [1726790400.0 1.652049122357 None 50]
  [1726876800.0 1.640999022768 None 6]
  [1726963200.0 1.580577024237 None 14]]

 [[1721952000.0 2.03759799779 None 30]
  [1722038400.0 1.963874038753 None 5]
  [1722124800.0 1.952493379707 None 3]
  ...
  [1726876800.0 1.640999022768 None 6]
  [1726963200.0 1.580577024237 None 14]
  [1727049600.0 1.627324556249 None 52]]]
