


--------------------------------------------------
Starting lstm.py at '2024-10-24 23:06:28.537871'.
Reading './balancedDataset.json'... Done.
Total training Data: 1030
DAOs trained so far:260
Size of training set: 461
Size of test set: 309
Preparing data for training...
Preparing data for testing...
Parameters:
	Num epochs: 60
	Initial learning rate: 0.001
	Patience: 12
	Window size: 60
	Timeseries splits: 3
	Minimum number of timeseries datapoints: 64
Gradient boosting params: 
	{"max_depth": 3, "learning_rate": 0.05, "n_estimators": 100, "objective": "binary:logistic", "eval_metric": "logloss"}
	Creating sequence for 'sentinel'... Training group 0, split 1
	Y Train Labels:(array([1.], dtype=float32), array([562]))
	Y Val Labels:(array([1.], dtype=float32), array([560]))
Training group 0, split 2
	Early stopping at epoch 49
	Y Train Labels:(array([1.], dtype=float32), array([1122]))
	Y Val Labels:(array([1.], dtype=float32), array([560]))
Training group 0, split 3
	Early stopping at epoch 50
	Y Train Labels:(array([1.], dtype=float32), array([1682]))
	Y Val Labels:(array([1.], dtype=float32), array([560]))
Done.
	Creating sequence for 'non-playable-coin'... Training group 1, split 1
	Early stopping at epoch 13
	Y Train Labels:(array([1.], dtype=float32), array([85]))
	Y Val Labels:(array([1.], dtype=float32), array([82]))
Training group 1, split 2
	Early stopping at epoch 13
	Y Train Labels:(array([1.], dtype=float32), array([167]))
	Y Val Labels:(array([1.], dtype=float32), array([82]))
Training group 1, split 3
	Early stopping at epoch 13
	Y Train Labels:(array([1.], dtype=float32), array([249]))
	Y Val Labels:(array([1.], dtype=float32), array([82]))
Done.
	Creating sequence for 'brainlet'... Skipped.
	Creating sequence for 'nosana'... Training group 2, split 1
	Early stopping at epoch 24
	Y Train Labels:(array([1.], dtype=float32), array([231]))
	Y Val Labels:(array([1.], dtype=float32), array([230]))
Training group 2, split 2
	Early stopping at epoch 13
	Y Train Labels:(array([1.], dtype=float32), array([461]))
	Y Val Labels:(array([1.], dtype=float32), array([230]))
Training group 2, split 3
	Y Train Labels:(array([1.], dtype=float32), array([691]))
	Y Val Labels:(array([1.], dtype=float32), array([230]))
Done.
	Creating sequence for 'duko'... Training group 3, split 1
	Y Train Labels:(array([0.], dtype=float32), array([40]))
	Y Val Labels:(array([0.], dtype=float32), array([39]))
Training group 3, split 2
	Y Train Labels:(array([0.], dtype=float32), array([79]))
	Y Val Labels:(array([0.], dtype=float32), array([39]))
Training group 3, split 3
	Y Train Labels:(array([0.], dtype=float32), array([118]))
	Y Val Labels:(array([0.], dtype=float32), array([39]))
Done.
	Creating sequence for 'energi'... Training group 4, split 1
	Y Train Labels:(array([1.], dtype=float32), array([501]))
	Y Val Labels:(array([1.], dtype=float32), array([500]))
Training group 4, split 2
	Y Train Labels:(array([1.], dtype=float32), array([1001]))
	Y Val Labels:(array([1.], dtype=float32), array([500]))
Training group 4, split 3
	Y Train Labels:(array([1.], dtype=float32), array([1501]))
	Y Val Labels:(array([1.], dtype=float32), array([500]))
Done.
	Creating sequence for 'edgeware'... Training group 5, split 1
	Y Train Labels:(array([1.], dtype=float32), array([388]))
	Y Val Labels:(array([1.], dtype=float32), array([387]))
Training group 5, split 2
	Y Train Labels:(array([1.], dtype=float32), array([775]))
	Y Val Labels:(array([1.], dtype=float32), array([387]))
Training group 5, split 3
	Y Train Labels:(array([1.], dtype=float32), array([1162]))
	Y Val Labels:(array([1.], dtype=float32), array([387]))
Done.
	Creating sequence for 'unification'... Training group 6, split 1
	Y Train Labels:(array([1.], dtype=float32), array([472]))
	Y Val Labels:(array([1.], dtype=float32), array([469]))
Training group 6, split 2
	Y Train Labels:(array([1.], dtype=float32), array([941]))
	Y Val Labels:(array([1.], dtype=float32), array([469]))
Training group 6, split 3
	Y Train Labels:(array([1.], dtype=float32), array([1410]))
	Y Val Labels:(array([1.], dtype=float32), array([469]))
Done.
	Creating sequence for 'hydra'... Training group 7, split 1
	Early stopping at epoch 52
	Y Train Labels:(array([1.], dtype=float32), array([228]))
	Y Val Labels:(array([1.], dtype=float32), array([228]))
Training group 7, split 2
	Early stopping at epoch 40
	Y Train Labels:(array([1.], dtype=float32), array([456]))
	Y Val Labels:(array([1.], dtype=float32), array([228]))
Training group 7, split 3
	Early stopping at epoch 13
	Y Train Labels:(array([1.], dtype=float32), array([684]))
	Y Val Labels:(array([1.], dtype=float32), array([228]))
Done.
	Creating sequence for 'constitutiondao'... Training group 8, split 1
	Early stopping at epoch 13
	Y Train Labels:(array([1.], dtype=float32), array([235]))
	Y Val Labels:(array([1.], dtype=float32), array([232]))
Training group 8, split 2
	Early stopping at epoch 26
	Y Train Labels:(array([1.], dtype=float32), array([467]))
	Y Val Labels:(array([1.], dtype=float32), array([232]))
Training group 8, split 3
	Early stopping at epoch 13
	Y Train Labels:(array([1.], dtype=float32), array([699]))
	Y Val Labels:(array([1.], dtype=float32), array([232]))
Done.
	Creating sequence for 'bidao'... Training group 9, split 1
