


--------------------------------------------------
Starting lstm.py at '2024-10-26 22:26:17.682982'.
Reading '../classifiedDAOs.json'... Done.
Total training Data: 1578
DAOs trained so far:140
Size of training set: 964
Size of test set: 474
Preparing data for training...
Preparing data for testing...
Parameters:
	Num epochs: 60
	Initial learning rate: 0.001
	Patience: 12
	Window size: 60
	Timeseries splits: 3
	Minimum number of timeseries datapoints: 64
Gradient boosting params: 
	{"max_depth": 3, "learning_rate": 0.05, "n_estimators": 100, "objective": "binary:logistic", "eval_metric": "logloss"}
	Creating sequence for 'husd'... Training group 0, split 1
	Early stopping at epoch 13
	Y Train Labels:(array([1.], dtype=float32), array([438]))
	Y Val Labels:(array([1.], dtype=float32), array([436]))
Training group 0, split 2
	Early stopping at epoch 13
	Y Train Labels:(array([1.], dtype=float32), array([874]))
	Y Val Labels:(array([0., 1.], dtype=float32), array([254, 182]))
Training group 0, split 3
	Early stopping at epoch 13
	Y Train Labels:(array([0., 1.], dtype=float32), array([ 254, 1056]))
	Y Val Labels:(array([0.], dtype=float32), array([436]))
Done.
	Creating sequence for 'paxos-standard'... Training group 1, split 1
	Early stopping at epoch 13
	Y Train Labels:(array([1.], dtype=float32), array([425]))
	Y Val Labels:(array([1.], dtype=float32), array([423]))
Training group 1, split 2
	Early stopping at epoch 13
	Y Train Labels:(array([1.], dtype=float32), array([848]))
	Y Val Labels:(array([1.], dtype=float32), array([423]))
Training group 1, split 3
	Early stopping at epoch 13
	Y Train Labels:(array([1.], dtype=float32), array([1271]))
	Y Val Labels:(array([1.], dtype=float32), array([423]))
Done.
	Creating sequence for 'onerare'... Training group 2, split 1
	Early stopping at epoch 13
	Y Train Labels:(array([0.], dtype=float32), array([243]))
	Y Val Labels:(array([0.], dtype=float32), array([242]))
Training group 2, split 2
	Early stopping at epoch 13
	Y Train Labels:(array([0.], dtype=float32), array([485]))
	Y Val Labels:(array([0.], dtype=float32), array([242]))
Training group 2, split 3
	Early stopping at epoch 13
	Y Train Labels:(array([0.], dtype=float32), array([727]))
	Y Val Labels:(array([0.], dtype=float32), array([242]))
Done.
	Creating sequence for 'symbol'... Training group 3, split 1
	Early stopping at epoch 13
	Y Train Labels:(array([1.], dtype=float32), array([298]))
	Y Val Labels:(array([0., 1.], dtype=float32), array([151, 146]))
Training group 3, split 2
	Early stopping at epoch 13
	Y Train Labels:(array([0., 1.], dtype=float32), array([151, 444]))
	Y Val Labels:(array([0.], dtype=float32), array([297]))
Training group 3, split 3
	Early stopping at epoch 13
	Y Train Labels:(array([0., 1.], dtype=float32), array([448, 444]))
	Y Val Labels:(array([0.], dtype=float32), array([297]))
Done.
	Creating sequence for 'messier'... Skipped.
	Creating sequence for 'ecomi'... Training group 4, split 1
	Early stopping at epoch 13
	Y Train Labels:(array([1.], dtype=float32), array([76]))
	Y Val Labels:(array([1.], dtype=float32), array([74]))
Training group 4, split 2
	Early stopping at epoch 13
	Y Train Labels:(array([1.], dtype=float32), array([150]))
	Y Val Labels:(array([1.], dtype=float32), array([74]))
Training group 4, split 3
	Early stopping at epoch 13
	Y Train Labels:(array([1.], dtype=float32), array([224]))
	Y Val Labels:(array([0., 1.], dtype=float32), array([24, 50]))
Done.
	Creating sequence for 'mysterium'... Training group 5, split 1
