


--------------------------------------------------
Starting lstm.py at '2024-10-24 23:10:30.566839'.
Reading './balancedDataset.json'... Done.
Total training Data: 1030
DAOs trained so far:282
Size of training set: 439
Size of test set: 309
Preparing data for training...
Preparing data for testing...
Parameters:
	Num epochs: 60
	Initial learning rate: 0.001
	Patience: 12
	Window size: 60
	Timeseries splits: 3
	Minimum number of timeseries datapoints: 64
Gradient boosting params: 
	{"max_depth": 3, "learning_rate": 0.05, "n_estimators": 100, "objective": "binary:logistic", "eval_metric": "logloss"}
	Creating sequence for 'seth'... Training group 0, split 1
	Y Train Labels:(array([1.], dtype=float32), array([302]))
	Y Val Labels:(array([1.], dtype=float32), array([301]))
Training group 0, split 2
	Y Train Labels:(array([1.], dtype=float32), array([603]))
	Y Val Labels:(array([1.], dtype=float32), array([301]))
Training group 0, split 3
	Y Train Labels:(array([1.], dtype=float32), array([904]))
	Y Val Labels:(array([1.], dtype=float32), array([301]))
Done.
	Creating sequence for 'cashaa'... Training group 1, split 1
	Y Train Labels:(array([1.], dtype=float32), array([91]))
	Y Val Labels:(array([1.], dtype=float32), array([88]))
Training group 1, split 2
	Y Train Labels:(array([1.], dtype=float32), array([179]))
	Y Val Labels:(array([1.], dtype=float32), array([88]))
Training group 1, split 3
	Y Train Labels:(array([1.], dtype=float32), array([267]))
	Y Val Labels:(array([1.], dtype=float32), array([88]))
Done.
	Creating sequence for 'book-of-meme'... Training group 2, split 1
	Y Train Labels:(array([1.], dtype=float32), array([36]))
	Y Val Labels:(array([1.], dtype=float32), array([33]))
Training group 2, split 2
	Early stopping at epoch 13
	Y Train Labels:(array([1.], dtype=float32), array([69]))
	Y Val Labels:(array([0., 1.], dtype=float32), array([17, 16]))
Training group 2, split 3
	Early stopping at epoch 53
	Y Train Labels:(array([0., 1.], dtype=float32), array([17, 85]))
	Y Val Labels:(array([0.], dtype=float32), array([33]))
Done.
	Creating sequence for 'wrapped-ampleforth'... Training group 3, split 1
	Y Train Labels:(array([1.], dtype=float32), array([229]))
	Y Val Labels:(array([1.], dtype=float32), array([228]))
Training group 3, split 2
	Y Train Labels:(array([1.], dtype=float32), array([457]))
	Y Val Labels:(array([1.], dtype=float32), array([228]))
Training group 3, split 3
	Y Train Labels:(array([1.], dtype=float32), array([685]))
	Y Val Labels:(array([1.], dtype=float32), array([228]))
Done.
	Creating sequence for 'timeless'... Training group 4, split 1
	Y Train Labels:(array([1.], dtype=float32), array([118]))
	Y Val Labels:(array([1.], dtype=float32), array([115]))
Training group 4, split 2
	Y Train Labels:(array([1.], dtype=float32), array([233]))
	Y Val Labels:(array([1.], dtype=float32), array([115]))
Training group 4, split 3
	Y Train Labels:(array([1.], dtype=float32), array([348]))
	Y Val Labels:(array([1.], dtype=float32), array([115]))
Done.
	Creating sequence for 'bazaars'... Training group 5, split 1
	Y Train Labels:(array([1.], dtype=float32), array([117]))
	Y Val Labels:(array([1.], dtype=float32), array([116]))
Training group 5, split 2
	Y Train Labels:(array([1.], dtype=float32), array([233]))
	Y Val Labels:(array([1.], dtype=float32), array([116]))
Training group 5, split 3
	Y Train Labels:(array([1.], dtype=float32), array([349]))
	Y Val Labels:(array([1.], dtype=float32), array([116]))
Done.
	Creating sequence for 'bao-finance'... Training group 6, split 1
	Y Train Labels:(array([1.], dtype=float32), array([299]))
	Y Val Labels:(array([1.], dtype=float32), array([296]))
Training group 6, split 2
	Early stopping at epoch 13
	Y Train Labels:(array([1.], dtype=float32), array([595]))
	Y Val Labels:(array([0., 1.], dtype=float32), array([ 78, 218]))
Training group 6, split 3
	Y Train Labels:(array([0., 1.], dtype=float32), array([ 78, 813]))
	Y Val Labels:(array([0.], dtype=float32), array([296]))
Done.
	Creating sequence for 'samoyedcoin'... Training group 7, split 1
	Y Train Labels:(array([1.], dtype=float32), array([240]))
	Y Val Labels:(array([1.], dtype=float32), array([237]))
Training group 7, split 2
	Y Train Labels:(array([1.], dtype=float32), array([477]))
	Y Val Labels:(array([1.], dtype=float32), array([237]))
Training group 7, split 3
	Y Train Labels:(array([1.], dtype=float32), array([714]))
	Y Val Labels:(array([1.], dtype=float32), array([237]))
Done.
	Creating sequence for 'coreto'... Training group 8, split 1
	Early stopping at epoch 13
	Y Train Labels:(array([1.], dtype=float32), array([316]))
	Y Val Labels:(array([0., 1.], dtype=float32), array([116, 199]))
Training group 8, split 2
	Early stopping at epoch 43
	Y Train Labels:(array([0., 1.], dtype=float32), array([116, 515]))
	Y Val Labels:(array([0.], dtype=float32), array([315]))
Training group 8, split 3
