


--------------------------------------------------
Starting lstm.py at '2024-10-25 17:25:17.725283'.
Reading './balancedDataset.json'... Done.
Total training Data: 1030
DAOs trained so far:450
Size of training set: 271
Size of test set: 309
Preparing data for training...
Preparing data for testing...
Parameters:
	Num epochs: 60
	Initial learning rate: 0.001
	Patience: 12
	Window size: 60
	Timeseries splits: 3
	Minimum number of timeseries datapoints: 64
Gradient boosting params: 
	{"max_depth": 3, "learning_rate": 0.05, "n_estimators": 100, "objective": "binary:logistic", "eval_metric": "logloss"}
	Creating sequence for 'adshares'... Training group 0, split 1
	Early stopping at epoch 13
	Y Train Labels:(array([1.], dtype=float32), array([569]))
	Y Val Labels:(array([1.], dtype=float32), array([568]))
Training group 0, split 2
	Early stopping at epoch 13
	Y Train Labels:(array([1.], dtype=float32), array([1137]))
	Y Val Labels:(array([1.], dtype=float32), array([568]))
Training group 0, split 3
	Early stopping at epoch 13
	Y Train Labels:(array([1.], dtype=float32), array([1705]))
	Y Val Labels:(array([0., 1.], dtype=float32), array([171, 397]))
Done.
	Creating sequence for 'etherisc'... Training group 1, split 1
	Early stopping at epoch 13
	Y Train Labels:(array([1.], dtype=float32), array([323]))
	Y Val Labels:(array([1.], dtype=float32), array([323]))
Training group 1, split 2
	Early stopping at epoch 13
	Y Train Labels:(array([1.], dtype=float32), array([646]))
	Y Val Labels:(array([1.], dtype=float32), array([323]))
Training group 1, split 3
	Early stopping at epoch 13
	Y Train Labels:(array([1.], dtype=float32), array([969]))
	Y Val Labels:(array([1.], dtype=float32), array([323]))
Done.
	Creating sequence for 'cosmos'... Training group 2, split 1
	Early stopping at epoch 13
	Y Train Labels:(array([1.], dtype=float32), array([359]))
	Y Val Labels:(array([1.], dtype=float32), array([356]))
Training group 2, split 2
	Early stopping at epoch 13
	Y Train Labels:(array([1.], dtype=float32), array([715]))
	Y Val Labels:(array([1.], dtype=float32), array([356]))
Training group 2, split 3
	Early stopping at epoch 13
	Y Train Labels:(array([1.], dtype=float32), array([1071]))
	Y Val Labels:(array([1.], dtype=float32), array([356]))
Done.
	Creating sequence for 'ecomi'... Training group 3, split 1
	Early stopping at epoch 13
	Y Train Labels:(array([1.], dtype=float32), array([76]))
	Y Val Labels:(array([1.], dtype=float32), array([74]))
Training group 3, split 2
	Early stopping at epoch 13
	Y Train Labels:(array([1.], dtype=float32), array([150]))
	Y Val Labels:(array([1.], dtype=float32), array([74]))
Training group 3, split 3
	Early stopping at epoch 13
	Y Train Labels:(array([1.], dtype=float32), array([224]))
	Y Val Labels:(array([0., 1.], dtype=float32), array([24, 50]))
Done.
	Creating sequence for 'hyve'... Training group 4, split 1
	Early stopping at epoch 13
	Y Train Labels:(array([1.], dtype=float32), array([267]))
	Y Val Labels:(array([1.], dtype=float32), array([267]))
Training group 4, split 2
	Early stopping at epoch 13
	Y Train Labels:(array([1.], dtype=float32), array([534]))
	Y Val Labels:(array([0., 1.], dtype=float32), array([135, 132]))
Training group 4, split 3
	Early stopping at epoch 13
	Y Train Labels:(array([0., 1.], dtype=float32), array([135, 666]))
	Y Val Labels:(array([0.], dtype=float32), array([267]))
Done.
	Creating sequence for 'breederdao'... Training group 5, split 1
	Early stopping at epoch 13
	Y Train Labels:(array([1.], dtype=float32), array([206]))
	Y Val Labels:(array([0., 1.], dtype=float32), array([172,  33]))
Training group 5, split 2
	Early stopping at epoch 13
	Y Train Labels:(array([0., 1.], dtype=float32), array([172, 239]))
	Y Val Labels:(array([0.], dtype=float32), array([205]))
Training group 5, split 3
