


--------------------------------------------------
Starting lstm.py at '2024-10-25 16:49:44.812322'.
Reading './balancedDataset.json'... Done.
Total training Data: 1030
DAOs trained so far:206
Size of training set: 515
Size of test set: 309
Preparing data for training...
Preparing data for testing...
Parameters:
	Num epochs: 60
	Initial learning rate: 0.001
	Patience: 12
	Window size: 60
	Timeseries splits: 3
	Minimum number of timeseries datapoints: 64
Gradient boosting params: 
	{"max_depth": 3, "learning_rate": 0.05, "n_estimators": 100, "objective": "binary:logistic", "eval_metric": "logloss"}
	Creating sequence for 'basis-cash'... Training group 0, split 1
	Early stopping at epoch 13
	Y Train Labels:(array([1.], dtype=float32), array([331]))
	Y Val Labels:(array([0., 1.], dtype=float32), array([195, 133]))
Training group 0, split 2
	Early stopping at epoch 13
	Y Train Labels:(array([0., 1.], dtype=float32), array([195, 464]))
	Y Val Labels:(array([0.], dtype=float32), array([328]))
Training group 0, split 3
	Early stopping at epoch 13
	Y Train Labels:(array([0., 1.], dtype=float32), array([523, 464]))
	Y Val Labels:(array([0.], dtype=float32), array([328]))
Done.
	Creating sequence for 'digital-reserve-currency'... Training group 1, split 1
	Early stopping at epoch 13
	Y Train Labels:(array([1.], dtype=float32), array([346]))
	Y Val Labels:(array([0., 1.], dtype=float32), array([148, 197]))
Training group 1, split 2
	Early stopping at epoch 13
	Y Train Labels:(array([0., 1.], dtype=float32), array([148, 543]))
	Y Val Labels:(array([0.], dtype=float32), array([345]))
Training group 1, split 3
	Early stopping at epoch 13
	Y Train Labels:(array([0., 1.], dtype=float32), array([493, 543]))
	Y Val Labels:(array([0.], dtype=float32), array([345]))
Done.
	Creating sequence for 'blendr-network'... Training group 2, split 1
	Early stopping at epoch 13
	Y Train Labels:(array([1.], dtype=float32), array([38]))
	Y Val Labels:(array([1.], dtype=float32), array([35]))
Training group 2, split 2
	Early stopping at epoch 13
	Y Train Labels:(array([1.], dtype=float32), array([73]))
	Y Val Labels:(array([1.], dtype=float32), array([35]))
Training group 2, split 3
	Early stopping at epoch 13
	Y Train Labels:(array([1.], dtype=float32), array([108]))
	Y Val Labels:(array([1.], dtype=float32), array([35]))
Done.
	Creating sequence for 'nvirworld'... Training group 3, split 1
	Early stopping at epoch 13
	Y Train Labels:(array([1.], dtype=float32), array([145]))
	Y Val Labels:(array([1.], dtype=float32), array([144]))
Training group 3, split 2
	Early stopping at epoch 13
	Y Train Labels:(array([1.], dtype=float32), array([289]))
	Y Val Labels:(array([1.], dtype=float32), array([144]))
Training group 3, split 3
	Early stopping at epoch 13
	Y Train Labels:(array([1.], dtype=float32), array([433]))
	Y Val Labels:(array([1.], dtype=float32), array([144]))
Done.
	Creating sequence for 'lisk'... Training group 4, split 1
	Early stopping at epoch 13
	Y Train Labels:(array([1.], dtype=float32), array([593]))
	Y Val Labels:(array([1.], dtype=float32), array([592]))
Training group 4, split 2
