


--------------------------------------------------
Starting lstm.py at '2024-10-26 23:41:51.150733'.
Reading '../classifiedDAOs.json'... Done.
Total training Data: 1578
DAOs trained so far:645
Size of training set: 459
Size of test set: 474
Preparing data for training...
Preparing data for testing...
Parameters:
	Num epochs: 60
	Initial learning rate: 0.001
	Patience: 12
	Window size: 60
	Timeseries splits: 3
	Minimum number of timeseries datapoints: 64
Gradient boosting params: 
	{"max_depth": 3, "learning_rate": 0.05, "n_estimators": 100, "objective": "binary:logistic", "eval_metric": "logloss"}
	Creating sequence for 'unilayer'... Training group 0, split 1
	Early stopping at epoch 13
	Y Train Labels:(array([1.], dtype=float32), array([344]))
	Y Val Labels:(array([0., 1.], dtype=float32), array([161, 182]))
Training group 0, split 2
	Early stopping at epoch 13
	Y Train Labels:(array([0., 1.], dtype=float32), array([161, 526]))
	Y Val Labels:(array([0.], dtype=float32), array([343]))
Training group 0, split 3
	Early stopping at epoch 13
	Y Train Labels:(array([0., 1.], dtype=float32), array([504, 526]))
	Y Val Labels:(array([0.], dtype=float32), array([343]))
Done.
	Creating sequence for 'matr1x'... Skipped.
	Creating sequence for 'syscoin'... Training group 1, split 1
	Early stopping at epoch 13
	Y Train Labels:(array([1.], dtype=float32), array([587]))
	Y Val Labels:(array([1.], dtype=float32), array([585]))
Training group 1, split 2
	Early stopping at epoch 13
	Y Train Labels:(array([1.], dtype=float32), array([1172]))
	Y Val Labels:(array([1.], dtype=float32), array([585]))
Training group 1, split 3
	Early stopping at epoch 13
	Y Train Labels:(array([1.], dtype=float32), array([1757]))
	Y Val Labels:(array([1.], dtype=float32), array([585]))
Done.
	Creating sequence for 'shopping-io-token'... Training group 2, split 1
	Early stopping at epoch 13
	Y Train Labels:(array([1.], dtype=float32), array([168]))
	Y Val Labels:(array([0., 1.], dtype=float32), array([ 28, 139]))
Training group 2, split 2
	Early stopping at epoch 13
	Y Train Labels:(array([0., 1.], dtype=float32), array([ 28, 307]))
	Y Val Labels:(array([0.], dtype=float32), array([167]))
Training group 2, split 3
	Early stopping at epoch 13
	Y Train Labels:(array([0., 1.], dtype=float32), array([195, 307]))
	Y Val Labels:(array([0.], dtype=float32), array([167]))
Done.
	Creating sequence for 'somesing'... Training group 3, split 1
	Early stopping at epoch 13
	Y Train Labels:(array([1.], dtype=float32), array([239]))
	Y Val Labels:(array([1.], dtype=float32), array([237]))
Training group 3, split 2
	Early stopping at epoch 13
	Y Train Labels:(array([1.], dtype=float32), array([476]))
	Y Val Labels:(array([1.], dtype=float32), array([237]))
Training group 3, split 3
	Early stopping at epoch 13
	Y Train Labels:(array([1.], dtype=float32), array([713]))
	Y Val Labels:(array([1.], dtype=float32), array([237]))
Done.
	Creating sequence for 'carry'... Training group 4, split 1
	Early stopping at epoch 13
	Y Train Labels:(array([1.], dtype=float32), array([431]))
	Y Val Labels:(array([1.], dtype=float32), array([431]))
Training group 4, split 2
