


--------------------------------------------------
Starting lstm.py at '2024-10-25 17:02:10.603308'.
Reading './balancedDataset.json'... Done.
Total training Data: 1030
DAOs trained so far:304
Size of training set: 417
Size of test set: 309
Preparing data for training...
Preparing data for testing...
Parameters:
	Num epochs: 60
	Initial learning rate: 0.001
	Patience: 12
	Window size: 60
	Timeseries splits: 3
	Minimum number of timeseries datapoints: 64
Gradient boosting params: 
	{"max_depth": 3, "learning_rate": 0.05, "n_estimators": 100, "objective": "binary:logistic", "eval_metric": "logloss"}
	Creating sequence for 'bitmart-token'... Training group 0, split 1
	Early stopping at epoch 13
	Y Train Labels:(array([1.], dtype=float32), array([541]))
	Y Val Labels:(array([1.], dtype=float32), array([541]))
Training group 0, split 2
	Early stopping at epoch 13
	Y Train Labels:(array([1.], dtype=float32), array([1082]))
	Y Val Labels:(array([1.], dtype=float32), array([541]))
Training group 0, split 3
	Early stopping at epoch 13
	Y Train Labels:(array([1.], dtype=float32), array([1623]))
	Y Val Labels:(array([1.], dtype=float32), array([541]))
Done.
	Creating sequence for 'bella-protocol'... Training group 1, split 1
	Early stopping at epoch 13
	Y Train Labels:(array([1.], dtype=float32), array([330]))
	Y Val Labels:(array([1.], dtype=float32), array([327]))
Training group 1, split 2
	Early stopping at epoch 13
	Y Train Labels:(array([1.], dtype=float32), array([657]))
	Y Val Labels:(array([1.], dtype=float32), array([327]))
Training group 1, split 3
	Early stopping at epoch 13
	Y Train Labels:(array([1.], dtype=float32), array([984]))
	Y Val Labels:(array([1.], dtype=float32), array([327]))
Done.
	Creating sequence for 'l'... Training group 2, split 1
	Early stopping at epoch 13
	Y Train Labels:(array([0.], dtype=float32), array([91]))
	Y Val Labels:(array([0.], dtype=float32), array([91]))
Training group 2, split 2
	Early stopping at epoch 13
	Y Train Labels:(array([0.], dtype=float32), array([182]))
	Y Val Labels:(array([0.], dtype=float32), array([91]))
Training group 2, split 3
	Early stopping at epoch 13
	Y Train Labels:(array([0.], dtype=float32), array([273]))
	Y Val Labels:(array([0.], dtype=float32), array([91]))
Done.
	Creating sequence for 'ethos'... Training group 3, split 1
	Early stopping at epoch 13
	Y Train Labels:(array([1.], dtype=float32), array([361]))
	Y Val Labels:(array([1.], dtype=float32), array([361]))
Training group 3, split 2
	Early stopping at epoch 13
	Y Train Labels:(array([1.], dtype=float32), array([722]))
	Y Val Labels:(array([1.], dtype=float32), array([361]))
Training group 3, split 3
	Early stopping at epoch 13
	Y Train Labels:(array([1.], dtype=float32), array([1083]))
	Y Val Labels:(array([1.], dtype=float32), array([361]))
Done.
	Creating sequence for 'sovryn'... Training group 4, split 1
	Early stopping at epoch 13
	Y Train Labels:(array([1.], dtype=float32), array([235]))
	Y Val Labels:(array([1.], dtype=float32), array([233]))
Training group 4, split 2
	Early stopping at epoch 13
	Y Train Labels:(array([1.], dtype=float32), array([468]))
	Y Val Labels:(array([1.], dtype=float32), array([233]))
Training group 4, split 3
