


--------------------------------------------------
Starting lstm.py at '2024-10-25 16:40:44.805195'.
Reading './balancedDataset.json'... Done.
Total training Data: 1030
DAOs trained so far:140
Size of training set: 581
Size of test set: 309
Preparing data for training...
Preparing data for testing...
Parameters:
	Num epochs: 60
	Initial learning rate: 0.001
	Patience: 12
	Window size: 60
	Timeseries splits: 3
	Minimum number of timeseries datapoints: 64
Gradient boosting params: 
	{"max_depth": 3, "learning_rate": 0.05, "n_estimators": 100, "objective": "binary:logistic", "eval_metric": "logloss"}
	Creating sequence for 'hoge-finance'... Training group 0, split 1
	Early stopping at epoch 13
	Y Train Labels:(array([1.], dtype=float32), array([299]))
	Y Val Labels:(array([1.], dtype=float32), array([299]))
Training group 0, split 2
	Early stopping at epoch 13
	Y Train Labels:(array([1.], dtype=float32), array([598]))
	Y Val Labels:(array([1.], dtype=float32), array([299]))
Training group 0, split 3
	Early stopping at epoch 13
	Y Train Labels:(array([1.], dtype=float32), array([897]))
	Y Val Labels:(array([0., 1.], dtype=float32), array([ 88, 211]))
Done.
	Creating sequence for 'harvest-finance'... Training group 1, split 1
	Early stopping at epoch 13
	Y Train Labels:(array([1.], dtype=float32), array([340]))
	Y Val Labels:(array([1.], dtype=float32), array([340]))
Training group 1, split 2
	Early stopping at epoch 13
	Y Train Labels:(array([1.], dtype=float32), array([680]))
	Y Val Labels:(array([0., 1.], dtype=float32), array([121, 219]))
Training group 1, split 3
	Early stopping at epoch 13
	Y Train Labels:(array([0., 1.], dtype=float32), array([121, 899]))
	Y Val Labels:(array([0.], dtype=float32), array([340]))
Done.
	Creating sequence for 'taraxa'... Training group 2, split 1
	Early stopping at epoch 13
	Y Train Labels:(array([1.], dtype=float32), array([308]))
	Y Val Labels:(array([1.], dtype=float32), array([305]))
Training group 2, split 2
	Early stopping at epoch 13
	Y Train Labels:(array([1.], dtype=float32), array([613]))
	Y Val Labels:(array([1.], dtype=float32), array([305]))
Training group 2, split 3
	Early stopping at epoch 13
	Y Train Labels:(array([1.], dtype=float32), array([918]))
	Y Val Labels:(array([1.], dtype=float32), array([305]))
Done.
	Creating sequence for 'indexed-finance'... Training group 3, split 1
	Early stopping at epoch 13
	Y Train Labels:(array([1.], dtype=float32), array([275]))
	Y Val Labels:(array([0., 1.], dtype=float32), array([191,  83]))
Training group 3, split 2
	Early stopping at epoch 13
	Y Train Labels:(array([0., 1.], dtype=float32), array([191, 358]))
	Y Val Labels:(array([0.], dtype=float32), array([274]))
Training group 3, split 3
	Early stopping at epoch 13
	Y Train Labels:(array([0., 1.], dtype=float32), array([465, 358]))
	Y Val Labels:(array([0.], dtype=float32), array([274]))
Done.
	Creating sequence for 'propbase'... Training group 4, split 1
	Early stopping at epoch 13
	Y Train Labels:(array([1.], dtype=float32), array([65]))
	Y Val Labels:(array([1.], dtype=float32), array([64]))
Training group 4, split 2
	Early stopping at epoch 13
	Y Train Labels:(array([1.], dtype=float32), array([129]))
	Y Val Labels:(array([1.], dtype=float32), array([64]))
Training group 4, split 3
	Early stopping at epoch 13
	Y Train Labels:(array([1.], dtype=float32), array([193]))
	Y Val Labels:(array([1.], dtype=float32), array([64]))
Done.
	Creating sequence for 'gatechain-token'... Training group 5, split 1
	Early stopping at epoch 13
	Y Train Labels:(array([1.], dtype=float32), array([437]))
	Y Val Labels:(array([1.], dtype=float32), array([436]))
Training group 5, split 2
