


--------------------------------------------------
Starting lstm.py at '2024-10-26 22:32:22.883582'.
Reading '../classifiedDAOs.json'... Done.
Total training Data: 1578
DAOs trained so far:180
Size of training set: 924
Size of test set: 474
Preparing data for training...
Preparing data for testing...
Parameters:
	Num epochs: 60
	Initial learning rate: 0.001
	Patience: 12
	Window size: 60
	Timeseries splits: 3
	Minimum number of timeseries datapoints: 64
Gradient boosting params: 
	{"max_depth": 3, "learning_rate": 0.05, "n_estimators": 100, "objective": "binary:logistic", "eval_metric": "logloss"}
	Creating sequence for 'mixmarvel'... Training group 0, split 1
	Early stopping at epoch 13
	Y Train Labels:(array([1.], dtype=float32), array([445]))
	Y Val Labels:(array([0., 1.], dtype=float32), array([132, 310]))
Training group 0, split 2
	Early stopping at epoch 13
	Y Train Labels:(array([0., 1.], dtype=float32), array([132, 755]))
	Y Val Labels:(array([0.], dtype=float32), array([442]))
Training group 0, split 3
	Early stopping at epoch 13
	Y Train Labels:(array([0., 1.], dtype=float32), array([574, 755]))
	Y Val Labels:(array([0.], dtype=float32), array([442]))
Done.
	Creating sequence for 'arcs'... Training group 1, split 1
	Early stopping at epoch 13
	Y Train Labels:(array([1.], dtype=float32), array([396]))
	Y Val Labels:(array([0., 1.], dtype=float32), array([210, 184]))
Training group 1, split 2
	Early stopping at epoch 13
	Y Train Labels:(array([0., 1.], dtype=float32), array([210, 580]))
	Y Val Labels:(array([0.], dtype=float32), array([394]))
Training group 1, split 3
	Early stopping at epoch 13
	Y Train Labels:(array([0., 1.], dtype=float32), array([604, 580]))
	Y Val Labels:(array([0.], dtype=float32), array([394]))
Done.
	Creating sequence for 'propchain'... Training group 2, split 1
	Early stopping at epoch 13
	Y Train Labels:(array([1.], dtype=float32), array([111]))
	Y Val Labels:(array([1.], dtype=float32), array([108]))
Training group 2, split 2
	Early stopping at epoch 13
	Y Train Labels:(array([1.], dtype=float32), array([219]))
	Y Val Labels:(array([1.], dtype=float32), array([108]))
Training group 2, split 3
	Early stopping at epoch 13
	Y Train Labels:(array([1.], dtype=float32), array([327]))
	Y Val Labels:(array([0., 1.], dtype=float32), array([45, 63]))
Done.
	Creating sequence for 'nkn'... Training group 3, split 1
	Early stopping at epoch 13
	Y Train Labels:(array([1.], dtype=float32), array([558]))
	Y Val Labels:(array([1.], dtype=float32), array([558]))
Training group 3, split 2
