


--------------------------------------------------
Starting lstm.py at '2024-10-27 00:30:12.769777'.
Reading '../classifiedDAOs.json'... Done.
Total training Data: 1578
DAOs trained so far:856
Size of training set: 248
Size of test set: 474
Preparing data for training...
Preparing data for testing...
Parameters:
	Num epochs: 60
	Initial learning rate: 0.001
	Patience: 12
	Window size: 60
	Timeseries splits: 3
	Minimum number of timeseries datapoints: 64
Gradient boosting params: 
	{"max_depth": 3, "learning_rate": 0.05, "n_estimators": 100, "objective": "binary:logistic", "eval_metric": "logloss"}
	Creating sequence for 'rocket-pool'... Training group 0, split 1
	Y Train Labels:(array([1.], dtype=float32), array([527]))
	Y Val Labels:(array([1.], dtype=float32), array([526]))
Training group 0, split 2
	Y Train Labels:(array([1.], dtype=float32), array([1053]))
	Y Val Labels:(array([1.], dtype=float32), array([526]))
Training group 0, split 3
	Y Train Labels:(array([1.], dtype=float32), array([1579]))
	Y Val Labels:(array([1.], dtype=float32), array([526]))
Done.
	Creating sequence for 'agatech'... Training group 1, split 1
	Y Train Labels:(array([0., 1.], dtype=float32), array([ 2, 59]))
	Y Val Labels:(array([0.], dtype=float32), array([58]))
Training group 1, split 2
	Early stopping at epoch 23
	Y Train Labels:(array([0., 1.], dtype=float32), array([60, 59]))
	Y Val Labels:(array([0.], dtype=float32), array([58]))
Training group 1, split 3
	Early stopping at epoch 25
	Y Train Labels:(array([0., 1.], dtype=float32), array([118,  59]))
	Y Val Labels:(array([0.], dtype=float32), array([58]))
Done.
	Creating sequence for 'mcdex'... Training group 2, split 1
	Y Train Labels:(array([1.], dtype=float32), array([342]))
	Y Val Labels:(array([1.], dtype=float32), array([341]))
Training group 2, split 2
	Y Train Labels:(array([1.], dtype=float32), array([683]))
	Y Val Labels:(array([1.], dtype=float32), array([341]))
Training group 2, split 3
	Y Train Labels:(array([1.], dtype=float32), array([1024]))
	Y Val Labels:(array([1.], dtype=float32), array([341]))
Done.
	Creating sequence for 'graphlinq-protocol'... Training group 3, split 1
	Y Train Labels:(array([1.], dtype=float32), array([294]))
	Y Val Labels:(array([1.], dtype=float32), array([294]))
Training group 3, split 2
	Y Train Labels:(array([1.], dtype=float32), array([588]))
	Y Val Labels:(array([1.], dtype=float32), array([294]))
Training group 3, split 3
	Y Train Labels:(array([1.], dtype=float32), array([882]))
	Y Val Labels:(array([1.], dtype=float32), array([294]))
Done.
	Creating sequence for 'thrupenny'... Training group 4, split 1
	Early stopping at epoch 31
	Y Train Labels:(array([1.], dtype=float32), array([177]))
	Y Val Labels:(array([1.], dtype=float32), array([177]))
Training group 4, split 2
	Early stopping at epoch 13
	Y Train Labels:(array([1.], dtype=float32), array([354]))
	Y Val Labels:(array([0., 1.], dtype=float32), array([ 34, 143]))
Training group 4, split 3
	Y Train Labels:(array([0., 1.], dtype=float32), array([ 34, 497]))
	Y Val Labels:(array([0.], dtype=float32), array([177]))
Done.
	Creating sequence for 'electra-protocol'... Training group 5, split 1
	Y Train Labels:(array([1.], dtype=float32), array([324]))
	Y Val Labels:(array([1.], dtype=float32), array([324]))
Training group 5, split 2
