


--------------------------------------------------
Starting lstm.py at '2024-10-25 18:01:21.313370'.
Reading './balancedDataset.json'... Done.
Total training Data: 1030
DAOs trained so far:692
Size of training set: 29
Size of test set: 309
Preparing data for training...
Preparing data for testing...
Parameters:
	Num epochs: 60
	Initial learning rate: 0.001
	Patience: 12
	Window size: 60
	Timeseries splits: 3
	Minimum number of timeseries datapoints: 64
Gradient boosting params: 
	{"max_depth": 3, "learning_rate": 0.05, "n_estimators": 100, "objective": "binary:logistic", "eval_metric": "logloss"}
	Creating sequence for 'dhedge-dao'... Training group 0, split 1
	Early stopping at epoch 13
	Y Train Labels:(array([1.], dtype=float32), array([333]))
	Y Val Labels:(array([1.], dtype=float32), array([332]))
Training group 0, split 2
	Early stopping at epoch 13
	Y Train Labels:(array([1.], dtype=float32), array([665]))
	Y Val Labels:(array([1.], dtype=float32), array([332]))
Training group 0, split 3
	Early stopping at epoch 13
	Y Train Labels:(array([1.], dtype=float32), array([997]))
	Y Val Labels:(array([1.], dtype=float32), array([332]))
Done.
	Creating sequence for 'ardor'... Training group 1, split 1
	Early stopping at epoch 13
	Y Train Labels:(array([1.], dtype=float32), array([574]))
	Y Val Labels:(array([1.], dtype=float32), array([571]))
Training group 1, split 2
	Early stopping at epoch 13
	Y Train Labels:(array([1.], dtype=float32), array([1145]))
	Y Val Labels:(array([1.], dtype=float32), array([571]))
Training group 1, split 3
	Early stopping at epoch 13
	Y Train Labels:(array([1.], dtype=float32), array([1716]))
	Y Val Labels:(array([0., 1.], dtype=float32), array([459, 112]))
Done.
	Creating sequence for 'dodreamchain'... Training group 2, split 1
	Early stopping at epoch 13
	Y Train Labels:(array([1.], dtype=float32), array([369]))
	Y Val Labels:(array([0., 1.], dtype=float32), array([138, 230]))
Training group 2, split 2
	Early stopping at epoch 13
	Y Train Labels:(array([0., 1.], dtype=float32), array([138, 599]))
	Y Val Labels:(array([0.], dtype=float32), array([368]))
Training group 2, split 3
	Early stopping at epoch 13
	Y Train Labels:(array([0., 1.], dtype=float32), array([506, 599]))
	Y Val Labels:(array([0.], dtype=float32), array([368]))
Done.
	Creating sequence for 'radium'... Training group 3, split 1
	Early stopping at epoch 13
	Y Train Labels:(array([1.], dtype=float32), array([212]))
	Y Val Labels:(array([1.], dtype=float32), array([209]))
Training group 3, split 2
	Early stopping at epoch 13
	Y Train Labels:(array([1.], dtype=float32), array([421]))
	Y Val Labels:(array([1.], dtype=float32), array([209]))
Training group 3, split 3
	Early stopping at epoch 13
	Y Train Labels:(array([1.], dtype=float32), array([630]))
	Y Val Labels:(array([1.], dtype=float32), array([209]))
Done.
	Creating sequence for 'snek'... Training group 4, split 1
	Early stopping at epoch 13
	Y Train Labels:(array([1.], dtype=float32), array([92]))
	Y Val Labels:(array([1.], dtype=float32), array([90]))
Training group 4, split 2
	Early stopping at epoch 13
	Y Train Labels:(array([1.], dtype=float32), array([182]))
	Y Val Labels:(array([1.], dtype=float32), array([90]))
Training group 4, split 3
	Early stopping at epoch 13
	Y Train Labels:(array([1.], dtype=float32), array([272]))
	Y Val Labels:(array([1.], dtype=float32), array([90]))
Done.
	Creating sequence for 'bitball-treasure'... Training group 5, split 1
	Early stopping at epoch 13
	Y Train Labels:(array([1.], dtype=float32), array([433]))
	Y Val Labels:(array([0., 1.], dtype=float32), array([ 86, 345]))
Training group 5, split 2
