


--------------------------------------------------
Starting lstm.py at '2024-10-25 12:34:50.186426'.
Reading './balancedDataset.json'... Done.
Total training Data: 1030
DAOs trained so far:630
Size of training set: 91
Size of test set: 309
Preparing data for training...
Preparing data for testing...
Parameters:
	Num epochs: 60
	Initial learning rate: 0.001
	Patience: 12
	Window size: 60
	Timeseries splits: 3
	Minimum number of timeseries datapoints: 64
Gradient boosting params: 
	{"max_depth": 3, "learning_rate": 0.05, "n_estimators": 100, "objective": "binary:logistic", "eval_metric": "logloss"}
	Creating sequence for 'fanstime'... Training group 0, split 1
	Y Train Labels:(array([1.], dtype=float32), array([539]))
	Y Val Labels:(array([1.], dtype=float32), array([536]))
Training group 0, split 2
	Early stopping at epoch 13
	Y Train Labels:(array([1.], dtype=float32), array([1075]))
	Y Val Labels:(array([0., 1.], dtype=float32), array([415, 121]))
Training group 0, split 3
	Early stopping at epoch 40
	Y Train Labels:(array([0., 1.], dtype=float32), array([ 415, 1196]))
	Y Val Labels:(array([0.], dtype=float32), array([536]))
Done.
	Creating sequence for 'conceal'... Training group 1, split 1
	Y Train Labels:(array([1.], dtype=float32), array([112]))
	Y Val Labels:(array([1.], dtype=float32), array([112]))
Training group 1, split 2
	Y Train Labels:(array([1.], dtype=float32), array([224]))
	Y Val Labels:(array([1.], dtype=float32), array([112]))
Training group 1, split 3
	Y Train Labels:(array([1.], dtype=float32), array([336]))
	Y Val Labels:(array([1.], dtype=float32), array([112]))
Done.
	Creating sequence for 'tether'... Training group 2, split 1
	Y Train Labels:(array([1.], dtype=float32), array([572]))
	Y Val Labels:(array([1.], dtype=float32), array([571]))
Training group 2, split 2
	Y Train Labels:(array([1.], dtype=float32), array([1143]))
	Y Val Labels:(array([1.], dtype=float32), array([571]))
Training group 2, split 3
	Y Train Labels:(array([1.], dtype=float32), array([1714]))
	Y Val Labels:(array([1.], dtype=float32), array([571]))
Done.
	Creating sequence for 'alpine-f1-team-fan-token'... Training group 3, split 1
	Early stopping at epoch 13
	Y Train Labels:(array([1.], dtype=float32), array([216]))
	Y Val Labels:(array([0., 1.], dtype=float32), array([ 62, 151]))
Training group 3, split 2
	Early stopping at epoch 49
	Y Train Labels:(array([0., 1.], dtype=float32), array([ 62, 367]))
	Y Val Labels:(array([0.], dtype=float32), array([213]))
Training group 3, split 3
	Early stopping at epoch 26
	Y Train Labels:(array([0., 1.], dtype=float32), array([275, 367]))
	Y Val Labels:(array([0.], dtype=float32), array([213]))
Done.
	Creating sequence for 'blockstack'... Training group 4, split 1
	Y Train Labels:(array([1.], dtype=float32), array([316]))
	Y Val Labels:(array([1.], dtype=float32), array([314]))
Training group 4, split 2
	Y Train Labels:(array([1.], dtype=float32), array([630]))
	Y Val Labels:(array([1.], dtype=float32), array([314]))
Training group 4, split 3
	Y Train Labels:(array([1.], dtype=float32), array([944]))
	Y Val Labels:(array([1.], dtype=float32), array([314]))
Done.
	Creating sequence for 'tokenfi'... Training group 5, split 1
	Y Train Labels:(array([1.], dtype=float32), array([70]))
	Y Val Labels:(array([1.], dtype=float32), array([68]))
Training group 5, split 2
	Y Train Labels:(array([1.], dtype=float32), array([138]))
	Y Val Labels:(array([1.], dtype=float32), array([68]))
Training group 5, split 3
	Y Train Labels:(array([1.], dtype=float32), array([206]))
	Y Val Labels:(array([1.], dtype=float32), array([68]))
Done.
	Creating sequence for 'monero'... Training group 6, split 1
	Y Train Labels:(array([1.], dtype=float32), array([544]))
	Y Val Labels:(array([1.], dtype=float32), array([542]))
Training group 6, split 2
	Y Train Labels:(array([1.], dtype=float32), array([1086]))
	Y Val Labels:(array([1.], dtype=float32), array([542]))
Training group 6, split 3
