


--------------------------------------------------
Starting lstm.py at '2024-10-26 23:15:44.995297'.
Reading '../classifiedDAOs.json'... Done.
Total training Data: 1578
DAOs trained so far:458
Size of training set: 646
Size of test set: 474
Preparing data for training...
Preparing data for testing...
Parameters:
	Num epochs: 60
	Initial learning rate: 0.001
	Patience: 12
	Window size: 60
	Timeseries splits: 3
	Minimum number of timeseries datapoints: 64
Gradient boosting params: 
	{"max_depth": 3, "learning_rate": 0.05, "n_estimators": 100, "objective": "binary:logistic", "eval_metric": "logloss"}
	Creating sequence for 'storm'... Training group 0, split 1
	Early stopping at epoch 13
	Y Train Labels:(array([1.], dtype=float32), array([582]))
	Y Val Labels:(array([1.], dtype=float32), array([580]))
Training group 0, split 2
	Early stopping at epoch 13
	Y Train Labels:(array([1.], dtype=float32), array([1162]))
	Y Val Labels:(array([0., 1.], dtype=float32), array([236, 344]))
Training group 0, split 3
	Early stopping at epoch 13
	Y Train Labels:(array([0., 1.], dtype=float32), array([ 236, 1506]))
	Y Val Labels:(array([0.], dtype=float32), array([580]))
Done.
	Creating sequence for 'bonfida'... Training group 1, split 1
	Early stopping at epoch 13
	Y Train Labels:(array([1.], dtype=float32), array([292]))
	Y Val Labels:(array([1.], dtype=float32), array([290]))
Training group 1, split 2
	Early stopping at epoch 13
	Y Train Labels:(array([1.], dtype=float32), array([582]))
	Y Val Labels:(array([1.], dtype=float32), array([290]))
Training group 1, split 3
	Early stopping at epoch 13
	Y Train Labels:(array([1.], dtype=float32), array([872]))
	Y Val Labels:(array([1.], dtype=float32), array([290]))
Done.
	Creating sequence for 'cyberfi'... Training group 2, split 1
	Early stopping at epoch 13
	Y Train Labels:(array([1.], dtype=float32), array([153]))
	Y Val Labels:(array([1.], dtype=float32), array([150]))
Training group 2, split 2
	Early stopping at epoch 13
	Y Train Labels:(array([1.], dtype=float32), array([303]))
	Y Val Labels:(array([1.], dtype=float32), array([150]))
Training group 2, split 3
	Early stopping at epoch 13
	Y Train Labels:(array([1.], dtype=float32), array([453]))
	Y Val Labels:(array([1.], dtype=float32), array([150]))
Done.
	Creating sequence for 'woof'... Training group 3, split 1
	Early stopping at epoch 13
	Y Train Labels:(array([1.], dtype=float32), array([230]))
	Y Val Labels:(array([1.], dtype=float32), array([230]))
Training group 3, split 2
	Early stopping at epoch 13
	Y Train Labels:(array([1.], dtype=float32), array([460]))
	Y Val Labels:(array([1.], dtype=float32), array([230]))
Training group 3, split 3
	Early stopping at epoch 13
	Y Train Labels:(array([1.], dtype=float32), array([690]))
	Y Val Labels:(array([0., 1.], dtype=float32), array([109, 121]))
Done.
	Creating sequence for 'nix-bridge-token'... Training group 4, split 1
	Early stopping at epoch 13
	Y Train Labels:(array([1.], dtype=float32), array([212]))
	Y Val Labels:(array([1.], dtype=float32), array([212]))
Training group 4, split 2
	Early stopping at epoch 13
	Y Train Labels:(array([1.], dtype=float32), array([424]))
	Y Val Labels:(array([1.], dtype=float32), array([212]))
Training group 4, split 3
	Early stopping at epoch 13
	Y Train Labels:(array([1.], dtype=float32), array([636]))
	Y Val Labels:(array([0., 1.], dtype=float32), array([ 94, 118]))
Done.
	Creating sequence for 'geodnet'... Training group 5, split 1
	Early stopping at epoch 13
	Y Train Labels:(array([1.], dtype=float32), array([181]))
	Y Val Labels:(array([1.], dtype=float32), array([178]))
Training group 5, split 2
	Early stopping at epoch 13
	Y Train Labels:(array([1.], dtype=float32), array([359]))
	Y Val Labels:(array([1.], dtype=float32), array([178]))
Training group 5, split 3
