


--------------------------------------------------
Starting lstm.py at '2024-10-26 22:52:52.946730'.
Reading '../classifiedDAOs.json'... Done.
Total training Data: 1578
DAOs trained so far:313
Size of training set: 791
Size of test set: 474
Preparing data for training...
Preparing data for testing...
Parameters:
	Num epochs: 60
	Initial learning rate: 0.001
	Patience: 12
	Window size: 60
	Timeseries splits: 3
	Minimum number of timeseries datapoints: 64
Gradient boosting params: 
	{"max_depth": 3, "learning_rate": 0.05, "n_estimators": 100, "objective": "binary:logistic", "eval_metric": "logloss"}
	Creating sequence for 'usds'... Skipped.
	Creating sequence for 'algorand'... Training group 0, split 1
	Early stopping at epoch 13
	Y Train Labels:(array([1.], dtype=float32), array([453]))
	Y Val Labels:(array([1.], dtype=float32), array([451]))
Training group 0, split 2
	Early stopping at epoch 13
	Y Train Labels:(array([1.], dtype=float32), array([904]))
	Y Val Labels:(array([1.], dtype=float32), array([451]))
Training group 0, split 3
	Early stopping at epoch 13
	Y Train Labels:(array([1.], dtype=float32), array([1355]))
	Y Val Labels:(array([0., 1.], dtype=float32), array([351, 100]))
Done.
	Creating sequence for 'hyperchainx'... Training group 1, split 1
	Early stopping at epoch 13
	Y Train Labels:(array([1.], dtype=float32), array([164]))
	Y Val Labels:(array([1.], dtype=float32), array([161]))
Training group 1, split 2
	Early stopping at epoch 13
	Y Train Labels:(array([1.], dtype=float32), array([325]))
	Y Val Labels:(array([1.], dtype=float32), array([161]))
Training group 1, split 3
	Early stopping at epoch 13
	Y Train Labels:(array([1.], dtype=float32), array([486]))
	Y Val Labels:(array([1.], dtype=float32), array([161]))
Done.
	Creating sequence for 'orion-money'... Training group 2, split 1
	Early stopping at epoch 13
	Y Train Labels:(array([0., 1.], dtype=float32), array([203,  29]))
	Y Val Labels:(array([0.], dtype=float32), array([229]))
Training group 2, split 2
	Early stopping at epoch 13
	Y Train Labels:(array([0., 1.], dtype=float32), array([432,  29]))
	Y Val Labels:(array([0.], dtype=float32), array([229]))
Training group 2, split 3
	Early stopping at epoch 13
	Y Train Labels:(array([0., 1.], dtype=float32), array([661,  29]))
	Y Val Labels:(array([0.], dtype=float32), array([229]))
Done.
	Creating sequence for 'hedera-hashgraph'... Training group 3, split 1
	Early stopping at epoch 13
	Y Train Labels:(array([1.], dtype=float32), array([246]))
	Y Val Labels:(array([1.], dtype=float32), array([245]))
Training group 3, split 2
	Early stopping at epoch 13
	Y Train Labels:(array([1.], dtype=float32), array([491]))
	Y Val Labels:(array([1.], dtype=float32), array([245]))
Training group 3, split 3
	Early stopping at epoch 13
	Y Train Labels:(array([1.], dtype=float32), array([736]))
	Y Val Labels:(array([1.], dtype=float32), array([245]))
Done.
	Creating sequence for 'zeepin'... Training group 4, split 1
	Early stopping at epoch 13
	Y Train Labels:(array([1.], dtype=float32), array([572]))
	Y Val Labels:(array([0., 1.], dtype=float32), array([558,  14]))
Training group 4, split 2
