


--------------------------------------------------
Starting lstm.py at '2024-10-10 23:38:08.817554'.
Reading './isDaoActiveData(4).json'... Done.
Total training Data: 379
Size of training set: 265
Size of test set: 114
Preparing data for training...
	Creating sequence for 'chiliz'... 0    chiliz
Name: slug, dtype: object
Insufficient data for window size 60. Skipping.
[]
Done.
	Creating sequence for 'alphabet-erc404'... 1    alphabet-erc404
Name: slug, dtype: object
Insufficient data for window size 60. Skipping.
[]
Done.
	Creating sequence for 'across-protocol'... 2    across-protocol
Name: slug, dtype: object
Insufficient data for window size 60. Skipping.
[]
Done.
	Creating sequence for 'clore-ai'... 3    clore-ai
Name: slug, dtype: object
Insufficient data for window size 60. Skipping.
[]
Done.
	Creating sequence for 'alchemist'... 4    alchemist
Name: slug, dtype: object
Insufficient data for window size 60. Skipping.
[]
Done.
	Creating sequence for 'cnns'... 5    cnns
Name: slug, dtype: object
Insufficient data for window size 60. Skipping.
[]
Done.
	Creating sequence for 'bnktothefuture'... 6    bnktothefuture
Name: slug, dtype: object
Insufficient data for window size 60. Skipping.
[]
Done.
	Creating sequence for 'cornucopias'... 7    cornucopias
Name: slug, dtype: object
Insufficient data for window size 60. Skipping.
[]
Done.
	Creating sequence for 'aave-busd'... Skipped.
	Creating sequence for 'base-protocol'... 9    base-protocol
Name: slug, dtype: object
Insufficient data for window size 60. Skipping.
[]
Done.
	Creating sequence for 'algorand'... 10    algorand
Name: slug, dtype: object
Insufficient data for window size 60. Skipping.
[]
Done.
	Creating sequence for '0x0-ai-ai-smart-contract'... 11    0x0-ai-ai-smart-contract
Name: slug, dtype: object
Insufficient data for window size 60. Skipping.
[]
Done.
	Creating sequence for 'bytom'... 12    bytom
Name: slug, dtype: object
Insufficient data for window size 60. Skipping.
[]
Done.
	Creating sequence for 'as-roma-fan-token'... 13    as-roma-fan-token
Name: slug, dtype: object
Insufficient data for window size 60. Skipping.
[]
Done.
	Creating sequence for 'cajutel'... 14    cajutel
Name: slug, dtype: object
Insufficient data for window size 60. Skipping.
[]
Done.
	Creating sequence for 'chainbing'... 15    chainbing
Name: slug, dtype: object
Insufficient data for window size 60. Skipping.
[]
Done.
	Creating sequence for 'calcium'... 16    calcium
Name: slug, dtype: object
Insufficient data for window size 60. Skipping.
[]
Done.
	Creating sequence for 'belt'... 17    belt
Name: slug, dtype: object
Insufficient data for window size 60. Skipping.
[]
Done.
	Creating sequence for 'baasid'... 18    baasid
Name: slug, dtype: object
Insufficient data for window size 60. Skipping.
[]
Done.
	Creating sequence for 'cobak-token'... 19    cobak-token
Name: slug, dtype: object
Insufficient data for window size 60. Skipping.
[]
Done.
	Creating sequence for 'agatech'... 20    agatech
Name: slug, dtype: object
Insufficient data for window size 60. Skipping.
[]
Done.
	Creating sequence for 'clearpool'... 21    clearpool
Name: slug, dtype: object
Insufficient data for window size 60. Skipping.
[]
Done.
	Creating sequence for 'bridge-mutual'... 22    bridge-mutual
Name: slug, dtype: object
Insufficient data for window size 60. Skipping.
[]
Done.
	Creating sequence for 'bitget-wallet-token'... 23    bitget-wallet-token
Name: slug, dtype: object
Insufficient data for window size 60. Skipping.
[]
Done.
	Creating sequence for 'chainx'... 24    chainx
Name: slug, dtype: object
Insufficient data for window size 60. Skipping.
[]
Done.
	Creating sequence for 'anyswap'... 25    anyswap
Name: slug, dtype: object
Insufficient data for window size 60. Skipping.
[]
Done.
	Creating sequence for 'botto'... 26    botto
Name: slug, dtype: object
Insufficient data for window size 60. Skipping.
[]
Done.
	Creating sequence for 'bitcoin'... 27    bitcoin
Name: slug, dtype: object
Insufficient data for window size 60. Skipping.
[]
Done.
	Creating sequence for 'centrifuge'... 28    centrifuge
Name: slug, dtype: object
Insufficient data for window size 60. Skipping.
[]
Done.
	Creating sequence for 'basis-cash'... 29    basis-cash
Name: slug, dtype: object
Insufficient data for window size 60. Skipping.
[]
Done.
	Creating sequence for 'bolt'... 30    bolt
Name: slug, dtype: object
Insufficient data for window size 60. Skipping.
[]
Done.
	Creating sequence for 'creo-engine'... 31    creo-engine
Name: slug, dtype: object
Insufficient data for window size 60. Skipping.
[]
Done.
	Creating sequence for 'band-protocol'... 32    band-protocol
Name: slug, dtype: object
Insufficient data for window size 60. Skipping.
[]
Done.
	Creating sequence for 'celestia'... 33    celestia
Name: slug, dtype: object
Insufficient data for window size 60. Skipping.
[]
Done.
	Creating sequence for 'antimatter'... 34    antimatter
Name: slug, dtype: object
Insufficient data for window size 60. Skipping.
[]
Done.
	Creating sequence for 'bistroo'... 35    bistroo
Name: slug, dtype: object
Insufficient data for window size 60. Skipping.
[]
Done.
	Creating sequence for 'aipad'... 36    aipad
Name: slug, dtype: object
Insufficient data for window size 60. Skipping.
[]
Done.
	Creating sequence for 'bidao'... 37    bidao
Name: slug, dtype: object
Insufficient data for window size 60. Skipping.
[]
Done.
	Creating sequence for 'bitmart-token'... 38    bitmart-token
Name: slug, dtype: object
Insufficient data for window size 60. Skipping.
[]
Done.
	Creating sequence for 'blocknet'... 39    blocknet
Name: slug, dtype: object
Insufficient data for window size 60. Skipping.
[]
Done.
	Creating sequence for 'aviator'... 40    aviator
Name: slug, dtype: object
Insufficient data for window size 60. Skipping.
[]
Done.
	Creating sequence for 'ark'... 41    ark
Name: slug, dtype: object
Insufficient data for window size 60. Skipping.
[]
Done.
	Creating sequence for 'bifrost'... 42    bifrost
Name: slug, dtype: object
Insufficient data for window size 60. Skipping.
[]
Done.
	Creating sequence for 'assemble-protocol'... 43    assemble-protocol
Name: slug, dtype: object
Insufficient data for window size 60. Skipping.
[]
Done.
	Creating sequence for 'aergo'... 44    aergo
Name: slug, dtype: object
Insufficient data for window size 60. Skipping.
[]
Done.
	Creating sequence for 'artrade'... 45    artrade
Name: slug, dtype: object
Insufficient data for window size 60. Skipping.
[]
Done.
	Creating sequence for 'access-protocol'... 46    access-protocol
Name: slug, dtype: object
Insufficient data for window size 60. Skipping.
[]
Done.
	Creating sequence for 'aurusx'... 47    aurusx
Name: slug, dtype: object
Insufficient data for window size 60. Skipping.
[]
Done.
	Creating sequence for 'affyn'... 48    affyn
Name: slug, dtype: object
Insufficient data for window size 60. Skipping.
[]
Done.
	Creating sequence for 'adapad'... 49    adapad
Name: slug, dtype: object
Insufficient data for window size 60. Skipping.
[]
Done.
	Creating sequence for 'crypto-asset-governance-alliance'... 50    crypto-asset-governance-alliance
Name: slug, dtype: object
Insufficient data for window size 60. Skipping.
[]
Done.
	Creating sequence for 'compound-basic-attention-token'... 51    compound-basic-attention-token
Name: slug, dtype: object
Insufficient data for window size 60. Skipping.
[]
Done.
	Creating sequence for 'aave-usdt'... Skipped.
	Creating sequence for 'apy-finance'... 53    apy-finance
Name: slug, dtype: object
Insufficient data for window size 60. Skipping.
[]
Done.
	Creating sequence for 'arweave'... 54    arweave
Name: slug, dtype: object
Insufficient data for window size 60. Skipping.
[]
Done.
	Creating sequence for 'ageofgods'... 55    ageofgods
Name: slug, dtype: object
Insufficient data for window size 60. Skipping.
[]
Done.
	Creating sequence for 'biswap'... 56    biswap
Name: slug, dtype: object
Insufficient data for window size 60. Skipping.
[]
Done.
	Creating sequence for 'dafi-protocol'... 57    dafi-protocol
Name: slug, dtype: object
Insufficient data for window size 60. Skipping.
[]
Done.
	Creating sequence for 'biconomy'... 58    biconomy
Name: slug, dtype: object
Insufficient data for window size 60. Skipping.
[]
Done.
	Creating sequence for 'cumrocket'... 59    cumrocket
Name: slug, dtype: object
Insufficient data for window size 60. Skipping.
[]
Done.
	Creating sequence for 'beoble'... 60    beoble
Name: slug, dtype: object
[]
[]
Done.
	Creating sequence for 'apm-coin'... 61    apm-coin
Name: slug, dtype: object
61    [{'datetime': '2019-12-27T00:00:00Z', 'value':...
Name: priceUSD, dtype: object
                                             priceUSD  ...                                        devActivity
61  [{'datetime': '2019-12-27T00:00:00Z', 'value':...  ...  [{'datetime': '2009-01-02T00:00:00Z', 'value':...

[1 rows x 3 columns]
