


--------------------------------------------------
Starting lstm.py at '2024-10-25 17:23:30.827668'.
Reading './balancedDataset.json'... Done.
Total training Data: 1030
DAOs trained so far:438
Size of training set: 283
Size of test set: 309
Preparing data for training...
Preparing data for testing...
Parameters:
	Num epochs: 60
	Initial learning rate: 0.001
	Patience: 12
	Window size: 60
	Timeseries splits: 3
	Minimum number of timeseries datapoints: 64
Gradient boosting params: 
	{"max_depth": 3, "learning_rate": 0.05, "n_estimators": 100, "objective": "binary:logistic", "eval_metric": "logloss"}
	Creating sequence for 'swarm-markets'... Training group 0, split 1
	Early stopping at epoch 13
	Y Train Labels:(array([1.], dtype=float32), array([263]))
	Y Val Labels:(array([1.], dtype=float32), array([262]))
Training group 0, split 2
	Early stopping at epoch 13
	Y Train Labels:(array([1.], dtype=float32), array([525]))
	Y Val Labels:(array([1.], dtype=float32), array([262]))
Training group 0, split 3
	Early stopping at epoch 13
	Y Train Labels:(array([1.], dtype=float32), array([787]))
	Y Val Labels:(array([1.], dtype=float32), array([262]))
Done.
	Creating sequence for 'frax-price-index'... Training group 1, split 1
	Early stopping at epoch 13
	Y Train Labels:(array([1.], dtype=float32), array([110]))
	Y Val Labels:(array([1.], dtype=float32), array([108]))
Training group 1, split 2
	Early stopping at epoch 13
	Y Train Labels:(array([1.], dtype=float32), array([218]))
	Y Val Labels:(array([1.], dtype=float32), array([108]))
Training group 1, split 3
	Early stopping at epoch 13
	Y Train Labels:(array([1.], dtype=float32), array([326]))
	Y Val Labels:(array([1.], dtype=float32), array([108]))
Done.
	Creating sequence for 'paragonsdao'... Training group 2, split 1
	Early stopping at epoch 13
	Y Train Labels:(array([1.], dtype=float32), array([228]))
	Y Val Labels:(array([1.], dtype=float32), array([226]))
Training group 2, split 2
	Early stopping at epoch 13
	Y Train Labels:(array([1.], dtype=float32), array([454]))
	Y Val Labels:(array([1.], dtype=float32), array([226]))
Training group 2, split 3
	Early stopping at epoch 13
	Y Train Labels:(array([1.], dtype=float32), array([680]))
	Y Val Labels:(array([1.], dtype=float32), array([226]))
Done.
	Creating sequence for 'bittensor'... Training group 3, split 1
	Early stopping at epoch 13
	Y Train Labels:(array([1.], dtype=float32), array([128]))
	Y Val Labels:(array([1.], dtype=float32), array([127]))
Training group 3, split 2
	Early stopping at epoch 13
	Y Train Labels:(array([1.], dtype=float32), array([255]))
	Y Val Labels:(array([1.], dtype=float32), array([127]))
Training group 3, split 3
	Early stopping at epoch 13
	Y Train Labels:(array([1.], dtype=float32), array([382]))
	Y Val Labels:(array([1.], dtype=float32), array([127]))
Done.
	Creating sequence for 'energy-web-token'... Training group 4, split 1
	Early stopping at epoch 13
	Y Train Labels:(array([1.], dtype=float32), array([350]))
	Y Val Labels:(array([1.], dtype=float32), array([349]))
Training group 4, split 2
	Early stopping at epoch 13
	Y Train Labels:(array([1.], dtype=float32), array([699]))
	Y Val Labels:(array([1.], dtype=float32), array([349]))
Training group 4, split 3
