


--------------------------------------------------
Starting lstm.py at '2024-10-27 01:25:38.332611'.
Reading '../classifiedDAOs.json'... Done.
Total training Data: 1578
DAOs trained so far:995
Size of training set: 109
Size of test set: 474
Preparing data for training...
Preparing data for testing...
Parameters:
	Num epochs: 60
	Initial learning rate: 0.001
	Patience: 12
	Window size: 60
	Timeseries splits: 3
	Minimum number of timeseries datapoints: 64
Gradient boosting params: 
	{"max_depth": 3, "learning_rate": 0.05, "n_estimators": 100, "objective": "binary:logistic", "eval_metric": "logloss"}
	Creating sequence for 'particl'... Training group 0, split 1
	Early stopping at epoch 18
	Y Train Labels:(array([1.], dtype=float32), array([587]))
	Y Val Labels:(array([0., 1.], dtype=float32), array([568,  19]))
Training group 0, split 2
	Early stopping at epoch 42
	Y Train Labels:(array([0., 1.], dtype=float32), array([568, 606]))
	Y Val Labels:(array([0.], dtype=float32), array([587]))
Training group 0, split 3
	Y Train Labels:(array([0., 1.], dtype=float32), array([1155,  606]))
	Y Val Labels:(array([0.], dtype=float32), array([587]))
Done.
	Creating sequence for 'hashcoin'... Training group 1, split 1
	Early stopping at epoch 13
	Y Train Labels:(array([0., 1.], dtype=float32), array([ 51, 281]))
	Y Val Labels:(array([0.], dtype=float32), array([331]))
Training group 1, split 2
	Early stopping at epoch 13
	Y Train Labels:(array([0., 1.], dtype=float32), array([382, 281]))
	Y Val Labels:(array([0.], dtype=float32), array([331]))
Training group 1, split 3
	Early stopping at epoch 29
	Y Train Labels:(array([0., 1.], dtype=float32), array([713, 281]))
	Y Val Labels:(array([0.], dtype=float32), array([331]))
Done.
	Creating sequence for 'proximax'... Training group 2, split 1
	Y Train Labels:(array([1.], dtype=float32), array([343]))
	Y Val Labels:(array([1.], dtype=float32), array([342]))
Training group 2, split 2
	Y Train Labels:(array([1.], dtype=float32), array([685]))
	Y Val Labels:(array([1.], dtype=float32), array([342]))
Training group 2, split 3
	Early stopping at epoch 13
	Y Train Labels:(array([1.], dtype=float32), array([1027]))
	Y Val Labels:(array([0., 1.], dtype=float32), array([ 27, 315]))
Done.
	Creating sequence for 'polkabridge'... Training group 3, split 1
	Early stopping at epoch 13
	Y Train Labels:(array([1.], dtype=float32), array([313]))
	Y Val Labels:(array([0., 1.], dtype=float32), array([ 40, 273]))
Training group 3, split 2
	Y Train Labels:(array([0., 1.], dtype=float32), array([ 40, 586]))
	Y Val Labels:(array([0.], dtype=float32), array([313]))
Training group 3, split 3
	Early stopping at epoch 31
	Y Train Labels:(array([0., 1.], dtype=float32), array([353, 586]))
	Y Val Labels:(array([0.], dtype=float32), array([313]))
Done.
	Creating sequence for 'ethena'... Training group 4, split 1
	Y Train Labels:(array([0.], dtype=float32), array([31]))
	Y Val Labels:(array([0.], dtype=float32), array([28]))
Training group 4, split 2
	Y Train Labels:(array([0.], dtype=float32), array([59]))
	Y Val Labels:(array([0.], dtype=float32), array([28]))
Training group 4, split 3
	Y Train Labels:(array([0.], dtype=float32), array([87]))
	Y Val Labels:(array([0.], dtype=float32), array([28]))
Done.
	Creating sequence for 'nexo'... Training group 5, split 1
	Y Train Labels:(array([1.], dtype=float32), array([481]))
	Y Val Labels:(array([1.], dtype=float32), array([478]))
Training group 5, split 2
