


--------------------------------------------------
Starting lstm.py at '2024-10-23 19:49:56.483645'.
Reading '../classifiedDAOs.json'... Done.
Total training Data: 1578
DAOs trained so far:593
Size of training set: 511
Size of test set: 474
Preparing data for training...
Preparing data for testing...
Parameters:
	Num epochs: 60
	Initial learning rate: 0.001
	Patience: 12
	Window size: 60
	Timeseries splits: 3
	Minimum number of timeseries datapoints: 64
Gradient boosting params: 
	{"max_depth": 3, "learning_rate": 0.05, "n_estimators": 100, "objective": "binary:logistic", "eval_metric": "logloss"}
	Creating sequence for 'comtech-gold'... Training group 0, split 1
	Y Train Labels:(array([1.], dtype=float32), array([200]))
	Y Val Labels:(array([1.], dtype=float32), array([198]))
Training group 0, split 2
	Y Train Labels:(array([1.], dtype=float32), array([398]))
	Y Val Labels:(array([1.], dtype=float32), array([198]))
Training group 0, split 3
	Y Train Labels:(array([1.], dtype=float32), array([596]))
	Y Val Labels:(array([1.], dtype=float32), array([198]))
Done.
	Creating sequence for 'exeedme'... Training group 1, split 1
	Early stopping at epoch 13
	Y Train Labels:(array([1.], dtype=float32), array([307]))
	Y Val Labels:(array([0., 1.], dtype=float32), array([210,  97]))
Training group 1, split 2
	Early stopping at epoch 21
	Y Train Labels:(array([0., 1.], dtype=float32), array([210, 404]))
	Y Val Labels:(array([0.], dtype=float32), array([307]))
Training group 1, split 3
	Early stopping at epoch 32
	Y Train Labels:(array([0., 1.], dtype=float32), array([517, 404]))
	Y Val Labels:(array([0.], dtype=float32), array([307]))
Done.
	Creating sequence for 'nftify'... Training group 2, split 1
	Early stopping at epoch 13
	Y Train Labels:(array([0., 1.], dtype=float32), array([ 37, 153]))
	Y Val Labels:(array([0.], dtype=float32), array([187]))
Training group 2, split 2
	Early stopping at epoch 32
	Y Train Labels:(array([0., 1.], dtype=float32), array([224, 153]))
	Y Val Labels:(array([0.], dtype=float32), array([187]))
Training group 2, split 3
	Early stopping at epoch 29
	Y Train Labels:(array([0., 1.], dtype=float32), array([411, 153]))
	Y Val Labels:(array([0.], dtype=float32), array([187]))
Done.
	Creating sequence for 'orbit-chain'... Training group 3, split 1
	Y Train Labels:(array([1.], dtype=float32), array([255]))
	Y Val Labels:(array([0., 1.], dtype=float32), array([ 39, 214]))
Training group 3, split 2
	Early stopping at epoch 21
	Y Train Labels:(array([0., 1.], dtype=float32), array([ 39, 469]))
	Y Val Labels:(array([0.], dtype=float32), array([253]))
Training group 3, split 3
	Early stopping at epoch 56
	Y Train Labels:(array([0., 1.], dtype=float32), array([292, 469]))
	Y Val Labels:(array([0.], dtype=float32), array([253]))
Done.
	Creating sequence for 'gamee'... Training group 4, split 1
	Y Train Labels:(array([1.], dtype=float32), array([264]))
	Y Val Labels:(array([1.], dtype=float32), array([263]))
Training group 4, split 2
	Y Train Labels:(array([1.], dtype=float32), array([527]))
	Y Val Labels:(array([1.], dtype=float32), array([263]))
Training group 4, split 3
	Y Train Labels:(array([1.], dtype=float32), array([790]))
	Y Val Labels:(array([1.], dtype=float32), array([263]))
Done.
	Creating sequence for 'mytoken'... Training group 5, split 1
	Y Train Labels:(array([1.], dtype=float32), array([41]))
	Y Val Labels:(array([1.], dtype=float32), array([40]))
Training group 5, split 2
	Early stopping at epoch 29
	Y Train Labels:(array([1.], dtype=float32), array([81]))
	Y Val Labels:(array([1.], dtype=float32), array([40]))
Training group 5, split 3
	Early stopping at epoch 26
	Y Train Labels:(array([1.], dtype=float32), array([121]))
	Y Val Labels:(array([1.], dtype=float32), array([40]))
Done.
	Creating sequence for 'lyra-finance'... Training group 6, split 1
	Y Train Labels:(array([1.], dtype=float32), array([119]))
	Y Val Labels:(array([1.], dtype=float32), array([119]))
Training group 6, split 2
	Y Train Labels:(array([1.], dtype=float32), array([238]))
	Y Val Labels:(array([1.], dtype=float32), array([119]))
Training group 6, split 3
	Y Train Labels:(array([1.], dtype=float32), array([357]))
	Y Val Labels:(array([1.], dtype=float32), array([119]))
Done.
	Creating sequence for 'signum'... Training group 7, split 1
	Early stopping at epoch 21
	Y Train Labels:(array([0., 1.], dtype=float32), array([ 46, 233]))
	Y Val Labels:(array([0.], dtype=float32), array([279]))
Training group 7, split 2
	Early stopping at epoch 27
	Y Train Labels:(array([0., 1.], dtype=float32), array([325, 233]))
	Y Val Labels:(array([0.], dtype=float32), array([279]))
Training group 7, split 3
	Early stopping at epoch 37
	Y Train Labels:(array([0., 1.], dtype=float32), array([604, 233]))
	Y Val Labels:(array([0.], dtype=float32), array([279]))
Done.
	Creating sequence for 'tominet'... Training group 8, split 1
	Y Train Labels:(array([1.], dtype=float32), array([114]))
	Y Val Labels:(array([1.], dtype=float32), array([114]))
Training group 8, split 2
	Y Train Labels:(array([1.], dtype=float32), array([228]))
	Y Val Labels:(array([1.], dtype=float32), array([114]))
Training group 8, split 3
	Early stopping at epoch 13
	Y Train Labels:(array([1.], dtype=float32), array([342]))
	Y Val Labels:(array([0., 1.], dtype=float32), array([97, 17]))
Done.
	Creating sequence for 'axel'... Training group 9, split 1
