


--------------------------------------------------
Starting lstm.py at '2024-10-26 22:54:02.705667'.
Reading '../classifiedDAOs.json'... Done.
Total training Data: 1578
DAOs trained so far:320
Size of training set: 784
Size of test set: 474
Preparing data for training...
Preparing data for testing...
Parameters:
	Num epochs: 60
	Initial learning rate: 0.001
	Patience: 12
	Window size: 60
	Timeseries splits: 3
	Minimum number of timeseries datapoints: 64
Gradient boosting params: 
	{"max_depth": 3, "learning_rate": 0.05, "n_estimators": 100, "objective": "binary:logistic", "eval_metric": "logloss"}
	Creating sequence for 'substratum'... Training group 0, split 1
	Early stopping at epoch 13
	Y Train Labels:(array([1.], dtype=float32), array([579]))
	Y Val Labels:(array([0., 1.], dtype=float32), array([517,  60]))
Training group 0, split 2
	Early stopping at epoch 13
	Y Train Labels:(array([0., 1.], dtype=float32), array([517, 639]))
	Y Val Labels:(array([0.], dtype=float32), array([577]))
Training group 0, split 3
	Early stopping at epoch 13
	Y Train Labels:(array([0., 1.], dtype=float32), array([1094,  639]))
	Y Val Labels:(array([0.], dtype=float32), array([577]))
Done.
	Creating sequence for 'xerc20-pro'... Training group 1, split 1
	Early stopping at epoch 13
	Y Train Labels:(array([0., 1.], dtype=float32), array([32, 60]))
	Y Val Labels:(array([0.], dtype=float32), array([91]))
Training group 1, split 2
	Early stopping at epoch 13
	Y Train Labels:(array([0., 1.], dtype=float32), array([123,  60]))
	Y Val Labels:(array([0.], dtype=float32), array([91]))
Training group 1, split 3
	Early stopping at epoch 13
	Y Train Labels:(array([0., 1.], dtype=float32), array([214,  60]))
	Y Val Labels:(array([0.], dtype=float32), array([91]))
Done.
	Creating sequence for 'echelon-prime'... 00
Done.
	Creating sequence for 'kin'... Training group 3, split 1
	Early stopping at epoch 13
	Y Train Labels:(array([1.], dtype=float32), array([484]))
	Y Val Labels:(array([1.], dtype=float32), array([483]))
Training group 3, split 2
	Early stopping at epoch 13
	Y Train Labels:(array([1.], dtype=float32), array([967]))
	Y Val Labels:(array([1.], dtype=float32), array([483]))
Training group 3, split 3
	Early stopping at epoch 13
	Y Train Labels:(array([1.], dtype=float32), array([1450]))
	Y Val Labels:(array([0., 1.], dtype=float32), array([235, 248]))
Done.
	Creating sequence for 'metacade'... Training group 4, split 1
	Early stopping at epoch 13
	Y Train Labels:(array([1.], dtype=float32), array([120]))
	Y Val Labels:(array([1.], dtype=float32), array([119]))
Training group 4, split 2
	Early stopping at epoch 13
	Y Train Labels:(array([1.], dtype=float32), array([239]))
	Y Val Labels:(array([1.], dtype=float32), array([119]))
Training group 4, split 3
	Early stopping at epoch 13
	Y Train Labels:(array([1.], dtype=float32), array([358]))
	Y Val Labels:(array([1.], dtype=float32), array([119]))
Done.
	Creating sequence for 'unvest'... Training group 5, split 1
	Early stopping at epoch 13
	Y Train Labels:(array([0., 1.], dtype=float32), array([27, 25]))
	Y Val Labels:(array([0.], dtype=float32), array([50]))
Training group 5, split 2
	Early stopping at epoch 13
	Y Train Labels:(array([0., 1.], dtype=float32), array([77, 25]))
	Y Val Labels:(array([0.], dtype=float32), array([50]))
Training group 5, split 3
	Early stopping at epoch 13
	Y Train Labels:(array([0., 1.], dtype=float32), array([127,  25]))
	Y Val Labels:(array([0.], dtype=float32), array([50]))
Done.
	Creating sequence for 'bbs-network'... Training group 6, split 1
	Early stopping at epoch 13
	Y Train Labels:(array([1.], dtype=float32), array([223]))
	Y Val Labels:(array([1.], dtype=float32), array([222]))
Training group 6, split 2
	Early stopping at epoch 13
	Y Train Labels:(array([1.], dtype=float32), array([445]))
	Y Val Labels:(array([0., 1.], dtype=float32), array([173,  49]))
Training group 6, split 3
