


--------------------------------------------------
Starting lstm.py at '2024-10-23 19:52:17.114504'.
Reading '../classifiedDAOs.json'... Done.
Total training Data: 1578
DAOs trained so far:609
Size of training set: 495
Size of test set: 474
Preparing data for training...
Preparing data for testing...
Parameters:
	Num epochs: 60
	Initial learning rate: 0.001
	Patience: 12
	Window size: 60
	Timeseries splits: 3
	Minimum number of timeseries datapoints: 64
Gradient boosting params: 
	{"max_depth": 3, "learning_rate": 0.05, "n_estimators": 100, "objective": "binary:logistic", "eval_metric": "logloss"}
	Creating sequence for 'zelwin'... Training group 0, split 1
	Early stopping at epoch 13
	Y Train Labels:(array([0., 1.], dtype=float32), array([ 71, 179]))
	Y Val Labels:(array([0.], dtype=float32), array([249]))
Training group 0, split 2
	Early stopping at epoch 32
	Y Train Labels:(array([0., 1.], dtype=float32), array([320, 179]))
	Y Val Labels:(array([0.], dtype=float32), array([249]))
Training group 0, split 3
	Early stopping at epoch 36
	Y Train Labels:(array([0., 1.], dtype=float32), array([569, 179]))
	Y Val Labels:(array([0.], dtype=float32), array([249]))
Done.
	Creating sequence for 'mdex'... Training group 1, split 1
	Early stopping at epoch 16
	Y Train Labels:(array([1.], dtype=float32), array([235]))
	Y Val Labels:(array([0., 1.], dtype=float32), array([168,  66]))
Training group 1, split 2
	Early stopping at epoch 42
	Y Train Labels:(array([0., 1.], dtype=float32), array([168, 301]))
	Y Val Labels:(array([0.], dtype=float32), array([234]))
Training group 1, split 3
	Early stopping at epoch 29
	Y Train Labels:(array([0., 1.], dtype=float32), array([402, 301]))
	Y Val Labels:(array([0.], dtype=float32), array([234]))
Done.
	Creating sequence for 'tosdis'... Training group 2, split 1
	Y Train Labels:(array([0., 1.], dtype=float32), array([119, 177]))
	Y Val Labels:(array([0.], dtype=float32), array([295]))
Training group 2, split 2
	Early stopping at epoch 30
	Y Train Labels:(array([0., 1.], dtype=float32), array([414, 177]))
	Y Val Labels:(array([0.], dtype=float32), array([295]))
Training group 2, split 3
	Y Train Labels:(array([0., 1.], dtype=float32), array([709, 177]))
	Y Val Labels:(array([0.], dtype=float32), array([295]))
Done.
	Creating sequence for 'rogin-ai'... Training group 3, split 1
	Early stopping at epoch 22
	Y Train Labels:(array([1.], dtype=float32), array([195]))
	Y Val Labels:(array([1.], dtype=float32), array([195]))
Training group 3, split 2
	Y Train Labels:(array([1.], dtype=float32), array([390]))
	Y Val Labels:(array([1.], dtype=float32), array([195]))
Training group 3, split 3
	Y Train Labels:(array([1.], dtype=float32), array([585]))
	Y Val Labels:(array([1.], dtype=float32), array([195]))
Done.
	Creating sequence for 'boson-protocol'... Training group 4, split 1
	Y Train Labels:(array([1.], dtype=float32), array([285]))
	Y Val Labels:(array([1.], dtype=float32), array([285]))
Training group 4, split 2
	Y Train Labels:(array([1.], dtype=float32), array([570]))
	Y Val Labels:(array([1.], dtype=float32), array([285]))
Training group 4, split 3
	Early stopping at epoch 13
	Y Train Labels:(array([1.], dtype=float32), array([855]))
	Y Val Labels:(array([0., 1.], dtype=float32), array([ 87, 198]))
Done.
	Creating sequence for 'blackcardcoin'... Training group 5, split 1
	Early stopping at epoch 13
	Y Train Labels:(array([1.], dtype=float32), array([29]))
	Y Val Labels:(array([0., 1.], dtype=float32), array([15, 11]))
Training group 5, split 2
	Y Train Labels:(array([0., 1.], dtype=float32), array([15, 40]))
	Y Val Labels:(array([0.], dtype=float32), array([26]))
Training group 5, split 3
	Early stopping at epoch 26
	Y Train Labels:(array([0., 1.], dtype=float32), array([41, 40]))
	Y Val Labels:(array([0.], dtype=float32), array([26]))
Done.
	Creating sequence for 'lazio-fan-token'... Training group 6, split 1
	Early stopping at epoch 13
	Y Train Labels:(array([1.], dtype=float32), array([209]))
	Y Val Labels:(array([0., 1.], dtype=float32), array([ 86, 122]))
Training group 6, split 2
	Early stopping at epoch 26
	Y Train Labels:(array([0., 1.], dtype=float32), array([ 86, 331]))
	Y Val Labels:(array([0.], dtype=float32), array([208]))
Training group 6, split 3
	Y Train Labels:(array([0., 1.], dtype=float32), array([294, 331]))
	Y Val Labels:(array([0.], dtype=float32), array([208]))
Done.
	Creating sequence for 'orca'... Training group 7, split 1
	Y Train Labels:(array([1.], dtype=float32), array([118]))
	Y Val Labels:(array([1.], dtype=float32), array([116]))
Training group 7, split 2
	Early stopping at epoch 21
	Y Train Labels:(array([1.], dtype=float32), array([234]))
	Y Val Labels:(array([1.], dtype=float32), array([116]))
Training group 7, split 3
	Y Train Labels:(array([1.], dtype=float32), array([350]))
	Y Val Labels:(array([1.], dtype=float32), array([116]))
Done.
	Creating sequence for 'nsure-network'... Training group 8, split 1
	Early stopping at epoch 15
	Y Train Labels:(array([0., 1.], dtype=float32), array([ 19, 306]))
	Y Val Labels:(array([0.], dtype=float32), array([324]))
Training group 8, split 2
	Early stopping at epoch 28
	Y Train Labels:(array([0., 1.], dtype=float32), array([343, 306]))
	Y Val Labels:(array([0.], dtype=float32), array([324]))
Training group 8, split 3
