


--------------------------------------------------
Starting lstm.py at '2024-10-27 01:18:05.880988'.
Reading '../classifiedDAOs.json'... Done.
Total training Data: 1578
DAOs trained so far:970
Size of training set: 134
Size of test set: 474
Preparing data for training...
Preparing data for testing...
Parameters:
	Num epochs: 60
	Initial learning rate: 0.001
	Patience: 12
	Window size: 60
	Timeseries splits: 3
	Minimum number of timeseries datapoints: 64
Gradient boosting params: 
	{"max_depth": 3, "learning_rate": 0.05, "n_estimators": 100, "objective": "binary:logistic", "eval_metric": "logloss"}
	Creating sequence for 'offshift'... Training group 0, split 1
	Early stopping at epoch 33
	Y Train Labels:(array([1.], dtype=float32), array([291]))
	Y Val Labels:(array([1.], dtype=float32), array([291]))
Training group 0, split 2
	Early stopping at epoch 19
	Y Train Labels:(array([1.], dtype=float32), array([582]))
	Y Val Labels:(array([0., 1.], dtype=float32), array([137, 154]))
Training group 0, split 3
	Early stopping at epoch 51
	Y Train Labels:(array([0., 1.], dtype=float32), array([137, 736]))
	Y Val Labels:(array([0.], dtype=float32), array([291]))
Done.
	Creating sequence for 'internet-computer'... Training group 1, split 1
	Y Train Labels:(array([1.], dtype=float32), array([287]))
	Y Val Labels:(array([1.], dtype=float32), array([285]))
Training group 1, split 2
	Y Train Labels:(array([1.], dtype=float32), array([572]))
	Y Val Labels:(array([1.], dtype=float32), array([285]))
Training group 1, split 3
	Y Train Labels:(array([1.], dtype=float32), array([857]))
	Y Val Labels:(array([1.], dtype=float32), array([285]))
Done.
	Creating sequence for 'creo-engine'... Training group 2, split 1
	Y Train Labels:(array([1.], dtype=float32), array([205]))
	Y Val Labels:(array([1.], dtype=float32), array([203]))
Training group 2, split 2
	Y Train Labels:(array([1.], dtype=float32), array([408]))
	Y Val Labels:(array([1.], dtype=float32), array([203]))
Training group 2, split 3
	Y Train Labels:(array([1.], dtype=float32), array([611]))
	Y Val Labels:(array([1.], dtype=float32), array([203]))
Done.
	Creating sequence for 'alpine-f1-team-fan-token'... Training group 3, split 1
	Early stopping at epoch 13
	Y Train Labels:(array([1.], dtype=float32), array([216]))
	Y Val Labels:(array([0., 1.], dtype=float32), array([ 62, 151]))
Training group 3, split 2
	Early stopping at epoch 48
	Y Train Labels:(array([0., 1.], dtype=float32), array([ 62, 367]))
	Y Val Labels:(array([0.], dtype=float32), array([213]))
Training group 3, split 3
	Early stopping at epoch 26
	Y Train Labels:(array([0., 1.], dtype=float32), array([275, 367]))
	Y Val Labels:(array([0.], dtype=float32), array([213]))
Done.
	Creating sequence for '8pay'... Training group 4, split 1
	Y Train Labels:(array([0.], dtype=float32), array([264]))
	Y Val Labels:(array([0.], dtype=float32), array([263]))
Training group 4, split 2
	Y Train Labels:(array([0.], dtype=float32), array([527]))
	Y Val Labels:(array([0.], dtype=float32), array([263]))
Training group 4, split 3
	Y Train Labels:(array([0.], dtype=float32), array([790]))
	Y Val Labels:(array([0.], dtype=float32), array([263]))
Done.
	Creating sequence for 'global-coin-research'... Training group 5, split 1
	Y Train Labels:(array([1.], dtype=float32), array([60]))
	Y Val Labels:(array([1.], dtype=float32), array([60]))
Training group 5, split 2
	Y Train Labels:(array([1.], dtype=float32), array([120]))
	Y Val Labels:(array([1.], dtype=float32), array([60]))
Training group 5, split 3
	Early stopping at epoch 13
	Y Train Labels:(array([1.], dtype=float32), array([180]))
	Y Val Labels:(array([0., 1.], dtype=float32), array([41, 19]))
Done.
	Creating sequence for 'bouncebit'... Training group 6, split 1
	Y Train Labels:(array([0., 1.], dtype=float32), array([ 1, 20]))
	Y Val Labels:(array([0.], dtype=float32), array([18]))
Training group 6, split 2
	Early stopping at epoch 35
	Y Train Labels:(array([0., 1.], dtype=float32), array([19, 20]))
	Y Val Labels:(array([0.], dtype=float32), array([18]))
Training group 6, split 3
	Early stopping at epoch 26
	Y Train Labels:(array([0., 1.], dtype=float32), array([37, 20]))
	Y Val Labels:(array([0.], dtype=float32), array([18]))
Done.
	Creating sequence for 'pixels'... Training group 7, split 1
	Early stopping at epoch 19
	Y Train Labels:(array([1.], dtype=float32), array([42]))
	Y Val Labels:(array([0., 1.], dtype=float32), array([22, 17]))
Training group 7, split 2
	Y Train Labels:(array([0., 1.], dtype=float32), array([22, 59]))
	Y Val Labels:(array([0.], dtype=float32), array([39]))
Training group 7, split 3
	Early stopping at epoch 32
	Y Train Labels:(array([0., 1.], dtype=float32), array([61, 59]))
	Y Val Labels:(array([0.], dtype=float32), array([39]))
Done.
	Creating sequence for 'quickswap'... Training group 8, split 1
	Early stopping at epoch 26
	Y Train Labels:(array([0., 1.], dtype=float32), array([ 49, 248]))
	Y Val Labels:(array([0.], dtype=float32), array([295]))
Training group 8, split 2
