


--------------------------------------------------
Starting lstm.py at '2024-10-26 23:21:00.872287'.
Reading '../classifiedDAOs.json'... Done.
Total training Data: 1578
DAOs trained so far:491
Size of training set: 613
Size of test set: 474
Preparing data for training...
Preparing data for testing...
Parameters:
	Num epochs: 60
	Initial learning rate: 0.001
	Patience: 12
	Window size: 60
	Timeseries splits: 3
	Minimum number of timeseries datapoints: 64
Gradient boosting params: 
	{"max_depth": 3, "learning_rate": 0.05, "n_estimators": 100, "objective": "binary:logistic", "eval_metric": "logloss"}
	Creating sequence for 'ronin'... Training group 0, split 1
	Early stopping at epoch 13
	Y Train Labels:(array([1.], dtype=float32), array([197]))
	Y Val Labels:(array([1.], dtype=float32), array([197]))
Training group 0, split 2
	Early stopping at epoch 13
	Y Train Labels:(array([1.], dtype=float32), array([394]))
	Y Val Labels:(array([1.], dtype=float32), array([197]))
Training group 0, split 3
	Early stopping at epoch 13
	Y Train Labels:(array([1.], dtype=float32), array([591]))
	Y Val Labels:(array([1.], dtype=float32), array([197]))
Done.
	Creating sequence for 'contracoin'... Training group 1, split 1
	Early stopping at epoch 13
	Y Train Labels:(array([1.], dtype=float32), array([399]))
	Y Val Labels:(array([1.], dtype=float32), array([399]))
Training group 1, split 2
	Early stopping at epoch 13
	Y Train Labels:(array([1.], dtype=float32), array([798]))
	Y Val Labels:(array([0., 1.], dtype=float32), array([348,  51]))
Training group 1, split 3
	Early stopping at epoch 13
	Y Train Labels:(array([0., 1.], dtype=float32), array([348, 849]))
	Y Val Labels:(array([0.], dtype=float32), array([399]))
Done.
	Creating sequence for 'burger-swap'... Training group 2, split 1
	Early stopping at epoch 13
	Y Train Labels:(array([1.], dtype=float32), array([275]))
	Y Val Labels:(array([1.], dtype=float32), array([275]))
Training group 2, split 2
	Early stopping at epoch 13
	Y Train Labels:(array([1.], dtype=float32), array([550]))
	Y Val Labels:(array([0., 1.], dtype=float32), array([ 78, 197]))
Training group 2, split 3
	Early stopping at epoch 13
	Y Train Labels:(array([0., 1.], dtype=float32), array([ 78, 747]))
	Y Val Labels:(array([0.], dtype=float32), array([275]))
Done.
	Creating sequence for 'gsenetwork'... Training group 3, split 1
	Early stopping at epoch 13
	Y Train Labels:(array([0., 1.], dtype=float32), array([257, 261]))
	Y Val Labels:(array([0.], dtype=float32), array([518]))
Training group 3, split 2
