


--------------------------------------------------
Starting lstm.py at '2024-10-25 17:41:59.794834'.
Reading './balancedDataset.json'... Done.
Total training Data: 1030
DAOs trained so far:566
Size of training set: 155
Size of test set: 309
Preparing data for training...
Preparing data for testing...
Parameters:
	Num epochs: 60
	Initial learning rate: 0.001
	Patience: 12
	Window size: 60
	Timeseries splits: 3
	Minimum number of timeseries datapoints: 64
Gradient boosting params: 
	{"max_depth": 3, "learning_rate": 0.05, "n_estimators": 100, "objective": "binary:logistic", "eval_metric": "logloss"}
	Creating sequence for 'bald'... 5403
Done.
	Creating sequence for 'exmo-coin'... Training group 1, split 1
	Early stopping at epoch 13
	Y Train Labels:(array([1.], dtype=float32), array([424]))
	Y Val Labels:(array([1.], dtype=float32), array([424]))
Training group 1, split 2
	Early stopping at epoch 13
	Y Train Labels:(array([1.], dtype=float32), array([848]))
	Y Val Labels:(array([0., 1.], dtype=float32), array([  3, 421]))
Training group 1, split 3
	Early stopping at epoch 13
	Y Train Labels:(array([0., 1.], dtype=float32), array([   3, 1269]))
	Y Val Labels:(array([0.], dtype=float32), array([424]))
Done.
	Creating sequence for 'metacade'... Training group 2, split 1
	Early stopping at epoch 13
	Y Train Labels:(array([1.], dtype=float32), array([120]))
	Y Val Labels:(array([1.], dtype=float32), array([119]))
Training group 2, split 2
	Early stopping at epoch 13
	Y Train Labels:(array([1.], dtype=float32), array([239]))
	Y Val Labels:(array([1.], dtype=float32), array([119]))
Training group 2, split 3
	Early stopping at epoch 13
	Y Train Labels:(array([1.], dtype=float32), array([358]))
	Y Val Labels:(array([1.], dtype=float32), array([119]))
Done.
	Creating sequence for 'credits'... Training group 3, split 1
	Early stopping at epoch 13
	Y Train Labels:(array([1.], dtype=float32), array([567]))
	Y Val Labels:(array([1.], dtype=float32), array([567]))
Training group 3, split 2
	Early stopping at epoch 13
	Y Train Labels:(array([1.], dtype=float32), array([1134]))
	Y Val Labels:(array([1.], dtype=float32), array([567]))
Training group 3, split 3
	Early stopping at epoch 13
	Y Train Labels:(array([1.], dtype=float32), array([1701]))
	Y Val Labels:(array([1.], dtype=float32), array([567]))
Done.
	Creating sequence for 'hathor'... Training group 4, split 1
	Early stopping at epoch 13
	Y Train Labels:(array([1.], dtype=float32), array([303]))
	Y Val Labels:(array([1.], dtype=float32), array([301]))
Training group 4, split 2
