


--------------------------------------------------
Starting lstm.py at '2024-10-25 17:09:56.378800'.
Reading './balancedDataset.json'... Done.
Total training Data: 1030
DAOs trained so far:349
Size of training set: 372
Size of test set: 309
Preparing data for training...
Preparing data for testing...
Parameters:
	Num epochs: 60
	Initial learning rate: 0.001
	Patience: 12
	Window size: 60
	Timeseries splits: 3
	Minimum number of timeseries datapoints: 64
Gradient boosting params: 
	{"max_depth": 3, "learning_rate": 0.05, "n_estimators": 100, "objective": "binary:logistic", "eval_metric": "logloss"}
	Creating sequence for 'nano'... Training group 0, split 1
	Early stopping at epoch 13
	Y Train Labels:(array([1.], dtype=float32), array([546]))
	Y Val Labels:(array([1.], dtype=float32), array([543]))
Training group 0, split 2
	Early stopping at epoch 13
	Y Train Labels:(array([1.], dtype=float32), array([1089]))
	Y Val Labels:(array([1.], dtype=float32), array([543]))
Training group 0, split 3
	Early stopping at epoch 13
	Y Train Labels:(array([1.], dtype=float32), array([1632]))
	Y Val Labels:(array([1.], dtype=float32), array([543]))
Done.
	Creating sequence for 'oraichain-token'... Training group 1, split 1
	Early stopping at epoch 13
	Y Train Labels:(array([1.], dtype=float32), array([313]))
	Y Val Labels:(array([1.], dtype=float32), array([311]))
Training group 1, split 2
	Early stopping at epoch 13
	Y Train Labels:(array([1.], dtype=float32), array([624]))
	Y Val Labels:(array([1.], dtype=float32), array([311]))
Training group 1, split 3
	Early stopping at epoch 13
	Y Train Labels:(array([1.], dtype=float32), array([935]))
	Y Val Labels:(array([1.], dtype=float32), array([311]))
Done.
	Creating sequence for 'alpaca-finance'... Training group 2, split 1
	Early stopping at epoch 13
	Y Train Labels:(array([1.], dtype=float32), array([269]))
	Y Val Labels:(array([1.], dtype=float32), array([268]))
Training group 2, split 2
	Early stopping at epoch 13
	Y Train Labels:(array([1.], dtype=float32), array([537]))
	Y Val Labels:(array([1.], dtype=float32), array([268]))
Training group 2, split 3
	Early stopping at epoch 13
	Y Train Labels:(array([1.], dtype=float32), array([805]))
	Y Val Labels:(array([0., 1.], dtype=float32), array([245,  23]))
Done.
	Creating sequence for 'coinweb'... Training group 3, split 1
	Early stopping at epoch 13
	Y Train Labels:(array([1.], dtype=float32), array([105]))
	Y Val Labels:(array([1.], dtype=float32), array([102]))
Training group 3, split 2
	Early stopping at epoch 13
	Y Train Labels:(array([1.], dtype=float32), array([207]))
	Y Val Labels:(array([1.], dtype=float32), array([102]))
Training group 3, split 3
	Early stopping at epoch 13
	Y Train Labels:(array([1.], dtype=float32), array([309]))
	Y Val Labels:(array([1.], dtype=float32), array([102]))
Done.
	Creating sequence for 'birake'... Training group 4, split 1
	Early stopping at epoch 13
	Y Train Labels:(array([1.], dtype=float32), array([525]))
	Y Val Labels:(array([0., 1.], dtype=float32), array([252, 270]))
Training group 4, split 2
