


--------------------------------------------------
Starting lstm.py at '2024-10-23 21:02:52.684569'.
Reading '../classifiedDAOs.json'... Done.
Total training Data: 1578
DAOs trained so far:1009
Size of training set: 95
Size of test set: 474
Preparing data for training...
Preparing data for testing...
Parameters:
	Num epochs: 60
	Initial learning rate: 0.001
	Patience: 12
	Window size: 60
	Timeseries splits: 3
	Minimum number of timeseries datapoints: 64
Gradient boosting params: 
	{"max_depth": 3, "learning_rate": 0.05, "n_estimators": 100, "objective": "binary:logistic", "eval_metric": "logloss"}
	Creating sequence for 'monetha'... Training group 0, split 1
	Y Train Labels:(array([1.], dtype=float32), array([582]))
	Y Val Labels:(array([1.], dtype=float32), array([580]))
Training group 0, split 2
	Early stopping at epoch 46
	Y Train Labels:(array([1.], dtype=float32), array([1162]))
	Y Val Labels:(array([0., 1.], dtype=float32), array([ 12, 568]))
Training group 0, split 3
	Early stopping at epoch 27
	Y Train Labels:(array([0., 1.], dtype=float32), array([  12, 1730]))
	Y Val Labels:(array([0.], dtype=float32), array([580]))
Done.
	Creating sequence for 'crabada'... Training group 1, split 1
	Early stopping at epoch 32
	Y Train Labels:(array([0., 1.], dtype=float32), array([164,  75]))
	Y Val Labels:(array([0.], dtype=float32), array([238]))
Training group 1, split 2
	Y Train Labels:(array([0., 1.], dtype=float32), array([402,  75]))
	Y Val Labels:(array([0.], dtype=float32), array([238]))
Training group 1, split 3
	Y Train Labels:(array([0., 1.], dtype=float32), array([640,  75]))
	Y Val Labels:(array([0.], dtype=float32), array([238]))
Done.
	Creating sequence for 'shina-inu'... Training group 2, split 1
	Y Train Labels:(array([0.], dtype=float32), array([208]))
	Y Val Labels:(array([0.], dtype=float32), array([205]))
Training group 2, split 2
	Y Train Labels:(array([0.], dtype=float32), array([413]))
	Y Val Labels:(array([0.], dtype=float32), array([205]))
Training group 2, split 3
	Y Train Labels:(array([0.], dtype=float32), array([618]))
	Y Val Labels:(array([0.], dtype=float32), array([205]))
Done.
	Creating sequence for 'defina-finance'... Training group 3, split 1
	Y Train Labels:(array([1.], dtype=float32), array([8]))
	Y Val Labels:(array([1.], dtype=float32), array([8]))
Training group 3, split 2
	Early stopping at epoch 53
	Y Train Labels:(array([1.], dtype=float32), array([16]))
	Y Val Labels:(array([1.], dtype=float32), array([8]))
Training group 3, split 3
	Y Train Labels:(array([1.], dtype=float32), array([24]))
	Y Val Labels:(array([1.], dtype=float32), array([8]))
Done.
	Creating sequence for 'kalao'... Training group 4, split 1
	Early stopping at epoch 13
	Y Train Labels:(array([0., 1.], dtype=float32), array([222,  37]))
	Y Val Labels:(array([0.], dtype=float32), array([258]))
Training group 4, split 2
	Early stopping at epoch 13
	Y Train Labels:(array([0., 1.], dtype=float32), array([480,  37]))
	Y Val Labels:(array([0.], dtype=float32), array([258]))
Training group 4, split 3
	Early stopping at epoch 42
	Y Train Labels:(array([0., 1.], dtype=float32), array([738,  37]))
	Y Val Labels:(array([0.], dtype=float32), array([258]))
Done.
	Creating sequence for 'pillar'... Training group 5, split 1
	Early stopping at epoch 26
	Y Train Labels:(array([1.], dtype=float32), array([592]))
	Y Val Labels:(array([1.], dtype=float32), array([591]))
Training group 5, split 2
	Early stopping at epoch 43
	Y Train Labels:(array([1.], dtype=float32), array([1183]))
	Y Val Labels:(array([1.], dtype=float32), array([591]))
Training group 5, split 3
