


--------------------------------------------------
Starting lstm.py at '2024-10-26 22:30:40.891098'.
Reading '../classifiedDAOs.json'... Done.
Total training Data: 1578
DAOs trained so far:169
Size of training set: 935
Size of test set: 474
Preparing data for training...
Preparing data for testing...
Parameters:
	Num epochs: 60
	Initial learning rate: 0.001
	Patience: 12
	Window size: 60
	Timeseries splits: 3
	Minimum number of timeseries datapoints: 64
Gradient boosting params: 
	{"max_depth": 3, "learning_rate": 0.05, "n_estimators": 100, "objective": "binary:logistic", "eval_metric": "logloss"}
	Creating sequence for 'status'... Training group 0, split 1
	Early stopping at epoch 13
	Y Train Labels:(array([1.], dtype=float32), array([588]))
	Y Val Labels:(array([1.], dtype=float32), array([588]))
Training group 0, split 2
	Early stopping at epoch 13
	Y Train Labels:(array([1.], dtype=float32), array([1176]))
	Y Val Labels:(array([1.], dtype=float32), array([588]))
Training group 0, split 3
	Early stopping at epoch 13
	Y Train Labels:(array([1.], dtype=float32), array([1764]))
	Y Val Labels:(array([1.], dtype=float32), array([588]))
Done.
	Creating sequence for 'allianceblock-nexera'... Training group 1, split 1
	Early stopping at epoch 13
	Y Train Labels:(array([1.], dtype=float32), array([128]))
	Y Val Labels:(array([1.], dtype=float32), array([126]))
Training group 1, split 2
	Early stopping at epoch 13
	Y Train Labels:(array([1.], dtype=float32), array([254]))
	Y Val Labels:(array([1.], dtype=float32), array([126]))
Training group 1, split 3
	Early stopping at epoch 13
	Y Train Labels:(array([1.], dtype=float32), array([380]))
	Y Val Labels:(array([0., 1.], dtype=float32), array([122,   4]))
Done.
	Creating sequence for 'gemie'... Training group 2, split 1
	Early stopping at epoch 13
	Y Train Labels:(array([1.], dtype=float32), array([162]))
	Y Val Labels:(array([1.], dtype=float32), array([162]))
Training group 2, split 2
	Early stopping at epoch 13
	Y Train Labels:(array([1.], dtype=float32), array([324]))
	Y Val Labels:(array([1.], dtype=float32), array([162]))
Training group 2, split 3
	Early stopping at epoch 13
	Y Train Labels:(array([1.], dtype=float32), array([486]))
	Y Val Labels:(array([0., 1.], dtype=float32), array([100,  62]))
Done.
	Creating sequence for 'ulord'... Training group 3, split 1
	Early stopping at epoch 13
	Y Train Labels:(array([1.], dtype=float32), array([289]))
	Y Val Labels:(array([1.], dtype=float32), array([289]))
Training group 3, split 2
	Early stopping at epoch 13
	Y Train Labels:(array([1.], dtype=float32), array([578]))
	Y Val Labels:(array([1.], dtype=float32), array([289]))
Training group 3, split 3
