


--------------------------------------------------
Starting lstm.py at '2024-10-23 18:49:49.172543'.
Reading '../classifiedDAOs.json'... Done.
Total training Data: 1578
DAOs trained so far:266
Size of training set: 838
Size of test set: 474
Preparing data for training...
Preparing data for testing...
Parameters:
	Num epochs: 60
	Initial learning rate: 0.001
	Patience: 12
	Window size: 60
	Timeseries splits: 3
	Minimum number of timeseries datapoints: 64
Gradient boosting params: 
	{"max_depth": 3, "learning_rate": 0.05, "n_estimators": 100, "objective": "binary:logistic", "eval_metric": "logloss"}
	Creating sequence for 'ethpad'... Training group 0, split 1
	Early stopping at epoch 13
	Y Train Labels:(array([1.], dtype=float32), array([274]))
	Y Val Labels:(array([0., 1.], dtype=float32), array([ 34, 237]))
Training group 0, split 2
	Y Train Labels:(array([0., 1.], dtype=float32), array([ 34, 511]))
	Y Val Labels:(array([0.], dtype=float32), array([271]))
Training group 0, split 3
	Early stopping at epoch 28
	Y Train Labels:(array([0., 1.], dtype=float32), array([305, 511]))
	Y Val Labels:(array([0.], dtype=float32), array([271]))
Done.
	Creating sequence for 'bamboo-defi'... Training group 1, split 1
	Y Train Labels:(array([0., 1.], dtype=float32), array([ 85, 120]))
	Y Val Labels:(array([0.], dtype=float32), array([205]))
Training group 1, split 2
	Y Train Labels:(array([0., 1.], dtype=float32), array([290, 120]))
	Y Val Labels:(array([0.], dtype=float32), array([205]))
Training group 1, split 3
	Y Train Labels:(array([0., 1.], dtype=float32), array([495, 120]))
	Y Val Labels:(array([0.], dtype=float32), array([205]))
Done.
	Creating sequence for 'sparkpoint'... Training group 2, split 1
	Early stopping at epoch 15
	Y Train Labels:(array([1.], dtype=float32), array([291]))
	Y Val Labels:(array([0., 1.], dtype=float32), array([156, 135]))
Training group 2, split 2
	Early stopping at epoch 27
	Y Train Labels:(array([0., 1.], dtype=float32), array([156, 426]))
	Y Val Labels:(array([0.], dtype=float32), array([291]))
Training group 2, split 3
	Early stopping at epoch 22
	Y Train Labels:(array([0., 1.], dtype=float32), array([447, 426]))
	Y Val Labels:(array([0.], dtype=float32), array([291]))
Done.
	Creating sequence for 'hyperdao'... Skipped.
	Creating sequence for 'rupiah-token'... Training group 3, split 1
	Early stopping at epoch 16
	Y Train Labels:(array([1.], dtype=float32), array([434]))
	Y Val Labels:(array([0., 1.], dtype=float32), array([193, 238]))
Training group 3, split 2
	Early stopping at epoch 51
	Y Train Labels:(array([0., 1.], dtype=float32), array([193, 672]))
	Y Val Labels:(array([0.], dtype=float32), array([431]))
Training group 3, split 3
	Early stopping at epoch 28
	Y Train Labels:(array([0., 1.], dtype=float32), array([624, 672]))
	Y Val Labels:(array([0.], dtype=float32), array([431]))
Done.
	Creating sequence for 'aergo'... Training group 4, split 1
	Y Train Labels:(array([1.], dtype=float32), array([480]))
	Y Val Labels:(array([1.], dtype=float32), array([477]))
Training group 4, split 2
	Y Train Labels:(array([1.], dtype=float32), array([957]))
	Y Val Labels:(array([1.], dtype=float32), array([477]))
Training group 4, split 3
	Y Train Labels:(array([1.], dtype=float32), array([1434]))
	Y Val Labels:(array([1.], dtype=float32), array([477]))
Done.
	Creating sequence for 'hopr'... Training group 5, split 1
	Y Train Labels:(array([1.], dtype=float32), array([300]))
	Y Val Labels:(array([1.], dtype=float32), array([300]))
Training group 5, split 2
	Y Train Labels:(array([1.], dtype=float32), array([600]))
	Y Val Labels:(array([1.], dtype=float32), array([300]))
Training group 5, split 3
	Y Train Labels:(array([1.], dtype=float32), array([900]))
	Y Val Labels:(array([1.], dtype=float32), array([300]))
Done.
	Creating sequence for 'botto'... Training group 6, split 1
	Y Train Labels:(array([1.], dtype=float32), array([249]))
	Y Val Labels:(array([1.], dtype=float32), array([246]))
Training group 6, split 2
	Y Train Labels:(array([1.], dtype=float32), array([495]))
	Y Val Labels:(array([1.], dtype=float32), array([246]))
Training group 6, split 3
	Y Train Labels:(array([1.], dtype=float32), array([741]))
	Y Val Labels:(array([1.], dtype=float32), array([246]))
Done.
	Creating sequence for 'counterparty'... Training group 7, split 1
