


--------------------------------------------------
Starting lstm.py at '2024-10-25 16:28:27.824645'.
Reading './balancedDataset.json'... Done.
Total training Data: 1030
DAOs trained so far:49
Size of training set: 672
Size of test set: 309
Preparing data for training...
Preparing data for testing...
Parameters:
	Num epochs: 60
	Initial learning rate: 0.001
	Patience: 12
	Window size: 60
	Timeseries splits: 3
	Minimum number of timeseries datapoints: 64
Gradient boosting params: 
	{"max_depth": 3, "learning_rate": 0.05, "n_estimators": 100, "objective": "binary:logistic", "eval_metric": "logloss"}
	Creating sequence for 'gas'... Training group 0, split 1
	Early stopping at epoch 13
	Y Train Labels:(array([1.], dtype=float32), array([646]))
	Y Val Labels:(array([1.], dtype=float32), array([644]))
Training group 0, split 2
	Early stopping at epoch 13
	Y Train Labels:(array([1.], dtype=float32), array([1290]))
	Y Val Labels:(array([1.], dtype=float32), array([644]))
Training group 0, split 3
	Early stopping at epoch 13
	Y Train Labels:(array([1.], dtype=float32), array([1934]))
	Y Val Labels:(array([0., 1.], dtype=float32), array([319, 325]))
Done.
	Creating sequence for 'kyber-network'... Training group 1, split 1
	Early stopping at epoch 13
	Y Train Labels:(array([1.], dtype=float32), array([570]))
	Y Val Labels:(array([1.], dtype=float32), array([570]))
Training group 1, split 2
	Early stopping at epoch 13
	Y Train Labels:(array([1.], dtype=float32), array([1140]))
	Y Val Labels:(array([1.], dtype=float32), array([570]))
Training group 1, split 3
	Early stopping at epoch 13
	Y Train Labels:(array([1.], dtype=float32), array([1710]))
	Y Val Labels:(array([1.], dtype=float32), array([570]))
Done.
	Creating sequence for 'chiliz'... Training group 2, split 1
	Early stopping at epoch 13
	Y Train Labels:(array([1.], dtype=float32), array([459]))
	Y Val Labels:(array([1.], dtype=float32), array([456]))
Training group 2, split 2
