


--------------------------------------------------
Starting lstm.py at '2024-10-26 23:20:25.273518'.
Reading '../classifiedDAOs.json'... Done.
Total training Data: 1578
DAOs trained so far:487
Size of training set: 617
Size of test set: 474
Preparing data for training...
Preparing data for testing...
Parameters:
	Num epochs: 60
	Initial learning rate: 0.001
	Patience: 12
	Window size: 60
	Timeseries splits: 3
	Minimum number of timeseries datapoints: 64
Gradient boosting params: 
	{"max_depth": 3, "learning_rate": 0.05, "n_estimators": 100, "objective": "binary:logistic", "eval_metric": "logloss"}
	Creating sequence for 'appcoins'... Training group 0, split 1
	Early stopping at epoch 13
	Y Train Labels:(array([1.], dtype=float32), array([576]))
	Y Val Labels:(array([1.], dtype=float32), array([576]))
Training group 0, split 2
	Early stopping at epoch 13
	Y Train Labels:(array([1.], dtype=float32), array([1152]))
	Y Val Labels:(array([0., 1.], dtype=float32), array([347, 229]))
Training group 0, split 3
	Early stopping at epoch 13
	Y Train Labels:(array([0., 1.], dtype=float32), array([ 347, 1381]))
	Y Val Labels:(array([0.], dtype=float32), array([576]))
Done.
	Creating sequence for 'step-finance'... Training group 1, split 1
	Early stopping at epoch 13
	Y Train Labels:(array([1.], dtype=float32), array([268]))
	Y Val Labels:(array([0., 1.], dtype=float32), array([253,  13]))
Training group 1, split 2
	Early stopping at epoch 13
	Y Train Labels:(array([0., 1.], dtype=float32), array([253, 281]))
	Y Val Labels:(array([0.], dtype=float32), array([266]))
Training group 1, split 3
	Early stopping at epoch 13
	Y Train Labels:(array([0., 1.], dtype=float32), array([519, 281]))
	Y Val Labels:(array([0.], dtype=float32), array([266]))
Done.
	Creating sequence for 'hatom'... Training group 2, split 1
	Early stopping at epoch 13
	Y Train Labels:(array([1.], dtype=float32), array([94]))
	Y Val Labels:(array([1.], dtype=float32), array([91]))
Training group 2, split 2
	Early stopping at epoch 13
	Y Train Labels:(array([1.], dtype=float32), array([185]))
	Y Val Labels:(array([1.], dtype=float32), array([91]))
Training group 2, split 3
	Early stopping at epoch 13
	Y Train Labels:(array([1.], dtype=float32), array([276]))
	Y Val Labels:(array([1.], dtype=float32), array([91]))
Done.
	Creating sequence for 'minted'... Training group 3, split 1
	Early stopping at epoch 13
	Y Train Labels:(array([1.], dtype=float32), array([178]))
	Y Val Labels:(array([0., 1.], dtype=float32), array([105,  72]))
Training group 3, split 2
	Early stopping at epoch 13
	Y Train Labels:(array([0., 1.], dtype=float32), array([105, 250]))
	Y Val Labels:(array([0.], dtype=float32), array([177]))
Training group 3, split 3
	Early stopping at epoch 13
	Y Train Labels:(array([0., 1.], dtype=float32), array([282, 250]))
	Y Val Labels:(array([0.], dtype=float32), array([177]))
Done.
	Creating sequence for 'ronin'... Training group 4, split 1
	Early stopping at epoch 13
	Y Train Labels:(array([1.], dtype=float32), array([197]))
	Y Val Labels:(array([1.], dtype=float32), array([197]))
Training group 4, split 2
	Early stopping at epoch 13
	Y Train Labels:(array([1.], dtype=float32), array([394]))
	Y Val Labels:(array([1.], dtype=float32), array([197]))
Training group 4, split 3
