


--------------------------------------------------
Starting lstm.py at '2024-10-26 22:47:13.257950'.
Reading '../classifiedDAOs.json'... Done.
Total training Data: 1578
DAOs trained so far:281
Size of training set: 823
Size of test set: 474
Preparing data for training...
Preparing data for testing...
Parameters:
	Num epochs: 60
	Initial learning rate: 0.001
	Patience: 12
	Window size: 60
	Timeseries splits: 3
	Minimum number of timeseries datapoints: 64
Gradient boosting params: 
	{"max_depth": 3, "learning_rate": 0.05, "n_estimators": 100, "objective": "binary:logistic", "eval_metric": "logloss"}
	Creating sequence for 'meverse'... Training group 0, split 1
	Early stopping at epoch 13
	Y Train Labels:(array([1.], dtype=float32), array([216]))
	Y Val Labels:(array([0., 1.], dtype=float32), array([ 52, 161]))
Training group 0, split 2
	Early stopping at epoch 13
	Y Train Labels:(array([0., 1.], dtype=float32), array([ 52, 377]))
	Y Val Labels:(array([0.], dtype=float32), array([213]))
Training group 0, split 3
	Early stopping at epoch 13
	Y Train Labels:(array([0., 1.], dtype=float32), array([265, 377]))
	Y Val Labels:(array([0.], dtype=float32), array([213]))
Done.
	Creating sequence for 'flex'... Training group 1, split 1
	Early stopping at epoch 13
	Y Train Labels:(array([1.], dtype=float32), array([113]))
	Y Val Labels:(array([1.], dtype=float32), array([112]))
Training group 1, split 2
	Early stopping at epoch 13
	Y Train Labels:(array([1.], dtype=float32), array([225]))
	Y Val Labels:(array([1.], dtype=float32), array([112]))
Training group 1, split 3
	Early stopping at epoch 13
	Y Train Labels:(array([1.], dtype=float32), array([337]))
	Y Val Labels:(array([1.], dtype=float32), array([112]))
Done.
	Creating sequence for 'somnium-space-cubes'... Training group 2, split 1
	Early stopping at epoch 13
	Y Train Labels:(array([1.], dtype=float32), array([224]))
	Y Val Labels:(array([0., 1.], dtype=float32), array([154,  70]))
Training group 2, split 2
	Early stopping at epoch 13
	Y Train Labels:(array([0., 1.], dtype=float32), array([154, 294]))
	Y Val Labels:(array([0.], dtype=float32), array([224]))
Training group 2, split 3
	Early stopping at epoch 13
	Y Train Labels:(array([0., 1.], dtype=float32), array([378, 294]))
	Y Val Labels:(array([0.], dtype=float32), array([224]))
Done.
	Creating sequence for 'elysia'... 00
Done.
	Creating sequence for 'turtlecoin'... Training group 4, split 1
	Early stopping at epoch 13
	Y Train Labels:(array([1.], dtype=float32), array([542]))
	Y Val Labels:(array([1.], dtype=float32), array([541]))
Training group 4, split 2
	Early stopping at epoch 13
	Y Train Labels:(array([1.], dtype=float32), array([1083]))
	Y Val Labels:(array([0., 1.], dtype=float32), array([332, 209]))
Training group 4, split 3
