


--------------------------------------------------
Starting lstm.py at '2024-10-23 19:16:38.964309'.
Reading '../classifiedDAOs.json'... Done.
Total training Data: 1578
DAOs trained so far:406
Size of training set: 698
Size of test set: 474
Preparing data for training...
Preparing data for testing...
Parameters:
	Num epochs: 60
	Initial learning rate: 0.001
	Patience: 12
	Window size: 60
	Timeseries splits: 3
	Minimum number of timeseries datapoints: 64
Gradient boosting params: 
	{"max_depth": 3, "learning_rate": 0.05, "n_estimators": 100, "objective": "binary:logistic", "eval_metric": "logloss"}
	Creating sequence for 'presearch'... Training group 0, split 1
	Y Train Labels:(array([1.], dtype=float32), array([542]))
	Y Val Labels:(array([1.], dtype=float32), array([542]))
Training group 0, split 2
	Early stopping at epoch 13
	Y Train Labels:(array([1.], dtype=float32), array([1084]))
	Y Val Labels:(array([0., 1.], dtype=float32), array([180, 362]))
Training group 0, split 3
	Early stopping at epoch 31
	Y Train Labels:(array([0., 1.], dtype=float32), array([ 180, 1446]))
	Y Val Labels:(array([0.], dtype=float32), array([542]))
Done.
	Creating sequence for 'lgcy-network'... Training group 1, split 1
	Y Train Labels:(array([0.], dtype=float32), array([242]))
	Y Val Labels:(array([0.], dtype=float32), array([240]))
Training group 1, split 2
	Y Train Labels:(array([0.], dtype=float32), array([482]))
	Y Val Labels:(array([0.], dtype=float32), array([240]))
Training group 1, split 3
	Y Train Labels:(array([0.], dtype=float32), array([722]))
	Y Val Labels:(array([0.], dtype=float32), array([240]))
Done.
	Creating sequence for 'sifchain'... Training group 2, split 1
	Y Train Labels:(array([1.], dtype=float32), array([233]))
	Y Val Labels:(array([1.], dtype=float32), array([232]))
Training group 2, split 2
	Early stopping at epoch 14
	Y Train Labels:(array([1.], dtype=float32), array([465]))
	Y Val Labels:(array([0., 1.], dtype=float32), array([ 95, 137]))
Training group 2, split 3
	Early stopping at epoch 34
	Y Train Labels:(array([0., 1.], dtype=float32), array([ 95, 602]))
	Y Val Labels:(array([0.], dtype=float32), array([232]))
Done.
	Creating sequence for 'amond'... Training group 3, split 1
	Early stopping at epoch 13
	Y Train Labels:(array([1.], dtype=float32), array([438]))
	Y Val Labels:(array([0., 1.], dtype=float32), array([189, 248]))
Training group 3, split 2
	Early stopping at epoch 30
	Y Train Labels:(array([0., 1.], dtype=float32), array([189, 686]))
	Y Val Labels:(array([0.], dtype=float32), array([437]))
Training group 3, split 3
	Early stopping at epoch 27
	Y Train Labels:(array([0., 1.], dtype=float32), array([626, 686]))
	Y Val Labels:(array([0.], dtype=float32), array([437]))
Done.
	Creating sequence for 'lever'... Training group 4, split 1
	Y Train Labels:(array([1.], dtype=float32), array([176]))
	Y Val Labels:(array([1.], dtype=float32), array([175]))
Training group 4, split 2
	Y Train Labels:(array([1.], dtype=float32), array([351]))
	Y Val Labels:(array([1.], dtype=float32), array([175]))
Training group 4, split 3
	Y Train Labels:(array([1.], dtype=float32), array([526]))
	Y Val Labels:(array([1.], dtype=float32), array([175]))
Done.
	Creating sequence for 'telcoin'... Training group 5, split 1
	Y Train Labels:(array([1.], dtype=float32), array([587]))
	Y Val Labels:(array([1.], dtype=float32), array([584]))
Training group 5, split 2
