


--------------------------------------------------
Starting lstm.py at '2024-10-26 22:57:09.122097'.
Reading '../classifiedDAOs.json'... Done.
Total training Data: 1578
DAOs trained so far:339
Size of training set: 765
Size of test set: 474
Preparing data for training...
Preparing data for testing...
Parameters:
	Num epochs: 60
	Initial learning rate: 0.001
	Patience: 12
	Window size: 60
	Timeseries splits: 3
	Minimum number of timeseries datapoints: 64
Gradient boosting params: 
	{"max_depth": 3, "learning_rate": 0.05, "n_estimators": 100, "objective": "binary:logistic", "eval_metric": "logloss"}
	Creating sequence for 'aave-wbtc'... Skipped.
	Creating sequence for 'delphy'... Training group 0, split 1
	Early stopping at epoch 13
	Y Train Labels:(array([1.], dtype=float32), array([560]))
	Y Val Labels:(array([1.], dtype=float32), array([557]))
Training group 0, split 2
	Early stopping at epoch 13
	Y Train Labels:(array([1.], dtype=float32), array([1117]))
	Y Val Labels:(array([0., 1.], dtype=float32), array([528,  29]))
Training group 0, split 3
	Early stopping at epoch 13
	Y Train Labels:(array([0., 1.], dtype=float32), array([ 528, 1146]))
	Y Val Labels:(array([0.], dtype=float32), array([557]))
Done.
	Creating sequence for 'crypto-asset-governance-alliance'... Training group 1, split 1
	Early stopping at epoch 13
	Y Train Labels:(array([0., 1.], dtype=float32), array([13, 52]))
	Y Val Labels:(array([0.], dtype=float32), array([64]))
Training group 1, split 2
	Early stopping at epoch 13
	Y Train Labels:(array([0., 1.], dtype=float32), array([77, 52]))
	Y Val Labels:(array([0.], dtype=float32), array([64]))
Training group 1, split 3
	Early stopping at epoch 13
	Y Train Labels:(array([0., 1.], dtype=float32), array([141,  52]))
	Y Val Labels:(array([0.], dtype=float32), array([64]))
Done.
	Creating sequence for 'aelf'... Training group 2, split 1
	Early stopping at epoch 13
	Y Train Labels:(array([1.], dtype=float32), array([566]))
	Y Val Labels:(array([1.], dtype=float32), array([563]))
Training group 2, split 2
	Early stopping at epoch 13
	Y Train Labels:(array([1.], dtype=float32), array([1129]))
	Y Val Labels:(array([1.], dtype=float32), array([563]))
Training group 2, split 3
	Early stopping at epoch 13
	Y Train Labels:(array([1.], dtype=float32), array([1692]))
	Y Val Labels:(array([1.], dtype=float32), array([563]))
Done.
	Creating sequence for 'linqai'... Training group 3, split 1
	Early stopping at epoch 13
	Y Train Labels:(array([0.], dtype=float32), array([31]))
	Y Val Labels:(array([0.], dtype=float32), array([30]))
Training group 3, split 2
	Early stopping at epoch 13
	Y Train Labels:(array([0.], dtype=float32), array([61]))
	Y Val Labels:(array([0.], dtype=float32), array([30]))
Training group 3, split 3
	Early stopping at epoch 13
	Y Train Labels:(array([0.], dtype=float32), array([91]))
	Y Val Labels:(array([0.], dtype=float32), array([30]))
Done.
	Creating sequence for 'exmo-coin'... Training group 4, split 1
	Early stopping at epoch 13
	Y Train Labels:(array([1.], dtype=float32), array([424]))
	Y Val Labels:(array([1.], dtype=float32), array([424]))
Training group 4, split 2
