


--------------------------------------------------
Starting lstm.py at '2024-10-26 22:52:02.653744'.
Reading '../classifiedDAOs.json'... Done.
Total training Data: 1578
DAOs trained so far:308
Size of training set: 796
Size of test set: 474
Preparing data for training...
Preparing data for testing...
Parameters:
	Num epochs: 60
	Initial learning rate: 0.001
	Patience: 12
	Window size: 60
	Timeseries splits: 3
	Minimum number of timeseries datapoints: 64
Gradient boosting params: 
	{"max_depth": 3, "learning_rate": 0.05, "n_estimators": 100, "objective": "binary:logistic", "eval_metric": "logloss"}
	Creating sequence for 'expanse'... Training group 0, split 1
	Early stopping at epoch 13
	Y Train Labels:(array([1.], dtype=float32), array([586]))
	Y Val Labels:(array([1.], dtype=float32), array([586]))
Training group 0, split 2
	Early stopping at epoch 13
	Y Train Labels:(array([1.], dtype=float32), array([1172]))
	Y Val Labels:(array([1.], dtype=float32), array([586]))
Training group 0, split 3
	Early stopping at epoch 13
	Y Train Labels:(array([1.], dtype=float32), array([1758]))
	Y Val Labels:(array([0., 1.], dtype=float32), array([182, 404]))
Done.
	Creating sequence for 'ozone-chain'... Training group 1, split 1
	Early stopping at epoch 13
	Y Train Labels:(array([1.], dtype=float32), array([78]))
	Y Val Labels:(array([1.], dtype=float32), array([76]))
Training group 1, split 2
	Early stopping at epoch 13
	Y Train Labels:(array([1.], dtype=float32), array([154]))
	Y Val Labels:(array([1.], dtype=float32), array([76]))
Training group 1, split 3
	Early stopping at epoch 13
	Y Train Labels:(array([1.], dtype=float32), array([230]))
	Y Val Labels:(array([1.], dtype=float32), array([76]))
Done.
	Creating sequence for 'ampleforth'... Training group 2, split 1
	Early stopping at epoch 13
	Y Train Labels:(array([1.], dtype=float32), array([452]))
	Y Val Labels:(array([1.], dtype=float32), array([450]))
Training group 2, split 2
	Early stopping at epoch 13
	Y Train Labels:(array([1.], dtype=float32), array([902]))
	Y Val Labels:(array([1.], dtype=float32), array([450]))
Training group 2, split 3
	Early stopping at epoch 13
	Y Train Labels:(array([1.], dtype=float32), array([1352]))
	Y Val Labels:(array([1.], dtype=float32), array([450]))
Done.
	Creating sequence for 'edu-coin'... Training group 3, split 1
	Early stopping at epoch 13
	Y Train Labels:(array([1.], dtype=float32), array([319]))
	Y Val Labels:(array([0., 1.], dtype=float32), array([ 58, 258]))
Training group 3, split 2
	Early stopping at epoch 13
	Y Train Labels:(array([0., 1.], dtype=float32), array([ 58, 577]))
	Y Val Labels:(array([0.], dtype=float32), array([316]))
Training group 3, split 3
	Early stopping at epoch 13
	Y Train Labels:(array([0., 1.], dtype=float32), array([374, 577]))
	Y Val Labels:(array([0.], dtype=float32), array([316]))
Done.
	Creating sequence for 'onomy-protocol'... Training group 4, split 1
	Early stopping at epoch 13
	Y Train Labels:(array([1.], dtype=float32), array([106]))
	Y Val Labels:(array([1.], dtype=float32), array([103]))
Training group 4, split 2
	Early stopping at epoch 13
	Y Train Labels:(array([1.], dtype=float32), array([209]))
	Y Val Labels:(array([1.], dtype=float32), array([103]))
Training group 4, split 3
	Early stopping at epoch 13
	Y Train Labels:(array([1.], dtype=float32), array([312]))
	Y Val Labels:(array([0., 1.], dtype=float32), array([64, 39]))
Done.
	Creating sequence for 'usds'... Skipped.
	Creating sequence for 'algorand'... Training group 5, split 1
	Early stopping at epoch 13
	Y Train Labels:(array([1.], dtype=float32), array([453]))
	Y Val Labels:(array([1.], dtype=float32), array([451]))
Training group 5, split 2
