


--------------------------------------------------
Starting lstm.py at '2024-10-25 17:05:00.825246'.
Reading './balancedDataset.json'... Done.
Total training Data: 1030
DAOs trained so far:323
Size of training set: 398
Size of test set: 309
Preparing data for training...
Preparing data for testing...
Parameters:
	Num epochs: 60
	Initial learning rate: 0.001
	Patience: 12
	Window size: 60
	Timeseries splits: 3
	Minimum number of timeseries datapoints: 64
Gradient boosting params: 
	{"max_depth": 3, "learning_rate": 0.05, "n_estimators": 100, "objective": "binary:logistic", "eval_metric": "logloss"}
	Creating sequence for 'helium-mobile'... Training group 0, split 1
	Early stopping at epoch 13
	Y Train Labels:(array([1.], dtype=float32), array([114]))
	Y Val Labels:(array([1.], dtype=float32), array([111]))
Training group 0, split 2
	Early stopping at epoch 13
	Y Train Labels:(array([1.], dtype=float32), array([225]))
	Y Val Labels:(array([1.], dtype=float32), array([111]))
Training group 0, split 3
	Early stopping at epoch 13
	Y Train Labels:(array([1.], dtype=float32), array([336]))
	Y Val Labels:(array([1.], dtype=float32), array([111]))
Done.
	Creating sequence for 'aeron'... Training group 1, split 1
	Early stopping at epoch 13
	Y Train Labels:(array([1.], dtype=float32), array([568]))
	Y Val Labels:(array([0., 1.], dtype=float32), array([366, 200]))
Training group 1, split 2
	Early stopping at epoch 13
	Y Train Labels:(array([0., 1.], dtype=float32), array([366, 768]))
	Y Val Labels:(array([0.], dtype=float32), array([566]))
Training group 1, split 3
	Early stopping at epoch 13
	Y Train Labels:(array([0., 1.], dtype=float32), array([932, 768]))
	Y Val Labels:(array([0.], dtype=float32), array([566]))
Done.
	Creating sequence for 'jesus-coin'... Training group 2, split 1
	Early stopping at epoch 13
	Y Train Labels:(array([0.], dtype=float32), array([138]))
	Y Val Labels:(array([0.], dtype=float32), array([137]))
Training group 2, split 2
	Early stopping at epoch 13
	Y Train Labels:(array([0.], dtype=float32), array([275]))
	Y Val Labels:(array([0.], dtype=float32), array([137]))
Training group 2, split 3
	Early stopping at epoch 13
	Y Train Labels:(array([0.], dtype=float32), array([412]))
	Y Val Labels:(array([0.], dtype=float32), array([137]))
Done.
	Creating sequence for 'concordium'... Training group 3, split 1
	Early stopping at epoch 13
	Y Train Labels:(array([1.], dtype=float32), array([139]))
	Y Val Labels:(array([1.], dtype=float32), array([137]))
Training group 3, split 2
	Early stopping at epoch 13
	Y Train Labels:(array([1.], dtype=float32), array([276]))
	Y Val Labels:(array([1.], dtype=float32), array([137]))
Training group 3, split 3
	Early stopping at epoch 13
	Y Train Labels:(array([1.], dtype=float32), array([413]))
	Y Val Labels:(array([1.], dtype=float32), array([137]))
Done.
	Creating sequence for 'burger-swap'... Training group 4, split 1
	Early stopping at epoch 13
	Y Train Labels:(array([1.], dtype=float32), array([275]))
	Y Val Labels:(array([1.], dtype=float32), array([275]))
Training group 4, split 2
