


--------------------------------------------------
Starting lstm.py at '2024-10-24 15:14:24.159764'.
Reading './balancedDataset.json'... Done.
Total training Data: 1030
DAOs trained so far:46
Size of training set: 675
Size of test set: 309
Preparing data for training...
Preparing data for testing...
Parameters:
	Num epochs: 60
	Initial learning rate: 0.001
	Patience: 12
	Window size: 60
	Timeseries splits: 3
	Minimum number of timeseries datapoints: 64
Gradient boosting params: 
	{"max_depth": 3, "learning_rate": 0.05, "n_estimators": 100, "objective": "binary:logistic", "eval_metric": "logloss"}
	Creating sequence for 'efinity'... Training group 0, split 1
	Early stopping at epoch 13
	Y Train Labels:(array([1.], dtype=float32), array([264]))
	Y Val Labels:(array([0., 1.], dtype=float32), array([145, 118]))
Training group 0, split 2
	Y Train Labels:(array([0., 1.], dtype=float32), array([145, 382]))
	Y Val Labels:(array([0.], dtype=float32), array([263]))
Training group 0, split 3
	Early stopping at epoch 27
	Y Train Labels:(array([0., 1.], dtype=float32), array([408, 382]))
	Y Val Labels:(array([0.], dtype=float32), array([263]))
Done.
	Creating sequence for 'geodnet'... Training group 1, split 1
	Y Train Labels:(array([1.], dtype=float32), array([181]))
	Y Val Labels:(array([1.], dtype=float32), array([178]))
Training group 1, split 2
	Y Train Labels:(array([1.], dtype=float32), array([359]))
	Y Val Labels:(array([1.], dtype=float32), array([178]))
Training group 1, split 3
	Y Train Labels:(array([1.], dtype=float32), array([537]))
	Y Val Labels:(array([1.], dtype=float32), array([178]))
Done.
	Creating sequence for 'tranchess'... Training group 2, split 1
	Y Train Labels:(array([1.], dtype=float32), array([235]))
	Y Val Labels:(array([1.], dtype=float32), array([235]))
Training group 2, split 2
	Y Train Labels:(array([1.], dtype=float32), array([470]))
	Y Val Labels:(array([1.], dtype=float32), array([235]))
Training group 2, split 3
	Y Train Labels:(array([1.], dtype=float32), array([705]))
	Y Val Labels:(array([1.], dtype=float32), array([235]))
Done.
	Creating sequence for 'gas'... Training group 3, split 1
	Y Train Labels:(array([1.], dtype=float32), array([646]))
	Y Val Labels:(array([1.], dtype=float32), array([644]))
Training group 3, split 2
	Y Train Labels:(array([1.], dtype=float32), array([1290]))
	Y Val Labels:(array([1.], dtype=float32), array([644]))
Training group 3, split 3
	Early stopping at epoch 13
	Y Train Labels:(array([1.], dtype=float32), array([1934]))
	Y Val Labels:(array([0., 1.], dtype=float32), array([319, 325]))
Done.
	Creating sequence for 'kyber-network'... Training group 4, split 1
	Y Train Labels:(array([1.], dtype=float32), array([570]))
	Y Val Labels:(array([1.], dtype=float32), array([570]))
Training group 4, split 2
	Y Train Labels:(array([1.], dtype=float32), array([1140]))
	Y Val Labels:(array([1.], dtype=float32), array([570]))
Training group 4, split 3
	Y Train Labels:(array([1.], dtype=float32), array([1710]))
	Y Val Labels:(array([1.], dtype=float32), array([570]))
Done.
	Creating sequence for 'chiliz'... Training group 5, split 1
	Y Train Labels:(array([1.], dtype=float32), array([459]))
	Y Val Labels:(array([1.], dtype=float32), array([456]))
Training group 5, split 2
	Y Train Labels:(array([1.], dtype=float32), array([915]))
	Y Val Labels:(array([1.], dtype=float32), array([456]))
Training group 5, split 3
	Early stopping at epoch 13
	Y Train Labels:(array([1.], dtype=float32), array([1371]))
	Y Val Labels:(array([0., 1.], dtype=float32), array([326, 130]))
Done.
	Creating sequence for 'artrade'... Training group 6, split 1
	Early stopping at epoch 47
	Y Train Labels:(array([1.], dtype=float32), array([210]))
	Y Val Labels:(array([1.], dtype=float32), array([209]))
Training group 6, split 2
