


--------------------------------------------------
Starting lstm.py at '2024-10-16 15:17:48.581432'.
Reading './isDaoActiveData(4).json'... Done.
Total training Data: 379
DAOs trained so far:202
Size of training set: 63
Size of test set: 114
Preparing data for training...
Preparing data for testing...
Parameters:
	Num epochs: 60
	Initial learning rate: 0.001
	Patience: 12
	Window size: 60
	Timeseries splits: 3
	Minimum number of timeseries datapoints: 64
Gradient boosting params: 
	{"max_depth": 3, "learning_rate": 0.05, "n_estimators": 100, "objective": "binary:logistic", "eval_metric": "logloss"}
	Creating sequence for 'chex-token'... Training group 0, split 1
	Y Train Labels:(array([1.], dtype=float32), array([315]))
	Y Val Labels:(array([1.], dtype=float32), array([312]))
Training group 0, split 2
	Y Train Labels:(array([1.], dtype=float32), array([627]))
	Y Val Labels:(array([1.], dtype=float32), array([312]))
Training group 0, split 3
	Y Train Labels:(array([1.], dtype=float32), array([939]))
	Y Val Labels:(array([1.], dtype=float32), array([312]))
Done.
	Creating sequence for 'coinex-token'... Training group 1, split 1
	Y Train Labels:(array([1.], dtype=float32), array([528]))
	Y Val Labels:(array([1.], dtype=float32), array([525]))
Training group 1, split 2
	Early stopping at epoch 25
	Y Train Labels:(array([1.], dtype=float32), array([1053]))
	Y Val Labels:(array([1.], dtype=float32), array([525]))
Training group 1, split 3
	Y Train Labels:(array([1.], dtype=float32), array([1578]))
	Y Val Labels:(array([1.], dtype=float32), array([525]))
Done.
	Creating sequence for 'appcoins'... Training group 2, split 1
	Y Train Labels:(array([1.], dtype=float32), array([576]))
	Y Val Labels:(array([1.], dtype=float32), array([576]))
Training group 2, split 2
	Early stopping at epoch 13
	Y Train Labels:(array([1.], dtype=float32), array([1152]))
	Y Val Labels:(array([0., 1.], dtype=float32), array([347, 229]))
Training group 2, split 3
	Y Train Labels:(array([0., 1.], dtype=float32), array([ 347, 1381]))
	Y Val Labels:(array([0.], dtype=float32), array([576]))
Done.
	Creating sequence for 'boba-network'... Training group 3, split 1
	Early stopping at epoch 15
	Y Train Labels:(array([1.], dtype=float32), array([237]))
	Y Val Labels:(array([0., 1.], dtype=float32), array([ 71, 165]))
Training group 3, split 2
	Early stopping at epoch 26
	Y Train Labels:(array([0., 1.], dtype=float32), array([ 71, 402]))
	Y Val Labels:(array([0.], dtype=float32), array([236]))
Training group 3, split 3
	Early stopping at epoch 24
	Y Train Labels:(array([0., 1.], dtype=float32), array([307, 402]))
	Y Val Labels:(array([0.], dtype=float32), array([236]))
Done.
	Creating sequence for 'arcona'... Training group 4, split 1
	Early stopping at epoch 18
	Y Train Labels:(array([1.], dtype=float32), array([365]))
	Y Val Labels:(array([0., 1.], dtype=float32), array([196, 166]))
Training group 4, split 2
	Y Train Labels:(array([0., 1.], dtype=float32), array([196, 531]))
	Y Val Labels:(array([0.], dtype=float32), array([362]))
Training group 4, split 3
	Early stopping at epoch 32
	Y Train Labels:(array([0., 1.], dtype=float32), array([558, 531]))
	Y Val Labels:(array([0.], dtype=float32), array([362]))
Done.
	Creating sequence for 'azuro-protocol'... Training group 5, split 1
	Y Train Labels:(array([0.], dtype=float32), array([10]))
	Y Val Labels:(array([0.], dtype=float32), array([9]))
Training group 5, split 2
	Y Train Labels:(array([0.], dtype=float32), array([19]))
	Y Val Labels:(array([0.], dtype=float32), array([9]))
Training group 5, split 3
	Y Train Labels:(array([0.], dtype=float32), array([28]))
	Y Val Labels:(array([0.], dtype=float32), array([9]))
Done.
	Creating sequence for 'aave-tusd'... Skipped.
	Creating sequence for 'babb'... Training group 6, split 1
	Y Train Labels:(array([1.], dtype=float32), array([572]))
	Y Val Labels:(array([1.], dtype=float32), array([572]))
Training group 6, split 2
