


--------------------------------------------------
Starting lstm.py at '2024-10-27 01:52:01.467796'.
Reading '../classifiedDAOs.json'... Done.
Total training Data: 1578
DAOs trained so far:1057
Size of training set: 47
Size of test set: 474
Preparing data for training...
Preparing data for testing...
Parameters:
	Num epochs: 60
	Initial learning rate: 0.001
	Patience: 12
	Window size: 60
	Timeseries splits: 3
	Minimum number of timeseries datapoints: 64
Gradient boosting params: 
	{"max_depth": 3, "learning_rate": 0.05, "n_estimators": 100, "objective": "binary:logistic", "eval_metric": "logloss"}
	Creating sequence for 'decimal'... Training group 0, split 1
	Y Train Labels:(array([1.], dtype=float32), array([216]))
	Y Val Labels:(array([1.], dtype=float32), array([213]))
Training group 0, split 2
	Y Train Labels:(array([1.], dtype=float32), array([429]))
	Y Val Labels:(array([1.], dtype=float32), array([213]))
Training group 0, split 3
	Early stopping at epoch 46
	Y Train Labels:(array([1.], dtype=float32), array([642]))
	Y Val Labels:(array([1.], dtype=float32), array([213]))
Done.
	Creating sequence for 'propbase'... Training group 1, split 1
	Y Train Labels:(array([1.], dtype=float32), array([65]))
	Y Val Labels:(array([1.], dtype=float32), array([64]))
Training group 1, split 2
	Y Train Labels:(array([1.], dtype=float32), array([129]))
	Y Val Labels:(array([1.], dtype=float32), array([64]))
Training group 1, split 3
	Y Train Labels:(array([1.], dtype=float32), array([193]))
	Y Val Labels:(array([1.], dtype=float32), array([64]))
Done.
	Creating sequence for 'mahadao'... Training group 2, split 1
	Y Train Labels:(array([1.], dtype=float32), array([314]))
	Y Val Labels:(array([1.], dtype=float32), array([314]))
Training group 2, split 2
	Early stopping at epoch 13
	Y Train Labels:(array([1.], dtype=float32), array([628]))
	Y Val Labels:(array([0., 1.], dtype=float32), array([ 49, 265]))
Training group 2, split 3
	Y Train Labels:(array([0., 1.], dtype=float32), array([ 49, 893]))
	Y Val Labels:(array([0.], dtype=float32), array([314]))
Done.
	Creating sequence for 'beyond-finance'... Training group 3, split 1
	Early stopping at epoch 40
	Y Train Labels:(array([0., 1.], dtype=float32), array([ 97, 203]))
	Y Val Labels:(array([0.], dtype=float32), array([300]))
Training group 3, split 2
	Early stopping at epoch 44
	Y Train Labels:(array([0., 1.], dtype=float32), array([397, 203]))
	Y Val Labels:(array([0.], dtype=float32), array([300]))
Training group 3, split 3
	Y Train Labels:(array([0., 1.], dtype=float32), array([697, 203]))
	Y Val Labels:(array([0.], dtype=float32), array([300]))
Done.
	Creating sequence for 'step-hero'... Skipped.
	Creating sequence for 'fasttoken'... 00
Done.
	Creating sequence for 'zmine'... Training group 5, split 1
	Y Train Labels:(array([1.], dtype=float32), array([375]))
	Y Val Labels:(array([1.], dtype=float32), array([375]))
Training group 5, split 2
	Y Train Labels:(array([1.], dtype=float32), array([750]))
	Y Val Labels:(array([1.], dtype=float32), array([375]))
Training group 5, split 3
