


--------------------------------------------------
Starting lstm.py at '2024-10-16 13:00:35.782582'.
Reading './isDaoActiveData(4).json'... Done.
Total training Data: 379
DAOs trained so far:24
Size of training set: 241
Size of test set: 114
Preparing data for training...
Preparing data for testing...
Parameters:
	Num epochs: 60
	Initial learning rate: 0.001
	Patience: 12
	Window size: 60
	Timeseries splits: 3
	Minimum number of timeseries datapoints: 64
Gradient boosting params: 
	{"max_depth": 3, "learning_rate": 0.05, "n_estimators": 100, "objective": "binary:logistic", "eval_metric": "logloss"}
	Creating sequence for 'chainx'... Training group 0, split 1
	Y Train Labels:(array([1.], dtype=float32), array([445]))
	Y Val Labels:(array([1.], dtype=float32), array([444]))
Training group 0, split 2
	Y Train Labels:(array([1.], dtype=float32), array([889]))
	Y Val Labels:(array([1.], dtype=float32), array([444]))
Training group 0, split 3
	Early stopping at epoch 13
	Y Train Labels:(array([1.], dtype=float32), array([1333]))
	Y Val Labels:(array([0., 1.], dtype=float32), array([221, 223]))
Done.
	Creating sequence for 'anyswap'... Training group 1, split 1
	Y Train Labels:(array([1.], dtype=float32), array([227]))
	Y Val Labels:(array([1.], dtype=float32), array([224]))
Training group 1, split 2
	Y Train Labels:(array([1.], dtype=float32), array([451]))
	Y Val Labels:(array([1.], dtype=float32), array([224]))
Training group 1, split 3
	Y Train Labels:(array([1.], dtype=float32), array([675]))
	Y Val Labels:(array([1.], dtype=float32), array([224]))
Done.
	Creating sequence for 'botto'... Training group 2, split 1
	Early stopping at epoch 30
	Y Train Labels:(array([1.], dtype=float32), array([249]))
	Y Val Labels:(array([1.], dtype=float32), array([246]))
Training group 2, split 2
	Early stopping at epoch 26
	Y Train Labels:(array([1.], dtype=float32), array([495]))
	Y Val Labels:(array([1.], dtype=float32), array([246]))
Training group 2, split 3
	Early stopping at epoch 22
	Y Train Labels:(array([1.], dtype=float32), array([741]))
	Y Val Labels:(array([1.], dtype=float32), array([246]))
Done.
	Creating sequence for 'bitcoin'... Training group 3, split 1
	Early stopping at epoch 24
	Y Train Labels:(array([1.], dtype=float32), array([478]))
	Y Val Labels:(array([1.], dtype=float32), array([476]))
Training group 3, split 2
	Early stopping at epoch 24
	Y Train Labels:(array([1.], dtype=float32), array([954]))
	Y Val Labels:(array([1.], dtype=float32), array([476]))
Training group 3, split 3
	Early stopping at epoch 13
	Y Train Labels:(array([1.], dtype=float32), array([1430]))
	Y Val Labels:(array([1.], dtype=float32), array([476]))
Done.
	Creating sequence for 'centrifuge'... Training group 4, split 1
	Early stopping at epoch 24
	Y Train Labels:(array([1.], dtype=float32), array([240]))
	Y Val Labels:(array([1.], dtype=float32), array([239]))
Training group 4, split 2
	Y Train Labels:(array([1.], dtype=float32), array([479]))
	Y Val Labels:(array([1.], dtype=float32), array([239]))
Training group 4, split 3
	Early stopping at epoch 13
	Y Train Labels:(array([1.], dtype=float32), array([718]))
	Y Val Labels:(array([1.], dtype=float32), array([239]))
Done.
	Creating sequence for 'basis-cash'... Training group 5, split 1
	Early stopping at epoch 13
	Y Train Labels:(array([1.], dtype=float32), array([331]))
	Y Val Labels:(array([0., 1.], dtype=float32), array([195, 133]))
Training group 5, split 2
	Early stopping at epoch 36
	Y Train Labels:(array([0., 1.], dtype=float32), array([195, 464]))
	Y Val Labels:(array([0.], dtype=float32), array([328]))
Training group 5, split 3
	Early stopping at epoch 26
	Y Train Labels:(array([0., 1.], dtype=float32), array([523, 464]))
	Y Val Labels:(array([0.], dtype=float32), array([328]))
Done.
	Creating sequence for 'bolt'... Training group 6, split 1
	Y Train Labels:(array([1.], dtype=float32), array([481]))
	Y Val Labels:(array([1.], dtype=float32), array([479]))
Training group 6, split 2
