


--------------------------------------------------
Starting lstm.py at '2024-10-11 20:13:26.219419'.
Reading './isDaoActiveData(4).json'... Done.
Total training Data: 379
Preparing data for training...
<torch.utils.data.dataloader.DataLoader object at 0x12c269250>
Preparing data for testing...
Trained so far:0
Parameters:
	Num epochs: 60
	Initial learning rate: 0.001
	Patience: 12
	Window size: 60
	Timeseries splits: 3
	Minimum number of timeseries datapoints: 64
Gradient boosting params: 
	{"max_depth": 3, "learning_rate": 0.05, "n_estimators": 100, "objective": "binary:logistic", "eval_metric": "logloss"}
	Creating sequence for 'avinoc'... [[[ 2.18901517e-01  0.00000000e+00 -1.00000000e+01]
  [ 2.18940652e-01  0.00000000e+00  1.00000000e+00]
  [ 2.18932455e-01  0.00000000e+00 -1.00000000e+00]
  ...
  [ 2.18916374e-01  0.00000000e+00  2.00000000e+00]
  [ 2.18901449e-01  0.00000000e+00  4.00000000e+00]
  [ 2.18910061e-01  0.00000000e+00  5.00000000e+00]]

 [[ 2.18926482e-01  0.00000000e+00 -8.00000000e+00]
  [ 2.18901517e-01  0.00000000e+00 -1.00000000e+01]
  [ 2.18940652e-01  0.00000000e+00  1.00000000e+00]
  ...
  [ 2.18936648e-01  0.00000000e+00 -5.00000000e+00]
  [ 2.18916374e-01  0.00000000e+00  2.00000000e+00]
  [ 2.18901449e-01  0.00000000e+00  4.00000000e+00]]

 [[ 2.18916089e-01  0.00000000e+00  3.00000000e+00]
  [ 2.18926482e-01  0.00000000e+00 -8.00000000e+00]
  [ 2.18901517e-01  0.00000000e+00 -1.00000000e+01]
  ...
  [ 2.18940040e-01  0.00000000e+00  4.00000000e+00]
  [ 2.18936648e-01  0.00000000e+00 -5.00000000e+00]
  [ 2.18916374e-01  0.00000000e+00  2.00000000e+00]]

 ...

 [[ 2.84008000e-02  0.00000000e+00  5.87000000e+02]
  [ 2.69460000e-02  0.00000000e+00  4.35000000e+02]
  [ 2.49072000e-02  0.00000000e+00  5.35000000e+02]
  ...
  [ 1.38716539e-02  0.00000000e+00 -3.90000000e+01]
  [ 1.40379863e-02  0.00000000e+00 -2.62000000e+02]
  [ 1.26284519e-02  0.00000000e+00 -2.53000000e+02]]

 [[ 3.29888000e-02  0.00000000e+00 -2.15000000e+02]
  [ 2.84008000e-02  0.00000000e+00  5.87000000e+02]
  [ 2.69460000e-02  0.00000000e+00  4.35000000e+02]
  ...
  [ 1.56363305e-02  0.00000000e+00  3.70000000e+01]
  [ 1.38716539e-02  0.00000000e+00 -3.90000000e+01]
  [ 1.40379863e-02  0.00000000e+00 -2.62000000e+02]]

 [[ 3.21116000e-02  0.00000000e+00  8.30000000e+02]
  [ 3.29888000e-02  0.00000000e+00 -2.15000000e+02]
  [ 2.84008000e-02  0.00000000e+00  5.87000000e+02]
  ...
  [ 1.22383000e-02  0.00000000e+00 -5.00000000e+01]
  [ 1.56363305e-02  0.00000000e+00  3.70000000e+01]
  [ 1.38716539e-02  0.00000000e+00 -3.90000000e+01]]][1 1 1 1 1 1 1 1 1 1 1 1 1 1 1 1 1 1 1 1 1 1 1 1 1 1 1 1 1 1 1 1 1 1 1 1 1
 1 1 1 1 1 1 1 1 1 1 1 1 1 1 1 1 1 1 1 1 1 1 1 1 1 1 1 1 1 1 1 1 1 1 1 1 1
 1 1 1 1 1 1 1 1 1 1 1 1 1 1 1 1 1 1 1 1 1 1 1 1 1 1 1 1 1 1 1 1 1 1 1 1 1
 1 1 1 1 1 1 1 1 1 1 1 1 1 1 1 1 1 1 1 1 1 1 1 1 1 1 1 1 1 1 1 1 1 1 1 1 1
 1 1 1 1 1 1 1 1 1 1 1 1 1 1 1 1 1 1 1 1 1 1 1 1 1 1 1 1 1 1 1 1 1 1 1 1 1
 1 1 1 1 1 1 1 1 1 1 1 1 1 1 1 1 1 1 1 1 1 1 1 1 1 1 1 1 1 1 1 1 1 1 1 1 1
 1 1 1 1 1 1 1 1 1 1 1 1 1 1 1 1 1 1 1 1 1 1 1 1 1 1 1 1 1 1 1 1 1 1 1 1 1
 1 1 1 1 1 1 1 1 1 1 1 1 1 1 1 1 1 1 1 1 1 1 1 1 1 1 1 1 1 1 1 1 1 1 1 1 1
 1 1 1 1 1 1 1 1 1 1 1 1 1 1 1 1 1 1 1 1 1 1 1 1 1 1 1 1 1 1 1 1 1 1 1 1 1
 1 1 1 1 1 1 1 1 1 1 1 1 1 1 1 1 1 1 1 1 1 1 1 1 1 1 1 1 1 1 1 1 1 1 1 1 1
 1 1 1 1 1 1 1 1 1 1 1 1 1 1 1 1 1 1 1 1 1 1 1 1 1 1 1 1 1 1 1 1 1 1 1 1 1
 1 1 1 1 1 1 1 1 1 1 1 1 1 1 1 1 1 1 1 1 1 1 1 1 1 1 1 1 1 1 1 1 1 1 1 1 1
 1 1 1 1 1 1 1 1 1 1 1 1 1 1 1 1 1 1 1 1 1 1 1 1 1 1 1 1 1 1 1 1 1 1 1 1 1
 1 1 1 1 1 1 1 1 1 1 1 1 1 1 1 1 1 1 1 1 1 1 1 1 1 1 1 1 1 1 1 1 1 1 1 1 1
 1 1 1 1 1 1 1 1 1 1 1 1 1 1 1 1 1 1 1 1 1 1 1 1 1 1 1 1 1 1 1 1 1 1 1 1 1
 1 1 1 1 1 1 1 1 1 1 1 1 1 1 1 1 1 1 1 1 1 1 1 1 1 1 1 1 1 1 1 1 1 1 1 1 1
 1 1 1 1 1 1 1 1 1 1 1 1 1 1 1 1 1 1 1 1 1 1 1 1 1 1 1 1 1 1 1 1 1 1 1 1 1
 1 1 1 1 1 1 1 1 1 1 1 1 1 1 1 1 1 1 1 1 1 1 1 1 1 1 1 1 1 1 1 1 1 1 1 1 1
 1 1 1 1 1 1 1 1 1 1 1 1 1 1 1 1 1 1 1 1 1 1 1 1 1 1 1 1 1 1 1 1 1 1 1 1 1
 1 1 1 1 1 1 1 1 1 1 1 1 1 1 1 1 1 1 1 1 1 1 1 1 1 1 1 1 1 1 1 1 1 1 1 1 1
 1 1 1 1 1 1 1 1 1 1 1 1 1 1 1 1 1 1 1 1 1 1 1 1 1 1 1 1 1 1 1 1 1 1 1 1 1
 1 1 1 1 1 1 1 1 1 1 1 1 1 1 1 1 1 1 1 1 1 1 1 1 1 1 1 1 1 1 1 1 1 1 1 1 1
 1 1 1 1 1 1 1 1 1 1 1 1 1 1 1 1 1 1 1]
Done.
Training group 0, split 1
	Y Train Labels:(array([1.], dtype=float32), array([209]))
	Y Val Labels:(array([1.], dtype=float32), array([208]))
Training group 0, split 2
	Early stopping at epoch 22
	Y Train Labels:(array([1.], dtype=float32), array([417]))
	Y Val Labels:(array([1.], dtype=float32), array([208]))
Training group 0, split 3
	Early stopping at epoch 13
	Y Train Labels:(array([1.], dtype=float32), array([625]))
	Y Val Labels:(array([1.], dtype=float32), array([208]))
	Creating sequence for 'dacxi'... [[[ 1.75752113e-03  0.00000000e+00 -1.80000000e+01]
  [ 1.67328410e-03  0.00000000e+00 -2.29000000e+02]
  [ 1.58566528e-03  0.00000000e+00  1.25000000e+02]
  ...
  [ 1.03716904e-03  0.00000000e+00  8.00000000e+00]
  [ 1.00267860e-03  0.00000000e+00 -3.90000000e+01]
  [ 1.04581764e-03  0.00000000e+00  4.60000000e+01]]

 [[ 1.74756893e-03  0.00000000e+00  7.00000000e+01]
  [ 1.75752113e-03  0.00000000e+00 -1.80000000e+01]
  [ 1.67328410e-03  0.00000000e+00 -2.29000000e+02]
  ...
  [ 1.05030981e-03  0.00000000e+00  4.40000000e+01]
  [ 1.03716904e-03  0.00000000e+00  8.00000000e+00]
  [ 1.00267860e-03  0.00000000e+00 -3.90000000e+01]]

 [[ 1.46524063e-03  0.00000000e+00 -3.00000000e+00]
  [ 1.74756893e-03  0.00000000e+00  7.00000000e+01]
  [ 1.75752113e-03  0.00000000e+00 -1.80000000e+01]
  ...
  [ 1.01460805e-03  0.00000000e+00  1.08000000e+02]
  [ 1.05030981e-03  0.00000000e+00  4.40000000e+01]
  [ 1.03716904e-03  0.00000000e+00  8.00000000e+00]]

 ...

 [[ 5.98894611e-03  0.00000000e+00 -1.60000000e+01]
  [ 6.02372897e-03  0.00000000e+00 -3.20000000e+01]
  [ 6.26111368e-03  0.00000000e+00 -9.00000000e+00]
  ...
  [ 1.99641435e-03  0.00000000e+00  3.00000000e+00]
  [ 2.24937032e-03  0.00000000e+00  0.00000000e+00]
  [ 2.04721617e-03  0.00000000e+00 -3.60000000e+01]]

 [[ 6.36013922e-03  0.00000000e+00 -4.00000000e+01]
  [ 5.98894611e-03  0.00000000e+00 -1.60000000e+01]
  [ 6.02372897e-03  0.00000000e+00 -3.20000000e+01]
  ...
  [ 2.14459404e-03  0.00000000e+00 -8.60000000e+01]
  [ 1.99641435e-03  0.00000000e+00  3.00000000e+00]
  [ 2.24937032e-03  0.00000000e+00  0.00000000e+00]]

 [[ 6.15558675e-03  0.00000000e+00 -1.50000000e+01]
  [ 6.36013922e-03  0.00000000e+00 -4.00000000e+01]
  [ 5.98894611e-03  0.00000000e+00 -1.60000000e+01]
  ...
  [ 2.04723994e-03  0.00000000e+00 -1.00000000e+00]
  [ 2.14459404e-03  0.00000000e+00 -8.60000000e+01]
  [ 1.99641435e-03  0.00000000e+00  3.00000000e+00]]][1 1 1 1 1 1 1 1 1 1 1 1 1 1 1 1 1 1 1 1 1 1 1 1 1 1 1 1 1 1 1 1 1 1 1 1 1
 1 1 1 1 1 1 1 1 1 1 1 1 1 1 1 1 1 1 1 1 1 1 1 1 1 1 1 1 1 1 1 1 1 1 1 1 1
 1 1 1 1 1 1 1 1 1 1 1 1 1 1 1 1 1 1 1 1 1 1 1 1 1 1 1 1 1 1 1 1 1 1 1 1 1
 1 1 1 1 1 1 1 1 1 1 1 1 1 1 1 1 1 1 1 1 1 1 1 1 1 1 1 1 1 1 1 1 1 1 1 1 1
 1 1 1 1 1 1 1 1 1 1 1 1 1 1 1 1 1 1 1 1 1 1 1 1 1 1 1 1 1 1 1 1 1 1 1 1 1
 1 1 1 1 1 1 1 1 1 1 1 1 1 1 1 1 1 1 1 1 1 1 1 1 1 1 1 1 1 1 1 1 1 1 1 1 1
 1 1 1 1 1 1 1 1 1 1 1 1 1 1 1 1 1 1 1 1 1 1 1 1 1 1 1 1 1 1 1 1 1 1 1 1 1
 1 1 1 1 1 1 1 1 1 1 1 1 1 1 1 1 1 1 1 1 1 1 1 1 1 1 1 1 1 1 1 1 1 1 1 1 1
 1 1 1 1 1 1 1 1 1 1 1 1 1 1 1 1 1 1 1 1 1 1 1 1 1 1 1 1 1 1 1 1 1 1 1 1 1
 1 1 1 1 1 1 1 1 1 1 1 1 1 1 1 1 1 1 1 1 1 1 1 1 1 1 1 1 1 1 1]
Done.
Training group 1, split 1
	Early stopping at epoch 13
	Y Train Labels:(array([1.], dtype=float32), array([91]))
	Y Val Labels:(array([1.], dtype=float32), array([91]))
Training group 1, split 2
	Early stopping at epoch 13
	Y Train Labels:(array([1.], dtype=float32), array([182]))
	Y Val Labels:(array([1.], dtype=float32), array([91]))
Training group 1, split 3
	Early stopping at epoch 13
	Y Train Labels:(array([1.], dtype=float32), array([273]))
	Y Val Labels:(array([1.], dtype=float32), array([91]))
	Creating sequence for 'bidao'... [[[ 1.36499467e-03  0.00000000e+00 -1.60000000e+01]
  [ 1.33946011e-03  0.00000000e+00 -2.20000000e+01]
  [ 1.34323444e-03  0.00000000e+00  1.80000000e+01]
  ...
  [ 1.03983885e-03  0.00000000e+00  3.00000000e+00]
  [ 1.03184405e-03  0.00000000e+00 -1.20000000e+01]
  [ 1.03184405e-03  0.00000000e+00  1.90000000e+01]]

 [[ 1.34430265e-03  0.00000000e+00  1.00000000e+01]
  [ 1.36499467e-03  0.00000000e+00 -1.60000000e+01]
  [ 1.33946011e-03  0.00000000e+00 -2.20000000e+01]
  ...
  [ 1.04737443e-03  0.00000000e+00  8.00000000e+00]
  [ 1.03983885e-03  0.00000000e+00  3.00000000e+00]
  [ 1.03184405e-03  0.00000000e+00 -1.20000000e+01]]

 [[ 1.47642885e-03  0.00000000e+00 -1.50000000e+01]
  [ 1.34430265e-03  0.00000000e+00  1.00000000e+01]
  [ 1.36499467e-03  0.00000000e+00 -1.60000000e+01]
  ...
  [ 8.98155204e-04  0.00000000e+00  1.00000000e+00]
  [ 1.04737443e-03  0.00000000e+00  8.00000000e+00]
  [ 1.03983885e-03  0.00000000e+00  3.00000000e+00]]

 ...

 [[ 2.20256427e-02  0.00000000e+00  1.70000000e+01]
  [ 2.31874696e-02  0.00000000e+00  1.10000000e+01]
  [ 2.41836692e-02  0.00000000e+00  2.10000000e+01]
  ...
  [ 1.03634100e-02  0.00000000e+00 -6.00000000e+00]
  [ 1.01662900e-02  0.00000000e+00 -3.00000000e+00]
  [ 1.02761000e-02  0.00000000e+00  8.00000000e+00]]

 [[ 2.41261257e-02  0.00000000e+00  3.50000000e+01]
  [ 2.20256427e-02  0.00000000e+00  1.70000000e+01]
  [ 2.31874696e-02  0.00000000e+00  1.10000000e+01]
  ...
  [ 1.01156400e-02  0.00000000e+00  1.00000000e+00]
  [ 1.03634100e-02  0.00000000e+00 -6.00000000e+00]
  [ 1.01662900e-02  0.00000000e+00 -3.00000000e+00]]

 [[ 3.12196721e-02  0.00000000e+00  6.00000000e+01]
  [ 2.41261257e-02  0.00000000e+00  3.50000000e+01]
  [ 2.20256427e-02  0.00000000e+00  1.70000000e+01]
  ...
  [ 9.97712000e-03  0.00000000e+00 -9.00000000e+00]
  [ 1.01156400e-02  0.00000000e+00  1.00000000e+00]
  [ 1.03634100e-02  0.00000000e+00 -6.00000000e+00]]][0 0 0 ... 1 1 1]
Done.
Training group 2, split 1
	Early stopping at epoch 13
	Y Train Labels:(array([0.], dtype=float32), array([319]))
	Y Val Labels:(array([0.], dtype=float32), array([319]))
Training group 2, split 2
	Early stopping at epoch 13
	Y Train Labels:(array([0.], dtype=float32), array([638]))
	Y Val Labels:(array([0., 1.], dtype=float32), array([178, 141]))
Training group 2, split 3
	Early stopping at epoch 13
	Y Train Labels:(array([0., 1.], dtype=float32), array([816, 141]))
	Y Val Labels:(array([1.], dtype=float32), array([319]))
	Creating sequence for 'bibox-token'... [[[ 4.86614918e-03  0.00000000e+00  7.90000000e+01]
  [ 4.97794685e-03  0.00000000e+00  7.80000000e+01]
  [ 3.55251544e-03  0.00000000e+00  5.90000000e+01]
  ...
  [ 4.10079095e-03  0.00000000e+00  1.01000000e+02]
  [ 4.00046309e-03  0.00000000e+00 -5.00000000e+00]
  [ 3.71982616e-03  0.00000000e+00  4.00000000e+01]]

 [[ 3.82612663e-03  0.00000000e+00 -2.80000000e+01]
  [ 4.86614918e-03  0.00000000e+00  7.90000000e+01]
  [ 4.97794685e-03  0.00000000e+00  7.80000000e+01]
  ...
  [ 3.67534903e-03  0.00000000e+00 -1.01000000e+02]
  [ 4.10079095e-03  0.00000000e+00  1.01000000e+02]
  [ 4.00046309e-03  0.00000000e+00 -5.00000000e+00]]

 [[ 4.90431380e-03  0.00000000e+00 -4.50000000e+01]
  [ 3.82612663e-03  0.00000000e+00 -2.80000000e+01]
  [ 4.86614918e-03  0.00000000e+00  7.90000000e+01]
  ...
  [ 3.71968974e-03  0.00000000e+00  1.00000000e+01]
  [ 3.67534903e-03  0.00000000e+00 -1.01000000e+02]
  [ 4.10079095e-03  0.00000000e+00  1.01000000e+02]]

 ...

 [[ 5.09984000e-01  0.00000000e+00  8.00000000e+00]
  [ 5.58052000e-01  0.00000000e+00  2.50000000e+01]
  [ 5.59394000e-01  0.00000000e+00  1.60000000e+01]
  ...
  [ 1.58469000e+00  0.00000000e+00  5.10000000e+01]
  [ 1.40876000e+00  0.00000000e+00  4.10000000e+01]
  [ 1.52489000e+00  0.00000000e+00  1.90000000e+01]]

 [[ 4.32327000e-01  0.00000000e+00  2.70000000e+01]
  [ 5.09984000e-01  0.00000000e+00  8.00000000e+00]
  [ 5.58052000e-01  0.00000000e+00  2.50000000e+01]
  ...
  [ 1.59550000e+00  0.00000000e+00  7.40000000e+01]
  [ 1.58469000e+00  0.00000000e+00  5.10000000e+01]
  [ 1.40876000e+00  0.00000000e+00  4.10000000e+01]]

 [[ 4.27565000e-01  0.00000000e+00  7.03100000e+03]
  [ 4.32327000e-01  0.00000000e+00  2.70000000e+01]
  [ 5.09984000e-01  0.00000000e+00  8.00000000e+00]
  ...
  [ 1.48254000e+00  0.00000000e+00  4.90000000e+01]
  [ 1.59550000e+00  0.00000000e+00  7.40000000e+01]
  [ 1.58469000e+00  0.00000000e+00  5.10000000e+01]]][0 0 0 ... 1 1 1]
Done.
Training group 3, split 1
	Early stopping at epoch 13
	Y Train Labels:(array([0.], dtype=float32), array([565]))
	Y Val Labels:(array([0., 1.], dtype=float32), array([ 82, 481]))
Training group 3, split 2
	Early stopping at epoch 14
	Y Train Labels:(array([0., 1.], dtype=float32), array([647, 481]))
	Y Val Labels:(array([1.], dtype=float32), array([563]))
Training group 3, split 3
	Early stopping at epoch 13
	Y Train Labels:(array([0., 1.], dtype=float32), array([ 647, 1044]))
	Y Val Labels:(array([1.], dtype=float32), array([563]))
	Creating sequence for 'band-protocol'... [[[   1.31095433    8.           34.        ]
  [   1.55934753   14.          -19.        ]
  [   1.55547937    0.          137.        ]
  ...
  [   1.23093966    6.           99.        ]
  [   1.26945461   26.           81.        ]
  [   1.27283454   10.          -22.        ]]

 [[   1.35965173    6.            3.        ]
  [   1.31095433    8.           34.        ]
  [   1.55934753   14.          -19.        ]
  ...
  [   1.2680553     0.          120.        ]
  [   1.23093966    6.           99.        ]
  [   1.26945461   26.           81.        ]]

 [[   1.33626265    0.          -37.        ]
  [   1.35965173    6.            3.        ]
  [   1.31095433    8.           34.        ]
  ...
  [   1.23878149   11.         -121.        ]
  [   1.2680553     0.          120.        ]
  [   1.23093966    6.           99.        ]]

 ...

 [[   0.49178619   56.            7.        ]
  [   0.46778839   54.           20.        ]
  [   0.51870514   38.           12.        ]
  ...
  [   0.31072491    5.           -8.        ]
  [   0.26439903    6.            6.        ]
  [   0.25195879    0.           -5.        ]]

 [[   0.63561281   62.           27.        ]
  [   0.49178619   56.            7.        ]
  [   0.46778839   54.           20.        ]
  ...
  [   0.30343227    0.           -7.        ]
  [   0.31072491    5.           -8.        ]
  [   0.26439903    6.            6.        ]]

 [[   0.72902804    0.           49.        ]
  [   0.63561281   62.           27.        ]
  [   0.49178619   56.            7.        ]
  ...
  [   0.30624883    0.            5.        ]
  [   0.30343227    0.           -7.        ]
  [   0.31072491    5.           -8.        ]]][1 1 1 ... 1 1 1]
Done.
Training group 4, split 1
	Y Train Labels:(array([1.], dtype=float32), array([437]))
	Y Val Labels:(array([1.], dtype=float32), array([437]))
Training group 4, split 2
	Early stopping at epoch 26
	Y Train Labels:(array([1.], dtype=float32), array([874]))
	Y Val Labels:(array([1.], dtype=float32), array([437]))
Training group 4, split 3
	Early stopping at epoch 13
	Y Train Labels:(array([1.], dtype=float32), array([1311]))
	Y Val Labels:(array([1.], dtype=float32), array([437]))
	Creating sequence for 'cobak-token'... [[[ 5.41088132e-01  0.00000000e+00  1.07000000e+02]
  [ 5.55530158e-01  0.00000000e+00  1.73400000e+03]
  [ 5.58380778e-01  0.00000000e+00  6.55000000e+02]
  ...
  [ 5.96807221e-01  0.00000000e+00  2.62000000e+02]
  [ 5.91800854e-01  0.00000000e+00 -4.70000000e+01]
  [ 6.13525319e-01  0.00000000e+00  3.19000000e+02]]

 [[ 5.72069476e-01  0.00000000e+00  8.30000000e+01]
  [ 5.41088132e-01  0.00000000e+00  1.07000000e+02]
  [ 5.55530158e-01  0.00000000e+00  1.73400000e+03]
  ...
  [ 5.68604975e-01  0.00000000e+00  1.71000000e+02]
  [ 5.96807221e-01  0.00000000e+00  2.62000000e+02]
  [ 5.91800854e-01  0.00000000e+00 -4.70000000e+01]]

 [[ 5.52079410e-01  0.00000000e+00  5.10000000e+01]
  [ 5.72069476e-01  0.00000000e+00  8.30000000e+01]
  [ 5.41088132e-01  0.00000000e+00  1.07000000e+02]
  ...
  [ 5.44585434e-01  0.00000000e+00 -8.00000000e+00]
  [ 5.68604975e-01  0.00000000e+00  1.71000000e+02]
  [ 5.96807221e-01  0.00000000e+00  2.62000000e+02]]

 ...

 [[ 2.87502508e+00  0.00000000e+00  7.00000000e+00]
  [ 2.85654732e+00  0.00000000e+00  0.00000000e+00]
  [ 2.86317541e+00  0.00000000e+00 -3.00000000e+00]
  ...
  [ 2.14120726e+00  0.00000000e+00 -4.00000000e+00]
  [ 2.08567760e+00  0.00000000e+00 -6.00000000e+00]
  [ 2.10502818e+00  0.00000000e+00 -4.00000000e+00]]

 [[ 2.81159191e+00  0.00000000e+00  8.00000000e+00]
  [ 2.87502508e+00  0.00000000e+00  7.00000000e+00]
  [ 2.85654732e+00  0.00000000e+00  0.00000000e+00]
  ...
  [ 2.12884932e+00  0.00000000e+00 -3.00000000e+00]
  [ 2.14120726e+00  0.00000000e+00 -4.00000000e+00]
  [ 2.08567760e+00  0.00000000e+00 -6.00000000e+00]]

 [[ 2.87075023e+00  0.00000000e+00  1.00000000e+00]
  [ 2.81159191e+00  0.00000000e+00  8.00000000e+00]
  [ 2.87502508e+00  0.00000000e+00  7.00000000e+00]
  ...
  [ 2.17154638e+00  0.00000000e+00  0.00000000e+00]
  [ 2.12884932e+00  0.00000000e+00 -3.00000000e+00]
  [ 2.14120726e+00  0.00000000e+00 -4.00000000e+00]]][1 1 1 1 1 1 1 1 1 1 1 1 1 1 1 1 1 1 1 1 1 1 1 1 1 1 1 1 1 1 1 1 1 1 1 1 1
 1 1 1 1 1 1 1 1 1 1 1 1 1 1 1 1 1 1 1 1 1 1 1 1 1 1 1 1 1 1 1 1 1 1 1 1 1
 1 1 1 1 1 1 1 1 1 1 1 1 1 1 1 1 1 1 1 1 1 1 1 1 1 1 1 1 1 1 1 1 1 1 1 1 1
 1 1 1 1 1 1 1 1 1 1 1 1 1 1 1 1 1 1 1 1 1 1 1 1 1 1 1 1 1 1 1 1 1 1 1 1 1
 1 1 1 1 1 1 1 1 1 1 1 1 1 1 1 1 1 1 1 1 1 1 1 1 1 1 1 1 1 1 1 1 1 1 1 1 1
 1 1 1 1 1 1 1 1 1 1 1 1 1 1 1 1 1 1 1 1 1 1 1 1 1 1 1 1 1 1 1 1 1 1 1 1 1
 1 1 1 1 1 1 1 1 1 1 1 1 1 1 1 1 1 1 1 1 1 1 1 1 1 1 1 1 1 1 1 1 1 1 1 1 1
 1 1 1 1 1 1 1 1 1 1 1 1 1 1 1 1 1 1 1 1 1 1 1 1 1 1 1 1 1 1 1 1 1 1 1 1 1
 1 1 1 1 1 1 1 1 1 1 1 1 1 1 1 1 1 1 1 1 1 1 1 1 1 1 1 1 1 1 1 1 1 1 1 1 1
 1 1 1 1 1 1 1 1 1 1 1 1 1 1 1 1 1 1 1 1 1 1 1 1 1 1 1 1 1 1 1 1 1 1 1 1 1
 1 1 1 1 1 1 1 1 1 1 1 1 1 1 1 1 1 1 1 1 1 1 1 1 1 1 1 1 1 1 1 1 1 1 1 1 1
 1 1 1 1 1 1 1 1 1 1 1 1 1 1 1 1 1 1 1 1 1 1 1 1 1 1 1 1 1 1 1 1 1 1 1 1 1
 1 1 1 1 1 1 1 1 1 1 1 1 1 1 1 1 1 1 1 1 1 1 1 1 1 1 1 1 1 1 1 1 1 1 1 1 1
 1 1 1 1 1 1 1 1 1 1 1 1 1 1 1 1 1 1 1 1 1 1 1 1 1 1 1 1 1 1 1 1 1 1 1 1 1
 1 1 1 1 1 1 1 1 1 1 1 1 1 1 1 1 1 1 1 1 1 1 1 1 1 1 1 1 1 1 1 1 1 1 1 1 1
 1 1 1 1 1 1 1 1 1 1 1 1 1 1 1 1 1 1 1 1 1 1 1 1 1 1 1 1 1 1 1 1 1 1 1 1 1
 1 1 1 1 1 1 1 1 1 1 1 1 1 1 1 1 1 1 1 1 1 1 1 1 1 1 1 1 1 1 1 1 1 1 1 1 1
 1 1 1 1 1 1 1 1 1 1 1 1 1 1 1 1 1 1 1 1 1 1 1 1 1 1 1 1 1 1 1 1 1 1 1 1 1
 1 1 1 1 1 1 1 1 1 1 1 1 1 1 1 1 1 1 1 1 1 1 1 1 1 1 1 1 1 1 1 1 1 1 1 1 1
 1 1 1 1 1 1 1 1 1 1 1 1 1 1 1 1 1 1 1 1 1 1 1 1 1 1 1 1 1 1 1 1 1 1 1 1 1
 1 1 1 1 1 1 1 1 1 1 1 1 1 1 1 1 1 1 1 1 1 1 1 1 1 1 1 1 1 1 1 1 1 1 1 1 1
 1 1 1 1 1 1 1 1 1 1 1 1 1 1 1 1 1 1 1 1 1 1 1 1 1 1 1 1 1 1 1 1 1 1 1 1 1
 1 1 1 1 1 1 1 1 1 1 1 1 1 1 1 1 1 1 1 1 1 1 1 1 1 1 1 1 1 1 1 1 1 1 1 1 1
 1 1 1 1 1 1 1 1 1 1 1 1 1 1 1 1 1 1 1 1 1 1 1 1 1 1 1 1 1 1 1 1 1 1 1 1 1
 1 1 1 1 1 1]
Done.
Training group 5, split 1
	Early stopping at epoch 13
	Y Train Labels:(array([1.], dtype=float32), array([225]))
	Y Val Labels:(array([1.], dtype=float32), array([223]))
Training group 5, split 2
	Early stopping at epoch 13
	Y Train Labels:(array([1.], dtype=float32), array([448]))
	Y Val Labels:(array([1.], dtype=float32), array([223]))
Training group 5, split 3
	Early stopping at epoch 13
	Y Train Labels:(array([1.], dtype=float32), array([671]))
	Y Val Labels:(array([1.], dtype=float32), array([223]))
	Creating sequence for 'chainbing'... [[[ 1.39903031e-01  0.00000000e+00  1.20000000e+01]
  [ 1.27268211e-01  0.00000000e+00 -6.50000000e+01]
  [ 1.25534722e-01  0.00000000e+00  2.00000000e+00]
  ...
  [ 1.21761385e-01  0.00000000e+00  4.00000000e+00]
  [ 1.22684749e-01  0.00000000e+00 -3.00000000e+01]
  [ 1.22791323e-01  0.00000000e+00  2.30000000e+01]]

 [[ 1.08969529e-01  0.00000000e+00  1.04000000e+02]
  [ 1.39903031e-01  0.00000000e+00  1.20000000e+01]
  [ 1.27268211e-01  0.00000000e+00 -6.50000000e+01]
  ...
  [ 1.23897578e-01  0.00000000e+00 -1.60000000e+01]
  [ 1.21761385e-01  0.00000000e+00  4.00000000e+00]
  [ 1.22684749e-01  0.00000000e+00 -3.00000000e+01]]

 [[ 1.09270258e-01  0.00000000e+00 -5.20000000e+01]
  [ 1.08969529e-01  0.00000000e+00  1.04000000e+02]
  [ 1.39903031e-01  0.00000000e+00  1.20000000e+01]
  ...
  [ 1.21248512e-01  0.00000000e+00  2.90000000e+01]
  [ 1.23897578e-01  0.00000000e+00 -1.60000000e+01]
  [ 1.21761385e-01  0.00000000e+00  4.00000000e+00]]

 ...

 [[ 2.80725558e+00  0.00000000e+00  1.21000000e+02]
  [ 2.80279456e+00  0.00000000e+00 -2.11000000e+02]
  [ 2.80297594e+00  0.00000000e+00 -5.42000000e+02]
  ...
  [ 3.63869516e+01  0.00000000e+00  4.17000000e+02]
  [ 3.69342411e+01  0.00000000e+00  2.55000000e+02]
  [ 4.03805528e+01  0.00000000e+00  2.35000000e+02]]

 [[ 2.80507637e+00  0.00000000e+00  3.22000000e+02]
  [ 2.80725558e+00  0.00000000e+00  1.21000000e+02]
  [ 2.80279456e+00  0.00000000e+00 -2.11000000e+02]
  ...
  [ 1.29283338e+01  0.00000000e+00  1.87200000e+03]
  [ 3.63869516e+01  0.00000000e+00  4.17000000e+02]
  [ 3.69342411e+01  0.00000000e+00  2.55000000e+02]]

 [[ 2.80265958e+00  0.00000000e+00  7.90900000e+03]
  [ 2.80507637e+00  0.00000000e+00  3.22000000e+02]
  [ 2.80725558e+00  0.00000000e+00  1.21000000e+02]
  ...
  [ 1.78751358e+01  0.00000000e+00  5.71100000e+03]
  [ 1.29283338e+01  0.00000000e+00  1.87200000e+03]
  [ 3.63869516e+01  0.00000000e+00  4.17000000e+02]]][0 0 0 0 0 0 0 0 0 0 0 0 0 0 0 0 0 0 0 0 0 0 0 0 0 0 0 0 0 0 0 0 0 0 0 0 0
 0 0 0 0 0 0 0 0 0 0 0 0 0 0 0 0 0 0 0 0 0 0 0 0 0 0 0 0 0 0 0 0 0 0 0 0 0
 0 0 0 0 0 0 0 0 0 0 0 0 0 0 0 0 0 0 0 0 0 0 0 0 0 0 0 0 0 0 0 0 0 0 0 0 0
 0 0 0 0 0 0 0 0 0 0 0 0 0 0 0 0 0 0 0 0 0 0 0 0 0 0 0 0 0 0 0 0 0 0 0 0 0
 0 0 0 0 0 0 0 0 0 0 0 0 0 0 0 0 0 0 0 0 0 0 0 0 0 0 0 0 0 0 0 0 0 0 0 0 0
 0 0 0 0 0 0 0 0 0 0 0 0 0 0 0 0 0 0 0 0 0 0 0 0 0 0 0 0 0 0 0 0 0 0 0 0 0
 0 0 0 0 0 0 0 0 0 0 0 0 0 0 0 0 0 0 0 0 0 0 0 0 0 0 0 0 0 0 0 0 0 0 0 0 0
 0 0 0 0 0 0 0 0 0 0 0 0 0 0 0 0 0 0 0 0 0 0 0 0 0 0 0 0 0 0 0 0 0 0 0 0 0
 0 0 0 0 0 0 0 0 0 0 0 0 0 0 0 0 0 0 0 0 0 0 0 0 0 0 0 0 0 0 0 0 0 0 0 0 0
 0 0 0 0 0 0 0 0 0 0 0 0 0 0 0 0 0 0 0 0 0 0 0 0 0 0 0 0 0 0 0 0 0 0 0 0 0
 0 0 0 0 0 0 0 0 0 0 0 0 0 0 0 0 0 0 0 0 0 0 0 0 0 0 0 0 0 0 0 0 0 0 0 0 0
 0 0 0 0 0 0 0 0 0 0 0 0 0 0 0 0 1 1 1 1 1 1 1 1 1 1 1 1 1 1 1 1 1 1 1 1 1
 1 1 1 1 1 1 1 1 1 1 1 1 1 1 1 1 1 1 1 1 1 1 1 1 1 1 1 1 1 1 1 1 1 1 1 1 1
 1 1 1 1 1 1 1 1 1 1 1 1 1 1 1 1 1 1 1 1 1 1 1 1 1 1 1 1 1 1 1 1 1 1 1 1 1
 1 1 1 1 1 1 1 1 1 1 1 1 1 1 1 1 1 1 1 1 1 1 1 1 1 1 1 1 1 1 1 1 1 1 1 1 1
 1 1 1 1 1 1 1 1 1 1 1 1 1 1 1 1 1 1 1 1 1 1 1 1 1 1 1 1 1 1 1 1 1 1 1 1 1
 1 1 1 1 1 1 1 1 1 1 1 1 1 1 1 1 1 1 1 1 1 1 1 1 1 1 1 1 1 1 1 1 1 1 1 1 1
 1 1 1 1 1 1 1 1 1 1 1 1 1 1 1 1 1 1 1 1 1 1 1 1 1 1 1 1 1 1 1 1 1 1 1 1 1
 1 1 1 1 1 1 1 1 1 1 1 1 1 1 1 1 1 1 1 1 1 1 1 1 1 1 1 1 1 1 1 1 1 1 1 1 1
 1 1 1 1 1 1 1 1 1 1 1 1 1 1 1 1 1 1 1 1 1 1 1 1 1 1 1 1 1 1 1 1 1 1 1 1 1
 1 1 1 1 1 1 1 1 1 1 1 1 1 1 1 1 1 1 1 1 1 1 1 1 1 1 1 1 1 1 1 1 1 1 1 1 1
 1 1 1 1 1 1 1 1 1 1 1 1 1 1 1 1 1 1 1 1 1 1 1 1 1 1 1 1 1 1 1 1 1 1 1 1 1
 1 1 1 1 1 1 1 1 1 1 1 1 1 1 1 1 1 1 1 1 1 1 1 1 1 1 1 1 1 1 1 1 1 1 1 1 1
 1 1 1 1 1 1 1 1 1 1 1 1 1 1 1 1 1 1 1 1 1 1 1 1 1 1 1 1 1 1 1 1 1 1 1 1 1
 1 1 1 1 1 1 1 1 1 1 1 1 1 1 1 1 1 1 1 1 1 1 1 1 1 1 1 1 1 1 1 1 1]
Done.
Training group 6, split 1
	Early stopping at epoch 13
	Y Train Labels:(array([0.], dtype=float32), array([231]))
	Y Val Labels:(array([0., 1.], dtype=float32), array([192,  38]))
Training group 6, split 2
	Early stopping at epoch 13
	Y Train Labels:(array([0., 1.], dtype=float32), array([423,  38]))
	Y Val Labels:(array([1.], dtype=float32), array([230]))
Training group 6, split 3
	Early stopping at epoch 13
	Y Train Labels:(array([0., 1.], dtype=float32), array([423, 268]))
	Y Val Labels:(array([1.], dtype=float32), array([230]))
	Creating sequence for 'cartesi'... [[[ 1.55866418e-01  2.50000000e+01 -2.58000000e+02]
  [ 1.49121195e-01  2.60000000e+01 -1.70000000e+01]
  [ 1.49344862e-01  4.40000000e+01 -2.13000000e+02]
  ...
  [ 1.35569101e-01  0.00000000e+00 -2.20000000e+01]
  [ 1.39056678e-01  1.90000000e+01  7.50000000e+01]
  [ 1.44104735e-01  3.00000000e+01  5.20000000e+01]]

 [[ 1.56337653e-01  8.40000000e+01  8.00000000e+00]
  [ 1.55866418e-01  2.50000000e+01 -2.58000000e+02]
  [ 1.49121195e-01  2.60000000e+01 -1.70000000e+01]
  ...
  [ 1.40163664e-01  2.30000000e+01  9.30000000e+01]
  [ 1.35569101e-01  0.00000000e+00 -2.20000000e+01]
  [ 1.39056678e-01  1.90000000e+01  7.50000000e+01]]

 [[ 1.46420868e-01  2.50000000e+01  1.16000000e+02]
  [ 1.56337653e-01  8.40000000e+01  8.00000000e+00]
  [ 1.55866418e-01  2.50000000e+01 -2.58000000e+02]
  ...
  [ 1.38311353e-01  3.40000000e+01 -1.80000000e+01]
  [ 1.40163664e-01  2.30000000e+01  9.30000000e+01]
  [ 1.35569101e-01  0.00000000e+00 -2.20000000e+01]]

 ...

 [[ 2.76474600e-02  0.00000000e+00 -3.50000000e+01]
  [ 2.89333100e-02  0.00000000e+00  2.90000000e+01]
  [ 2.96247400e-02  0.00000000e+00  4.90000000e+01]
  ...
  [ 3.98029200e-02  0.00000000e+00  1.40000000e+01]
  [ 4.12401600e-02  4.00000000e+00  1.00000000e+00]
  [ 4.28041100e-02  0.00000000e+00 -2.20000000e+01]]

 [[ 2.89150300e-02  0.00000000e+00  7.00000000e+00]
  [ 2.76474600e-02  0.00000000e+00 -3.50000000e+01]
  [ 2.89333100e-02  0.00000000e+00  2.90000000e+01]
  ...
  [ 3.78949900e-02  0.00000000e+00  1.20000000e+01]
  [ 3.98029200e-02  0.00000000e+00  1.40000000e+01]
  [ 4.12401600e-02  4.00000000e+00  1.00000000e+00]]

 [[ 3.24614802e-02  0.00000000e+00  3.30000000e+01]
  [ 2.89150300e-02  0.00000000e+00  7.00000000e+00]
  [ 2.76474600e-02  0.00000000e+00 -3.50000000e+01]
  ...
  [ 3.46720500e-02  0.00000000e+00  3.50000000e+01]
  [ 3.78949900e-02  0.00000000e+00  1.20000000e+01]
  [ 3.98029200e-02  0.00000000e+00  1.40000000e+01]]][1 1 1 ... 1 1 1]
Done.
Training group 7, split 1
	Early stopping at epoch 13
	Y Train Labels:(array([1.], dtype=float32), array([371]))
	Y Val Labels:(array([1.], dtype=float32), array([371]))
Training group 7, split 2
	Early stopping at epoch 13
	Y Train Labels:(array([1.], dtype=float32), array([742]))
	Y Val Labels:(array([1.], dtype=float32), array([371]))
Training group 7, split 3
	Early stopping at epoch 13
	Y Train Labels:(array([1.], dtype=float32), array([1113]))
	Y Val Labels:(array([1.], dtype=float32), array([371]))
	Creating sequence for 'big-data-protocol'... [[[ 1.76301210e-01  0.00000000e+00 -9.00000000e+00]
  [ 1.82383154e-01  0.00000000e+00 -3.70000000e+01]
  [ 1.77182922e-01  0.00000000e+00 -1.90000000e+01]
  ...
  [ 1.49602309e-01  0.00000000e+00  1.50000000e+01]
  [ 1.65971232e-01  0.00000000e+00 -8.00000000e+00]
  [ 1.75027102e-01  0.00000000e+00 -1.00000000e+01]]

 [[ 1.84188564e-01  0.00000000e+00  1.10000000e+01]
  [ 1.76301210e-01  0.00000000e+00 -9.00000000e+00]
  [ 1.82383154e-01  0.00000000e+00 -3.70000000e+01]
  ...
  [ 1.43436833e-01  0.00000000e+00 -5.00000000e+00]
  [ 1.49602309e-01  0.00000000e+00  1.50000000e+01]
  [ 1.65971232e-01  0.00000000e+00 -8.00000000e+00]]

 [[ 1.76016138e-01  0.00000000e+00  1.50000000e+01]
  [ 1.84188564e-01  0.00000000e+00  1.10000000e+01]
  [ 1.76301210e-01  0.00000000e+00 -9.00000000e+00]
  ...
  [ 1.26000322e-01  0.00000000e+00  2.00000000e+00]
  [ 1.43436833e-01  0.00000000e+00 -5.00000000e+00]
  [ 1.49602309e-01  0.00000000e+00  1.50000000e+01]]

 ...

 [[ 3.75472839e+00  0.00000000e+00  8.50000000e+01]
  [ 3.39740172e+00  0.00000000e+00 -2.81000000e+02]
  [ 2.95247408e+00  0.00000000e+00  1.35000000e+02]
  ...
  [ 1.00335513e+00  0.00000000e+00  6.70000000e+01]
  [ 8.13640660e-01  0.00000000e+00  6.90000000e+01]
  [ 9.06282026e-01  0.00000000e+00  5.00000000e+00]]

 [[ 3.78550184e+00  0.00000000e+00  1.28000000e+02]
  [ 3.75472839e+00  0.00000000e+00  8.50000000e+01]
  [ 3.39740172e+00  0.00000000e+00 -2.81000000e+02]
  ...
  [ 1.10298698e+00  0.00000000e+00  5.00000000e+00]
  [ 1.00335513e+00  0.00000000e+00  6.70000000e+01]
  [ 8.13640660e-01  0.00000000e+00  6.90000000e+01]]

 [[ 4.74962268e+00  0.00000000e+00  2.22000000e+02]
  [ 3.78550184e+00  0.00000000e+00  1.28000000e+02]
  [ 3.75472839e+00  0.00000000e+00  8.50000000e+01]
  ...
  [ 1.07243986e+00  0.00000000e+00  0.00000000e+00]
  [ 1.10298698e+00  0.00000000e+00  5.00000000e+00]
  [ 1.00335513e+00  0.00000000e+00  6.70000000e+01]]][0 0 0 ... 1 1 1]
Done.
Training group 8, split 1
	Early stopping at epoch 13
	Y Train Labels:(array([0., 1.], dtype=float32), array([160, 142]))
	Y Val Labels:(array([1.], dtype=float32), array([299]))
Training group 8, split 2
	Early stopping at epoch 13
	Y Train Labels:(array([0., 1.], dtype=float32), array([160, 441]))
	Y Val Labels:(array([1.], dtype=float32), array([299]))
Training group 8, split 3
	Early stopping at epoch 13
	Y Train Labels:(array([0., 1.], dtype=float32), array([160, 740]))
	Y Val Labels:(array([1.], dtype=float32), array([299]))
	Creating sequence for 'alien-worlds'... [[[ 1.20662850e-02  5.70000000e+01 -7.10000000e+01]
  [ 1.20367967e-02  0.00000000e+00 -3.30000000e+02]
  [ 1.18691628e-02  0.00000000e+00  2.62000000e+02]
  ...
  [ 1.08055178e-02  0.00000000e+00  1.00000000e+01]
  [ 1.10330844e-02  0.00000000e+00  3.90000000e+01]
  [ 1.15904950e-02  1.00000000e+00  2.00000000e+01]]

 [[ 1.15134138e-02  0.00000000e+00  3.10000000e+01]
  [ 1.20662850e-02  5.70000000e+01 -7.10000000e+01]
  [ 1.20367967e-02  0.00000000e+00 -3.30000000e+02]
  ...
  [ 1.13943608e-02  0.00000000e+00  7.10000000e+01]
  [ 1.08055178e-02  0.00000000e+00  1.00000000e+01]
  [ 1.10330844e-02  0.00000000e+00  3.90000000e+01]]

 [[ 1.16755064e-02  1.00000000e+00  1.91000000e+02]
  [ 1.15134138e-02  0.00000000e+00  3.10000000e+01]
  [ 1.20662850e-02  5.70000000e+01 -7.10000000e+01]
  ...
  [ 1.11577835e-02  0.00000000e+00  2.80000000e+01]
  [ 1.13943608e-02  0.00000000e+00  7.10000000e+01]
  [ 1.08055178e-02  0.00000000e+00  1.00000000e+01]]

 ...

 [[ 3.63461622e-01  0.00000000e+00  7.89000000e+02]
  [ 3.21157703e-01  0.00000000e+00  6.24000000e+02]
  [ 3.01811342e-01  0.00000000e+00  1.91000000e+02]
  ...
  [ 1.46371320e-01  2.00000000e+00  1.02000000e+02]
  [ 1.48556980e-01  0.00000000e+00  9.80000000e+01]
  [ 1.39917810e-01  0.00000000e+00  1.08000000e+02]]

 [[ 4.12316288e-01  0.00000000e+00  9.81000000e+02]
  [ 3.63461622e-01  0.00000000e+00  7.89000000e+02]
  [ 3.21157703e-01  0.00000000e+00  6.24000000e+02]
  ...
  [ 1.47852550e-01  0.00000000e+00  8.20000000e+01]
  [ 1.46371320e-01  2.00000000e+00  1.02000000e+02]
  [ 1.48556980e-01  0.00000000e+00  9.80000000e+01]]

 [[ 3.85401269e-01  3.00000000e+00  1.10200000e+03]
  [ 4.12316288e-01  0.00000000e+00  9.81000000e+02]
  [ 3.63461622e-01  0.00000000e+00  7.89000000e+02]
  ...
  [ 1.39660940e-01  2.00000000e+00  7.90000000e+01]
  [ 1.47852550e-01  0.00000000e+00  8.20000000e+01]
  [ 1.46371320e-01  2.00000000e+00  1.02000000e+02]]][0 0 0 ... 1 1 1]
Done.
Training group 9, split 1
	Early stopping at epoch 13
	Y Train Labels:(array([0.], dtype=float32), array([292]))
	Y Val Labels:(array([0.], dtype=float32), array([291]))
Training group 9, split 2
	Early stopping at epoch 13
	Y Train Labels:(array([0.], dtype=float32), array([583]))
	Y Val Labels:(array([0., 1.], dtype=float32), array([263,  28]))
Training group 9, split 3
	Early stopping at epoch 13
	Y Train Labels:(array([0., 1.], dtype=float32), array([846,  28]))
	Y Val Labels:(array([1.], dtype=float32), array([291]))
	Creating sequence for 'cindicator'... [[[ 3.56943985e-04  0.00000000e+00  4.00000000e+00]
  [ 3.45663208e-04  0.00000000e+00 -2.50000000e+01]
  [ 3.59594202e-04  0.00000000e+00 -2.30000000e+01]
  ...
  [ 4.12673043e-04  0.00000000e+00  2.00000000e+00]
  [ 4.12673043e-04  0.00000000e+00  1.30000000e+01]
  [ 4.10160779e-04  0.00000000e+00 -2.00000000e+00]]

 [[ 4.94203986e-04  0.00000000e+00  1.80000000e+01]
  [ 3.56943985e-04  0.00000000e+00  4.00000000e+00]
  [ 3.45663208e-04  0.00000000e+00 -2.50000000e+01]
  ...
  [ 4.12919173e-04  0.00000000e+00 -1.30000000e+01]
  [ 4.12673043e-04  0.00000000e+00  2.00000000e+00]
  [ 4.12673043e-04  0.00000000e+00  1.30000000e+01]]

 [[ 5.40750988e-04  0.00000000e+00 -1.90000000e+01]
  [ 4.94203986e-04  0.00000000e+00  1.80000000e+01]
  [ 3.56943985e-04  0.00000000e+00  4.00000000e+00]
  ...
  [ 4.21199894e-04  0.00000000e+00  1.60000000e+01]
  [ 4.12919173e-04  0.00000000e+00 -1.30000000e+01]
  [ 4.12673043e-04  0.00000000e+00  2.00000000e+00]]

 ...

 [[ 1.67925000e-02  0.00000000e+00  4.10000000e+01]
  [ 1.80151000e-02  0.00000000e+00 -4.30000000e+01]
  [ 2.85418000e-02  0.00000000e+00  4.90000000e+01]
  ...
  [ 1.25670000e-02  0.00000000e+00 -1.30000000e+01]
  [ 1.34842000e-02  0.00000000e+00 -1.20000000e+01]
  [ 1.18315000e-02  0.00000000e+00 -1.30000000e+01]]

 [[ 2.02115000e-02  0.00000000e+00  1.60000000e+01]
  [ 1.67925000e-02  0.00000000e+00  4.10000000e+01]
  [ 1.80151000e-02  0.00000000e+00 -4.30000000e+01]
  ...
  [ 1.48252000e-02  0.00000000e+00 -1.40000000e+01]
  [ 1.25670000e-02  0.00000000e+00 -1.30000000e+01]
  [ 1.34842000e-02  0.00000000e+00 -1.20000000e+01]]

 [[ 1.98493000e-02  0.00000000e+00 -2.10000000e+01]
  [ 2.02115000e-02  0.00000000e+00  1.60000000e+01]
  [ 1.67925000e-02  0.00000000e+00  4.10000000e+01]
  ...
  [ 1.95489000e-02  0.00000000e+00 -1.00000000e+01]
  [ 1.48252000e-02  0.00000000e+00 -1.40000000e+01]
  [ 1.25670000e-02  0.00000000e+00 -1.30000000e+01]]][0 0 0 ... 1 1 1]
Done.
Training group 10, split 1
	Early stopping at epoch 13
	Y Train Labels:(array([0., 1.], dtype=float32), array([ 94, 428]))
	Y Val Labels:(array([1.], dtype=float32), array([521]))
Training group 10, split 2
	Early stopping at epoch 13
	Y Train Labels:(array([0., 1.], dtype=float32), array([ 94, 949]))
	Y Val Labels:(array([1.], dtype=float32), array([521]))
Training group 10, split 3
	Early stopping at epoch 13
	Y Train Labels:(array([0., 1.], dtype=float32), array([  94, 1470]))
	Y Val Labels:(array([1.], dtype=float32), array([521]))
	Creating sequence for 'bread'... [[[ 4.76802771e-03  0.00000000e+00 -1.10000000e+01]
  [ 4.92592663e-03  0.00000000e+00 -2.20000000e+01]
  [ 4.91953597e-03  0.00000000e+00 -2.70000000e+01]
  ...
  [ 4.79800795e-03  0.00000000e+00  1.50000000e+01]
  [ 4.78304556e-03  0.00000000e+00  5.00000000e+00]
  [ 4.80746747e-03  0.00000000e+00  5.00000000e+00]]

 [[ 4.84463940e-03  0.00000000e+00  5.20000000e+01]
  [ 4.76802771e-03  0.00000000e+00 -1.10000000e+01]
  [ 4.92592663e-03  0.00000000e+00 -2.20000000e+01]
  ...
  [ 4.74571260e-03  0.00000000e+00 -1.70000000e+01]
  [ 4.79800795e-03  0.00000000e+00  1.50000000e+01]
  [ 4.78304556e-03  0.00000000e+00  5.00000000e+00]]

 [[ 4.95108128e-03  0.00000000e+00 -1.00000000e+01]
  [ 4.84463940e-03  0.00000000e+00  5.20000000e+01]
  [ 4.76802771e-03  0.00000000e+00 -1.10000000e+01]
  ...
  [ 4.68663687e-03  1.00000000e+00  5.00000000e+00]
  [ 4.74571260e-03  0.00000000e+00 -1.70000000e+01]
  [ 4.79800795e-03  0.00000000e+00  1.50000000e+01]]

 ...

 [[ 5.61993000e-01  4.00000000e+00 -1.95000000e+02]
  [ 5.48700000e-01  1.20000000e+01  7.34000000e+02]
  [ 4.46338000e-01  6.00000000e+00 -2.39000000e+02]
  ...
  [ 3.08257000e-01  2.00000000e+00 -1.30000000e+01]
  [ 2.94155000e-01  3.00000000e+00 -4.10000000e+01]
  [ 3.17896000e-01  2.00000000e+00 -7.00000000e+00]]

 [[ 5.65317000e-01  6.00000000e+00 -1.32000000e+02]
  [ 5.61993000e-01  4.00000000e+00 -1.95000000e+02]
  [ 5.48700000e-01  1.20000000e+01  7.34000000e+02]
  ...
  [ 3.01182716e-01  1.00000000e+00 -6.80000000e+01]
  [ 3.08257000e-01  2.00000000e+00 -1.30000000e+01]
  [ 2.94155000e-01  3.00000000e+00 -4.10000000e+01]]

 [[ 4.87187000e-01  7.00000000e+00  2.72490000e+04]
  [ 5.65317000e-01  6.00000000e+00 -1.32000000e+02]
  [ 5.61993000e-01  4.00000000e+00 -1.95000000e+02]
  ...
  [ 2.97232000e-01  0.00000000e+00  2.70000000e+01]
  [ 3.01182716e-01  1.00000000e+00 -6.80000000e+01]
  [ 3.08257000e-01  2.00000000e+00 -1.30000000e+01]]][0 0 0 ... 1 1 1]
Done.
Training group 11, split 1
	Early stopping at epoch 13
	Y Train Labels:(array([0.], dtype=float32), array([540]))
	Y Val Labels:(array([0., 1.], dtype=float32), array([147, 391]))
Training group 11, split 2
	Early stopping at epoch 13
	Y Train Labels:(array([0., 1.], dtype=float32), array([687, 391]))
	Y Val Labels:(array([1.], dtype=float32), array([538]))
Training group 11, split 3
	Early stopping at epoch 13
	Y Train Labels:(array([0., 1.], dtype=float32), array([687, 929]))
	Y Val Labels:(array([1.], dtype=float32), array([538]))
	Creating sequence for 'adshares'... [[[ 3.47313438e-01  0.00000000e+00  9.00000000e+00]
  [ 2.99676511e-01  0.00000000e+00 -8.00000000e+00]
  [ 3.16811150e-01  0.00000000e+00 -1.40000000e+01]
  ...
  [ 1.79182234e-01  0.00000000e+00 -2.00000000e+00]
  [ 2.07841574e-01  0.00000000e+00 -1.30000000e+01]
  [ 2.09370234e-01  0.00000000e+00  1.40000000e+01]]

 [[ 2.94514473e-01  0.00000000e+00  2.00000000e+00]
  [ 3.47313438e-01  0.00000000e+00  9.00000000e+00]
  [ 2.99676511e-01  0.00000000e+00 -8.00000000e+00]
  ...
  [ 1.13138205e-01  0.00000000e+00 -1.40000000e+01]
  [ 1.79182234e-01  0.00000000e+00 -2.00000000e+00]
  [ 2.07841574e-01  0.00000000e+00 -1.30000000e+01]]

 [[ 2.92792553e-01  0.00000000e+00 -3.10000000e+01]
  [ 2.94514473e-01  0.00000000e+00  2.00000000e+00]
  [ 3.47313438e-01  0.00000000e+00  9.00000000e+00]
  ...
  [ 2.06312274e-01  0.00000000e+00  9.00000000e+00]
  [ 1.13138205e-01  0.00000000e+00 -1.40000000e+01]
  [ 1.79182234e-01  0.00000000e+00 -2.00000000e+00]]

 ...

 [[ 3.20978000e-01  0.00000000e+00  6.00000000e+00]
  [ 3.90543000e-01  0.00000000e+00  3.00000000e+00]
  [ 4.73728000e-01  0.00000000e+00  6.00000000e+00]
  ...
  [ 4.03813000e-01  1.00000000e+00  3.80000000e+01]
  [ 3.63672000e-01  4.70000000e+01 -1.00000000e+00]
  [ 3.63019000e-01  6.60000000e+01 -1.00000000e+00]]

 [[ 3.34324000e-01  0.00000000e+00  1.00000000e+00]
  [ 3.20978000e-01  0.00000000e+00  6.00000000e+00]
  [ 3.90543000e-01  0.00000000e+00  3.00000000e+00]
  ...
  [ 3.97978000e-01  0.00000000e+00  1.23000000e+02]
  [ 4.03813000e-01  1.00000000e+00  3.80000000e+01]
  [ 3.63672000e-01  4.70000000e+01 -1.00000000e+00]]

 [[ 3.92116000e-01  0.00000000e+00  1.60000000e+01]
  [ 3.34324000e-01  0.00000000e+00  1.00000000e+00]
  [ 3.20978000e-01  0.00000000e+00  6.00000000e+00]
  ...
  [ 4.61396000e-01  0.00000000e+00  6.00000000e+00]
  [ 3.97978000e-01  0.00000000e+00  1.23000000e+02]
  [ 4.03813000e-01  1.00000000e+00  3.80000000e+01]]][0 0 0 ... 1 1 1]
Done.
Training group 12, split 1
	Early stopping at epoch 13
	Y Train Labels:(array([0., 1.], dtype=float32), array([172, 397]))
	Y Val Labels:(array([1.], dtype=float32), array([568]))
Training group 12, split 2
	Early stopping at epoch 13
	Y Train Labels:(array([0., 1.], dtype=float32), array([172, 965]))
	Y Val Labels:(array([1.], dtype=float32), array([568]))
Training group 12, split 3
	Early stopping at epoch 13
	Y Train Labels:(array([0., 1.], dtype=float32), array([ 172, 1533]))
	Y Val Labels:(array([1.], dtype=float32), array([568]))
	Creating sequence for 'convex-finance'... [[[  2.8192422    0.         -23.        ]
  [  3.00369663   0.         -47.        ]
  [  2.9157486    0.          17.        ]
  ...
  [  2.24007862   0.          23.        ]
  [  2.15544797   0.           0.        ]
  [  2.17885375   0.          24.        ]]

 [[  2.83874214   0.           6.        ]
  [  2.8192422    0.         -23.        ]
  [  3.00369663   0.         -47.        ]
  ...
  [  2.23713296   0.           8.        ]
  [  2.24007862   0.          23.        ]
  [  2.15544797   0.           0.        ]]

 [[  2.85534281   2.          48.        ]
  [  2.83874214   0.           6.        ]
  [  2.8192422    0.         -23.        ]
  ...
  [  2.06178631   0.          -4.        ]
  [  2.23713296   0.           8.        ]
  [  2.24007862   0.          23.        ]]

 ...

 [[ 10.56453577   0.         200.        ]
  [  7.87249728   3.         263.        ]
  [  7.20449781   0.         185.        ]
  ...
  [  3.2451519    0.          19.        ]
  [  3.11986066   0.          38.        ]
  [  3.06701742   4.          29.        ]]

 [[ 13.12404389   0.         365.        ]
  [ 10.56453577   0.         200.        ]
  [  7.87249728   3.         263.        ]
  ...
  [  3.38258453   0.          26.        ]
  [  3.2451519    0.          19.        ]
  [  3.11986066   0.          38.        ]]

 [[ 17.19012539   1.         504.        ]
  [ 13.12404389   0.         365.        ]
  [ 10.56453577   0.         200.        ]
  ...
  [  3.53515651   0.          18.        ]
  [  3.38258453   0.          26.        ]
  [  3.2451519    0.          19.        ]]][1 1 1 ... 1 1 1]
Done.
Training group 13, split 1
	Early stopping at epoch 13
	Y Train Labels:(array([1.], dtype=float32), array([279]))
	Y Val Labels:(array([1.], dtype=float32), array([279]))
Training group 13, split 2
