


--------------------------------------------------
Starting lstm.py at '2024-10-11 19:22:38.213969'.
Reading './isDaoActiveData(4).json'... Done.
Total training Data: 379
Size of training set: 265
Size of test set: 114
Preparing data for training...
<torch.utils.data.dataloader.DataLoader object at 0x10d35b4d0>
Preparing data for testing...
Trained so far:167
Parameters:
	Num epochs: 60
	Initial learning rate: 0.001
	Patience: 12
	Window size: 60
	Timeseries splits: 3
	Minimum number of timeseries datapoints: 64
Gradient boosting params: 
	{"max_depth": 3, "learning_rate": 0.05, "n_estimators": 100, "objective": "binary:logistic", "eval_metric": "logloss"}
	Creating sequence for 'bitball'... Done.
Training group 0, split 1
	Early stopping at epoch 13
	Y Train Labels:(array([0.], dtype=float32), array([506]))
	Y Val Labels:(array([0.], dtype=float32), array([506]))
Training group 0, split 2
	Early stopping at epoch 13
	Y Train Labels:(array([0.], dtype=float32), array([1012]))
	Y Val Labels:(array([0., 1.], dtype=float32), array([ 17, 489]))
Training group 0, split 3
	Early stopping at epoch 13
	Y Train Labels:(array([0., 1.], dtype=float32), array([1029,  489]))
	Y Val Labels:(array([1.], dtype=float32), array([506]))
	Creating sequence for 'blockchain-certified-data-token'... Done.
Training group 1, split 1
	Early stopping at epoch 13
	Y Train Labels:(array([0., 1.], dtype=float32), array([316,  85]))
	Y Val Labels:(array([1.], dtype=float32), array([398]))
Training group 1, split 2
	Early stopping at epoch 13
	Y Train Labels:(array([0., 1.], dtype=float32), array([316, 483]))
	Y Val Labels:(array([1.], dtype=float32), array([398]))
Training group 1, split 3
	Early stopping at epoch 13
	Y Train Labels:(array([0., 1.], dtype=float32), array([316, 881]))
	Y Val Labels:(array([1.], dtype=float32), array([398]))
	Creating sequence for 'axis-defi'... Done.
Training group 2, split 1
	Early stopping at epoch 13
	Y Train Labels:(array([0.], dtype=float32), array([361]))
	Y Val Labels:(array([0.], dtype=float32), array([358]))
Training group 2, split 2
	Early stopping at epoch 13
	Y Train Labels:(array([0.], dtype=float32), array([719]))
	Y Val Labels:(array([0., 1.], dtype=float32), array([261,  97]))
Training group 2, split 3
	Early stopping at epoch 13
	Y Train Labels:(array([0., 1.], dtype=float32), array([980,  97]))
	Y Val Labels:(array([1.], dtype=float32), array([358]))
	Creating sequence for 'burger-swap'... Done.
Training group 3, split 1
	Early stopping at epoch 13
	Y Train Labels:(array([0.], dtype=float32), array([343]))
	Y Val Labels:(array([0., 1.], dtype=float32), array([274,  66]))
Training group 3, split 2
	Early stopping at epoch 13
	Y Train Labels:(array([0., 1.], dtype=float32), array([617,  66]))
	Y Val Labels:(array([1.], dtype=float32), array([340]))
Training group 3, split 3
	Early stopping at epoch 13
	Y Train Labels:(array([0., 1.], dtype=float32), array([617, 406]))
	Y Val Labels:(array([1.], dtype=float32), array([340]))
	Creating sequence for 'aeron'... Done.
Training group 4, split 1
	Early stopping at epoch 13
	Y Train Labels:(array([0.], dtype=float32), array([615]))
	Y Val Labels:(array([0.], dtype=float32), array([613]))
Training group 4, split 2
	Early stopping at epoch 13
	Y Train Labels:(array([0.], dtype=float32), array([1228]))
	Y Val Labels:(array([0., 1.], dtype=float32), array([459, 154]))
Training group 4, split 3
	Early stopping at epoch 13
	Y Train Labels:(array([0., 1.], dtype=float32), array([1687,  154]))
	Y Val Labels:(array([1.], dtype=float32), array([613]))
	Creating sequence for '88mph'... Done.
Training group 5, split 1
	Early stopping at epoch 13
	Y Train Labels:(array([0.], dtype=float32), array([336]))
	Y Val Labels:(array([0.], dtype=float32), array([335]))
Training group 5, split 2
	Early stopping at epoch 13
	Y Train Labels:(array([0.], dtype=float32), array([671]))
	Y Val Labels:(array([0., 1.], dtype=float32), array([266,  69]))
Training group 5, split 3
	Early stopping at epoch 13
	Y Train Labels:(array([0., 1.], dtype=float32), array([937,  69]))
	Y Val Labels:(array([1.], dtype=float32), array([335]))
	Creating sequence for 'convex-finance'... Done.
Training group 6, split 1
	Early stopping at epoch 13
	Y Train Labels:(array([1.], dtype=float32), array([293]))
	Y Val Labels:(array([1.], dtype=float32), array([291]))
Training group 6, split 2
	Early stopping at epoch 13
	Y Train Labels:(array([1.], dtype=float32), array([584]))
	Y Val Labels:(array([1.], dtype=float32), array([291]))
Training group 6, split 3
	Early stopping at epoch 13
	Y Train Labels:(array([1.], dtype=float32), array([875]))
	Y Val Labels:(array([1.], dtype=float32), array([291]))
	Creating sequence for 'alchemix'... Done.
Training group 7, split 1
	Early stopping at epoch 13
	Y Train Labels:(array([1.], dtype=float32), array([313]))
	Y Val Labels:(array([1.], dtype=float32), array([310]))
Training group 7, split 2
	Early stopping at epoch 13
	Y Train Labels:(array([1.], dtype=float32), array([623]))
	Y Val Labels:(array([1.], dtype=float32), array([310]))
Training group 7, split 3
	Early stopping at epoch 13
	Y Train Labels:(array([1.], dtype=float32), array([933]))
	Y Val Labels:(array([1.], dtype=float32), array([310]))
	Creating sequence for 'blockstack'... Done.
Training group 8, split 1
	Early stopping at epoch 13
	Y Train Labels:(array([1.], dtype=float32), array([435]))
	Y Val Labels:(array([1.], dtype=float32), array([433]))
Training group 8, split 2
	Early stopping at epoch 13
	Y Train Labels:(array([1.], dtype=float32), array([868]))
	Y Val Labels:(array([1.], dtype=float32), array([433]))
Training group 8, split 3
	Early stopping at epoch 13
	Y Train Labels:(array([1.], dtype=float32), array([1301]))
	Y Val Labels:(array([1.], dtype=float32), array([433]))
	Creating sequence for 'ampleforth'... Done.
Training group 9, split 1
	Early stopping at epoch 13
	Y Train Labels:(array([1.], dtype=float32), array([464]))
	Y Val Labels:(array([1.], dtype=float32), array([464]))
Training group 9, split 2
	Early stopping at epoch 13
	Y Train Labels:(array([1.], dtype=float32), array([928]))
	Y Val Labels:(array([1.], dtype=float32), array([464]))
Training group 9, split 3
	Early stopping at epoch 13
	Y Train Labels:(array([1.], dtype=float32), array([1392]))
	Y Val Labels:(array([1.], dtype=float32), array([464]))
	Creating sequence for 'cere-network'... Done.
Training group 10, split 1
	Early stopping at epoch 13
	Y Train Labels:(array([1.], dtype=float32), array([246]))
	Y Val Labels:(array([1.], dtype=float32), array([246]))
Training group 10, split 2
	Early stopping at epoch 13
	Y Train Labels:(array([1.], dtype=float32), array([492]))
	Y Val Labels:(array([1.], dtype=float32), array([246]))
Training group 10, split 3
	Early stopping at epoch 13
	Y Train Labels:(array([1.], dtype=float32), array([738]))
	Y Val Labels:(array([1.], dtype=float32), array([246]))
	Creating sequence for 'bridge-oracle'... Done.
Training group 11, split 1
	Early stopping at epoch 13
	Y Train Labels:(array([0.], dtype=float32), array([271]))
	Y Val Labels:(array([0.], dtype=float32), array([270]))
Training group 11, split 2
	Early stopping at epoch 13
	Y Train Labels:(array([0.], dtype=float32), array([541]))
	Y Val Labels:(array([0., 1.], dtype=float32), array([ 21, 249]))
Training group 11, split 3
	Early stopping at epoch 13
	Y Train Labels:(array([0., 1.], dtype=float32), array([562, 249]))
	Y Val Labels:(array([1.], dtype=float32), array([270]))
	Creating sequence for 'alchemist'... Done.
Training group 12, split 1
	Early stopping at epoch 13
	Y Train Labels:(array([0.], dtype=float32), array([291]))
	Y Val Labels:(array([0.], dtype=float32), array([289]))
Training group 12, split 2
	Early stopping at epoch 13
	Y Train Labels:(array([0.], dtype=float32), array([580]))
	Y Val Labels:(array([0., 1.], dtype=float32), array([198,  91]))
Training group 12, split 3
	Early stopping at epoch 13
	Y Train Labels:(array([0., 1.], dtype=float32), array([778,  91]))
	Y Val Labels:(array([1.], dtype=float32), array([289]))
	Creating sequence for 'balancer'... Done.
Training group 13, split 1
	Early stopping at epoch 13
	Y Train Labels:(array([0.], dtype=float32), array([375]))
	Y Val Labels:(array([0., 1.], dtype=float32), array([191, 182]))
Training group 13, split 2
	Early stopping at epoch 13
	Y Train Labels:(array([0., 1.], dtype=float32), array([566, 182]))
	Y Val Labels:(array([1.], dtype=float32), array([373]))
Training group 13, split 3
	Early stopping at epoch 13
	Y Train Labels:(array([0., 1.], dtype=float32), array([566, 555]))
	Y Val Labels:(array([1.], dtype=float32), array([373]))
	Creating sequence for 'coin98'... Done.
Training group 14, split 1
	Early stopping at epoch 13
	Y Train Labels:(array([1.], dtype=float32), array([273]))
	Y Val Labels:(array([1.], dtype=float32), array([270]))
Training group 14, split 2
	Early stopping at epoch 13
	Y Train Labels:(array([1.], dtype=float32), array([543]))
	Y Val Labels:(array([1.], dtype=float32), array([270]))
Training group 14, split 3
