


--------------------------------------------------
Starting lstm.py at '2024-10-26 22:28:51.507247'.
Reading '../classifiedDAOs.json'... Done.
Total training Data: 1578
DAOs trained so far:158
Size of training set: 946
Size of test set: 474
Preparing data for training...
Preparing data for testing...
Parameters:
	Num epochs: 60
	Initial learning rate: 0.001
	Patience: 12
	Window size: 60
	Timeseries splits: 3
	Minimum number of timeseries datapoints: 64
Gradient boosting params: 
	{"max_depth": 3, "learning_rate": 0.05, "n_estimators": 100, "objective": "binary:logistic", "eval_metric": "logloss"}
	Creating sequence for 'digital-reserve-currency'... Training group 0, split 1
	Early stopping at epoch 13
	Y Train Labels:(array([1.], dtype=float32), array([346]))
	Y Val Labels:(array([0., 1.], dtype=float32), array([148, 197]))
Training group 0, split 2
	Early stopping at epoch 13
	Y Train Labels:(array([0., 1.], dtype=float32), array([148, 543]))
	Y Val Labels:(array([0.], dtype=float32), array([345]))
Training group 0, split 3
	Early stopping at epoch 13
	Y Train Labels:(array([0., 1.], dtype=float32), array([493, 543]))
	Y Val Labels:(array([0.], dtype=float32), array([345]))
Done.
	Creating sequence for 'harvest-finance'... Training group 1, split 1
	Early stopping at epoch 13
	Y Train Labels:(array([1.], dtype=float32), array([340]))
	Y Val Labels:(array([1.], dtype=float32), array([340]))
Training group 1, split 2
	Early stopping at epoch 13
	Y Train Labels:(array([1.], dtype=float32), array([680]))
	Y Val Labels:(array([0., 1.], dtype=float32), array([121, 219]))
Training group 1, split 3
	Early stopping at epoch 13
	Y Train Labels:(array([0., 1.], dtype=float32), array([121, 899]))
	Y Val Labels:(array([0.], dtype=float32), array([340]))
Done.
	Creating sequence for 'aurora-near'... Training group 2, split 1
	Early stopping at epoch 13
	Y Train Labels:(array([1.], dtype=float32), array([221]))
	Y Val Labels:(array([1.], dtype=float32), array([221]))
Training group 2, split 2
	Early stopping at epoch 13
	Y Train Labels:(array([1.], dtype=float32), array([442]))
	Y Val Labels:(array([1.], dtype=float32), array([221]))
Training group 2, split 3
	Early stopping at epoch 13
	Y Train Labels:(array([1.], dtype=float32), array([663]))
	Y Val Labels:(array([1.], dtype=float32), array([221]))
Done.
	Creating sequence for 'aave-knc'... Skipped.
	Creating sequence for 'andy-on-sol'... Training group 3, split 1
	Early stopping at epoch 13
	Y Train Labels:(array([0.], dtype=float32), array([35]))
	Y Val Labels:(array([0.], dtype=float32), array([34]))
Training group 3, split 2
	Early stopping at epoch 13
	Y Train Labels:(array([0.], dtype=float32), array([69]))
	Y Val Labels:(array([0.], dtype=float32), array([34]))
Training group 3, split 3
	Early stopping at epoch 13
	Y Train Labels:(array([0.], dtype=float32), array([103]))
	Y Val Labels:(array([0.], dtype=float32), array([34]))
Done.
	Creating sequence for 'artrade'... Training group 4, split 1
	Early stopping at epoch 13
	Y Train Labels:(array([1.], dtype=float32), array([210]))
	Y Val Labels:(array([1.], dtype=float32), array([209]))
Training group 4, split 2
	Early stopping at epoch 13
	Y Train Labels:(array([1.], dtype=float32), array([419]))
	Y Val Labels:(array([1.], dtype=float32), array([209]))
Training group 4, split 3
	Early stopping at epoch 13
	Y Train Labels:(array([1.], dtype=float32), array([628]))
	Y Val Labels:(array([0., 1.], dtype=float32), array([133,  76]))
Done.
	Creating sequence for 'birake'... Training group 5, split 1
	Early stopping at epoch 13
	Y Train Labels:(array([1.], dtype=float32), array([525]))
	Y Val Labels:(array([0., 1.], dtype=float32), array([252, 270]))
Training group 5, split 2
