


--------------------------------------------------
Starting lstm.py at '2024-10-11 17:15:35.839299'.
Reading './isDaoActiveData(4).json'... Done.
Total training Data: 379
Size of training set: 265
Size of test set: 114
Preparing data for training...
<torch.utils.data.dataloader.DataLoader object at 0x12ca0f8f0>
Preparing data for testing...
Parameters:
	Num epochs: 60
	Initial learning rate: 0.001
	Patience: 12
	Window size: 60
	Timeseries splits: 3
	Minimum number of timeseries datapoints: 64
Gradient boosting params: 
	{"max_depth": 3, "learning_rate": 0.05, "n_estimators": 100, "objective": "binary:logistic", "eval_metric": "logloss", "use_label_encoder": false}
	Creating sequence for 'airtor-protocol'... Done.
Training group 0, split 1
	Y Train Labels:(array([1.], dtype=float32), array([119]))
	Y Val Labels:(array([1.], dtype=float32), array([117]))
Training group 0, split 2
	Early stopping at epoch 25
	Y Train Labels:(array([1.], dtype=float32), array([236]))
	Y Val Labels:(array([1.], dtype=float32), array([117]))
Training group 0, split 3
	Early stopping at epoch 13
	Y Train Labels:(array([1.], dtype=float32), array([353]))
	Y Val Labels:(array([0., 1.], dtype=float32), array([48, 69]))
	Creating sequence for 'aeon'... Done.
Training group 1, split 1
	Early stopping at epoch 13
	Y Train Labels:(array([1.], dtype=float32), array([736]))
	Y Val Labels:(array([0., 1.], dtype=float32), array([438, 296]))
Training group 1, split 2
	Early stopping at epoch 13
	Y Train Labels:(array([0., 1.], dtype=float32), array([ 438, 1032]))
	Y Val Labels:(array([0.], dtype=float32), array([734]))
Training group 1, split 3
	Early stopping at epoch 13
	Y Train Labels:(array([0., 1.], dtype=float32), array([1172, 1032]))
	Y Val Labels:(array([0.], dtype=float32), array([734]))
	Creating sequence for 'aptos'... Done.
Training group 2, split 1
	Early stopping at epoch 13
	Y Train Labels:(array([1.], dtype=float32), array([164]))
	Y Val Labels:(array([1.], dtype=float32), array([161]))
Training group 2, split 2
	Early stopping at epoch 13
	Y Train Labels:(array([1.], dtype=float32), array([325]))
	Y Val Labels:(array([1.], dtype=float32), array([161]))
Training group 2, split 3
	Early stopping at epoch 13
	Y Train Labels:(array([1.], dtype=float32), array([486]))
	Y Val Labels:(array([1.], dtype=float32), array([161]))
	Creating sequence for 'carvertical'... Done.
Training group 3, split 1
	Early stopping at epoch 13
	Y Train Labels:(array([1.], dtype=float32), array([496]))
	Y Val Labels:(array([1.], dtype=float32), array([494]))
Training group 3, split 2
	Early stopping at epoch 13
	Y Train Labels:(array([1.], dtype=float32), array([990]))
	Y Val Labels:(array([1.], dtype=float32), array([494]))
Training group 3, split 3
	Early stopping at epoch 13
	Y Train Labels:(array([1.], dtype=float32), array([1484]))
	Y Val Labels:(array([0., 1.], dtype=float32), array([153, 341]))
	Creating sequence for 'bitcore'... Done.
Training group 4, split 1
	Early stopping at epoch 13
	Y Train Labels:(array([1.], dtype=float32), array([662]))
	Y Val Labels:(array([1.], dtype=float32), array([662]))
Training group 4, split 2
	Early stopping at epoch 13
	Y Train Labels:(array([1.], dtype=float32), array([1324]))
	Y Val Labels:(array([0., 1.], dtype=float32), array([354, 308]))
Training group 4, split 3
	Early stopping at epoch 13
	Y Train Labels:(array([0., 1.], dtype=float32), array([ 354, 1632]))
	Y Val Labels:(array([0.], dtype=float32), array([662]))
	Creating sequence for 'contentbox'... Done.
Training group 5, split 1
	Early stopping at epoch 13
	Y Train Labels:(array([0., 1.], dtype=float32), array([219, 331]))
	Y Val Labels:(array([0.], dtype=float32), array([550]))
Training group 5, split 2
	Early stopping at epoch 13
	Y Train Labels:(array([0., 1.], dtype=float32), array([769, 331]))
	Y Val Labels:(array([0.], dtype=float32), array([550]))
Training group 5, split 3
	Early stopping at epoch 13
	Y Train Labels:(array([0., 1.], dtype=float32), array([1319,  331]))
	Y Val Labels:(array([0.], dtype=float32), array([550]))
	Creating sequence for 'apm-coin'... Done.
Training group 6, split 1
	Early stopping at epoch 13
	Y Train Labels:(array([0.], dtype=float32), array([420]))
	Y Val Labels:(array([0.], dtype=float32), array([418]))
Training group 6, split 2
	Early stopping at epoch 13
	Y Train Labels:(array([0.], dtype=float32), array([838]))
	Y Val Labels:(array([0.], dtype=float32), array([418]))
Training group 6, split 3
	Early stopping at epoch 13
	Y Train Labels:(array([0.], dtype=float32), array([1256]))
	Y Val Labels:(array([0.], dtype=float32), array([418]))
	Creating sequence for 'alpaca-finance'... Done.
Training group 7, split 1
	Early stopping at epoch 13
	Y Train Labels:(array([1.], dtype=float32), array([274]))
	Y Val Labels:(array([1.], dtype=float32), array([274]))
Training group 7, split 2
	Early stopping at epoch 13
	Y Train Labels:(array([1.], dtype=float32), array([548]))
	Y Val Labels:(array([1.], dtype=float32), array([274]))
Training group 7, split 3
	Early stopping at epoch 13
	Y Train Labels:(array([1.], dtype=float32), array([822]))
	Y Val Labels:(array([0., 1.], dtype=float32), array([268,   6]))
	Creating sequence for 'akash-network'... Done.
Training group 8, split 1
	Early stopping at epoch 13
	Y Train Labels:(array([1.], dtype=float32), array([320]))
	Y Val Labels:(array([1.], dtype=float32), array([319]))
Training group 8, split 2
	Early stopping at epoch 13
	Y Train Labels:(array([1.], dtype=float32), array([639]))
	Y Val Labels:(array([1.], dtype=float32), array([319]))
Training group 8, split 3
	Early stopping at epoch 13
	Y Train Labels:(array([1.], dtype=float32), array([958]))
	Y Val Labels:(array([0., 1.], dtype=float32), array([130, 189]))
	Creating sequence for 'cult-dao'... Done.
Training group 9, split 1
	Early stopping at epoch 13
	Y Train Labels:(array([1.], dtype=float32), array([220]))
	Y Val Labels:(array([1.], dtype=float32), array([218]))
Training group 9, split 2
	Early stopping at epoch 13
	Y Train Labels:(array([1.], dtype=float32), array([438]))
	Y Val Labels:(array([1.], dtype=float32), array([218]))
Training group 9, split 3
	Early stopping at epoch 13
	Y Train Labels:(array([1.], dtype=float32), array([656]))
	Y Val Labels:(array([0., 1.], dtype=float32), array([169,  49]))
	Creating sequence for 'convex-finance'... Done.
Training group 10, split 1
	Early stopping at epoch 13
	Y Train Labels:(array([1.], dtype=float32), array([293]))
	Y Val Labels:(array([1.], dtype=float32), array([291]))
Training group 10, split 2
	Early stopping at epoch 13
	Y Train Labels:(array([1.], dtype=float32), array([584]))
	Y Val Labels:(array([1.], dtype=float32), array([291]))
Training group 10, split 3
	Early stopping at epoch 13
	Y Train Labels:(array([1.], dtype=float32), array([875]))
	Y Val Labels:(array([1.], dtype=float32), array([291]))
	Creating sequence for 'cobak-token'... Done.
Training group 11, split 1
	Early stopping at epoch 13
	Y Train Labels:(array([1.], dtype=float32), array([330]))
	Y Val Labels:(array([1.], dtype=float32), array([327]))
Training group 11, split 2
	Early stopping at epoch 13
	Y Train Labels:(array([1.], dtype=float32), array([657]))
	Y Val Labels:(array([1.], dtype=float32), array([327]))
Training group 11, split 3
	Early stopping at epoch 13
	Y Train Labels:(array([1.], dtype=float32), array([984]))
	Y Val Labels:(array([1.], dtype=float32), array([327]))
	Creating sequence for 'ark'... Done.
Training group 12, split 1
	Early stopping at epoch 13
	Y Train Labels:(array([1.], dtype=float32), array([671]))
	Y Val Labels:(array([1.], dtype=float32), array([671]))
Training group 12, split 2
	Early stopping at epoch 13
	Y Train Labels:(array([1.], dtype=float32), array([1342]))
	Y Val Labels:(array([0., 1.], dtype=float32), array([361, 310]))
Training group 12, split 3
	Early stopping at epoch 13
	Y Train Labels:(array([0., 1.], dtype=float32), array([ 361, 1652]))
	Y Val Labels:(array([0.], dtype=float32), array([671]))
	Creating sequence for 'blind-boxes'... Done.
Training group 13, split 1
	Early stopping at epoch 13
	Y Train Labels:(array([1.], dtype=float32), array([298]))
	Y Val Labels:(array([0., 1.], dtype=float32), array([245,  51]))
Training group 13, split 2
	Early stopping at epoch 13
	Y Train Labels:(array([0., 1.], dtype=float32), array([245, 349]))
	Y Val Labels:(array([0.], dtype=float32), array([296]))
Training group 13, split 3
	Early stopping at epoch 13
	Y Train Labels:(array([0., 1.], dtype=float32), array([541, 349]))
	Y Val Labels:(array([0.], dtype=float32), array([296]))
	Creating sequence for 'conun'... Done.
Training group 14, split 1
	Early stopping at epoch 13
	Y Train Labels:(array([1.], dtype=float32), array([381]))
	Y Val Labels:(array([1.], dtype=float32), array([380]))
Training group 14, split 2
	Early stopping at epoch 13
	Y Train Labels:(array([1.], dtype=float32), array([761]))
	Y Val Labels:(array([1.], dtype=float32), array([380]))
Training group 14, split 3
	Early stopping at epoch 13
	Y Train Labels:(array([1.], dtype=float32), array([1141]))
	Y Val Labels:(array([0., 1.], dtype=float32), array([ 90, 290]))
	Creating sequence for 'beta-finance'... Done.
Training group 15, split 1
	Early stopping at epoch 13
	Y Train Labels:(array([0., 1.], dtype=float32), array([  8, 250]))
	Y Val Labels:(array([0.], dtype=float32), array([255]))
Training group 15, split 2
	Early stopping at epoch 13
	Y Train Labels:(array([0., 1.], dtype=float32), array([263, 250]))
	Y Val Labels:(array([0.], dtype=float32), array([255]))
Training group 15, split 3
	Early stopping at epoch 13
	Y Train Labels:(array([0., 1.], dtype=float32), array([518, 250]))
	Y Val Labels:(array([0.], dtype=float32), array([255]))
	Creating sequence for 'aurora-near'... Done.
Training group 16, split 1
	Early stopping at epoch 13
	Y Train Labels:(array([1.], dtype=float32), array([240]))
	Y Val Labels:(array([1.], dtype=float32), array([240]))
Training group 16, split 2
	Early stopping at epoch 13
	Y Train Labels:(array([1.], dtype=float32), array([480]))
	Y Val Labels:(array([1.], dtype=float32), array([240]))
Training group 16, split 3
	Early stopping at epoch 13
	Y Train Labels:(array([1.], dtype=float32), array([720]))
	Y Val Labels:(array([1.], dtype=float32), array([240]))
	Creating sequence for 'cargox'... Done.
Training group 17, split 1
	Early stopping at epoch 13
	Y Train Labels:(array([1.], dtype=float32), array([568]))
	Y Val Labels:(array([1.], dtype=float32), array([565]))
Training group 17, split 2
	Early stopping at epoch 13
	Y Train Labels:(array([1.], dtype=float32), array([1133]))
	Y Val Labels:(array([1.], dtype=float32), array([565]))
Training group 17, split 3
	Early stopping at epoch 13
	Y Train Labels:(array([1.], dtype=float32), array([1698]))
	Y Val Labels:(array([1.], dtype=float32), array([565]))
	Creating sequence for 'biconomy'... Done.
Training group 18, split 1
	Early stopping at epoch 13
	Y Train Labels:(array([1.], dtype=float32), array([243]))
	Y Val Labels:(array([1.], dtype=float32), array([242]))
Training group 18, split 2
	Early stopping at epoch 13
	Y Train Labels:(array([1.], dtype=float32), array([485]))
	Y Val Labels:(array([1.], dtype=float32), array([242]))
Training group 18, split 3
	Early stopping at epoch 13
	Y Train Labels:(array([1.], dtype=float32), array([727]))
	Y Val Labels:(array([1.], dtype=float32), array([242]))
	Creating sequence for 'bidao'... Done.
Training group 19, split 1
	Early stopping at epoch 13
	Y Train Labels:(array([1.], dtype=float32), array([332]))
	Y Val Labels:(array([0., 1.], dtype=float32), array([203, 129]))
Training group 19, split 2
	Early stopping at epoch 13
	Y Train Labels:(array([0., 1.], dtype=float32), array([203, 461]))
	Y Val Labels:(array([0.], dtype=float32), array([332]))
Training group 19, split 3
	Early stopping at epoch 13
	Y Train Labels:(array([0., 1.], dtype=float32), array([535, 461]))
	Y Val Labels:(array([0.], dtype=float32), array([332]))
	Creating sequence for 'blockchain-certified-data-token'... Done.
Training group 20, split 1
	Early stopping at epoch 13
	Y Train Labels:(array([1.], dtype=float32), array([401]))
	Y Val Labels:(array([1.], dtype=float32), array([398]))
Training group 20, split 2
	Early stopping at epoch 13
	Y Train Labels:(array([1.], dtype=float32), array([799]))
	Y Val Labels:(array([1.], dtype=float32), array([398]))
Training group 20, split 3
	Early stopping at epoch 13
	Y Train Labels:(array([1.], dtype=float32), array([1197]))
	Y Val Labels:(array([0., 1.], dtype=float32), array([315,  83]))
	Creating sequence for 'balpha'... Done.
Training group 21, split 1
	Early stopping at epoch 13
	Y Train Labels:(array([1.], dtype=float32), array([309]))
	Y Val Labels:(array([1.], dtype=float32), array([307]))
Training group 21, split 2
	Early stopping at epoch 13
	Y Train Labels:(array([1.], dtype=float32), array([616]))
	Y Val Labels:(array([0., 1.], dtype=float32), array([266,  41]))
Training group 21, split 3
	Early stopping at epoch 13
	Y Train Labels:(array([0., 1.], dtype=float32), array([266, 657]))
	Y Val Labels:(array([0.], dtype=float32), array([307]))
	Creating sequence for '0chain'... Done.
Training group 22, split 1
	Early stopping at epoch 13
	Y Train Labels:(array([1.], dtype=float32), array([555]))
	Y Val Labels:(array([1.], dtype=float32), array([554]))
Training group 22, split 2
	Early stopping at epoch 13
	Y Train Labels:(array([1.], dtype=float32), array([1109]))
	Y Val Labels:(array([0., 1.], dtype=float32), array([475,  79]))
Training group 22, split 3
	Early stopping at epoch 13
	Y Train Labels:(array([0., 1.], dtype=float32), array([ 475, 1188]))
	Y Val Labels:(array([0.], dtype=float32), array([554]))
	Creating sequence for 'cashaa'... Done.
Training group 23, split 1
	Early stopping at epoch 13
	Y Train Labels:(array([1.], dtype=float32), array([573]))
	Y Val Labels:(array([1.], dtype=float32), array([571]))
Training group 23, split 2
	Early stopping at epoch 13
	Y Train Labels:(array([1.], dtype=float32), array([1144]))
	Y Val Labels:(array([0., 1.], dtype=float32), array([479,  92]))
Training group 23, split 3
	Early stopping at epoch 13
	Y Train Labels:(array([0., 1.], dtype=float32), array([ 479, 1236]))
	Y Val Labels:(array([0.], dtype=float32), array([571]))
	Creating sequence for 'bytom'... Done.
Training group 24, split 1
	Early stopping at epoch 13
	Y Train Labels:(array([1.], dtype=float32), array([637]))
	Y Val Labels:(array([1.], dtype=float32), array([636]))
Training group 24, split 2
	Early stopping at epoch 13
	Y Train Labels:(array([1.], dtype=float32), array([1273]))
	Y Val Labels:(array([1.], dtype=float32), array([636]))
Training group 24, split 3
	Early stopping at epoch 13
	Y Train Labels:(array([1.], dtype=float32), array([1909]))
	Y Val Labels:(array([0., 1.], dtype=float32), array([324, 312]))
	Creating sequence for 'alien-worlds'... Done.
Training group 25, split 1
	Early stopping at epoch 13
	Y Train Labels:(array([1.], dtype=float32), array([300]))
	Y Val Labels:(array([0., 1.], dtype=float32), array([280,  20]))
Training group 25, split 2
	Early stopping at epoch 13
	Y Train Labels:(array([0., 1.], dtype=float32), array([280, 320]))
	Y Val Labels:(array([0.], dtype=float32), array([300]))
Training group 25, split 3
	Early stopping at epoch 13
	Y Train Labels:(array([0., 1.], dtype=float32), array([580, 320]))
	Y Val Labels:(array([0.], dtype=float32), array([300]))
	Creating sequence for 'bosagora'... Done.
Training group 26, split 1
	Early stopping at epoch 13
	Y Train Labels:(array([1.], dtype=float32), array([456]))
	Y Val Labels:(array([1.], dtype=float32), array([454]))
Training group 26, split 2
	Early stopping at epoch 13
	Y Train Labels:(array([1.], dtype=float32), array([910]))
	Y Val Labels:(array([0., 1.], dtype=float32), array([321, 133]))
Training group 26, split 3
	Early stopping at epoch 13
	Y Train Labels:(array([0., 1.], dtype=float32), array([ 321, 1043]))
	Y Val Labels:(array([0.], dtype=float32), array([454]))
	Creating sequence for '0x0-ai-ai-smart-contract'... Done.
Training group 27, split 1
	Early stopping at epoch 13
	Y Train Labels:(array([1.], dtype=float32), array([138]))
	Y Val Labels:(array([0., 1.], dtype=float32), array([74, 61]))
Training group 27, split 2
	Early stopping at epoch 13
	Y Train Labels:(array([0., 1.], dtype=float32), array([ 74, 199]))
	Y Val Labels:(array([0.], dtype=float32), array([135]))
Training group 27, split 3
	Early stopping at epoch 13
	Y Train Labels:(array([0., 1.], dtype=float32), array([209, 199]))
	Y Val Labels:(array([0.], dtype=float32), array([135]))
	Creating sequence for 'airswap'... Done.
Training group 28, split 1
	Early stopping at epoch 13
	Y Train Labels:(array([1.], dtype=float32), array([621]))
	Y Val Labels:(array([1.], dtype=float32), array([618]))
Training group 28, split 2
	Early stopping at epoch 13
	Y Train Labels:(array([1.], dtype=float32), array([1239]))
	Y Val Labels:(array([1.], dtype=float32), array([618]))
Training group 28, split 3
	Early stopping at epoch 13
	Y Train Labels:(array([1.], dtype=float32), array([1857]))
	Y Val Labels:(array([1.], dtype=float32), array([618]))
	Creating sequence for 'barnbridge'... Done.
Training group 29, split 1
	Early stopping at epoch 13
	Y Train Labels:(array([1.], dtype=float32), array([323]))
	Y Val Labels:(array([0., 1.], dtype=float32), array([149, 172]))
Training group 29, split 2
	Early stopping at epoch 13
	Y Train Labels:(array([0., 1.], dtype=float32), array([149, 495]))
	Y Val Labels:(array([0.], dtype=float32), array([321]))
Training group 29, split 3
	Early stopping at epoch 13
	Y Train Labels:(array([0., 1.], dtype=float32), array([470, 495]))
	Y Val Labels:(array([0.], dtype=float32), array([321]))
	Creating sequence for 'aeternity'... Done.
Training group 30, split 1
	Early stopping at epoch 13
	Y Train Labels:(array([1.], dtype=float32), array([654]))
	Y Val Labels:(array([1.], dtype=float32), array([653]))
Training group 30, split 2
	Early stopping at epoch 13
	Y Train Labels:(array([1.], dtype=float32), array([1307]))
	Y Val Labels:(array([1.], dtype=float32), array([653]))
Training group 30, split 3
	Early stopping at epoch 13
	Y Train Labels:(array([1.], dtype=float32), array([1960]))
	Y Val Labels:(array([1.], dtype=float32), array([653]))
	Creating sequence for 'amber'... Done.
Training group 31, split 1
	Early stopping at epoch 13
	Y Train Labels:(array([1.], dtype=float32), array([610]))
	Y Val Labels:(array([1.], dtype=float32), array([607]))
Training group 31, split 2
	Early stopping at epoch 13
	Y Train Labels:(array([1.], dtype=float32), array([1217]))
	Y Val Labels:(array([0., 1.], dtype=float32), array([590,  17]))
Training group 31, split 3
	Early stopping at epoch 13
	Y Train Labels:(array([0., 1.], dtype=float32), array([ 590, 1234]))
	Y Val Labels:(array([0.], dtype=float32), array([607]))
	Creating sequence for 'celo'... Done.
Training group 32, split 1
	Early stopping at epoch 13
	Y Train Labels:(array([1.], dtype=float32), array([384]))
	Y Val Labels:(array([1.], dtype=float32), array([381]))
Training group 32, split 2
	Early stopping at epoch 13
	Y Train Labels:(array([1.], dtype=float32), array([765]))
	Y Val Labels:(array([1.], dtype=float32), array([381]))
Training group 32, split 3
	Early stopping at epoch 13
	Y Train Labels:(array([1.], dtype=float32), array([1146]))
	Y Val Labels:(array([1.], dtype=float32), array([381]))
	Creating sequence for 'cloudbric'... Done.
Training group 33, split 1
	Early stopping at epoch 13
	Y Train Labels:(array([1.], dtype=float32), array([498]))
	Y Val Labels:(array([1.], dtype=float32), array([497]))
Training group 33, split 2
	Early stopping at epoch 13
	Y Train Labels:(array([1.], dtype=float32), array([995]))
	Y Val Labels:(array([1.], dtype=float32), array([497]))
Training group 33, split 3
	Early stopping at epoch 13
	Y Train Labels:(array([1.], dtype=float32), array([1492]))
	Y Val Labels:(array([0., 1.], dtype=float32), array([ 18, 479]))
	Creating sequence for '0x'... Done.
Training group 34, split 1
	Early stopping at epoch 13
	Y Train Labels:(array([1.], dtype=float32), array([635]))
	Y Val Labels:(array([1.], dtype=float32), array([634]))
Training group 34, split 2
	Early stopping at epoch 13
	Y Train Labels:(array([1.], dtype=float32), array([1269]))
	Y Val Labels:(array([1.], dtype=float32), array([634]))
Training group 34, split 3
	Early stopping at epoch 13
	Y Train Labels:(array([1.], dtype=float32), array([1903]))
	Y Val Labels:(array([1.], dtype=float32), array([634]))
	Creating sequence for 'celer-network'... Done.
Training group 35, split 1
	Early stopping at epoch 13
	Y Train Labels:(array([1.], dtype=float32), array([490]))
	Y Val Labels:(array([1.], dtype=float32), array([487]))
Training group 35, split 2
	Early stopping at epoch 13
	Y Train Labels:(array([1.], dtype=float32), array([977]))
	Y Val Labels:(array([1.], dtype=float32), array([487]))
Training group 35, split 3
	Early stopping at epoch 13
	Y Train Labels:(array([1.], dtype=float32), array([1464]))
	Y Val Labels:(array([0., 1.], dtype=float32), array([100, 387]))
	Creating sequence for 'cudos'... Done.
Training group 36, split 1
	Early stopping at epoch 13
	Y Train Labels:(array([1.], dtype=float32), array([319]))
	Y Val Labels:(array([1.], dtype=float32), array([317]))
Training group 36, split 2
	Early stopping at epoch 13
	Y Train Labels:(array([1.], dtype=float32), array([636]))
	Y Val Labels:(array([1.], dtype=float32), array([317]))
Training group 36, split 3
	Early stopping at epoch 13
	Y Train Labels:(array([1.], dtype=float32), array([953]))
	Y Val Labels:(array([1.], dtype=float32), array([317]))
	Creating sequence for 'covalent'... Done.
Training group 37, split 1
	Early stopping at epoch 13
	Y Train Labels:(array([1.], dtype=float32), array([283]))
	Y Val Labels:(array([1.], dtype=float32), array([282]))
Training group 37, split 2
	Early stopping at epoch 13
	Y Train Labels:(array([1.], dtype=float32), array([565]))
	Y Val Labels:(array([1.], dtype=float32), array([282]))
Training group 37, split 3
	Early stopping at epoch 13
	Y Train Labels:(array([1.], dtype=float32), array([847]))
	Y Val Labels:(array([1.], dtype=float32), array([282]))
	Creating sequence for 'apeswap-finance'... Done.
Training group 38, split 1
	Early stopping at epoch 13
	Y Train Labels:(array([1.], dtype=float32), array([309]))
	Y Val Labels:(array([1.], dtype=float32), array([308]))
Training group 38, split 2
	Early stopping at epoch 13
	Y Train Labels:(array([1.], dtype=float32), array([617]))
	Y Val Labels:(array([0., 1.], dtype=float32), array([ 14, 294]))
Training group 38, split 3
	Early stopping at epoch 13
	Y Train Labels:(array([0., 1.], dtype=float32), array([ 14, 911]))
	Y Val Labels:(array([0.], dtype=float32), array([308]))
	Creating sequence for 'bitcoin-gold'... Done.
Training group 39, split 1
	Early stopping at epoch 13
	Y Train Labels:(array([1.], dtype=float32), array([618]))
	Y Val Labels:(array([1.], dtype=float32), array([617]))
Training group 39, split 2
	Early stopping at epoch 13
	Y Train Labels:(array([1.], dtype=float32), array([1235]))
	Y Val Labels:(array([0., 1.], dtype=float32), array([433, 184]))
Training group 39, split 3
	Early stopping at epoch 13
	Y Train Labels:(array([0., 1.], dtype=float32), array([ 433, 1419]))
	Y Val Labels:(array([0.], dtype=float32), array([617]))
	Creating sequence for 'binance-usd'... Done.
Training group 40, split 1
	Early stopping at epoch 13
	Y Train Labels:(array([1.], dtype=float32), array([443]))
	Y Val Labels:(array([1.], dtype=float32), array([443]))
Training group 40, split 2
	Early stopping at epoch 13
	Y Train Labels:(array([1.], dtype=float32), array([886]))
	Y Val Labels:(array([0., 1.], dtype=float32), array([ 11, 432]))
Training group 40, split 3
	Early stopping at epoch 13
	Y Train Labels:(array([0., 1.], dtype=float32), array([  11, 1318]))
	Y Val Labels:(array([0.], dtype=float32), array([443]))
	Creating sequence for 'civic'... Done.
Training group 41, split 1
	Early stopping at epoch 13
	Y Train Labels:(array([1.], dtype=float32), array([644]))
	Y Val Labels:(array([1.], dtype=float32), array([641]))
Training group 41, split 2
	Early stopping at epoch 13
	Y Train Labels:(array([1.], dtype=float32), array([1285]))
	Y Val Labels:(array([1.], dtype=float32), array([641]))
Training group 41, split 3
	Early stopping at epoch 13
	Y Train Labels:(array([1.], dtype=float32), array([1926]))
	Y Val Labels:(array([1.], dtype=float32), array([641]))
	Creating sequence for 'blocknet'... Done.
Training group 42, split 1
	Early stopping at epoch 13
	Y Train Labels:(array([1.], dtype=float32), array([886]))
	Y Val Labels:(array([1.], dtype=float32), array([885]))
Training group 42, split 2
	Early stopping at epoch 13
	Y Train Labels:(array([1.], dtype=float32), array([1771]))
	Y Val Labels:(array([1.], dtype=float32), array([885]))
Training group 42, split 3
