


--------------------------------------------------
Starting lstm.py at '2024-10-24 15:12:50.425018'.
Reading './balancedDataset.json'... Done.
Total training Data: 1030
DAOs trained so far:36
Size of training set: 685
Size of test set: 309
Preparing data for training...
Preparing data for testing...
Parameters:
	Num epochs: 60
	Initial learning rate: 0.001
	Patience: 12
	Window size: 60
	Timeseries splits: 3
	Minimum number of timeseries datapoints: 64
Gradient boosting params: 
	{"max_depth": 3, "learning_rate": 0.05, "n_estimators": 100, "objective": "binary:logistic", "eval_metric": "logloss"}
	Creating sequence for 'bolt'... Training group 0, split 1
	Y Train Labels:(array([1.], dtype=float32), array([481]))
	Y Val Labels:(array([1.], dtype=float32), array([479]))
Training group 0, split 2
	Early stopping at epoch 13
	Y Train Labels:(array([1.], dtype=float32), array([960]))
	Y Val Labels:(array([0., 1.], dtype=float32), array([297, 182]))
Training group 0, split 3
	Y Train Labels:(array([0., 1.], dtype=float32), array([ 297, 1142]))
	Y Val Labels:(array([0.], dtype=float32), array([479]))
Done.
	Creating sequence for 'index-cooperative'... Training group 1, split 1
	Y Train Labels:(array([1.], dtype=float32), array([298]))
	Y Val Labels:(array([1.], dtype=float32), array([296]))
Training group 1, split 2
	Y Train Labels:(array([1.], dtype=float32), array([594]))
	Y Val Labels:(array([1.], dtype=float32), array([296]))
Training group 1, split 3
	Y Train Labels:(array([1.], dtype=float32), array([890]))
	Y Val Labels:(array([1.], dtype=float32), array([296]))
Done.
	Creating sequence for 'fognet'... Training group 2, split 1
	Y Train Labels:(array([1.], dtype=float32), array([79]))
	Y Val Labels:(array([1.], dtype=float32), array([78]))
Training group 2, split 2
	Early stopping at epoch 13
	Y Train Labels:(array([1.], dtype=float32), array([157]))
	Y Val Labels:(array([0., 1.], dtype=float32), array([66, 12]))
Training group 2, split 3
	Early stopping at epoch 45
	Y Train Labels:(array([0., 1.], dtype=float32), array([ 66, 169]))
	Y Val Labels:(array([0.], dtype=float32), array([78]))
Done.
	Creating sequence for 'ronin'... Training group 3, split 1
	Y Train Labels:(array([1.], dtype=float32), array([197]))
	Y Val Labels:(array([1.], dtype=float32), array([197]))
Training group 3, split 2
	Y Train Labels:(array([1.], dtype=float32), array([394]))
	Y Val Labels:(array([1.], dtype=float32), array([197]))
Training group 3, split 3
	Y Train Labels:(array([1.], dtype=float32), array([591]))
	Y Val Labels:(array([1.], dtype=float32), array([197]))
Done.
	Creating sequence for 'metacraft'... Training group 4, split 1
	Y Train Labels:(array([1.], dtype=float32), array([230]))
	Y Val Labels:(array([1.], dtype=float32), array([228]))
Training group 4, split 2
	Y Train Labels:(array([1.], dtype=float32), array([458]))
	Y Val Labels:(array([1.], dtype=float32), array([228]))
Training group 4, split 3
	Y Train Labels:(array([1.], dtype=float32), array([686]))
	Y Val Labels:(array([1.], dtype=float32), array([228]))
Done.
	Creating sequence for 'dinoswap'... Training group 5, split 1
	Y Train Labels:(array([1.], dtype=float32), array([8]))
	Y Val Labels:(array([1.], dtype=float32), array([5]))
Training group 5, split 2
	Y Train Labels:(array([1.], dtype=float32), array([13]))
	Y Val Labels:(array([1.], dtype=float32), array([5]))
Training group 5, split 3
	Y Train Labels:(array([1.], dtype=float32), array([18]))
	Y Val Labels:(array([1.], dtype=float32), array([5]))
Done.
	Creating sequence for 'eldarune'... Training group 6, split 1
	Y Train Labels:(array([1.], dtype=float32), array([106]))
	Y Val Labels:(array([1.], dtype=float32), array([106]))
Training group 6, split 2
	Y Train Labels:(array([1.], dtype=float32), array([212]))
	Y Val Labels:(array([1.], dtype=float32), array([106]))
Training group 6, split 3
	Early stopping at epoch 13
	Y Train Labels:(array([1.], dtype=float32), array([318]))
	Y Val Labels:(array([0., 1.], dtype=float32), array([91, 15]))
Done.
	Creating sequence for 'apyswap'... Training group 7, split 1
	Y Train Labels:(array([0., 1.], dtype=float32), array([232,  33]))
	Y Val Labels:(array([0.], dtype=float32), array([264]))
Training group 7, split 2
	Early stopping at epoch 41
	Y Train Labels:(array([0., 1.], dtype=float32), array([496,  33]))
	Y Val Labels:(array([0.], dtype=float32), array([264]))
Training group 7, split 3
	Y Train Labels:(array([0., 1.], dtype=float32), array([760,  33]))
	Y Val Labels:(array([0.], dtype=float32), array([264]))
Done.
	Creating sequence for 'fabric'... Training group 8, split 1
	Y Train Labels:(array([1.], dtype=float32), array([119]))
	Y Val Labels:(array([1.], dtype=float32), array([118]))
Training group 8, split 2
	Early stopping at epoch 13
	Y Train Labels:(array([1.], dtype=float32), array([237]))
	Y Val Labels:(array([0., 1.], dtype=float32), array([28, 90]))
Training group 8, split 3
	Y Train Labels:(array([0., 1.], dtype=float32), array([ 28, 327]))
	Y Val Labels:(array([0.], dtype=float32), array([118]))
Done.
	Creating sequence for 'insurace'... Training group 9, split 1
	Y Train Labels:(array([1.], dtype=float32), array([200]))
	Y Val Labels:(array([1.], dtype=float32), array([199]))
Training group 9, split 2
	Y Train Labels:(array([1.], dtype=float32), array([399]))
	Y Val Labels:(array([1.], dtype=float32), array([199]))
Training group 9, split 3
	Y Train Labels:(array([1.], dtype=float32), array([598]))
	Y Val Labels:(array([1.], dtype=float32), array([199]))
Done.
	Creating sequence for 'efinity'... Training group 10, split 1
	Early stopping at epoch 13
	Y Train Labels:(array([1.], dtype=float32), array([264]))
	Y Val Labels:(array([0., 1.], dtype=float32), array([145, 118]))
Training group 10, split 2
	Y Train Labels:(array([0., 1.], dtype=float32), array([145, 382]))
	Y Val Labels:(array([0.], dtype=float32), array([263]))
Training group 10, split 3
