


--------------------------------------------------
Starting lstm.py at '2024-10-26 23:33:21.234502'.
Reading '../classifiedDAOs.json'... Done.
Total training Data: 1578
DAOs trained so far:577
Size of training set: 527
Size of test set: 474
Preparing data for training...
Preparing data for testing...
Parameters:
	Num epochs: 60
	Initial learning rate: 0.001
	Patience: 12
	Window size: 60
	Timeseries splits: 3
	Minimum number of timeseries datapoints: 64
Gradient boosting params: 
	{"max_depth": 3, "learning_rate": 0.05, "n_estimators": 100, "objective": "binary:logistic", "eval_metric": "logloss"}
	Creating sequence for 'cellframe'... Training group 0, split 1
	Early stopping at epoch 13
	Y Train Labels:(array([1.], dtype=float32), array([294]))
	Y Val Labels:(array([1.], dtype=float32), array([293]))
Training group 0, split 2
	Early stopping at epoch 13
	Y Train Labels:(array([1.], dtype=float32), array([587]))
	Y Val Labels:(array([1.], dtype=float32), array([293]))
Training group 0, split 3
	Early stopping at epoch 13
	Y Train Labels:(array([1.], dtype=float32), array([880]))
	Y Val Labels:(array([1.], dtype=float32), array([293]))
Done.
	Creating sequence for 'futurocoin'... Training group 1, split 1
	Early stopping at epoch 13
	Y Train Labels:(array([1.], dtype=float32), array([195]))
	Y Val Labels:(array([1.], dtype=float32), array([192]))
Training group 1, split 2
	Early stopping at epoch 13
	Y Train Labels:(array([1.], dtype=float32), array([387]))
	Y Val Labels:(array([1.], dtype=float32), array([192]))
Training group 1, split 3
	Early stopping at epoch 13
	Y Train Labels:(array([1.], dtype=float32), array([579]))
	Y Val Labels:(array([0., 1.], dtype=float32), array([ 48, 144]))
Done.
	Creating sequence for 'wizardia'... Training group 2, split 1
	Early stopping at epoch 13
	Y Train Labels:(array([0.], dtype=float32), array([55]))
	Y Val Labels:(array([0.], dtype=float32), array([54]))
Training group 2, split 2
	Early stopping at epoch 13
	Y Train Labels:(array([0.], dtype=float32), array([109]))
	Y Val Labels:(array([0.], dtype=float32), array([54]))
Training group 2, split 3
	Early stopping at epoch 13
	Y Train Labels:(array([0.], dtype=float32), array([163]))
	Y Val Labels:(array([0.], dtype=float32), array([54]))
Done.
	Creating sequence for 'hypergpt'... Training group 3, split 1
	Early stopping at epoch 13
	Y Train Labels:(array([1.], dtype=float32), array([105]))
	Y Val Labels:(array([1.], dtype=float32), array([102]))
Training group 3, split 2
	Early stopping at epoch 13
	Y Train Labels:(array([1.], dtype=float32), array([207]))
	Y Val Labels:(array([1.], dtype=float32), array([102]))
Training group 3, split 3
	Early stopping at epoch 13
	Y Train Labels:(array([1.], dtype=float32), array([309]))
	Y Val Labels:(array([1.], dtype=float32), array([102]))
Done.
	Creating sequence for 'naga'... Training group 4, split 1
	Early stopping at epoch 13
	Y Train Labels:(array([1.], dtype=float32), array([55]))
	Y Val Labels:(array([1.], dtype=float32), array([55]))
Training group 4, split 2
	Early stopping at epoch 13
	Y Train Labels:(array([1.], dtype=float32), array([110]))
	Y Val Labels:(array([1.], dtype=float32), array([55]))
Training group 4, split 3
	Early stopping at epoch 13
	Y Train Labels:(array([1.], dtype=float32), array([165]))
	Y Val Labels:(array([1.], dtype=float32), array([55]))
Done.
	Creating sequence for 'ripio-credit-network'... Training group 5, split 1
	Early stopping at epoch 13
	Y Train Labels:(array([1.], dtype=float32), array([99]))
	Y Val Labels:(array([1.], dtype=float32), array([97]))
Training group 5, split 2
	Early stopping at epoch 13
	Y Train Labels:(array([1.], dtype=float32), array([196]))
	Y Val Labels:(array([1.], dtype=float32), array([97]))
Training group 5, split 3
	Early stopping at epoch 13
	Y Train Labels:(array([1.], dtype=float32), array([293]))
	Y Val Labels:(array([1.], dtype=float32), array([97]))
Done.
	Creating sequence for 'playdapp'... Training group 6, split 1
	Early stopping at epoch 13
	Y Train Labels:(array([0., 1.], dtype=float32), array([107, 151]))
	Y Val Labels:(array([0.], dtype=float32), array([255]))
Training group 6, split 2
