


--------------------------------------------------
Starting lstm.py at '2024-10-26 22:43:27.155655'.
Reading '../classifiedDAOs.json'... Done.
Total training Data: 1578
DAOs trained so far:255
Size of training set: 849
Size of test set: 474
Preparing data for training...
Preparing data for testing...
Parameters:
	Num epochs: 60
	Initial learning rate: 0.001
	Patience: 12
	Window size: 60
	Timeseries splits: 3
	Minimum number of timeseries datapoints: 64
Gradient boosting params: 
	{"max_depth": 3, "learning_rate": 0.05, "n_estimators": 100, "objective": "binary:logistic", "eval_metric": "logloss"}
	Creating sequence for 'decred'... Training group 0, split 1
	Early stopping at epoch 13
	Y Train Labels:(array([1.], dtype=float32), array([561]))
	Y Val Labels:(array([1.], dtype=float32), array([558]))
Training group 0, split 2
	Early stopping at epoch 13
	Y Train Labels:(array([1.], dtype=float32), array([1119]))
	Y Val Labels:(array([1.], dtype=float32), array([558]))
Training group 0, split 3
	Early stopping at epoch 13
	Y Train Labels:(array([1.], dtype=float32), array([1677]))
	Y Val Labels:(array([1.], dtype=float32), array([558]))
Done.
	Creating sequence for 'nem'... Training group 1, split 1
	Early stopping at epoch 13
	Y Train Labels:(array([1.], dtype=float32), array([482]))
	Y Val Labels:(array([1.], dtype=float32), array([480]))
Training group 1, split 2
	Early stopping at epoch 13
	Y Train Labels:(array([1.], dtype=float32), array([962]))
	Y Val Labels:(array([1.], dtype=float32), array([480]))
Training group 1, split 3
	Early stopping at epoch 13
	Y Train Labels:(array([1.], dtype=float32), array([1442]))
	Y Val Labels:(array([1.], dtype=float32), array([480]))
Done.
	Creating sequence for 'spx6900'... Training group 2, split 1
	Early stopping at epoch 13
	Y Train Labels:(array([1.], dtype=float32), array([80]))
	Y Val Labels:(array([1.], dtype=float32), array([77]))
Training group 2, split 2
	Early stopping at epoch 13
	Y Train Labels:(array([1.], dtype=float32), array([157]))
	Y Val Labels:(array([1.], dtype=float32), array([77]))
Training group 2, split 3
	Early stopping at epoch 13
	Y Train Labels:(array([1.], dtype=float32), array([234]))
	Y Val Labels:(array([1.], dtype=float32), array([77]))
Done.
	Creating sequence for 'biconomy'... Training group 3, split 1
	Early stopping at epoch 13
	Y Train Labels:(array([1.], dtype=float32), array([238]))
	Y Val Labels:(array([1.], dtype=float32), array([237]))
Training group 3, split 2
	Early stopping at epoch 13
	Y Train Labels:(array([1.], dtype=float32), array([475]))
	Y Val Labels:(array([1.], dtype=float32), array([237]))
Training group 3, split 3
	Early stopping at epoch 13
	Y Train Labels:(array([1.], dtype=float32), array([712]))
	Y Val Labels:(array([1.], dtype=float32), array([237]))
Done.
	Creating sequence for 'thorstarter'... Training group 4, split 1
	Early stopping at epoch 13
	Y Train Labels:(array([0., 1.], dtype=float32), array([ 34, 246]))
	Y Val Labels:(array([0.], dtype=float32), array([280]))
Training group 4, split 2
