


--------------------------------------------------
Starting lstm.py at '2024-10-11 23:46:27.906312'.
Reading './isDaoActiveData(4).json'... Done.
Total training Data: 379
Preparing data for training...
<torch.utils.data.dataloader.DataLoader object at 0x128c14620>
Preparing data for testing...
Trained so far:105
Parameters:
	Num epochs: 60
	Initial learning rate: 0.001
	Patience: 12
	Window size: 60
	Timeseries splits: 3
	Minimum number of timeseries datapoints: 64
Gradient boosting params: 
	{"max_depth": 3, "learning_rate": 0.05, "n_estimators": 100, "objective": "binary:logistic", "eval_metric": "logloss"}
	Creating sequence for 'babb'... [[[ 7.8956835e-05  0.0000000e+00  5.3000000e+01]
  [ 7.8257132e-05  0.0000000e+00 -8.0000000e+00]
  [ 7.8901819e-05  0.0000000e+00 -1.2600000e+02]
  ...
  [ 5.8842480e-05  0.0000000e+00  1.0000000e+01]
  [ 5.7510471e-05  0.0000000e+00  8.0000000e+00]
  [ 5.8168840e-05  0.0000000e+00  2.7000000e+01]]

 [[ 7.9553361e-05  0.0000000e+00 -7.4000000e+01]
  [ 7.8956835e-05  0.0000000e+00  5.3000000e+01]
  [ 7.8257132e-05  0.0000000e+00 -8.0000000e+00]
  ...
  [ 5.8052309e-05  0.0000000e+00 -2.0000000e+01]
  [ 5.8842480e-05  0.0000000e+00  1.0000000e+01]
  [ 5.7510471e-05  0.0000000e+00  8.0000000e+00]]

 [[ 8.1143007e-05  0.0000000e+00 -1.5000000e+01]
  [ 7.9553361e-05  0.0000000e+00 -7.4000000e+01]
  [ 7.8956835e-05  0.0000000e+00  5.3000000e+01]
  ...
  [ 6.2871043e-05  0.0000000e+00 -5.1000000e+01]
  [ 5.8052309e-05  0.0000000e+00 -2.0000000e+01]
  [ 5.8842480e-05  0.0000000e+00  1.0000000e+01]]

 ...

 [[ 6.3115900e-04  0.0000000e+00  1.4600000e+02]
  [ 6.2775400e-04  0.0000000e+00  5.2000000e+01]
  [ 5.1994900e-04  0.0000000e+00  5.6000000e+01]
  ...
  [ 1.9630900e-03  0.0000000e+00  2.3000000e+01]
  [ 1.9334400e-03  0.0000000e+00  4.9000000e+01]
  [ 2.1190400e-03  0.0000000e+00  4.9000000e+01]]

 [[ 6.9843100e-04  0.0000000e+00  3.1000000e+01]
  [ 6.3115900e-04  0.0000000e+00  1.4600000e+02]
  [ 6.2775400e-04  0.0000000e+00  5.2000000e+01]
  ...
  [ 2.1026700e-03  0.0000000e+00  3.2000000e+01]
  [ 1.9630900e-03  0.0000000e+00  2.3000000e+01]
  [ 1.9334400e-03  0.0000000e+00  4.9000000e+01]]

 [[ 6.4075300e-04  0.0000000e+00  1.2700000e+02]
  [ 6.9843100e-04  0.0000000e+00  3.1000000e+01]
  [ 6.3115900e-04  0.0000000e+00  1.4600000e+02]
  ...
  [ 2.1529300e-03  0.0000000e+00  2.5000000e+01]
  [ 2.1026700e-03  0.0000000e+00  3.2000000e+01]
  [ 1.9630900e-03  0.0000000e+00  2.3000000e+01]]][0 0 0 ... 1 1 1]
Done.
Training group 0, split 1
