


--------------------------------------------------
Starting lstm.py at '2024-10-16 14:07:21.862759'.
Reading './isDaoActiveData(4).json'... Done.
Total training Data: 379
DAOs trained so far:250
Size of training set: 15
Size of test set: 114
Preparing data for training...
Preparing data for testing...
Parameters:
	Num epochs: 60
	Initial learning rate: 0.001
	Patience: 12
	Window size: 60
	Timeseries splits: 3
	Minimum number of timeseries datapoints: 64
Gradient boosting params: 
	{"max_depth": 3, "learning_rate": 0.05, "n_estimators": 100, "objective": "binary:logistic", "eval_metric": "logloss"}
	Creating sequence for 'bomb'... Training group 0, split 1
	Y Train Labels:(array([1.], dtype=float32), array([465]))
	Y Val Labels:(array([1.], dtype=float32), array([462]))
Training group 0, split 2
	Early stopping at epoch 13
	Y Train Labels:(array([1.], dtype=float32), array([927]))
	Y Val Labels:(array([0., 1.], dtype=float32), array([349, 113]))
Training group 0, split 3
	Early stopping at epoch 42
	Y Train Labels:(array([0., 1.], dtype=float32), array([ 349, 1040]))
	Y Val Labels:(array([0.], dtype=float32), array([462]))
Done.
	Creating sequence for 'cosmos'... Training group 1, split 1
	Y Train Labels:(array([1.], dtype=float32), array([359]))
	Y Val Labels:(array([1.], dtype=float32), array([356]))
Training group 1, split 2
	Y Train Labels:(array([1.], dtype=float32), array([715]))
	Y Val Labels:(array([1.], dtype=float32), array([356]))
Training group 1, split 3
	Y Train Labels:(array([1.], dtype=float32), array([1071]))
	Y Val Labels:(array([1.], dtype=float32), array([356]))
Done.
	Creating sequence for 'cudos'... Training group 2, split 1
	Y Train Labels:(array([1.], dtype=float32), array([309]))
	Y Val Labels:(array([1.], dtype=float32), array([308]))
Training group 2, split 2
	Y Train Labels:(array([1.], dtype=float32), array([617]))
	Y Val Labels:(array([1.], dtype=float32), array([308]))
Training group 2, split 3
	Y Train Labels:(array([1.], dtype=float32), array([925]))
	Y Val Labels:(array([1.], dtype=float32), array([308]))
Done.
	Creating sequence for 'bora'... Training group 3, split 1
	Y Train Labels:(array([1.], dtype=float32), array([475]))
	Y Val Labels:(array([1.], dtype=float32), array([473]))
Training group 3, split 2
	Early stopping at epoch 18
	Y Train Labels:(array([1.], dtype=float32), array([948]))
	Y Val Labels:(array([0., 1.], dtype=float32), array([  1, 472]))
Training group 3, split 3
	Y Train Labels:(array([0., 1.], dtype=float32), array([   1, 1420]))
	Y Val Labels:(array([0.], dtype=float32), array([473]))
Done.
	Creating sequence for 'altlayer'... Training group 4, split 1
	Early stopping at epoch 13
	Y Train Labels:(array([1.], dtype=float32), array([46]))
	Y Val Labels:(array([1.], dtype=float32), array([46]))
Training group 4, split 2
	Y Train Labels:(array([1.], dtype=float32), array([92]))
	Y Val Labels:(array([1.], dtype=float32), array([46]))
Training group 4, split 3
	Early stopping at epoch 19
	Y Train Labels:(array([1.], dtype=float32), array([138]))
	Y Val Labels:(array([1.], dtype=float32), array([46]))
Done.
	Creating sequence for 'aave-dai'... Skipped.
	Creating sequence for 'aimalls'... Training group 5, split 1
	Y Train Labels:(array([0.], dtype=float32), array([70]))
	Y Val Labels:(array([0.], dtype=float32), array([67]))
Training group 5, split 2
	Y Train Labels:(array([0.], dtype=float32), array([137]))
	Y Val Labels:(array([0.], dtype=float32), array([67]))
Training group 5, split 3
	Y Train Labels:(array([0.], dtype=float32), array([204]))
	Y Val Labels:(array([0.], dtype=float32), array([67]))
Done.
	Creating sequence for 'bitrock'... Training group 6, split 1
	Y Train Labels:(array([1.], dtype=float32), array([94]))
	Y Val Labels:(array([1.], dtype=float32), array([94]))
Training group 6, split 2
	Y Train Labels:(array([1.], dtype=float32), array([188]))
	Y Val Labels:(array([1.], dtype=float32), array([94]))
Training group 6, split 3
	Y Train Labels:(array([1.], dtype=float32), array([282]))
	Y Val Labels:(array([1.], dtype=float32), array([94]))
Done.
	Creating sequence for 'acute-angle-cloud'... Training group 7, split 1
	Y Train Labels:(array([1.], dtype=float32), array([124]))
	Y Val Labels:(array([1.], dtype=float32), array([124]))
Training group 7, split 2
	Y Train Labels:(array([1.], dtype=float32), array([248]))
	Y Val Labels:(array([1.], dtype=float32), array([124]))
Training group 7, split 3
	Y Train Labels:(array([1.], dtype=float32), array([372]))
	Y Val Labels:(array([1.], dtype=float32), array([124]))
Done.
	Creating sequence for 'blocery'... Training group 8, split 1
	Y Train Labels:(array([1.], dtype=float32), array([308]))
	Y Val Labels:(array([1.], dtype=float32), array([308]))
Training group 8, split 2
	Early stopping at epoch 13
	Y Train Labels:(array([1.], dtype=float32), array([616]))
	Y Val Labels:(array([0., 1.], dtype=float32), array([199, 109]))
Training group 8, split 3
