


--------------------------------------------------
Starting lstm.py at '2024-10-25 17:03:23.114885'.
Reading './balancedDataset.json'... Done.
Total training Data: 1030
DAOs trained so far:311
Size of training set: 410
Size of test set: 309
Preparing data for training...
Preparing data for testing...
Parameters:
	Num epochs: 60
	Initial learning rate: 0.001
	Patience: 12
	Window size: 60
	Timeseries splits: 3
	Minimum number of timeseries datapoints: 64
Gradient boosting params: 
	{"max_depth": 3, "learning_rate": 0.05, "n_estimators": 100, "objective": "binary:logistic", "eval_metric": "logloss"}
	Creating sequence for 'impossible-finance'... Training group 0, split 1
	Early stopping at epoch 13
	Y Train Labels:(array([1.], dtype=float32), array([229]))
	Y Val Labels:(array([1.], dtype=float32), array([227]))
Training group 0, split 2
	Early stopping at epoch 13
	Y Train Labels:(array([1.], dtype=float32), array([456]))
	Y Val Labels:(array([1.], dtype=float32), array([227]))
Training group 0, split 3
	Early stopping at epoch 13
	Y Train Labels:(array([1.], dtype=float32), array([683]))
	Y Val Labels:(array([1.], dtype=float32), array([227]))
Done.
	Creating sequence for 'robonomics-network'... Training group 1, split 1
	Early stopping at epoch 13
	Y Train Labels:(array([1.], dtype=float32), array([343]))
	Y Val Labels:(array([1.], dtype=float32), array([343]))
Training group 1, split 2
	Early stopping at epoch 13
	Y Train Labels:(array([1.], dtype=float32), array([686]))
	Y Val Labels:(array([1.], dtype=float32), array([343]))
Training group 1, split 3
	Early stopping at epoch 13
	Y Train Labels:(array([1.], dtype=float32), array([1029]))
	Y Val Labels:(array([1.], dtype=float32), array([343]))
Done.
	Creating sequence for 'archloot'... Training group 2, split 1
	Early stopping at epoch 13
	Y Train Labels:(array([0., 1.], dtype=float32), array([ 38, 115]))
	Y Val Labels:(array([0.], dtype=float32), array([153]))
Training group 2, split 2
	Early stopping at epoch 13
	Y Train Labels:(array([0., 1.], dtype=float32), array([191, 115]))
	Y Val Labels:(array([0.], dtype=float32), array([153]))
Training group 2, split 3
	Early stopping at epoch 13
	Y Train Labels:(array([0., 1.], dtype=float32), array([344, 115]))
	Y Val Labels:(array([0.], dtype=float32), array([153]))
Done.
	Creating sequence for 'arcona'... Training group 3, split 1
	Early stopping at epoch 13
	Y Train Labels:(array([1.], dtype=float32), array([365]))
	Y Val Labels:(array([0., 1.], dtype=float32), array([196, 166]))
Training group 3, split 2
	Early stopping at epoch 13
	Y Train Labels:(array([0., 1.], dtype=float32), array([196, 531]))
	Y Val Labels:(array([0.], dtype=float32), array([362]))
Training group 3, split 3
	Early stopping at epoch 13
	Y Train Labels:(array([0., 1.], dtype=float32), array([558, 531]))
	Y Val Labels:(array([0.], dtype=float32), array([362]))
Done.
	Creating sequence for 'billionhappiness'... Training group 4, split 1
	Early stopping at epoch 13
	Y Train Labels:(array([1.], dtype=float32), array([344]))
	Y Val Labels:(array([0., 1.], dtype=float32), array([192, 152]))
Training group 4, split 2
