


--------------------------------------------------
Starting lstm.py at '2024-10-16 13:05:36.455766'.
Reading './isDaoActiveData(4).json'... Done.
Total training Data: 379
DAOs trained so far:44
Size of training set: 221
Size of test set: 114
Preparing data for training...
Preparing data for testing...
Parameters:
	Num epochs: 60
	Initial learning rate: 0.001
	Patience: 12
	Window size: 60
	Timeseries splits: 3
	Minimum number of timeseries datapoints: 64
Gradient boosting params: 
	{"max_depth": 3, "learning_rate": 0.05, "n_estimators": 100, "objective": "binary:logistic", "eval_metric": "logloss"}
	Creating sequence for 'aergo'... Training group 0, split 1
	Y Train Labels:(array([1.], dtype=float32), array([480]))
	Y Val Labels:(array([1.], dtype=float32), array([477]))
Training group 0, split 2
	Y Train Labels:(array([1.], dtype=float32), array([957]))
	Y Val Labels:(array([1.], dtype=float32), array([477]))
Training group 0, split 3
	Y Train Labels:(array([1.], dtype=float32), array([1434]))
	Y Val Labels:(array([1.], dtype=float32), array([477]))
Done.
	Creating sequence for 'artrade'... Training group 1, split 1
	Y Train Labels:(array([1.], dtype=float32), array([210]))
	Y Val Labels:(array([1.], dtype=float32), array([209]))
Training group 1, split 2
	Y Train Labels:(array([1.], dtype=float32), array([419]))
	Y Val Labels:(array([1.], dtype=float32), array([209]))
Training group 1, split 3
	Early stopping at epoch 13
	Y Train Labels:(array([1.], dtype=float32), array([628]))
	Y Val Labels:(array([0., 1.], dtype=float32), array([133,  76]))
Done.
	Creating sequence for 'access-protocol'... 00
Done.
	Creating sequence for 'aurusx'... Training group 3, split 1
	Y Train Labels:(array([1.], dtype=float32), array([347]))
	Y Val Labels:(array([1.], dtype=float32), array([347]))
Training group 3, split 2
	Early stopping at epoch 13
	Y Train Labels:(array([1.], dtype=float32), array([694]))
	Y Val Labels:(array([0., 1.], dtype=float32), array([272,  75]))
Training group 3, split 3
	Early stopping at epoch 42
	Y Train Labels:(array([0., 1.], dtype=float32), array([272, 769]))
	Y Val Labels:(array([0.], dtype=float32), array([347]))
Done.
	Creating sequence for 'affyn'... Training group 4, split 1
	Y Train Labels:(array([0.], dtype=float32), array([228]))
	Y Val Labels:(array([0.], dtype=float32), array([227]))
Training group 4, split 2
	Y Train Labels:(array([0.], dtype=float32), array([455]))
	Y Val Labels:(array([0.], dtype=float32), array([227]))
Training group 4, split 3
	Y Train Labels:(array([0.], dtype=float32), array([682]))
	Y Val Labels:(array([0.], dtype=float32), array([227]))
Done.
	Creating sequence for 'adapad'... Training group 5, split 1
	Early stopping at epoch 13
	Y Train Labels:(array([0., 1.], dtype=float32), array([141,  92]))
	Y Val Labels:(array([0.], dtype=float32), array([233]))
Training group 5, split 2
	Early stopping at epoch 13
	Y Train Labels:(array([0., 1.], dtype=float32), array([374,  92]))
	Y Val Labels:(array([0.], dtype=float32), array([233]))
Training group 5, split 3
	Early stopping at epoch 22
	Y Train Labels:(array([0., 1.], dtype=float32), array([607,  92]))
	Y Val Labels:(array([0.], dtype=float32), array([233]))
Done.
	Creating sequence for 'crypto-asset-governance-alliance'... Training group 6, split 1
	Early stopping at epoch 13
	Y Train Labels:(array([0., 1.], dtype=float32), array([13, 52]))
	Y Val Labels:(array([0.], dtype=float32), array([64]))
Training group 6, split 2
	Early stopping at epoch 37
	Y Train Labels:(array([0., 1.], dtype=float32), array([77, 52]))
	Y Val Labels:(array([0.], dtype=float32), array([64]))
Training group 6, split 3
	Early stopping at epoch 32
	Y Train Labels:(array([0., 1.], dtype=float32), array([141,  52]))
	Y Val Labels:(array([0.], dtype=float32), array([64]))
Done.
	Creating sequence for 'compound-basic-attention-token'... Training group 7, split 1
	Y Train Labels:(array([1.], dtype=float32), array([263]))
	Y Val Labels:(array([1.], dtype=float32), array([261]))
Training group 7, split 2
	Early stopping at epoch 13
	Y Train Labels:(array([1.], dtype=float32), array([524]))
	Y Val Labels:(array([0., 1.], dtype=float32), array([211,  50]))
Training group 7, split 3
	Early stopping at epoch 47
	Y Train Labels:(array([0., 1.], dtype=float32), array([211, 574]))
	Y Val Labels:(array([0.], dtype=float32), array([261]))
Done.
	Creating sequence for 'aave-usdt'... Skipped.
	Creating sequence for 'apy-finance'... Training group 8, split 1
	Early stopping at epoch 13
	Y Train Labels:(array([1.], dtype=float32), array([301]))
	Y Val Labels:(array([0., 1.], dtype=float32), array([150, 151]))
Training group 8, split 2
	Early stopping at epoch 57
	Y Train Labels:(array([0., 1.], dtype=float32), array([150, 452]))
	Y Val Labels:(array([0.], dtype=float32), array([301]))
Training group 8, split 3
