


--------------------------------------------------
Starting lstm.py at '2024-10-26 23:37:56.459997'.
Reading '../classifiedDAOs.json'... Done.
Total training Data: 1578
DAOs trained so far:617
Size of training set: 487
Size of test set: 474
Preparing data for training...
Preparing data for testing...
Parameters:
	Num epochs: 60
	Initial learning rate: 0.001
	Patience: 12
	Window size: 60
	Timeseries splits: 3
	Minimum number of timeseries datapoints: 64
Gradient boosting params: 
	{"max_depth": 3, "learning_rate": 0.05, "n_estimators": 100, "objective": "binary:logistic", "eval_metric": "logloss"}
	Creating sequence for 'nsure-network'... Training group 0, split 1
	Early stopping at epoch 13
	Y Train Labels:(array([0., 1.], dtype=float32), array([ 19, 306]))
	Y Val Labels:(array([0.], dtype=float32), array([324]))
Training group 0, split 2
	Early stopping at epoch 13
	Y Train Labels:(array([0., 1.], dtype=float32), array([343, 306]))
	Y Val Labels:(array([0.], dtype=float32), array([324]))
Training group 0, split 3
	Early stopping at epoch 13
	Y Train Labels:(array([0., 1.], dtype=float32), array([667, 306]))
	Y Val Labels:(array([0.], dtype=float32), array([324]))
Done.
	Creating sequence for 'vvs-finance'... Training group 1, split 1
	Early stopping at epoch 13
	Y Train Labels:(array([1.], dtype=float32), array([234]))
	Y Val Labels:(array([1.], dtype=float32), array([232]))
Training group 1, split 2
	Early stopping at epoch 13
	Y Train Labels:(array([1.], dtype=float32), array([466]))
	Y Val Labels:(array([1.], dtype=float32), array([232]))
Training group 1, split 3
	Early stopping at epoch 13
	Y Train Labels:(array([1.], dtype=float32), array([698]))
	Y Val Labels:(array([1.], dtype=float32), array([232]))
Done.
	Creating sequence for 'maple'... Training group 2, split 1
	Early stopping at epoch 13
	Y Train Labels:(array([1.], dtype=float32), array([236]))
	Y Val Labels:(array([1.], dtype=float32), array([236]))
Training group 2, split 2
	Early stopping at epoch 13
	Y Train Labels:(array([1.], dtype=float32), array([472]))
	Y Val Labels:(array([1.], dtype=float32), array([236]))
Training group 2, split 3
	Early stopping at epoch 13
	Y Train Labels:(array([1.], dtype=float32), array([708]))
	Y Val Labels:(array([1.], dtype=float32), array([236]))
Done.
	Creating sequence for 'gifto'... Training group 3, split 1
	Early stopping at epoch 13
	Y Train Labels:(array([1.], dtype=float32), array([442]))
	Y Val Labels:(array([1.], dtype=float32), array([439]))
Training group 3, split 2
	Early stopping at epoch 13
	Y Train Labels:(array([1.], dtype=float32), array([881]))
	Y Val Labels:(array([1.], dtype=float32), array([439]))
Training group 3, split 3
