


--------------------------------------------------
Starting lstm.py at '2024-10-25 18:03:38.995586'.
Reading './balancedDataset.json'... Done.
Total training Data: 1030
DAOs trained so far:705
Size of training set: 16
Size of test set: 309
Preparing data for training...
Preparing data for testing...
Parameters:
	Num epochs: 60
	Initial learning rate: 0.001
	Patience: 12
	Window size: 60
	Timeseries splits: 3
	Minimum number of timeseries datapoints: 64
Gradient boosting params: 
	{"max_depth": 3, "learning_rate": 0.05, "n_estimators": 100, "objective": "binary:logistic", "eval_metric": "logloss"}
	Creating sequence for 'mysterium'... Training group 0, split 1
	Early stopping at epoch 13
	Y Train Labels:(array([1.], dtype=float32), array([583]))
	Y Val Labels:(array([1.], dtype=float32), array([583]))
Training group 0, split 2
	Early stopping at epoch 13
	Y Train Labels:(array([1.], dtype=float32), array([1166]))
	Y Val Labels:(array([1.], dtype=float32), array([583]))
Training group 0, split 3
	Early stopping at epoch 13
	Y Train Labels:(array([1.], dtype=float32), array([1749]))
	Y Val Labels:(array([1.], dtype=float32), array([583]))
Done.
	Creating sequence for 'sora'... Training group 1, split 1
	Early stopping at epoch 13
	Y Train Labels:(array([1.], dtype=float32), array([351]))
	Y Val Labels:(array([1.], dtype=float32), array([348]))
Training group 1, split 2
	Early stopping at epoch 13
	Y Train Labels:(array([1.], dtype=float32), array([699]))
	Y Val Labels:(array([1.], dtype=float32), array([348]))
Training group 1, split 3
	Early stopping at epoch 13
	Y Train Labels:(array([1.], dtype=float32), array([1047]))
	Y Val Labels:(array([1.], dtype=float32), array([348]))
Done.
	Creating sequence for 'nucypher'... Training group 2, split 1
	Early stopping at epoch 13
	Y Train Labels:(array([1.], dtype=float32), array([330]))
	Y Val Labels:(array([1.], dtype=float32), array([329]))
Training group 2, split 2
	Early stopping at epoch 13
	Y Train Labels:(array([1.], dtype=float32), array([659]))
	Y Val Labels:(array([1.], dtype=float32), array([329]))
Training group 2, split 3
	Early stopping at epoch 13
	Y Train Labels:(array([1.], dtype=float32), array([988]))
	Y Val Labels:(array([1.], dtype=float32), array([329]))
Done.
	Creating sequence for 'delysium'... 00
Done.
	Creating sequence for 'acquire-fi'... Training group 4, split 1
	Early stopping at epoch 13
	Y Train Labels:(array([0.], dtype=float32), array([169]))
	Y Val Labels:(array([0.], dtype=float32), array([166]))
Training group 4, split 2
	Early stopping at epoch 13
	Y Train Labels:(array([0.], dtype=float32), array([335]))
	Y Val Labels:(array([0.], dtype=float32), array([166]))
Training group 4, split 3
	Early stopping at epoch 13
	Y Train Labels:(array([0.], dtype=float32), array([501]))
	Y Val Labels:(array([0.], dtype=float32), array([166]))
Done.
	Creating sequence for 'immutable-x'... Training group 5, split 1
	Early stopping at epoch 13
	Y Train Labels:(array([1.], dtype=float32), array([240]))
	Y Val Labels:(array([1.], dtype=float32), array([238]))
Training group 5, split 2
	Early stopping at epoch 13
	Y Train Labels:(array([1.], dtype=float32), array([478]))
	Y Val Labels:(array([1.], dtype=float32), array([238]))
Training group 5, split 3
