


--------------------------------------------------
Starting lstm.py at '2024-10-11 18:49:07.624456'.
Reading './isDaoActiveData(4).json'... Done.
Total training Data: 379
Size of training set: 265
Size of test set: 114
Preparing data for training...
<torch.utils.data.dataloader.DataLoader object at 0x11d3db470>
Preparing data for testing...
Trained so far:90
Parameters:
	Num epochs: 60
	Initial learning rate: 0.001
	Patience: 12
	Window size: 60
	Timeseries splits: 3
	Minimum number of timeseries datapoints: 64
Gradient boosting params: 
	{"max_depth": 3, "learning_rate": 0.05, "n_estimators": 100, "objective": "binary:logistic", "eval_metric": "logloss"}
	Creating sequence for 'bottos'... Done.
Training group 0, split 1
	Early stopping at epoch 13
	Y Train Labels:(array([1.], dtype=float32), array([598]))
	Y Val Labels:(array([0., 1.], dtype=float32), array([381, 215]))
Training group 0, split 2
	Early stopping at epoch 13
	Y Train Labels:(array([0., 1.], dtype=float32), array([381, 813]))
	Y Val Labels:(array([0.], dtype=float32), array([596]))
Training group 0, split 3
	Early stopping at epoch 13
	Y Train Labels:(array([0., 1.], dtype=float32), array([977, 813]))
	Y Val Labels:(array([0.], dtype=float32), array([596]))
	Creating sequence for 'augur'... Done.
Training group 1, split 1
	Early stopping at epoch 13
	Y Train Labels:(array([1.], dtype=float32), array([774]))
	Y Val Labels:(array([1.], dtype=float32), array([774]))
Training group 1, split 2
	Early stopping at epoch 13
	Y Train Labels:(array([1.], dtype=float32), array([1548]))
	Y Val Labels:(array([0., 1.], dtype=float32), array([199, 575]))
Training group 1, split 3
	Early stopping at epoch 13
	Y Train Labels:(array([0., 1.], dtype=float32), array([ 199, 2123]))
	Y Val Labels:(array([0.], dtype=float32), array([774]))
	Creating sequence for 'bondly'... Done.
Training group 2, split 1
	Early stopping at epoch 13
	Y Train Labels:(array([1.], dtype=float32), array([324]))
	Y Val Labels:(array([0., 1.], dtype=float32), array([ 45, 277]))
Training group 2, split 2
	Early stopping at epoch 13
	Y Train Labels:(array([0., 1.], dtype=float32), array([ 45, 601]))
	Y Val Labels:(array([0.], dtype=float32), array([322]))
Training group 2, split 3
	Early stopping at epoch 13
	Y Train Labels:(array([0., 1.], dtype=float32), array([367, 601]))
	Y Val Labels:(array([0.], dtype=float32), array([322]))
	Creating sequence for 'akash-network'... Done.
Training group 3, split 1
	Early stopping at epoch 13
	Y Train Labels:(array([1.], dtype=float32), array([320]))
	Y Val Labels:(array([1.], dtype=float32), array([319]))
Training group 3, split 2
	Early stopping at epoch 13
	Y Train Labels:(array([1.], dtype=float32), array([639]))
	Y Val Labels:(array([1.], dtype=float32), array([319]))
Training group 3, split 3
	Early stopping at epoch 13
	Y Train Labels:(array([1.], dtype=float32), array([958]))
	Y Val Labels:(array([0., 1.], dtype=float32), array([130, 189]))
	Creating sequence for 'basis-cash'... Done.
Training group 4, split 1
	Early stopping at epoch 13
	Y Train Labels:(array([1.], dtype=float32), array([336]))
	Y Val Labels:(array([0., 1.], dtype=float32), array([205, 128]))
Training group 4, split 2
	Early stopping at epoch 13
	Y Train Labels:(array([0., 1.], dtype=float32), array([205, 464]))
	Y Val Labels:(array([0.], dtype=float32), array([333]))
Training group 4, split 3
	Early stopping at epoch 13
	Y Train Labels:(array([0., 1.], dtype=float32), array([538, 464]))
	Y Val Labels:(array([0.], dtype=float32), array([333]))
	Creating sequence for 'adamant-messenger'... Done.
Training group 5, split 1
	Early stopping at epoch 13
	Y Train Labels:(array([1.], dtype=float32), array([497]))
	Y Val Labels:(array([1.], dtype=float32), array([496]))
Training group 5, split 2
	Early stopping at epoch 13
	Y Train Labels:(array([1.], dtype=float32), array([993]))
	Y Val Labels:(array([1.], dtype=float32), array([496]))
Training group 5, split 3
	Early stopping at epoch 13
	Y Train Labels:(array([1.], dtype=float32), array([1489]))
	Y Val Labels:(array([1.], dtype=float32), array([496]))
	Creating sequence for 'bitcoin-atom'... Done.
Training group 6, split 1
	Early stopping at epoch 13
	Y Train Labels:(array([1.], dtype=float32), array([598]))
	Y Val Labels:(array([1.], dtype=float32), array([596]))
Training group 6, split 2
	Early stopping at epoch 13
	Y Train Labels:(array([1.], dtype=float32), array([1194]))
	Y Val Labels:(array([1.], dtype=float32), array([596]))
Training group 6, split 3
	Early stopping at epoch 13
	Y Train Labels:(array([1.], dtype=float32), array([1790]))
	Y Val Labels:(array([0., 1.], dtype=float32), array([ 59, 537]))
	Creating sequence for 'astar'... Done.
Training group 7, split 1
	Early stopping at epoch 13
	Y Train Labels:(array([1.], dtype=float32), array([231]))
	Y Val Labels:(array([1.], dtype=float32), array([230]))
Training group 7, split 2
	Early stopping at epoch 13
	Y Train Labels:(array([1.], dtype=float32), array([461]))
	Y Val Labels:(array([1.], dtype=float32), array([230]))
Training group 7, split 3
	Early stopping at epoch 13
	Y Train Labels:(array([1.], dtype=float32), array([691]))
	Y Val Labels:(array([1.], dtype=float32), array([230]))
	Creating sequence for 'barnbridge'... Done.
Training group 8, split 1
	Early stopping at epoch 13
	Y Train Labels:(array([1.], dtype=float32), array([323]))
	Y Val Labels:(array([0., 1.], dtype=float32), array([149, 172]))
Training group 8, split 2
	Early stopping at epoch 13
	Y Train Labels:(array([0., 1.], dtype=float32), array([149, 495]))
	Y Val Labels:(array([0.], dtype=float32), array([321]))
Training group 8, split 3
	Early stopping at epoch 13
	Y Train Labels:(array([0., 1.], dtype=float32), array([470, 495]))
	Y Val Labels:(array([0.], dtype=float32), array([321]))
	Creating sequence for 'cargox'... Done.
Training group 9, split 1
	Early stopping at epoch 13
	Y Train Labels:(array([1.], dtype=float32), array([568]))
	Y Val Labels:(array([1.], dtype=float32), array([565]))
Training group 9, split 2
	Early stopping at epoch 13
	Y Train Labels:(array([1.], dtype=float32), array([1133]))
	Y Val Labels:(array([1.], dtype=float32), array([565]))
Training group 9, split 3
	Early stopping at epoch 13
	Y Train Labels:(array([1.], dtype=float32), array([1698]))
	Y Val Labels:(array([1.], dtype=float32), array([565]))
	Creating sequence for 'coinpoker'... Done.
Training group 10, split 1
	Early stopping at epoch 13
	Y Train Labels:(array([1.], dtype=float32), array([581]))
	Y Val Labels:(array([1.], dtype=float32), array([580]))
Training group 10, split 2
	Early stopping at epoch 13
	Y Train Labels:(array([1.], dtype=float32), array([1161]))
	Y Val Labels:(array([1.], dtype=float32), array([580]))
Training group 10, split 3
	Early stopping at epoch 13
	Y Train Labels:(array([1.], dtype=float32), array([1741]))
	Y Val Labels:(array([1.], dtype=float32), array([580]))
	Creating sequence for 'ampleforth-governance-token'... Done.
Training group 11, split 1
	Early stopping at epoch 13
	Y Train Labels:(array([1.], dtype=float32), array([298]))
	Y Val Labels:(array([1.], dtype=float32), array([298]))
Training group 11, split 2
	Early stopping at epoch 13
	Y Train Labels:(array([1.], dtype=float32), array([596]))
	Y Val Labels:(array([1.], dtype=float32), array([298]))
Training group 11, split 3
