


--------------------------------------------------
Starting lstm.py at '2024-10-16 13:22:32.993994'.
Reading './isDaoActiveData(4).json'... Done.
Total training Data: 379
DAOs trained so far:82
Size of training set: 183
Size of test set: 114
Preparing data for training...
Preparing data for testing...
Parameters:
	Num epochs: 60
	Initial learning rate: 0.001
	Patience: 12
	Window size: 60
	Timeseries splits: 3
	Minimum number of timeseries datapoints: 64
Gradient boosting params: 
	{"max_depth": 3, "learning_rate": 0.05, "n_estimators": 100, "objective": "binary:logistic", "eval_metric": "logloss"}
	Creating sequence for 'coinsbit-token'... Training group 0, split 1
	Y Train Labels:(array([1.], dtype=float32), array([417]))
	Y Val Labels:(array([1.], dtype=float32), array([415]))
Training group 0, split 2
	Early stopping at epoch 13
	Y Train Labels:(array([1.], dtype=float32), array([832]))
	Y Val Labels:(array([0., 1.], dtype=float32), array([386,  29]))
Training group 0, split 3
	Early stopping at epoch 30
	Y Train Labels:(array([0., 1.], dtype=float32), array([386, 861]))
	Y Val Labels:(array([0.], dtype=float32), array([415]))
Done.
	Creating sequence for 'chronicle'... Training group 1, split 1
	Early stopping at epoch 13
	Y Train Labels:(array([1.], dtype=float32), array([263]))
	Y Val Labels:(array([0., 1.], dtype=float32), array([ 75, 185]))
Training group 1, split 2
	Early stopping at epoch 48
	Y Train Labels:(array([0., 1.], dtype=float32), array([ 75, 448]))
	Y Val Labels:(array([0.], dtype=float32), array([260]))
Training group 1, split 3
	Early stopping at epoch 26
	Y Train Labels:(array([0., 1.], dtype=float32), array([335, 448]))
	Y Val Labels:(array([0.], dtype=float32), array([260]))
Done.
	Creating sequence for 'dacxi'... Training group 2, split 1
	Y Train Labels:(array([1.], dtype=float32), array([91]))
	Y Val Labels:(array([1.], dtype=float32), array([91]))
Training group 2, split 2
	Y Train Labels:(array([1.], dtype=float32), array([182]))
	Y Val Labels:(array([1.], dtype=float32), array([91]))
Training group 2, split 3
	Y Train Labels:(array([1.], dtype=float32), array([273]))
	Y Val Labels:(array([1.], dtype=float32), array([91]))
Done.
	Creating sequence for 'arcs'... Training group 3, split 1
	Early stopping at epoch 13
	Y Train Labels:(array([1.], dtype=float32), array([396]))
	Y Val Labels:(array([0., 1.], dtype=float32), array([210, 184]))
Training group 3, split 2
	Early stopping at epoch 46
	Y Train Labels:(array([0., 1.], dtype=float32), array([210, 580]))
	Y Val Labels:(array([0.], dtype=float32), array([394]))
Training group 3, split 3
	Early stopping at epoch 24
	Y Train Labels:(array([0., 1.], dtype=float32), array([604, 580]))
	Y Val Labels:(array([0.], dtype=float32), array([394]))
Done.
	Creating sequence for 'billionhappiness'... Training group 4, split 1
	Early stopping at epoch 13
	Y Train Labels:(array([1.], dtype=float32), array([344]))
	Y Val Labels:(array([0., 1.], dtype=float32), array([192, 152]))
Training group 4, split 2
	Early stopping at epoch 41
	Y Train Labels:(array([0., 1.], dtype=float32), array([192, 496]))
	Y Val Labels:(array([0.], dtype=float32), array([344]))
Training group 4, split 3
	Early stopping at epoch 30
	Y Train Labels:(array([0., 1.], dtype=float32), array([536, 496]))
	Y Val Labels:(array([0.], dtype=float32), array([344]))
Done.
	Creating sequence for 'burger-swap'... Training group 5, split 1
	Y Train Labels:(array([1.], dtype=float32), array([275]))
	Y Val Labels:(array([1.], dtype=float32), array([275]))
Training group 5, split 2
	Early stopping at epoch 13
	Y Train Labels:(array([1.], dtype=float32), array([550]))
	Y Val Labels:(array([0., 1.], dtype=float32), array([ 78, 197]))
Training group 5, split 3
	Early stopping at epoch 48
	Y Train Labels:(array([0., 1.], dtype=float32), array([ 78, 747]))
	Y Val Labels:(array([0.], dtype=float32), array([275]))
Done.
	Creating sequence for '1inch'... Training group 6, split 1
	Y Train Labels:(array([1.], dtype=float32), array([36]))
	Y Val Labels:(array([1.], dtype=float32), array([33]))
Training group 6, split 2
	Y Train Labels:(array([1.], dtype=float32), array([69]))
	Y Val Labels:(array([1.], dtype=float32), array([33]))
Training group 6, split 3
	Y Train Labels:(array([1.], dtype=float32), array([102]))
	Y Val Labels:(array([1.], dtype=float32), array([33]))
Done.
	Creating sequence for 'binance-usd'... Training group 7, split 1
	Y Train Labels:(array([1.], dtype=float32), array([438]))
	Y Val Labels:(array([1.], dtype=float32), array([435]))
Training group 7, split 2
	Y Train Labels:(array([1.], dtype=float32), array([873]))
	Y Val Labels:(array([1.], dtype=float32), array([435]))
Training group 7, split 3
