


--------------------------------------------------
Starting lstm.py at '2024-10-11 23:03:37.499628'.
Reading './isDaoActiveData(4).json'... Done.
Total training Data: 379
Preparing data for training...
<torch.utils.data.dataloader.DataLoader object at 0x10d6c9820>
Preparing data for testing...
Trained so far:31
Parameters:
	Num epochs: 60
	Initial learning rate: 0.001
	Patience: 12
	Window size: 60
	Timeseries splits: 3
	Minimum number of timeseries datapoints: 64
Gradient boosting params: 
	{"max_depth": 3, "learning_rate": 0.05, "n_estimators": 100, "objective": "binary:logistic", "eval_metric": "logloss"}
	Creating sequence for 'birake'... [[[ 1.16693544e-03  0.00000000e+00  7.00000000e+00]
  [ 1.23803751e-03  0.00000000e+00 -1.10000000e+01]
  [ 1.13987419e-03  0.00000000e+00  2.00000000e+00]
  ...
  [ 7.25008309e-04  0.00000000e+00  4.00000000e+00]
  [ 8.06866548e-04  0.00000000e+00  2.00000000e+00]
  [ 6.56145303e-04  0.00000000e+00  1.00000000e+00]]

 [[ 9.58900582e-04  0.00000000e+00 -1.80000000e+01]
  [ 1.16693544e-03  0.00000000e+00  7.00000000e+00]
  [ 1.23803751e-03  0.00000000e+00 -1.10000000e+01]
  ...
  [ 8.46564497e-04  0.00000000e+00 -4.00000000e+00]
  [ 7.25008309e-04  0.00000000e+00  4.00000000e+00]
  [ 8.06866548e-04  0.00000000e+00  2.00000000e+00]]

 [[ 9.83578079e-04  0.00000000e+00 -2.20000000e+01]
  [ 9.58900582e-04  0.00000000e+00 -1.80000000e+01]
  [ 1.16693544e-03  0.00000000e+00  7.00000000e+00]
  ...
  [ 1.22680381e-03  0.00000000e+00  1.00000000e+00]
  [ 8.46564497e-04  0.00000000e+00 -4.00000000e+00]
  [ 7.25008309e-04  0.00000000e+00  4.00000000e+00]]

 ...

 [[ 1.96197000e-01  0.00000000e+00  1.60000000e+01]
  [ 2.58446000e-01  5.00000000e+00 -5.00000000e+00]
  [ 1.98037741e-01  0.00000000e+00  9.00000000e+00]
  ...
  [ 9.01984000e-02  0.00000000e+00  7.00000000e+00]
  [ 1.07618775e-01  0.00000000e+00  9.00000000e+00]
  [ 1.21227000e-01  0.00000000e+00  5.00000000e+00]]

 [[ 1.75727000e-01  1.00000000e+00  6.00000000e+00]
  [ 1.96197000e-01  0.00000000e+00  1.60000000e+01]
  [ 2.58446000e-01  5.00000000e+00 -5.00000000e+00]
  ...
  [ 8.75877000e-02  0.00000000e+00  5.00000000e+00]
  [ 9.01984000e-02  0.00000000e+00  7.00000000e+00]
  [ 1.07618775e-01  0.00000000e+00  9.00000000e+00]]

 [[ 2.27563000e-01  7.00000000e+00  1.10000000e+01]
  [ 1.75727000e-01  1.00000000e+00  6.00000000e+00]
  [ 1.96197000e-01  0.00000000e+00  1.60000000e+01]
  ...
  [ 8.45433000e-02  0.00000000e+00 -9.00000000e+00]
  [ 8.75877000e-02  0.00000000e+00  5.00000000e+00]
  [ 9.01984000e-02  0.00000000e+00  7.00000000e+00]]][0 0 0 ... 1 1 1]
Done.
Training group 0, split 1
	Early stopping at epoch 24
	Y Train Labels:(array([0.], dtype=float32), array([525]))
	Y Val Labels:(array([0.], dtype=float32), array([522]))
Training group 0, split 2
	Early stopping at epoch 13
	Y Train Labels:(array([0.], dtype=float32), array([1047]))
	Y Val Labels:(array([0., 1.], dtype=float32), array([250, 272]))
Training group 0, split 3
	Early stopping at epoch 13
	Y Train Labels:(array([0., 1.], dtype=float32), array([1297,  272]))
	Y Val Labels:(array([1.], dtype=float32), array([522]))
	Creating sequence for 'cindicator'... [[[ 3.56943985e-04  0.00000000e+00  4.00000000e+00]
  [ 3.45663208e-04  0.00000000e+00 -2.50000000e+01]
  [ 3.59594202e-04  0.00000000e+00 -2.30000000e+01]
  ...
  [ 4.12673043e-04  0.00000000e+00  2.00000000e+00]
  [ 4.12673043e-04  0.00000000e+00  1.30000000e+01]
  [ 4.10160779e-04  0.00000000e+00 -2.00000000e+00]]

 [[ 4.94203986e-04  0.00000000e+00  1.80000000e+01]
  [ 3.56943985e-04  0.00000000e+00  4.00000000e+00]
  [ 3.45663208e-04  0.00000000e+00 -2.50000000e+01]
  ...
  [ 4.12919173e-04  0.00000000e+00 -1.30000000e+01]
  [ 4.12673043e-04  0.00000000e+00  2.00000000e+00]
  [ 4.12673043e-04  0.00000000e+00  1.30000000e+01]]

 [[ 5.40750988e-04  0.00000000e+00 -1.90000000e+01]
  [ 4.94203986e-04  0.00000000e+00  1.80000000e+01]
  [ 3.56943985e-04  0.00000000e+00  4.00000000e+00]
  ...
  [ 4.21199894e-04  0.00000000e+00  1.60000000e+01]
  [ 4.12919173e-04  0.00000000e+00 -1.30000000e+01]
  [ 4.12673043e-04  0.00000000e+00  2.00000000e+00]]

 ...

 [[ 1.67925000e-02  0.00000000e+00  4.10000000e+01]
  [ 1.80151000e-02  0.00000000e+00 -4.30000000e+01]
  [ 2.85418000e-02  0.00000000e+00  4.90000000e+01]
  ...
  [ 1.25670000e-02  0.00000000e+00 -1.30000000e+01]
  [ 1.34842000e-02  0.00000000e+00 -1.20000000e+01]
  [ 1.18315000e-02  0.00000000e+00 -1.30000000e+01]]

 [[ 2.02115000e-02  0.00000000e+00  1.60000000e+01]
  [ 1.67925000e-02  0.00000000e+00  4.10000000e+01]
  [ 1.80151000e-02  0.00000000e+00 -4.30000000e+01]
  ...
  [ 1.48252000e-02  0.00000000e+00 -1.40000000e+01]
  [ 1.25670000e-02  0.00000000e+00 -1.30000000e+01]
  [ 1.34842000e-02  0.00000000e+00 -1.20000000e+01]]

 [[ 1.98493000e-02  0.00000000e+00 -2.10000000e+01]
  [ 2.02115000e-02  0.00000000e+00  1.60000000e+01]
  [ 1.67925000e-02  0.00000000e+00  4.10000000e+01]
  ...
  [ 1.95489000e-02  0.00000000e+00 -1.00000000e+01]
  [ 1.48252000e-02  0.00000000e+00 -1.40000000e+01]
  [ 1.25670000e-02  0.00000000e+00 -1.30000000e+01]]][0 0 0 ... 1 1 1]
Done.
Training group 1, split 1
	Early stopping at epoch 13
	Y Train Labels:(array([0., 1.], dtype=float32), array([ 94, 428]))
	Y Val Labels:(array([1.], dtype=float32), array([521]))
Training group 1, split 2
	Early stopping at epoch 18
	Y Train Labels:(array([0., 1.], dtype=float32), array([ 94, 949]))
	Y Val Labels:(array([1.], dtype=float32), array([521]))
Training group 1, split 3
	Early stopping at epoch 13
	Y Train Labels:(array([0., 1.], dtype=float32), array([  94, 1470]))
	Y Val Labels:(array([1.], dtype=float32), array([521]))
	Creating sequence for 'aeternity'... [[[ 2.63437424e-02  6.50000000e+01 -8.30000000e+01]
  [ 2.66916322e-02  2.70000000e+01  9.90000000e+01]
  [ 2.64324802e-02  3.20000000e+01  8.10000000e+01]
  ...
  [ 2.59570975e-02  4.00000000e+00  1.30000000e+01]
  [ 2.57840771e-02  1.30000000e+01  3.03000000e+02]
  [ 2.59343070e-02  2.00000000e+01  8.57000000e+02]]

 [[ 2.72938025e-02  4.80000000e+01  9.50000000e+01]
  [ 2.63437424e-02  6.50000000e+01 -8.30000000e+01]
  [ 2.66916322e-02  2.70000000e+01  9.90000000e+01]
  ...
  [ 2.61810574e-02  7.00000000e+00  7.83000000e+02]
  [ 2.59570975e-02  4.00000000e+00  1.30000000e+01]
  [ 2.57840771e-02  1.30000000e+01  3.03000000e+02]]

 [[ 2.77953243e-02  2.40000000e+01 -5.90000000e+01]
  [ 2.72938025e-02  4.80000000e+01  9.50000000e+01]
  [ 2.63437424e-02  6.50000000e+01 -8.30000000e+01]
  ...
  [ 2.55890662e-02  2.00000000e+01 -1.49900000e+03]
  [ 2.61810574e-02  7.00000000e+00  7.83000000e+02]
  [ 2.59570975e-02  4.00000000e+00  1.30000000e+01]]

 ...

 [[ 3.80919000e+00  1.63000000e+02  6.30000000e+01]
  [ 3.84928000e+00  1.00000000e+00  8.00000000e+00]
  [ 4.00440000e+00  3.00000000e+00  7.00000000e+00]
  ...
  [ 1.99829000e+00  1.00000000e+00  2.10000000e+01]
  [ 2.03946000e+00  2.00000000e+00  2.70000000e+01]
  [ 2.01081842e+00  6.70000000e+01  1.20000000e+01]]

 [[ 3.95115000e+00  1.83000000e+02  3.40000000e+02]
  [ 3.80919000e+00  1.63000000e+02  6.30000000e+01]
  [ 3.84928000e+00  1.00000000e+00  8.00000000e+00]
  ...
  [ 1.95872000e+00  1.48000000e+02  3.90000000e+01]
  [ 1.99829000e+00  1.00000000e+00  2.10000000e+01]
  [ 2.03946000e+00  2.00000000e+00  2.70000000e+01]]

 [[ 4.42326000e+00  1.36000000e+02  2.04000000e+02]
  [ 3.95115000e+00  1.83000000e+02  3.40000000e+02]
  [ 3.80919000e+00  1.63000000e+02  6.30000000e+01]
  ...
  [ 1.88683000e+00  8.60000000e+01  1.30000000e+01]
  [ 1.95872000e+00  1.48000000e+02  3.90000000e+01]
  [ 1.99829000e+00  1.00000000e+00  2.10000000e+01]]][1 1 1 ... 1 1 1]
Done.
Training group 2, split 1
	Early stopping at epoch 13
	Y Train Labels:(array([1.], dtype=float32), array([556]))
	Y Val Labels:(array([1.], dtype=float32), array([553]))
Training group 2, split 2
	Early stopping at epoch 22
	Y Train Labels:(array([1.], dtype=float32), array([1109]))
	Y Val Labels:(array([1.], dtype=float32), array([553]))
Training group 2, split 3
	Early stopping at epoch 25
	Y Train Labels:(array([1.], dtype=float32), array([1662]))
	Y Val Labels:(array([1.], dtype=float32), array([553]))
	Creating sequence for 'celo-dollar'... [[[  0.9959684   18.           9.        ]
  [  0.99868561   5.         -16.        ]
  [  0.99613387 120.         -18.        ]
  ...
  [  1.00063507   5.           8.        ]
  [  0.99958589 242.          -2.        ]
  [  0.99902497 354.           6.        ]]

 [[  0.99503065 104.           9.        ]
  [  0.9959684   18.           9.        ]
  [  0.99868561   5.         -16.        ]
  ...
  [  0.99902086  20.           9.        ]
  [  1.00063507   5.           8.        ]
  [  0.99958589 242.          -2.        ]]

 [[  0.99572579 113.          -7.        ]
  [  0.99503065 104.           9.        ]
  [  0.9959684   18.           9.        ]
  ...
  [  0.99852366 167.           4.        ]
  [  0.99902086  20.           9.        ]
  [  1.00063507   5.           8.        ]]

 ...

 [[  0.99519256  84.         350.        ]
  [  0.99487605  56.         367.        ]
  [  0.99591458  41.         318.        ]
  ...
  [  0.99785927  95.         909.        ]
  [  0.99215657  80.         681.        ]
  [  0.99601336  98.         498.        ]]

 [[  0.9986672   33.         428.        ]
  [  0.99519256  84.         350.        ]
  [  0.99487605  56.         367.        ]
  ...
  [  1.00284887 104.         831.        ]
  [  0.99785927  95.         909.        ]
  [  0.99215657  80.         681.        ]]

 [[  0.99974983  12.         294.        ]
  [  0.9986672   33.         428.        ]
  [  0.99519256  84.         350.        ]
  ...
  [  1.00187056  23.         884.        ]
  [  1.00284887 104.         831.        ]
  [  0.99785927  95.         909.        ]]][1 1 1 1 1 1 1 1 1 1 1 1 1 1 1 1 1 1 1 1 1 1 1 1 1 1 1 1 1 1 1 1 1 1 1 1 1
 1 1 1 1 1 1 1 1 1 1 1 1 1 1 1 1 1 1 1 1 1 1 1 1 1 1 1 1 1 1 1 1 1 1 1 1 1
 1 1 1 1 1 1 1 1 1 1 1 1 1 1 1 1 1 1 1 1 1 1 1 1 1 1 1 1 1 1 1 1 1 1 1 1 1
 1 1 1 1 1 1 1 1 1 1 1 1 1 1 1 1 1 1 1 1 1 1 1 1 1 1 1 1 1 1 1 1 1 1 1 1 1
 1 1 1 1 1 1 1 1 1 1 1 1 1 1 1 1 1 1 1 1 1 1 1 1 1 1 1 1 1 1 1 1 1 1 1 1 1
 1 1 1 1 1 1 1 1 1 1 1 1 1 1 1 1 1 1 1 1 1 1 1 1 1 1 1 1 1 1 1 1 1 1 1 1 1
 1 1 1 1 1 1 1 1 1 1 1 1 1 1 1 1 1 1 1 1 1 1 1 1 1 1 1 1 1 1 1 1 1 1 1 1 1
 1 1 1 1 1 1 1 1 1 1 1 1 1 1 1 1 1 1 1 1 1 1 1 1 1 1 1 1 1 1 1 1 1 1 1 1 1
 1 1 1 1 1 1 1 1 1 1 1 1 1 1 1 1 1 1 1 1 1 1 1 1 1 1 1 1 1 1 1 1 1 1 1 1 1
 1 1 1 1 1 1 1 1 1 1 1 1 1 1 1 1 1 1 1 1 1 1 1 1 1 1 1 1 1 1 1 1 1 1 1 1 1
 1 1 1 1 1 1 1 1 1 1 1 1 1 1 1 1 1 1 1 1 1 1 1 1 1 1 1 1 1 1 1 1 1 1 1 1 1
 1 1 1 1 1 1 1 1 1 1 1 1 1 1 1 1 1 1 1 1 1 1 1 1 1 1 1 1 1 1 1 1 1 1 1 1 1
 1 1 1 1 1 1 1 1 1 1 1 1 1 1 1 1 1 1 1 1 1 1 1 1 1 1 1 1 1 1 1 1 1 1 1 1 1
 1 1 1 1 1 1 1 1 1 1 1 1 1 1 1 1 1 1 1 1 1 1 1 1 1 1 1 1 1 1 1 1 1 1 1 1 1
 1 1 1 1 1 1 1 1 1 1 1 1 1 1 1 1 1 1 1 1 1 1 1 1 1 1 1 1 1 1 1 1 1 1 1 1 1
 1 1 1 1 1 1 1 1 1 1 1 1 1 1 1 1 1 1 1 1 1 1 1 1 1 1 1 1 1 1 1 1 1 1 1 1 1
 1 1 1 1 1 1 1 1 1 1 1 1 1 1 1 1 1 1 1 1 1 1 1 1 1 1 1 1 1 1 1 1 1 1 1 1 1
 1 1 1 1 1 1 1 1 1 1 1 1 1 1 1 1 1 1 1 1 1 1 1 1 1 1 1 1 1 1 1 1 1 1 1 1 1
 1 1 1 1 1 1 1 1 1 1 1 1 1 1 1 1 1 1 1 1 1 1 1 1 1 1 1 1 1 1 1 1 1 1 1 1 1
 1 1 1 1 1 1 1 1 1 1 1 1 1 1 1 1 1 1 1 1 1 1 1 1 1 1 1 1 1 1 1 1 1 1 1 1 1
 1 1 1 1 1 1 1 1 1 1 1 1 1 1 1 1 1 1 1 1 1 1 1 1 1 1 1 1 1 1 1 1 1 1 1 1 1
 1 1 1 1 1 1 1 1 1 1 1 1 1 1 1 1 1 1 1 1 1 1 1 1 1 1 1 1 1 1 1 1 1 1 1 1 1
 1 1 1 1 1 1 1 1 1 1 1 1 1 1 1 1 1 1 1 1 1 1 1 1 1 1 1 1 1 1 1 1 1 1 1 1 1
 1 1 1 1 1 1 1 1 1 1 1 1 1 1 1 1 1 1 1 1 1 1 1 1 1 1 1 1 1 1 1 1 1 1 1 1 1
 1 1 1 1 1 1 1 1 1 1 1 1 1 1 1 1 1 1 1 1 1 1 1 1 1 1 1 1 1 1 1 1 1 1 1 1 1
 1 1 1 1 1 1 1 1 1 1 1 1 1 1 1 1 1 1 1 1 1 1 1 1 1 1 1 1 1 1 1 1 1 1 1 1 1]
Done.
Training group 3, split 1
	Y Train Labels:(array([1.], dtype=float32), array([242]))
	Y Val Labels:(array([1.], dtype=float32), array([240]))
Training group 3, split 2
	Y Train Labels:(array([1.], dtype=float32), array([482]))
	Y Val Labels:(array([1.], dtype=float32), array([240]))
Training group 3, split 3
	Early stopping at epoch 38
	Y Train Labels:(array([1.], dtype=float32), array([722]))
	Y Val Labels:(array([1.], dtype=float32), array([240]))
	Creating sequence for 'achain'... [[[ 4.00840839e-04  1.00000000e+00  4.00000000e+00]
  [ 3.16049722e-04  0.00000000e+00 -1.50000000e+01]
  [ 3.97169227e-04  0.00000000e+00 -5.80000000e+01]
  ...
  [ 9.58230149e-04  0.00000000e+00  2.10000000e+01]
  [ 9.58298089e-04  0.00000000e+00 -3.00000000e+00]
  [ 9.57528317e-04  0.00000000e+00 -4.00000000e+00]]

 [[ 4.97995892e-04  0.00000000e+00  3.60000000e+01]
  [ 4.00840839e-04  1.00000000e+00  4.00000000e+00]
  [ 3.16049722e-04  0.00000000e+00 -1.50000000e+01]
  ...
  [ 9.58230149e-04  0.00000000e+00 -2.70000000e+01]
  [ 9.58230149e-04  0.00000000e+00  2.10000000e+01]
  [ 9.58298089e-04  0.00000000e+00 -3.00000000e+00]]

 [[ 1.19464251e-03  0.00000000e+00 -5.00000000e+00]
  [ 4.97995892e-04  0.00000000e+00  3.60000000e+01]
  [ 4.00840839e-04  1.00000000e+00  4.00000000e+00]
  ...
  [ 9.56766748e-04  1.00000000e+00  2.00000000e+00]
  [ 9.58230149e-04  0.00000000e+00 -2.70000000e+01]
  [ 9.58230149e-04  0.00000000e+00  2.10000000e+01]]

 ...

 [[ 3.96561000e-01  8.00000000e+00  1.12000000e+02]
  [ 3.63202000e-01  3.00000000e+00  4.60000000e+01]
  [ 2.55555000e-01  1.10000000e+01  7.16200000e+03]
  ...
  [ 2.14352000e-01  3.00000000e+00  6.10000000e+01]
  [ 2.13138000e-01  0.00000000e+00  0.00000000e+00]
  [ 2.29507000e-01  0.00000000e+00 -3.00000000e+00]]

 [[ 3.88253000e-01  1.00000000e+00  1.59700000e+03]
  [ 3.96561000e-01  8.00000000e+00  1.12000000e+02]
  [ 3.63202000e-01  3.00000000e+00  4.60000000e+01]
  ...
  [ 2.00638000e-01  0.00000000e+00  3.00000000e+01]
  [ 2.14352000e-01  3.00000000e+00  6.10000000e+01]
  [ 2.13138000e-01  0.00000000e+00  0.00000000e+00]]

 [[ 3.55418000e-01  2.00000000e+00  5.36900000e+03]
  [ 3.88253000e-01  1.00000000e+00  1.59700000e+03]
  [ 3.96561000e-01  8.00000000e+00  1.12000000e+02]
  ...
  [ 2.30211000e-01  0.00000000e+00  4.00000000e+00]
  [ 2.00638000e-01  0.00000000e+00  3.00000000e+01]
  [ 2.14352000e-01  3.00000000e+00  6.10000000e+01]]][0 0 0 ... 1 1 1]
Done.
Training group 4, split 1
	Early stopping at epoch 38
	Y Train Labels:(array([0.], dtype=float32), array([563]))
	Y Val Labels:(array([0.], dtype=float32), array([563]))
Training group 4, split 2
	Early stopping at epoch 13
	Y Train Labels:(array([0.], dtype=float32), array([1126]))
	Y Val Labels:(array([0., 1.], dtype=float32), array([369, 194]))
Training group 4, split 3
	Early stopping at epoch 13
	Y Train Labels:(array([0., 1.], dtype=float32), array([1495,  194]))
	Y Val Labels:(array([1.], dtype=float32), array([563]))
	Creating sequence for 'cult-dao'... [[[ 2.1747540e-06  0.0000000e+00  8.6000000e+01]
  [ 2.1725480e-06  0.0000000e+00 -1.6400000e+02]
  [ 2.1506420e-06  0.0000000e+00  2.4000000e+01]
  ...
  [ 1.8214330e-06  0.0000000e+00 -6.0000000e+00]
  [ 1.9106400e-06  0.0000000e+00  4.3000000e+01]
  [ 2.0243210e-06  0.0000000e+00  1.3000000e+01]]

 [[ 2.0050530e-06  0.0000000e+00 -1.5000000e+01]
  [ 2.1747540e-06  0.0000000e+00  8.6000000e+01]
  [ 2.1725480e-06  0.0000000e+00 -1.6400000e+02]
  ...
  [ 1.7813900e-06  0.0000000e+00  0.0000000e+00]
  [ 1.8214330e-06  0.0000000e+00 -6.0000000e+00]
  [ 1.9106400e-06  0.0000000e+00  4.3000000e+01]]

 [[ 2.1250610e-06  0.0000000e+00 -1.0000000e+02]
  [ 2.0050530e-06  0.0000000e+00 -1.5000000e+01]
  [ 2.1747540e-06  0.0000000e+00  8.6000000e+01]
  ...
  [ 1.7439060e-06  0.0000000e+00 -1.0000000e+01]
  [ 1.7813900e-06  0.0000000e+00  0.0000000e+00]
  [ 1.8214330e-06  0.0000000e+00 -6.0000000e+00]]

 ...

 [[ 8.3967630e-06  0.0000000e+00 -1.6000000e+01]
  [ 9.2332730e-06  0.0000000e+00 -4.4000000e+01]
  [ 1.0423021e-05  0.0000000e+00  1.3000000e+01]
  ...
  [ 1.1391141e-05  0.0000000e+00  6.3000000e+01]
  [ 1.0135015e-05  0.0000000e+00  1.0400000e+02]
  [ 1.0174390e-05  0.0000000e+00  1.4000000e+01]]

 [[ 8.3282520e-06  0.0000000e+00 -3.6000000e+01]
  [ 8.3967630e-06  0.0000000e+00 -1.6000000e+01]
  [ 9.2332730e-06  0.0000000e+00 -4.4000000e+01]
  ...
  [ 1.1025025e-05  0.0000000e+00  1.0400000e+02]
  [ 1.1391141e-05  0.0000000e+00  6.3000000e+01]
  [ 1.0135015e-05  0.0000000e+00  1.0400000e+02]]

 [[ 8.5430870e-06  0.0000000e+00 -2.0000000e+01]
  [ 8.3282520e-06  0.0000000e+00 -3.6000000e+01]
  [ 8.3967630e-06  0.0000000e+00 -1.6000000e+01]
  ...
  [ 1.1985566e-05  0.0000000e+00  1.6600000e+02]
  [ 1.1025025e-05  0.0000000e+00  1.0400000e+02]
  [ 1.1391141e-05  0.0000000e+00  6.3000000e+01]]][0 0 0 0 0 0 0 0 0 0 0 0 0 0 0 0 0 0 0 0 0 0 0 0 0 0 0 0 0 0 1 1 1 1 1 1 1
 1 1 1 1 1 1 1 1 1 1 1 1 1 1 1 1 1 1 1 1 1 1 1 1 1 1 1 1 1 1 1 1 1 1 1 1 1
 1 1 1 1 1 1 1 1 1 1 1 1 1 1 1 1 1 1 1 1 1 1 1 1 1 1 1 1 1 1 1 1 1 1 1 1 1
 1 1 1 1 1 1 1 1 1 1 1 1 1 1 1 1 1 1 1 1 1 1 1 1 1 1 1 1 1 1 1 1 1 1 1 1 1
 1 1 1 1 1 1 1 1 1 1 1 1 1 1 1 1 1 1 1 1 1 1 1 1 1 1 1 1 1 1 1 1 1 1 1 1 1
 1 1 1 1 1 1 1 1 1 1 1 1 1 1 1 1 1 1 1 1 1 1 1 1 1 1 1 1 1 1 1 1 1 1 1 1 1
 1 1 1 1 1 1 1 1 1 1 1 1 1 1 1 1 1 1 1 1 1 1 1 1 1 1 1 1 1 1 1 1 1 1 1 1 1
 1 1 1 1 1 1 1 1 1 1 1 1 1 1 1 1 1 1 1 1 1 1 1 1 1 1 1 1 1 1 1 1 1 1 1 1 1
 1 1 1 1 1 1 1 1 1 1 1 1 1 1 1 1 1 1 1 1 1 1 1 1 1 1 1 1 1 1 1 1 1 1 1 1 1
 1 1 1 1 1 1 1 1 1 1 1 1 1 1 1 1 1 1 1 1 1 1 1 1 1 1 1 1 1 1 1 1 1 1 1 1 1
 1 1 1 1 1 1 1 1 1 1 1 1 1 1 1 1 1 1 1 1 1 1 1 1 1 1 1 1 1 1 1 1 1 1 1 1 1
 1 1 1 1 1 1 1 1 1 1 1 1 1 1 1 1 1 1 1 1 1 1 1 1 1 1 1 1 1 1 1 1 1 1 1 1 1
 1 1 1 1 1 1 1 1 1 1 1 1 1 1 1 1 1 1 1 1 1 1 1 1 1 1 1 1 1 1 1 1 1 1 1 1 1
 1 1 1 1 1 1 1 1 1 1 1 1 1 1 1 1 1 1 1 1 1 1 1 1 1 1 1 1 1 1 1 1 1 1 1 1 1
 1 1 1 1 1 1 1 1 1 1 1 1 1 1 1 1 1 1 1 1 1 1 1 1 1 1 1 1 1 1 1 1 1 1 1 1 1
 1 1 1 1 1 1 1 1 1 1 1 1 1 1 1 1 1 1 1 1 1 1 1 1 1 1 1 1 1 1 1 1 1 1 1 1 1
 1 1 1 1 1 1 1 1 1 1 1 1 1 1 1 1 1 1 1 1 1 1 1 1 1 1 1 1 1 1 1 1 1 1 1 1 1
 1 1 1 1 1 1 1 1 1 1 1 1 1 1 1 1 1 1 1 1 1 1 1 1 1 1 1 1 1 1 1 1 1 1 1 1 1
 1 1 1 1 1 1 1 1 1 1 1 1 1 1 1 1 1 1 1 1 1 1 1 1 1 1 1 1 1 1 1 1 1 1 1 1 1
 1 1 1 1 1 1 1 1 1 1 1 1 1 1 1 1 1 1 1 1 1 1 1 1 1 1 1 1 1 1 1]
Done.
Training group 5, split 1
	Early stopping at epoch 42
	Y Train Labels:(array([0., 1.], dtype=float32), array([ 30, 155]))
	Y Val Labels:(array([1.], dtype=float32), array([183]))
Training group 5, split 2
	Early stopping at epoch 23
	Y Train Labels:(array([0., 1.], dtype=float32), array([ 30, 338]))
	Y Val Labels:(array([1.], dtype=float32), array([183]))
Training group 5, split 3
	Early stopping at epoch 13
	Y Train Labels:(array([0., 1.], dtype=float32), array([ 30, 521]))
	Y Val Labels:(array([1.], dtype=float32), array([183]))
	Creating sequence for 'basis-cash'... [[[ 2.30218794e-03  0.00000000e+00  1.10000000e+01]
  [ 2.21907012e-03  0.00000000e+00 -1.00000000e+00]
  [ 2.11629895e-03  0.00000000e+00 -1.30000000e+01]
  ...
  [ 2.07731929e-03  0.00000000e+00  2.00000000e+00]
  [ 2.13598389e-03  0.00000000e+00  8.00000000e+00]
  [ 2.03692719e-03  0.00000000e+00 -9.00000000e+00]]

 [[ 2.36569004e-03  0.00000000e+00 -1.10000000e+01]
  [ 2.30218794e-03  0.00000000e+00  1.10000000e+01]
  [ 2.21907012e-03  0.00000000e+00 -1.00000000e+00]
  ...
  [ 2.05816568e-03  0.00000000e+00 -2.00000000e+00]
  [ 2.07731929e-03  0.00000000e+00  2.00000000e+00]
  [ 2.13598389e-03  0.00000000e+00  8.00000000e+00]]

 [[ 2.30878365e-03  0.00000000e+00 -1.00000000e+01]
  [ 2.36569004e-03  0.00000000e+00 -1.10000000e+01]
  [ 2.30218794e-03  0.00000000e+00  1.10000000e+01]
  ...
  [ 2.07640059e-03  0.00000000e+00  0.00000000e+00]
  [ 2.05816568e-03  0.00000000e+00 -2.00000000e+00]
  [ 2.07731929e-03  0.00000000e+00  2.00000000e+00]]

 ...

 [[ 8.38302898e+01  8.00000000e+00  6.90000000e+01]
  [ 1.09053009e+02  8.00000000e+00  5.00000000e+01]
  [ 1.34919591e+02  5.40000000e+01  7.30000000e+01]
  ...
  [ 3.42540770e-01  0.00000000e+00  2.20000000e+01]
  [ 3.79794490e-01  0.00000000e+00  3.10000000e+01]
  [ 4.78625660e-01  5.00000000e+00  4.50000000e+01]]

 [[ 8.73768247e+01  1.30000000e+01  6.90000000e+01]
  [ 8.38302898e+01  8.00000000e+00  6.90000000e+01]
  [ 1.09053009e+02  8.00000000e+00  5.00000000e+01]
  ...
  [ 3.22991665e-01  0.00000000e+00  1.70000000e+01]
  [ 3.42540770e-01  0.00000000e+00  2.20000000e+01]
  [ 3.79794490e-01  0.00000000e+00  3.10000000e+01]]

 [[ 6.84012266e+01  2.00000000e+00  1.01000000e+02]
  [ 8.73768247e+01  1.30000000e+01  6.90000000e+01]
  [ 8.38302898e+01  8.00000000e+00  6.90000000e+01]
  ...
  [ 4.00472705e-01  0.00000000e+00  1.00000000e+01]
  [ 3.22991665e-01  0.00000000e+00  1.70000000e+01]
  [ 3.42540770e-01  0.00000000e+00  2.20000000e+01]]][0 0 0 ... 1 1 1]
Done.
Training group 6, split 1
	Y Train Labels:(array([0.], dtype=float32), array([331]))
	Y Val Labels:(array([0.], dtype=float32), array([328]))
Training group 6, split 2
	Early stopping at epoch 19
	Y Train Labels:(array([0.], dtype=float32), array([659]))
	Y Val Labels:(array([0., 1.], dtype=float32), array([193, 135]))
Training group 6, split 3
	Early stopping at epoch 13
	Y Train Labels:(array([0., 1.], dtype=float32), array([852, 135]))
	Y Val Labels:(array([1.], dtype=float32), array([328]))
	Creating sequence for 'avinoc'... [[[ 2.18901517e-01  0.00000000e+00 -1.00000000e+01]
  [ 2.18940652e-01  0.00000000e+00  1.00000000e+00]
  [ 2.18932455e-01  0.00000000e+00 -1.00000000e+00]
  ...
  [ 2.18916374e-01  0.00000000e+00  2.00000000e+00]
  [ 2.18901449e-01  0.00000000e+00  4.00000000e+00]
  [ 2.18910061e-01  0.00000000e+00  5.00000000e+00]]

 [[ 2.18926482e-01  0.00000000e+00 -8.00000000e+00]
  [ 2.18901517e-01  0.00000000e+00 -1.00000000e+01]
  [ 2.18940652e-01  0.00000000e+00  1.00000000e+00]
  ...
  [ 2.18936648e-01  0.00000000e+00 -5.00000000e+00]
  [ 2.18916374e-01  0.00000000e+00  2.00000000e+00]
  [ 2.18901449e-01  0.00000000e+00  4.00000000e+00]]

 [[ 2.18916089e-01  0.00000000e+00  3.00000000e+00]
  [ 2.18926482e-01  0.00000000e+00 -8.00000000e+00]
  [ 2.18901517e-01  0.00000000e+00 -1.00000000e+01]
  ...
  [ 2.18940040e-01  0.00000000e+00  4.00000000e+00]
  [ 2.18936648e-01  0.00000000e+00 -5.00000000e+00]
  [ 2.18916374e-01  0.00000000e+00  2.00000000e+00]]

 ...

 [[ 2.84008000e-02  0.00000000e+00  5.87000000e+02]
  [ 2.69460000e-02  0.00000000e+00  4.35000000e+02]
  [ 2.49072000e-02  0.00000000e+00  5.35000000e+02]
  ...
  [ 1.38716539e-02  0.00000000e+00 -3.90000000e+01]
  [ 1.40379863e-02  0.00000000e+00 -2.62000000e+02]
  [ 1.26284519e-02  0.00000000e+00 -2.53000000e+02]]

 [[ 3.29888000e-02  0.00000000e+00 -2.15000000e+02]
  [ 2.84008000e-02  0.00000000e+00  5.87000000e+02]
  [ 2.69460000e-02  0.00000000e+00  4.35000000e+02]
  ...
  [ 1.56363305e-02  0.00000000e+00  3.70000000e+01]
  [ 1.38716539e-02  0.00000000e+00 -3.90000000e+01]
  [ 1.40379863e-02  0.00000000e+00 -2.62000000e+02]]

 [[ 3.21116000e-02  0.00000000e+00  8.30000000e+02]
  [ 3.29888000e-02  0.00000000e+00 -2.15000000e+02]
  [ 2.84008000e-02  0.00000000e+00  5.87000000e+02]
  ...
  [ 1.22383000e-02  0.00000000e+00 -5.00000000e+01]
  [ 1.56363305e-02  0.00000000e+00  3.70000000e+01]
  [ 1.38716539e-02  0.00000000e+00 -3.90000000e+01]]][1 1 1 1 1 1 1 1 1 1 1 1 1 1 1 1 1 1 1 1 1 1 1 1 1 1 1 1 1 1 1 1 1 1 1 1 1
 1 1 1 1 1 1 1 1 1 1 1 1 1 1 1 1 1 1 1 1 1 1 1 1 1 1 1 1 1 1 1 1 1 1 1 1 1
 1 1 1 1 1 1 1 1 1 1 1 1 1 1 1 1 1 1 1 1 1 1 1 1 1 1 1 1 1 1 1 1 1 1 1 1 1
 1 1 1 1 1 1 1 1 1 1 1 1 1 1 1 1 1 1 1 1 1 1 1 1 1 1 1 1 1 1 1 1 1 1 1 1 1
 1 1 1 1 1 1 1 1 1 1 1 1 1 1 1 1 1 1 1 1 1 1 1 1 1 1 1 1 1 1 1 1 1 1 1 1 1
 1 1 1 1 1 1 1 1 1 1 1 1 1 1 1 1 1 1 1 1 1 1 1 1 1 1 1 1 1 1 1 1 1 1 1 1 1
 1 1 1 1 1 1 1 1 1 1 1 1 1 1 1 1 1 1 1 1 1 1 1 1 1 1 1 1 1 1 1 1 1 1 1 1 1
 1 1 1 1 1 1 1 1 1 1 1 1 1 1 1 1 1 1 1 1 1 1 1 1 1 1 1 1 1 1 1 1 1 1 1 1 1
 1 1 1 1 1 1 1 1 1 1 1 1 1 1 1 1 1 1 1 1 1 1 1 1 1 1 1 1 1 1 1 1 1 1 1 1 1
 1 1 1 1 1 1 1 1 1 1 1 1 1 1 1 1 1 1 1 1 1 1 1 1 1 1 1 1 1 1 1 1 1 1 1 1 1
 1 1 1 1 1 1 1 1 1 1 1 1 1 1 1 1 1 1 1 1 1 1 1 1 1 1 1 1 1 1 1 1 1 1 1 1 1
 1 1 1 1 1 1 1 1 1 1 1 1 1 1 1 1 1 1 1 1 1 1 1 1 1 1 1 1 1 1 1 1 1 1 1 1 1
 1 1 1 1 1 1 1 1 1 1 1 1 1 1 1 1 1 1 1 1 1 1 1 1 1 1 1 1 1 1 1 1 1 1 1 1 1
 1 1 1 1 1 1 1 1 1 1 1 1 1 1 1 1 1 1 1 1 1 1 1 1 1 1 1 1 1 1 1 1 1 1 1 1 1
 1 1 1 1 1 1 1 1 1 1 1 1 1 1 1 1 1 1 1 1 1 1 1 1 1 1 1 1 1 1 1 1 1 1 1 1 1
 1 1 1 1 1 1 1 1 1 1 1 1 1 1 1 1 1 1 1 1 1 1 1 1 1 1 1 1 1 1 1 1 1 1 1 1 1
 1 1 1 1 1 1 1 1 1 1 1 1 1 1 1 1 1 1 1 1 1 1 1 1 1 1 1 1 1 1 1 1 1 1 1 1 1
 1 1 1 1 1 1 1 1 1 1 1 1 1 1 1 1 1 1 1 1 1 1 1 1 1 1 1 1 1 1 1 1 1 1 1 1 1
 1 1 1 1 1 1 1 1 1 1 1 1 1 1 1 1 1 1 1 1 1 1 1 1 1 1 1 1 1 1 1 1 1 1 1 1 1
 1 1 1 1 1 1 1 1 1 1 1 1 1 1 1 1 1 1 1 1 1 1 1 1 1 1 1 1 1 1 1 1 1 1 1 1 1
 1 1 1 1 1 1 1 1 1 1 1 1 1 1 1 1 1 1 1 1 1 1 1 1 1 1 1 1 1 1 1 1 1 1 1 1 1
 1 1 1 1 1 1 1 1 1 1 1 1 1 1 1 1 1 1 1 1 1 1 1 1 1 1 1 1 1 1 1 1 1 1 1 1 1
 1 1 1 1 1 1 1 1 1 1 1 1 1 1 1 1 1 1 1]
Done.
Training group 7, split 1
	Y Train Labels:(array([1.], dtype=float32), array([209]))
	Y Val Labels:(array([1.], dtype=float32), array([208]))
Training group 7, split 2
	Early stopping at epoch 45
	Y Train Labels:(array([1.], dtype=float32), array([417]))
	Y Val Labels:(array([1.], dtype=float32), array([208]))
Training group 7, split 3
	Early stopping at epoch 13
	Y Train Labels:(array([1.], dtype=float32), array([625]))
	Y Val Labels:(array([1.], dtype=float32), array([208]))
	Creating sequence for '0x'... [[[ 3.84353876e-01  0.00000000e+00 -2.91000000e+02]
  [ 3.75171151e-01  0.00000000e+00 -5.10000000e+01]
  [ 3.77817398e-01  2.40000000e+01 -2.04000000e+02]
  ...
  [ 3.24096377e-01  6.00000000e+00 -5.40000000e+01]
  [ 3.33194135e-01  2.10000000e+01  1.07000000e+02]
  [ 3.38230814e-01  1.00000000e+01  9.20000000e+01]]

 [[ 3.93332087e-01  0.00000000e+00  3.00000000e+01]
  [ 3.84353876e-01  0.00000000e+00 -2.91000000e+02]
  [ 3.75171151e-01  0.00000000e+00 -5.10000000e+01]
  ...
  [ 3.44207307e-01  2.00000000e+00  6.40000000e+01]
  [ 3.24096377e-01  6.00000000e+00 -5.40000000e+01]
  [ 3.33194135e-01  2.10000000e+01  1.07000000e+02]]

 [[ 3.52326743e-01  1.40000000e+01  3.70000000e+01]
  [ 3.93332087e-01  0.00000000e+00  3.00000000e+01]
  [ 3.84353876e-01  0.00000000e+00 -2.91000000e+02]
  ...
  [ 3.26775803e-01  1.40000000e+01  7.00000000e+01]
  [ 3.44207307e-01  2.00000000e+00  6.40000000e+01]
  [ 3.24096377e-01  6.00000000e+00 -5.40000000e+01]]

 ...

 [[ 2.16872000e+00  2.00000000e+01  1.36100000e+03]
  [ 2.14840000e+00  3.30000000e+01  2.04300000e+03]
  [ 1.85208000e+00  6.30000000e+01  2.48000000e+03]
  ...
  [ 6.96557000e-01  5.00000000e+01  2.75000000e+02]
  [ 6.41815000e-01  7.00000000e+01  2.83000000e+02]
  [ 6.45375000e-01  1.08000000e+02 -1.12700000e+03]]

 [[ 1.91458000e+00  1.00000000e+00  9.49000000e+02]
  [ 2.16872000e+00  2.00000000e+01  1.36100000e+03]
  [ 2.14840000e+00  3.30000000e+01  2.04300000e+03]
  ...
  [ 7.84441000e-01  4.60000000e+01  3.05000000e+02]
  [ 6.96557000e-01  5.00000000e+01  2.75000000e+02]
  [ 6.41815000e-01  7.00000000e+01  2.83000000e+02]]

 [[ 1.36357000e+00  0.00000000e+00  1.07000000e+03]
  [ 1.91458000e+00  1.00000000e+00  9.49000000e+02]
  [ 2.16872000e+00  2.00000000e+01  1.36100000e+03]
  ...
  [ 8.87579000e-01  3.40000000e+01  2.99000000e+02]
  [ 7.84441000e-01  4.60000000e+01  3.05000000e+02]
  [ 6.96557000e-01  5.00000000e+01  2.75000000e+02]]][1 1 1 ... 1 1 1]
Done.
Training group 8, split 1
	Early stopping at epoch 13
	Y Train Labels:(array([1.], dtype=float32), array([589]))
	Y Val Labels:(array([1.], dtype=float32), array([586]))
Training group 8, split 2
