


--------------------------------------------------
Starting lstm.py at '2024-10-26 23:40:08.661975'.
Reading '../classifiedDAOs.json'... Done.
Total training Data: 1578
DAOs trained so far:633
Size of training set: 471
Size of test set: 474
Preparing data for training...
Preparing data for testing...
Parameters:
	Num epochs: 60
	Initial learning rate: 0.001
	Patience: 12
	Window size: 60
	Timeseries splits: 3
	Minimum number of timeseries datapoints: 64
Gradient boosting params: 
	{"max_depth": 3, "learning_rate": 0.05, "n_estimators": 100, "objective": "binary:logistic", "eval_metric": "logloss"}
	Creating sequence for 'pluton'... Training group 0, split 1
	Early stopping at epoch 13
	Y Train Labels:(array([0.], dtype=float32), array([494]))
	Y Val Labels:(array([0.], dtype=float32), array([492]))
Training group 0, split 2
	Early stopping at epoch 13
	Y Train Labels:(array([0.], dtype=float32), array([986]))
	Y Val Labels:(array([0.], dtype=float32), array([492]))
Training group 0, split 3
	Early stopping at epoch 13
	Y Train Labels:(array([0.], dtype=float32), array([1478]))
	Y Val Labels:(array([0.], dtype=float32), array([492]))
Done.
	Creating sequence for 'nucypher'... Training group 1, split 1
	Early stopping at epoch 13
	Y Train Labels:(array([1.], dtype=float32), array([330]))
	Y Val Labels:(array([1.], dtype=float32), array([329]))
Training group 1, split 2
	Early stopping at epoch 13
	Y Train Labels:(array([1.], dtype=float32), array([659]))
	Y Val Labels:(array([1.], dtype=float32), array([329]))
Training group 1, split 3
	Early stopping at epoch 13
	Y Train Labels:(array([1.], dtype=float32), array([988]))
	Y Val Labels:(array([1.], dtype=float32), array([329]))
Done.
	Creating sequence for 'looksrare'... Training group 2, split 1
	Early stopping at epoch 13
	Y Train Labels:(array([0., 1.], dtype=float32), array([ 59, 130]))
	Y Val Labels:(array([0.], dtype=float32), array([186]))
Training group 2, split 2
	Early stopping at epoch 13
	Y Train Labels:(array([0., 1.], dtype=float32), array([245, 130]))
	Y Val Labels:(array([0.], dtype=float32), array([186]))
Training group 2, split 3
	Early stopping at epoch 13
	Y Train Labels:(array([0., 1.], dtype=float32), array([431, 130]))
	Y Val Labels:(array([0.], dtype=float32), array([186]))
Done.
	Creating sequence for 'moviebloc'... Training group 3, split 1
	Early stopping at epoch 13
	Y Train Labels:(array([1.], dtype=float32), array([457]))
	Y Val Labels:(array([1.], dtype=float32), array([455]))
Training group 3, split 2
	Early stopping at epoch 13
	Y Train Labels:(array([1.], dtype=float32), array([912]))
	Y Val Labels:(array([1.], dtype=float32), array([455]))
Training group 3, split 3
