


--------------------------------------------------
Starting lstm.py at '2024-10-24 15:42:54.672009'.
Reading './balancedDataset.json'... Done.
Total training Data: 1030
DAOs trained so far:111
Size of training set: 610
Size of test set: 309
Preparing data for training...
Preparing data for testing...
Parameters:
	Num epochs: 60
	Initial learning rate: 0.001
	Patience: 12
	Window size: 60
	Timeseries splits: 3
	Minimum number of timeseries datapoints: 64
Gradient boosting params: 
	{"max_depth": 3, "learning_rate": 0.05, "n_estimators": 100, "objective": "binary:logistic", "eval_metric": "logloss"}
	Creating sequence for 'bluzelle'... Training group 0, split 1
	Y Train Labels:(array([1.], dtype=float32), array([574]))
	Y Val Labels:(array([1.], dtype=float32), array([573]))
Training group 0, split 2
	Early stopping at epoch 25
	Y Train Labels:(array([1.], dtype=float32), array([1147]))
	Y Val Labels:(array([1.], dtype=float32), array([573]))
Training group 0, split 3
	Y Train Labels:(array([1.], dtype=float32), array([1720]))
	Y Val Labels:(array([1.], dtype=float32), array([573]))
Done.
	Creating sequence for 'chainbing'... Training group 1, split 1
	Y Train Labels:(array([1.], dtype=float32), array([231]))
	Y Val Labels:(array([1.], dtype=float32), array([230]))
Training group 1, split 2
	Early stopping at epoch 13
	Y Train Labels:(array([1.], dtype=float32), array([461]))
	Y Val Labels:(array([0., 1.], dtype=float32), array([192,  38]))
Training group 1, split 3
	Early stopping at epoch 46
	Y Train Labels:(array([0., 1.], dtype=float32), array([192, 499]))
	Y Val Labels:(array([0.], dtype=float32), array([230]))
Done.
	Creating sequence for 'oasis-network'... Training group 2, split 1
	Y Train Labels:(array([1.], dtype=float32), array([337]))
	Y Val Labels:(array([1.], dtype=float32), array([336]))
Training group 2, split 2
	Y Train Labels:(array([1.], dtype=float32), array([673]))
	Y Val Labels:(array([1.], dtype=float32), array([336]))
Training group 2, split 3
	Y Train Labels:(array([1.], dtype=float32), array([1009]))
	Y Val Labels:(array([1.], dtype=float32), array([336]))
Done.
	Creating sequence for 'koinos'... Training group 3, split 1
	Y Train Labels:(array([1.], dtype=float32), array([80]))
	Y Val Labels:(array([1.], dtype=float32), array([79]))
Training group 3, split 2
	Y Train Labels:(array([1.], dtype=float32), array([159]))
	Y Val Labels:(array([1.], dtype=float32), array([79]))
Training group 3, split 3
	Early stopping at epoch 13
	Y Train Labels:(array([1.], dtype=float32), array([238]))
	Y Val Labels:(array([0., 1.], dtype=float32), array([35, 44]))
Done.
	Creating sequence for 'hawksight'... Training group 4, split 1
	Y Train Labels:(array([0.], dtype=float32), array([209]))
	Y Val Labels:(array([0.], dtype=float32), array([206]))
Training group 4, split 2
	Y Train Labels:(array([0.], dtype=float32), array([415]))
	Y Val Labels:(array([0.], dtype=float32), array([206]))
Training group 4, split 3
	Y Train Labels:(array([0.], dtype=float32), array([621]))
	Y Val Labels:(array([0.], dtype=float32), array([206]))
Done.
	Creating sequence for 'alitas'... Training group 5, split 1
	Early stopping at epoch 22
	Y Train Labels:(array([0., 1.], dtype=float32), array([ 90, 148]))
	Y Val Labels:(array([0.], dtype=float32), array([238]))
Training group 5, split 2
	Early stopping at epoch 20
	Y Train Labels:(array([0., 1.], dtype=float32), array([328, 148]))
	Y Val Labels:(array([0.], dtype=float32), array([238]))
Training group 5, split 3
	Early stopping at epoch 13
	Y Train Labels:(array([0., 1.], dtype=float32), array([566, 148]))
	Y Val Labels:(array([0.], dtype=float32), array([238]))
Done.
	Creating sequence for 'cvault-finance'... Training group 6, split 1
	Y Train Labels:(array([1.], dtype=float32), array([334]))
	Y Val Labels:(array([1.], dtype=float32), array([332]))
Training group 6, split 2
	Y Train Labels:(array([1.], dtype=float32), array([666]))
	Y Val Labels:(array([1.], dtype=float32), array([332]))
Training group 6, split 3
	Y Train Labels:(array([1.], dtype=float32), array([998]))
	Y Val Labels:(array([1.], dtype=float32), array([332]))
Done.
	Creating sequence for 'ozone-chain'... Training group 7, split 1
	Y Train Labels:(array([1.], dtype=float32), array([78]))
	Y Val Labels:(array([1.], dtype=float32), array([76]))
Training group 7, split 2
	Y Train Labels:(array([1.], dtype=float32), array([154]))
	Y Val Labels:(array([1.], dtype=float32), array([76]))
Training group 7, split 3
	Y Train Labels:(array([1.], dtype=float32), array([230]))
	Y Val Labels:(array([1.], dtype=float32), array([76]))
Done.
	Creating sequence for 'zmine'... Training group 8, split 1
	Y Train Labels:(array([1.], dtype=float32), array([375]))
	Y Val Labels:(array([1.], dtype=float32), array([375]))
Training group 8, split 2
