


--------------------------------------------------
Starting lstm.py at '2024-10-25 16:42:35.353512'.
Reading './balancedDataset.json'... Done.
Total training Data: 1030
DAOs trained so far:156
Size of training set: 565
Size of test set: 309
Preparing data for training...
Preparing data for testing...
Parameters:
	Num epochs: 60
	Initial learning rate: 0.001
	Patience: 12
	Window size: 60
	Timeseries splits: 3
	Minimum number of timeseries datapoints: 64
Gradient boosting params: 
	{"max_depth": 3, "learning_rate": 0.05, "n_estimators": 100, "objective": "binary:logistic", "eval_metric": "logloss"}
	Creating sequence for 'polkadex'... Training group 0, split 1
	Early stopping at epoch 13
	Y Train Labels:(array([1.], dtype=float32), array([241]))
	Y Val Labels:(array([1.], dtype=float32), array([240]))
Training group 0, split 2
	Early stopping at epoch 13
	Y Train Labels:(array([1.], dtype=float32), array([481]))
	Y Val Labels:(array([1.], dtype=float32), array([240]))
Training group 0, split 3
	Early stopping at epoch 13
	Y Train Labels:(array([1.], dtype=float32), array([721]))
	Y Val Labels:(array([1.], dtype=float32), array([240]))
Done.
	Creating sequence for 'wrapped-tron'... Training group 1, split 1
	Early stopping at epoch 13
	Y Train Labels:(array([1.], dtype=float32), array([209]))
	Y Val Labels:(array([1.], dtype=float32), array([209]))
Training group 1, split 2
	Early stopping at epoch 13
	Y Train Labels:(array([1.], dtype=float32), array([418]))
	Y Val Labels:(array([1.], dtype=float32), array([209]))
Training group 1, split 3
	Early stopping at epoch 13
	Y Train Labels:(array([1.], dtype=float32), array([627]))
	Y Val Labels:(array([1.], dtype=float32), array([209]))
Done.
	Creating sequence for 'dydx-chain'... Training group 2, split 1
	Early stopping at epoch 13
	Y Train Labels:(array([1.], dtype=float32), array([69]))
	Y Val Labels:(array([1.], dtype=float32), array([67]))
Training group 2, split 2
	Early stopping at epoch 13
	Y Train Labels:(array([1.], dtype=float32), array([136]))
	Y Val Labels:(array([0., 1.], dtype=float32), array([ 2, 65]))
Training group 2, split 3
	Early stopping at epoch 13
	Y Train Labels:(array([0., 1.], dtype=float32), array([  2, 201]))
	Y Val Labels:(array([0.], dtype=float32), array([67]))
Done.
	Creating sequence for 'gravity-finance'... Training group 3, split 1
	Early stopping at epoch 13
	Y Train Labels:(array([1.], dtype=float32), array([287]))
	Y Val Labels:(array([1.], dtype=float32), array([285]))
Training group 3, split 2
	Early stopping at epoch 13
	Y Train Labels:(array([1.], dtype=float32), array([572]))
	Y Val Labels:(array([1.], dtype=float32), array([285]))
Training group 3, split 3
	Early stopping at epoch 13
	Y Train Labels:(array([1.], dtype=float32), array([857]))
	Y Val Labels:(array([0., 1.], dtype=float32), array([170, 115]))
Done.
	Creating sequence for 'alkimi'... Training group 4, split 1
	Early stopping at epoch 13
	Y Train Labels:(array([1.], dtype=float32), array([85]))
	Y Val Labels:(array([1.], dtype=float32), array([84]))
Training group 4, split 2
	Early stopping at epoch 13
	Y Train Labels:(array([1.], dtype=float32), array([169]))
	Y Val Labels:(array([1.], dtype=float32), array([84]))
Training group 4, split 3
	Early stopping at epoch 13
	Y Train Labels:(array([1.], dtype=float32), array([253]))
	Y Val Labels:(array([0., 1.], dtype=float32), array([45, 39]))
Done.
	Creating sequence for 'gods-unchained'... Training group 5, split 1
	Early stopping at epoch 13
	Y Train Labels:(array([1.], dtype=float32), array([247]))
	Y Val Labels:(array([1.], dtype=float32), array([244]))
Training group 5, split 2
	Early stopping at epoch 13
	Y Train Labels:(array([1.], dtype=float32), array([491]))
	Y Val Labels:(array([1.], dtype=float32), array([244]))
Training group 5, split 3
	Early stopping at epoch 13
	Y Train Labels:(array([1.], dtype=float32), array([735]))
	Y Val Labels:(array([1.], dtype=float32), array([244]))
Done.
	Creating sequence for 'captain-tsubasa'... Training group 6, split 1
	Early stopping at epoch 13
	Y Train Labels:(array([1.], dtype=float32), array([80]))
	Y Val Labels:(array([0., 1.], dtype=float32), array([51, 26]))
Training group 6, split 2
	Early stopping at epoch 13
	Y Train Labels:(array([0., 1.], dtype=float32), array([ 51, 106]))
	Y Val Labels:(array([0.], dtype=float32), array([77]))
Training group 6, split 3
	Early stopping at epoch 13
	Y Train Labels:(array([0., 1.], dtype=float32), array([128, 106]))
	Y Val Labels:(array([0.], dtype=float32), array([77]))
Done.
	Creating sequence for 'sentinel-protocol'... Training group 7, split 1
	Early stopping at epoch 13
	Y Train Labels:(array([1.], dtype=float32), array([407]))
	Y Val Labels:(array([1.], dtype=float32), array([404]))
Training group 7, split 2
