


--------------------------------------------------
Starting lstm.py at '2024-10-16 14:56:32.657848'.
Reading './isDaoActiveData(4).json'... Done.
Total training Data: 379
DAOs trained so far:125
Size of training set: 140
Size of test set: 114
Preparing data for training...
Preparing data for testing...
Parameters:
	Num epochs: 60
	Initial learning rate: 0.001
	Patience: 12
	Window size: 60
	Timeseries splits: 3
	Minimum number of timeseries datapoints: 64
Gradient boosting params: 
	{"max_depth": 3, "learning_rate": 0.05, "n_estimators": 100, "objective": "binary:logistic", "eval_metric": "logloss"}
	Creating sequence for 'calamari-network'... Training group 0, split 1
	Y Train Labels:(array([1.], dtype=float32), array([244]))
	Y Val Labels:(array([1.], dtype=float32), array([242]))
Training group 0, split 2
	Y Train Labels:(array([1.], dtype=float32), array([486]))
	Y Val Labels:(array([1.], dtype=float32), array([242]))
Training group 0, split 3
	Early stopping at epoch 13
	Y Train Labels:(array([1.], dtype=float32), array([728]))
	Y Val Labels:(array([0., 1.], dtype=float32), array([154,  88]))
Done.
	Creating sequence for 'crown-by-third-time-games'... Training group 1, split 1
	Y Train Labels:(array([1.], dtype=float32), array([110]))
	Y Val Labels:(array([1.], dtype=float32), array([107]))
Training group 1, split 2
	Y Train Labels:(array([1.], dtype=float32), array([217]))
	Y Val Labels:(array([1.], dtype=float32), array([107]))
Training group 1, split 3
	Y Train Labels:(array([1.], dtype=float32), array([324]))
	Y Val Labels:(array([1.], dtype=float32), array([107]))
Done.
	Creating sequence for 'apeswap-finance'... Training group 2, split 1
	Y Train Labels:(array([1.], dtype=float32), array([236]))
	Y Val Labels:(array([1.], dtype=float32), array([235]))
Training group 2, split 2
	Y Train Labels:(array([1.], dtype=float32), array([471]))
	Y Val Labels:(array([1.], dtype=float32), array([235]))
Training group 2, split 3
	Early stopping at epoch 13
	Y Train Labels:(array([1.], dtype=float32), array([706]))
	Y Val Labels:(array([0., 1.], dtype=float32), array([ 30, 205]))
Done.
	Creating sequence for 'ait-protocol'... Training group 3, split 1
	Early stopping at epoch 32
	Y Train Labels:(array([0., 1.], dtype=float32), array([27, 28]))
	Y Val Labels:(array([0.], dtype=float32), array([52]))
Training group 3, split 2
	Early stopping at epoch 13
	Y Train Labels:(array([0., 1.], dtype=float32), array([79, 28]))
	Y Val Labels:(array([0.], dtype=float32), array([52]))
Training group 3, split 3
	Early stopping at epoch 33
	Y Train Labels:(array([0., 1.], dtype=float32), array([131,  28]))
	Y Val Labels:(array([0.], dtype=float32), array([52]))
Done.
	Creating sequence for 'ampleforth-governance-token'... Training group 4, split 1
	Y Train Labels:(array([1.], dtype=float32), array([291]))
	Y Val Labels:(array([1.], dtype=float32), array([289]))
Training group 4, split 2
	Y Train Labels:(array([1.], dtype=float32), array([580]))
	Y Val Labels:(array([1.], dtype=float32), array([289]))
Training group 4, split 3
	Y Train Labels:(array([1.], dtype=float32), array([869]))
	Y Val Labels:(array([1.], dtype=float32), array([289]))
Done.
	Creating sequence for 'aion'... Training group 5, split 1
	Early stopping at epoch 13
	Y Train Labels:(array([1.], dtype=float32), array([565]))
	Y Val Labels:(array([0., 1.], dtype=float32), array([427, 136]))
Training group 5, split 2
