


--------------------------------------------------
Starting lstm.py at '2024-10-25 16:54:56.830243'.
Reading './balancedDataset.json'... Done.
Total training Data: 1030
DAOs trained so far:246
Size of training set: 475
Size of test set: 309
Preparing data for training...
Preparing data for testing...
Parameters:
	Num epochs: 60
	Initial learning rate: 0.001
	Patience: 12
	Window size: 60
	Timeseries splits: 3
	Minimum number of timeseries datapoints: 64
Gradient boosting params: 
	{"max_depth": 3, "learning_rate": 0.05, "n_estimators": 100, "objective": "binary:logistic", "eval_metric": "logloss"}
	Creating sequence for 'tether-gold'... Training group 0, split 1
	Early stopping at epoch 13
	Y Train Labels:(array([1.], dtype=float32), array([383]))
	Y Val Labels:(array([1.], dtype=float32), array([382]))
Training group 0, split 2
	Early stopping at epoch 13
	Y Train Labels:(array([1.], dtype=float32), array([765]))
	Y Val Labels:(array([1.], dtype=float32), array([382]))
Training group 0, split 3
	Early stopping at epoch 13
	Y Train Labels:(array([1.], dtype=float32), array([1147]))
	Y Val Labels:(array([1.], dtype=float32), array([382]))
Done.
	Creating sequence for 'doggy'... Training group 1, split 1
	Early stopping at epoch 13
	Y Train Labels:(array([1.], dtype=float32), array([294]))
	Y Val Labels:(array([0., 1.], dtype=float32), array([269,  24]))
Training group 1, split 2
	Early stopping at epoch 13
	Y Train Labels:(array([0., 1.], dtype=float32), array([269, 318]))
	Y Val Labels:(array([0.], dtype=float32), array([293]))
Training group 1, split 3
	Early stopping at epoch 13
	Y Train Labels:(array([0., 1.], dtype=float32), array([562, 318]))
	Y Val Labels:(array([0.], dtype=float32), array([293]))
Done.
	Creating sequence for 'don-key'... Training group 2, split 1
	Early stopping at epoch 13
	Y Train Labels:(array([1.], dtype=float32), array([136]))
	Y Val Labels:(array([1.], dtype=float32), array([133]))
Training group 2, split 2
	Early stopping at epoch 13
	Y Train Labels:(array([1.], dtype=float32), array([269]))
	Y Val Labels:(array([0., 1.], dtype=float32), array([103,  30]))
Training group 2, split 3
	Early stopping at epoch 13
	Y Train Labels:(array([0., 1.], dtype=float32), array([103, 299]))
	Y Val Labels:(array([0.], dtype=float32), array([133]))
Done.
	Creating sequence for 'ix-swap'... Training group 3, split 1
	Early stopping at epoch 13
	Y Train Labels:(array([1.], dtype=float32), array([102]))
	Y Val Labels:(array([1.], dtype=float32), array([99]))
Training group 3, split 2
	Early stopping at epoch 13
	Y Train Labels:(array([1.], dtype=float32), array([201]))
	Y Val Labels:(array([1.], dtype=float32), array([99]))
Training group 3, split 3
	Early stopping at epoch 13
	Y Train Labels:(array([1.], dtype=float32), array([300]))
	Y Val Labels:(array([1.], dtype=float32), array([99]))
Done.
	Creating sequence for 'contentos'... Training group 4, split 1
	Early stopping at epoch 13
	Y Train Labels:(array([1.], dtype=float32), array([455]))
	Y Val Labels:(array([1.], dtype=float32), array([454]))
Training group 4, split 2
