


--------------------------------------------------
Starting lstm.py at '2024-10-14 00:19:03.250767'.
Reading './isDaoActiveData(4).json'... Done.
Total training Data: 379
DAOs trained so far:41
Size of training set: 224
Size of test set: 114
Preparing data for training...
Preparing data for testing...
Parameters:
	Num epochs: 60
	Initial learning rate: 0.001
	Patience: 12
	Window size: 60
	Timeseries splits: 3
	Minimum number of timeseries datapoints: 64
Gradient boosting params: 
	{"max_depth": 3, "learning_rate": 0.05, "n_estimators": 100, "objective": "binary:logistic", "eval_metric": "logloss"}
	Creating sequence for 'ark'... Training group 0, split 1
	Y Train Labels:(array([1.], dtype=float32), array([594]))
	Y Val Labels:(array([1.], dtype=float32), array([592]))
Training group 0, split 2
	Early stopping at epoch 13
	Y Train Labels:(array([1.], dtype=float32), array([1186]))
	Y Val Labels:(array([0., 1.], dtype=float32), array([126, 466]))
Training group 0, split 3
	Early stopping at epoch 38
	Y Train Labels:(array([0., 1.], dtype=float32), array([ 126, 1652]))
	Y Val Labels:(array([0.], dtype=float32), array([592]))
Done.
	Creating sequence for 'bifrost'... Training group 1, split 1
	Y Train Labels:(array([1.], dtype=float32), array([305]))
	Y Val Labels:(array([1.], dtype=float32), array([304]))
Training group 1, split 2
	Y Train Labels:(array([1.], dtype=float32), array([609]))
	Y Val Labels:(array([1.], dtype=float32), array([304]))
Training group 1, split 3
	Y Train Labels:(array([1.], dtype=float32), array([913]))
	Y Val Labels:(array([1.], dtype=float32), array([304]))
Done.
	Creating sequence for 'assemble-protocol'... Training group 2, split 1
	Y Train Labels:(array([1.], dtype=float32), array([243]))
	Y Val Labels:(array([1.], dtype=float32), array([240]))
Training group 2, split 2
	Y Train Labels:(array([1.], dtype=float32), array([483]))
	Y Val Labels:(array([1.], dtype=float32), array([240]))
Training group 2, split 3
	Early stopping at epoch 13
	Y Train Labels:(array([1.], dtype=float32), array([723]))
	Y Val Labels:(array([0., 1.], dtype=float32), array([123, 117]))
Done.
	Creating sequence for 'aergo'... Training group 3, split 1
	Y Train Labels:(array([1.], dtype=float32), array([480]))
	Y Val Labels:(array([1.], dtype=float32), array([477]))
Training group 3, split 2
	Y Train Labels:(array([1.], dtype=float32), array([957]))
	Y Val Labels:(array([1.], dtype=float32), array([477]))
Training group 3, split 3
