


--------------------------------------------------
Starting lstm.py at '2024-10-27 00:16:42.448300'.
Reading '../classifiedDAOs.json'... Done.
Total training Data: 1578
DAOs trained so far:824
Size of training set: 280
Size of test set: 474
Preparing data for training...
Preparing data for testing...
Parameters:
	Num epochs: 60
	Initial learning rate: 0.001
	Patience: 12
	Window size: 60
	Timeseries splits: 3
	Minimum number of timeseries datapoints: 64
Gradient boosting params: 
	{"max_depth": 3, "learning_rate": 0.05, "n_estimators": 100, "objective": "binary:logistic", "eval_metric": "logloss"}
	Creating sequence for 'bitcoin-atom'... Training group 0, split 1
	Y Train Labels:(array([1.], dtype=float32), array([570]))
	Y Val Labels:(array([1.], dtype=float32), array([569]))
Training group 0, split 2
	Y Train Labels:(array([1.], dtype=float32), array([1139]))
	Y Val Labels:(array([1.], dtype=float32), array([569]))
Training group 0, split 3
	Y Train Labels:(array([1.], dtype=float32), array([1708]))
	Y Val Labels:(array([1.], dtype=float32), array([569]))
Done.
	Creating sequence for 'grand-base'... Training group 1, split 1
	Y Train Labels:(array([0.], dtype=float32), array([35]))
	Y Val Labels:(array([0.], dtype=float32), array([32]))
Training group 1, split 2
	Y Train Labels:(array([0.], dtype=float32), array([67]))
	Y Val Labels:(array([0.], dtype=float32), array([32]))
Training group 1, split 3
	Y Train Labels:(array([0.], dtype=float32), array([99]))
	Y Val Labels:(array([0.], dtype=float32), array([32]))
Done.
	Creating sequence for 'wrapped-eeth'... Training group 2, split 1
	Y Train Labels:(array([1.], dtype=float32), array([58]))
	Y Val Labels:(array([1.], dtype=float32), array([56]))
Training group 2, split 2
	Y Train Labels:(array([1.], dtype=float32), array([114]))
	Y Val Labels:(array([1.], dtype=float32), array([56]))
Training group 2, split 3
	Y Train Labels:(array([1.], dtype=float32), array([170]))
	Y Val Labels:(array([1.], dtype=float32), array([56]))
Done.
	Creating sequence for 'nosana'... Training group 3, split 1
	Y Train Labels:(array([1.], dtype=float32), array([231]))
	Y Val Labels:(array([1.], dtype=float32), array([230]))
Training group 3, split 2
	Y Train Labels:(array([1.], dtype=float32), array([461]))
	Y Val Labels:(array([1.], dtype=float32), array([230]))
Training group 3, split 3
	Y Train Labels:(array([1.], dtype=float32), array([691]))
	Y Val Labels:(array([1.], dtype=float32), array([230]))
Done.
	Creating sequence for 'star-atlas'... Training group 4, split 1
	Early stopping at epoch 26
	Y Train Labels:(array([0., 1.], dtype=float32), array([ 88, 154]))
	Y Val Labels:(array([0.], dtype=float32), array([239]))
Training group 4, split 2
	Early stopping at epoch 22
	Y Train Labels:(array([0., 1.], dtype=float32), array([327, 154]))
	Y Val Labels:(array([0.], dtype=float32), array([239]))
Training group 4, split 3
