


--------------------------------------------------
Starting lstm.py at '2024-10-27 00:45:27.084396'.
Reading '../classifiedDAOs.json'... Done.
Total training Data: 1578
DAOs trained so far:892
Size of training set: 212
Size of test set: 474
Preparing data for training...
Preparing data for testing...
Parameters:
	Num epochs: 60
	Initial learning rate: 0.001
	Patience: 12
	Window size: 60
	Timeseries splits: 3
	Minimum number of timeseries datapoints: 64
Gradient boosting params: 
	{"max_depth": 3, "learning_rate": 0.05, "n_estimators": 100, "objective": "binary:logistic", "eval_metric": "logloss"}
	Creating sequence for 'adamant-messenger'... Training group 0, split 1
	Y Train Labels:(array([1.], dtype=float32), array([485]))
	Y Val Labels:(array([1.], dtype=float32), array([485]))
Training group 0, split 2
	Y Train Labels:(array([1.], dtype=float32), array([970]))
	Y Val Labels:(array([1.], dtype=float32), array([485]))
Training group 0, split 3
	Y Train Labels:(array([1.], dtype=float32), array([1455]))
	Y Val Labels:(array([1.], dtype=float32), array([485]))
Done.
	Creating sequence for 'flamengo-fan-token'... Training group 1, split 1
	Early stopping at epoch 13
	Y Train Labels:(array([1.], dtype=float32), array([251]))
	Y Val Labels:(array([0., 1.], dtype=float32), array([ 96, 155]))
Training group 1, split 2
	Early stopping at epoch 26
	Y Train Labels:(array([0., 1.], dtype=float32), array([ 96, 406]))
	Y Val Labels:(array([0.], dtype=float32), array([251]))
Training group 1, split 3
	Early stopping at epoch 29
	Y Train Labels:(array([0., 1.], dtype=float32), array([347, 406]))
	Y Val Labels:(array([0.], dtype=float32), array([251]))
Done.
	Creating sequence for 'omisego'... Training group 2, split 1
	Y Train Labels:(array([1.], dtype=float32), array([248]))
	Y Val Labels:(array([1.], dtype=float32), array([248]))
Training group 2, split 2
	Y Train Labels:(array([1.], dtype=float32), array([496]))
	Y Val Labels:(array([1.], dtype=float32), array([248]))
Training group 2, split 3
	Y Train Labels:(array([1.], dtype=float32), array([744]))
	Y Val Labels:(array([1.], dtype=float32), array([248]))
Done.
	Creating sequence for 'commune-ai'... Training group 3, split 1
	Early stopping at epoch 26
	Y Train Labels:(array([0., 1.], dtype=float32), array([15, 26]))
	Y Val Labels:(array([0.], dtype=float32), array([38]))
Training group 3, split 2
	Early stopping at epoch 37
	Y Train Labels:(array([0., 1.], dtype=float32), array([53, 26]))
	Y Val Labels:(array([0.], dtype=float32), array([38]))
Training group 3, split 3
	Early stopping at epoch 51
	Y Train Labels:(array([0., 1.], dtype=float32), array([91, 26]))
	Y Val Labels:(array([0.], dtype=float32), array([38]))
Done.
	Creating sequence for 'karat'... Training group 4, split 1
	Y Train Labels:(array([1.], dtype=float32), array([85]))
	Y Val Labels:(array([1.], dtype=float32), array([85]))
Training group 4, split 2
	Early stopping at epoch 13
	Y Train Labels:(array([1.], dtype=float32), array([170]))
	Y Val Labels:(array([0., 1.], dtype=float32), array([78,  7]))
Training group 4, split 3
	Early stopping at epoch 42
	Y Train Labels:(array([0., 1.], dtype=float32), array([ 78, 177]))
	Y Val Labels:(array([0.], dtype=float32), array([85]))
Done.
	Creating sequence for 'aave-tusd'... Skipped.
	Creating sequence for 'katana-inu'... Training group 5, split 1
	Y Train Labels:(array([1.], dtype=float32), array([237]))
	Y Val Labels:(array([1.], dtype=float32), array([236]))
Training group 5, split 2
	Y Train Labels:(array([1.], dtype=float32), array([473]))
	Y Val Labels:(array([1.], dtype=float32), array([236]))
Training group 5, split 3
