


--------------------------------------------------
Starting lstm.py at '2024-10-25 17:08:43.571761'.
Reading './balancedDataset.json'... Done.
Total training Data: 1030
DAOs trained so far:340
Size of training set: 381
Size of test set: 309
Preparing data for training...
Preparing data for testing...
Parameters:
	Num epochs: 60
	Initial learning rate: 0.001
	Patience: 12
	Window size: 60
	Timeseries splits: 3
	Minimum number of timeseries datapoints: 64
Gradient boosting params: 
	{"max_depth": 3, "learning_rate": 0.05, "n_estimators": 100, "objective": "binary:logistic", "eval_metric": "logloss"}
	Creating sequence for 'digg'... Training group 0, split 1
	Early stopping at epoch 13
	Y Train Labels:(array([1.], dtype=float32), array([315]))
	Y Val Labels:(array([1.], dtype=float32), array([315]))
Training group 0, split 2
	Early stopping at epoch 13
	Y Train Labels:(array([1.], dtype=float32), array([630]))
	Y Val Labels:(array([1.], dtype=float32), array([315]))
Training group 0, split 3
	Early stopping at epoch 13
	Y Train Labels:(array([1.], dtype=float32), array([945]))
	Y Val Labels:(array([1.], dtype=float32), array([315]))
Done.
	Creating sequence for 'pip'... Training group 1, split 1
	Early stopping at epoch 13
	Y Train Labels:(array([1.], dtype=float32), array([131]))
	Y Val Labels:(array([1.], dtype=float32), array([128]))
Training group 1, split 2
	Early stopping at epoch 13
	Y Train Labels:(array([1.], dtype=float32), array([259]))
	Y Val Labels:(array([1.], dtype=float32), array([128]))
Training group 1, split 3
	Early stopping at epoch 13
	Y Train Labels:(array([1.], dtype=float32), array([387]))
	Y Val Labels:(array([1.], dtype=float32), array([128]))
Done.
	Creating sequence for 'district0x'... Training group 2, split 1
	Early stopping at epoch 13
	Y Train Labels:(array([1.], dtype=float32), array([593]))
	Y Val Labels:(array([1.], dtype=float32), array([591]))
Training group 2, split 2
	Early stopping at epoch 13
	Y Train Labels:(array([1.], dtype=float32), array([1184]))
	Y Val Labels:(array([1.], dtype=float32), array([591]))
Training group 2, split 3
	Early stopping at epoch 13
	Y Train Labels:(array([1.], dtype=float32), array([1775]))
	Y Val Labels:(array([1.], dtype=float32), array([591]))
Done.
	Creating sequence for 'klayswap-protocol'... Training group 3, split 1
	Early stopping at epoch 13
	Y Train Labels:(array([1.], dtype=float32), array([131]))
	Y Val Labels:(array([1.], dtype=float32), array([128]))
Training group 3, split 2
	Early stopping at epoch 13
	Y Train Labels:(array([1.], dtype=float32), array([259]))
	Y Val Labels:(array([0., 1.], dtype=float32), array([95, 33]))
Training group 3, split 3
	Early stopping at epoch 13
	Y Train Labels:(array([0., 1.], dtype=float32), array([ 95, 292]))
	Y Val Labels:(array([0.], dtype=float32), array([128]))
Done.
	Creating sequence for 'ideaology'... Training group 4, split 1
	Early stopping at epoch 13
	Y Train Labels:(array([1.], dtype=float32), array([318]))
	Y Val Labels:(array([0., 1.], dtype=float32), array([286,  29]))
Training group 4, split 2
