


--------------------------------------------------
Starting lstm.py at '2024-10-16 13:32:26.507621'.
Reading './isDaoActiveData(4).json'... Done.
Total training Data: 379
DAOs trained so far:117
Size of training set: 148
Size of test set: 114
Preparing data for training...
Preparing data for testing...
Parameters:
	Num epochs: 60
	Initial learning rate: 0.001
	Patience: 12
	Window size: 60
	Timeseries splits: 3
	Minimum number of timeseries datapoints: 64
Gradient boosting params: 
	{"max_depth": 3, "learning_rate": 0.05, "n_estimators": 100, "objective": "binary:logistic", "eval_metric": "logloss"}
	Creating sequence for 'bluzelle'... Training group 0, split 1
	Y Train Labels:(array([1.], dtype=float32), array([574]))
	Y Val Labels:(array([1.], dtype=float32), array([573]))
Training group 0, split 2
	Y Train Labels:(array([1.], dtype=float32), array([1147]))
	Y Val Labels:(array([1.], dtype=float32), array([573]))
Training group 0, split 3
	Y Train Labels:(array([1.], dtype=float32), array([1720]))
	Y Val Labels:(array([1.], dtype=float32), array([573]))
Done.
	Creating sequence for 'bitkub-coin'... Training group 1, split 1
	Y Train Labels:(array([1.], dtype=float32), array([153]))
	Y Val Labels:(array([1.], dtype=float32), array([151]))
Training group 1, split 2
	Y Train Labels:(array([1.], dtype=float32), array([304]))
	Y Val Labels:(array([1.], dtype=float32), array([151]))
Training group 1, split 3
	Early stopping at epoch 13
	Y Train Labels:(array([1.], dtype=float32), array([455]))
	Y Val Labels:(array([0., 1.], dtype=float32), array([57, 94]))
Done.
	Creating sequence for 'aston-villa-fan-token'... Training group 2, split 1
	Y Train Labels:(array([1.], dtype=float32), array([244]))
	Y Val Labels:(array([1.], dtype=float32), array([244]))
Training group 2, split 2
	Early stopping at epoch 13
	Y Train Labels:(array([1.], dtype=float32), array([488]))
	Y Val Labels:(array([0., 1.], dtype=float32), array([241,   3]))
Training group 2, split 3
	Early stopping at epoch 48
	Y Train Labels:(array([0., 1.], dtype=float32), array([241, 491]))
	Y Val Labels:(array([0.], dtype=float32), array([244]))
Done.
	Creating sequence for 'crash-on-base'... Training group 3, split 1
	Y Train Labels:(array([0.], dtype=float32), array([9]))
	Y Val Labels:(array([0.], dtype=float32), array([7]))
Training group 3, split 2
	Y Train Labels:(array([0.], dtype=float32), array([16]))
	Y Val Labels:(array([0.], dtype=float32), array([7]))
Training group 3, split 3
	Y Train Labels:(array([0.], dtype=float32), array([23]))
	Y Val Labels:(array([0.], dtype=float32), array([7]))
Done.
	Creating sequence for 'aeon'... Training group 4, split 1
	Y Train Labels:(array([1.], dtype=float32), array([480]))
	Y Val Labels:(array([1.], dtype=float32), array([478]))
Training group 4, split 2
	Early stopping at epoch 13
	Y Train Labels:(array([1.], dtype=float32), array([958]))
	Y Val Labels:(array([0., 1.], dtype=float32), array([404,  74]))
Training group 4, split 3
	Early stopping at epoch 48
	Y Train Labels:(array([0., 1.], dtype=float32), array([ 404, 1032]))
	Y Val Labels:(array([0.], dtype=float32), array([478]))
Done.
	Creating sequence for 'alchemix'... Training group 5, split 1
	Y Train Labels:(array([1.], dtype=float32), array([300]))
	Y Val Labels:(array([1.], dtype=float32), array([300]))
Training group 5, split 2
	Y Train Labels:(array([1.], dtype=float32), array([600]))
	Y Val Labels:(array([1.], dtype=float32), array([300]))
Training group 5, split 3
	Y Train Labels:(array([1.], dtype=float32), array([900]))
	Y Val Labels:(array([1.], dtype=float32), array([300]))
Done.
	Creating sequence for 'bitball'... Training group 6, split 1
	Y Train Labels:(array([1.], dtype=float32), array([234]))
	Y Val Labels:(array([1.], dtype=float32), array([234]))
Training group 6, split 2
	Y Train Labels:(array([1.], dtype=float32), array([468]))
	Y Val Labels:(array([1.], dtype=float32), array([234]))
Training group 6, split 3
	Y Train Labels:(array([1.], dtype=float32), array([702]))
	Y Val Labels:(array([1.], dtype=float32), array([234]))
Done.
	Creating sequence for 'beefy-finance'... Training group 7, split 1
	Y Train Labels:(array([1.], dtype=float32), array([256]))
	Y Val Labels:(array([1.], dtype=float32), array([256]))
Training group 7, split 2
	Y Train Labels:(array([1.], dtype=float32), array([512]))
	Y Val Labels:(array([1.], dtype=float32), array([256]))
Training group 7, split 3
	Y Train Labels:(array([1.], dtype=float32), array([768]))
	Y Val Labels:(array([1.], dtype=float32), array([256]))
Done.
	Creating sequence for 'calamari-network'... Training group 8, split 1
	Y Train Labels:(array([1.], dtype=float32), array([244]))
	Y Val Labels:(array([1.], dtype=float32), array([242]))
Training group 8, split 2
	Y Train Labels:(array([1.], dtype=float32), array([486]))
	Y Val Labels:(array([1.], dtype=float32), array([242]))
Training group 8, split 3
