


--------------------------------------------------
Starting lstm.py at '2024-10-27 00:48:47.741822'.
Reading '../classifiedDAOs.json'... Done.
Total training Data: 1578
DAOs trained so far:901
Size of training set: 203
Size of test set: 474
Preparing data for training...
Preparing data for testing...
Parameters:
	Num epochs: 60
	Initial learning rate: 0.001
	Patience: 12
	Window size: 60
	Timeseries splits: 3
	Minimum number of timeseries datapoints: 64
Gradient boosting params: 
	{"max_depth": 3, "learning_rate": 0.05, "n_estimators": 100, "objective": "binary:logistic", "eval_metric": "logloss"}
	Creating sequence for 'gamespad'... Training group 0, split 1
	Early stopping at epoch 58
	Y Train Labels:(array([0., 1.], dtype=float32), array([208,  29]))
	Y Val Labels:(array([0.], dtype=float32), array([237]))
Training group 0, split 2
	Early stopping at epoch 30
	Y Train Labels:(array([0., 1.], dtype=float32), array([445,  29]))
	Y Val Labels:(array([0.], dtype=float32), array([237]))
Training group 0, split 3
	Early stopping at epoch 27
	Y Train Labels:(array([0., 1.], dtype=float32), array([682,  29]))
	Y Val Labels:(array([0.], dtype=float32), array([237]))
Done.
	Creating sequence for 'gyen'... Training group 1, split 1
	Y Train Labels:(array([1.], dtype=float32), array([148]))
	Y Val Labels:(array([1.], dtype=float32), array([148]))
Training group 1, split 2
	Y Train Labels:(array([1.], dtype=float32), array([296]))
	Y Val Labels:(array([1.], dtype=float32), array([148]))
Training group 1, split 3
	Y Train Labels:(array([1.], dtype=float32), array([444]))
	Y Val Labels:(array([1.], dtype=float32), array([148]))
Done.
	Creating sequence for 'weth'... Training group 2, split 1
	Y Train Labels:(array([1.], dtype=float32), array([597]))
	Y Val Labels:(array([1.], dtype=float32), array([596]))
Training group 2, split 2
	Y Train Labels:(array([1.], dtype=float32), array([1193]))
	Y Val Labels:(array([1.], dtype=float32), array([596]))
Training group 2, split 3
	Y Train Labels:(array([1.], dtype=float32), array([1789]))
	Y Val Labels:(array([1.], dtype=float32), array([596]))
Done.
	Creating sequence for 'spheroid-universe'... Training group 3, split 1
	Y Train Labels:(array([1.], dtype=float32), array([239]))
	Y Val Labels:(array([1.], dtype=float32), array([237]))
Training group 3, split 2
	Early stopping at epoch 13
	Y Train Labels:(array([1.], dtype=float32), array([476]))
	Y Val Labels:(array([0., 1.], dtype=float32), array([ 66, 171]))
Training group 3, split 3
	Y Train Labels:(array([0., 1.], dtype=float32), array([ 66, 647]))
	Y Val Labels:(array([0.], dtype=float32), array([237]))
Done.
	Creating sequence for 'telos'... Training group 4, split 1
	Y Train Labels:(array([1.], dtype=float32), array([444]))
	Y Val Labels:(array([1.], dtype=float32), array([443]))
Training group 4, split 2
