


--------------------------------------------------
Starting lstm.py at '2024-10-26 23:26:07.499386'.
Reading '../classifiedDAOs.json'... Done.
Total training Data: 1578
DAOs trained so far:527
Size of training set: 577
Size of test set: 474
Preparing data for training...
Preparing data for testing...
Parameters:
	Num epochs: 60
	Initial learning rate: 0.001
	Patience: 12
	Window size: 60
	Timeseries splits: 3
	Minimum number of timeseries datapoints: 64
Gradient boosting params: 
	{"max_depth": 3, "learning_rate": 0.05, "n_estimators": 100, "objective": "binary:logistic", "eval_metric": "logloss"}
	Creating sequence for 'zclassic'... Training group 0, split 1
	Early stopping at epoch 13
	Y Train Labels:(array([1.], dtype=float32), array([554]))
	Y Val Labels:(array([0., 1.], dtype=float32), array([289, 264]))
Training group 0, split 2
	Early stopping at epoch 13
	Y Train Labels:(array([0., 1.], dtype=float32), array([289, 818]))
	Y Val Labels:(array([0.], dtype=float32), array([553]))
Training group 0, split 3
	Early stopping at epoch 13
	Y Train Labels:(array([0., 1.], dtype=float32), array([842, 818]))
	Y Val Labels:(array([0.], dtype=float32), array([553]))
Done.
	Creating sequence for 'bitrock'... Training group 1, split 1
	Early stopping at epoch 13
	Y Train Labels:(array([1.], dtype=float32), array([94]))
	Y Val Labels:(array([1.], dtype=float32), array([94]))
Training group 1, split 2
	Early stopping at epoch 13
	Y Train Labels:(array([1.], dtype=float32), array([188]))
	Y Val Labels:(array([1.], dtype=float32), array([94]))
Training group 1, split 3
	Early stopping at epoch 13
	Y Train Labels:(array([1.], dtype=float32), array([282]))
	Y Val Labels:(array([1.], dtype=float32), array([94]))
Done.
	Creating sequence for 'the-root-network'... Training group 2, split 1
	Early stopping at epoch 13
	Y Train Labels:(array([1.], dtype=float32), array([63]))
	Y Val Labels:(array([1.], dtype=float32), array([62]))
Training group 2, split 2
	Early stopping at epoch 13
	Y Train Labels:(array([1.], dtype=float32), array([125]))
	Y Val Labels:(array([0., 1.], dtype=float32), array([21, 41]))
Training group 2, split 3
	Early stopping at epoch 13
	Y Train Labels:(array([0., 1.], dtype=float32), array([ 21, 166]))
	Y Val Labels:(array([0.], dtype=float32), array([62]))
Done.
	Creating sequence for 'mancium'... Training group 3, split 1
	Early stopping at epoch 13
	Y Train Labels:(array([1.], dtype=float32), array([166]))
	Y Val Labels:(array([0., 1.], dtype=float32), array([101,  64]))
Training group 3, split 2
	Early stopping at epoch 13
	Y Train Labels:(array([0., 1.], dtype=float32), array([101, 230]))
	Y Val Labels:(array([0.], dtype=float32), array([165]))
Training group 3, split 3
	Early stopping at epoch 13
	Y Train Labels:(array([0., 1.], dtype=float32), array([266, 230]))
	Y Val Labels:(array([0.], dtype=float32), array([165]))
Done.
	Creating sequence for 'dark-frontiers'... Training group 4, split 1
	Early stopping at epoch 13
	Y Train Labels:(array([1.], dtype=float32), array([257]))
	Y Val Labels:(array([0., 1.], dtype=float32), array([244,  11]))
Training group 4, split 2
	Early stopping at epoch 13
	Y Train Labels:(array([0., 1.], dtype=float32), array([244, 268]))
	Y Val Labels:(array([0.], dtype=float32), array([255]))
Training group 4, split 3
