


--------------------------------------------------
Starting lstm.py at '2024-10-23 19:15:02.139679'.
Reading '../classifiedDAOs.json'... Done.
Total training Data: 1578
DAOs trained so far:400
Size of training set: 704
Size of test set: 474
Preparing data for training...
Preparing data for testing...
Parameters:
	Num epochs: 60
	Initial learning rate: 0.001
	Patience: 12
	Window size: 60
	Timeseries splits: 3
	Minimum number of timeseries datapoints: 64
Gradient boosting params: 
	{"max_depth": 3, "learning_rate": 0.05, "n_estimators": 100, "objective": "binary:logistic", "eval_metric": "logloss"}
	Creating sequence for 'bitcoin-diamond'... Training group 0, split 1
	Y Train Labels:(array([1.], dtype=float32), array([566]))
	Y Val Labels:(array([1.], dtype=float32), array([564]))
Training group 0, split 2
	Early stopping at epoch 13
	Y Train Labels:(array([1.], dtype=float32), array([1130]))
	Y Val Labels:(array([0., 1.], dtype=float32), array([161, 403]))
Training group 0, split 3
	Early stopping at epoch 49
	Y Train Labels:(array([0., 1.], dtype=float32), array([ 161, 1533]))
	Y Val Labels:(array([0.], dtype=float32), array([564]))
Done.
	Creating sequence for 'fio-protocol'... Training group 1, split 1
	Y Train Labels:(array([1.], dtype=float32), array([349]))
	Y Val Labels:(array([1.], dtype=float32), array([347]))
Training group 1, split 2
	Y Train Labels:(array([1.], dtype=float32), array([696]))
	Y Val Labels:(array([1.], dtype=float32), array([347]))
Training group 1, split 3
	Y Train Labels:(array([1.], dtype=float32), array([1043]))
	Y Val Labels:(array([1.], dtype=float32), array([347]))
Done.
	Creating sequence for 'dragonchain'... Training group 2, split 1
	Y Train Labels:(array([1.], dtype=float32), array([579]))
	Y Val Labels:(array([1.], dtype=float32), array([578]))
Training group 2, split 2
	Early stopping at epoch 25
	Y Train Labels:(array([1.], dtype=float32), array([1157]))
	Y Val Labels:(array([0., 1.], dtype=float32), array([148, 430]))
Training group 2, split 3
	Y Train Labels:(array([0., 1.], dtype=float32), array([ 148, 1587]))
	Y Val Labels:(array([0.], dtype=float32), array([578]))
Done.
	Creating sequence for 'dexcheck'... Training group 3, split 1
	Y Train Labels:(array([1.], dtype=float32), array([95]))
	Y Val Labels:(array([1.], dtype=float32), array([92]))
Training group 3, split 2
	Y Train Labels:(array([1.], dtype=float32), array([187]))
	Y Val Labels:(array([1.], dtype=float32), array([92]))
Training group 3, split 3
	Y Train Labels:(array([1.], dtype=float32), array([279]))
	Y Val Labels:(array([1.], dtype=float32), array([92]))
Done.
	Creating sequence for 'dprating'... Training group 4, split 1
	Y Train Labels:(array([1.], dtype=float32), array([531]))
	Y Val Labels:(array([1.], dtype=float32), array([531]))
Training group 4, split 2
	Y Train Labels:(array([1.], dtype=float32), array([1062]))
	Y Val Labels:(array([1.], dtype=float32), array([531]))
Training group 4, split 3
	Early stopping at epoch 13
	Y Train Labels:(array([1.], dtype=float32), array([1593]))
	Y Val Labels:(array([0., 1.], dtype=float32), array([161, 370]))
Done.
	Creating sequence for 'sashimi'... Training group 5, split 1
	Y Train Labels:(array([0.], dtype=float32), array([341]))
	Y Val Labels:(array([0.], dtype=float32), array([340]))
Training group 5, split 2
	Y Train Labels:(array([0.], dtype=float32), array([681]))
	Y Val Labels:(array([0.], dtype=float32), array([340]))
Training group 5, split 3
	Y Train Labels:(array([0.], dtype=float32), array([1021]))
	Y Val Labels:(array([0.], dtype=float32), array([340]))
Done.
	Creating sequence for 'presearch'... Training group 6, split 1
	Y Train Labels:(array([1.], dtype=float32), array([542]))
	Y Val Labels:(array([1.], dtype=float32), array([542]))
Training group 6, split 2
