


--------------------------------------------------
Starting lstm.py at '2024-10-26 23:56:29.228169'.
Reading '../classifiedDAOs.json'... Done.
Total training Data: 1578
DAOs trained so far:745
Size of training set: 359
Size of test set: 474
Preparing data for training...
Preparing data for testing...
Parameters:
	Num epochs: 60
	Initial learning rate: 0.001
	Patience: 12
	Window size: 60
	Timeseries splits: 3
	Minimum number of timeseries datapoints: 64
Gradient boosting params: 
	{"max_depth": 3, "learning_rate": 0.05, "n_estimators": 100, "objective": "binary:logistic", "eval_metric": "logloss"}
	Creating sequence for 'fractal-bitcoin'... Skipped.
	Creating sequence for 'ultra'... Training group 0, split 1
	Early stopping at epoch 13
	Y Train Labels:(array([1.], dtype=float32), array([449]))
	Y Val Labels:(array([1.], dtype=float32), array([446]))
Training group 0, split 2
	Early stopping at epoch 13
	Y Train Labels:(array([1.], dtype=float32), array([895]))
	Y Val Labels:(array([0., 1.], dtype=float32), array([355,  91]))
Training group 0, split 3
	Early stopping at epoch 13
	Y Train Labels:(array([0., 1.], dtype=float32), array([355, 986]))
	Y Val Labels:(array([0.], dtype=float32), array([446]))
Done.
	Creating sequence for 'alkimi'... Training group 1, split 1
	Early stopping at epoch 13
	Y Train Labels:(array([1.], dtype=float32), array([85]))
	Y Val Labels:(array([1.], dtype=float32), array([84]))
Training group 1, split 2
	Early stopping at epoch 13
	Y Train Labels:(array([1.], dtype=float32), array([169]))
	Y Val Labels:(array([1.], dtype=float32), array([84]))
Training group 1, split 3
	Early stopping at epoch 13
	Y Train Labels:(array([1.], dtype=float32), array([253]))
	Y Val Labels:(array([0., 1.], dtype=float32), array([45, 39]))
Done.
	Creating sequence for 'hanchain'... Training group 2, split 1
	Early stopping at epoch 13
	Y Train Labels:(array([0., 1.], dtype=float32), array([121,  21]))
	Y Val Labels:(array([0.], dtype=float32), array([142]))
Training group 2, split 2
	Early stopping at epoch 13
	Y Train Labels:(array([0., 1.], dtype=float32), array([263,  21]))
	Y Val Labels:(array([0.], dtype=float32), array([142]))
Training group 2, split 3
	Early stopping at epoch 13
	Y Train Labels:(array([0., 1.], dtype=float32), array([405,  21]))
	Y Val Labels:(array([0.], dtype=float32), array([142]))
Done.
	Creating sequence for 'barnbridge'... Training group 3, split 1
	Early stopping at epoch 13
	Y Train Labels:(array([1.], dtype=float32), array([313]))
	Y Val Labels:(array([0., 1.], dtype=float32), array([130, 182]))
Training group 3, split 2
	Early stopping at epoch 13
	Y Train Labels:(array([0., 1.], dtype=float32), array([130, 495]))
	Y Val Labels:(array([0.], dtype=float32), array([312]))
Training group 3, split 3
	Early stopping at epoch 13
	Y Train Labels:(array([0., 1.], dtype=float32), array([442, 495]))
	Y Val Labels:(array([0.], dtype=float32), array([312]))
Done.
	Creating sequence for 'pegasys'... Skipped.
	Creating sequence for 'loopring'... Training group 4, split 1
	Early stopping at epoch 13
	Y Train Labels:(array([1.], dtype=float32), array([568]))
	Y Val Labels:(array([1.], dtype=float32), array([567]))
Training group 4, split 2
