


--------------------------------------------------
Starting lstm.py at '2024-10-27 02:04:57.522631'.
Reading '../classifiedDAOs.json'... Done.
Total training Data: 1578
DAOs trained so far:1083
Size of training set: 21
Size of test set: 474
Preparing data for training...
Preparing data for testing...
Parameters:
	Num epochs: 60
	Initial learning rate: 0.001
	Patience: 12
	Window size: 60
	Timeseries splits: 3
	Minimum number of timeseries datapoints: 64
Gradient boosting params: 
	{"max_depth": 3, "learning_rate": 0.05, "n_estimators": 100, "objective": "binary:logistic", "eval_metric": "logloss"}
	Creating sequence for 'neon'... Training group 0, split 1
	Y Train Labels:(array([1.], dtype=float32), array([85]))
	Y Val Labels:(array([1.], dtype=float32), array([85]))
Training group 0, split 2
	Y Train Labels:(array([1.], dtype=float32), array([170]))
	Y Val Labels:(array([1.], dtype=float32), array([85]))
Training group 0, split 3
	Y Train Labels:(array([1.], dtype=float32), array([255]))
	Y Val Labels:(array([1.], dtype=float32), array([85]))
Done.
	Creating sequence for 'tokocrypto'... Training group 1, split 1
	Early stopping at epoch 13
	Y Train Labels:(array([1.], dtype=float32), array([278]))
	Y Val Labels:(array([0., 1.], dtype=float32), array([249,  29]))
Training group 1, split 2
	Early stopping at epoch 30
	Y Train Labels:(array([0., 1.], dtype=float32), array([249, 307]))
	Y Val Labels:(array([0.], dtype=float32), array([278]))
Training group 1, split 3
	Early stopping at epoch 13
	Y Train Labels:(array([0., 1.], dtype=float32), array([527, 307]))
	Y Val Labels:(array([0.], dtype=float32), array([278]))
Done.
	Creating sequence for 'genesysgo-shadow'... Training group 2, split 1
	Y Train Labels:(array([1.], dtype=float32), array([234]))
	Y Val Labels:(array([1.], dtype=float32), array([233]))
Training group 2, split 2
	Y Train Labels:(array([1.], dtype=float32), array([467]))
	Y Val Labels:(array([1.], dtype=float32), array([233]))
Training group 2, split 3
	Y Train Labels:(array([1.], dtype=float32), array([700]))
	Y Val Labels:(array([1.], dtype=float32), array([233]))
Done.
	Creating sequence for 'islamicoin'... Training group 3, split 1
	Early stopping at epoch 44
	Y Train Labels:(array([0., 1.], dtype=float32), array([172,  39]))
	Y Val Labels:(array([0.], dtype=float32), array([209]))
Training group 3, split 2
	Early stopping at epoch 48
	Y Train Labels:(array([0., 1.], dtype=float32), array([381,  39]))
	Y Val Labels:(array([0.], dtype=float32), array([209]))
Training group 3, split 3
	Early stopping at epoch 39
	Y Train Labels:(array([0., 1.], dtype=float32), array([590,  39]))
	Y Val Labels:(array([0.], dtype=float32), array([209]))
Done.
	Creating sequence for 'nuco-cloud'... Training group 4, split 1
	Y Train Labels:(array([1.], dtype=float32), array([355]))
	Y Val Labels:(array([1.], dtype=float32), array([354]))
Training group 4, split 2
	Y Train Labels:(array([1.], dtype=float32), array([709]))
	Y Val Labels:(array([1.], dtype=float32), array([354]))
Training group 4, split 3
