


--------------------------------------------------
Starting lstm.py at '2024-10-23 19:04:07.371645'.
Reading '../classifiedDAOs.json'... Done.
Total training Data: 1578
DAOs trained so far:344
Size of training set: 760
Size of test set: 474
Preparing data for training...
Preparing data for testing...
Parameters:
	Num epochs: 60
	Initial learning rate: 0.001
	Patience: 12
	Window size: 60
	Timeseries splits: 3
	Minimum number of timeseries datapoints: 64
Gradient boosting params: 
	{"max_depth": 3, "learning_rate": 0.05, "n_estimators": 100, "objective": "binary:logistic", "eval_metric": "logloss"}
	Creating sequence for 'exmo-coin'... Training group 0, split 1
	Y Train Labels:(array([1.], dtype=float32), array([424]))
	Y Val Labels:(array([1.], dtype=float32), array([424]))
Training group 0, split 2
	Early stopping at epoch 13
	Y Train Labels:(array([1.], dtype=float32), array([848]))
	Y Val Labels:(array([0., 1.], dtype=float32), array([  3, 421]))
Training group 0, split 3
	Early stopping at epoch 13
	Y Train Labels:(array([0., 1.], dtype=float32), array([   3, 1269]))
	Y Val Labels:(array([0.], dtype=float32), array([424]))
Done.
	Creating sequence for 'monacoin'... Training group 1, split 1
	Y Train Labels:(array([1.], dtype=float32), array([938]))
	Y Val Labels:(array([1.], dtype=float32), array([938]))
Training group 1, split 2
	Early stopping at epoch 13
	Y Train Labels:(array([1.], dtype=float32), array([1876]))
	Y Val Labels:(array([0., 1.], dtype=float32), array([317, 621]))
Training group 1, split 3
	Y Train Labels:(array([0., 1.], dtype=float32), array([ 317, 2497]))
	Y Val Labels:(array([0.], dtype=float32), array([938]))
Done.
	Creating sequence for 'decentr'... Training group 2, split 1
	Y Train Labels:(array([1.], dtype=float32), array([349]))
	Y Val Labels:(array([1.], dtype=float32), array([349]))
Training group 2, split 2
	Y Train Labels:(array([1.], dtype=float32), array([698]))
	Y Val Labels:(array([1.], dtype=float32), array([349]))
Training group 2, split 3
	Early stopping at epoch 13
	Y Train Labels:(array([1.], dtype=float32), array([1047]))
	Y Val Labels:(array([0., 1.], dtype=float32), array([118, 231]))
Done.
	Creating sequence for 'amaterasu-omikami'... Training group 3, split 1
	Y Train Labels:(array([1.], dtype=float32), array([80]))
	Y Val Labels:(array([1.], dtype=float32), array([77]))
Training group 3, split 2
	Y Train Labels:(array([1.], dtype=float32), array([157]))
	Y Val Labels:(array([1.], dtype=float32), array([77]))
Training group 3, split 3
	Early stopping at epoch 13
	Y Train Labels:(array([1.], dtype=float32), array([234]))
	Y Val Labels:(array([0., 1.], dtype=float32), array([ 9, 68]))
Done.
	Creating sequence for 'aave-mana'... Skipped.
	Creating sequence for 'compound-basic-attention-token'... Training group 4, split 1
	Y Train Labels:(array([1.], dtype=float32), array([263]))
	Y Val Labels:(array([1.], dtype=float32), array([261]))
Training group 4, split 2
	Early stopping at epoch 13
	Y Train Labels:(array([1.], dtype=float32), array([524]))
	Y Val Labels:(array([0., 1.], dtype=float32), array([211,  50]))
Training group 4, split 3
	Early stopping at epoch 52
	Y Train Labels:(array([0., 1.], dtype=float32), array([211, 574]))
	Y Val Labels:(array([0.], dtype=float32), array([261]))
Done.
	Creating sequence for 'bistroo'... Training group 5, split 1
	Early stopping at epoch 13
	Y Train Labels:(array([0., 1.], dtype=float32), array([ 21, 271]))
	Y Val Labels:(array([0.], dtype=float32), array([291]))
Training group 5, split 2
	Early stopping at epoch 45
	Y Train Labels:(array([0., 1.], dtype=float32), array([312, 271]))
	Y Val Labels:(array([0.], dtype=float32), array([291]))
Training group 5, split 3
	Early stopping at epoch 34
	Y Train Labels:(array([0., 1.], dtype=float32), array([603, 271]))
	Y Val Labels:(array([0.], dtype=float32), array([291]))
Done.
	Creating sequence for 'credefi'... Training group 6, split 1
	Y Train Labels:(array([1.], dtype=float32), array([242]))
	Y Val Labels:(array([1.], dtype=float32), array([239]))
Training group 6, split 2
	Y Train Labels:(array([1.], dtype=float32), array([481]))
	Y Val Labels:(array([1.], dtype=float32), array([239]))
Training group 6, split 3
	Y Train Labels:(array([1.], dtype=float32), array([720]))
	Y Val Labels:(array([1.], dtype=float32), array([239]))
Done.
	Creating sequence for 'netvrk'... Training group 7, split 1
	Early stopping at epoch 13
	Y Train Labels:(array([1.], dtype=float32), array([165]))
	Y Val Labels:(array([0., 1.], dtype=float32), array([73, 91]))
Training group 7, split 2
	Y Train Labels:(array([0., 1.], dtype=float32), array([ 73, 256]))
	Y Val Labels:(array([0.], dtype=float32), array([164]))
Training group 7, split 3
	Early stopping at epoch 31
	Y Train Labels:(array([0., 1.], dtype=float32), array([237, 256]))
	Y Val Labels:(array([0.], dtype=float32), array([164]))
Done.
	Creating sequence for 'defichain'... Training group 8, split 1
	Y Train Labels:(array([1.], dtype=float32), array([255]))
	Y Val Labels:(array([1.], dtype=float32), array([254]))
Training group 8, split 2
	Y Train Labels:(array([1.], dtype=float32), array([509]))
	Y Val Labels:(array([1.], dtype=float32), array([254]))
Training group 8, split 3
