


--------------------------------------------------
Starting lstm.py at '2024-10-26 22:23:13.231889'.
Reading '../classifiedDAOs.json'... Done.
Total training Data: 1578
DAOs trained so far:118
Size of training set: 986
Size of test set: 474
Preparing data for training...
Preparing data for testing...
Parameters:
	Num epochs: 60
	Initial learning rate: 0.001
	Patience: 12
	Window size: 60
	Timeseries splits: 3
	Minimum number of timeseries datapoints: 64
Gradient boosting params: 
	{"max_depth": 3, "learning_rate": 0.05, "n_estimators": 100, "objective": "binary:logistic", "eval_metric": "logloss"}
	Creating sequence for 'paxe'... Skipped.
	Creating sequence for 'chronicle'... Training group 0, split 1
	Early stopping at epoch 13
	Y Train Labels:(array([1.], dtype=float32), array([263]))
	Y Val Labels:(array([0., 1.], dtype=float32), array([ 75, 185]))
Training group 0, split 2
	Early stopping at epoch 13
	Y Train Labels:(array([0., 1.], dtype=float32), array([ 75, 448]))
	Y Val Labels:(array([0.], dtype=float32), array([260]))
Training group 0, split 3
	Early stopping at epoch 13
	Y Train Labels:(array([0., 1.], dtype=float32), array([335, 448]))
	Y Val Labels:(array([0.], dtype=float32), array([260]))
Done.
	Creating sequence for 'amber'... Training group 1, split 1
	Early stopping at epoch 13
	Y Train Labels:(array([1.], dtype=float32), array([274]))
	Y Val Labels:(array([1.], dtype=float32), array([273]))
Training group 1, split 2
	Early stopping at epoch 13
	Y Train Labels:(array([1.], dtype=float32), array([547]))
	Y Val Labels:(array([1.], dtype=float32), array([273]))
Training group 1, split 3
	Early stopping at epoch 13
	Y Train Labels:(array([1.], dtype=float32), array([820]))
	Y Val Labels:(array([1.], dtype=float32), array([273]))
Done.
	Creating sequence for 'befe'... Training group 2, split 1
	Early stopping at epoch 13
	Y Train Labels:(array([1.], dtype=float32), array([64]))
	Y Val Labels:(array([0., 1.], dtype=float32), array([43, 19]))
Training group 2, split 2
	Early stopping at epoch 13
	Y Train Labels:(array([0., 1.], dtype=float32), array([43, 83]))
	Y Val Labels:(array([0.], dtype=float32), array([62]))
Training group 2, split 3
	Early stopping at epoch 13
	Y Train Labels:(array([0., 1.], dtype=float32), array([105,  83]))
	Y Val Labels:(array([0.], dtype=float32), array([62]))
Done.
	Creating sequence for 'timeless'... Training group 3, split 1
	Early stopping at epoch 13
	Y Train Labels:(array([1.], dtype=float32), array([118]))
	Y Val Labels:(array([1.], dtype=float32), array([115]))
Training group 3, split 2
	Early stopping at epoch 13
	Y Train Labels:(array([1.], dtype=float32), array([233]))
	Y Val Labels:(array([1.], dtype=float32), array([115]))
Training group 3, split 3
	Early stopping at epoch 13
	Y Train Labels:(array([1.], dtype=float32), array([348]))
	Y Val Labels:(array([1.], dtype=float32), array([115]))
Done.
	Creating sequence for 'golff'... Training group 4, split 1
	Early stopping at epoch 13
	Y Train Labels:(array([1.], dtype=float32), array([339]))
	Y Val Labels:(array([1.], dtype=float32), array([337]))
Training group 4, split 2
	Early stopping at epoch 13
	Y Train Labels:(array([1.], dtype=float32), array([676]))
	Y Val Labels:(array([0., 1.], dtype=float32), array([201, 136]))
Training group 4, split 3
