


--------------------------------------------------
Starting lstm.py at '2024-10-25 12:28:08.982565'.
Reading './balancedDataset.json'... Done.
Total training Data: 1030
DAOs trained so far:601
Size of training set: 120
Size of test set: 309
Preparing data for training...
Preparing data for testing...
Parameters:
	Num epochs: 60
	Initial learning rate: 0.001
	Patience: 12
	Window size: 60
	Timeseries splits: 3
	Minimum number of timeseries datapoints: 64
Gradient boosting params: 
	{"max_depth": 3, "learning_rate": 0.05, "n_estimators": 100, "objective": "binary:logistic", "eval_metric": "logloss"}
	Creating sequence for 'syscoin'... Training group 0, split 1
	Y Train Labels:(array([1.], dtype=float32), array([587]))
	Y Val Labels:(array([1.], dtype=float32), array([585]))
Training group 0, split 2
	Y Train Labels:(array([1.], dtype=float32), array([1172]))
	Y Val Labels:(array([1.], dtype=float32), array([585]))
Training group 0, split 3
	Y Train Labels:(array([1.], dtype=float32), array([1757]))
	Y Val Labels:(array([1.], dtype=float32), array([585]))
Done.
	Creating sequence for 'forta'... Training group 1, split 1
	Y Train Labels:(array([1.], dtype=float32), array([166]))
	Y Val Labels:(array([1.], dtype=float32), array([163]))
Training group 1, split 2
	Y Train Labels:(array([1.], dtype=float32), array([329]))
	Y Val Labels:(array([1.], dtype=float32), array([163]))
Training group 1, split 3
	Y Train Labels:(array([1.], dtype=float32), array([492]))
	Y Val Labels:(array([1.], dtype=float32), array([163]))
Done.
	Creating sequence for 'usdd'... Training group 2, split 1
	Y Train Labels:(array([1.], dtype=float32), array([196]))
	Y Val Labels:(array([1.], dtype=float32), array([195]))
Training group 2, split 2
	Y Train Labels:(array([1.], dtype=float32), array([391]))
	Y Val Labels:(array([1.], dtype=float32), array([195]))
Training group 2, split 3
	Y Train Labels:(array([1.], dtype=float32), array([586]))
	Y Val Labels:(array([1.], dtype=float32), array([195]))
Done.
	Creating sequence for 'kadena'... Training group 3, split 1
	Y Train Labels:(array([1.], dtype=float32), array([367]))
	Y Val Labels:(array([1.], dtype=float32), array([365]))
Training group 3, split 2
	Y Train Labels:(array([1.], dtype=float32), array([732]))
	Y Val Labels:(array([1.], dtype=float32), array([365]))
Training group 3, split 3
	Y Train Labels:(array([1.], dtype=float32), array([1097]))
	Y Val Labels:(array([1.], dtype=float32), array([365]))
Done.
	Creating sequence for 'jackpool-finance'... Training group 4, split 1
	Early stopping at epoch 44
	Y Train Labels:(array([0., 1.], dtype=float32), array([ 66, 255]))
	Y Val Labels:(array([0.], dtype=float32), array([319]))
Training group 4, split 2
	Early stopping at epoch 28
	Y Train Labels:(array([0., 1.], dtype=float32), array([385, 255]))
	Y Val Labels:(array([0.], dtype=float32), array([319]))
Training group 4, split 3
	Early stopping at epoch 29
	Y Train Labels:(array([0., 1.], dtype=float32), array([704, 255]))
	Y Val Labels:(array([0.], dtype=float32), array([319]))
Done.
	Creating sequence for 'conun'... Training group 5, split 1
	Y Train Labels:(array([1.], dtype=float32), array([367]))
	Y Val Labels:(array([1.], dtype=float32), array([366]))
Training group 5, split 2
	Y Train Labels:(array([1.], dtype=float32), array([733]))
	Y Val Labels:(array([1.], dtype=float32), array([366]))
Training group 5, split 3
	Early stopping at epoch 13
	Y Train Labels:(array([1.], dtype=float32), array([1099]))
	Y Val Labels:(array([0., 1.], dtype=float32), array([ 34, 332]))
Done.
	Creating sequence for 'handshake'... Training group 6, split 1
	Y Train Labels:(array([1.], dtype=float32), array([388]))
	Y Val Labels:(array([1.], dtype=float32), array([387]))
Training group 6, split 2
