


--------------------------------------------------
Starting lstm.py at '2024-10-23 20:30:29.700822'.
Reading '../classifiedDAOs.json'... Done.
Total training Data: 1578
DAOs trained so far:821
Size of training set: 283
Size of test set: 474
Preparing data for training...
Preparing data for testing...
Parameters:
	Num epochs: 60
	Initial learning rate: 0.001
	Patience: 12
	Window size: 60
	Timeseries splits: 3
	Minimum number of timeseries datapoints: 64
Gradient boosting params: 
	{"max_depth": 3, "learning_rate": 0.05, "n_estimators": 100, "objective": "binary:logistic", "eval_metric": "logloss"}
	Creating sequence for 'bitcoin-cash'... Training group 0, split 1
	Y Train Labels:(array([1.], dtype=float32), array([640]))
	Y Val Labels:(array([1.], dtype=float32), array([640]))
Training group 0, split 2
	Early stopping at epoch 13
	Y Train Labels:(array([1.], dtype=float32), array([1280]))
	Y Val Labels:(array([0., 1.], dtype=float32), array([361, 279]))
Training group 0, split 3
	Early stopping at epoch 28
	Y Train Labels:(array([0., 1.], dtype=float32), array([ 361, 1559]))
	Y Val Labels:(array([0.], dtype=float32), array([640]))
Done.
	Creating sequence for 'natus-vincere-fan-token'... Training group 1, split 1
	Early stopping at epoch 23
	Y Train Labels:(array([0., 1.], dtype=float32), array([181, 138]))
	Y Val Labels:(array([0.], dtype=float32), array([319]))
Training group 1, split 2
	Early stopping at epoch 41
	Y Train Labels:(array([0., 1.], dtype=float32), array([500, 138]))
	Y Val Labels:(array([0.], dtype=float32), array([319]))
Training group 1, split 3
	Early stopping at epoch 20
	Y Train Labels:(array([0., 1.], dtype=float32), array([819, 138]))
	Y Val Labels:(array([0.], dtype=float32), array([319]))
Done.
	Creating sequence for 'sohotrn'... Training group 2, split 1
	Early stopping at epoch 13
	Y Train Labels:(array([0., 1.], dtype=float32), array([32,  5]))
	Y Val Labels:(array([0.], dtype=float32), array([35]))
Training group 2, split 2
	Early stopping at epoch 56
	Y Train Labels:(array([0., 1.], dtype=float32), array([67,  5]))
	Y Val Labels:(array([0.], dtype=float32), array([35]))
Training group 2, split 3
	Y Train Labels:(array([0., 1.], dtype=float32), array([102,   5]))
	Y Val Labels:(array([0.], dtype=float32), array([35]))
Done.
	Creating sequence for 'bitcoin-atom'... Training group 3, split 1
	Early stopping at epoch 29
	Y Train Labels:(array([1.], dtype=float32), array([570]))
	Y Val Labels:(array([1.], dtype=float32), array([569]))
Training group 3, split 2
	Early stopping at epoch 15
	Y Train Labels:(array([1.], dtype=float32), array([1139]))
	Y Val Labels:(array([1.], dtype=float32), array([569]))
Training group 3, split 3
	Early stopping at epoch 18
	Y Train Labels:(array([1.], dtype=float32), array([1708]))
	Y Val Labels:(array([1.], dtype=float32), array([569]))
Done.
	Creating sequence for 'grand-base'... Training group 4, split 1
	Early stopping at epoch 26
	Y Train Labels:(array([0.], dtype=float32), array([35]))
	Y Val Labels:(array([0.], dtype=float32), array([32]))
Training group 4, split 2
	Early stopping at epoch 40
	Y Train Labels:(array([0.], dtype=float32), array([67]))
	Y Val Labels:(array([0.], dtype=float32), array([32]))
Training group 4, split 3
	Early stopping at epoch 24
	Y Train Labels:(array([0.], dtype=float32), array([99]))
	Y Val Labels:(array([0.], dtype=float32), array([32]))
Done.
	Creating sequence for 'wrapped-eeth'... Training group 5, split 1
	Y Train Labels:(array([1.], dtype=float32), array([58]))
	Y Val Labels:(array([1.], dtype=float32), array([56]))
Training group 5, split 2
	Y Train Labels:(array([1.], dtype=float32), array([114]))
	Y Val Labels:(array([1.], dtype=float32), array([56]))
Training group 5, split 3
	Y Train Labels:(array([1.], dtype=float32), array([170]))
	Y Val Labels:(array([1.], dtype=float32), array([56]))
Done.
	Creating sequence for 'nosana'... Training group 6, split 1
	Early stopping at epoch 35
	Y Train Labels:(array([1.], dtype=float32), array([231]))
	Y Val Labels:(array([1.], dtype=float32), array([230]))
Training group 6, split 2
	Early stopping at epoch 29
	Y Train Labels:(array([1.], dtype=float32), array([461]))
	Y Val Labels:(array([1.], dtype=float32), array([230]))
Training group 6, split 3
	Early stopping at epoch 25
	Y Train Labels:(array([1.], dtype=float32), array([691]))
	Y Val Labels:(array([1.], dtype=float32), array([230]))
Done.
	Creating sequence for 'star-atlas'... Training group 7, split 1
	Early stopping at epoch 45
	Y Train Labels:(array([0., 1.], dtype=float32), array([ 88, 154]))
	Y Val Labels:(array([0.], dtype=float32), array([239]))
Training group 7, split 2
	Early stopping at epoch 31
	Y Train Labels:(array([0., 1.], dtype=float32), array([327, 154]))
	Y Val Labels:(array([0.], dtype=float32), array([239]))
Training group 7, split 3
	Early stopping at epoch 19
	Y Train Labels:(array([0., 1.], dtype=float32), array([566, 154]))
	Y Val Labels:(array([0.], dtype=float32), array([239]))
Done.
	Creating sequence for 'inspect'... Training group 8, split 1
	Y Train Labels:(array([1.], dtype=float32), array([60]))
	Y Val Labels:(array([1.], dtype=float32), array([58]))
Training group 8, split 2
	Y Train Labels:(array([1.], dtype=float32), array([118]))
	Y Val Labels:(array([1.], dtype=float32), array([58]))
Training group 8, split 3
	Y Train Labels:(array([1.], dtype=float32), array([176]))
	Y Val Labels:(array([1.], dtype=float32), array([58]))
Done.
	Creating sequence for 'arcblock'... Training group 9, split 1
	Early stopping at epoch 36
	Y Train Labels:(array([1.], dtype=float32), array([576]))
	Y Val Labels:(array([1.], dtype=float32), array([574]))
Training group 9, split 2
