


--------------------------------------------------
Starting lstm.py at '2024-10-13 19:34:51.789053'.
Reading './isDaoActiveData(4).json'... Done.
Total training Data: 379
DAOs trained so far:4
Size of training set: 261
Size of test set: 114
Preparing data for training...
Preparing data for testing...
Parameters:
	Num epochs: 60
	Initial learning rate: 0.001
	Patience: 12
	Window size: 60
	Timeseries splits: 3
	Minimum number of timeseries datapoints: 64
Gradient boosting params: 
	{"max_depth": 3, "learning_rate": 0.05, "n_estimators": 100, "objective": "binary:logistic", "eval_metric": "logloss"}
	Creating sequence for 'alchemist'... Training group 0, split 1
	Early stopping at epoch 13
	Y Train Labels:(array([1.], dtype=float32), array([284]))
	Y Val Labels:(array([0., 1.], dtype=float32), array([187,  97]))
Training group 0, split 2
	Early stopping at epoch 13
	Y Train Labels:(array([0., 1.], dtype=float32), array([187, 381]))
	Y Val Labels:(array([0.], dtype=float32), array([284]))
Training group 0, split 3
	Early stopping at epoch 13
	Y Train Labels:(array([0., 1.], dtype=float32), array([471, 381]))
	Y Val Labels:(array([0.], dtype=float32), array([284]))
Done.
	Creating sequence for 'cnns'... Training group 1, split 1
	Early stopping at epoch 13
	Y Train Labels:(array([1.], dtype=float32), array([74]))
	Y Val Labels:(array([1.], dtype=float32), array([71]))
Training group 1, split 2
	Early stopping at epoch 13
	Y Train Labels:(array([1.], dtype=float32), array([145]))
	Y Val Labels:(array([1.], dtype=float32), array([71]))
Training group 1, split 3
	Early stopping at epoch 13
	Y Train Labels:(array([1.], dtype=float32), array([216]))
	Y Val Labels:(array([1.], dtype=float32), array([71]))
Done.
	Creating sequence for 'bnktothefuture'... Training group 2, split 1
	Early stopping at epoch 13
	Y Train Labels:(array([1.], dtype=float32), array([563]))
	Y Val Labels:(array([1.], dtype=float32), array([560]))
Training group 2, split 2
	Early stopping at epoch 13
	Y Train Labels:(array([1.], dtype=float32), array([1123]))
	Y Val Labels:(array([1.], dtype=float32), array([560]))
Training group 2, split 3
	Early stopping at epoch 13
	Y Train Labels:(array([1.], dtype=float32), array([1683]))
	Y Val Labels:(array([0., 1.], dtype=float32), array([499,  61]))
Done.
	Creating sequence for 'cornucopias'... Training group 3, split 1
	Early stopping at epoch 13
	Y Train Labels:(array([1.], dtype=float32), array([242]))
	Y Val Labels:(array([1.], dtype=float32), array([239]))
Training group 3, split 2
	Early stopping at epoch 13
	Y Train Labels:(array([1.], dtype=float32), array([481]))
	Y Val Labels:(array([1.], dtype=float32), array([239]))
Training group 3, split 3
	Early stopping at epoch 13
	Y Train Labels:(array([1.], dtype=float32), array([720]))
	Y Val Labels:(array([0., 1.], dtype=float32), array([139, 100]))
Done.
	Creating sequence for 'aave-busd'... Skipped.
	Creating sequence for 'base-protocol'... Training group 4, split 1
	Early stopping at epoch 13
	Y Train Labels:(array([1.], dtype=float32), array([298]))
	Y Val Labels:(array([1.], dtype=float32), array([298]))
Training group 4, split 2
	Early stopping at epoch 13
	Y Train Labels:(array([1.], dtype=float32), array([596]))
	Y Val Labels:(array([1.], dtype=float32), array([298]))
Training group 4, split 3
	Early stopping at epoch 13
	Y Train Labels:(array([1.], dtype=float32), array([894]))
	Y Val Labels:(array([0., 1.], dtype=float32), array([  6, 292]))
Done.
	Creating sequence for 'algorand'... Training group 5, split 1
	Early stopping at epoch 13
	Y Train Labels:(array([1.], dtype=float32), array([453]))
	Y Val Labels:(array([1.], dtype=float32), array([451]))
Training group 5, split 2
