


--------------------------------------------------
Starting lstm.py at '2024-10-27 00:53:08.121869'.
Reading '../classifiedDAOs.json'... Done.
Total training Data: 1578
DAOs trained so far:910
Size of training set: 194
Size of test set: 474
Preparing data for training...
Preparing data for testing...
Parameters:
	Num epochs: 60
	Initial learning rate: 0.001
	Patience: 12
	Window size: 60
	Timeseries splits: 3
	Minimum number of timeseries datapoints: 64
Gradient boosting params: 
	{"max_depth": 3, "learning_rate": 0.05, "n_estimators": 100, "objective": "binary:logistic", "eval_metric": "logloss"}
	Creating sequence for 'xdai'... Training group 0, split 1
	Y Train Labels:(array([1.], dtype=float32), array([366]))
	Y Val Labels:(array([1.], dtype=float32), array([365]))
Training group 0, split 2
	Early stopping at epoch 13
	Y Train Labels:(array([1.], dtype=float32), array([731]))
	Y Val Labels:(array([0., 1.], dtype=float32), array([334,  31]))
Training group 0, split 3
	Early stopping at epoch 32
	Y Train Labels:(array([0., 1.], dtype=float32), array([334, 762]))
	Y Val Labels:(array([0.], dtype=float32), array([365]))
Done.
	Creating sequence for 'ardor'... Training group 1, split 1
	Y Train Labels:(array([1.], dtype=float32), array([574]))
	Y Val Labels:(array([1.], dtype=float32), array([571]))
Training group 1, split 2
	Y Train Labels:(array([1.], dtype=float32), array([1145]))
	Y Val Labels:(array([1.], dtype=float32), array([571]))
Training group 1, split 3
	Early stopping at epoch 13
	Y Train Labels:(array([1.], dtype=float32), array([1716]))
	Y Val Labels:(array([0., 1.], dtype=float32), array([459, 112]))
Done.
	Creating sequence for 'derivadao'... Training group 2, split 1
	Y Train Labels:(array([1.], dtype=float32), array([239]))
	Y Val Labels:(array([1.], dtype=float32), array([236]))
Training group 2, split 2
	Y Train Labels:(array([1.], dtype=float32), array([475]))
	Y Val Labels:(array([1.], dtype=float32), array([236]))
Training group 2, split 3
	Early stopping at epoch 13
	Y Train Labels:(array([1.], dtype=float32), array([711]))
	Y Val Labels:(array([0., 1.], dtype=float32), array([113, 123]))
Done.
	Creating sequence for 'first-digital-usd'... 5403
Done.
	Creating sequence for 'mongcoin'... Training group 4, split 1
	Y Train Labels:(array([0.], dtype=float32), array([99]))
	Y Val Labels:(array([0.], dtype=float32), array([96]))
Training group 4, split 2
	Y Train Labels:(array([0.], dtype=float32), array([195]))
	Y Val Labels:(array([0.], dtype=float32), array([96]))
Training group 4, split 3
	Y Train Labels:(array([0.], dtype=float32), array([291]))
	Y Val Labels:(array([0.], dtype=float32), array([96]))
Done.
	Creating sequence for 'symbiosis-finance'... Training group 5, split 1
	Early stopping at epoch 13
	Y Train Labels:(array([0., 1.], dtype=float32), array([151,  91]))
	Y Val Labels:(array([0.], dtype=float32), array([240]))
Training group 5, split 2
	Y Train Labels:(array([0., 1.], dtype=float32), array([391,  91]))
	Y Val Labels:(array([0.], dtype=float32), array([240]))
Training group 5, split 3
