


--------------------------------------------------
Starting lstm.py at '2024-10-26 23:59:16.701667'.
Reading '../classifiedDAOs.json'... Done.
Total training Data: 1578
DAOs trained so far:764
Size of training set: 340
Size of test set: 474
Preparing data for training...
Preparing data for testing...
Parameters:
	Num epochs: 60
	Initial learning rate: 0.001
	Patience: 12
	Window size: 60
	Timeseries splits: 3
	Minimum number of timeseries datapoints: 64
Gradient boosting params: 
	{"max_depth": 3, "learning_rate": 0.05, "n_estimators": 100, "objective": "binary:logistic", "eval_metric": "logloss"}
	Creating sequence for 'wat'... Training group 0, split 1
	Early stopping at epoch 13
	Y Train Labels:(array([0.], dtype=float32), array([11]))
	Y Val Labels:(array([0.], dtype=float32), array([9]))
Training group 0, split 2
	Early stopping at epoch 13
	Y Train Labels:(array([0.], dtype=float32), array([20]))
	Y Val Labels:(array([0.], dtype=float32), array([9]))
Training group 0, split 3
	Early stopping at epoch 13
	Y Train Labels:(array([0.], dtype=float32), array([29]))
	Y Val Labels:(array([0.], dtype=float32), array([9]))
Done.
	Creating sequence for 'cyclone-protocol'... Training group 1, split 1
	Early stopping at epoch 13
	Y Train Labels:(array([1.], dtype=float32), array([303]))
	Y Val Labels:(array([0., 1.], dtype=float32), array([268,  35]))
Training group 1, split 2
	Early stopping at epoch 13
	Y Train Labels:(array([0., 1.], dtype=float32), array([268, 338]))
	Y Val Labels:(array([0.], dtype=float32), array([303]))
Training group 1, split 3
	Early stopping at epoch 13
	Y Train Labels:(array([0., 1.], dtype=float32), array([571, 338]))
	Y Val Labels:(array([0.], dtype=float32), array([303]))
Done.
	Creating sequence for 'trustswap'... Training group 2, split 1
	Early stopping at epoch 13
	Y Train Labels:(array([1.], dtype=float32), array([371]))
	Y Val Labels:(array([0., 1.], dtype=float32), array([149, 220]))
Training group 2, split 2
	Early stopping at epoch 13
	Y Train Labels:(array([0., 1.], dtype=float32), array([149, 591]))
	Y Val Labels:(array([0.], dtype=float32), array([369]))
Training group 2, split 3
	Early stopping at epoch 13
	Y Train Labels:(array([0., 1.], dtype=float32), array([518, 591]))
	Y Val Labels:(array([0.], dtype=float32), array([369]))
Done.
	Creating sequence for 'ime-lab'... Training group 3, split 1
	Early stopping at epoch 13
	Y Train Labels:(array([1.], dtype=float32), array([284]))
	Y Val Labels:(array([1.], dtype=float32), array([282]))
Training group 3, split 2
	Early stopping at epoch 13
	Y Train Labels:(array([1.], dtype=float32), array([566]))
	Y Val Labels:(array([1.], dtype=float32), array([282]))
Training group 3, split 3
	Early stopping at epoch 13
	Y Train Labels:(array([1.], dtype=float32), array([848]))
	Y Val Labels:(array([1.], dtype=float32), array([282]))
Done.
	Creating sequence for 'safemoon-inu'... Training group 4, split 1
	Early stopping at epoch 13
	Y Train Labels:(array([0., 1.], dtype=float32), array([ 82, 208]))
	Y Val Labels:(array([0.], dtype=float32), array([290]))
Training group 4, split 2
	Early stopping at epoch 13
	Y Train Labels:(array([0., 1.], dtype=float32), array([372, 208]))
	Y Val Labels:(array([0.], dtype=float32), array([290]))
Training group 4, split 3
	Early stopping at epoch 13
	Y Train Labels:(array([0., 1.], dtype=float32), array([662, 208]))
	Y Val Labels:(array([0.], dtype=float32), array([290]))
Done.
	Creating sequence for 'sylo'... Training group 5, split 1
	Early stopping at epoch 13
	Y Train Labels:(array([1.], dtype=float32), array([378]))
	Y Val Labels:(array([1.], dtype=float32), array([378]))
Training group 5, split 2
