


--------------------------------------------------
Starting lstm.py at '2024-10-23 19:55:21.685651'.
Reading '../classifiedDAOs.json'... Done.
Total training Data: 1578
DAOs trained so far:627
Size of training set: 477
Size of test set: 474
Preparing data for training...
Preparing data for testing...
Parameters:
	Num epochs: 60
	Initial learning rate: 0.001
	Patience: 12
	Window size: 60
	Timeseries splits: 3
	Minimum number of timeseries datapoints: 64
Gradient boosting params: 
	{"max_depth": 3, "learning_rate": 0.05, "n_estimators": 100, "objective": "binary:logistic", "eval_metric": "logloss"}
	Creating sequence for 'daostack'... Training group 0, split 1
	Early stopping at epoch 26
	Y Train Labels:(array([1.], dtype=float32), array([534]))
	Y Val Labels:(array([1.], dtype=float32), array([534]))
Training group 0, split 2
	Y Train Labels:(array([1.], dtype=float32), array([1068]))
	Y Val Labels:(array([1.], dtype=float32), array([534]))
Training group 0, split 3
	Early stopping at epoch 13
	Y Train Labels:(array([1.], dtype=float32), array([1602]))
	Y Val Labels:(array([0., 1.], dtype=float32), array([448,  86]))
Done.
	Creating sequence for 'paribus'... Training group 1, split 1
	Early stopping at epoch 13
	Y Train Labels:(array([1.], dtype=float32), array([125]))
	Y Val Labels:(array([0., 1.], dtype=float32), array([109,  14]))
Training group 1, split 2
	Early stopping at epoch 30
	Y Train Labels:(array([0., 1.], dtype=float32), array([109, 139]))
	Y Val Labels:(array([0.], dtype=float32), array([123]))
Training group 1, split 3
	Early stopping at epoch 27
	Y Train Labels:(array([0., 1.], dtype=float32), array([232, 139]))
	Y Val Labels:(array([0.], dtype=float32), array([123]))
Done.
	Creating sequence for 'autonolas'... Training group 2, split 1
	Early stopping at epoch 41
	Y Train Labels:(array([1.], dtype=float32), array([63]))
	Y Val Labels:(array([0., 1.], dtype=float32), array([ 3, 59]))
Training group 2, split 2
	Early stopping at epoch 51
	Y Train Labels:(array([0., 1.], dtype=float32), array([  3, 122]))
	Y Val Labels:(array([0.], dtype=float32), array([62]))
Training group 2, split 3
	Y Train Labels:(array([0., 1.], dtype=float32), array([ 65, 122]))
	Y Val Labels:(array([0.], dtype=float32), array([62]))
Done.
	Creating sequence for 'connex'... Training group 3, split 1
	Y Train Labels:(array([1.], dtype=float32), array([69]))
	Y Val Labels:(array([1.], dtype=float32), array([66]))
Training group 3, split 2
	Early stopping at epoch 18
	Y Train Labels:(array([1.], dtype=float32), array([135]))
	Y Val Labels:(array([1.], dtype=float32), array([66]))
Training group 3, split 3
	Y Train Labels:(array([1.], dtype=float32), array([201]))
	Y Val Labels:(array([1.], dtype=float32), array([66]))
Done.
	Creating sequence for 'bitkub-coin'... Training group 4, split 1
	Y Train Labels:(array([1.], dtype=float32), array([153]))
	Y Val Labels:(array([1.], dtype=float32), array([151]))
Training group 4, split 2
	Y Train Labels:(array([1.], dtype=float32), array([304]))
	Y Val Labels:(array([1.], dtype=float32), array([151]))
Training group 4, split 3
	Early stopping at epoch 13
	Y Train Labels:(array([1.], dtype=float32), array([455]))
	Y Val Labels:(array([0., 1.], dtype=float32), array([57, 94]))
Done.
	Creating sequence for 'slothana'... Training group 5, split 1
	Y Train Labels:(array([0.], dtype=float32), array([22]))
	Y Val Labels:(array([0.], dtype=float32), array([19]))
Training group 5, split 2
	Y Train Labels:(array([0.], dtype=float32), array([41]))
	Y Val Labels:(array([0.], dtype=float32), array([19]))
Training group 5, split 3
	Y Train Labels:(array([0.], dtype=float32), array([60]))
	Y Val Labels:(array([0.], dtype=float32), array([19]))
Done.
	Creating sequence for 'pluton'... Training group 6, split 1
	Early stopping at epoch 15
	Y Train Labels:(array([0.], dtype=float32), array([494]))
	Y Val Labels:(array([0.], dtype=float32), array([492]))
Training group 6, split 2
	Early stopping at epoch 13
	Y Train Labels:(array([0.], dtype=float32), array([986]))
	Y Val Labels:(array([0.], dtype=float32), array([492]))
Training group 6, split 3
	Y Train Labels:(array([0.], dtype=float32), array([1478]))
	Y Val Labels:(array([0.], dtype=float32), array([492]))
Done.
	Creating sequence for 'nucypher'... Training group 7, split 1
	Y Train Labels:(array([1.], dtype=float32), array([330]))
	Y Val Labels:(array([1.], dtype=float32), array([329]))
Training group 7, split 2
	Y Train Labels:(array([1.], dtype=float32), array([659]))
	Y Val Labels:(array([1.], dtype=float32), array([329]))
Training group 7, split 3
	Y Train Labels:(array([1.], dtype=float32), array([988]))
	Y Val Labels:(array([1.], dtype=float32), array([329]))
Done.
	Creating sequence for 'looksrare'... Training group 8, split 1
	Early stopping at epoch 31
	Y Train Labels:(array([0., 1.], dtype=float32), array([ 59, 130]))
	Y Val Labels:(array([0.], dtype=float32), array([186]))
Training group 8, split 2
	Early stopping at epoch 26
	Y Train Labels:(array([0., 1.], dtype=float32), array([245, 130]))
	Y Val Labels:(array([0.], dtype=float32), array([186]))
Training group 8, split 3
