


--------------------------------------------------
Starting lstm.py at '2024-10-27 00:34:21.197189'.
Reading '../classifiedDAOs.json'... Done.
Total training Data: 1578
DAOs trained so far:865
Size of training set: 239
Size of test set: 474
Preparing data for training...
Preparing data for testing...
Parameters:
	Num epochs: 60
	Initial learning rate: 0.001
	Patience: 12
	Window size: 60
	Timeseries splits: 3
	Minimum number of timeseries datapoints: 64
Gradient boosting params: 
	{"max_depth": 3, "learning_rate": 0.05, "n_estimators": 100, "objective": "binary:logistic", "eval_metric": "logloss"}
	Creating sequence for 'coinsbit-token'... Training group 0, split 1
	Y Train Labels:(array([1.], dtype=float32), array([417]))
	Y Val Labels:(array([1.], dtype=float32), array([415]))
Training group 0, split 2
	Early stopping at epoch 13
	Y Train Labels:(array([1.], dtype=float32), array([832]))
	Y Val Labels:(array([0., 1.], dtype=float32), array([386,  29]))
Training group 0, split 3
	Early stopping at epoch 34
	Y Train Labels:(array([0., 1.], dtype=float32), array([386, 861]))
	Y Val Labels:(array([0.], dtype=float32), array([415]))
Done.
	Creating sequence for 'blockchain-monster-hunt'... Training group 1, split 1
	Early stopping at epoch 13
	Y Train Labels:(array([1.], dtype=float32), array([255]))
	Y Val Labels:(array([0., 1.], dtype=float32), array([187,  67]))
Training group 1, split 2
	Early stopping at epoch 41
	Y Train Labels:(array([0., 1.], dtype=float32), array([187, 322]))
	Y Val Labels:(array([0.], dtype=float32), array([254]))
Training group 1, split 3
	Early stopping at epoch 28
	Y Train Labels:(array([0., 1.], dtype=float32), array([441, 322]))
	Y Val Labels:(array([0.], dtype=float32), array([254]))
Done.
	Creating sequence for 'zaibot'... Training group 2, split 1
	Y Train Labels:(array([0., 1.], dtype=float32), array([36,  1]))
	Y Val Labels:(array([0.], dtype=float32), array([35]))
Training group 2, split 2
	Y Train Labels:(array([0., 1.], dtype=float32), array([71,  1]))
	Y Val Labels:(array([0.], dtype=float32), array([35]))
Training group 2, split 3
	Y Train Labels:(array([0., 1.], dtype=float32), array([106,   1]))
	Y Val Labels:(array([0.], dtype=float32), array([35]))
Done.
	Creating sequence for 'deeper-network'... Training group 3, split 1
	Y Train Labels:(array([1.], dtype=float32), array([237]))
	Y Val Labels:(array([1.], dtype=float32), array([237]))
Training group 3, split 2
	Y Train Labels:(array([1.], dtype=float32), array([474]))
	Y Val Labels:(array([1.], dtype=float32), array([237]))
Training group 3, split 3
	Y Train Labels:(array([1.], dtype=float32), array([711]))
	Y Val Labels:(array([1.], dtype=float32), array([237]))
Done.
	Creating sequence for 'newyorkcoin'... Training group 4, split 1
	Y Train Labels:(array([0.], dtype=float32), array([383]))
	Y Val Labels:(array([0.], dtype=float32), array([380]))
Training group 4, split 2
	Y Train Labels:(array([0.], dtype=float32), array([763]))
	Y Val Labels:(array([0.], dtype=float32), array([380]))
Training group 4, split 3
