


--------------------------------------------------
Starting lstm.py at '2024-10-26 22:20:47.556136'.
Reading '../classifiedDAOs.json'... Done.
Total training Data: 1578
DAOs trained so far:103
Size of training set: 1001
Size of test set: 474
Preparing data for training...
Preparing data for testing...
Parameters:
	Num epochs: 60
	Initial learning rate: 0.001
	Patience: 12
	Window size: 60
	Timeseries splits: 3
	Minimum number of timeseries datapoints: 64
Gradient boosting params: 
	{"max_depth": 3, "learning_rate": 0.05, "n_estimators": 100, "objective": "binary:logistic", "eval_metric": "logloss"}
	Creating sequence for 'icon'... Training group 0, split 1
	Early stopping at epoch 13
	Y Train Labels:(array([1.], dtype=float32), array([573]))
	Y Val Labels:(array([1.], dtype=float32), array([572]))
Training group 0, split 2
	Early stopping at epoch 13
	Y Train Labels:(array([1.], dtype=float32), array([1145]))
	Y Val Labels:(array([1.], dtype=float32), array([572]))
Training group 0, split 3
	Early stopping at epoch 13
	Y Train Labels:(array([1.], dtype=float32), array([1717]))
	Y Val Labels:(array([1.], dtype=float32), array([572]))
Done.
	Creating sequence for 'beta-finance'... Training group 1, split 1
	Early stopping at epoch 13
	Y Train Labels:(array([1.], dtype=float32), array([239]))
	Y Val Labels:(array([0., 1.], dtype=float32), array([227,  11]))
Training group 1, split 2
	Early stopping at epoch 13
	Y Train Labels:(array([0., 1.], dtype=float32), array([227, 250]))
	Y Val Labels:(array([0.], dtype=float32), array([238]))
Training group 1, split 3
	Early stopping at epoch 13
	Y Train Labels:(array([0., 1.], dtype=float32), array([465, 250]))
	Y Val Labels:(array([0.], dtype=float32), array([238]))
Done.
	Creating sequence for 'babb'... Training group 2, split 1
	Early stopping at epoch 13
	Y Train Labels:(array([1.], dtype=float32), array([572]))
	Y Val Labels:(array([1.], dtype=float32), array([572]))
Training group 2, split 2
	Early stopping at epoch 13
	Y Train Labels:(array([1.], dtype=float32), array([1144]))
	Y Val Labels:(array([1.], dtype=float32), array([572]))
Training group 2, split 3
	Early stopping at epoch 13
	Y Train Labels:(array([1.], dtype=float32), array([1716]))
	Y Val Labels:(array([0., 1.], dtype=float32), array([498,  74]))
Done.
	Creating sequence for 'harmony'... Training group 3, split 1
