


--------------------------------------------------
Starting lstm.py at '2024-10-23 20:23:58.369598'.
Reading '../classifiedDAOs.json'... Done.
Total training Data: 1578
DAOs trained so far:783
Size of training set: 321
Size of test set: 474
Preparing data for training...
Preparing data for testing...
Parameters:
	Num epochs: 60
	Initial learning rate: 0.001
	Patience: 12
	Window size: 60
	Timeseries splits: 3
	Minimum number of timeseries datapoints: 64
Gradient boosting params: 
	{"max_depth": 3, "learning_rate": 0.05, "n_estimators": 100, "objective": "binary:logistic", "eval_metric": "logloss"}
	Creating sequence for 'sirin-labs-token'... Training group 0, split 1
	Y Train Labels:(array([0.], dtype=float32), array([597]))
	Y Val Labels:(array([0.], dtype=float32), array([597]))
Training group 0, split 2
	Y Train Labels:(array([0.], dtype=float32), array([1194]))
	Y Val Labels:(array([0.], dtype=float32), array([597]))
Training group 0, split 3
	Y Train Labels:(array([0.], dtype=float32), array([1791]))
	Y Val Labels:(array([0.], dtype=float32), array([597]))
Done.
	Creating sequence for 'compound-ether'... Training group 1, split 1
	Y Train Labels:(array([0.], dtype=float32), array([57]))
	Y Val Labels:(array([0.], dtype=float32), array([56]))
Training group 1, split 2
	Y Train Labels:(array([0.], dtype=float32), array([113]))
	Y Val Labels:(array([0.], dtype=float32), array([56]))
Training group 1, split 3
	Y Train Labels:(array([0.], dtype=float32), array([169]))
	Y Val Labels:(array([0.], dtype=float32), array([56]))
Done.
	Creating sequence for 'ovr'... Training group 2, split 1
	Early stopping at epoch 42
	Y Train Labels:(array([1.], dtype=float32), array([328]))
	Y Val Labels:(array([0., 1.], dtype=float32), array([223, 102]))
Training group 2, split 2
	Early stopping at epoch 13
	Y Train Labels:(array([0., 1.], dtype=float32), array([223, 430]))
	Y Val Labels:(array([0.], dtype=float32), array([325]))
Training group 2, split 3
	Early stopping at epoch 35
	Y Train Labels:(array([0., 1.], dtype=float32), array([548, 430]))
	Y Val Labels:(array([0.], dtype=float32), array([325]))
Done.
	Creating sequence for 'ellipsis'... Training group 3, split 1
	Early stopping at epoch 20
	Y Train Labels:(array([1.], dtype=float32), array([295]))
	Y Val Labels:(array([0., 1.], dtype=float32), array([113, 182]))
Training group 3, split 2
	Early stopping at epoch 36
	Y Train Labels:(array([0., 1.], dtype=float32), array([113, 477]))
	Y Val Labels:(array([0.], dtype=float32), array([295]))
Training group 3, split 3
	Early stopping at epoch 28
	Y Train Labels:(array([0., 1.], dtype=float32), array([408, 477]))
	Y Val Labels:(array([0.], dtype=float32), array([295]))
Done.
	Creating sequence for 'cudos'... Training group 4, split 1
	Y Train Labels:(array([1.], dtype=float32), array([309]))
	Y Val Labels:(array([1.], dtype=float32), array([308]))
Training group 4, split 2
	Y Train Labels:(array([1.], dtype=float32), array([617]))
	Y Val Labels:(array([1.], dtype=float32), array([308]))
Training group 4, split 3
	Y Train Labels:(array([1.], dtype=float32), array([925]))
	Y Val Labels:(array([1.], dtype=float32), array([308]))
Done.
	Creating sequence for 'beamswap'... Training group 5, split 1
	Y Train Labels:(array([1.], dtype=float32), array([216]))
	Y Val Labels:(array([1.], dtype=float32), array([215]))
Training group 5, split 2
	Early stopping at epoch 13
	Y Train Labels:(array([1.], dtype=float32), array([431]))
	Y Val Labels:(array([0., 1.], dtype=float32), array([170,  45]))
Training group 5, split 3
	Early stopping at epoch 60
	Y Train Labels:(array([0., 1.], dtype=float32), array([170, 476]))
	Y Val Labels:(array([0.], dtype=float32), array([215]))
Done.
	Creating sequence for 'rektcoin'... Training group 6, split 1
	Y Train Labels:(array([0.], dtype=float32), array([22]))
	Y Val Labels:(array([0.], dtype=float32), array([22]))
Training group 6, split 2
	Y Train Labels:(array([0.], dtype=float32), array([44]))
	Y Val Labels:(array([0.], dtype=float32), array([22]))
Training group 6, split 3
	Y Train Labels:(array([0.], dtype=float32), array([66]))
	Y Val Labels:(array([0.], dtype=float32), array([22]))
Done.
	Creating sequence for 'stargate-finance'... Training group 7, split 1
	Y Train Labels:(array([1.], dtype=float32), array([202]))
	Y Val Labels:(array([1.], dtype=float32), array([201]))
Training group 7, split 2
	Y Train Labels:(array([1.], dtype=float32), array([403]))
	Y Val Labels:(array([1.], dtype=float32), array([201]))
Training group 7, split 3
	Y Train Labels:(array([1.], dtype=float32), array([604]))
	Y Val Labels:(array([1.], dtype=float32), array([201]))
Done.
	Creating sequence for 'stader-ethx'... Training group 8, split 1
	Early stopping at epoch 56
	Y Train Labels:(array([1.], dtype=float32), array([97]))
	Y Val Labels:(array([1.], dtype=float32), array([95]))
Training group 8, split 2
	Early stopping at epoch 24
	Y Train Labels:(array([1.], dtype=float32), array([192]))
	Y Val Labels:(array([1.], dtype=float32), array([95]))
Training group 8, split 3
	Early stopping at epoch 26
	Y Train Labels:(array([1.], dtype=float32), array([287]))
	Y Val Labels:(array([1.], dtype=float32), array([95]))
Done.
	Creating sequence for 'julswap'... Training group 9, split 1
	Early stopping at epoch 22
	Y Train Labels:(array([0., 1.], dtype=float32), array([ 70, 194]))
	Y Val Labels:(array([0.], dtype=float32), array([261]))
Training group 9, split 2
	Early stopping at epoch 27
	Y Train Labels:(array([0., 1.], dtype=float32), array([331, 194]))
	Y Val Labels:(array([0.], dtype=float32), array([261]))
Training group 9, split 3
