


--------------------------------------------------
Starting lstm.py at '2024-10-23 18:36:01.389783'.
Reading '../classifiedDAOs.json'... Done.
Total training Data: 1578
DAOs trained so far:192
Size of training set: 912
Size of test set: 474
Preparing data for training...
Preparing data for testing...
Parameters:
	Num epochs: 60
	Initial learning rate: 0.001
	Patience: 12
	Window size: 60
	Timeseries splits: 3
	Minimum number of timeseries datapoints: 64
Gradient boosting params: 
	{"max_depth": 3, "learning_rate": 0.05, "n_estimators": 100, "objective": "binary:logistic", "eval_metric": "logloss"}
	Creating sequence for 'xmax'... Training group 0, split 1
	Y Train Labels:(array([1.], dtype=float32), array([340]))
	Y Val Labels:(array([1.], dtype=float32), array([338]))
Training group 0, split 2
	Y Train Labels:(array([1.], dtype=float32), array([678]))
	Y Val Labels:(array([1.], dtype=float32), array([338]))
Training group 0, split 3
	Early stopping at epoch 13
	Y Train Labels:(array([1.], dtype=float32), array([1016]))
	Y Val Labels:(array([0., 1.], dtype=float32), array([235, 103]))
Done.
	Creating sequence for 'pchain'... Training group 1, split 1
	Early stopping at epoch 15
	Y Train Labels:(array([1.], dtype=float32), array([547]))
	Y Val Labels:(array([0., 1.], dtype=float32), array([ 87, 458]))
Training group 1, split 2
	Y Train Labels:(array([0., 1.], dtype=float32), array([  87, 1005]))
	Y Val Labels:(array([0.], dtype=float32), array([545]))
Training group 1, split 3
	Early stopping at epoch 48
	Y Train Labels:(array([0., 1.], dtype=float32), array([ 632, 1005]))
	Y Val Labels:(array([0.], dtype=float32), array([545]))
Done.
	Creating sequence for 'solarcoin'... Training group 2, split 1
	Y Train Labels:(array([1.], dtype=float32), array([682]))
	Y Val Labels:(array([1.], dtype=float32), array([680]))
Training group 2, split 2
	Early stopping at epoch 13
	Y Train Labels:(array([1.], dtype=float32), array([1362]))
	Y Val Labels:(array([0., 1.], dtype=float32), array([546, 134]))
Training group 2, split 3
	Early stopping at epoch 33
	Y Train Labels:(array([0., 1.], dtype=float32), array([ 546, 1496]))
	Y Val Labels:(array([0.], dtype=float32), array([680]))
Done.
	Creating sequence for 'bluzelle'... Training group 3, split 1
	Y Train Labels:(array([1.], dtype=float32), array([574]))
	Y Val Labels:(array([1.], dtype=float32), array([573]))
Training group 3, split 2
	Y Train Labels:(array([1.], dtype=float32), array([1147]))
	Y Val Labels:(array([1.], dtype=float32), array([573]))
Training group 3, split 3
	Y Train Labels:(array([1.], dtype=float32), array([1720]))
	Y Val Labels:(array([1.], dtype=float32), array([573]))
Done.
	Creating sequence for 'gme'... Training group 4, split 1
	Y Train Labels:(array([1.], dtype=float32), array([46]))
	Y Val Labels:(array([1.], dtype=float32), array([44]))
Training group 4, split 2
	Y Train Labels:(array([1.], dtype=float32), array([90]))
	Y Val Labels:(array([1.], dtype=float32), array([44]))
Training group 4, split 3
	Y Train Labels:(array([1.], dtype=float32), array([134]))
	Y Val Labels:(array([1.], dtype=float32), array([44]))
Done.
	Creating sequence for 'basic-attention-token'... Training group 5, split 1
	Y Train Labels:(array([1.], dtype=float32), array([481]))
	Y Val Labels:(array([1.], dtype=float32), array([480]))
Training group 5, split 2
	Y Train Labels:(array([1.], dtype=float32), array([961]))
	Y Val Labels:(array([1.], dtype=float32), array([480]))
Training group 5, split 3
