


--------------------------------------------------
Starting lstm.py at '2024-10-11 15:04:25.436189'.
Reading './isDaoActiveData(4).json'... Done.
Total training Data: 379
Size of training set: 265
Size of test set: 114
Preparing data for training...
Preparing data for testing...
Parameters:
	Num epochs: 60
	Initial learning rate: 0.001
	Patience: 12
	Window size: 60
	Timeseries splits: 3
	Minimum number of timeseries datapoints: 64
Gradient boosting params: 
	{"max_depth": 3, "learning_rate": 0.05, "n_estimators": 100, "objective": "binary:logistic", "eval_metric": "logloss", "use_label_encoder": false}
	Creating sequence for 'chiliz'... Training group 0, split 1
	Early stopping at epoch 12
	Y Train Labels:(array([1.], dtype=float32), array([464]))
	Y Val Labels:(array([1.], dtype=float32), array([463]))
Training group 0, split 2
	Early stopping at epoch 12
	Y Train Labels:(array([1.], dtype=float32), array([927]))
	Y Val Labels:(array([1.], dtype=float32), array([463]))
Training group 0, split 3
	Early stopping at epoch 12
	Y Train Labels:(array([1.], dtype=float32), array([1390]))
	Y Val Labels:(array([0., 1.], dtype=float32), array([352, 111]))
Done.
	Creating sequence for 'alphabet-erc404'... Training group 1, split 1
	Early stopping at epoch 12
	Y Train Labels:(array([0.], dtype=float32), array([33]))
	Y Val Labels:(array([0.], dtype=float32), array([33]))
Training group 1, split 2
	Early stopping at epoch 12
	Y Train Labels:(array([0.], dtype=float32), array([66]))
	Y Val Labels:(array([0.], dtype=float32), array([33]))
Training group 1, split 3
	Early stopping at epoch 12
	Y Train Labels:(array([0.], dtype=float32), array([99]))
	Y Val Labels:(array([0.], dtype=float32), array([33]))
Done.
	Creating sequence for 'across-protocol'... Training group 2, split 1
	Early stopping at epoch 12
	Y Train Labels:(array([1.], dtype=float32), array([154]))
	Y Val Labels:(array([1.], dtype=float32), array([151]))
Training group 2, split 2
	Early stopping at epoch 12
	Y Train Labels:(array([1.], dtype=float32), array([305]))
	Y Val Labels:(array([1.], dtype=float32), array([151]))
Training group 2, split 3
	Early stopping at epoch 12
	Y Train Labels:(array([1.], dtype=float32), array([456]))
	Y Val Labels:(array([1.], dtype=float32), array([151]))
Done.
	Creating sequence for 'clore-ai'... Training group 3, split 1
	Early stopping at epoch 12
	Y Train Labels:(array([1.], dtype=float32), array([108]))
	Y Val Labels:(array([1.], dtype=float32), array([105]))
Training group 3, split 2
	Early stopping at epoch 12
	Y Train Labels:(array([1.], dtype=float32), array([213]))
	Y Val Labels:(array([1.], dtype=float32), array([105]))
Training group 3, split 3
	Early stopping at epoch 12
	Y Train Labels:(array([1.], dtype=float32), array([318]))
	Y Val Labels:(array([0., 1.], dtype=float32), array([30, 75]))
Done.
	Creating sequence for 'alchemist'... 