


--------------------------------------------------
Starting lstm.py at '2024-10-25 00:08:18.614064'.
Reading './balancedDataset.json'... Done.
Total training Data: 1030
DAOs trained so far:397
Size of training set: 324
Size of test set: 309
Preparing data for training...
Preparing data for testing...
Parameters:
	Num epochs: 60
	Initial learning rate: 0.001
	Patience: 12
	Window size: 60
	Timeseries splits: 3
	Minimum number of timeseries datapoints: 64
Gradient boosting params: 
	{"max_depth": 3, "learning_rate": 0.05, "n_estimators": 100, "objective": "binary:logistic", "eval_metric": "logloss"}
	Creating sequence for 'dydx'... Training group 0, split 1
	Y Train Labels:(array([1.], dtype=float32), array([253]))
	Y Val Labels:(array([1.], dtype=float32), array([250]))
Training group 0, split 2
	Y Train Labels:(array([1.], dtype=float32), array([503]))
	Y Val Labels:(array([1.], dtype=float32), array([250]))
Training group 0, split 3
	Y Train Labels:(array([1.], dtype=float32), array([753]))
	Y Val Labels:(array([1.], dtype=float32), array([250]))
Done.
	Creating sequence for 'saucerswap'... Training group 1, split 1
	Early stopping at epoch 21
	Y Train Labels:(array([1.], dtype=float32), array([169]))
	Y Val Labels:(array([1.], dtype=float32), array([168]))
Training group 1, split 2
	Y Train Labels:(array([1.], dtype=float32), array([337]))
	Y Val Labels:(array([1.], dtype=float32), array([168]))
Training group 1, split 3
	Y Train Labels:(array([1.], dtype=float32), array([505]))
	Y Val Labels:(array([1.], dtype=float32), array([168]))
Done.
	Creating sequence for 'dia-data'... Training group 2, split 1
	Y Train Labels:(array([1.], dtype=float32), array([340]))
	Y Val Labels:(array([1.], dtype=float32), array([340]))
Training group 2, split 2
	Y Train Labels:(array([1.], dtype=float32), array([680]))
	Y Val Labels:(array([1.], dtype=float32), array([340]))
Training group 2, split 3
	Y Train Labels:(array([1.], dtype=float32), array([1020]))
	Y Val Labels:(array([1.], dtype=float32), array([340]))
Done.
	Creating sequence for 'raydium'... Training group 3, split 1
	Y Train Labels:(array([1.], dtype=float32), array([283]))
	Y Val Labels:(array([1.], dtype=float32), array([283]))
Training group 3, split 2
	Y Train Labels:(array([1.], dtype=float32), array([566]))
	Y Val Labels:(array([1.], dtype=float32), array([283]))
Training group 3, split 3
	Y Train Labels:(array([1.], dtype=float32), array([849]))
	Y Val Labels:(array([1.], dtype=float32), array([283]))
Done.
	Creating sequence for 'rogin-ai'... Training group 4, split 1
	Early stopping at epoch 46
	Y Train Labels:(array([1.], dtype=float32), array([195]))
	Y Val Labels:(array([1.], dtype=float32), array([195]))
Training group 4, split 2
	Early stopping at epoch 38
	Y Train Labels:(array([1.], dtype=float32), array([390]))
	Y Val Labels:(array([1.], dtype=float32), array([195]))
Training group 4, split 3
	Y Train Labels:(array([1.], dtype=float32), array([585]))
	Y Val Labels:(array([1.], dtype=float32), array([195]))
Done.
	Creating sequence for 'ilcoin'... Training group 5, split 1
	Early stopping at epoch 19
	Y Train Labels:(array([1.], dtype=float32), array([51]))
	Y Val Labels:(array([1.], dtype=float32), array([49]))
Training group 5, split 2
	Early stopping at epoch 59
	Y Train Labels:(array([1.], dtype=float32), array([100]))
	Y Val Labels:(array([1.], dtype=float32), array([49]))
Training group 5, split 3
	Early stopping at epoch 23
	Y Train Labels:(array([1.], dtype=float32), array([149]))
	Y Val Labels:(array([1.], dtype=float32), array([49]))
Done.
	Creating sequence for 'celo'... Training group 6, split 1
	Early stopping at epoch 52
	Y Train Labels:(array([1.], dtype=float32), array([237]))
	Y Val Labels:(array([1.], dtype=float32), array([237]))
Training group 6, split 2
	Early stopping at epoch 29
	Y Train Labels:(array([1.], dtype=float32), array([474]))
	Y Val Labels:(array([1.], dtype=float32), array([237]))
Training group 6, split 3
	Y Train Labels:(array([1.], dtype=float32), array([711]))
	Y Val Labels:(array([1.], dtype=float32), array([237]))
Done.
	Creating sequence for 'epik-protocol'... Training group 7, split 1
	Early stopping at epoch 27
	Y Train Labels:(array([1.], dtype=float32), array([296]))
	Y Val Labels:(array([0., 1.], dtype=float32), array([292,   3]))
Training group 7, split 2
	Y Train Labels:(array([0., 1.], dtype=float32), array([292, 299]))
	Y Val Labels:(array([0.], dtype=float32), array([295]))
Training group 7, split 3
	Early stopping at epoch 21
	Y Train Labels:(array([0., 1.], dtype=float32), array([587, 299]))
	Y Val Labels:(array([0.], dtype=float32), array([295]))
Done.
	Creating sequence for 'husd'... Training group 8, split 1
	Y Train Labels:(array([1.], dtype=float32), array([438]))
	Y Val Labels:(array([1.], dtype=float32), array([436]))
Training group 8, split 2
