


--------------------------------------------------
Starting lstm.py at '2024-10-26 23:02:57.071477'.
Reading '../classifiedDAOs.json'... Done.
Total training Data: 1578
DAOs trained so far:373
Size of training set: 731
Size of test set: 474
Preparing data for training...
Preparing data for testing...
Parameters:
	Num epochs: 60
	Initial learning rate: 0.001
	Patience: 12
	Window size: 60
	Timeseries splits: 3
	Minimum number of timeseries datapoints: 64
Gradient boosting params: 
	{"max_depth": 3, "learning_rate": 0.05, "n_estimators": 100, "objective": "binary:logistic", "eval_metric": "logloss"}
	Creating sequence for 'index-cooperative'... Training group 0, split 1
	Early stopping at epoch 13
	Y Train Labels:(array([1.], dtype=float32), array([298]))
	Y Val Labels:(array([1.], dtype=float32), array([296]))
Training group 0, split 2
	Early stopping at epoch 13
	Y Train Labels:(array([1.], dtype=float32), array([594]))
	Y Val Labels:(array([1.], dtype=float32), array([296]))
Training group 0, split 3
	Early stopping at epoch 13
	Y Train Labels:(array([1.], dtype=float32), array([890]))
	Y Val Labels:(array([1.], dtype=float32), array([296]))
Done.
	Creating sequence for 'kyve-network'... Training group 1, split 1
	Early stopping at epoch 13
	Y Train Labels:(array([1.], dtype=float32), array([91]))
	Y Val Labels:(array([1.], dtype=float32), array([88]))
Training group 1, split 2
	Early stopping at epoch 13
	Y Train Labels:(array([1.], dtype=float32), array([179]))
	Y Val Labels:(array([1.], dtype=float32), array([88]))
Training group 1, split 3
	Early stopping at epoch 13
	Y Train Labels:(array([1.], dtype=float32), array([267]))
	Y Val Labels:(array([0., 1.], dtype=float32), array([56, 32]))
Done.
	Creating sequence for 'litecoin'... Training group 2, split 1
	Early stopping at epoch 13
	Y Train Labels:(array([1.], dtype=float32), array([578]))
	Y Val Labels:(array([1.], dtype=float32), array([575]))
Training group 2, split 2
	Early stopping at epoch 13
	Y Train Labels:(array([1.], dtype=float32), array([1153]))
	Y Val Labels:(array([1.], dtype=float32), array([575]))
Training group 2, split 3
	Early stopping at epoch 13
	Y Train Labels:(array([1.], dtype=float32), array([1728]))
	Y Val Labels:(array([1.], dtype=float32), array([575]))
Done.
	Creating sequence for 'school-hack-coin'... Training group 3, split 1
	Early stopping at epoch 13
	Y Train Labels:(array([0.], dtype=float32), array([19]))
	Y Val Labels:(array([0.], dtype=float32), array([16]))
Training group 3, split 2
	Early stopping at epoch 13
	Y Train Labels:(array([0.], dtype=float32), array([35]))
	Y Val Labels:(array([0.], dtype=float32), array([16]))
Training group 3, split 3
	Early stopping at epoch 13
	Y Train Labels:(array([0.], dtype=float32), array([51]))
	Y Val Labels:(array([0.], dtype=float32), array([16]))
Done.
	Creating sequence for 'ankr'... Training group 4, split 1
	Early stopping at epoch 13
	Y Train Labels:(array([1.], dtype=float32), array([45]))
	Y Val Labels:(array([1.], dtype=float32), array([44]))
Training group 4, split 2
	Early stopping at epoch 13
	Y Train Labels:(array([1.], dtype=float32), array([89]))
	Y Val Labels:(array([1.], dtype=float32), array([44]))
Training group 4, split 3
	Early stopping at epoch 13
	Y Train Labels:(array([1.], dtype=float32), array([133]))
	Y Val Labels:(array([1.], dtype=float32), array([44]))
Done.
	Creating sequence for 'radio-caca'... Training group 5, split 1
	Early stopping at epoch 13
	Y Train Labels:(array([1.], dtype=float32), array([240]))
	Y Val Labels:(array([0., 1.], dtype=float32), array([ 23, 215]))
Training group 5, split 2
	Early stopping at epoch 13
	Y Train Labels:(array([0., 1.], dtype=float32), array([ 23, 455]))
	Y Val Labels:(array([0.], dtype=float32), array([238]))
Training group 5, split 3
	Early stopping at epoch 13
	Y Train Labels:(array([0., 1.], dtype=float32), array([261, 455]))
	Y Val Labels:(array([0.], dtype=float32), array([238]))
Done.
	Creating sequence for 'plastiks'... Training group 6, split 1
	Early stopping at epoch 13
	Y Train Labels:(array([1.], dtype=float32), array([242]))
	Y Val Labels:(array([1.], dtype=float32), array([241]))
Training group 6, split 2
	Early stopping at epoch 13
	Y Train Labels:(array([1.], dtype=float32), array([483]))
	Y Val Labels:(array([0., 1.], dtype=float32), array([138, 103]))
Training group 6, split 3
