


--------------------------------------------------
Starting lstm.py at '2024-10-26 23:01:37.039366'.
Reading '../classifiedDAOs.json'... Done.
Total training Data: 1578
DAOs trained so far:364
Size of training set: 740
Size of test set: 474
Preparing data for training...
Preparing data for testing...
Parameters:
	Num epochs: 60
	Initial learning rate: 0.001
	Patience: 12
	Window size: 60
	Timeseries splits: 3
	Minimum number of timeseries datapoints: 64
Gradient boosting params: 
	{"max_depth": 3, "learning_rate": 0.05, "n_estimators": 100, "objective": "binary:logistic", "eval_metric": "logloss"}
	Creating sequence for 'pibble'... Training group 0, split 1
	Early stopping at epoch 13
	Y Train Labels:(array([1.], dtype=float32), array([484]))
	Y Val Labels:(array([1.], dtype=float32), array([482]))
Training group 0, split 2
	Early stopping at epoch 13
	Y Train Labels:(array([1.], dtype=float32), array([966]))
	Y Val Labels:(array([0., 1.], dtype=float32), array([402,  80]))
Training group 0, split 3
	Early stopping at epoch 13
	Y Train Labels:(array([0., 1.], dtype=float32), array([ 402, 1046]))
	Y Val Labels:(array([0.], dtype=float32), array([482]))
Done.
	Creating sequence for 'havah'... Training group 1, split 1
	Early stopping at epoch 13
	Y Train Labels:(array([1.], dtype=float32), array([130]))
	Y Val Labels:(array([1.], dtype=float32), array([130]))
Training group 1, split 2
	Early stopping at epoch 13
	Y Train Labels:(array([1.], dtype=float32), array([260]))
	Y Val Labels:(array([1.], dtype=float32), array([130]))
Training group 1, split 3
	Early stopping at epoch 13
	Y Train Labels:(array([1.], dtype=float32), array([390]))
	Y Val Labels:(array([0., 1.], dtype=float32), array([67, 63]))
Done.
	Creating sequence for 'litentry'... Training group 2, split 1
	Early stopping at epoch 13
	Y Train Labels:(array([1.], dtype=float32), array([308]))
	Y Val Labels:(array([1.], dtype=float32), array([305]))
Training group 2, split 2
	Early stopping at epoch 13
	Y Train Labels:(array([1.], dtype=float32), array([613]))
	Y Val Labels:(array([1.], dtype=float32), array([305]))
Training group 2, split 3
	Early stopping at epoch 13
	Y Train Labels:(array([1.], dtype=float32), array([918]))
	Y Val Labels:(array([1.], dtype=float32), array([305]))
Done.
	Creating sequence for 'anchor-protocol'... Training group 3, split 1
	Early stopping at epoch 13
	Y Train Labels:(array([1.], dtype=float32), array([292]))
	Y Val Labels:(array([0., 1.], dtype=float32), array([227,  65]))
Training group 3, split 2
	Early stopping at epoch 13
	Y Train Labels:(array([0., 1.], dtype=float32), array([227, 357]))
	Y Val Labels:(array([0.], dtype=float32), array([292]))
Training group 3, split 3
	Early stopping at epoch 13
	Y Train Labels:(array([0., 1.], dtype=float32), array([519, 357]))
	Y Val Labels:(array([0.], dtype=float32), array([292]))
Done.
	Creating sequence for 'hashgard'... Training group 4, split 1
	Early stopping at epoch 13
	Y Train Labels:(array([1.], dtype=float32), array([254]))
	Y Val Labels:(array([1.], dtype=float32), array([252]))
Training group 4, split 2
	Early stopping at epoch 13
	Y Train Labels:(array([1.], dtype=float32), array([506]))
	Y Val Labels:(array([1.], dtype=float32), array([252]))
Training group 4, split 3
	Early stopping at epoch 13
	Y Train Labels:(array([1.], dtype=float32), array([758]))
	Y Val Labels:(array([1.], dtype=float32), array([252]))
Done.
	Creating sequence for 'pbtc35a'... Training group 5, split 1
	Early stopping at epoch 13
	Y Train Labels:(array([1.], dtype=float32), array([301]))
	Y Val Labels:(array([0., 1.], dtype=float32), array([229,  69]))
Training group 5, split 2
