


--------------------------------------------------
Starting lstm.py at '2024-10-26 23:55:52.869478'.
Reading '../classifiedDAOs.json'... Done.
Total training Data: 1578
DAOs trained so far:742
Size of training set: 362
Size of test set: 474
Preparing data for training...
Preparing data for testing...
Parameters:
	Num epochs: 60
	Initial learning rate: 0.001
	Patience: 12
	Window size: 60
	Timeseries splits: 3
	Minimum number of timeseries datapoints: 64
Gradient boosting params: 
	{"max_depth": 3, "learning_rate": 0.05, "n_estimators": 100, "objective": "binary:logistic", "eval_metric": "logloss"}
	Creating sequence for 'storj'... Training group 0, split 1
	Early stopping at epoch 13
	Y Train Labels:(array([1.], dtype=float32), array([598]))
	Y Val Labels:(array([1.], dtype=float32), array([595]))
Training group 0, split 2
	Early stopping at epoch 13
	Y Train Labels:(array([1.], dtype=float32), array([1193]))
	Y Val Labels:(array([1.], dtype=float32), array([595]))
Training group 0, split 3
	Early stopping at epoch 13
	Y Train Labels:(array([1.], dtype=float32), array([1788]))
	Y Val Labels:(array([1.], dtype=float32), array([595]))
Done.
	Creating sequence for 'pitbull'... Training group 1, split 1
	Early stopping at epoch 13
	Y Train Labels:(array([0.], dtype=float32), array([183]))
	Y Val Labels:(array([0.], dtype=float32), array([180]))
Training group 1, split 2
	Early stopping at epoch 13
	Y Train Labels:(array([0.], dtype=float32), array([363]))
	Y Val Labels:(array([0.], dtype=float32), array([180]))
Training group 1, split 3
	Early stopping at epoch 13
	Y Train Labels:(array([0.], dtype=float32), array([543]))
	Y Val Labels:(array([0.], dtype=float32), array([180]))
Done.
	Creating sequence for 'audius'... Training group 2, split 1
	Early stopping at epoch 13
	Y Train Labels:(array([1.], dtype=float32), array([234]))
	Y Val Labels:(array([1.], dtype=float32), array([234]))
Training group 2, split 2
	Early stopping at epoch 13
	Y Train Labels:(array([1.], dtype=float32), array([468]))
	Y Val Labels:(array([1.], dtype=float32), array([234]))
Training group 2, split 3
	Early stopping at epoch 13
	Y Train Labels:(array([1.], dtype=float32), array([702]))
	Y Val Labels:(array([1.], dtype=float32), array([234]))
Done.
	Creating sequence for 'fractal-bitcoin'... Skipped.
	Creating sequence for 'ultra'... Training group 3, split 1
	Early stopping at epoch 13
	Y Train Labels:(array([1.], dtype=float32), array([449]))
	Y Val Labels:(array([1.], dtype=float32), array([446]))
Training group 3, split 2
	Early stopping at epoch 13
	Y Train Labels:(array([1.], dtype=float32), array([895]))
	Y Val Labels:(array([0., 1.], dtype=float32), array([355,  91]))
Training group 3, split 3
