


--------------------------------------------------
Starting lstm.py at '2024-10-26 23:43:50.844922'.
Reading '../classifiedDAOs.json'... Done.
Total training Data: 1578
DAOs trained so far:658
Size of training set: 446
Size of test set: 474
Preparing data for training...
Preparing data for testing...
Parameters:
	Num epochs: 60
	Initial learning rate: 0.001
	Patience: 12
	Window size: 60
	Timeseries splits: 3
	Minimum number of timeseries datapoints: 64
Gradient boosting params: 
	{"max_depth": 3, "learning_rate": 0.05, "n_estimators": 100, "objective": "binary:logistic", "eval_metric": "logloss"}
	Creating sequence for 'witch-token'... Training group 0, split 1
	Early stopping at epoch 13
	Y Train Labels:(array([1.], dtype=float32), array([43]))
	Y Val Labels:(array([1.], dtype=float32), array([43]))
Training group 0, split 2
	Early stopping at epoch 13
	Y Train Labels:(array([1.], dtype=float32), array([86]))
	Y Val Labels:(array([0., 1.], dtype=float32), array([28, 15]))
Training group 0, split 3
	Early stopping at epoch 13
	Y Train Labels:(array([0., 1.], dtype=float32), array([ 28, 101]))
	Y Val Labels:(array([0.], dtype=float32), array([43]))
Done.
	Creating sequence for 'secret'... Training group 1, split 1
	Early stopping at epoch 13
	Y Train Labels:(array([1.], dtype=float32), array([335]))
	Y Val Labels:(array([0., 1.], dtype=float32), array([127, 207]))
Training group 1, split 2
	Early stopping at epoch 13
	Y Train Labels:(array([0., 1.], dtype=float32), array([127, 542]))
	Y Val Labels:(array([0.], dtype=float32), array([334]))
Training group 1, split 3
	Early stopping at epoch 13
	Y Train Labels:(array([0., 1.], dtype=float32), array([461, 542]))
	Y Val Labels:(array([0.], dtype=float32), array([334]))
Done.
	Creating sequence for 'ufc-fan-token'... Training group 2, split 1
	Early stopping at epoch 13
	Y Train Labels:(array([1.], dtype=float32), array([259]))
	Y Val Labels:(array([0., 1.], dtype=float32), array([148, 109]))
Training group 2, split 2
	Early stopping at epoch 13
	Y Train Labels:(array([0., 1.], dtype=float32), array([148, 368]))
	Y Val Labels:(array([0.], dtype=float32), array([257]))
Training group 2, split 3
	Early stopping at epoch 13
	Y Train Labels:(array([0., 1.], dtype=float32), array([405, 368]))
	Y Val Labels:(array([0.], dtype=float32), array([257]))
Done.
	Creating sequence for 'why'... Training group 3, split 1
	Early stopping at epoch 13
	Y Train Labels:(array([0.], dtype=float32), array([25]))
	Y Val Labels:(array([0.], dtype=float32), array([23]))
Training group 3, split 2
	Early stopping at epoch 13
	Y Train Labels:(array([0.], dtype=float32), array([48]))
	Y Val Labels:(array([0.], dtype=float32), array([23]))
Training group 3, split 3
	Early stopping at epoch 13
	Y Train Labels:(array([0.], dtype=float32), array([71]))
	Y Val Labels:(array([0.], dtype=float32), array([23]))
Done.
	Creating sequence for 'einsteinium'... Training group 4, split 1
	Early stopping at epoch 13
	Y Train Labels:(array([1.], dtype=float32), array([494]))
	Y Val Labels:(array([1.], dtype=float32), array([491]))
Training group 4, split 2
	Early stopping at epoch 13
	Y Train Labels:(array([1.], dtype=float32), array([985]))
	Y Val Labels:(array([1.], dtype=float32), array([491]))
Training group 4, split 3
	Early stopping at epoch 13
	Y Train Labels:(array([1.], dtype=float32), array([1476]))
	Y Val Labels:(array([1.], dtype=float32), array([491]))
Done.
	Creating sequence for 'bitball'... Training group 5, split 1
	Early stopping at epoch 13
	Y Train Labels:(array([1.], dtype=float32), array([234]))
	Y Val Labels:(array([1.], dtype=float32), array([234]))
Training group 5, split 2
	Early stopping at epoch 13
	Y Train Labels:(array([1.], dtype=float32), array([468]))
	Y Val Labels:(array([1.], dtype=float32), array([234]))
Training group 5, split 3
	Early stopping at epoch 13
	Y Train Labels:(array([1.], dtype=float32), array([702]))
	Y Val Labels:(array([1.], dtype=float32), array([234]))
Done.
	Creating sequence for 'avinoc'... Training group 6, split 1
	Early stopping at epoch 13
	Y Train Labels:(array([1.], dtype=float32), array([209]))
	Y Val Labels:(array([1.], dtype=float32), array([208]))
Training group 6, split 2
	Early stopping at epoch 13
	Y Train Labels:(array([1.], dtype=float32), array([417]))
	Y Val Labels:(array([1.], dtype=float32), array([208]))
Training group 6, split 3
	Early stopping at epoch 13
	Y Train Labels:(array([1.], dtype=float32), array([625]))
	Y Val Labels:(array([1.], dtype=float32), array([208]))
Done.
	Creating sequence for 'aimalls'... Training group 7, split 1
	Early stopping at epoch 13
	Y Train Labels:(array([0.], dtype=float32), array([70]))
	Y Val Labels:(array([0.], dtype=float32), array([67]))
Training group 7, split 2
	Early stopping at epoch 13
	Y Train Labels:(array([0.], dtype=float32), array([137]))
	Y Val Labels:(array([0.], dtype=float32), array([67]))
Training group 7, split 3
