


--------------------------------------------------
Starting lstm.py at '2024-10-26 23:11:36.517862'.
Reading '../classifiedDAOs.json'... Done.
Total training Data: 1578
DAOs trained so far:430
Size of training set: 674
Size of test set: 474
Preparing data for training...
Preparing data for testing...
Parameters:
	Num epochs: 60
	Initial learning rate: 0.001
	Patience: 12
	Window size: 60
	Timeseries splits: 3
	Minimum number of timeseries datapoints: 64
Gradient boosting params: 
	{"max_depth": 3, "learning_rate": 0.05, "n_estimators": 100, "objective": "binary:logistic", "eval_metric": "logloss"}
	Creating sequence for 'pacoca'... Training group 0, split 1
	Early stopping at epoch 13
	Y Train Labels:(array([0., 1.], dtype=float32), array([ 63, 220]))
	Y Val Labels:(array([0.], dtype=float32), array([282]))
Training group 0, split 2
	Early stopping at epoch 13
	Y Train Labels:(array([0., 1.], dtype=float32), array([345, 220]))
	Y Val Labels:(array([0.], dtype=float32), array([282]))
Training group 0, split 3
	Early stopping at epoch 13
	Y Train Labels:(array([0., 1.], dtype=float32), array([627, 220]))
	Y Val Labels:(array([0.], dtype=float32), array([282]))
Done.
	Creating sequence for 'dogecola'... Training group 1, split 1
	Early stopping at epoch 13
	Y Train Labels:(array([1.], dtype=float32), array([112]))
	Y Val Labels:(array([1.], dtype=float32), array([109]))
Training group 1, split 2
	Early stopping at epoch 13
	Y Train Labels:(array([1.], dtype=float32), array([221]))
	Y Val Labels:(array([1.], dtype=float32), array([109]))
Training group 1, split 3
	Early stopping at epoch 13
	Y Train Labels:(array([1.], dtype=float32), array([330]))
	Y Val Labels:(array([0., 1.], dtype=float32), array([68, 41]))
Done.
	Creating sequence for 'adventure-gold'... Training group 2, split 1
	Early stopping at epoch 13
	Y Train Labels:(array([1.], dtype=float32), array([258]))
	Y Val Labels:(array([1.], dtype=float32), array([255]))
Training group 2, split 2
	Early stopping at epoch 13
	Y Train Labels:(array([1.], dtype=float32), array([513]))
	Y Val Labels:(array([1.], dtype=float32), array([255]))
Training group 2, split 3
	Early stopping at epoch 13
	Y Train Labels:(array([1.], dtype=float32), array([768]))
	Y Val Labels:(array([1.], dtype=float32), array([255]))
Done.
	Creating sequence for 'treecle'... Training group 3, split 1
	Early stopping at epoch 13
	Y Train Labels:(array([0., 1.], dtype=float32), array([ 96, 242]))
	Y Val Labels:(array([0.], dtype=float32), array([337]))
Training group 3, split 2
	Early stopping at epoch 13
	Y Train Labels:(array([0., 1.], dtype=float32), array([433, 242]))
	Y Val Labels:(array([0.], dtype=float32), array([337]))
Training group 3, split 3
	Early stopping at epoch 13
	Y Train Labels:(array([0., 1.], dtype=float32), array([770, 242]))
	Y Val Labels:(array([0.], dtype=float32), array([337]))
Done.
	Creating sequence for 'bancor'... Training group 4, split 1
	Early stopping at epoch 13
	Y Train Labels:(array([1.], dtype=float32), array([568]))
	Y Val Labels:(array([1.], dtype=float32), array([565]))
Training group 4, split 2
