


--------------------------------------------------
Starting lstm.py at '2024-10-25 17:06:02.098656'.
Reading './balancedDataset.json'... Done.
Total training Data: 1030
DAOs trained so far:331
Size of training set: 390
Size of test set: 309
Preparing data for training...
Preparing data for testing...
Parameters:
	Num epochs: 60
	Initial learning rate: 0.001
	Patience: 12
	Window size: 60
	Timeseries splits: 3
	Minimum number of timeseries datapoints: 64
Gradient boosting params: 
	{"max_depth": 3, "learning_rate": 0.05, "n_estimators": 100, "objective": "binary:logistic", "eval_metric": "logloss"}
	Creating sequence for 'k21'... Training group 0, split 1
	Early stopping at epoch 13
	Y Train Labels:(array([1.], dtype=float32), array([293]))
	Y Val Labels:(array([0., 1.], dtype=float32), array([176, 115]))
Training group 0, split 2
	Early stopping at epoch 13
	Y Train Labels:(array([0., 1.], dtype=float32), array([176, 408]))
	Y Val Labels:(array([0.], dtype=float32), array([291]))
Training group 0, split 3
	Early stopping at epoch 13
	Y Train Labels:(array([0., 1.], dtype=float32), array([467, 408]))
	Y Val Labels:(array([0.], dtype=float32), array([291]))
Done.
	Creating sequence for 'inspect'... Training group 1, split 1
	Early stopping at epoch 13
	Y Train Labels:(array([1.], dtype=float32), array([60]))
	Y Val Labels:(array([1.], dtype=float32), array([58]))
Training group 1, split 2
	Early stopping at epoch 13
	Y Train Labels:(array([1.], dtype=float32), array([118]))
	Y Val Labels:(array([1.], dtype=float32), array([58]))
Training group 1, split 3
	Early stopping at epoch 13
	Y Train Labels:(array([1.], dtype=float32), array([176]))
	Y Val Labels:(array([1.], dtype=float32), array([58]))
Done.
	Creating sequence for 'guild-of-guardians'... Training group 2, split 1
	Early stopping at epoch 13
	Y Train Labels:(array([1.], dtype=float32), array([150]))
	Y Val Labels:(array([1.], dtype=float32), array([149]))
Training group 2, split 2
	Early stopping at epoch 13
	Y Train Labels:(array([1.], dtype=float32), array([299]))
	Y Val Labels:(array([1.], dtype=float32), array([149]))
Training group 2, split 3
	Early stopping at epoch 13
	Y Train Labels:(array([1.], dtype=float32), array([448]))
	Y Val Labels:(array([1.], dtype=float32), array([149]))
Done.
	Creating sequence for 'decentr'... Training group 3, split 1
	Early stopping at epoch 13
	Y Train Labels:(array([1.], dtype=float32), array([349]))
	Y Val Labels:(array([1.], dtype=float32), array([349]))
Training group 3, split 2
	Early stopping at epoch 13
	Y Train Labels:(array([1.], dtype=float32), array([698]))
	Y Val Labels:(array([1.], dtype=float32), array([349]))
Training group 3, split 3
	Early stopping at epoch 13
	Y Train Labels:(array([1.], dtype=float32), array([1047]))
	Y Val Labels:(array([0., 1.], dtype=float32), array([118, 231]))
Done.
	Creating sequence for 'blockbank'... Training group 4, split 1
	Early stopping at epoch 13
	Y Train Labels:(array([1.], dtype=float32), array([294]))
	Y Val Labels:(array([1.], dtype=float32), array([291]))
Training group 4, split 2
