


--------------------------------------------------
Starting lstm.py at '2024-10-26 22:22:43.532115'.
Reading '../classifiedDAOs.json'... Done.
Total training Data: 1578
DAOs trained so far:114
Size of training set: 990
Size of test set: 474
Preparing data for training...
Preparing data for testing...
Parameters:
	Num epochs: 60
	Initial learning rate: 0.001
	Patience: 12
	Window size: 60
	Timeseries splits: 3
	Minimum number of timeseries datapoints: 64
Gradient boosting params: 
	{"max_depth": 3, "learning_rate": 0.05, "n_estimators": 100, "objective": "binary:logistic", "eval_metric": "logloss"}
	Creating sequence for 'oasis-network'... Training group 0, split 1
	Early stopping at epoch 13
	Y Train Labels:(array([1.], dtype=float32), array([337]))
	Y Val Labels:(array([1.], dtype=float32), array([336]))
Training group 0, split 2
	Early stopping at epoch 13
	Y Train Labels:(array([1.], dtype=float32), array([673]))
	Y Val Labels:(array([1.], dtype=float32), array([336]))
Training group 0, split 3
	Early stopping at epoch 13
	Y Train Labels:(array([1.], dtype=float32), array([1009]))
	Y Val Labels:(array([1.], dtype=float32), array([336]))
Done.
	Creating sequence for 'zelix'... Training group 1, split 1
	Early stopping at epoch 13
	Y Train Labels:(array([1.], dtype=float32), array([56]))
	Y Val Labels:(array([1.], dtype=float32), array([55]))
Training group 1, split 2
	Early stopping at epoch 13
	Y Train Labels:(array([1.], dtype=float32), array([111]))
	Y Val Labels:(array([0., 1.], dtype=float32), array([43, 12]))
Training group 1, split 3
	Early stopping at epoch 13
	Y Train Labels:(array([0., 1.], dtype=float32), array([ 43, 123]))
	Y Val Labels:(array([0.], dtype=float32), array([55]))
Done.
	Creating sequence for 'manchester-city-fan-token'... Training group 2, split 1
	Early stopping at epoch 13
	Y Train Labels:(array([0., 1.], dtype=float32), array([  9, 283]))
	Y Val Labels:(array([0.], dtype=float32), array([289]))
Training group 2, split 2
	Early stopping at epoch 13
	Y Train Labels:(array([0., 1.], dtype=float32), array([298, 283]))
	Y Val Labels:(array([0.], dtype=float32), array([289]))
Training group 2, split 3
	Early stopping at epoch 13
	Y Train Labels:(array([0., 1.], dtype=float32), array([587, 283]))
	Y Val Labels:(array([0.], dtype=float32), array([289]))
Done.
	Creating sequence for 'portugal-national-team-fan-token'... Training group 3, split 1
	Early stopping at epoch 13
	Y Train Labels:(array([1.], dtype=float32), array([146]))
	Y Val Labels:(array([1.], dtype=float32), array([143]))
Training group 3, split 2
	Early stopping at epoch 13
	Y Train Labels:(array([1.], dtype=float32), array([289]))
	Y Val Labels:(array([1.], dtype=float32), array([143]))
Training group 3, split 3
	Early stopping at epoch 13
	Y Train Labels:(array([1.], dtype=float32), array([432]))
	Y Val Labels:(array([1.], dtype=float32), array([143]))
Done.
	Creating sequence for 'paxe'... Skipped.
	Creating sequence for 'chronicle'... Training group 4, split 1
	Early stopping at epoch 13
	Y Train Labels:(array([1.], dtype=float32), array([263]))
	Y Val Labels:(array([0., 1.], dtype=float32), array([ 75, 185]))
Training group 4, split 2
	Early stopping at epoch 13
	Y Train Labels:(array([0., 1.], dtype=float32), array([ 75, 448]))
	Y Val Labels:(array([0.], dtype=float32), array([260]))
Training group 4, split 3
