


--------------------------------------------------
Starting lstm.py at '2024-10-23 20:57:30.243361'.
Reading '../classifiedDAOs.json'... Done.
Total training Data: 1578
DAOs trained so far:973
Size of training set: 131
Size of test set: 474
Preparing data for training...
Preparing data for testing...
Parameters:
	Num epochs: 60
	Initial learning rate: 0.001
	Patience: 12
	Window size: 60
	Timeseries splits: 3
	Minimum number of timeseries datapoints: 64
Gradient boosting params: 
	{"max_depth": 3, "learning_rate": 0.05, "n_estimators": 100, "objective": "binary:logistic", "eval_metric": "logloss"}
	Creating sequence for 'alpine-f1-team-fan-token'... Training group 0, split 1
	Early stopping at epoch 13
	Y Train Labels:(array([1.], dtype=float32), array([216]))
	Y Val Labels:(array([0., 1.], dtype=float32), array([ 62, 151]))
Training group 0, split 2
	Early stopping at epoch 31
	Y Train Labels:(array([0., 1.], dtype=float32), array([ 62, 367]))
	Y Val Labels:(array([0.], dtype=float32), array([213]))
Training group 0, split 3
	Early stopping at epoch 25
	Y Train Labels:(array([0., 1.], dtype=float32), array([275, 367]))
	Y Val Labels:(array([0.], dtype=float32), array([213]))
Done.
	Creating sequence for '8pay'... Training group 1, split 1
	Y Train Labels:(array([0.], dtype=float32), array([264]))
	Y Val Labels:(array([0.], dtype=float32), array([263]))
Training group 1, split 2
	Y Train Labels:(array([0.], dtype=float32), array([527]))
	Y Val Labels:(array([0.], dtype=float32), array([263]))
Training group 1, split 3
	Y Train Labels:(array([0.], dtype=float32), array([790]))
	Y Val Labels:(array([0.], dtype=float32), array([263]))
Done.
	Creating sequence for 'global-coin-research'... Training group 2, split 1
	Y Train Labels:(array([1.], dtype=float32), array([60]))
	Y Val Labels:(array([1.], dtype=float32), array([60]))
Training group 2, split 2
	Y Train Labels:(array([1.], dtype=float32), array([120]))
	Y Val Labels:(array([1.], dtype=float32), array([60]))
Training group 2, split 3
	Early stopping at epoch 13
	Y Train Labels:(array([1.], dtype=float32), array([180]))
	Y Val Labels:(array([0., 1.], dtype=float32), array([41, 19]))
Done.
	Creating sequence for 'bouncebit'... Training group 3, split 1
	Y Train Labels:(array([0., 1.], dtype=float32), array([ 1, 20]))
	Y Val Labels:(array([0.], dtype=float32), array([18]))
Training group 3, split 2
	Early stopping at epoch 42
	Y Train Labels:(array([0., 1.], dtype=float32), array([19, 20]))
	Y Val Labels:(array([0.], dtype=float32), array([18]))
Training group 3, split 3
	Early stopping at epoch 36
	Y Train Labels:(array([0., 1.], dtype=float32), array([37, 20]))
	Y Val Labels:(array([0.], dtype=float32), array([18]))
Done.
	Creating sequence for 'pixels'... Training group 4, split 1
	Early stopping at epoch 19
	Y Train Labels:(array([1.], dtype=float32), array([42]))
	Y Val Labels:(array([0., 1.], dtype=float32), array([22, 17]))
Training group 4, split 2
	Y Train Labels:(array([0., 1.], dtype=float32), array([22, 59]))
	Y Val Labels:(array([0.], dtype=float32), array([39]))
Training group 4, split 3
	Early stopping at epoch 41
	Y Train Labels:(array([0., 1.], dtype=float32), array([61, 59]))
	Y Val Labels:(array([0.], dtype=float32), array([39]))
Done.
	Creating sequence for 'quickswap'... Training group 5, split 1
	Early stopping at epoch 13
	Y Train Labels:(array([0., 1.], dtype=float32), array([ 49, 248]))
	Y Val Labels:(array([0.], dtype=float32), array([295]))
Training group 5, split 2
	Early stopping at epoch 25
	Y Train Labels:(array([0., 1.], dtype=float32), array([344, 248]))
	Y Val Labels:(array([0.], dtype=float32), array([295]))
Training group 5, split 3
	Early stopping at epoch 28
	Y Train Labels:(array([0., 1.], dtype=float32), array([639, 248]))
	Y Val Labels:(array([0.], dtype=float32), array([295]))
Done.
	Creating sequence for 'milk-alliance'... Training group 6, split 1
	Early stopping at epoch 13
	Y Train Labels:(array([1.], dtype=float32), array([365]))
	Y Val Labels:(array([0., 1.], dtype=float32), array([181, 181]))
Training group 6, split 2
	Early stopping at epoch 13
	Y Train Labels:(array([0., 1.], dtype=float32), array([181, 546]))
	Y Val Labels:(array([0.], dtype=float32), array([362]))
Training group 6, split 3
	Early stopping at epoch 13
	Y Train Labels:(array([0., 1.], dtype=float32), array([543, 546]))
	Y Val Labels:(array([0.], dtype=float32), array([362]))
Done.
	Creating sequence for 'math'... Training group 7, split 1
	Y Train Labels:(array([1.], dtype=float32), array([300]))
	Y Val Labels:(array([1.], dtype=float32), array([300]))
Training group 7, split 2
	Y Train Labels:(array([1.], dtype=float32), array([600]))
	Y Val Labels:(array([1.], dtype=float32), array([300]))
Training group 7, split 3
	Y Train Labels:(array([1.], dtype=float32), array([900]))
	Y Val Labels:(array([1.], dtype=float32), array([300]))
Done.
	Creating sequence for 'tidal-finance'... Training group 8, split 1
	Y Train Labels:(array([0., 1.], dtype=float32), array([117, 184]))
	Y Val Labels:(array([0.], dtype=float32), array([299]))
Training group 8, split 2
	Y Train Labels:(array([0., 1.], dtype=float32), array([416, 184]))
	Y Val Labels:(array([0.], dtype=float32), array([299]))
Training group 8, split 3
	Y Train Labels:(array([0., 1.], dtype=float32), array([715, 184]))
	Y Val Labels:(array([0.], dtype=float32), array([299]))
Done.
	Creating sequence for 'mobilecoin'... Training group 9, split 1
	Y Train Labels:(array([1.], dtype=float32), array([287]))
	Y Val Labels:(array([1.], dtype=float32), array([284]))
Training group 9, split 2
