


--------------------------------------------------
Starting lstm.py at '2024-10-24 15:52:21.368934'.
Reading './balancedDataset.json'... Done.
Total training Data: 1030
DAOs trained so far:150
Size of training set: 571
Size of test set: 309
Preparing data for training...
Preparing data for testing...
Parameters:
	Num epochs: 60
	Initial learning rate: 0.001
	Patience: 12
	Window size: 60
	Timeseries splits: 3
	Minimum number of timeseries datapoints: 64
Gradient boosting params: 
	{"max_depth": 3, "learning_rate": 0.05, "n_estimators": 100, "objective": "binary:logistic", "eval_metric": "logloss"}
	Creating sequence for 'blocery'... Training group 0, split 1
	Y Train Labels:(array([1.], dtype=float32), array([308]))
	Y Val Labels:(array([1.], dtype=float32), array([308]))
Training group 0, split 2
	Early stopping at epoch 13
	Y Train Labels:(array([1.], dtype=float32), array([616]))
	Y Val Labels:(array([0., 1.], dtype=float32), array([199, 109]))
Training group 0, split 3
	Early stopping at epoch 51
	Y Train Labels:(array([0., 1.], dtype=float32), array([199, 725]))
	Y Val Labels:(array([0.], dtype=float32), array([308]))
Done.
	Creating sequence for 'superfarm'... Training group 1, split 1
	Y Train Labels:(array([1.], dtype=float32), array([223]))
	Y Val Labels:(array([1.], dtype=float32), array([222]))
Training group 1, split 2
	Y Train Labels:(array([1.], dtype=float32), array([445]))
	Y Val Labels:(array([1.], dtype=float32), array([222]))
Training group 1, split 3
	Y Train Labels:(array([1.], dtype=float32), array([667]))
	Y Val Labels:(array([1.], dtype=float32), array([222]))
Done.
	Creating sequence for 'aptos'... Training group 2, split 1
	Y Train Labels:(array([1.], dtype=float32), array([149]))
	Y Val Labels:(array([1.], dtype=float32), array([149]))
Training group 2, split 2
	Y Train Labels:(array([1.], dtype=float32), array([298]))
	Y Val Labels:(array([1.], dtype=float32), array([149]))
Training group 2, split 3
	Y Train Labels:(array([1.], dtype=float32), array([447]))
	Y Val Labels:(array([1.], dtype=float32), array([149]))
Done.
	Creating sequence for 'chex-token'... Training group 3, split 1
	Y Train Labels:(array([1.], dtype=float32), array([315]))
	Y Val Labels:(array([1.], dtype=float32), array([312]))
Training group 3, split 2
	Y Train Labels:(array([1.], dtype=float32), array([627]))
	Y Val Labels:(array([1.], dtype=float32), array([312]))
Training group 3, split 3
	Y Train Labels:(array([1.], dtype=float32), array([939]))
	Y Val Labels:(array([1.], dtype=float32), array([312]))
Done.
	Creating sequence for 'giant-mammoth'... Training group 4, split 1
	Y Train Labels:(array([1.], dtype=float32), array([138]))
	Y Val Labels:(array([1.], dtype=float32), array([136]))
Training group 4, split 2
	Early stopping at epoch 13
	Y Train Labels:(array([1.], dtype=float32), array([274]))
	Y Val Labels:(array([0., 1.], dtype=float32), array([ 25, 111]))
Training group 4, split 3
	Y Train Labels:(array([0., 1.], dtype=float32), array([ 25, 385]))
	Y Val Labels:(array([0.], dtype=float32), array([136]))
Done.
	Creating sequence for 'fringe-finance'... Training group 5, split 1
	Y Train Labels:(array([0.], dtype=float32), array([229]))
	Y Val Labels:(array([0.], dtype=float32), array([228]))
Training group 5, split 2
	Y Train Labels:(array([0.], dtype=float32), array([457]))
	Y Val Labels:(array([0.], dtype=float32), array([228]))
Training group 5, split 3
	Y Train Labels:(array([0.], dtype=float32), array([685]))
	Y Val Labels:(array([0.], dtype=float32), array([228]))
Done.
	Creating sequence for 'polkadex'... Training group 6, split 1
	Y Train Labels:(array([1.], dtype=float32), array([241]))
	Y Val Labels:(array([1.], dtype=float32), array([240]))
Training group 6, split 2
	Y Train Labels:(array([1.], dtype=float32), array([481]))
	Y Val Labels:(array([1.], dtype=float32), array([240]))
Training group 6, split 3
	Y Train Labels:(array([1.], dtype=float32), array([721]))
	Y Val Labels:(array([1.], dtype=float32), array([240]))
Done.
	Creating sequence for 'wrapped-tron'... Training group 7, split 1
	Y Train Labels:(array([1.], dtype=float32), array([209]))
	Y Val Labels:(array([1.], dtype=float32), array([209]))
Training group 7, split 2
	Y Train Labels:(array([1.], dtype=float32), array([418]))
	Y Val Labels:(array([1.], dtype=float32), array([209]))
Training group 7, split 3
	Y Train Labels:(array([1.], dtype=float32), array([627]))
	Y Val Labels:(array([1.], dtype=float32), array([209]))
Done.
	Creating sequence for 'dydx-chain'... Training group 8, split 1
	Y Train Labels:(array([1.], dtype=float32), array([69]))
	Y Val Labels:(array([1.], dtype=float32), array([67]))
Training group 8, split 2
	Early stopping at epoch 13
	Y Train Labels:(array([1.], dtype=float32), array([136]))
	Y Val Labels:(array([0., 1.], dtype=float32), array([ 2, 65]))
Training group 8, split 3
	Y Train Labels:(array([0., 1.], dtype=float32), array([  2, 201]))
	Y Val Labels:(array([0.], dtype=float32), array([67]))
Done.
	Creating sequence for 'gravity-finance'... Training group 9, split 1
	Early stopping at epoch 13
	Y Train Labels:(array([1.], dtype=float32), array([287]))
	Y Val Labels:(array([1.], dtype=float32), array([285]))
Training group 9, split 2
