


--------------------------------------------------
Starting lstm.py at '2024-10-12 01:51:11.257886'.
Reading './isDaoActiveData(4).json'... Done.
Total training Data: 379
Size of training set: 93
Size of test set: 114
Preparing data for training...
Preparing data for testing...
Trained so far:211
Parameters:
	Num epochs: 60
	Initial learning rate: 0.001
	Patience: 12
	Window size: 60
	Timeseries splits: 3
	Minimum number of timeseries datapoints: 64
Gradient boosting params: 
	{"max_depth": 3, "learning_rate": 0.05, "n_estimators": 100, "objective": "binary:logistic", "eval_metric": "logloss"}
	Creating sequence for 'bad-idea-ai'... 5403
Done.
	Creating sequence for 'crypto-ai-robo'... Training group 1, split 1
