


--------------------------------------------------
Starting lstm.py at '2024-10-23 16:40:10.725161'.
Reading '../classifiedDAOs.json'... Done.
Total training Data: 1578
DAOs trained so far:78
Size of training set: 1026
Size of test set: 474
Preparing data for training...
Preparing data for testing...
Parameters:
	Num epochs: 60
	Initial learning rate: 0.001
	Patience: 12
	Window size: 60
	Timeseries splits: 3
	Minimum number of timeseries datapoints: 64
Gradient boosting params: 
	{"max_depth": 3, "learning_rate": 0.05, "n_estimators": 100, "objective": "binary:logistic", "eval_metric": "logloss"}
	Creating sequence for 'eminer'... Training group 0, split 1
	Y Train Labels:(array([1.], dtype=float32), array([447]))
	Y Val Labels:(array([1.], dtype=float32), array([445]))
Training group 0, split 2
	Early stopping at epoch 13
	Y Train Labels:(array([1.], dtype=float32), array([892]))
	Y Val Labels:(array([0., 1.], dtype=float32), array([425,  20]))
Training group 0, split 3
	Early stopping at epoch 27
	Y Train Labels:(array([0., 1.], dtype=float32), array([425, 912]))
	Y Val Labels:(array([0.], dtype=float32), array([445]))
Done.
	Creating sequence for 'arkham'... Training group 1, split 1
	Y Train Labels:(array([1.], dtype=float32), array([85]))
	Y Val Labels:(array([1.], dtype=float32), array([85]))
Training group 1, split 2
	Y Train Labels:(array([1.], dtype=float32), array([170]))
	Y Val Labels:(array([1.], dtype=float32), array([85]))
Training group 1, split 3
	Y Train Labels:(array([1.], dtype=float32), array([255]))
	Y Val Labels:(array([1.], dtype=float32), array([85]))
Done.
	Creating sequence for '5ire'... Training group 2, split 1
	Y Train Labels:(array([0.], dtype=float32), array([60]))
	Y Val Labels:(array([0.], dtype=float32), array([58]))
Training group 2, split 2
	Y Train Labels:(array([0.], dtype=float32), array([118]))
	Y Val Labels:(array([0.], dtype=float32), array([58]))
Training group 2, split 3
	Y Train Labels:(array([0.], dtype=float32), array([176]))
	Y Val Labels:(array([0.], dtype=float32), array([58]))
Done.
	Creating sequence for 'yield-guild-games'... Training group 3, split 1
	Early stopping at epoch 13
	Y Train Labels:(array([0., 1.], dtype=float32), array([108, 147]))
	Y Val Labels:(array([0.], dtype=float32), array([253]))
Training group 3, split 2
	Y Train Labels:(array([0., 1.], dtype=float32), array([361, 147]))
	Y Val Labels:(array([0.], dtype=float32), array([253]))
Training group 3, split 3
	Y Train Labels:(array([0., 1.], dtype=float32), array([614, 147]))
	Y Val Labels:(array([0.], dtype=float32), array([253]))
Done.
	Creating sequence for 'hyve'... Training group 4, split 1
	Y Train Labels:(array([1.], dtype=float32), array([267]))
	Y Val Labels:(array([1.], dtype=float32), array([267]))
Training group 4, split 2
	Early stopping at epoch 13
	Y Train Labels:(array([1.], dtype=float32), array([534]))
	Y Val Labels:(array([0., 1.], dtype=float32), array([135, 132]))
Training group 4, split 3
	Early stopping at epoch 37
	Y Train Labels:(array([0., 1.], dtype=float32), array([135, 666]))
	Y Val Labels:(array([0.], dtype=float32), array([267]))
Done.
	Creating sequence for 'ignis'... Training group 5, split 1
	Y Train Labels:(array([1.], dtype=float32), array([565]))
	Y Val Labels:(array([1.], dtype=float32), array([563]))
Training group 5, split 2
	Early stopping at epoch 13
	Y Train Labels:(array([1.], dtype=float32), array([1128]))
	Y Val Labels:(array([0., 1.], dtype=float32), array([251, 312]))
Training group 5, split 3
	Early stopping at epoch 44
	Y Train Labels:(array([0., 1.], dtype=float32), array([ 251, 1440]))
	Y Val Labels:(array([0.], dtype=float32), array([563]))
Done.
	Creating sequence for 'suku'... Training group 6, split 1
	Y Train Labels:(array([1.], dtype=float32), array([340]))
	Y Val Labels:(array([1.], dtype=float32), array([339]))
Training group 6, split 2
	Y Train Labels:(array([1.], dtype=float32), array([679]))
	Y Val Labels:(array([1.], dtype=float32), array([339]))
Training group 6, split 3
	Early stopping at epoch 13
	Y Train Labels:(array([1.], dtype=float32), array([1018]))
	Y Val Labels:(array([0., 1.], dtype=float32), array([ 12, 327]))
Done.
	Creating sequence for 'legia-warsaw-fan-token'... Training group 7, split 1
	Early stopping at epoch 32
	Y Train Labels:(array([0., 1.], dtype=float32), array([ 82, 185]))
	Y Val Labels:(array([0.], dtype=float32), array([264]))
Training group 7, split 2
	Early stopping at epoch 28
	Y Train Labels:(array([0., 1.], dtype=float32), array([346, 185]))
	Y Val Labels:(array([0.], dtype=float32), array([264]))
Training group 7, split 3
	Y Train Labels:(array([0., 1.], dtype=float32), array([610, 185]))
	Y Val Labels:(array([0.], dtype=float32), array([264]))
Done.
	Creating sequence for 'aave'... Training group 8, split 1
	Y Train Labels:(array([1.], dtype=float32), array([610]))
	Y Val Labels:(array([1.], dtype=float32), array([607]))
Training group 8, split 2
