


--------------------------------------------------
Starting lstm.py at '2024-10-10 11:42:58.568497'.
Reading '../classifiedDAOs_preview(2).json'... Done.
Flattening... 
Done.
Shuffling data... 
Done.
Total training Data: 313
Size of training set: 219
Size of test set: 94
Preparing data for training...
	Creating sequence for 'billionhappiness'... Done.
	Creating sequence for 'blox'... Done.
	Creating sequence for 'altava'... Done.
	Creating sequence for 'bitkub-coin'... Done.
	Creating sequence for 'aethir'... Done.
	Creating sequence for 'amaterasu-omikami'... Done.
	Creating sequence for 'breederdao'... Done.
	Creating sequence for 'barnbridge'... Done.
	Creating sequence for 'coinweb'... 