


--------------------------------------------------
Starting lstm.py at '2024-10-27 02:02:52.243456'.
Reading '../classifiedDAOs.json'... Done.
Total training Data: 1578
DAOs trained so far:1076
Size of training set: 28
Size of test set: 474
Preparing data for training...
Preparing data for testing...
Parameters:
	Num epochs: 60
	Initial learning rate: 0.001
	Patience: 12
	Window size: 60
	Timeseries splits: 3
	Minimum number of timeseries datapoints: 64
Gradient boosting params: 
	{"max_depth": 3, "learning_rate": 0.05, "n_estimators": 100, "objective": "binary:logistic", "eval_metric": "logloss"}
	Creating sequence for 'kira-network'... Training group 0, split 1
	Y Train Labels:(array([1.], dtype=float32), array([334]))
	Y Val Labels:(array([1.], dtype=float32), array([331]))
Training group 0, split 2
	Y Train Labels:(array([1.], dtype=float32), array([665]))
	Y Val Labels:(array([1.], dtype=float32), array([331]))
Training group 0, split 3
	Y Train Labels:(array([1.], dtype=float32), array([996]))
	Y Val Labels:(array([1.], dtype=float32), array([331]))
Done.
	Creating sequence for 'brz'... Training group 1, split 1
	Y Train Labels:(array([1.], dtype=float32), array([448]))
	Y Val Labels:(array([1.], dtype=float32), array([445]))
Training group 1, split 2
	Early stopping at epoch 13
	Y Train Labels:(array([1.], dtype=float32), array([893]))
	Y Val Labels:(array([0., 1.], dtype=float32), array([ 62, 383]))
Training group 1, split 3
	Y Train Labels:(array([0., 1.], dtype=float32), array([  62, 1276]))
	Y Val Labels:(array([0.], dtype=float32), array([445]))
Done.
	Creating sequence for 'humanscape'... 00
Done.
	Creating sequence for 'tiger-king'... Training group 3, split 1
	Early stopping at epoch 29
	Y Train Labels:(array([0., 1.], dtype=float32), array([ 61, 171]))
	Y Val Labels:(array([0.], dtype=float32), array([232]))
Training group 3, split 2
	Y Train Labels:(array([0., 1.], dtype=float32), array([293, 171]))
	Y Val Labels:(array([0.], dtype=float32), array([232]))
Training group 3, split 3
	Early stopping at epoch 45
	Y Train Labels:(array([0., 1.], dtype=float32), array([525, 171]))
	Y Val Labels:(array([0.], dtype=float32), array([232]))
Done.
	Creating sequence for 'webuy'... Training group 4, split 1
	Early stopping at epoch 13
	Y Train Labels:(array([1.], dtype=float32), array([195]))
	Y Val Labels:(array([0., 1.], dtype=float32), array([170,  23]))
Training group 4, split 2
	Y Train Labels:(array([0., 1.], dtype=float32), array([170, 218]))
	Y Val Labels:(array([0.], dtype=float32), array([193]))
Training group 4, split 3
	Y Train Labels:(array([0., 1.], dtype=float32), array([363, 218]))
	Y Val Labels:(array([0.], dtype=float32), array([193]))
Done.
	Creating sequence for 'sealwifhat'... Training group 5, split 1
	Early stopping at epoch 19
	Y Train Labels:(array([0.], dtype=float32), array([35]))
	Y Val Labels:(array([0.], dtype=float32), array([34]))
Training group 5, split 2
	Early stopping at epoch 38
	Y Train Labels:(array([0.], dtype=float32), array([69]))
	Y Val Labels:(array([0.], dtype=float32), array([34]))
Training group 5, split 3
	Early stopping at epoch 13
	Y Train Labels:(array([0.], dtype=float32), array([103]))
	Y Val Labels:(array([0.], dtype=float32), array([34]))
Done.
	Creating sequence for 'dydx-chain'... Training group 6, split 1
	Y Train Labels:(array([1.], dtype=float32), array([69]))
	Y Val Labels:(array([1.], dtype=float32), array([67]))
Training group 6, split 2
	Early stopping at epoch 13
	Y Train Labels:(array([1.], dtype=float32), array([136]))
	Y Val Labels:(array([0., 1.], dtype=float32), array([ 2, 65]))
Training group 6, split 3
	Y Train Labels:(array([0., 1.], dtype=float32), array([  2, 201]))
	Y Val Labels:(array([0.], dtype=float32), array([67]))
Done.
	Creating sequence for 'neon'... Training group 7, split 1
	Early stopping at epoch 13
	Y Train Labels:(array([1.], dtype=float32), array([85]))
	Y Val Labels:(array([1.], dtype=float32), array([85]))
Training group 7, split 2
	Y Train Labels:(array([1.], dtype=float32), array([170]))
	Y Val Labels:(array([1.], dtype=float32), array([85]))
Training group 7, split 3
	Y Train Labels:(array([1.], dtype=float32), array([255]))
	Y Val Labels:(array([1.], dtype=float32), array([85]))
Done.
	Creating sequence for 'tokocrypto'... Training group 8, split 1
	Early stopping at epoch 13
	Y Train Labels:(array([1.], dtype=float32), array([278]))
	Y Val Labels:(array([0., 1.], dtype=float32), array([249,  29]))
Training group 8, split 2
