


--------------------------------------------------
Starting lstm.py at '2024-10-25 12:51:53.477268'.
Reading './balancedDataset.json'... Done.
Total training Data: 1030
DAOs trained so far:717
Size of training set: 4
Size of test set: 309
Preparing data for training...
Preparing data for testing...
Parameters:
	Num epochs: 60
	Initial learning rate: 0.001
	Patience: 12
	Window size: 60
	Timeseries splits: 3
	Minimum number of timeseries datapoints: 64
Gradient boosting params: 
	{"max_depth": 3, "learning_rate": 0.05, "n_estimators": 100, "objective": "binary:logistic", "eval_metric": "logloss"}
	Creating sequence for 'infinitecoin'... Training group 0, split 1
	Y Train Labels:(array([1.], dtype=float32), array([885]))
	Y Val Labels:(array([1.], dtype=float32), array([882]))
Training group 0, split 2
	Y Train Labels:(array([1.], dtype=float32), array([1767]))
	Y Val Labels:(array([1.], dtype=float32), array([882]))
Training group 0, split 3
	Early stopping at epoch 13
	Y Train Labels:(array([1.], dtype=float32), array([2649]))
	Y Val Labels:(array([0., 1.], dtype=float32), array([248, 634]))
Done.
	Creating sequence for 'pepe'... Training group 1, split 1
	Y Train Labels:(array([1.], dtype=float32), array([108]))
	Y Val Labels:(array([1.], dtype=float32), array([108]))
Training group 1, split 2
	Early stopping at epoch 13
	Y Train Labels:(array([1.], dtype=float32), array([216]))
	Y Val Labels:(array([1.], dtype=float32), array([108]))
Training group 1, split 3
	Early stopping at epoch 49
	Y Train Labels:(array([1.], dtype=float32), array([324]))
	Y Val Labels:(array([1.], dtype=float32), array([108]))
Done.
	Creating sequence for 'kujira'... Training group 2, split 1
	Y Train Labels:(array([1.], dtype=float32), array([243]))
	Y Val Labels:(array([1.], dtype=float32), array([242]))
Training group 2, split 2
	Y Train Labels:(array([1.], dtype=float32), array([485]))
	Y Val Labels:(array([1.], dtype=float32), array([242]))
Training group 2, split 3
	Early stopping at epoch 13
	Y Train Labels:(array([1.], dtype=float32), array([727]))
	Y Val Labels:(array([0., 1.], dtype=float32), array([ 83, 159]))
Done.
	Creating sequence for 'koala-ai'... Training group 3, split 1
	Y Train Labels:(array([0.], dtype=float32), array([33]))
	Y Val Labels:(array([0.], dtype=float32), array([30]))
Training group 3, split 2
	Y Train Labels:(array([0.], dtype=float32), array([63]))
	Y Val Labels:(array([0.], dtype=float32), array([30]))
Training group 3, split 3
	Y Train Labels:(array([0.], dtype=float32), array([93]))
	Y Val Labels:(array([0.], dtype=float32), array([30]))
Done.
Actual training set: 4 entries
Actual testing set:  0 entries
Actual training/total ratio: 0.003883495145631068
Final Classification Report with Gradient Boosting:
              precision    recall  f1-score   support

   Abandoned       1.00      0.21      0.35       421
   Operating       0.91      1.00      0.95      3365

    accuracy                           0.91      3786
   macro avg       0.96      0.61      0.65      3786
weighted avg       0.92      0.91      0.89      3786

Finished execution at '2024-10-25 12:52:34.599152'.
Execution took: 41.121934
--------------------------------------------------
