


--------------------------------------------------
Starting lstm.py at '2024-10-25 17:15:21.350610'.
Reading './balancedDataset.json'... Done.
Total training Data: 1030
DAOs trained so far:387
Size of training set: 334
Size of test set: 309
Preparing data for training...
Preparing data for testing...
Parameters:
	Num epochs: 60
	Initial learning rate: 0.001
	Patience: 12
	Window size: 60
	Timeseries splits: 3
	Minimum number of timeseries datapoints: 64
Gradient boosting params: 
	{"max_depth": 3, "learning_rate": 0.05, "n_estimators": 100, "objective": "binary:logistic", "eval_metric": "logloss"}
	Creating sequence for 'ethereum-classic'... Training group 0, split 1
	Early stopping at epoch 13
	Y Train Labels:(array([1.], dtype=float32), array([541]))
	Y Val Labels:(array([1.], dtype=float32), array([539]))
Training group 0, split 2
	Early stopping at epoch 13
	Y Train Labels:(array([1.], dtype=float32), array([1080]))
	Y Val Labels:(array([1.], dtype=float32), array([539]))
Training group 0, split 3
	Early stopping at epoch 13
	Y Train Labels:(array([1.], dtype=float32), array([1619]))
	Y Val Labels:(array([1.], dtype=float32), array([539]))
Done.
	Creating sequence for 'centrifuge'... Training group 1, split 1
	Early stopping at epoch 13
	Y Train Labels:(array([1.], dtype=float32), array([240]))
	Y Val Labels:(array([1.], dtype=float32), array([239]))
Training group 1, split 2
	Early stopping at epoch 13
	Y Train Labels:(array([1.], dtype=float32), array([479]))
	Y Val Labels:(array([1.], dtype=float32), array([239]))
Training group 1, split 3
	Early stopping at epoch 13
	Y Train Labels:(array([1.], dtype=float32), array([718]))
	Y Val Labels:(array([1.], dtype=float32), array([239]))
Done.
	Creating sequence for 'bosagora'... Training group 2, split 1
	Early stopping at epoch 13
	Y Train Labels:(array([1.], dtype=float32), array([450]))
	Y Val Labels:(array([1.], dtype=float32), array([448]))
Training group 2, split 2
	Early stopping at epoch 13
	Y Train Labels:(array([1.], dtype=float32), array([898]))
	Y Val Labels:(array([0., 1.], dtype=float32), array([303, 145]))
Training group 2, split 3
	Early stopping at epoch 13
	Y Train Labels:(array([0., 1.], dtype=float32), array([ 303, 1043]))
	Y Val Labels:(array([0.], dtype=float32), array([448]))
Done.
	Creating sequence for 'lambda'... Training group 3, split 1
	Early stopping at epoch 13
	Y Train Labels:(array([1.], dtype=float32), array([504]))
	Y Val Labels:(array([1.], dtype=float32), array([504]))
Training group 3, split 2
