


--------------------------------------------------
Starting lstm.py at '2024-10-25 12:50:22.120738'.
Reading './balancedDataset.json'... Done.
Total training Data: 1030
DAOs trained so far:710
Size of training set: 11
Size of test set: 309
Preparing data for training...
Preparing data for testing...
Parameters:
	Num epochs: 60
	Initial learning rate: 0.001
	Patience: 12
	Window size: 60
	Timeseries splits: 3
	Minimum number of timeseries datapoints: 64
Gradient boosting params: 
	{"max_depth": 3, "learning_rate": 0.05, "n_estimators": 100, "objective": "binary:logistic", "eval_metric": "logloss"}
	Creating sequence for 'immutable-x'... Training group 0, split 1
	Early stopping at epoch 14
	Y Train Labels:(array([1.], dtype=float32), array([240]))
	Y Val Labels:(array([1.], dtype=float32), array([238]))
Training group 0, split 2
	Early stopping at epoch 13
	Y Train Labels:(array([1.], dtype=float32), array([478]))
	Y Val Labels:(array([1.], dtype=float32), array([238]))
Training group 0, split 3
	Y Train Labels:(array([1.], dtype=float32), array([716]))
	Y Val Labels:(array([1.], dtype=float32), array([238]))
Done.
	Creating sequence for 'jito-staked-sol'... Training group 1, split 1
	Y Train Labels:(array([1.], dtype=float32), array([159]))
	Y Val Labels:(array([1.], dtype=float32), array([157]))
Training group 1, split 2
	Y Train Labels:(array([1.], dtype=float32), array([316]))
	Y Val Labels:(array([1.], dtype=float32), array([157]))
Training group 1, split 3
	Y Train Labels:(array([1.], dtype=float32), array([473]))
	Y Val Labels:(array([1.], dtype=float32), array([157]))
Done.
	Creating sequence for 'nexo'... Training group 2, split 1
	Early stopping at epoch 13
	Y Train Labels:(array([1.], dtype=float32), array([481]))
	Y Val Labels:(array([1.], dtype=float32), array([478]))
Training group 2, split 2
	Y Train Labels:(array([1.], dtype=float32), array([959]))
	Y Val Labels:(array([1.], dtype=float32), array([478]))
Training group 2, split 3
	Y Train Labels:(array([1.], dtype=float32), array([1437]))
	Y Val Labels:(array([1.], dtype=float32), array([478]))
Done.
	Creating sequence for 'bitcoin-diamond'... Training group 3, split 1
	Early stopping at epoch 21
	Y Train Labels:(array([1.], dtype=float32), array([566]))
	Y Val Labels:(array([1.], dtype=float32), array([564]))
Training group 3, split 2
	Early stopping at epoch 17
	Y Train Labels:(array([1.], dtype=float32), array([1130]))
	Y Val Labels:(array([0., 1.], dtype=float32), array([161, 403]))
Training group 3, split 3
	Y Train Labels:(array([0., 1.], dtype=float32), array([ 161, 1533]))
	Y Val Labels:(array([0.], dtype=float32), array([564]))
Done.
	Creating sequence for 'galatasaray-fan-token'... Training group 4, split 1
	Y Train Labels:(array([1.], dtype=float32), array([378]))
	Y Val Labels:(array([1.], dtype=float32), array([377]))
Training group 4, split 2
	Early stopping at epoch 13
	Y Train Labels:(array([1.], dtype=float32), array([755]))
	Y Val Labels:(array([0., 1.], dtype=float32), array([106, 271]))
Training group 4, split 3
	Early stopping at epoch 31
	Y Train Labels:(array([0., 1.], dtype=float32), array([ 106, 1026]))
	Y Val Labels:(array([0.], dtype=float32), array([377]))
Done.
	Creating sequence for 'daex'... Training group 5, split 1
	Y Train Labels:(array([1.], dtype=float32), array([558]))
	Y Val Labels:(array([1.], dtype=float32), array([556]))
Training group 5, split 2
	Early stopping at epoch 13
	Y Train Labels:(array([1.], dtype=float32), array([1114]))
	Y Val Labels:(array([0., 1.], dtype=float32), array([365, 191]))
Training group 5, split 3
	Early stopping at epoch 35
	Y Train Labels:(array([0., 1.], dtype=float32), array([ 365, 1305]))
	Y Val Labels:(array([0.], dtype=float32), array([556]))
Done.
	Creating sequence for 'insure'... Training group 6, split 1
	Y Train Labels:(array([1.], dtype=float32), array([239]))
	Y Val Labels:(array([1.], dtype=float32), array([239]))
Training group 6, split 2
	Y Train Labels:(array([1.], dtype=float32), array([478]))
	Y Val Labels:(array([1.], dtype=float32), array([239]))
Training group 6, split 3
	Y Train Labels:(array([1.], dtype=float32), array([717]))
	Y Val Labels:(array([1.], dtype=float32), array([239]))
Done.
	Creating sequence for 'infinitecoin'... Training group 7, split 1
	Y Train Labels:(array([1.], dtype=float32), array([885]))
	Y Val Labels:(array([1.], dtype=float32), array([882]))
Training group 7, split 2
