


--------------------------------------------------
Starting lstm.py at '2024-10-27 01:21:56.794926'.
Reading '../classifiedDAOs.json'... Done.
Total training Data: 1578
DAOs trained so far:982
Size of training set: 122
Size of test set: 474
Preparing data for training...
Preparing data for testing...
Parameters:
	Num epochs: 60
	Initial learning rate: 0.001
	Patience: 12
	Window size: 60
	Timeseries splits: 3
	Minimum number of timeseries datapoints: 64
Gradient boosting params: 
	{"max_depth": 3, "learning_rate": 0.05, "n_estimators": 100, "objective": "binary:logistic", "eval_metric": "logloss"}
	Creating sequence for 'mobilecoin'... Training group 0, split 1
	Y Train Labels:(array([1.], dtype=float32), array([287]))
	Y Val Labels:(array([1.], dtype=float32), array([284]))
Training group 0, split 2
	Y Train Labels:(array([1.], dtype=float32), array([571]))
	Y Val Labels:(array([1.], dtype=float32), array([284]))
Training group 0, split 3
	Y Train Labels:(array([1.], dtype=float32), array([855]))
	Y Val Labels:(array([1.], dtype=float32), array([284]))
Done.
	Creating sequence for 'jumptoken'... Training group 1, split 1
	Y Train Labels:(array([1.], dtype=float32), array([233]))
	Y Val Labels:(array([1.], dtype=float32), array([230]))
Training group 1, split 2
	Y Train Labels:(array([1.], dtype=float32), array([463]))
	Y Val Labels:(array([1.], dtype=float32), array([230]))
Training group 1, split 3
	Y Train Labels:(array([1.], dtype=float32), array([693]))
	Y Val Labels:(array([1.], dtype=float32), array([230]))
Done.
	Creating sequence for 'dafi-protocol'... Training group 2, split 1
	Y Train Labels:(array([1.], dtype=float32), array([252]))
	Y Val Labels:(array([1.], dtype=float32), array([251]))
Training group 2, split 2
	Early stopping at epoch 23
	Y Train Labels:(array([1.], dtype=float32), array([503]))
	Y Val Labels:(array([1.], dtype=float32), array([251]))
Training group 2, split 3
	Early stopping at epoch 13
	Y Train Labels:(array([1.], dtype=float32), array([754]))
	Y Val Labels:(array([0., 1.], dtype=float32), array([ 67, 184]))
Done.
	Creating sequence for 'myria'... Training group 3, split 1
	Y Train Labels:(array([1.], dtype=float32), array([120]))
	Y Val Labels:(array([1.], dtype=float32), array([119]))
Training group 3, split 2
	Y Train Labels:(array([1.], dtype=float32), array([239]))
	Y Val Labels:(array([1.], dtype=float32), array([119]))
Training group 3, split 3
	Y Train Labels:(array([1.], dtype=float32), array([358]))
	Y Val Labels:(array([1.], dtype=float32), array([119]))
Done.
	Creating sequence for 'illuvium'... Training group 4, split 1
	Y Train Labels:(array([1.], dtype=float32), array([268]))
	Y Val Labels:(array([1.], dtype=float32), array([268]))
Training group 4, split 2
	Y Train Labels:(array([1.], dtype=float32), array([536]))
	Y Val Labels:(array([1.], dtype=float32), array([268]))
Training group 4, split 3
	Y Train Labels:(array([1.], dtype=float32), array([804]))
	Y Val Labels:(array([1.], dtype=float32), array([268]))
Done.
	Creating sequence for 'monavale'... Training group 5, split 1
	Y Train Labels:(array([1.], dtype=float32), array([317]))
	Y Val Labels:(array([1.], dtype=float32), array([317]))
Training group 5, split 2
