


--------------------------------------------------
Starting lstm.py at '2024-10-26 23:48:20.910960'.
Reading '../classifiedDAOs.json'... Done.
Total training Data: 1578
DAOs trained so far:689
Size of training set: 415
Size of test set: 474
Preparing data for training...
Preparing data for testing...
Parameters:
	Num epochs: 60
	Initial learning rate: 0.001
	Patience: 12
	Window size: 60
	Timeseries splits: 3
	Minimum number of timeseries datapoints: 64
Gradient boosting params: 
	{"max_depth": 3, "learning_rate": 0.05, "n_estimators": 100, "objective": "binary:logistic", "eval_metric": "logloss"}
	Creating sequence for 'ftx-token'... Training group 0, split 1
	Early stopping at epoch 13
	Y Train Labels:(array([1.], dtype=float32), array([445]))
	Y Val Labels:(array([1.], dtype=float32), array([445]))
Training group 0, split 2
	Early stopping at epoch 13
	Y Train Labels:(array([1.], dtype=float32), array([890]))
	Y Val Labels:(array([0., 1.], dtype=float32), array([199, 246]))
Training group 0, split 3
	Early stopping at epoch 13
	Y Train Labels:(array([0., 1.], dtype=float32), array([ 199, 1136]))
	Y Val Labels:(array([0.], dtype=float32), array([445]))
Done.
	Creating sequence for 'blast'... Training group 1, split 1
	Early stopping at epoch 13
	Y Train Labels:(array([0., 1.], dtype=float32), array([5, 4]))
	Y Val Labels:(array([0.], dtype=float32), array([7]))
Training group 1, split 2
	Early stopping at epoch 13
	Y Train Labels:(array([0., 1.], dtype=float32), array([12,  4]))
	Y Val Labels:(array([0.], dtype=float32), array([7]))
Training group 1, split 3
	Early stopping at epoch 13
	Y Train Labels:(array([0., 1.], dtype=float32), array([19,  4]))
	Y Val Labels:(array([0.], dtype=float32), array([7]))
Done.
	Creating sequence for 'zetachain'... Training group 2, split 1
	Early stopping at epoch 13
	Y Train Labels:(array([1.], dtype=float32), array([45]))
	Y Val Labels:(array([1.], dtype=float32), array([44]))
Training group 2, split 2
	Early stopping at epoch 13
	Y Train Labels:(array([1.], dtype=float32), array([89]))
	Y Val Labels:(array([1.], dtype=float32), array([44]))
Training group 2, split 3
	Early stopping at epoch 13
	Y Train Labels:(array([1.], dtype=float32), array([133]))
	Y Val Labels:(array([1.], dtype=float32), array([44]))
Done.
	Creating sequence for 'daex'... Training group 3, split 1
	Early stopping at epoch 13
	Y Train Labels:(array([1.], dtype=float32), array([558]))
	Y Val Labels:(array([1.], dtype=float32), array([556]))
Training group 3, split 2
	Early stopping at epoch 13
	Y Train Labels:(array([1.], dtype=float32), array([1114]))
	Y Val Labels:(array([0., 1.], dtype=float32), array([365, 191]))
Training group 3, split 3
	Early stopping at epoch 13
	Y Train Labels:(array([0., 1.], dtype=float32), array([ 365, 1305]))
	Y Val Labels:(array([0.], dtype=float32), array([556]))
Done.
	Creating sequence for 'tellor'... Training group 4, split 1
	Early stopping at epoch 13
	Y Train Labels:(array([1.], dtype=float32), array([416]))
	Y Val Labels:(array([1.], dtype=float32), array([413]))
Training group 4, split 2
