


--------------------------------------------------
Starting lstm.py at '2024-10-16 13:36:30.522512'.
Reading './isDaoActiveData(4).json'... Done.
Total training Data: 379
DAOs trained so far:138
Size of training set: 127
Size of test set: 114
Preparing data for training...
Preparing data for testing...
Parameters:
	Num epochs: 60
	Initial learning rate: 0.001
	Patience: 12
	Window size: 60
	Timeseries splits: 3
	Minimum number of timeseries datapoints: 64
Gradient boosting params: 
	{"max_depth": 3, "learning_rate": 0.05, "n_estimators": 100, "objective": "binary:logistic", "eval_metric": "logloss"}
	Creating sequence for 'bitcoin-diamond'... Training group 0, split 1
	Y Train Labels:(array([1.], dtype=float32), array([566]))
	Y Val Labels:(array([1.], dtype=float32), array([564]))
Training group 0, split 2
	Early stopping at epoch 13
	Y Train Labels:(array([1.], dtype=float32), array([1130]))
	Y Val Labels:(array([0., 1.], dtype=float32), array([161, 403]))
Training group 0, split 3
	Y Train Labels:(array([0., 1.], dtype=float32), array([ 161, 1533]))
	Y Val Labels:(array([0.], dtype=float32), array([564]))
Done.
	Creating sequence for 'bitcoin-gold'... Training group 1, split 1
	Y Train Labels:(array([1.], dtype=float32), array([571]))
	Y Val Labels:(array([1.], dtype=float32), array([571]))
Training group 1, split 2
	Early stopping at epoch 13
	Y Train Labels:(array([1.], dtype=float32), array([1142]))
	Y Val Labels:(array([0., 1.], dtype=float32), array([294, 277]))
Training group 1, split 3
	Early stopping at epoch 41
	Y Train Labels:(array([0., 1.], dtype=float32), array([ 294, 1419]))
	Y Val Labels:(array([0.], dtype=float32), array([571]))
Done.
	Creating sequence for 'cotrader'... Training group 2, split 1
	Y Train Labels:(array([1.], dtype=float32), array([318]))
	Y Val Labels:(array([1.], dtype=float32), array([316]))
Training group 2, split 2
	Y Train Labels:(array([1.], dtype=float32), array([634]))
	Y Val Labels:(array([1.], dtype=float32), array([316]))
Training group 2, split 3
	Early stopping at epoch 36
	Y Train Labels:(array([1.], dtype=float32), array([950]))
	Y Val Labels:(array([1.], dtype=float32), array([316]))
Done.
	Creating sequence for 'coin98'... Training group 3, split 1
	Y Train Labels:(array([1.], dtype=float32), array([263]))
	Y Val Labels:(array([1.], dtype=float32), array([262]))
Training group 3, split 2
	Y Train Labels:(array([1.], dtype=float32), array([525]))
	Y Val Labels:(array([1.], dtype=float32), array([262]))
Training group 3, split 3
	Y Train Labels:(array([1.], dtype=float32), array([787]))
	Y Val Labels:(array([1.], dtype=float32), array([262]))
Done.
	Creating sequence for 'convex-finance'... Training group 4, split 1
	Y Train Labels:(array([1.], dtype=float32), array([279]))
	Y Val Labels:(array([1.], dtype=float32), array([279]))
Training group 4, split 2
	Y Train Labels:(array([1.], dtype=float32), array([558]))
	Y Val Labels:(array([1.], dtype=float32), array([279]))
Training group 4, split 3
	Y Train Labels:(array([1.], dtype=float32), array([837]))
	Y Val Labels:(array([1.], dtype=float32), array([279]))
Done.
	Creating sequence for 'alpine-f1-team-fan-token'... Training group 5, split 1
	Early stopping at epoch 13
	Y Train Labels:(array([1.], dtype=float32), array([216]))
	Y Val Labels:(array([0., 1.], dtype=float32), array([ 62, 151]))
Training group 5, split 2
	Early stopping at epoch 47
	Y Train Labels:(array([0., 1.], dtype=float32), array([ 62, 367]))
	Y Val Labels:(array([0.], dtype=float32), array([213]))
Training group 5, split 3
	Early stopping at epoch 25
	Y Train Labels:(array([0., 1.], dtype=float32), array([275, 367]))
	Y Val Labels:(array([0.], dtype=float32), array([213]))
Done.
	Creating sequence for 'ampleforth'... Training group 6, split 1
	Y Train Labels:(array([1.], dtype=float32), array([452]))
	Y Val Labels:(array([1.], dtype=float32), array([450]))
Training group 6, split 2
	Y Train Labels:(array([1.], dtype=float32), array([902]))
	Y Val Labels:(array([1.], dtype=float32), array([450]))
Training group 6, split 3
