


--------------------------------------------------
Starting lstm.py at '2024-10-26 22:48:17.696419'.
Reading '../classifiedDAOs.json'... Done.
Total training Data: 1578
DAOs trained so far:287
Size of training set: 817
Size of test set: 474
Preparing data for training...
Preparing data for testing...
Parameters:
	Num epochs: 60
	Initial learning rate: 0.001
	Patience: 12
	Window size: 60
	Timeseries splits: 3
	Minimum number of timeseries datapoints: 64
Gradient boosting params: 
	{"max_depth": 3, "learning_rate": 0.05, "n_estimators": 100, "objective": "binary:logistic", "eval_metric": "logloss"}
	Creating sequence for 'suterusu'... Training group 0, split 1
	Early stopping at epoch 13
	Y Train Labels:(array([1.], dtype=float32), array([414]))
	Y Val Labels:(array([0., 1.], dtype=float32), array([ 28, 384]))
Training group 0, split 2
	Early stopping at epoch 13
	Y Train Labels:(array([0., 1.], dtype=float32), array([ 28, 798]))
	Y Val Labels:(array([0.], dtype=float32), array([412]))
Training group 0, split 3
	Early stopping at epoch 13
	Y Train Labels:(array([0., 1.], dtype=float32), array([440, 798]))
	Y Val Labels:(array([0.], dtype=float32), array([412]))
Done.
	Creating sequence for 'skycoin'... Training group 1, split 1
	Early stopping at epoch 13
	Y Train Labels:(array([1.], dtype=float32), array([561]))
	Y Val Labels:(array([1.], dtype=float32), array([561]))
Training group 1, split 2
	Early stopping at epoch 13
	Y Train Labels:(array([1.], dtype=float32), array([1122]))
	Y Val Labels:(array([0., 1.], dtype=float32), array([294, 267]))
Training group 1, split 3
	Early stopping at epoch 13
	Y Train Labels:(array([0., 1.], dtype=float32), array([ 294, 1389]))
	Y Val Labels:(array([0.], dtype=float32), array([561]))
Done.
	Creating sequence for 'neurashi'... Training group 2, split 1
	Early stopping at epoch 13
	Y Train Labels:(array([1.], dtype=float32), array([64]))
	Y Val Labels:(array([1.], dtype=float32), array([63]))
Training group 2, split 2
	Early stopping at epoch 13
	Y Train Labels:(array([1.], dtype=float32), array([127]))
	Y Val Labels:(array([0., 1.], dtype=float32), array([24, 39]))
Training group 2, split 3
	Early stopping at epoch 13
	Y Train Labels:(array([0., 1.], dtype=float32), array([ 24, 166]))
	Y Val Labels:(array([0.], dtype=float32), array([63]))
Done.
	Creating sequence for 'paypal-usd'... 00
Done.
	Creating sequence for 'multichain'... Training group 4, split 1
	Early stopping at epoch 13
	Y Train Labels:(array([1.], dtype=float32), array([209]))
	Y Val Labels:(array([1.], dtype=float32), array([207]))
Training group 4, split 2
	Early stopping at epoch 13
	Y Train Labels:(array([1.], dtype=float32), array([416]))
	Y Val Labels:(array([0., 1.], dtype=float32), array([140,  67]))
Training group 4, split 3
	Early stopping at epoch 13
	Y Train Labels:(array([0., 1.], dtype=float32), array([140, 483]))
	Y Val Labels:(array([0.], dtype=float32), array([207]))
Done.
	Creating sequence for 'liquity'... Training group 5, split 1
	Early stopping at epoch 13
	Y Train Labels:(array([1.], dtype=float32), array([295]))
	Y Val Labels:(array([1.], dtype=float32), array([292]))
Training group 5, split 2
