


--------------------------------------------------
Starting lstm.py at '2024-10-26 23:21:31.091776'.
Reading '../classifiedDAOs.json'... Done.
Total training Data: 1578
DAOs trained so far:494
Size of training set: 610
Size of test set: 474
Preparing data for training...
Preparing data for testing...
Parameters:
	Num epochs: 60
	Initial learning rate: 0.001
	Patience: 12
	Window size: 60
	Timeseries splits: 3
	Minimum number of timeseries datapoints: 64
Gradient boosting params: 
	{"max_depth": 3, "learning_rate": 0.05, "n_estimators": 100, "objective": "binary:logistic", "eval_metric": "logloss"}
	Creating sequence for 'gsenetwork'... Training group 0, split 1
	Early stopping at epoch 13
	Y Train Labels:(array([0., 1.], dtype=float32), array([257, 261]))
	Y Val Labels:(array([0.], dtype=float32), array([518]))
Training group 0, split 2
	Early stopping at epoch 13
	Y Train Labels:(array([0., 1.], dtype=float32), array([775, 261]))
	Y Val Labels:(array([0.], dtype=float32), array([518]))
Training group 0, split 3
	Early stopping at epoch 13
	Y Train Labels:(array([0., 1.], dtype=float32), array([1293,  261]))
	Y Val Labels:(array([0.], dtype=float32), array([518]))
Done.
	Creating sequence for 'metaq'... Training group 1, split 1
	Early stopping at epoch 13
	Y Train Labels:(array([0.], dtype=float32), array([54]))
	Y Val Labels:(array([0.], dtype=float32), array([54]))
Training group 1, split 2
	Early stopping at epoch 13
	Y Train Labels:(array([0.], dtype=float32), array([108]))
	Y Val Labels:(array([0.], dtype=float32), array([54]))
Training group 1, split 3
	Early stopping at epoch 13
	Y Train Labels:(array([0.], dtype=float32), array([162]))
	Y Val Labels:(array([0.], dtype=float32), array([54]))
Done.
	Creating sequence for 'dreams-quest'... Training group 2, split 1
	Early stopping at epoch 13
	Y Train Labels:(array([1.], dtype=float32), array([90]))
	Y Val Labels:(array([0., 1.], dtype=float32), array([86,  4]))
Training group 2, split 2
	Early stopping at epoch 13
	Y Train Labels:(array([0., 1.], dtype=float32), array([86, 94]))
	Y Val Labels:(array([0.], dtype=float32), array([90]))
Training group 2, split 3
	Early stopping at epoch 13
	Y Train Labels:(array([0., 1.], dtype=float32), array([176,  94]))
	Y Val Labels:(array([0.], dtype=float32), array([90]))
Done.
	Creating sequence for 'perpetual-protocol'... Training group 3, split 1
	Early stopping at epoch 13
	Y Train Labels:(array([0., 1.], dtype=float32), array([  1, 309]))
	Y Val Labels:(array([0.], dtype=float32), array([310]))
Training group 3, split 2
	Early stopping at epoch 13
	Y Train Labels:(array([0., 1.], dtype=float32), array([311, 309]))
	Y Val Labels:(array([0.], dtype=float32), array([310]))
Training group 3, split 3
	Early stopping at epoch 13
	Y Train Labels:(array([0., 1.], dtype=float32), array([621, 309]))
	Y Val Labels:(array([0.], dtype=float32), array([310]))
Done.
	Creating sequence for 'dodo'... Training group 4, split 1
	Early stopping at epoch 13
	Y Train Labels:(array([1.], dtype=float32), array([317]))
	Y Val Labels:(array([1.], dtype=float32), array([317]))
Training group 4, split 2
