


--------------------------------------------------
Starting lstm.py at '2024-10-23 20:22:22.828298'.
Reading '../classifiedDAOs.json'... Done.
Total training Data: 1578
DAOs trained so far:778
Size of training set: 326
Size of test set: 474
Preparing data for training...
Preparing data for testing...
Parameters:
	Num epochs: 60
	Initial learning rate: 0.001
	Patience: 12
	Window size: 60
	Timeseries splits: 3
	Minimum number of timeseries datapoints: 64
Gradient boosting params: 
	{"max_depth": 3, "learning_rate": 0.05, "n_estimators": 100, "objective": "binary:logistic", "eval_metric": "logloss"}
	Creating sequence for 'lisk'... Training group 0, split 1
	Early stopping at epoch 26
	Y Train Labels:(array([1.], dtype=float32), array([593]))
	Y Val Labels:(array([1.], dtype=float32), array([592]))
Training group 0, split 2
	Y Train Labels:(array([1.], dtype=float32), array([1185]))
	Y Val Labels:(array([1.], dtype=float32), array([592]))
Training group 0, split 3
	Y Train Labels:(array([1.], dtype=float32), array([1777]))
	Y Val Labels:(array([1.], dtype=float32), array([592]))
Done.
	Creating sequence for 'ethereum'... Training group 1, split 1
	Y Train Labels:(array([1.], dtype=float32), array([573]))
	Y Val Labels:(array([1.], dtype=float32), array([570]))
Training group 1, split 2
	Y Train Labels:(array([1.], dtype=float32), array([1143]))
	Y Val Labels:(array([1.], dtype=float32), array([570]))
Training group 1, split 3
	Y Train Labels:(array([1.], dtype=float32), array([1713]))
	Y Val Labels:(array([1.], dtype=float32), array([570]))
Done.
	Creating sequence for 'snetwork'... Training group 2, split 1
	Y Train Labels:(array([1.], dtype=float32), array([529]))
	Y Val Labels:(array([1.], dtype=float32), array([529]))
Training group 2, split 2
	Early stopping at epoch 13
	Y Train Labels:(array([1.], dtype=float32), array([1058]))
	Y Val Labels:(array([0., 1.], dtype=float32), array([502,  27]))
Training group 2, split 3
	Early stopping at epoch 50
	Y Train Labels:(array([0., 1.], dtype=float32), array([ 502, 1085]))
	Y Val Labels:(array([0.], dtype=float32), array([529]))
Done.
	Creating sequence for 'compound-uniswap'... Training group 3, split 1
	Early stopping at epoch 13
	Y Train Labels:(array([0., 1.], dtype=float32), array([ 27, 136]))
	Y Val Labels:(array([0.], dtype=float32), array([160]))
Training group 3, split 2
	Y Train Labels:(array([0., 1.], dtype=float32), array([187, 136]))
	Y Val Labels:(array([0.], dtype=float32), array([160]))
Training group 3, split 3
	Y Train Labels:(array([0., 1.], dtype=float32), array([347, 136]))
	Y Val Labels:(array([0.], dtype=float32), array([160]))
Done.
	Creating sequence for 'choise'... Training group 4, split 1
	Y Train Labels:(array([1.], dtype=float32), array([127]))
	Y Val Labels:(array([1.], dtype=float32), array([125]))
Training group 4, split 2
	Y Train Labels:(array([1.], dtype=float32), array([252]))
	Y Val Labels:(array([1.], dtype=float32), array([125]))
Training group 4, split 3
	Early stopping at epoch 22
	Y Train Labels:(array([1.], dtype=float32), array([377]))
	Y Val Labels:(array([1.], dtype=float32), array([125]))
Done.
	Creating sequence for 'sirin-labs-token'... Training group 5, split 1
	Y Train Labels:(array([0.], dtype=float32), array([597]))
	Y Val Labels:(array([0.], dtype=float32), array([597]))
Training group 5, split 2
	Y Train Labels:(array([0.], dtype=float32), array([1194]))
	Y Val Labels:(array([0.], dtype=float32), array([597]))
Training group 5, split 3
