


--------------------------------------------------
Starting lstm.py at '2024-10-26 22:28:18.106317'.
Reading '../classifiedDAOs.json'... Done.
Total training Data: 1578
DAOs trained so far:154
Size of training set: 950
Size of test set: 474
Preparing data for training...
Preparing data for testing...
Parameters:
	Num epochs: 60
	Initial learning rate: 0.001
	Patience: 12
	Window size: 60
	Timeseries splits: 3
	Minimum number of timeseries datapoints: 64
Gradient boosting params: 
	{"max_depth": 3, "learning_rate": 0.05, "n_estimators": 100, "objective": "binary:logistic", "eval_metric": "logloss"}
	Creating sequence for 'bitcoin-wizards'... Training group 0, split 1
	Early stopping at epoch 13
	Y Train Labels:(array([1.], dtype=float32), array([27]))
	Y Val Labels:(array([1.], dtype=float32), array([27]))
Training group 0, split 2
	Early stopping at epoch 13
	Y Train Labels:(array([1.], dtype=float32), array([54]))
	Y Val Labels:(array([0.], dtype=float32), array([27]))
Training group 0, split 3
	Early stopping at epoch 13
	Y Train Labels:(array([0., 1.], dtype=float32), array([27, 54]))
	Y Val Labels:(array([0.], dtype=float32), array([27]))
Done.
	Creating sequence for 'hxro'... Training group 1, split 1
	Early stopping at epoch 13
	Y Train Labels:(array([1.], dtype=float32), array([312]))
	Y Val Labels:(array([1.], dtype=float32), array([311]))
Training group 1, split 2
	Early stopping at epoch 13
	Y Train Labels:(array([1.], dtype=float32), array([623]))
	Y Val Labels:(array([1.], dtype=float32), array([311]))
Training group 1, split 3
	Early stopping at epoch 13
	Y Train Labels:(array([1.], dtype=float32), array([934]))
	Y Val Labels:(array([1.], dtype=float32), array([311]))
Done.
	Creating sequence for 'gamium'... Training group 2, split 1
	Early stopping at epoch 13
	Y Train Labels:(array([1.], dtype=float32), array([125]))
	Y Val Labels:(array([1.], dtype=float32), array([124]))
Training group 2, split 2
	Early stopping at epoch 13
	Y Train Labels:(array([1.], dtype=float32), array([249]))
	Y Val Labels:(array([1.], dtype=float32), array([124]))
Training group 2, split 3
	Early stopping at epoch 13
	Y Train Labels:(array([1.], dtype=float32), array([373]))
	Y Val Labels:(array([1.], dtype=float32), array([124]))
Done.
	Creating sequence for 'bora'... Training group 3, split 1
	Early stopping at epoch 13
	Y Train Labels:(array([1.], dtype=float32), array([475]))
	Y Val Labels:(array([1.], dtype=float32), array([473]))
Training group 3, split 2
	Early stopping at epoch 13
	Y Train Labels:(array([1.], dtype=float32), array([948]))
	Y Val Labels:(array([0., 1.], dtype=float32), array([  1, 472]))
Training group 3, split 3
	Early stopping at epoch 13
	Y Train Labels:(array([0., 1.], dtype=float32), array([   1, 1420]))
	Y Val Labels:(array([0.], dtype=float32), array([473]))
Done.
	Creating sequence for 'digital-reserve-currency'... Training group 4, split 1
	Early stopping at epoch 13
	Y Train Labels:(array([1.], dtype=float32), array([346]))
	Y Val Labels:(array([0., 1.], dtype=float32), array([148, 197]))
Training group 4, split 2
