


--------------------------------------------------
Starting lstm.py at '2024-10-23 21:08:26.446334'.
Reading '../classifiedDAOs.json'... Done.
Total training Data: 1578
DAOs trained so far:1040
Size of training set: 64
Size of test set: 474
Preparing data for training...
Preparing data for testing...
Parameters:
	Num epochs: 60
	Initial learning rate: 0.001
	Patience: 12
	Window size: 60
	Timeseries splits: 3
	Minimum number of timeseries datapoints: 64
Gradient boosting params: 
	{"max_depth": 3, "learning_rate": 0.05, "n_estimators": 100, "objective": "binary:logistic", "eval_metric": "logloss"}
	Creating sequence for 'contentbox'... Training group 0, split 1
	Early stopping at epoch 13
	Y Train Labels:(array([0., 1.], dtype=float32), array([207, 331]))
	Y Val Labels:(array([0.], dtype=float32), array([537]))
Training group 0, split 2
	Early stopping at epoch 13
	Y Train Labels:(array([0., 1.], dtype=float32), array([744, 331]))
	Y Val Labels:(array([0.], dtype=float32), array([537]))
Training group 0, split 3
	Early stopping at epoch 13
	Y Train Labels:(array([0., 1.], dtype=float32), array([1281,  331]))
	Y Val Labels:(array([0.], dtype=float32), array([537]))
Done.
	Creating sequence for 'kujira'... Training group 1, split 1
	Y Train Labels:(array([1.], dtype=float32), array([243]))
	Y Val Labels:(array([1.], dtype=float32), array([242]))
Training group 1, split 2
	Y Train Labels:(array([1.], dtype=float32), array([485]))
	Y Val Labels:(array([1.], dtype=float32), array([242]))
Training group 1, split 3
	Early stopping at epoch 13
	Y Train Labels:(array([1.], dtype=float32), array([727]))
	Y Val Labels:(array([0., 1.], dtype=float32), array([ 83, 159]))
Done.
	Creating sequence for 'enigma'... Training group 2, split 1
	Early stopping at epoch 43
	Y Train Labels:(array([1.], dtype=float32), array([303]))
	Y Val Labels:(array([1.], dtype=float32), array([302]))
Training group 2, split 2
	Y Train Labels:(array([1.], dtype=float32), array([605]))
	Y Val Labels:(array([1.], dtype=float32), array([302]))
Training group 2, split 3
	Y Train Labels:(array([1.], dtype=float32), array([907]))
	Y Val Labels:(array([1.], dtype=float32), array([302]))
Done.
	Creating sequence for 'dusk-network'... Training group 3, split 1
	Y Train Labels:(array([1.], dtype=float32), array([455]))
	Y Val Labels:(array([1.], dtype=float32), array([453]))
Training group 3, split 2
	Y Train Labels:(array([1.], dtype=float32), array([908]))
	Y Val Labels:(array([1.], dtype=float32), array([453]))
Training group 3, split 3
	Y Train Labels:(array([1.], dtype=float32), array([1361]))
	Y Val Labels:(array([1.], dtype=float32), array([453]))
Done.
	Creating sequence for 'minswap'... Training group 4, split 1
	Y Train Labels:(array([1.], dtype=float32), array([190]))
	Y Val Labels:(array([1.], dtype=float32), array([189]))
Training group 4, split 2
	Y Train Labels:(array([1.], dtype=float32), array([379]))
	Y Val Labels:(array([1.], dtype=float32), array([189]))
Training group 4, split 3
	Y Train Labels:(array([1.], dtype=float32), array([568]))
	Y Val Labels:(array([1.], dtype=float32), array([189]))
Done.
	Creating sequence for 'coti'... Training group 5, split 1
	Y Train Labels:(array([1.], dtype=float32), array([460]))
	Y Val Labels:(array([1.], dtype=float32), array([458]))
Training group 5, split 2
	Y Train Labels:(array([1.], dtype=float32), array([918]))
	Y Val Labels:(array([1.], dtype=float32), array([458]))
Training group 5, split 3
	Early stopping at epoch 26
	Y Train Labels:(array([1.], dtype=float32), array([1376]))
	Y Val Labels:(array([1.], dtype=float32), array([458]))
Done.
	Creating sequence for 'gensokishis-metaverse'... Training group 6, split 1
	Y Train Labels:(array([1.], dtype=float32), array([202]))
	Y Val Labels:(array([1.], dtype=float32), array([202]))
Training group 6, split 2
	Y Train Labels:(array([1.], dtype=float32), array([404]))
	Y Val Labels:(array([1.], dtype=float32), array([202]))
Training group 6, split 3
