


--------------------------------------------------
Starting lstm.py at '2024-10-16 09:32:47.990235'.
Reading './isDaoActiveData(4).json'... Done.
Total training Data: 379
DAOs trained so far:48
Size of training set: 217
Size of test set: 114
Preparing data for training...
Preparing data for testing...
Parameters:
	Num epochs: 60
	Initial learning rate: 0.001
	Patience: 12
	Window size: 60
	Timeseries splits: 3
	Minimum number of timeseries datapoints: 64
Gradient boosting params: 
	{"max_depth": 3, "learning_rate": 0.05, "n_estimators": 100, "objective": "binary:logistic", "eval_metric": "logloss"}
	Creating sequence for 'affyn'... Training group 0, split 1
	Y Train Labels:(array([0.], dtype=float32), array([228]))
	Y Val Labels:(array([0.], dtype=float32), array([227]))
Training group 0, split 2
	Y Train Labels:(array([0.], dtype=float32), array([455]))
	Y Val Labels:(array([0.], dtype=float32), array([227]))
Training group 0, split 3
	Y Train Labels:(array([0.], dtype=float32), array([682]))
	Y Val Labels:(array([0.], dtype=float32), array([227]))
Done.
	Creating sequence for 'adapad'... Training group 1, split 1
	Early stopping at epoch 13
	Y Train Labels:(array([0., 1.], dtype=float32), array([141,  92]))
	Y Val Labels:(array([0.], dtype=float32), array([233]))
Training group 1, split 2
	Early stopping at epoch 30
	Y Train Labels:(array([0., 1.], dtype=float32), array([374,  92]))
	Y Val Labels:(array([0.], dtype=float32), array([233]))
Training group 1, split 3
	Early stopping at epoch 32
	Y Train Labels:(array([0., 1.], dtype=float32), array([607,  92]))
	Y Val Labels:(array([0.], dtype=float32), array([233]))
Done.
	Creating sequence for 'crypto-asset-governance-alliance'... Training group 2, split 1
	Early stopping at epoch 13
	Y Train Labels:(array([0., 1.], dtype=float32), array([13, 52]))
	Y Val Labels:(array([0.], dtype=float32), array([64]))
Training group 2, split 2
	Early stopping at epoch 13
	Y Train Labels:(array([0., 1.], dtype=float32), array([77, 52]))
	Y Val Labels:(array([0.], dtype=float32), array([64]))
Training group 2, split 3
	Early stopping at epoch 13
	Y Train Labels:(array([0., 1.], dtype=float32), array([141,  52]))
	Y Val Labels:(array([0.], dtype=float32), array([64]))
Done.
	Creating sequence for 'compound-basic-attention-token'... Training group 3, split 1
	Y Train Labels:(array([1.], dtype=float32), array([263]))
	Y Val Labels:(array([1.], dtype=float32), array([261]))
Training group 3, split 2
	Early stopping at epoch 13
	Y Train Labels:(array([1.], dtype=float32), array([524]))
	Y Val Labels:(array([0., 1.], dtype=float32), array([211,  50]))
Training group 3, split 3
	Y Train Labels:(array([0., 1.], dtype=float32), array([211, 574]))
	Y Val Labels:(array([0.], dtype=float32), array([261]))
Done.
	Creating sequence for 'aave-usdt'... Skipped.
	Creating sequence for 'apy-finance'... Training group 4, split 1
	Early stopping at epoch 18
	Y Train Labels:(array([1.], dtype=float32), array([301]))
	Y Val Labels:(array([0., 1.], dtype=float32), array([150, 151]))
Training group 4, split 2
