


--------------------------------------------------
Starting lstm.py at '2024-10-27 00:09:15.887810'.
Reading '../classifiedDAOs.json'... Done.
Total training Data: 1578
DAOs trained so far:811
Size of training set: 293
Size of test set: 474
Preparing data for training...
Preparing data for testing...
Parameters:
	Num epochs: 60
	Initial learning rate: 0.001
	Patience: 12
	Window size: 60
	Timeseries splits: 3
	Minimum number of timeseries datapoints: 64
Gradient boosting params: 
	{"max_depth": 3, "learning_rate": 0.05, "n_estimators": 100, "objective": "binary:logistic", "eval_metric": "logloss"}
	Creating sequence for 'iotex'... Training group 0, split 1
	Y Train Labels:(array([1.], dtype=float32), array([544]))
	Y Val Labels:(array([1.], dtype=float32), array([544]))
Training group 0, split 2
	Y Train Labels:(array([1.], dtype=float32), array([1088]))
	Y Val Labels:(array([1.], dtype=float32), array([544]))
Training group 0, split 3
	Y Train Labels:(array([1.], dtype=float32), array([1632]))
	Y Val Labels:(array([1.], dtype=float32), array([544]))
Done.
	Creating sequence for 'umbrella-network'... Training group 1, split 1
	Early stopping at epoch 13
	Y Train Labels:(array([1.], dtype=float32), array([309]))
	Y Val Labels:(array([0., 1.], dtype=float32), array([261,  45]))
Training group 1, split 2
	Early stopping at epoch 39
	Y Train Labels:(array([0., 1.], dtype=float32), array([261, 354]))
	Y Val Labels:(array([0.], dtype=float32), array([306]))
Training group 1, split 3
	Early stopping at epoch 25
	Y Train Labels:(array([0., 1.], dtype=float32), array([567, 354]))
	Y Val Labels:(array([0.], dtype=float32), array([306]))
Done.
	Creating sequence for 'groestlcoin'... Training group 2, split 1
	Y Train Labels:(array([1.], dtype=float32), array([568]))
	Y Val Labels:(array([1.], dtype=float32), array([568]))
Training group 2, split 2
	Y Train Labels:(array([1.], dtype=float32), array([1136]))
	Y Val Labels:(array([1.], dtype=float32), array([568]))
Training group 2, split 3
