


--------------------------------------------------
Starting lstm.py at '2024-10-25 16:24:06.943707'.
Reading './balancedDataset.json'... Done.
Total training Data: 1030
DAOs trained so far:12
Size of training set: 709
Size of test set: 309
Preparing data for training...
Preparing data for testing...
Parameters:
	Num epochs: 60
	Initial learning rate: 0.001
	Patience: 12
	Window size: 60
	Timeseries splits: 3
	Minimum number of timeseries datapoints: 64
Gradient boosting params: 
	{"max_depth": 3, "learning_rate": 0.05, "n_estimators": 100, "objective": "binary:logistic", "eval_metric": "logloss"}
	Creating sequence for 'realio-network'... Training group 0, split 1
	Early stopping at epoch 13
	Y Train Labels:(array([1.], dtype=float32), array([375]))
	Y Val Labels:(array([1.], dtype=float32), array([372]))
Training group 0, split 2
	Early stopping at epoch 13
	Y Train Labels:(array([1.], dtype=float32), array([747]))
	Y Val Labels:(array([1.], dtype=float32), array([372]))
Training group 0, split 3
	Early stopping at epoch 13
	Y Train Labels:(array([1.], dtype=float32), array([1119]))
	Y Val Labels:(array([1.], dtype=float32), array([372]))
Done.
	Creating sequence for 'cyberconnect'... 00
Done.
	Creating sequence for 'delphy'... Training group 2, split 1
	Early stopping at epoch 13
	Y Train Labels:(array([1.], dtype=float32), array([560]))
	Y Val Labels:(array([1.], dtype=float32), array([557]))
Training group 2, split 2
	Early stopping at epoch 13
	Y Train Labels:(array([1.], dtype=float32), array([1117]))
	Y Val Labels:(array([0., 1.], dtype=float32), array([528,  29]))
Training group 2, split 3
	Early stopping at epoch 13
	Y Train Labels:(array([0., 1.], dtype=float32), array([ 528, 1146]))
	Y Val Labels:(array([0.], dtype=float32), array([557]))
Done.
	Creating sequence for 'altlayer'... Training group 3, split 1
	Early stopping at epoch 13
	Y Train Labels:(array([1.], dtype=float32), array([46]))
	Y Val Labels:(array([1.], dtype=float32), array([46]))
Training group 3, split 2
	Early stopping at epoch 13
	Y Train Labels:(array([1.], dtype=float32), array([92]))
	Y Val Labels:(array([1.], dtype=float32), array([46]))
Training group 3, split 3
	Early stopping at epoch 13
	Y Train Labels:(array([1.], dtype=float32), array([138]))
	Y Val Labels:(array([1.], dtype=float32), array([46]))
Done.
	Creating sequence for 'kalao'... Training group 4, split 1
	Early stopping at epoch 13
	Y Train Labels:(array([0., 1.], dtype=float32), array([222,  37]))
	Y Val Labels:(array([0.], dtype=float32), array([258]))
Training group 4, split 2
