


--------------------------------------------------
Starting lstm.py at '2024-10-16 15:33:08.613683'.
Reading './isDaoActiveData(4).json'... Done.
Total training Data: 379
DAOs trained so far:258
Size of training set: 7
Size of test set: 114
Preparing data for training...
Preparing data for testing...
Parameters:
	Num epochs: 60
	Initial learning rate: 0.001
	Patience: 12
	Window size: 60
	Timeseries splits: 3
	Minimum number of timeseries datapoints: 64
Gradient boosting params: 
	{"max_depth": 3, "learning_rate": 0.05, "n_estimators": 100, "objective": "binary:logistic", "eval_metric": "logloss"}
	Creating sequence for 'acute-angle-cloud'... Training group 0, split 1
	Y Train Labels:(array([1.], dtype=float32), array([124]))
	Y Val Labels:(array([1.], dtype=float32), array([124]))
Training group 0, split 2
	Y Train Labels:(array([1.], dtype=float32), array([248]))
	Y Val Labels:(array([1.], dtype=float32), array([124]))
Training group 0, split 3
	Y Train Labels:(array([1.], dtype=float32), array([372]))
	Y Val Labels:(array([1.], dtype=float32), array([124]))
Done.
	Creating sequence for 'blocery'... Training group 1, split 1
	Y Train Labels:(array([1.], dtype=float32), array([308]))
	Y Val Labels:(array([1.], dtype=float32), array([308]))
Training group 1, split 2
	Early stopping at epoch 13
	Y Train Labels:(array([1.], dtype=float32), array([616]))
	Y Val Labels:(array([0., 1.], dtype=float32), array([199, 109]))
Training group 1, split 3
	Early stopping at epoch 57
	Y Train Labels:(array([0., 1.], dtype=float32), array([199, 725]))
	Y Val Labels:(array([0.], dtype=float32), array([308]))
Done.
	Creating sequence for 'beamswap'... Training group 2, split 1
	Y Train Labels:(array([1.], dtype=float32), array([216]))
	Y Val Labels:(array([1.], dtype=float32), array([215]))
Training group 2, split 2
	Early stopping at epoch 13
	Y Train Labels:(array([1.], dtype=float32), array([431]))
	Y Val Labels:(array([0., 1.], dtype=float32), array([170,  45]))
Training group 2, split 3
	Y Train Labels:(array([0., 1.], dtype=float32), array([170, 476]))
	Y Val Labels:(array([0.], dtype=float32), array([215]))
Done.
	Creating sequence for 'alkimi'... Training group 3, split 1
	Y Train Labels:(array([1.], dtype=float32), array([85]))
	Y Val Labels:(array([1.], dtype=float32), array([84]))
Training group 3, split 2
	Y Train Labels:(array([1.], dtype=float32), array([169]))
	Y Val Labels:(array([1.], dtype=float32), array([84]))
Training group 3, split 3
	Early stopping at epoch 13
	Y Train Labels:(array([1.], dtype=float32), array([253]))
	Y Val Labels:(array([0., 1.], dtype=float32), array([45, 39]))
Done.
	Creating sequence for 'attila'... Training group 4, split 1
	Y Train Labels:(array([0., 1.], dtype=float32), array([ 76, 307]))
	Y Val Labels:(array([0.], dtype=float32), array([380]))
Training group 4, split 2
	Early stopping at epoch 43
	Y Train Labels:(array([0., 1.], dtype=float32), array([456, 307]))
	Y Val Labels:(array([0.], dtype=float32), array([380]))
Training group 4, split 3
	Y Train Labels:(array([0., 1.], dtype=float32), array([836, 307]))
	Y Val Labels:(array([0.], dtype=float32), array([380]))
Done.
	Creating sequence for 'brickken'... Training group 5, split 1
	Y Train Labels:(array([0.], dtype=float32), array([94]))
	Y Val Labels:(array([0.], dtype=float32), array([91]))
Training group 5, split 2
	Y Train Labels:(array([0.], dtype=float32), array([185]))
	Y Val Labels:(array([0.], dtype=float32), array([91]))
Training group 5, split 3
	Y Train Labels:(array([0.], dtype=float32), array([276]))
	Y Val Labels:(array([0.], dtype=float32), array([91]))
Done.
	Creating sequence for 'alethea-artificial-liquid-intelligence-token'... Training group 6, split 1
	Y Train Labels:(array([1.], dtype=float32), array([202]))
	Y Val Labels:(array([1.], dtype=float32), array([202]))
Training group 6, split 2
	Y Train Labels:(array([1.], dtype=float32), array([404]))
	Y Val Labels:(array([1.], dtype=float32), array([202]))
Training group 6, split 3
	Early stopping at epoch 13
	Y Train Labels:(array([1.], dtype=float32), array([606]))
	Y Val Labels:(array([0., 1.], dtype=float32), array([ 80, 122]))
Done.
Actual training set: 7 entries
Actual testing set:  0 entries
Actual training/total ratio: 0.018469656992084433
Final Classification Report with Gradient Boosting:
              precision    recall  f1-score   support

   Abandoned       1.00      0.44      0.61      2430
   Operating       0.56      1.00      0.72      1782

    accuracy                           0.67      4212
   macro avg       0.78      0.72      0.66      4212
weighted avg       0.82      0.67      0.66      4212

Finished execution at '2024-10-16 15:34:35.741446'.
Execution took: 87.128073
--------------------------------------------------
