


--------------------------------------------------
Starting lstm.py at '2024-10-24 23:23:57.407190'.
Reading './balancedDataset.json'... Done.
Total training Data: 1030
DAOs trained so far:357
Size of training set: 364
Size of test set: 309
Preparing data for training...
Preparing data for testing...
Parameters:
	Num epochs: 60
	Initial learning rate: 0.001
	Patience: 12
	Window size: 60
	Timeseries splits: 3
	Minimum number of timeseries datapoints: 64
Gradient boosting params: 
	{"max_depth": 3, "learning_rate": 0.05, "n_estimators": 100, "objective": "binary:logistic", "eval_metric": "logloss"}
	Creating sequence for 'propy'... Training group 0, split 1
	Y Train Labels:(array([1.], dtype=float32), array([562]))
	Y Val Labels:(array([1.], dtype=float32), array([562]))
Training group 0, split 2
	Y Train Labels:(array([1.], dtype=float32), array([1124]))
	Y Val Labels:(array([1.], dtype=float32), array([562]))
Training group 0, split 3
	Y Train Labels:(array([1.], dtype=float32), array([1686]))
	Y Val Labels:(array([1.], dtype=float32), array([562]))
Done.
	Creating sequence for 'evadore'... 00
Done.
	Creating sequence for 'icon'... Training group 2, split 1
	Y Train Labels:(array([1.], dtype=float32), array([573]))
	Y Val Labels:(array([1.], dtype=float32), array([572]))
Training group 2, split 2
	Y Train Labels:(array([1.], dtype=float32), array([1145]))
	Y Val Labels:(array([1.], dtype=float32), array([572]))
Training group 2, split 3
	Y Train Labels:(array([1.], dtype=float32), array([1717]))
	Y Val Labels:(array([1.], dtype=float32), array([572]))
Done.
	Creating sequence for 'bittorrent'... Training group 3, split 1
	Y Train Labels:(array([1.], dtype=float32), array([488]))
	Y Val Labels:(array([1.], dtype=float32), array([485]))
Training group 3, split 2
	Y Train Labels:(array([1.], dtype=float32), array([973]))
	Y Val Labels:(array([1.], dtype=float32), array([485]))
Training group 3, split 3
	Y Train Labels:(array([1.], dtype=float32), array([1458]))
	Y Val Labels:(array([1.], dtype=float32), array([485]))
Done.
	Creating sequence for 'liquid-astr'... Training group 4, split 1
	Y Train Labels:(array([1.], dtype=float32), array([82]))
	Y Val Labels:(array([1.], dtype=float32), array([79]))
Training group 4, split 2
	Y Train Labels:(array([1.], dtype=float32), array([161]))
	Y Val Labels:(array([1.], dtype=float32), array([79]))
Training group 4, split 3
	Y Train Labels:(array([1.], dtype=float32), array([240]))
	Y Val Labels:(array([1.], dtype=float32), array([79]))
Done.
	Creating sequence for 'paal-ai'... Training group 5, split 1
	Y Train Labels:(array([1.], dtype=float32), array([102]))
	Y Val Labels:(array([1.], dtype=float32), array([99]))
Training group 5, split 2
	Y Train Labels:(array([1.], dtype=float32), array([201]))
	Y Val Labels:(array([1.], dtype=float32), array([99]))
Training group 5, split 3
	Y Train Labels:(array([1.], dtype=float32), array([300]))
	Y Val Labels:(array([1.], dtype=float32), array([99]))
Done.
	Creating sequence for 'evedo'... Training group 6, split 1
	Y Train Labels:(array([1.], dtype=float32), array([411]))
	Y Val Labels:(array([1.], dtype=float32), array([410]))
Training group 6, split 2
	Early stopping at epoch 13
	Y Train Labels:(array([1.], dtype=float32), array([821]))
	Y Val Labels:(array([0., 1.], dtype=float32), array([ 26, 384]))
Training group 6, split 3
	Y Train Labels:(array([0., 1.], dtype=float32), array([  26, 1205]))
	Y Val Labels:(array([0.], dtype=float32), array([410]))
Done.
	Creating sequence for 'radiant'... Training group 7, split 1
	Early stopping at epoch 13
	Y Train Labels:(array([1.], dtype=float32), array([110]))
	Y Val Labels:(array([1.], dtype=float32), array([107]))
Training group 7, split 2
	Y Train Labels:(array([1.], dtype=float32), array([217]))
	Y Val Labels:(array([1.], dtype=float32), array([107]))
Training group 7, split 3
	Y Train Labels:(array([1.], dtype=float32), array([324]))
	Y Val Labels:(array([1.], dtype=float32), array([107]))
Done.
	Creating sequence for 'undeads-games'... Training group 8, split 1
	Y Train Labels:(array([1.], dtype=float32), array([24]))
	Y Val Labels:(array([1.], dtype=float32), array([21]))
Training group 8, split 2
	Y Train Labels:(array([1.], dtype=float32), array([45]))
	Y Val Labels:(array([1.], dtype=float32), array([21]))
Training group 8, split 3
	Early stopping at epoch 47
	Y Train Labels:(array([1.], dtype=float32), array([66]))
	Y Val Labels:(array([1.], dtype=float32), array([21]))
Done.
	Creating sequence for 'bone-shibaswap'... Training group 9, split 1
	Y Train Labels:(array([1.], dtype=float32), array([253]))
	Y Val Labels:(array([1.], dtype=float32), array([253]))
Training group 9, split 2
	Y Train Labels:(array([1.], dtype=float32), array([506]))
	Y Val Labels:(array([1.], dtype=float32), array([253]))
Training group 9, split 3
	Y Train Labels:(array([1.], dtype=float32), array([759]))
	Y Val Labels:(array([1.], dtype=float32), array([253]))
Done.
	Creating sequence for 'izumi-finance'... Training group 10, split 1
	Early stopping at epoch 13
	Y Train Labels:(array([1.], dtype=float32), array([115]))
	Y Val Labels:(array([0.], dtype=float32), array([114]))
Training group 10, split 2
	Y Train Labels:(array([0., 1.], dtype=float32), array([114, 115]))
	Y Val Labels:(array([0.], dtype=float32), array([114]))
Training group 10, split 3
	Y Train Labels:(array([0., 1.], dtype=float32), array([228, 115]))
	Y Val Labels:(array([0.], dtype=float32), array([114]))
Done.
	Creating sequence for 'barnbridge'... Training group 11, split 1
	Early stopping at epoch 13
	Y Train Labels:(array([1.], dtype=float32), array([313]))
	Y Val Labels:(array([0., 1.], dtype=float32), array([130, 182]))
Training group 11, split 2
	Early stopping at epoch 24
	Y Train Labels:(array([0., 1.], dtype=float32), array([130, 495]))
	Y Val Labels:(array([0.], dtype=float32), array([312]))
Training group 11, split 3
