


--------------------------------------------------
Starting lstm.py at '2024-10-27 01:02:54.725457'.
Reading '../classifiedDAOs.json'... Done.
Total training Data: 1578
DAOs trained so far:934
Size of training set: 170
Size of test set: 474
Preparing data for training...
Preparing data for testing...
Parameters:
	Num epochs: 60
	Initial learning rate: 0.001
	Patience: 12
	Window size: 60
	Timeseries splits: 3
	Minimum number of timeseries datapoints: 64
Gradient boosting params: 
	{"max_depth": 3, "learning_rate": 0.05, "n_estimators": 100, "objective": "binary:logistic", "eval_metric": "logloss"}
	Creating sequence for 'digifinextoken'... Training group 0, split 1
	Y Train Labels:(array([1.], dtype=float32), array([529]))
	Y Val Labels:(array([1.], dtype=float32), array([527]))
Training group 0, split 2
	Y Train Labels:(array([1.], dtype=float32), array([1056]))
	Y Val Labels:(array([1.], dtype=float32), array([527]))
Training group 0, split 3
	Y Train Labels:(array([1.], dtype=float32), array([1583]))
	Y Val Labels:(array([1.], dtype=float32), array([527]))
Done.
	Creating sequence for 'achain'... Training group 1, split 1
	Early stopping at epoch 13
	Y Train Labels:(array([1.], dtype=float32), array([563]))
	Y Val Labels:(array([0., 1.], dtype=float32), array([368, 195]))
Training group 1, split 2
	Y Train Labels:(array([0., 1.], dtype=float32), array([368, 758]))
	Y Val Labels:(array([0.], dtype=float32), array([563]))
Training group 1, split 3
	Early stopping at epoch 25
	Y Train Labels:(array([0., 1.], dtype=float32), array([931, 758]))
	Y Val Labels:(array([0.], dtype=float32), array([563]))
Done.
	Creating sequence for 'bittensor'... Training group 2, split 1
	Y Train Labels:(array([1.], dtype=float32), array([128]))
	Y Val Labels:(array([1.], dtype=float32), array([127]))
Training group 2, split 2
	Y Train Labels:(array([1.], dtype=float32), array([255]))
	Y Val Labels:(array([1.], dtype=float32), array([127]))
Training group 2, split 3
	Y Train Labels:(array([1.], dtype=float32), array([382]))
	Y Val Labels:(array([1.], dtype=float32), array([127]))
Done.
	Creating sequence for 'zkfair'... Training group 3, split 1
	Early stopping at epoch 15
	Y Train Labels:(array([0., 1.], dtype=float32), array([15, 37]))
	Y Val Labels:(array([0.], dtype=float32), array([51]))
Training group 3, split 2
	Y Train Labels:(array([0., 1.], dtype=float32), array([66, 37]))
	Y Val Labels:(array([0.], dtype=float32), array([51]))
Training group 3, split 3
	Y Train Labels:(array([0., 1.], dtype=float32), array([117,  37]))
	Y Val Labels:(array([0.], dtype=float32), array([51]))
Done.
	Creating sequence for 'exnetwork-token'... Training group 4, split 1
	Y Train Labels:(array([1.], dtype=float32), array([227]))
	Y Val Labels:(array([1.], dtype=float32), array([227]))
Training group 4, split 2
	Early stopping at epoch 13
	Y Train Labels:(array([1.], dtype=float32), array([454]))
	Y Val Labels:(array([0., 1.], dtype=float32), array([134,  93]))
Training group 4, split 3
