


--------------------------------------------------
Starting lstm.py at '2024-10-10 14:01:52.991900'.
Reading './isDaoActiveData(4).json'... Done.
Total training Data: 379
Size of training set: 265
Size of test set: 114
Preparing data for training...
	Creating sequence for 'chiliz'... Len price:<bound method Series.idxmax of 0    [{'datetime': '2019-07-01T00:00:00Z', 'value':...
Name: priceUSD, dtype: object>
[]
[]
Done.
	Creating sequence for 'alphabet-erc404'... Len price:<bound method Series.idxmax of 1    [{'datetime': '2024-02-20T00:00:00Z', 'value':...
Name: priceUSD, dtype: object>
[]
[]
Done.
	Creating sequence for 'across-protocol'... Len price:<bound method Series.idxmax of 2    [{'datetime': '2022-11-28T00:00:00Z', 'value':...
Name: priceUSD, dtype: object>
[]
[]
Done.
	Creating sequence for 'clore-ai'... Len price:<bound method Series.idxmax of 3    [{'datetime': '2023-05-31T00:00:00Z', 'value':...
Name: priceUSD, dtype: object>
[]
[]
Done.
	Creating sequence for 'alchemist'... Len price:<bound method Series.idxmax of 4    [{'datetime': '2021-04-28T00:00:00Z', 'value':...
Name: priceUSD, dtype: object>
[]
[]
Done.
	Creating sequence for 'cnns'... Len price:<bound method Series.idxmax of 5    [{'datetime': '2019-05-13T00:00:00Z', 'value':...
Name: priceUSD, dtype: object>
[]
[]
Done.
	Creating sequence for 'bnktothefuture'... Len price:<bound method Series.idxmax of 6    [{'datetime': '2018-03-22T00:00:00Z', 'value':...
Name: priceUSD, dtype: object>
[]
[]
Done.
	Creating sequence for 'cornucopias'... Len price:<bound method Series.idxmax of 7    [{'datetime': '2021-12-11T00:00:00Z', 'value':...
Name: priceUSD, dtype: object>
[]
[]
Done.
	Creating sequence for 'aave-busd'... Skipped.
	Creating sequence for 'base-protocol'... Len price:<bound method Series.idxmax of 9    [{'datetime': '2020-12-03T00:00:00Z', 'value':...
Name: priceUSD, dtype: object>
[]
[]
Done.
	Creating sequence for 'algorand'... Len price:<bound method Series.idxmax of 10    [{'datetime': '2019-06-21T00:00:00Z', 'value':...
Name: priceUSD, dtype: object>
[]
[]
Done.
	Creating sequence for '0x0-ai-ai-smart-contract'... Len price:<bound method Series.idxmax of 11    [{'datetime': '2023-01-31T00:00:00Z', 'value':...
Name: priceUSD, dtype: object>
[]
[]
Done.
	Creating sequence for 'bytom'... Len price:<bound method Series.idxmax of 12    [{'datetime': '2017-08-08T00:00:00Z', 'value':...
Name: priceUSD, dtype: object>
[]
[]
Done.
	Creating sequence for 'as-roma-fan-token'... Len price:<bound method Series.idxmax of 13    [{'datetime': '2020-06-22T00:00:00Z', 'value':...
Name: priceUSD, dtype: object>
[]
[]
Done.
	Creating sequence for 'cajutel'... Len price:<bound method Series.idxmax of 14    [{'datetime': '2019-01-31T00:00:00Z', 'value':...
Name: priceUSD, dtype: object>
[]
[]
Done.
	Creating sequence for 'chainbing'... Len price:<bound method Series.idxmax of 15    [{'datetime': '2021-08-31T00:00:00Z', 'value':...
Name: priceUSD, dtype: object>
[]
[]
Done.
	Creating sequence for 'calcium'... Len price:<bound method Series.idxmax of 16    [{'datetime': '2023-09-22T00:00:00Z', 'value':...
Name: priceUSD, dtype: object>
[]
[]
Done.
	Creating sequence for 'belt'... Len price:<bound method Series.idxmax of 17    [{'datetime': '2021-03-11T00:00:00Z', 'value':...
Name: priceUSD, dtype: object>
[]
[]
Done.
	Creating sequence for 'baasid'... Len price:<bound method Series.idxmax of 18    [{'datetime': '2018-08-10T00:00:00Z', 'value':...
Name: priceUSD, dtype: object>
[]
[]
Done.
	Creating sequence for 'cobak-token'... Len price:<bound method Series.idxmax of 19    [{'datetime': '2020-12-24T00:00:00Z', 'value':...
Name: priceUSD, dtype: object>
[]
[]
Done.
	Creating sequence for 'agatech'... Len price:<bound method Series.idxmax of 20    [{'datetime': '2023-12-05T00:00:00Z', 'value':...
Name: priceUSD, dtype: object>
[]
[]
Done.
	Creating sequence for 'clearpool'... Len price:<bound method Series.idxmax of 21    [{'datetime': '2021-10-28T00:00:00Z', 'value':...
Name: priceUSD, dtype: object>
[]
[]
Done.
	Creating sequence for 'bridge-mutual'... Len price:<bound method Series.idxmax of 22    [{'datetime': '2021-01-31T00:00:00Z', 'value':...
Name: priceUSD, dtype: object>
[]
[]
Done.
	Creating sequence for 'bitget-wallet-token'... Len price:<bound method Series.idxmax of 23    [{'datetime': '2024-06-06T00:00:00Z', 'value':...
Name: priceUSD, dtype: object>
[]
[]
Done.
	Creating sequence for 'chainx'... Len price:<bound method Series.idxmax of 24    [{'datetime': '2019-08-01T00:00:00Z', 'value':...
Name: priceUSD, dtype: object>
[]
[]
Done.
	Creating sequence for 'anyswap'... Len price:<bound method Series.idxmax of 25    [{'datetime': '2020-08-17T00:00:00Z', 'value':...
Name: priceUSD, dtype: object>
[]
[]
Done.
	Creating sequence for 'botto'... Len price:<bound method Series.idxmax of 26    [{'datetime': '2021-11-12T00:00:00Z', 'value':...
Name: priceUSD, dtype: object>
[]
[]
Done.
	Creating sequence for 'bitcoin'... Len price:<bound method Series.idxmax of 27    [{'datetime': '2013-04-28T00:00:00Z', 'value':...
Name: priceUSD, dtype: object>
[]
[]
Done.
	Creating sequence for 'centrifuge'... Len price:<bound method Series.idxmax of 28    [{'datetime': '2021-07-14T00:00:00Z', 'value':...
Name: priceUSD, dtype: object>
[]
[]
Done.
	Creating sequence for 'basis-cash'... Len price:<bound method Series.idxmax of 29    [{'datetime': '2020-11-30T00:00:00Z', 'value':...
Name: priceUSD, dtype: object>
[]
[]
Done.
	Creating sequence for 'bolt'... Len price:<bound method Series.idxmax of 30    [{'datetime': '2019-04-05T00:00:00Z', 'value':...
Name: priceUSD, dtype: object>
[]
[]
Done.
	Creating sequence for 'creo-engine'... Len price:<bound method Series.idxmax of 31    [{'datetime': '2022-05-05T00:00:00Z', 'value':...
Name: priceUSD, dtype: object>
[]
[]
Done.
	Creating sequence for 'band-protocol'... Len price:<bound method Series.idxmax of 32    [{'datetime': '2019-09-18T00:00:00Z', 'value':...
Name: priceUSD, dtype: object>
[]
[]
Done.
	Creating sequence for 'celestia'... Len price:<bound method Series.idxmax of 33    [{'datetime': '2023-10-31T00:00:00Z', 'value':...
Name: priceUSD, dtype: object>
[]
[]
Done.
	Creating sequence for 'antimatter'... Len price:<bound method Series.idxmax of 34    [{'datetime': '2021-03-02T00:00:00Z', 'value':...
Name: priceUSD, dtype: object>
[]
[]
Done.
	Creating sequence for 'bistroo'... Len price:<bound method Series.idxmax of 35    [{'datetime': '2021-05-19T00:00:00Z', 'value':...
Name: priceUSD, dtype: object>
[]
[]
Done.
	Creating sequence for 'aipad'... Len price:<bound method Series.idxmax of 36    [{'datetime': '2023-03-01T00:00:00Z', 'value':...
Name: priceUSD, dtype: object>
[]
[]
Done.
	Creating sequence for 'bidao'... Len price:<bound method Series.idxmax of 37    [{'datetime': '2020-09-30T00:00:00Z', 'value':...
Name: priceUSD, dtype: object>
[]
[]
Done.
	Creating sequence for 'bitmart-token'... Len price:<bound method Series.idxmax of 38    [{'datetime': '2018-07-13T00:00:00Z', 'value':...
Name: priceUSD, dtype: object>
[]
[]
Done.
	Creating sequence for 'blocknet'... Len price:<bound method Series.idxmax of 39    [{'datetime': '2014-11-01T00:00:00Z', 'value':...
Name: priceUSD, dtype: object>
[]
[]
Done.
	Creating sequence for 'aviator'... Len price:<bound method Series.idxmax of 40    [{'datetime': '2023-07-21T00:00:00Z', 'value':...
Name: priceUSD, dtype: object>
[]
[]
Done.
	Creating sequence for 'ark'... Len price:<bound method Series.idxmax of 41    [{'datetime': '2017-03-22T00:00:00Z', 'value':...
Name: priceUSD, dtype: object>
[]
[]
Done.
	Creating sequence for 'bifrost'... Len price:<bound method Series.idxmax of 42    [{'datetime': '2020-12-29T00:00:00Z', 'value':...
Name: priceUSD, dtype: object>
[]
[]
Done.
	Creating sequence for 'assemble-protocol'... Len price:<bound method Series.idxmax of 43    [{'datetime': '2020-08-04T00:00:00Z', 'value':...
Name: priceUSD, dtype: object>
[]
[]
Done.
	Creating sequence for 'aergo'... Len price:<bound method Series.idxmax of 44    [{'datetime': '2018-12-17T00:00:00Z', 'value':...
Name: priceUSD, dtype: object>
[]
[]
Done.
	Creating sequence for 'artrade'... Len price:<bound method Series.idxmax of 45    [{'datetime': '2022-04-07T00:00:00Z', 'value':...
Name: priceUSD, dtype: object>
[]
[]
Done.
	Creating sequence for 'access-protocol'... Len price:<bound method Series.idxmax of 46    [{'datetime': '2023-02-15T00:00:00Z', 'value':...
Name: priceUSD, dtype: object>
[]
[]
Done.
	Creating sequence for 'aurusx'... Len price:<bound method Series.idxmax of 47    [{'datetime': '2020-10-08T00:00:00Z', 'value':...
Name: priceUSD, dtype: object>
[]
[]
Done.
	Creating sequence for 'affyn'... Len price:<bound method Series.idxmax of 48    [{'datetime': '2022-01-30T00:00:00Z', 'value':...
Name: priceUSD, dtype: object>
[]
[]
Done.
	Creating sequence for 'adapad'... Len price:<bound method Series.idxmax of 49    [{'datetime': '2021-09-09T00:00:00Z', 'value':...
Name: priceUSD, dtype: object>
[]
[]
Done.
	Creating sequence for 'crypto-asset-governance-alliance'... Len price:<bound method Series.idxmax of 50    [{'datetime': '2023-11-13T00:00:00Z', 'value':...
Name: priceUSD, dtype: object>
[]
[]
Done.
	Creating sequence for 'compound-basic-attention-token'... Len price:<bound method Series.idxmax of 51    [{'datetime': '2020-07-25T00:00:00Z', 'value':...
Name: priceUSD, dtype: object>
[]
[]
Done.
	Creating sequence for 'aave-usdt'... Skipped.
	Creating sequence for 'apy-finance'... Len price:<bound method Series.idxmax of 53    [{'datetime': '2020-11-18T00:00:00Z', 'value':...
Name: priceUSD, dtype: object>
[]
[]
Done.
	Creating sequence for 'arweave'... Len price:<bound method Series.idxmax of 54    [{'datetime': '2020-05-27T00:00:00Z', 'value':...
Name: priceUSD, dtype: object>
[]
[]
Done.
	Creating sequence for 'ageofgods'... Len price:<bound method Series.idxmax of 55    [{'datetime': '2021-12-31T00:00:00Z', 'value':...
Name: priceUSD, dtype: object>
[]
[]
Done.
	Creating sequence for 'biswap'... Len price:<bound method Series.idxmax of 56    [{'datetime': '2021-07-02T00:00:00Z', 'value':...
Name: priceUSD, dtype: object>
[]
[]
Done.
	Creating sequence for 'dafi-protocol'... Len price:<bound method Series.idxmax of 57    [{'datetime': '2021-03-18T00:00:00Z', 'value':...
Name: priceUSD, dtype: object>
[]
[]
Done.
	Creating sequence for 'biconomy'... Len price:<bound method Series.idxmax of 58    [{'datetime': '2021-12-01T00:00:00Z', 'value':...
Name: priceUSD, dtype: object>
[]
[]
Done.
	Creating sequence for 'cumrocket'... Len price:<bound method Series.idxmax of 59    [{'datetime': '2021-04-14T00:00:00Z', 'value':...
Name: priceUSD, dtype: object>
[]
[]
Done.
	Creating sequence for 'beoble'... Len price:<bound method Series.idxmax of 60    [{'datetime': '2024-02-28T00:00:00Z', 'value':...
Name: priceUSD, dtype: object>
[]
[]
Done.
	Creating sequence for 'apm-coin'... Len price:<bound method Series.idxmax of 61    [{'datetime': '2019-12-27T00:00:00Z', 'value':...
Name: priceUSD, dtype: object>
[]
[]
Done.
	Creating sequence for 'bottos'... Len price:<bound method Series.idxmax of 62    [{'datetime': '2018-01-14T00:00:00Z', 'value':...
Name: priceUSD, dtype: object>
[]
[]
Done.
	Creating sequence for 'aave-usdc'... Skipped.
	Creating sequence for 'bullperks'... Len price:<bound method Series.idxmax of 64    [{'datetime': '2021-06-17T00:00:00Z', 'value':...
Name: priceUSD, dtype: object>
[]
[]
Done.
	Creating sequence for 'bittorrent'... Len price:<bound method Series.idxmax of 65    [{'datetime': '2019-01-31T00:00:00Z', 'value':...
Name: priceUSD, dtype: object>
[]
[]
Done.
	Creating sequence for 'aurory'... Len price:<bound method Series.idxmax of 66    [{'datetime': '2021-10-24T00:00:00Z', 'value':...
Name: priceUSD, dtype: object>
[]
[]
Done.
	Creating sequence for 'acala'... Len price:<bound method Series.idxmax of 67    [{'datetime': '2022-01-25T00:00:00Z', 'value':...
Name: priceUSD, dtype: object>
[]
[]
Done.
	Creating sequence for 'banano'... Len price:<bound method Series.idxmax of 68    [{'datetime': '2020-01-23T00:00:00Z', 'value':...
Name: priceUSD, dtype: object>
[]
[]
Done.
	Creating sequence for 'aston-martin-cognizant-fan-token'... Len price:<bound method Series.idxmax of 69    [{'datetime': '2021-07-07T00:00:00Z', 'value':...
Name: priceUSD, dtype: object>
[]
[]
Done.
	Creating sequence for 'argent'... Skipped.
	Creating sequence for 'celo-dollar'... Len price:<bound method Series.idxmax of 71    [{'datetime': '2020-09-30T00:00:00Z', 'value':...
Name: priceUSD, dtype: object>
[]
[]
Done.
	Creating sequence for 'blendr-network'... Len price:<bound method Series.idxmax of 72    [{'datetime': '2024-03-06T00:00:00Z', 'value':...
Name: priceUSD, dtype: object>
[]
[]
Done.
	Creating sequence for 'adamant-messenger'... Len price:<bound method Series.idxmax of 73    [{'datetime': '2019-01-17T00:00:00Z', 'value':...
Name: priceUSD, dtype: object>
[]
[]
Done.
	Creating sequence for 'compound-ether'... Len price:<bound method Series.idxmax of 74    [{'datetime': '2020-07-24T00:00:00Z', 'value':...
Name: priceUSD, dtype: object>
[]
[]
Done.
	Creating sequence for 'cloudbric'... Len price:<bound method Series.idxmax of 75    [{'datetime': '2019-01-30T00:00:00Z', 'value':...
Name: priceUSD, dtype: object>
[]
[]
Done.
	Creating sequence for 'achain'... Len price:<bound method Series.idxmax of 76    [{'datetime': '2017-08-27T00:00:00Z', 'value':...
Name: priceUSD, dtype: object>
[]
[]
Done.
	Creating sequence for 'ben-the-dog'... Len price:<bound method Series.idxmax of 77    [{'datetime': '2024-02-28T00:00:00Z', 'value':...
Name: priceUSD, dtype: object>
[]
[]
Done.
	Creating sequence for 'arkham'... Len price:<bound method Series.idxmax of 78    [{'datetime': '2023-07-18T00:00:00Z', 'value':...
Name: priceUSD, dtype: object>
[]
[]
Done.
	Creating sequence for 'cellframe'... Len price:<bound method Series.idxmax of 79    [{'datetime': '2021-03-30T00:00:00Z', 'value':...
Name: priceUSD, dtype: object>
[]
[]
Done.
	Creating sequence for 'basic-attention-token'... Len price:<bound method Series.idxmax of 80    [{'datetime': '2017-06-01T00:00:00Z', 'value':...
Name: priceUSD, dtype: object>
[]
[]
Done.
	Creating sequence for 'connex'... Len price:<bound method Series.idxmax of 81    [{'datetime': '2023-11-03T00:00:00Z', 'value':...
Name: priceUSD, dtype: object>
[]
[]
Done.
	Creating sequence for 'coinsbit-token'... Len price:<bound method Series.idxmax of 82    [{'datetime': '2020-01-08T00:00:00Z', 'value':...
Name: priceUSD, dtype: object>
[]
[]
Done.
	Creating sequence for 'chronicle'... Len price:<bound method Series.idxmax of 83    [{'datetime': '2021-09-18T00:00:00Z', 'value':...
Name: priceUSD, dtype: object>
[]
[]
Done.
	Creating sequence for 'dacxi'... Len price:<bound method Series.idxmax of 84    [{'datetime': '2021-06-15T00:00:00Z', 'value':...
Name: priceUSD, dtype: object>
[]
[]
Done.
	Creating sequence for 'arcs'... Len price:<bound method Series.idxmax of 85    [{'datetime': '2020-02-02T00:00:00Z', 'value':...
Name: priceUSD, dtype: object>
[]
[]
Done.
	Creating sequence for 'billionhappiness'... Len price:<bound method Series.idxmax of 86    [{'datetime': '2020-10-20T00:00:00Z', 'value':...
Name: priceUSD, dtype: object>
[]
[]
Done.
	Creating sequence for 'burger-swap'... Len price:<bound method Series.idxmax of 87    [{'datetime': '2020-09-25T00:00:00Z', 'value':...
Name: priceUSD, dtype: object>
[]
[]
Done.
	Creating sequence for '1inch'... Len price:<bound method Series.idxmax of 88    [{'datetime': '2020-12-25T00:00:00Z', 'value':...
Name: priceUSD, dtype: object>
[]
[]
Done.
	Creating sequence for 'binance-usd'... Len price:<bound method Series.idxmax of 89    [{'datetime': '2019-09-20T00:00:00Z', 'value':...
Name: priceUSD, dtype: object>
[]
[]
Done.
	Creating sequence for 'beyond-finance'... Len price:<bound method Series.idxmax of 90    [{'datetime': '2021-04-14T00:00:00Z', 'value':...
Name: priceUSD, dtype: object>
[]
[]
Done.
	Creating sequence for 'binemon'... Len price:<bound method Series.idxmax of 91    [{'datetime': '2021-08-27T00:00:00Z', 'value':...
Name: priceUSD, dtype: object>
[]
[]
Done.
	Creating sequence for 'b20'... Len price:<bound method Series.idxmax of 92    [{'datetime': '2021-02-17T00:00:00Z', 'value':...
Name: priceUSD, dtype: object>
[]
[]
Done.
	Creating sequence for 'bemo-staked-ton'... Len price:<bound method Series.idxmax of 93    [{'datetime': '2023-12-21T00:00:00Z', 'value':...
Name: priceUSD, dtype: object>
[]
[]
Done.
	Creating sequence for 'aeron'... Len price:<bound method Series.idxmax of 94    [{'datetime': '2017-11-07T00:00:00Z', 'value':...
Name: priceUSD, dtype: object>
[]
[]
Done.
	Creating sequence for 'coldstack'... Len price:<bound method Series.idxmax of 95    [{'datetime': '2021-05-15T00:00:00Z', 'value':...
Name: priceUSD, dtype: object>
[]
[]
Done.
	Creating sequence for 'brz'... Len price:<bound method Series.idxmax of 96    [{'datetime': '2019-07-19T00:00:00Z', 'value':...
Name: priceUSD, dtype: object>
[]
[]
Done.
	Creating sequence for 'blockstack'... Len price:<bound method Series.idxmax of 97    [{'datetime': '2019-10-28T00:00:00Z', 'value':...
Name: priceUSD, dtype: object>
[]
[]
Done.
	Creating sequence for 'bamboo-defi'... Len price:<bound method Series.idxmax of 98    [{'datetime': '2021-03-24T00:00:00Z', 'value':...
Name: priceUSD, dtype: object>
[]
[]
Done.
	Creating sequence for 'astroswap'... Len price:<bound method Series.idxmax of 99    [{'datetime': '2021-10-07T00:00:00Z', 'value':...
Name: priceUSD, dtype: object>
[]
[]
Done.
	Creating sequence for 'barnbridge'... Len price:<bound method Series.idxmax of 100    [{'datetime': '2021-01-18T00:00:00Z', 'value':...
Name: priceUSD, dtype: object>
[]
[]
Done.
	Creating sequence for 'bitcoin-wizards'... Len price:<bound method Series.idxmax of 101    [{'datetime': '2024-04-10T00:00:00Z', 'value':...
Name: priceUSD, dtype: object>
[]
[]
Done.
	Creating sequence for 'commune-ai'... Len price:<bound method Series.idxmax of 102    [{'datetime': '2024-02-23T00:00:00Z', 'value':...
Name: priceUSD, dtype: object>
[]
[]
Done.
	Creating sequence for 'alva'... Len price:<bound method Series.idxmax of 103    [{'datetime': '2023-09-19T00:00:00Z', 'value':...
Name: priceUSD, dtype: object>
[]
[]
Done.
	Creating sequence for 'balpha'... Len price:<bound method Series.idxmax of 104    [{'datetime': '2021-03-15T00:00:00Z', 'value':...
Name: priceUSD, dtype: object>
[]
[]
Done.
	Creating sequence for 'cardano'... Len price:<bound method Series.idxmax of 105    [{'datetime': '2017-10-01T00:00:00Z', 'value':...
Name: priceUSD, dtype: object>
[]
[]
Done.
	Creating sequence for 'alvey-chain'... Len price:<bound method Series.idxmax of 106    [{'datetime': '2022-08-19T00:00:00Z', 'value':...
Name: priceUSD, dtype: object>
[]
[]
Done.
	Creating sequence for 'adreward'... Len price:<bound method Series.idxmax of 107    [{'datetime': '2023-04-21T00:00:00Z', 'value':...
Name: priceUSD, dtype: object>
[]
[]
Done.
	Creating sequence for 'acorn-protocol'... Len price:<bound method Series.idxmax of 108    [{'datetime': '2023-05-22T00:00:00Z', 'value':...
Name: priceUSD, dtype: object>
[]
[]
Done.
	Creating sequence for 'bitcoin-cash'... Len price:<bound method Series.idxmax of 109    [{'datetime': '2017-07-23T00:00:00Z', 'value':...
Name: priceUSD, dtype: object>
[]
[]
Done.
	Creating sequence for 'bazaars'... Len price:<bound method Series.idxmax of 110    [{'datetime': '2023-04-19T00:00:00Z', 'value':...
Name: priceUSD, dtype: object>
[]
[]
Done.
	Creating sequence for 'cere-network'... Len price:<bound method Series.idxmax of 111    [{'datetime': '2021-11-09T00:00:00Z', 'value':...
Name: priceUSD, dtype: object>
[]
[]
Done.
	Creating sequence for 'bnsd-finance'... Len price:<bound method Series.idxmax of 112    [{'datetime': '2020-09-06T00:00:00Z', 'value':...
Name: priceUSD, dtype: object>
