


--------------------------------------------------
Starting lstm.py at '2024-10-26 23:18:48.930548'.
Reading '../classifiedDAOs.json'... Done.
Total training Data: 1578
DAOs trained so far:479
Size of training set: 625
Size of test set: 474
Preparing data for training...
Preparing data for testing...
Parameters:
	Num epochs: 60
	Initial learning rate: 0.001
	Patience: 12
	Window size: 60
	Timeseries splits: 3
	Minimum number of timeseries datapoints: 64
Gradient boosting params: 
	{"max_depth": 3, "learning_rate": 0.05, "n_estimators": 100, "objective": "binary:logistic", "eval_metric": "logloss"}
	Creating sequence for 'ferrum-network'... Training group 0, split 1
	Early stopping at epoch 13
	Y Train Labels:(array([1.], dtype=float32), array([431]))
	Y Val Labels:(array([1.], dtype=float32), array([428]))
Training group 0, split 2
	Early stopping at epoch 13
	Y Train Labels:(array([1.], dtype=float32), array([859]))
	Y Val Labels:(array([1.], dtype=float32), array([428]))
Training group 0, split 3
	Early stopping at epoch 13
	Y Train Labels:(array([1.], dtype=float32), array([1287]))
	Y Val Labels:(array([1.], dtype=float32), array([428]))
Done.
	Creating sequence for 'karura'... Training group 1, split 1
	Early stopping at epoch 13
	Y Train Labels:(array([1.], dtype=float32), array([242]))
	Y Val Labels:(array([1.], dtype=float32), array([240]))
Training group 1, split 2
	Early stopping at epoch 13
	Y Train Labels:(array([1.], dtype=float32), array([482]))
	Y Val Labels:(array([1.], dtype=float32), array([240]))
Training group 1, split 3
	Early stopping at epoch 13
	Y Train Labels:(array([1.], dtype=float32), array([722]))
	Y Val Labels:(array([1.], dtype=float32), array([240]))
Done.
	Creating sequence for 'feathercoin'... Training group 2, split 1
	Early stopping at epoch 13
	Y Train Labels:(array([1.], dtype=float32), array([564]))
	Y Val Labels:(array([1.], dtype=float32), array([563]))
Training group 2, split 2
	Early stopping at epoch 13
	Y Train Labels:(array([1.], dtype=float32), array([1127]))
	Y Val Labels:(array([1.], dtype=float32), array([563]))
Training group 2, split 3
