


--------------------------------------------------
Starting lstm.py at '2024-10-24 23:05:27.420930'.
Reading './balancedDataset.json'... Done.
Total training Data: 1030
DAOs trained so far:253
Size of training set: 468
Size of test set: 309
Preparing data for training...
Preparing data for testing...
Parameters:
	Num epochs: 60
	Initial learning rate: 0.001
	Patience: 12
	Window size: 60
	Timeseries splits: 3
	Minimum number of timeseries datapoints: 64
Gradient boosting params: 
	{"max_depth": 3, "learning_rate": 0.05, "n_estimators": 100, "objective": "binary:logistic", "eval_metric": "logloss"}
	Creating sequence for 'bitdao'... Training group 0, split 1
	Y Train Labels:(array([1.], dtype=float32), array([258]))
	Y Val Labels:(array([1.], dtype=float32), array([255]))
Training group 0, split 2
	Y Train Labels:(array([1.], dtype=float32), array([513]))
	Y Val Labels:(array([1.], dtype=float32), array([255]))
Training group 0, split 3
	Y Train Labels:(array([1.], dtype=float32), array([768]))
	Y Val Labels:(array([1.], dtype=float32), array([255]))
Done.
	Creating sequence for 'altered-state-token'... Training group 1, split 1
	Early stopping at epoch 35
	Y Train Labels:(array([0., 1.], dtype=float32), array([200,  10]))
	Y Val Labels:(array([0.], dtype=float32), array([210]))
Training group 1, split 2
	Y Train Labels:(array([0., 1.], dtype=float32), array([410,  10]))
	Y Val Labels:(array([0.], dtype=float32), array([210]))
Training group 1, split 3
	Y Train Labels:(array([0., 1.], dtype=float32), array([620,  10]))
	Y Val Labels:(array([0.], dtype=float32), array([210]))
Done.
	Creating sequence for 'crypto-asset-governance-alliance'... Training group 2, split 1
	Early stopping at epoch 13
	Y Train Labels:(array([0., 1.], dtype=float32), array([13, 52]))
	Y Val Labels:(array([0.], dtype=float32), array([64]))
Training group 2, split 2
	Early stopping at epoch 13
	Y Train Labels:(array([0., 1.], dtype=float32), array([77, 52]))
	Y Val Labels:(array([0.], dtype=float32), array([64]))
Training group 2, split 3
	Early stopping at epoch 29
	Y Train Labels:(array([0., 1.], dtype=float32), array([141,  52]))
	Y Val Labels:(array([0.], dtype=float32), array([64]))
Done.
	Creating sequence for 'dogey-inu'... Training group 3, split 1
	Y Train Labels:(array([1.], dtype=float32), array([116]))
	Y Val Labels:(array([1.], dtype=float32), array([116]))
Training group 3, split 2
	Y Train Labels:(array([1.], dtype=float32), array([232]))
	Y Val Labels:(array([1.], dtype=float32), array([116]))
Training group 3, split 3
	Early stopping at epoch 13
	Y Train Labels:(array([1.], dtype=float32), array([348]))
	Y Val Labels:(array([0., 1.], dtype=float32), array([59, 57]))
Done.
	Creating sequence for 'hord'... Training group 4, split 1
	Y Train Labels:(array([0., 1.], dtype=float32), array([ 18, 280]))
	Y Val Labels:(array([0.], dtype=float32), array([295]))
Training group 4, split 2
	Early stopping at epoch 42
	Y Train Labels:(array([0., 1.], dtype=float32), array([313, 280]))
	Y Val Labels:(array([0.], dtype=float32), array([295]))
Training group 4, split 3
	Early stopping at epoch 32
	Y Train Labels:(array([0., 1.], dtype=float32), array([608, 280]))
	Y Val Labels:(array([0.], dtype=float32), array([295]))
Done.
	Creating sequence for 'saito'... Training group 5, split 1
	Y Train Labels:(array([1.], dtype=float32), array([235]))
	Y Val Labels:(array([1.], dtype=float32), array([234]))
Training group 5, split 2
	Y Train Labels:(array([1.], dtype=float32), array([469]))
	Y Val Labels:(array([1.], dtype=float32), array([234]))
Training group 5, split 3
	Y Train Labels:(array([1.], dtype=float32), array([703]))
	Y Val Labels:(array([1.], dtype=float32), array([234]))
Done.
	Creating sequence for '0chain'... Training group 6, split 1
	Y Train Labels:(array([1.], dtype=float32), array([131]))
	Y Val Labels:(array([1.], dtype=float32), array([130]))
Training group 6, split 2
	Y Train Labels:(array([1.], dtype=float32), array([261]))
	Y Val Labels:(array([1.], dtype=float32), array([130]))
Training group 6, split 3
	Y Train Labels:(array([1.], dtype=float32), array([391]))
	Y Val Labels:(array([1.], dtype=float32), array([130]))
Done.
	Creating sequence for 'sentinel'... Training group 7, split 1
	Early stopping at epoch 47
	Y Train Labels:(array([1.], dtype=float32), array([562]))
	Y Val Labels:(array([1.], dtype=float32), array([560]))
Training group 7, split 2
