


--------------------------------------------------
Starting lstm.py at '2024-10-10 23:38:29.299764'.
Reading './isDaoActiveData(4).json'... Done.
Total training Data: 379
Size of training set: 265
Size of test set: 114
Preparing data for training...
	Creating sequence for 'chiliz'... [create_sequences]
0    chiliz
Name: slug, dtype: object
Insufficient data for window size 60. Skipping.
[]
Done.
	Creating sequence for 'alphabet-erc404'... [create_sequences]
1    alphabet-erc404
Name: slug, dtype: object
Insufficient data for window size 60. Skipping.
[]
Done.
	Creating sequence for 'across-protocol'... [create_sequences]
2    across-protocol
Name: slug, dtype: object
Insufficient data for window size 60. Skipping.
[]
Done.
	Creating sequence for 'clore-ai'... [create_sequences]
3    clore-ai
Name: slug, dtype: object
Insufficient data for window size 60. Skipping.
[]
Done.
	Creating sequence for 'alchemist'... [create_sequences]
4    alchemist
Name: slug, dtype: object
Insufficient data for window size 60. Skipping.
[]
Done.
	Creating sequence for 'cnns'... [create_sequences]
5    cnns
Name: slug, dtype: object
Insufficient data for window size 60. Skipping.
[]
Done.
	Creating sequence for 'bnktothefuture'... [create_sequences]
6    bnktothefuture
Name: slug, dtype: object
Insufficient data for window size 60. Skipping.
[]
Done.
	Creating sequence for 'cornucopias'... [create_sequences]
7    cornucopias
Name: slug, dtype: object
Insufficient data for window size 60. Skipping.
[]
Done.
	Creating sequence for 'aave-busd'... Skipped.
	Creating sequence for 'base-protocol'... [create_sequences]
9    base-protocol
Name: slug, dtype: object
Insufficient data for window size 60. Skipping.
[]
Done.
	Creating sequence for 'algorand'... [create_sequences]
10    algorand
Name: slug, dtype: object
Insufficient data for window size 60. Skipping.
[]
Done.
	Creating sequence for '0x0-ai-ai-smart-contract'... [create_sequences]
11    0x0-ai-ai-smart-contract
Name: slug, dtype: object
Insufficient data for window size 60. Skipping.
[]
Done.
	Creating sequence for 'bytom'... [create_sequences]
12    bytom
Name: slug, dtype: object
Insufficient data for window size 60. Skipping.
[]
Done.
	Creating sequence for 'as-roma-fan-token'... [create_sequences]
13    as-roma-fan-token
Name: slug, dtype: object
Insufficient data for window size 60. Skipping.
[]
Done.
	Creating sequence for 'cajutel'... [create_sequences]
14    cajutel
Name: slug, dtype: object
Insufficient data for window size 60. Skipping.
[]
Done.
	Creating sequence for 'chainbing'... [create_sequences]
15    chainbing
Name: slug, dtype: object
Insufficient data for window size 60. Skipping.
[]
Done.
	Creating sequence for 'calcium'... [create_sequences]
16    calcium
Name: slug, dtype: object
Insufficient data for window size 60. Skipping.
[]
Done.
	Creating sequence for 'belt'... [create_sequences]
17    belt
Name: slug, dtype: object
Insufficient data for window size 60. Skipping.
[]
Done.
	Creating sequence for 'baasid'... [create_sequences]
18    baasid
Name: slug, dtype: object
Insufficient data for window size 60. Skipping.
[]
Done.
	Creating sequence for 'cobak-token'... [create_sequences]
19    cobak-token
Name: slug, dtype: object
Insufficient data for window size 60. Skipping.
[]
Done.
	Creating sequence for 'agatech'... [create_sequences]
20    agatech
Name: slug, dtype: object
Insufficient data for window size 60. Skipping.
[]
Done.
	Creating sequence for 'clearpool'... [create_sequences]
21    clearpool
Name: slug, dtype: object
Insufficient data for window size 60. Skipping.
[]
Done.
	Creating sequence for 'bridge-mutual'... [create_sequences]
22    bridge-mutual
Name: slug, dtype: object
Insufficient data for window size 60. Skipping.
[]
Done.
	Creating sequence for 'bitget-wallet-token'... [create_sequences]
23    bitget-wallet-token
Name: slug, dtype: object
Insufficient data for window size 60. Skipping.
[]
Done.
	Creating sequence for 'chainx'... [create_sequences]
24    chainx
Name: slug, dtype: object
Insufficient data for window size 60. Skipping.
[]
Done.
	Creating sequence for 'anyswap'... [create_sequences]
25    anyswap
Name: slug, dtype: object
Insufficient data for window size 60. Skipping.
[]
Done.
	Creating sequence for 'botto'... [create_sequences]
26    botto
Name: slug, dtype: object
Insufficient data for window size 60. Skipping.
[]
Done.
	Creating sequence for 'bitcoin'... [create_sequences]
27    bitcoin
Name: slug, dtype: object
Insufficient data for window size 60. Skipping.
[]
Done.
	Creating sequence for 'centrifuge'... [create_sequences]
28    centrifuge
Name: slug, dtype: object
Insufficient data for window size 60. Skipping.
[]
Done.
	Creating sequence for 'basis-cash'... [create_sequences]
29    basis-cash
Name: slug, dtype: object
Insufficient data for window size 60. Skipping.
[]
Done.
	Creating sequence for 'bolt'... [create_sequences]
30    bolt
Name: slug, dtype: object
Insufficient data for window size 60. Skipping.
[]
Done.
	Creating sequence for 'creo-engine'... [create_sequences]
31    creo-engine
Name: slug, dtype: object
Insufficient data for window size 60. Skipping.
[]
Done.
	Creating sequence for 'band-protocol'... [create_sequences]
32    band-protocol
Name: slug, dtype: object
Insufficient data for window size 60. Skipping.
[]
Done.
	Creating sequence for 'celestia'... [create_sequences]
33    celestia
Name: slug, dtype: object
Insufficient data for window size 60. Skipping.
[]
Done.
	Creating sequence for 'antimatter'... [create_sequences]
34    antimatter
Name: slug, dtype: object
Insufficient data for window size 60. Skipping.
[]
Done.
	Creating sequence for 'bistroo'... [create_sequences]
35    bistroo
Name: slug, dtype: object
Insufficient data for window size 60. Skipping.
[]
Done.
	Creating sequence for 'aipad'... [create_sequences]
36    aipad
Name: slug, dtype: object
Insufficient data for window size 60. Skipping.
[]
Done.
	Creating sequence for 'bidao'... [create_sequences]
37    bidao
Name: slug, dtype: object
Insufficient data for window size 60. Skipping.
[]
Done.
	Creating sequence for 'bitmart-token'... [create_sequences]
38    bitmart-token
Name: slug, dtype: object
Insufficient data for window size 60. Skipping.
[]
Done.
	Creating sequence for 'blocknet'... [create_sequences]
39    blocknet
Name: slug, dtype: object
Insufficient data for window size 60. Skipping.
[]
Done.
	Creating sequence for 'aviator'... [create_sequences]
40    aviator
Name: slug, dtype: object
Insufficient data for window size 60. Skipping.
[]
Done.
	Creating sequence for 'ark'... [create_sequences]
41    ark
Name: slug, dtype: object
Insufficient data for window size 60. Skipping.
[]
Done.
	Creating sequence for 'bifrost'... [create_sequences]
42    bifrost
Name: slug, dtype: object
Insufficient data for window size 60. Skipping.
[]
Done.
	Creating sequence for 'assemble-protocol'... [create_sequences]
43    assemble-protocol
Name: slug, dtype: object
Insufficient data for window size 60. Skipping.
[]
Done.
	Creating sequence for 'aergo'... [create_sequences]
44    aergo
Name: slug, dtype: object
Insufficient data for window size 60. Skipping.
[]
Done.
	Creating sequence for 'artrade'... [create_sequences]
45    artrade
Name: slug, dtype: object
Insufficient data for window size 60. Skipping.
[]
Done.
	Creating sequence for 'access-protocol'... [create_sequences]
46    access-protocol
Name: slug, dtype: object
Insufficient data for window size 60. Skipping.
[]
Done.
	Creating sequence for 'aurusx'... [create_sequences]
47    aurusx
Name: slug, dtype: object
Insufficient data for window size 60. Skipping.
[]
Done.
	Creating sequence for 'affyn'... [create_sequences]
48    affyn
Name: slug, dtype: object
Insufficient data for window size 60. Skipping.
[]
Done.
	Creating sequence for 'adapad'... [create_sequences]
49    adapad
Name: slug, dtype: object
Insufficient data for window size 60. Skipping.
[]
Done.
	Creating sequence for 'crypto-asset-governance-alliance'... [create_sequences]
50    crypto-asset-governance-alliance
Name: slug, dtype: object
Insufficient data for window size 60. Skipping.
[]
Done.
	Creating sequence for 'compound-basic-attention-token'... [create_sequences]
51    compound-basic-attention-token
Name: slug, dtype: object
Insufficient data for window size 60. Skipping.
[]
Done.
	Creating sequence for 'aave-usdt'... Skipped.
	Creating sequence for 'apy-finance'... [create_sequences]
53    apy-finance
Name: slug, dtype: object
Insufficient data for window size 60. Skipping.
[]
Done.
	Creating sequence for 'arweave'... [create_sequences]
54    arweave
Name: slug, dtype: object
Insufficient data for window size 60. Skipping.
[]
Done.
	Creating sequence for 'ageofgods'... [create_sequences]
55    ageofgods
Name: slug, dtype: object
Insufficient data for window size 60. Skipping.
[]
Done.
	Creating sequence for 'biswap'... [create_sequences]
56    biswap
Name: slug, dtype: object
Insufficient data for window size 60. Skipping.
[]
Done.
	Creating sequence for 'dafi-protocol'... [create_sequences]
57    dafi-protocol
Name: slug, dtype: object
Insufficient data for window size 60. Skipping.
[]
Done.
	Creating sequence for 'biconomy'... [create_sequences]
58    biconomy
Name: slug, dtype: object
Insufficient data for window size 60. Skipping.
[]
Done.
	Creating sequence for 'cumrocket'... [create_sequences]
59    cumrocket
Name: slug, dtype: object
Insufficient data for window size 60. Skipping.
[]
Done.
	Creating sequence for 'beoble'... [create_sequences]
60    beoble
Name: slug, dtype: object
[]
[]
Done.
	Creating sequence for 'apm-coin'... [create_sequences]
61    apm-coin
Name: slug, dtype: object
61    [{'datetime': '2019-12-27T00:00:00Z', 'value':...
Name: priceUSD, dtype: object
                                             priceUSD  ...                                        devActivity
61  [{'datetime': '2019-12-27T00:00:00Z', 'value':...  ...  [{'datetime': '2009-01-02T00:00:00Z', 'value':...

[1 rows x 3 columns]
