


--------------------------------------------------
Starting lstm.py at '2024-10-24 14:04:47.134328'.
Reading '../classifiedDAOs.json'... Done.
Total training Data: 1578
DAOs trained so far:1104
Size of training set: 0
Size of test set: 474
Preparing data for training...
Preparing data for testing...
Parameters:
	Num epochs: 60
	Initial learning rate: 0.001
	Patience: 12
	Window size: 60
	Timeseries splits: 3
	Minimum number of timeseries datapoints: 64
Gradient boosting params: 
	{"max_depth": 3, "learning_rate": 0.05, "n_estimators": 100, "objective": "binary:logistic", "eval_metric": "logloss"}
Actual training set: 0 entries
Actual testing set:  0 entries
Actual training/total ratio: 0.0
Final Classification Report with Gradient Boosting:
