


--------------------------------------------------
Starting lstm.py at '2024-10-26 23:29:14.780175'.
Reading '../classifiedDAOs.json'... Done.
Total training Data: 1578
DAOs trained so far:551
Size of training set: 553
Size of test set: 474
Preparing data for training...
Preparing data for testing...
Parameters:
	Num epochs: 60
	Initial learning rate: 0.001
	Patience: 12
	Window size: 60
	Timeseries splits: 3
	Minimum number of timeseries datapoints: 64
Gradient boosting params: 
	{"max_depth": 3, "learning_rate": 0.05, "n_estimators": 100, "objective": "binary:logistic", "eval_metric": "logloss"}
	Creating sequence for 'clearpool'... Training group 0, split 1
	Early stopping at epoch 13
	Y Train Labels:(array([1.], dtype=float32), array([252]))
	Y Val Labels:(array([1.], dtype=float32), array([250]))
Training group 0, split 2
	Early stopping at epoch 13
	Y Train Labels:(array([1.], dtype=float32), array([502]))
	Y Val Labels:(array([1.], dtype=float32), array([250]))
Training group 0, split 3
	Early stopping at epoch 13
	Y Train Labels:(array([1.], dtype=float32), array([752]))
	Y Val Labels:(array([0., 1.], dtype=float32), array([ 58, 192]))
Done.
	Creating sequence for 'savings-dai'... Training group 1, split 1
	Early stopping at epoch 13
	Y Train Labels:(array([0., 1.], dtype=float32), array([22, 43]))
	Y Val Labels:(array([0.], dtype=float32), array([63]))
Training group 1, split 2
	Early stopping at epoch 13
	Y Train Labels:(array([0., 1.], dtype=float32), array([85, 43]))
	Y Val Labels:(array([0.], dtype=float32), array([63]))
Training group 1, split 3
	Early stopping at epoch 13
	Y Train Labels:(array([0., 1.], dtype=float32), array([148,  43]))
	Y Val Labels:(array([0.], dtype=float32), array([63]))
Done.
	Creating sequence for 'thorchain'... Training group 2, split 1
	Early stopping at epoch 13
	Y Train Labels:(array([1.], dtype=float32), array([442]))
	Y Val Labels:(array([1.], dtype=float32), array([440]))
Training group 2, split 2
	Early stopping at epoch 13
	Y Train Labels:(array([1.], dtype=float32), array([882]))
	Y Val Labels:(array([1.], dtype=float32), array([440]))
Training group 2, split 3
	Early stopping at epoch 13
	Y Train Labels:(array([1.], dtype=float32), array([1322]))
	Y Val Labels:(array([1.], dtype=float32), array([440]))
Done.
	Creating sequence for 'palette'... Training group 3, split 1
	Early stopping at epoch 13
	Y Train Labels:(array([0.], dtype=float32), array([38]))
	Y Val Labels:(array([0.], dtype=float32), array([37]))
Training group 3, split 2
	Early stopping at epoch 13
	Y Train Labels:(array([0.], dtype=float32), array([75]))
	Y Val Labels:(array([0.], dtype=float32), array([37]))
Training group 3, split 3
	Early stopping at epoch 13
	Y Train Labels:(array([0.], dtype=float32), array([112]))
	Y Val Labels:(array([0.], dtype=float32), array([37]))
Done.
	Creating sequence for 'gitcoin'... Training group 4, split 1
	Early stopping at epoch 13
	Y Train Labels:(array([1.], dtype=float32), array([280]))
	Y Val Labels:(array([1.], dtype=float32), array([277]))
Training group 4, split 2
	Early stopping at epoch 13
	Y Train Labels:(array([1.], dtype=float32), array([557]))
	Y Val Labels:(array([1.], dtype=float32), array([277]))
Training group 4, split 3
	Early stopping at epoch 13
	Y Train Labels:(array([1.], dtype=float32), array([834]))
	Y Val Labels:(array([1.], dtype=float32), array([277]))
Done.
	Creating sequence for 'pumapay'... Training group 5, split 1
	Early stopping at epoch 13
	Y Train Labels:(array([1.], dtype=float32), array([528]))
	Y Val Labels:(array([0., 1.], dtype=float32), array([117, 409]))
Training group 5, split 2
