


--------------------------------------------------
Starting lstm.py at '2024-10-26 23:06:41.240634'.
Reading '../classifiedDAOs.json'... Done.
Total training Data: 1578
DAOs trained so far:399
Size of training set: 705
Size of test set: 474
Preparing data for training...
Preparing data for testing...
Parameters:
	Num epochs: 60
	Initial learning rate: 0.001
	Patience: 12
	Window size: 60
	Timeseries splits: 3
	Minimum number of timeseries datapoints: 64
Gradient boosting params: 
	{"max_depth": 3, "learning_rate": 0.05, "n_estimators": 100, "objective": "binary:logistic", "eval_metric": "logloss"}
	Creating sequence for 'zelcash'... Training group 0, split 1
	Early stopping at epoch 13
	Y Train Labels:(array([1.], dtype=float32), array([528]))
	Y Val Labels:(array([1.], dtype=float32), array([527]))
Training group 0, split 2
	Early stopping at epoch 13
	Y Train Labels:(array([1.], dtype=float32), array([1055]))
	Y Val Labels:(array([1.], dtype=float32), array([527]))
Training group 0, split 3
	Early stopping at epoch 13
	Y Train Labels:(array([1.], dtype=float32), array([1582]))
	Y Val Labels:(array([1.], dtype=float32), array([527]))
Done.
	Creating sequence for 'bitcoin-diamond'... Training group 1, split 1
	Early stopping at epoch 13
	Y Train Labels:(array([1.], dtype=float32), array([566]))
	Y Val Labels:(array([1.], dtype=float32), array([564]))
Training group 1, split 2
	Early stopping at epoch 13
	Y Train Labels:(array([1.], dtype=float32), array([1130]))
	Y Val Labels:(array([0., 1.], dtype=float32), array([161, 403]))
Training group 1, split 3
	Early stopping at epoch 13
	Y Train Labels:(array([0., 1.], dtype=float32), array([ 161, 1533]))
	Y Val Labels:(array([0.], dtype=float32), array([564]))
Done.
	Creating sequence for 'fio-protocol'... Training group 2, split 1
	Early stopping at epoch 13
	Y Train Labels:(array([1.], dtype=float32), array([349]))
	Y Val Labels:(array([1.], dtype=float32), array([347]))
Training group 2, split 2
	Early stopping at epoch 13
	Y Train Labels:(array([1.], dtype=float32), array([696]))
	Y Val Labels:(array([1.], dtype=float32), array([347]))
Training group 2, split 3
	Early stopping at epoch 13
	Y Train Labels:(array([1.], dtype=float32), array([1043]))
	Y Val Labels:(array([1.], dtype=float32), array([347]))
Done.
	Creating sequence for 'dragonchain'... Training group 3, split 1
	Early stopping at epoch 13
	Y Train Labels:(array([1.], dtype=float32), array([579]))
	Y Val Labels:(array([1.], dtype=float32), array([578]))
Training group 3, split 2
