


--------------------------------------------------
Starting lstm.py at '2024-10-23 16:38:07.558918'.
Reading '../classifiedDAOs.json'... Done.
Total training Data: 1578
DAOs trained so far:71
Size of training set: 1033
Size of test set: 474
Preparing data for training...
Preparing data for testing...
Parameters:
	Num epochs: 60
	Initial learning rate: 0.001
	Patience: 12
	Window size: 60
	Timeseries splits: 3
	Minimum number of timeseries datapoints: 64
Gradient boosting params: 
	{"max_depth": 3, "learning_rate": 0.05, "n_estimators": 100, "objective": "binary:logistic", "eval_metric": "logloss"}
	Creating sequence for 'deepbrain-chain'... Training group 0, split 1
	Y Train Labels:(array([1.], dtype=float32), array([564]))
	Y Val Labels:(array([1.], dtype=float32), array([564]))
Training group 0, split 2
	Y Train Labels:(array([1.], dtype=float32), array([1128]))
	Y Val Labels:(array([1.], dtype=float32), array([564]))
Training group 0, split 3
	Y Train Labels:(array([1.], dtype=float32), array([1692]))
	Y Val Labels:(array([1.], dtype=float32), array([564]))
Done.
	Creating sequence for 'kyber-network'... Training group 1, split 1
	Early stopping at epoch 13
	Y Train Labels:(array([1.], dtype=float32), array([570]))
	Y Val Labels:(array([1.], dtype=float32), array([570]))
Training group 1, split 2
	Early stopping at epoch 26
	Y Train Labels:(array([1.], dtype=float32), array([1140]))
	Y Val Labels:(array([1.], dtype=float32), array([570]))
Training group 1, split 3
	Y Train Labels:(array([1.], dtype=float32), array([1710]))
	Y Val Labels:(array([1.], dtype=float32), array([570]))
Done.
	Creating sequence for 'zeroswap'... Training group 2, split 1
	Early stopping at epoch 13
	Y Train Labels:(array([1.], dtype=float32), array([334]))
	Y Val Labels:(array([0., 1.], dtype=float32), array([243,  89]))
Training group 2, split 2
	Early stopping at epoch 25
	Y Train Labels:(array([0., 1.], dtype=float32), array([243, 423]))
	Y Val Labels:(array([0.], dtype=float32), array([332]))
Training group 2, split 3
	Early stopping at epoch 50
	Y Train Labels:(array([0., 1.], dtype=float32), array([575, 423]))
	Y Val Labels:(array([0.], dtype=float32), array([332]))
Done.
	Creating sequence for 'airswap'... Training group 3, split 1
	Y Train Labels:(array([1.], dtype=float32), array([581]))
	Y Val Labels:(array([1.], dtype=float32), array([578]))
Training group 3, split 2
	Y Train Labels:(array([1.], dtype=float32), array([1159]))
	Y Val Labels:(array([1.], dtype=float32), array([578]))
Training group 3, split 3
	Y Train Labels:(array([1.], dtype=float32), array([1737]))
	Y Val Labels:(array([1.], dtype=float32), array([578]))
Done.
	Creating sequence for 'mother-iggy'... Training group 4, split 1
	Y Train Labels:(array([0.], dtype=float32), array([17]))
	Y Val Labels:(array([0.], dtype=float32), array([14]))
Training group 4, split 2
	Y Train Labels:(array([0.], dtype=float32), array([31]))
	Y Val Labels:(array([0.], dtype=float32), array([14]))
Training group 4, split 3
	Y Train Labels:(array([0.], dtype=float32), array([45]))
	Y Val Labels:(array([0.], dtype=float32), array([14]))
Done.
	Creating sequence for 'komodo'... Training group 5, split 1
	Y Train Labels:(array([1.], dtype=float32), array([592]))
	Y Val Labels:(array([1.], dtype=float32), array([589]))
Training group 5, split 2
	Y Train Labels:(array([1.], dtype=float32), array([1181]))
	Y Val Labels:(array([1.], dtype=float32), array([589]))
Training group 5, split 3
	Y Train Labels:(array([1.], dtype=float32), array([1770]))
	Y Val Labels:(array([1.], dtype=float32), array([589]))
Done.
	Creating sequence for 'aethir'... Training group 6, split 1
	Y Train Labels:(array([0.], dtype=float32), array([12]))
	Y Val Labels:(array([0.], dtype=float32), array([11]))
Training group 6, split 2
	Y Train Labels:(array([0.], dtype=float32), array([23]))
	Y Val Labels:(array([0.], dtype=float32), array([11]))
Training group 6, split 3
	Y Train Labels:(array([0.], dtype=float32), array([34]))
	Y Val Labels:(array([0.], dtype=float32), array([11]))
Done.
	Creating sequence for 'eminer'... Training group 7, split 1
	Y Train Labels:(array([1.], dtype=float32), array([447]))
	Y Val Labels:(array([1.], dtype=float32), array([445]))
Training group 7, split 2
	Early stopping at epoch 13
	Y Train Labels:(array([1.], dtype=float32), array([892]))
	Y Val Labels:(array([0., 1.], dtype=float32), array([425,  20]))
Training group 7, split 3
