


--------------------------------------------------
Starting lstm.py at '2024-10-23 19:01:43.514723'.
Reading '../classifiedDAOs.json'... Done.
Total training Data: 1578
DAOs trained so far:333
Size of training set: 771
Size of test set: 474
Preparing data for training...
Preparing data for testing...
Parameters:
	Num epochs: 60
	Initial learning rate: 0.001
	Patience: 12
	Window size: 60
	Timeseries splits: 3
	Minimum number of timeseries datapoints: 64
Gradient boosting params: 
	{"max_depth": 3, "learning_rate": 0.05, "n_estimators": 100, "objective": "binary:logistic", "eval_metric": "logloss"}
	Creating sequence for 'smoking-chicken-fish'... Skipped.
	Creating sequence for 'acorn-protocol'... Training group 0, split 1
	Early stopping at epoch 13
	Y Train Labels:(array([0., 1.], dtype=float32), array([45, 63]))
	Y Val Labels:(array([0.], dtype=float32), array([108]))
Training group 0, split 2
	Early stopping at epoch 35
	Y Train Labels:(array([0., 1.], dtype=float32), array([153,  63]))
	Y Val Labels:(array([0.], dtype=float32), array([108]))
Training group 0, split 3
	Early stopping at epoch 39
	Y Train Labels:(array([0., 1.], dtype=float32), array([261,  63]))
	Y Val Labels:(array([0.], dtype=float32), array([108]))
Done.
	Creating sequence for 'wepower'... Training group 1, split 1
	Y Train Labels:(array([1.], dtype=float32), array([530]))
	Y Val Labels:(array([1.], dtype=float32), array([530]))
Training group 1, split 2
	Early stopping at epoch 13
	Y Train Labels:(array([1.], dtype=float32), array([1060]))
	Y Val Labels:(array([0., 1.], dtype=float32), array([495,  35]))
Training group 1, split 3
	Early stopping at epoch 43
	Y Train Labels:(array([0., 1.], dtype=float32), array([ 495, 1095]))
	Y Val Labels:(array([0.], dtype=float32), array([530]))
Done.
	Creating sequence for 'encrypgen'... Training group 2, split 1
	Early stopping at epoch 13
	Y Train Labels:(array([0., 1.], dtype=float32), array([ 40, 519]))
	Y Val Labels:(array([0.], dtype=float32), array([559]))
Training group 2, split 2
	Early stopping at epoch 49
	Y Train Labels:(array([0., 1.], dtype=float32), array([599, 519]))
	Y Val Labels:(array([0.], dtype=float32), array([559]))
Training group 2, split 3
	Early stopping at epoch 28
	Y Train Labels:(array([0., 1.], dtype=float32), array([1158,  519]))
	Y Val Labels:(array([0.], dtype=float32), array([559]))
Done.
	Creating sequence for 'bolt'... Training group 3, split 1
	Y Train Labels:(array([1.], dtype=float32), array([481]))
	Y Val Labels:(array([1.], dtype=float32), array([479]))
Training group 3, split 2
	Early stopping at epoch 13
	Y Train Labels:(array([1.], dtype=float32), array([960]))
	Y Val Labels:(array([0., 1.], dtype=float32), array([297, 182]))
Training group 3, split 3
	Early stopping at epoch 32
	Y Train Labels:(array([0., 1.], dtype=float32), array([ 297, 1142]))
	Y Val Labels:(array([0.], dtype=float32), array([479]))
Done.
	Creating sequence for 'parsiq'... Training group 4, split 1
	Early stopping at epoch 13
	Y Train Labels:(array([1.], dtype=float32), array([328]))
	Y Val Labels:(array([0., 1.], dtype=float32), array([ 90, 236]))
Training group 4, split 2
	Early stopping at epoch 33
	Y Train Labels:(array([0., 1.], dtype=float32), array([ 90, 564]))
	Y Val Labels:(array([0.], dtype=float32), array([326]))
Training group 4, split 3
	Early stopping at epoch 26
	Y Train Labels:(array([0., 1.], dtype=float32), array([416, 564]))
	Y Val Labels:(array([0.], dtype=float32), array([326]))
Done.
	Creating sequence for 'aave-wbtc'... Skipped.
	Creating sequence for 'delphy'... Training group 5, split 1
	Y Train Labels:(array([1.], dtype=float32), array([560]))
	Y Val Labels:(array([1.], dtype=float32), array([557]))
Training group 5, split 2
