


--------------------------------------------------
Starting lstm.py at '2024-10-26 23:13:21.396809'.
Reading '../classifiedDAOs.json'... Done.
Total training Data: 1578
DAOs trained so far:442
Size of training set: 662
Size of test set: 474
Preparing data for training...
Preparing data for testing...
Parameters:
	Num epochs: 60
	Initial learning rate: 0.001
	Patience: 12
	Window size: 60
	Timeseries splits: 3
	Minimum number of timeseries datapoints: 64
Gradient boosting params: 
	{"max_depth": 3, "learning_rate": 0.05, "n_estimators": 100, "objective": "binary:logistic", "eval_metric": "logloss"}
	Creating sequence for 'humaniq'... Training group 0, split 1
	Early stopping at epoch 13
	Y Train Labels:(array([1.], dtype=float32), array([587]))
	Y Val Labels:(array([1.], dtype=float32), array([586]))
Training group 0, split 2
	Early stopping at epoch 13
	Y Train Labels:(array([1.], dtype=float32), array([1173]))
	Y Val Labels:(array([1.], dtype=float32), array([586]))
Training group 0, split 3
	Early stopping at epoch 13
	Y Train Labels:(array([1.], dtype=float32), array([1759]))
	Y Val Labels:(array([0., 1.], dtype=float32), array([330, 256]))
Done.
	Creating sequence for 'the-abyss'... Training group 1, split 1
	Early stopping at epoch 13
	Y Train Labels:(array([1.], dtype=float32), array([73]))
	Y Val Labels:(array([1.], dtype=float32), array([72]))
Training group 1, split 2
	Early stopping at epoch 13
	Y Train Labels:(array([1.], dtype=float32), array([145]))
	Y Val Labels:(array([1.], dtype=float32), array([72]))
Training group 1, split 3
	Early stopping at epoch 13
	Y Train Labels:(array([1.], dtype=float32), array([217]))
	Y Val Labels:(array([0., 1.], dtype=float32), array([71,  1]))
Done.
	Creating sequence for 'utrust'... Training group 2, split 1
	Early stopping at epoch 13
	Y Train Labels:(array([1.], dtype=float32), array([527]))
	Y Val Labels:(array([1.], dtype=float32), array([526]))
Training group 2, split 2
	Early stopping at epoch 13
	Y Train Labels:(array([1.], dtype=float32), array([1053]))
	Y Val Labels:(array([1.], dtype=float32), array([526]))
Training group 2, split 3
	Early stopping at epoch 13
	Y Train Labels:(array([1.], dtype=float32), array([1579]))
	Y Val Labels:(array([0., 1.], dtype=float32), array([395, 131]))
Done.
	Creating sequence for 'utya-black'... Training group 3, split 1
	Early stopping at epoch 13
	Y Train Labels:(array([0.], dtype=float32), array([10]))
	Y Val Labels:(array([0.], dtype=float32), array([8]))
Training group 3, split 2
	Early stopping at epoch 13
	Y Train Labels:(array([0.], dtype=float32), array([18]))
	Y Val Labels:(array([0.], dtype=float32), array([8]))
Training group 3, split 3
	Early stopping at epoch 13
	Y Train Labels:(array([0.], dtype=float32), array([26]))
	Y Val Labels:(array([0.], dtype=float32), array([8]))
Done.
	Creating sequence for 'internxt'... Training group 4, split 1
	Early stopping at epoch 13
	Y Train Labels:(array([1.], dtype=float32), array([492]))
	Y Val Labels:(array([1.], dtype=float32), array([489]))
Training group 4, split 2
