


--------------------------------------------------
Starting lstm.py at '2024-10-25 16:36:17.943879'.
Reading './balancedDataset.json'... Done.
Total training Data: 1030
DAOs trained so far:108
Size of training set: 613
Size of test set: 309
Preparing data for training...
Preparing data for testing...
Parameters:
	Num epochs: 60
	Initial learning rate: 0.001
	Patience: 12
	Window size: 60
	Timeseries splits: 3
	Minimum number of timeseries datapoints: 64
Gradient boosting params: 
	{"max_depth": 3, "learning_rate": 0.05, "n_estimators": 100, "objective": "binary:logistic", "eval_metric": "logloss"}
	Creating sequence for 'derace'... Training group 0, split 1
	Early stopping at epoch 13
	Y Train Labels:(array([1.], dtype=float32), array([243]))
	Y Val Labels:(array([1.], dtype=float32), array([240]))
Training group 0, split 2
	Early stopping at epoch 13
	Y Train Labels:(array([1.], dtype=float32), array([483]))
	Y Val Labels:(array([1.], dtype=float32), array([240]))
Training group 0, split 3
	Early stopping at epoch 13
	Y Train Labels:(array([1.], dtype=float32), array([723]))
	Y Val Labels:(array([1.], dtype=float32), array([240]))
Done.
	Creating sequence for 'decimated'... Training group 1, split 1
	Early stopping at epoch 13
	Y Train Labels:(array([1.], dtype=float32), array([88]))
	Y Val Labels:(array([1.], dtype=float32), array([87]))
Training group 1, split 2
	Early stopping at epoch 13
	Y Train Labels:(array([1.], dtype=float32), array([175]))
	Y Val Labels:(array([1.], dtype=float32), array([87]))
Training group 1, split 3
	Early stopping at epoch 13
	Y Train Labels:(array([1.], dtype=float32), array([262]))
	Y Val Labels:(array([1.], dtype=float32), array([87]))
Done.
	Creating sequence for 'allianceblock-nexera'... Training group 2, split 1
	Early stopping at epoch 13
	Y Train Labels:(array([1.], dtype=float32), array([128]))
	Y Val Labels:(array([1.], dtype=float32), array([126]))
Training group 2, split 2
	Early stopping at epoch 13
	Y Train Labels:(array([1.], dtype=float32), array([254]))
	Y Val Labels:(array([1.], dtype=float32), array([126]))
Training group 2, split 3
	Early stopping at epoch 13
	Y Train Labels:(array([1.], dtype=float32), array([380]))
	Y Val Labels:(array([0., 1.], dtype=float32), array([122,   4]))
Done.
	Creating sequence for 'bluzelle'... Training group 3, split 1
	Early stopping at epoch 13
	Y Train Labels:(array([1.], dtype=float32), array([574]))
	Y Val Labels:(array([1.], dtype=float32), array([573]))
Training group 3, split 2
	Early stopping at epoch 13
	Y Train Labels:(array([1.], dtype=float32), array([1147]))
	Y Val Labels:(array([1.], dtype=float32), array([573]))
Training group 3, split 3
