


--------------------------------------------------
Starting lstm.py at '2024-10-24 23:15:33.991447'.
Reading './balancedDataset.json'... Done.
Total training Data: 1030
DAOs trained so far:310
Size of training set: 411
Size of test set: 309
Preparing data for training...
Preparing data for testing...
Parameters:
	Num epochs: 60
	Initial learning rate: 0.001
	Patience: 12
	Window size: 60
	Timeseries splits: 3
	Minimum number of timeseries datapoints: 64
Gradient boosting params: 
	{"max_depth": 3, "learning_rate": 0.05, "n_estimators": 100, "objective": "binary:logistic", "eval_metric": "logloss"}
	Creating sequence for 'ravencoin'... Training group 0, split 1
	Y Train Labels:(array([1.], dtype=float32), array([560]))
	Y Val Labels:(array([1.], dtype=float32), array([557]))
Training group 0, split 2
	Y Train Labels:(array([1.], dtype=float32), array([1117]))
	Y Val Labels:(array([1.], dtype=float32), array([557]))
Training group 0, split 3
	Y Train Labels:(array([1.], dtype=float32), array([1674]))
	Y Val Labels:(array([1.], dtype=float32), array([557]))
Done.
	Creating sequence for 'impossible-finance'... Training group 1, split 1
	Y Train Labels:(array([1.], dtype=float32), array([229]))
	Y Val Labels:(array([1.], dtype=float32), array([227]))
Training group 1, split 2
	Y Train Labels:(array([1.], dtype=float32), array([456]))
	Y Val Labels:(array([1.], dtype=float32), array([227]))
Training group 1, split 3
	Y Train Labels:(array([1.], dtype=float32), array([683]))
	Y Val Labels:(array([1.], dtype=float32), array([227]))
Done.
	Creating sequence for 'robonomics-network'... Training group 2, split 1
	Y Train Labels:(array([1.], dtype=float32), array([343]))
	Y Val Labels:(array([1.], dtype=float32), array([343]))
Training group 2, split 2
	Y Train Labels:(array([1.], dtype=float32), array([686]))
	Y Val Labels:(array([1.], dtype=float32), array([343]))
Training group 2, split 3
	Y Train Labels:(array([1.], dtype=float32), array([1029]))
	Y Val Labels:(array([1.], dtype=float32), array([343]))
Done.
	Creating sequence for 'archloot'... Training group 3, split 1
	Early stopping at epoch 25
	Y Train Labels:(array([0., 1.], dtype=float32), array([ 38, 115]))
	Y Val Labels:(array([0.], dtype=float32), array([153]))
Training group 3, split 2
	Early stopping at epoch 27
	Y Train Labels:(array([0., 1.], dtype=float32), array([191, 115]))
	Y Val Labels:(array([0.], dtype=float32), array([153]))
Training group 3, split 3
	Early stopping at epoch 13
	Y Train Labels:(array([0., 1.], dtype=float32), array([344, 115]))
	Y Val Labels:(array([0.], dtype=float32), array([153]))
Done.
	Creating sequence for 'arcona'... Training group 4, split 1
	Early stopping at epoch 18
	Y Train Labels:(array([1.], dtype=float32), array([365]))
	Y Val Labels:(array([0., 1.], dtype=float32), array([196, 166]))
Training group 4, split 2
	Early stopping at epoch 30
	Y Train Labels:(array([0., 1.], dtype=float32), array([196, 531]))
	Y Val Labels:(array([0.], dtype=float32), array([362]))
Training group 4, split 3
	Early stopping at epoch 26
	Y Train Labels:(array([0., 1.], dtype=float32), array([558, 531]))
	Y Val Labels:(array([0.], dtype=float32), array([362]))
Done.
	Creating sequence for 'billionhappiness'... Training group 5, split 1
	Early stopping at epoch 13
	Y Train Labels:(array([1.], dtype=float32), array([344]))
	Y Val Labels:(array([0., 1.], dtype=float32), array([192, 152]))
Training group 5, split 2
	Early stopping at epoch 42
	Y Train Labels:(array([0., 1.], dtype=float32), array([192, 496]))
	Y Val Labels:(array([0.], dtype=float32), array([344]))
Training group 5, split 3
	Early stopping at epoch 23
	Y Train Labels:(array([0., 1.], dtype=float32), array([536, 496]))
	Y Val Labels:(array([0.], dtype=float32), array([344]))
Done.
	Creating sequence for 'julswap'... Training group 6, split 1
	Early stopping at epoch 13
	Y Train Labels:(array([0., 1.], dtype=float32), array([ 70, 194]))
	Y Val Labels:(array([0.], dtype=float32), array([261]))
Training group 6, split 2
	Early stopping at epoch 27
	Y Train Labels:(array([0., 1.], dtype=float32), array([331, 194]))
	Y Val Labels:(array([0.], dtype=float32), array([261]))
Training group 6, split 3
	Early stopping at epoch 25
	Y Train Labels:(array([0., 1.], dtype=float32), array([592, 194]))
	Y Val Labels:(array([0.], dtype=float32), array([261]))
Done.
	Creating sequence for 'wmatic'... Training group 7, split 1
	Y Train Labels:(array([1.], dtype=float32), array([306]))
	Y Val Labels:(array([1.], dtype=float32), array([305]))
Training group 7, split 2
	Y Train Labels:(array([1.], dtype=float32), array([611]))
	Y Val Labels:(array([1.], dtype=float32), array([305]))
Training group 7, split 3
