


--------------------------------------------------
Starting lstm.py at '2024-10-25 16:56:38.907002'.
Reading './balancedDataset.json'... Done.
Total training Data: 1030
DAOs trained so far:260
Size of training set: 461
Size of test set: 309
Preparing data for training...
Preparing data for testing...
Parameters:
	Num epochs: 60
	Initial learning rate: 0.001
	Patience: 12
	Window size: 60
	Timeseries splits: 3
	Minimum number of timeseries datapoints: 64
Gradient boosting params: 
	{"max_depth": 3, "learning_rate": 0.05, "n_estimators": 100, "objective": "binary:logistic", "eval_metric": "logloss"}
	Creating sequence for 'sentinel'... Training group 0, split 1
	Early stopping at epoch 13
	Y Train Labels:(array([1.], dtype=float32), array([562]))
	Y Val Labels:(array([1.], dtype=float32), array([560]))
Training group 0, split 2
	Early stopping at epoch 13
	Y Train Labels:(array([1.], dtype=float32), array([1122]))
	Y Val Labels:(array([1.], dtype=float32), array([560]))
Training group 0, split 3
	Early stopping at epoch 13
	Y Train Labels:(array([1.], dtype=float32), array([1682]))
	Y Val Labels:(array([1.], dtype=float32), array([560]))
Done.
	Creating sequence for 'non-playable-coin'... Training group 1, split 1
	Early stopping at epoch 13
	Y Train Labels:(array([1.], dtype=float32), array([85]))
	Y Val Labels:(array([1.], dtype=float32), array([82]))
Training group 1, split 2
	Early stopping at epoch 13
	Y Train Labels:(array([1.], dtype=float32), array([167]))
	Y Val Labels:(array([1.], dtype=float32), array([82]))
Training group 1, split 3
	Early stopping at epoch 13
	Y Train Labels:(array([1.], dtype=float32), array([249]))
	Y Val Labels:(array([1.], dtype=float32), array([82]))
Done.
	Creating sequence for 'brainlet'... Skipped.
	Creating sequence for 'nosana'... Training group 2, split 1
	Early stopping at epoch 13
	Y Train Labels:(array([1.], dtype=float32), array([231]))
	Y Val Labels:(array([1.], dtype=float32), array([230]))
Training group 2, split 2
	Early stopping at epoch 13
	Y Train Labels:(array([1.], dtype=float32), array([461]))
	Y Val Labels:(array([1.], dtype=float32), array([230]))
Training group 2, split 3
	Early stopping at epoch 13
	Y Train Labels:(array([1.], dtype=float32), array([691]))
	Y Val Labels:(array([1.], dtype=float32), array([230]))
Done.
	Creating sequence for 'duko'... Training group 3, split 1
	Early stopping at epoch 13
	Y Train Labels:(array([0.], dtype=float32), array([40]))
	Y Val Labels:(array([0.], dtype=float32), array([39]))
Training group 3, split 2
	Early stopping at epoch 13
	Y Train Labels:(array([0.], dtype=float32), array([79]))
	Y Val Labels:(array([0.], dtype=float32), array([39]))
Training group 3, split 3
	Early stopping at epoch 13
	Y Train Labels:(array([0.], dtype=float32), array([118]))
	Y Val Labels:(array([0.], dtype=float32), array([39]))
Done.
	Creating sequence for 'energi'... Training group 4, split 1
	Early stopping at epoch 13
	Y Train Labels:(array([1.], dtype=float32), array([501]))
	Y Val Labels:(array([1.], dtype=float32), array([500]))
Training group 4, split 2
	Early stopping at epoch 13
	Y Train Labels:(array([1.], dtype=float32), array([1001]))
	Y Val Labels:(array([1.], dtype=float32), array([500]))
Training group 4, split 3
