


--------------------------------------------------
Starting lstm.py at '2024-10-23 20:42:07.097379'.
Reading '../classifiedDAOs.json'... Done.
Total training Data: 1578
DAOs trained so far:889
Size of training set: 215
Size of test set: 474
Preparing data for training...
Preparing data for testing...
Parameters:
	Num epochs: 60
	Initial learning rate: 0.001
	Patience: 12
	Window size: 60
	Timeseries splits: 3
	Minimum number of timeseries datapoints: 64
Gradient boosting params: 
	{"max_depth": 3, "learning_rate": 0.05, "n_estimators": 100, "objective": "binary:logistic", "eval_metric": "logloss"}
	Creating sequence for 'genesis-shards'... Training group 0, split 1
	Early stopping at epoch 13
	Y Train Labels:(array([1.], dtype=float32), array([292]))
	Y Val Labels:(array([0., 1.], dtype=float32), array([232,  59]))
Training group 0, split 2
	Early stopping at epoch 29
	Y Train Labels:(array([0., 1.], dtype=float32), array([232, 351]))
	Y Val Labels:(array([0.], dtype=float32), array([291]))
Training group 0, split 3
	Early stopping at epoch 26
	Y Train Labels:(array([0., 1.], dtype=float32), array([523, 351]))
	Y Val Labels:(array([0.], dtype=float32), array([291]))
Done.
	Creating sequence for 'wazirx'... Training group 1, split 1
	Early stopping at epoch 13
	Y Train Labels:(array([1.], dtype=float32), array([395]))
	Y Val Labels:(array([0., 1.], dtype=float32), array([115, 278]))
Training group 1, split 2
	Early stopping at epoch 30
	Y Train Labels:(array([0., 1.], dtype=float32), array([115, 673]))
	Y Val Labels:(array([0.], dtype=float32), array([393]))
Training group 1, split 3
	Early stopping at epoch 26
	Y Train Labels:(array([0., 1.], dtype=float32), array([508, 673]))
	Y Val Labels:(array([0.], dtype=float32), array([393]))
Done.
	Creating sequence for 'azuki'... Training group 2, split 1
	Y Train Labels:(array([1.], dtype=float32), array([245]))
	Y Val Labels:(array([0., 1.], dtype=float32), array([ 46, 198]))
Training group 2, split 2
	Early stopping at epoch 13
	Y Train Labels:(array([0., 1.], dtype=float32), array([ 46, 443]))
	Y Val Labels:(array([0.], dtype=float32), array([244]))
Training group 2, split 3
	Early stopping at epoch 51
	Y Train Labels:(array([0., 1.], dtype=float32), array([290, 443]))
	Y Val Labels:(array([0.], dtype=float32), array([244]))
Done.
	Creating sequence for 'adamant-messenger'... Training group 3, split 1
	Y Train Labels:(array([1.], dtype=float32), array([485]))
	Y Val Labels:(array([1.], dtype=float32), array([485]))
Training group 3, split 2
	Y Train Labels:(array([1.], dtype=float32), array([970]))
	Y Val Labels:(array([1.], dtype=float32), array([485]))
Training group 3, split 3
	Y Train Labels:(array([1.], dtype=float32), array([1455]))
	Y Val Labels:(array([1.], dtype=float32), array([485]))
Done.
	Creating sequence for 'flamengo-fan-token'... Training group 4, split 1
	Early stopping at epoch 13
	Y Train Labels:(array([1.], dtype=float32), array([251]))
	Y Val Labels:(array([0., 1.], dtype=float32), array([ 96, 155]))
Training group 4, split 2
	Early stopping at epoch 36
	Y Train Labels:(array([0., 1.], dtype=float32), array([ 96, 406]))
	Y Val Labels:(array([0.], dtype=float32), array([251]))
Training group 4, split 3
	Early stopping at epoch 25
	Y Train Labels:(array([0., 1.], dtype=float32), array([347, 406]))
	Y Val Labels:(array([0.], dtype=float32), array([251]))
Done.
	Creating sequence for 'omisego'... Training group 5, split 1
	Y Train Labels:(array([1.], dtype=float32), array([248]))
	Y Val Labels:(array([1.], dtype=float32), array([248]))
Training group 5, split 2
	Y Train Labels:(array([1.], dtype=float32), array([496]))
	Y Val Labels:(array([1.], dtype=float32), array([248]))
Training group 5, split 3
	Y Train Labels:(array([1.], dtype=float32), array([744]))
	Y Val Labels:(array([1.], dtype=float32), array([248]))
Done.
	Creating sequence for 'commune-ai'... Training group 6, split 1
	Early stopping at epoch 43
	Y Train Labels:(array([0., 1.], dtype=float32), array([15, 26]))
	Y Val Labels:(array([0.], dtype=float32), array([38]))
Training group 6, split 2
	Early stopping at epoch 27
	Y Train Labels:(array([0., 1.], dtype=float32), array([53, 26]))
	Y Val Labels:(array([0.], dtype=float32), array([38]))
Training group 6, split 3
	Early stopping at epoch 25
	Y Train Labels:(array([0., 1.], dtype=float32), array([91, 26]))
	Y Val Labels:(array([0.], dtype=float32), array([38]))
Done.
	Creating sequence for 'karat'... Training group 7, split 1
	Y Train Labels:(array([1.], dtype=float32), array([85]))
	Y Val Labels:(array([1.], dtype=float32), array([85]))
Training group 7, split 2
	Early stopping at epoch 13
	Y Train Labels:(array([1.], dtype=float32), array([170]))
	Y Val Labels:(array([0., 1.], dtype=float32), array([78,  7]))
Training group 7, split 3
	Early stopping at epoch 39
	Y Train Labels:(array([0., 1.], dtype=float32), array([ 78, 177]))
	Y Val Labels:(array([0.], dtype=float32), array([85]))
Done.
	Creating sequence for 'aave-tusd'... Skipped.
	Creating sequence for 'katana-inu'... Training group 8, split 1
	Y Train Labels:(array([1.], dtype=float32), array([237]))
	Y Val Labels:(array([1.], dtype=float32), array([236]))
Training group 8, split 2
	Y Train Labels:(array([1.], dtype=float32), array([473]))
	Y Val Labels:(array([1.], dtype=float32), array([236]))
Training group 8, split 3
	Y Train Labels:(array([1.], dtype=float32), array([709]))
	Y Val Labels:(array([1.], dtype=float32), array([236]))
Done.
	Creating sequence for 'mileverse'... Training group 9, split 1
	Early stopping at epoch 59
	Y Train Labels:(array([0., 1.], dtype=float32), array([128, 106]))
	Y Val Labels:(array([0.], dtype=float32), array([232]))
Training group 9, split 2
	Early stopping at epoch 32
	Y Train Labels:(array([0., 1.], dtype=float32), array([360, 106]))
	Y Val Labels:(array([0.], dtype=float32), array([232]))
Training group 9, split 3
