


--------------------------------------------------
Starting lstm.py at '2024-10-16 15:13:29.137688'.
Reading './isDaoActiveData(4).json'... Done.
Total training Data: 379
DAOs trained so far:187
Size of training set: 78
Size of test set: 114
Preparing data for training...
Preparing data for testing...
Parameters:
	Num epochs: 60
	Initial learning rate: 0.001
	Patience: 12
	Window size: 60
	Timeseries splits: 3
	Minimum number of timeseries datapoints: 64
Gradient boosting params: 
	{"max_depth": 3, "learning_rate": 0.05, "n_estimators": 100, "objective": "binary:logistic", "eval_metric": "logloss"}
	Creating sequence for 'credefi'... Training group 0, split 1
	Y Train Labels:(array([1.], dtype=float32), array([242]))
	Y Val Labels:(array([1.], dtype=float32), array([239]))
Training group 0, split 2
	Y Train Labels:(array([1.], dtype=float32), array([481]))
	Y Val Labels:(array([1.], dtype=float32), array([239]))
Training group 0, split 3
	Y Train Labels:(array([1.], dtype=float32), array([720]))
	Y Val Labels:(array([1.], dtype=float32), array([239]))
Done.
	Creating sequence for 'bella-protocol'... Training group 1, split 1
	Y Train Labels:(array([1.], dtype=float32), array([330]))
	Y Val Labels:(array([1.], dtype=float32), array([327]))
Training group 1, split 2
	Y Train Labels:(array([1.], dtype=float32), array([657]))
	Y Val Labels:(array([1.], dtype=float32), array([327]))
Training group 1, split 3
	Y Train Labels:(array([1.], dtype=float32), array([984]))
	Y Val Labels:(array([1.], dtype=float32), array([327]))
Done.
	Creating sequence for 'ardor'... Training group 2, split 1
	Y Train Labels:(array([1.], dtype=float32), array([574]))
	Y Val Labels:(array([1.], dtype=float32), array([571]))
Training group 2, split 2
	Y Train Labels:(array([1.], dtype=float32), array([1145]))
	Y Val Labels:(array([1.], dtype=float32), array([571]))
Training group 2, split 3
	Early stopping at epoch 13
	Y Train Labels:(array([1.], dtype=float32), array([1716]))
	Y Val Labels:(array([0., 1.], dtype=float32), array([459, 112]))
Done.
	Creating sequence for 'acknoledger'... Training group 3, split 1
	Early stopping at epoch 46
	Y Train Labels:(array([0., 1.], dtype=float32), array([210,  41]))
	Y Val Labels:(array([0.], dtype=float32), array([248]))
Training group 3, split 2
	Early stopping at epoch 13
	Y Train Labels:(array([0., 1.], dtype=float32), array([458,  41]))
	Y Val Labels:(array([0.], dtype=float32), array([248]))
Training group 3, split 3
	Early stopping at epoch 13
	Y Train Labels:(array([0., 1.], dtype=float32), array([706,  41]))
	Y Val Labels:(array([0.], dtype=float32), array([248]))
Done.
	Creating sequence for 'cryptogpt'... Training group 4, split 1
	Y Train Labels:(array([1.], dtype=float32), array([127]))
	Y Val Labels:(array([1.], dtype=float32), array([126]))
Training group 4, split 2
	Y Train Labels:(array([1.], dtype=float32), array([253]))
	Y Val Labels:(array([1.], dtype=float32), array([126]))
Training group 4, split 3
	Early stopping at epoch 13
	Y Train Labels:(array([1.], dtype=float32), array([379]))
	Y Val Labels:(array([0., 1.], dtype=float32), array([95, 31]))
Done.
	Creating sequence for 'civic'... Training group 5, split 1
	Y Train Labels:(array([1.], dtype=float32), array([590]))
	Y Val Labels:(array([1.], dtype=float32), array([590]))
Training group 5, split 2
	Y Train Labels:(array([1.], dtype=float32), array([1180]))
	Y Val Labels:(array([1.], dtype=float32), array([590]))
Training group 5, split 3
