


--------------------------------------------------
Starting lstm.py at '2024-10-16 15:19:55.782280'.
Reading './isDaoActiveData(4).json'... Done.
Total training Data: 379
DAOs trained so far:208
Size of training set: 57
Size of test set: 114
Preparing data for training...
Preparing data for testing...
Parameters:
	Num epochs: 60
	Initial learning rate: 0.001
	Patience: 12
	Window size: 60
	Timeseries splits: 3
	Minimum number of timeseries datapoints: 64
Gradient boosting params: 
	{"max_depth": 3, "learning_rate": 0.05, "n_estimators": 100, "objective": "binary:logistic", "eval_metric": "logloss"}
	Creating sequence for 'aave-tusd'... Skipped.
	Creating sequence for 'babb'... Training group 0, split 1
	Y Train Labels:(array([1.], dtype=float32), array([572]))
	Y Val Labels:(array([1.], dtype=float32), array([572]))
Training group 0, split 2
	Y Train Labels:(array([1.], dtype=float32), array([1144]))
	Y Val Labels:(array([1.], dtype=float32), array([572]))
Training group 0, split 3
	Early stopping at epoch 13
	Y Train Labels:(array([1.], dtype=float32), array([1716]))
	Y Val Labels:(array([0., 1.], dtype=float32), array([498,  74]))
Done.
	Creating sequence for 'cult-dao'... Training group 1, split 1
	Y Train Labels:(array([1.], dtype=float32), array([185]))
	Y Val Labels:(array([1.], dtype=float32), array([183]))
Training group 1, split 2
	Y Train Labels:(array([1.], dtype=float32), array([368]))
	Y Val Labels:(array([1.], dtype=float32), array([183]))
Training group 1, split 3
	Early stopping at epoch 13
	Y Train Labels:(array([1.], dtype=float32), array([551]))
	Y Val Labels:(array([0., 1.], dtype=float32), array([ 29, 154]))
Done.
	Creating sequence for 'avail'... Skipped.
	Creating sequence for 'amond'... Training group 2, split 1
	Early stopping at epoch 13
	Y Train Labels:(array([1.], dtype=float32), array([438]))
	Y Val Labels:(array([0., 1.], dtype=float32), array([189, 248]))
Training group 2, split 2
	Early stopping at epoch 21
	Y Train Labels:(array([0., 1.], dtype=float32), array([189, 686]))
	Y Val Labels:(array([0.], dtype=float32), array([437]))
Training group 2, split 3
	Early stopping at epoch 25
	Y Train Labels:(array([0., 1.], dtype=float32), array([626, 686]))
	Y Val Labels:(array([0.], dtype=float32), array([437]))
Done.
	Creating sequence for 'akash-network'... Training group 3, split 1
	Y Train Labels:(array([1.], dtype=float32), array([315]))
	Y Val Labels:(array([1.], dtype=float32), array([314]))
Training group 3, split 2
	Y Train Labels:(array([1.], dtype=float32), array([629]))
	Y Val Labels:(array([1.], dtype=float32), array([314]))
Training group 3, split 3
	Early stopping at epoch 13
	Y Train Labels:(array([1.], dtype=float32), array([943]))
	Y Val Labels:(array([0., 1.], dtype=float32), array([110, 204]))
Done.
	Creating sequence for 'bitcicoin'... Training group 4, split 1
	Y Train Labels:(array([1.], dtype=float32), array([295]))
	Y Val Labels:(array([1.], dtype=float32), array([294]))
Training group 4, split 2
	Early stopping at epoch 13
	Y Train Labels:(array([1.], dtype=float32), array([589]))
	Y Val Labels:(array([0., 1.], dtype=float32), array([190, 104]))
Training group 4, split 3
	Early stopping at epoch 47
	Y Train Labels:(array([0., 1.], dtype=float32), array([190, 693]))
	Y Val Labels:(array([0.], dtype=float32), array([294]))
Done.
	Creating sequence for 'aave-knc'... Skipped.
	Creating sequence for '0x'... Training group 5, split 1
	Y Train Labels:(array([1.], dtype=float32), array([589]))
	Y Val Labels:(array([1.], dtype=float32), array([586]))
Training group 5, split 2
