


--------------------------------------------------
Starting lstm.py at '2024-10-25 17:17:46.567938'.
Reading './balancedDataset.json'... Done.
Total training Data: 1030
DAOs trained so far:404
Size of training set: 317
Size of test set: 309
Preparing data for training...
Preparing data for testing...
Parameters:
	Num epochs: 60
	Initial learning rate: 0.001
	Patience: 12
	Window size: 60
	Timeseries splits: 3
	Minimum number of timeseries datapoints: 64
Gradient boosting params: 
	{"max_depth": 3, "learning_rate": 0.05, "n_estimators": 100, "objective": "binary:logistic", "eval_metric": "logloss"}
	Creating sequence for 'epik-protocol'... Training group 0, split 1
	Early stopping at epoch 13
	Y Train Labels:(array([1.], dtype=float32), array([296]))
	Y Val Labels:(array([0., 1.], dtype=float32), array([292,   3]))
Training group 0, split 2
	Early stopping at epoch 13
	Y Train Labels:(array([0., 1.], dtype=float32), array([292, 299]))
	Y Val Labels:(array([0.], dtype=float32), array([295]))
Training group 0, split 3
	Early stopping at epoch 13
	Y Train Labels:(array([0., 1.], dtype=float32), array([587, 299]))
	Y Val Labels:(array([0.], dtype=float32), array([295]))
Done.
	Creating sequence for 'husd'... Training group 1, split 1
	Early stopping at epoch 13
	Y Train Labels:(array([1.], dtype=float32), array([438]))
	Y Val Labels:(array([1.], dtype=float32), array([436]))
Training group 1, split 2
	Early stopping at epoch 13
	Y Train Labels:(array([1.], dtype=float32), array([874]))
	Y Val Labels:(array([0., 1.], dtype=float32), array([254, 182]))
Training group 1, split 3
	Early stopping at epoch 13
	Y Train Labels:(array([0., 1.], dtype=float32), array([ 254, 1056]))
	Y Val Labels:(array([0.], dtype=float32), array([436]))
Done.
	Creating sequence for 'dexlab'... Training group 2, split 1
	Early stopping at epoch 13
	Y Train Labels:(array([1.], dtype=float32), array([271]))
	Y Val Labels:(array([0., 1.], dtype=float32), array([157, 112]))
Training group 2, split 2
	Early stopping at epoch 13
	Y Train Labels:(array([0., 1.], dtype=float32), array([157, 383]))
	Y Val Labels:(array([0.], dtype=float32), array([269]))
Training group 2, split 3
	Early stopping at epoch 13
	Y Train Labels:(array([0., 1.], dtype=float32), array([426, 383]))
	Y Val Labels:(array([0.], dtype=float32), array([269]))
Done.
	Creating sequence for 'findora'... Training group 3, split 1
	Early stopping at epoch 13
	Y Train Labels:(array([1.], dtype=float32), array([125]))
	Y Val Labels:(array([1.], dtype=float32), array([124]))
Training group 3, split 2
	Early stopping at epoch 13
	Y Train Labels:(array([1.], dtype=float32), array([249]))
	Y Val Labels:(array([1.], dtype=float32), array([124]))
Training group 3, split 3
	Early stopping at epoch 13
	Y Train Labels:(array([1.], dtype=float32), array([373]))
	Y Val Labels:(array([1.], dtype=float32), array([124]))
Done.
	Creating sequence for 'stafi'... Training group 4, split 1
	Early stopping at epoch 13
	Y Train Labels:(array([1.], dtype=float32), array([342]))
	Y Val Labels:(array([1.], dtype=float32), array([339]))
Training group 4, split 2
