


--------------------------------------------------
Starting lstm.py at '2024-10-24 15:39:06.309252'.
Reading './balancedDataset.json'... Done.
Total training Data: 1030
DAOs trained so far:97
Size of training set: 624
Size of test set: 309
Preparing data for training...
Preparing data for testing...
Parameters:
	Num epochs: 60
	Initial learning rate: 0.001
	Patience: 12
	Window size: 60
	Timeseries splits: 3
	Minimum number of timeseries datapoints: 64
Gradient boosting params: 
	{"max_depth": 3, "learning_rate": 0.05, "n_estimators": 100, "objective": "binary:logistic", "eval_metric": "logloss"}
	Creating sequence for 'coin98'... Training group 0, split 1
	Y Train Labels:(array([1.], dtype=float32), array([263]))
	Y Val Labels:(array([1.], dtype=float32), array([262]))
Training group 0, split 2
	Y Train Labels:(array([1.], dtype=float32), array([525]))
	Y Val Labels:(array([1.], dtype=float32), array([262]))
Training group 0, split 3
	Y Train Labels:(array([1.], dtype=float32), array([787]))
	Y Val Labels:(array([1.], dtype=float32), array([262]))
Done.
	Creating sequence for 'hot-cross'... Training group 1, split 1
	Early stopping at epoch 23
	Y Train Labels:(array([0., 1.], dtype=float32), array([ 16, 276]))
	Y Val Labels:(array([0.], dtype=float32), array([289]))
Training group 1, split 2
	Early stopping at epoch 27
	Y Train Labels:(array([0., 1.], dtype=float32), array([305, 276]))
	Y Val Labels:(array([0.], dtype=float32), array([289]))
Training group 1, split 3
	Early stopping at epoch 13
	Y Train Labels:(array([0., 1.], dtype=float32), array([594, 276]))
	Y Val Labels:(array([0.], dtype=float32), array([289]))
Done.
	Creating sequence for 'calcium'... Training group 2, split 1
	Y Train Labels:(array([1.], dtype=float32), array([78]))
	Y Val Labels:(array([1.], dtype=float32), array([77]))
Training group 2, split 2
	Early stopping at epoch 13
	Y Train Labels:(array([1.], dtype=float32), array([155]))
	Y Val Labels:(array([0., 1.], dtype=float32), array([ 7, 70]))
Training group 2, split 3
	Early stopping at epoch 13
	Y Train Labels:(array([0., 1.], dtype=float32), array([  7, 225]))
	Y Val Labels:(array([0.], dtype=float32), array([77]))
Done.
	Creating sequence for 'coinfi'... Training group 3, split 1
	Y Train Labels:(array([1.], dtype=float32), array([580]))
	Y Val Labels:(array([1.], dtype=float32), array([579]))
Training group 3, split 2
	Early stopping at epoch 15
	Y Train Labels:(array([1.], dtype=float32), array([1159]))
	Y Val Labels:(array([0., 1.], dtype=float32), array([435, 144]))
Training group 3, split 3
	Early stopping at epoch 57
	Y Train Labels:(array([0., 1.], dtype=float32), array([ 435, 1303]))
	Y Val Labels:(array([0.], dtype=float32), array([579]))
Done.
	Creating sequence for 'genopets'... Training group 4, split 1
	Y Train Labels:(array([1.], dtype=float32), array([204]))
	Y Val Labels:(array([1.], dtype=float32), array([204]))
Training group 4, split 2
	Y Train Labels:(array([1.], dtype=float32), array([408]))
	Y Val Labels:(array([1.], dtype=float32), array([204]))
Training group 4, split 3
	Y Train Labels:(array([1.], dtype=float32), array([612]))
	Y Val Labels:(array([1.], dtype=float32), array([204]))
Done.
	Creating sequence for 'ellipsis'... Training group 5, split 1
	Early stopping at epoch 13
	Y Train Labels:(array([1.], dtype=float32), array([295]))
	Y Val Labels:(array([0., 1.], dtype=float32), array([113, 182]))
Training group 5, split 2
	Early stopping at epoch 40
	Y Train Labels:(array([0., 1.], dtype=float32), array([113, 477]))
	Y Val Labels:(array([0.], dtype=float32), array([295]))
Training group 5, split 3
	Early stopping at epoch 26
	Y Train Labels:(array([0., 1.], dtype=float32), array([408, 477]))
	Y Val Labels:(array([0.], dtype=float32), array([295]))
Done.
	Creating sequence for 'airswap'... Training group 6, split 1
	Y Train Labels:(array([1.], dtype=float32), array([581]))
	Y Val Labels:(array([1.], dtype=float32), array([578]))
Training group 6, split 2
