


--------------------------------------------------
Starting lstm.py at '2024-10-27 00:13:26.488836'.
Reading '../classifiedDAOs.json'... Done.
Total training Data: 1578
DAOs trained so far:818
Size of training set: 286
Size of test set: 474
Preparing data for training...
Preparing data for testing...
Parameters:
	Num epochs: 60
	Initial learning rate: 0.001
	Patience: 12
	Window size: 60
	Timeseries splits: 3
	Minimum number of timeseries datapoints: 64
Gradient boosting params: 
	{"max_depth": 3, "learning_rate": 0.05, "n_estimators": 100, "objective": "binary:logistic", "eval_metric": "logloss"}
	Creating sequence for 'smartshare'... Training group 0, split 1
	Y Train Labels:(array([1.], dtype=float32), array([536]))
	Y Val Labels:(array([1.], dtype=float32), array([536]))
Training group 0, split 2
	Early stopping at epoch 13
	Y Train Labels:(array([1.], dtype=float32), array([1072]))
	Y Val Labels:(array([0., 1.], dtype=float32), array([308, 228]))
Training group 0, split 3
	Y Train Labels:(array([0., 1.], dtype=float32), array([ 308, 1300]))
	Y Val Labels:(array([0.], dtype=float32), array([536]))
Done.
	Creating sequence for 'ufo-gaming'... Training group 1, split 1
	Early stopping at epoch 13
	Y Train Labels:(array([1.], dtype=float32), array([233]))
	Y Val Labels:(array([0., 1.], dtype=float32), array([231,   1]))
Training group 1, split 2
	Y Train Labels:(array([0., 1.], dtype=float32), array([231, 234]))
	Y Val Labels:(array([0.], dtype=float32), array([232]))
Training group 1, split 3
	Early stopping at epoch 51
	Y Train Labels:(array([0., 1.], dtype=float32), array([463, 234]))
	Y Val Labels:(array([0.], dtype=float32), array([232]))
Done.
	Creating sequence for 'ageofgods'... Training group 2, split 1
	Early stopping at epoch 18
	Y Train Labels:(array([0., 1.], dtype=float32), array([68,  9]))
	Y Val Labels:(array([0.], dtype=float32), array([75]))
Training group 2, split 2
	Early stopping at epoch 22
	Y Train Labels:(array([0., 1.], dtype=float32), array([143,   9]))
	Y Val Labels:(array([0.], dtype=float32), array([75]))
Training group 2, split 3
	Early stopping at epoch 28
	Y Train Labels:(array([0., 1.], dtype=float32), array([218,   9]))
	Y Val Labels:(array([0.], dtype=float32), array([75]))
Done.
	Creating sequence for 'bitcoin-cash'... Training group 3, split 1
	Y Train Labels:(array([1.], dtype=float32), array([640]))
	Y Val Labels:(array([1.], dtype=float32), array([640]))
Training group 3, split 2
	Early stopping at epoch 13
	Y Train Labels:(array([1.], dtype=float32), array([1280]))
	Y Val Labels:(array([0., 1.], dtype=float32), array([361, 279]))
Training group 3, split 3
