


--------------------------------------------------
Starting lstm.py at '2024-10-26 23:59:55.338653'.
Reading '../classifiedDAOs.json'... Done.
Total training Data: 1578
DAOs trained so far:769
Size of training set: 335
Size of test set: 474
Preparing data for training...
Preparing data for testing...
Parameters:
	Num epochs: 60
	Initial learning rate: 0.001
	Patience: 12
	Window size: 60
	Timeseries splits: 3
	Minimum number of timeseries datapoints: 64
Gradient boosting params: 
	{"max_depth": 3, "learning_rate": 0.05, "n_estimators": 100, "objective": "binary:logistic", "eval_metric": "logloss"}
	Creating sequence for 'sylo'... Training group 0, split 1
	Early stopping at epoch 13
	Y Train Labels:(array([1.], dtype=float32), array([378]))
	Y Val Labels:(array([1.], dtype=float32), array([378]))
Training group 0, split 2
	Early stopping at epoch 13
	Y Train Labels:(array([1.], dtype=float32), array([756]))
	Y Val Labels:(array([1.], dtype=float32), array([378]))
Training group 0, split 3
	Early stopping at epoch 13
	Y Train Labels:(array([1.], dtype=float32), array([1134]))
	Y Val Labels:(array([0., 1.], dtype=float32), array([ 86, 292]))
Done.
	Creating sequence for 'litlab-games'... Training group 1, split 1
	Early stopping at epoch 13
	Y Train Labels:(array([1.], dtype=float32), array([112]))
	Y Val Labels:(array([1.], dtype=float32), array([109]))
Training group 1, split 2
	Early stopping at epoch 13
	Y Train Labels:(array([1.], dtype=float32), array([221]))
	Y Val Labels:(array([0., 1.], dtype=float32), array([  2, 107]))
Training group 1, split 3
	Early stopping at epoch 13
	Y Train Labels:(array([0., 1.], dtype=float32), array([  2, 328]))
	Y Val Labels:(array([0.], dtype=float32), array([109]))
Done.
	Creating sequence for 'alchemix'... Training group 2, split 1
	Early stopping at epoch 13
	Y Train Labels:(array([1.], dtype=float32), array([300]))
	Y Val Labels:(array([1.], dtype=float32), array([300]))
Training group 2, split 2
	Early stopping at epoch 13
	Y Train Labels:(array([1.], dtype=float32), array([600]))
	Y Val Labels:(array([1.], dtype=float32), array([300]))
Training group 2, split 3
	Early stopping at epoch 13
	Y Train Labels:(array([1.], dtype=float32), array([900]))
	Y Val Labels:(array([1.], dtype=float32), array([300]))
Done.
	Creating sequence for 'okb'... Training group 3, split 1
	Early stopping at epoch 13
	Y Train Labels:(array([1.], dtype=float32), array([231]))
	Y Val Labels:(array([1.], dtype=float32), array([231]))
Training group 3, split 2
	Early stopping at epoch 13
	Y Train Labels:(array([1.], dtype=float32), array([462]))
	Y Val Labels:(array([1.], dtype=float32), array([231]))
Training group 3, split 3
	Early stopping at epoch 13
	Y Train Labels:(array([1.], dtype=float32), array([693]))
	Y Val Labels:(array([1.], dtype=float32), array([231]))
Done.
	Creating sequence for 'astroswap'... Training group 4, split 1
	Early stopping at epoch 13
	Y Train Labels:(array([0., 1.], dtype=float32), array([184,  72]))
	Y Val Labels:(array([0.], dtype=float32), array([256]))
Training group 4, split 2
	Early stopping at epoch 13
	Y Train Labels:(array([0., 1.], dtype=float32), array([440,  72]))
	Y Val Labels:(array([0.], dtype=float32), array([256]))
Training group 4, split 3
