


--------------------------------------------------
Starting lstm.py at '2024-10-23 19:12:32.003690'.
Reading '../classifiedDAOs.json'... Done.
Total training Data: 1578
DAOs trained so far:388
Size of training set: 716
Size of test set: 474
Preparing data for training...
Preparing data for testing...
Parameters:
	Num epochs: 60
	Initial learning rate: 0.001
	Patience: 12
	Window size: 60
	Timeseries splits: 3
	Minimum number of timeseries datapoints: 64
Gradient boosting params: 
	{"max_depth": 3, "learning_rate": 0.05, "n_estimators": 100, "objective": "binary:logistic", "eval_metric": "logloss"}
	Creating sequence for 'nxt'... Training group 0, split 1
	Y Train Labels:(array([1.], dtype=float32), array([596]))
	Y Val Labels:(array([1.], dtype=float32), array([594]))
Training group 0, split 2
	Early stopping at epoch 13
	Y Train Labels:(array([1.], dtype=float32), array([1190]))
	Y Val Labels:(array([0., 1.], dtype=float32), array([232, 362]))
Training group 0, split 3
	Early stopping at epoch 31
	Y Train Labels:(array([0., 1.], dtype=float32), array([ 232, 1552]))
	Y Val Labels:(array([0.], dtype=float32), array([594]))
Done.
	Creating sequence for 'neopin'... Training group 1, split 1
	Y Train Labels:(array([1.], dtype=float32), array([127]))
	Y Val Labels:(array([1.], dtype=float32), array([127]))
Training group 1, split 2
	Y Train Labels:(array([1.], dtype=float32), array([254]))
	Y Val Labels:(array([1.], dtype=float32), array([127]))
Training group 1, split 3
	Y Train Labels:(array([1.], dtype=float32), array([381]))
	Y Val Labels:(array([1.], dtype=float32), array([127]))
Done.
	Creating sequence for 'orbler'... Training group 2, split 1
	Early stopping at epoch 46
	Y Train Labels:(array([0., 1.], dtype=float32), array([ 13, 208]))
	Y Val Labels:(array([0.], dtype=float32), array([219]))
Training group 2, split 2
	Early stopping at epoch 27
	Y Train Labels:(array([0., 1.], dtype=float32), array([232, 208]))
	Y Val Labels:(array([0.], dtype=float32), array([219]))
Training group 2, split 3
	Y Train Labels:(array([0., 1.], dtype=float32), array([451, 208]))
	Y Val Labels:(array([0.], dtype=float32), array([219]))
Done.
	Creating sequence for 'libra-credit'... Training group 3, split 1
	Y Train Labels:(array([1.], dtype=float32), array([49]))
	Y Val Labels:(array([1.], dtype=float32), array([49]))
Training group 3, split 2
	Y Train Labels:(array([1.], dtype=float32), array([98]))
	Y Val Labels:(array([1.], dtype=float32), array([49]))
Training group 3, split 3
	Y Train Labels:(array([1.], dtype=float32), array([147]))
	Y Val Labels:(array([1.], dtype=float32), array([49]))
Done.
	Creating sequence for 'apy-finance'... Training group 4, split 1
	Early stopping at epoch 13
	Y Train Labels:(array([1.], dtype=float32), array([301]))
	Y Val Labels:(array([0., 1.], dtype=float32), array([150, 151]))
Training group 4, split 2
	Early stopping at epoch 26
	Y Train Labels:(array([0., 1.], dtype=float32), array([150, 452]))
	Y Val Labels:(array([0.], dtype=float32), array([301]))
Training group 4, split 3
	Early stopping at epoch 57
	Y Train Labels:(array([0., 1.], dtype=float32), array([451, 452]))
	Y Val Labels:(array([0.], dtype=float32), array([301]))
Done.
	Creating sequence for 'city-tycoon-games'... Training group 5, split 1
	Y Train Labels:(array([1.], dtype=float32), array([159]))
	Y Val Labels:(array([1.], dtype=float32), array([157]))
Training group 5, split 2
	Y Train Labels:(array([1.], dtype=float32), array([316]))
	Y Val Labels:(array([1.], dtype=float32), array([157]))
Training group 5, split 3
	Y Train Labels:(array([1.], dtype=float32), array([473]))
	Y Val Labels:(array([1.], dtype=float32), array([157]))
Done.
	Creating sequence for 'populous'... Training group 6, split 1
	Early stopping at epoch 13
	Y Train Labels:(array([1.], dtype=float32), array([590]))
	Y Val Labels:(array([0., 1.], dtype=float32), array([548,  40]))
Training group 6, split 2
