


--------------------------------------------------
Starting lstm.py at '2024-10-25 17:11:41.751915'.
Reading './balancedDataset.json'... Done.
Total training Data: 1030
DAOs trained so far:359
Size of training set: 362
Size of test set: 309
Preparing data for training...
Preparing data for testing...
Parameters:
	Num epochs: 60
	Initial learning rate: 0.001
	Patience: 12
	Window size: 60
	Timeseries splits: 3
	Minimum number of timeseries datapoints: 64
Gradient boosting params: 
	{"max_depth": 3, "learning_rate": 0.05, "n_estimators": 100, "objective": "binary:logistic", "eval_metric": "logloss"}
	Creating sequence for 'icon'... Training group 0, split 1
	Early stopping at epoch 13
	Y Train Labels:(array([1.], dtype=float32), array([573]))
	Y Val Labels:(array([1.], dtype=float32), array([572]))
Training group 0, split 2
	Early stopping at epoch 13
	Y Train Labels:(array([1.], dtype=float32), array([1145]))
	Y Val Labels:(array([1.], dtype=float32), array([572]))
Training group 0, split 3
	Early stopping at epoch 13
	Y Train Labels:(array([1.], dtype=float32), array([1717]))
	Y Val Labels:(array([1.], dtype=float32), array([572]))
Done.
	Creating sequence for 'bittorrent'... Training group 1, split 1
	Early stopping at epoch 13
	Y Train Labels:(array([1.], dtype=float32), array([488]))
	Y Val Labels:(array([1.], dtype=float32), array([485]))
Training group 1, split 2
	Early stopping at epoch 13
	Y Train Labels:(array([1.], dtype=float32), array([973]))
	Y Val Labels:(array([1.], dtype=float32), array([485]))
Training group 1, split 3
	Early stopping at epoch 13
	Y Train Labels:(array([1.], dtype=float32), array([1458]))
	Y Val Labels:(array([1.], dtype=float32), array([485]))
Done.
	Creating sequence for 'liquid-astr'... Training group 2, split 1
	Early stopping at epoch 13
	Y Train Labels:(array([1.], dtype=float32), array([82]))
	Y Val Labels:(array([1.], dtype=float32), array([79]))
Training group 2, split 2
	Early stopping at epoch 13
	Y Train Labels:(array([1.], dtype=float32), array([161]))
	Y Val Labels:(array([1.], dtype=float32), array([79]))
Training group 2, split 3
	Early stopping at epoch 13
	Y Train Labels:(array([1.], dtype=float32), array([240]))
	Y Val Labels:(array([1.], dtype=float32), array([79]))
Done.
	Creating sequence for 'paal-ai'... Training group 3, split 1
	Early stopping at epoch 13
	Y Train Labels:(array([1.], dtype=float32), array([102]))
	Y Val Labels:(array([1.], dtype=float32), array([99]))
Training group 3, split 2
	Early stopping at epoch 13
	Y Train Labels:(array([1.], dtype=float32), array([201]))
	Y Val Labels:(array([1.], dtype=float32), array([99]))
Training group 3, split 3
	Early stopping at epoch 13
	Y Train Labels:(array([1.], dtype=float32), array([300]))
	Y Val Labels:(array([1.], dtype=float32), array([99]))
Done.
	Creating sequence for 'evedo'... Training group 4, split 1
	Early stopping at epoch 13
	Y Train Labels:(array([1.], dtype=float32), array([411]))
	Y Val Labels:(array([1.], dtype=float32), array([410]))
Training group 4, split 2
