


--------------------------------------------------
Starting lstm.py at '2024-10-23 18:59:16.364181'.
Reading '../classifiedDAOs.json'... Done.
Total training Data: 1578
DAOs trained so far:317
Size of training set: 787
Size of test set: 474
Preparing data for training...
Preparing data for testing...
Parameters:
	Num epochs: 60
	Initial learning rate: 0.001
	Patience: 12
	Window size: 60
	Timeseries splits: 3
	Minimum number of timeseries datapoints: 64
Gradient boosting params: 
	{"max_depth": 3, "learning_rate": 0.05, "n_estimators": 100, "objective": "binary:logistic", "eval_metric": "logloss"}
	Creating sequence for 'hedera-hashgraph'... Training group 0, split 1
	Y Train Labels:(array([1.], dtype=float32), array([246]))
	Y Val Labels:(array([1.], dtype=float32), array([245]))
Training group 0, split 2
	Y Train Labels:(array([1.], dtype=float32), array([491]))
	Y Val Labels:(array([1.], dtype=float32), array([245]))
Training group 0, split 3
	Y Train Labels:(array([1.], dtype=float32), array([736]))
	Y Val Labels:(array([1.], dtype=float32), array([245]))
Done.
	Creating sequence for 'zeepin'... Training group 1, split 1
	Early stopping at epoch 13
	Y Train Labels:(array([1.], dtype=float32), array([572]))
	Y Val Labels:(array([0., 1.], dtype=float32), array([558,  14]))
Training group 1, split 2
	Early stopping at epoch 32
	Y Train Labels:(array([0., 1.], dtype=float32), array([558, 586]))
	Y Val Labels:(array([0.], dtype=float32), array([572]))
Training group 1, split 3
	Early stopping at epoch 42
	Y Train Labels:(array([0., 1.], dtype=float32), array([1130,  586]))
	Y Val Labels:(array([0.], dtype=float32), array([572]))
Done.
	Creating sequence for 'marblex'... Training group 2, split 1
	Y Train Labels:(array([0.], dtype=float32), array([153]))
	Y Val Labels:(array([0.], dtype=float32), array([150]))
Training group 2, split 2
	Y Train Labels:(array([0.], dtype=float32), array([303]))
	Y Val Labels:(array([0.], dtype=float32), array([150]))
Training group 2, split 3
	Y Train Labels:(array([0.], dtype=float32), array([453]))
	Y Val Labels:(array([0.], dtype=float32), array([150]))
Done.
	Creating sequence for 'substratum'... Training group 3, split 1
	Early stopping at epoch 21
	Y Train Labels:(array([1.], dtype=float32), array([579]))
	Y Val Labels:(array([0., 1.], dtype=float32), array([517,  60]))
Training group 3, split 2
	Early stopping at epoch 36
	Y Train Labels:(array([0., 1.], dtype=float32), array([517, 639]))
	Y Val Labels:(array([0.], dtype=float32), array([577]))
Training group 3, split 3
	Early stopping at epoch 21
	Y Train Labels:(array([0., 1.], dtype=float32), array([1094,  639]))
	Y Val Labels:(array([0.], dtype=float32), array([577]))
Done.
	Creating sequence for 'xerc20-pro'... Training group 4, split 1
	Early stopping at epoch 13
	Y Train Labels:(array([0., 1.], dtype=float32), array([32, 60]))
	Y Val Labels:(array([0.], dtype=float32), array([91]))
Training group 4, split 2
	Early stopping at epoch 28
	Y Train Labels:(array([0., 1.], dtype=float32), array([123,  60]))
	Y Val Labels:(array([0.], dtype=float32), array([91]))
Training group 4, split 3
	Early stopping at epoch 13
	Y Train Labels:(array([0., 1.], dtype=float32), array([214,  60]))
	Y Val Labels:(array([0.], dtype=float32), array([91]))
Done.
	Creating sequence for 'echelon-prime'... 00
Done.
	Creating sequence for 'kin'... Training group 6, split 1
	Y Train Labels:(array([1.], dtype=float32), array([484]))
	Y Val Labels:(array([1.], dtype=float32), array([483]))
Training group 6, split 2
	Early stopping at epoch 17
	Y Train Labels:(array([1.], dtype=float32), array([967]))
	Y Val Labels:(array([1.], dtype=float32), array([483]))
Training group 6, split 3
	Early stopping at epoch 28
	Y Train Labels:(array([1.], dtype=float32), array([1450]))
	Y Val Labels:(array([0., 1.], dtype=float32), array([235, 248]))
Done.
	Creating sequence for 'metacade'... Training group 7, split 1
	Y Train Labels:(array([1.], dtype=float32), array([120]))
	Y Val Labels:(array([1.], dtype=float32), array([119]))
Training group 7, split 2
	Y Train Labels:(array([1.], dtype=float32), array([239]))
	Y Val Labels:(array([1.], dtype=float32), array([119]))
Training group 7, split 3
	Y Train Labels:(array([1.], dtype=float32), array([358]))
	Y Val Labels:(array([1.], dtype=float32), array([119]))
Done.
	Creating sequence for 'unvest'... Training group 8, split 1
	Early stopping at epoch 46
	Y Train Labels:(array([0., 1.], dtype=float32), array([27, 25]))
	Y Val Labels:(array([0.], dtype=float32), array([50]))
Training group 8, split 2
	Early stopping at epoch 31
	Y Train Labels:(array([0., 1.], dtype=float32), array([77, 25]))
	Y Val Labels:(array([0.], dtype=float32), array([50]))
Training group 8, split 3
	Early stopping at epoch 37
	Y Train Labels:(array([0., 1.], dtype=float32), array([127,  25]))
	Y Val Labels:(array([0.], dtype=float32), array([50]))
Done.
	Creating sequence for 'bbs-network'... Training group 9, split 1
	Y Train Labels:(array([1.], dtype=float32), array([223]))
	Y Val Labels:(array([1.], dtype=float32), array([222]))
Training group 9, split 2
	Early stopping at epoch 13
	Y Train Labels:(array([1.], dtype=float32), array([445]))
	Y Val Labels:(array([0., 1.], dtype=float32), array([173,  49]))
Training group 9, split 3
	Early stopping at epoch 51
	Y Train Labels:(array([0., 1.], dtype=float32), array([173, 494]))
	Y Val Labels:(array([0.], dtype=float32), array([222]))
Done.
	Creating sequence for 'wanchain'... Training group 10, split 1
	Y Train Labels:(array([1.], dtype=float32), array([567]))
	Y Val Labels:(array([1.], dtype=float32), array([566]))
Training group 10, split 2
