


--------------------------------------------------
Starting lstm.py at '2024-10-12 01:15:22.091811'.
Reading './isDaoActiveData(4).json'... Done.
Total training Data: 379
Size of training set: 112
Size of test set: 114
Preparing data for training...
Preparing data for testing...
Trained so far:153
Parameters:
	Num epochs: 60
	Initial learning rate: 0.001
	Patience: 12
	Window size: 60
	Timeseries splits: 3
	Minimum number of timeseries datapoints: 64
Gradient boosting params: 
	{"max_depth": 3, "learning_rate": 0.05, "n_estimators": 100, "objective": "binary:logistic", "eval_metric": "logloss"}
	Creating sequence for 'augur'... Training group 0, split 1
	Y Train Labels:(array([1.], dtype=float32), array([587]))
	Y Val Labels:(array([1.], dtype=float32), array([586]))
Training group 0, split 2
	Y Train Labels:(array([1.], dtype=float32), array([1173]))
	Y Val Labels:(array([1.], dtype=float32), array([586]))
Training group 0, split 3
	Early stopping at epoch 13
	Y Train Labels:(array([1.], dtype=float32), array([1759]))
	Y Val Labels:(array([0., 1.], dtype=float32), array([222, 364]))
Done.
	Creating sequence for 'adshares'... Training group 1, split 1
	Y Train Labels:(array([1.], dtype=float32), array([569]))
	Y Val Labels:(array([1.], dtype=float32), array([568]))
Training group 1, split 2
	Y Train Labels:(array([1.], dtype=float32), array([1137]))
	Y Val Labels:(array([1.], dtype=float32), array([568]))
Training group 1, split 3
	Early stopping at epoch 13
	Y Train Labels:(array([1.], dtype=float32), array([1705]))
	Y Val Labels:(array([0., 1.], dtype=float32), array([171, 397]))
Done.
	Creating sequence for 'ceres'... Training group 2, split 1
	Y Train Labels:(array([1.], dtype=float32), array([263]))
	Y Val Labels:(array([1.], dtype=float32), array([261]))
Training group 2, split 2
	Early stopping at epoch 13
	Y Train Labels:(array([1.], dtype=float32), array([524]))
	Y Val Labels:(array([0., 1.], dtype=float32), array([236,  25]))
Training group 2, split 3
	Early stopping at epoch 52
	Y Train Labels:(array([0., 1.], dtype=float32), array([236, 549]))
	Y Val Labels:(array([0.], dtype=float32), array([261]))
Done.
	Creating sequence for 'constitutiondao'... Training group 3, split 1
	Y Train Labels:(array([1.], dtype=float32), array([235]))
	Y Val Labels:(array([1.], dtype=float32), array([232]))
Training group 3, split 2
	Y Train Labels:(array([1.], dtype=float32), array([467]))
	Y Val Labels:(array([1.], dtype=float32), array([232]))
Training group 3, split 3
	Y Train Labels:(array([1.], dtype=float32), array([699]))
	Y Val Labels:(array([1.], dtype=float32), array([232]))
Done.
	Creating sequence for 'aragon'... Training group 4, split 1
	Y Train Labels:(array([1.], dtype=float32), array([586]))
	Y Val Labels:(array([1.], dtype=float32), array([586]))
Training group 4, split 2
	Y Train Labels:(array([1.], dtype=float32), array([1172]))
	Y Val Labels:(array([1.], dtype=float32), array([586]))
Training group 4, split 3
	Y Train Labels:(array([1.], dtype=float32), array([1758]))
	Y Val Labels:(array([1.], dtype=float32), array([586]))
Done.
	Creating sequence for 'areon-network'... Training group 5, split 1
	Y Train Labels:(array([1.], dtype=float32), array([141]))
	Y Val Labels:(array([1.], dtype=float32), array([138]))
Training group 5, split 2
	Y Train Labels:(array([1.], dtype=float32), array([279]))
	Y Val Labels:(array([1.], dtype=float32), array([138]))
Training group 5, split 3
	Early stopping at epoch 13
	Y Train Labels:(array([1.], dtype=float32), array([417]))
	Y Val Labels:(array([0., 1.], dtype=float32), array([110,  28]))
Done.
	Creating sequence for 'ai-analysis-token'... Training group 6, split 1
	Y Train Labels:(array([1.], dtype=float32), array([50]))
	Y Val Labels:(array([1.], dtype=float32), array([47]))
Training group 6, split 2
	Early stopping at epoch 13
	Y Train Labels:(array([1.], dtype=float32), array([97]))
	Y Val Labels:(array([0., 1.], dtype=float32), array([ 9, 38]))
Training group 6, split 3
	Y Train Labels:(array([0., 1.], dtype=float32), array([  9, 135]))
	Y Val Labels:(array([0.], dtype=float32), array([47]))
Done.
	Creating sequence for 'armor'... Training group 7, split 1
	Early stopping at epoch 22
	Y Train Labels:(array([1.], dtype=float32), array([293]))
	Y Val Labels:(array([0., 1.], dtype=float32), array([260,  32]))
Training group 7, split 2
	Early stopping at epoch 36
	Y Train Labels:(array([0., 1.], dtype=float32), array([260, 325]))
	Y Val Labels:(array([0.], dtype=float32), array([292]))
Training group 7, split 3
	Y Train Labels:(array([0., 1.], dtype=float32), array([552, 325]))
	Y Val Labels:(array([0.], dtype=float32), array([292]))
Done.
	Creating sequence for 'bitshares'... Training group 8, split 1
	Y Train Labels:(array([1.], dtype=float32), array([916]))
	Y Val Labels:(array([1.], dtype=float32), array([914]))
Training group 8, split 2
	Y Train Labels:(array([1.], dtype=float32), array([1830]))
	Y Val Labels:(array([1.], dtype=float32), array([914]))
Training group 8, split 3
	Y Train Labels:(array([1.], dtype=float32), array([2744]))
	Y Val Labels:(array([1.], dtype=float32), array([914]))
Done.
	Creating sequence for 'cryptozoon'... Training group 9, split 1
	Early stopping at epoch 44
	Y Train Labels:(array([0., 1.], dtype=float32), array([ 84, 188]))
	Y Val Labels:(array([0.], dtype=float32), array([270]))
Training group 9, split 2
	Early stopping at epoch 31
	Y Train Labels:(array([0., 1.], dtype=float32), array([354, 188]))
	Y Val Labels:(array([0.], dtype=float32), array([270]))
Training group 9, split 3
	Early stopping at epoch 45
	Y Train Labels:(array([0., 1.], dtype=float32), array([624, 188]))
	Y Val Labels:(array([0.], dtype=float32), array([270]))
Done.
	Creating sequence for 'bitdao'... Training group 10, split 1
	Y Train Labels:(array([1.], dtype=float32), array([258]))
	Y Val Labels:(array([1.], dtype=float32), array([255]))
Training group 10, split 2
	Y Train Labels:(array([1.], dtype=float32), array([513]))
	Y Val Labels:(array([1.], dtype=float32), array([255]))
Training group 10, split 3
	Y Train Labels:(array([1.], dtype=float32), array([768]))
	Y Val Labels:(array([1.], dtype=float32), array([255]))
Done.
	Creating sequence for 'convergence'... Training group 11, split 1
	Early stopping at epoch 13
	Y Train Labels:(array([1.], dtype=float32), array([296]))
	Y Val Labels:(array([0., 1.], dtype=float32), array([222,  73]))
Training group 11, split 2
	Y Train Labels:(array([0., 1.], dtype=float32), array([222, 369]))
	Y Val Labels:(array([0.], dtype=float32), array([295]))
Training group 11, split 3
	Early stopping at epoch 13
	Y Train Labels:(array([0., 1.], dtype=float32), array([517, 369]))
	Y Val Labels:(array([0.], dtype=float32), array([295]))
Done.
	Creating sequence for 'contentos'... Training group 12, split 1
	Y Train Labels:(array([1.], dtype=float32), array([455]))
	Y Val Labels:(array([1.], dtype=float32), array([454]))
Training group 12, split 2
	Y Train Labels:(array([1.], dtype=float32), array([909]))
	Y Val Labels:(array([1.], dtype=float32), array([454]))
Training group 12, split 3
	Early stopping at epoch 13
	Y Train Labels:(array([1.], dtype=float32), array([1363]))
	Y Val Labels:(array([0., 1.], dtype=float32), array([238, 216]))
Done.
	Creating sequence for 'alitas'... Training group 13, split 1
	Early stopping at epoch 42
	Y Train Labels:(array([0., 1.], dtype=float32), array([ 90, 148]))
	Y Val Labels:(array([0.], dtype=float32), array([238]))
Training group 13, split 2
	Y Train Labels:(array([0., 1.], dtype=float32), array([328, 148]))
	Y Val Labels:(array([0.], dtype=float32), array([238]))
Training group 13, split 3
	Early stopping at epoch 19
	Y Train Labels:(array([0., 1.], dtype=float32), array([566, 148]))
	Y Val Labels:(array([0.], dtype=float32), array([238]))
Done.
	Creating sequence for 'akita-inu'... Training group 14, split 1
	Early stopping at epoch 13
	Y Train Labels:(array([0., 1.], dtype=float32), array([108, 211]))
	Y Val Labels:(array([0.], dtype=float32), array([317]))
Training group 14, split 2
	Early stopping at epoch 13
	Y Train Labels:(array([0., 1.], dtype=float32), array([425, 211]))
	Y Val Labels:(array([0.], dtype=float32), array([317]))
Training group 14, split 3
	Early stopping at epoch 53
	Y Train Labels:(array([0., 1.], dtype=float32), array([742, 211]))
	Y Val Labels:(array([0.], dtype=float32), array([317]))
Done.
	Creating sequence for 'aeternity'... Training group 15, split 1
	Y Train Labels:(array([1.], dtype=float32), array([556]))
	Y Val Labels:(array([1.], dtype=float32), array([553]))
Training group 15, split 2
	Y Train Labels:(array([1.], dtype=float32), array([1109]))
	Y Val Labels:(array([1.], dtype=float32), array([553]))
Training group 15, split 3
	Y Train Labels:(array([1.], dtype=float32), array([1662]))
	Y Val Labels:(array([1.], dtype=float32), array([553]))
Done.
	Creating sequence for 'brainlet'... Skipped.
	Creating sequence for 'bread'... Training group 16, split 1
	Y Train Labels:(array([1.], dtype=float32), array([540]))
	Y Val Labels:(array([1.], dtype=float32), array([538]))
Training group 16, split 2
	Early stopping at epoch 13
	Y Train Labels:(array([1.], dtype=float32), array([1078]))
	Y Val Labels:(array([0., 1.], dtype=float32), array([148, 390]))
Training group 16, split 3
	Y Train Labels:(array([0., 1.], dtype=float32), array([ 148, 1468]))
	Y Val Labels:(array([0.], dtype=float32), array([538]))
Done.
	Creating sequence for 'contentbox'... Training group 17, split 1
	Y Train Labels:(array([0., 1.], dtype=float32), array([207, 331]))
	Y Val Labels:(array([0.], dtype=float32), array([537]))
Training group 17, split 2
	Y Train Labels:(array([0., 1.], dtype=float32), array([744, 331]))
	Y Val Labels:(array([0.], dtype=float32), array([537]))
Training group 17, split 3
	Early stopping at epoch 13
	Y Train Labels:(array([0., 1.], dtype=float32), array([1281,  331]))
	Y Val Labels:(array([0.], dtype=float32), array([537]))
Done.
	Creating sequence for 'bad-idea-ai'... 