


--------------------------------------------------
Starting lstm.py at '2024-10-25 17:54:01.736725'.
Reading './balancedDataset.json'... Done.
Total training Data: 1030
DAOs trained so far:642
Size of training set: 79
Size of test set: 309
Preparing data for training...
Preparing data for testing...
Parameters:
	Num epochs: 60
	Initial learning rate: 0.001
	Patience: 12
	Window size: 60
	Timeseries splits: 3
	Minimum number of timeseries datapoints: 64
Gradient boosting params: 
	{"max_depth": 3, "learning_rate": 0.05, "n_estimators": 100, "objective": "binary:logistic", "eval_metric": "logloss"}
	Creating sequence for 'power-ledger'... Training group 0, split 1
	Early stopping at epoch 13
	Y Train Labels:(array([1.], dtype=float32), array([562]))
	Y Val Labels:(array([1.], dtype=float32), array([562]))
Training group 0, split 2
	Early stopping at epoch 13
	Y Train Labels:(array([1.], dtype=float32), array([1124]))
	Y Val Labels:(array([1.], dtype=float32), array([562]))
Training group 0, split 3
	Early stopping at epoch 13
	Y Train Labels:(array([1.], dtype=float32), array([1686]))
	Y Val Labels:(array([1.], dtype=float32), array([562]))
Done.
	Creating sequence for 'kendu-inu'... Training group 1, split 1
	Early stopping at epoch 13
	Y Train Labels:(array([0.], dtype=float32), array([20]))
	Y Val Labels:(array([0.], dtype=float32), array([20]))
Training group 1, split 2
	Early stopping at epoch 13
	Y Train Labels:(array([0.], dtype=float32), array([40]))
	Y Val Labels:(array([0.], dtype=float32), array([20]))
Training group 1, split 3
	Early stopping at epoch 13
	Y Train Labels:(array([0.], dtype=float32), array([60]))
	Y Val Labels:(array([0.], dtype=float32), array([20]))
Done.
	Creating sequence for 'aeon'... Training group 2, split 1
	Early stopping at epoch 13
	Y Train Labels:(array([1.], dtype=float32), array([480]))
	Y Val Labels:(array([1.], dtype=float32), array([478]))
Training group 2, split 2
	Early stopping at epoch 13
	Y Train Labels:(array([1.], dtype=float32), array([958]))
	Y Val Labels:(array([0., 1.], dtype=float32), array([404,  74]))
Training group 2, split 3
	Early stopping at epoch 13
	Y Train Labels:(array([0., 1.], dtype=float32), array([ 404, 1032]))
	Y Val Labels:(array([0.], dtype=float32), array([478]))
Done.
	Creating sequence for 'dejitaru-tsuka'... Training group 3, split 1
	Early stopping at epoch 13
	Y Train Labels:(array([1.], dtype=float32), array([125]))
	Y Val Labels:(array([1.], dtype=float32), array([123]))
Training group 3, split 2
	Early stopping at epoch 13
	Y Train Labels:(array([1.], dtype=float32), array([248]))
	Y Val Labels:(array([1.], dtype=float32), array([123]))
Training group 3, split 3
	Early stopping at epoch 13
	Y Train Labels:(array([1.], dtype=float32), array([371]))
	Y Val Labels:(array([1.], dtype=float32), array([123]))
Done.
	Creating sequence for 'cellframe'... Training group 4, split 1
	Early stopping at epoch 13
	Y Train Labels:(array([1.], dtype=float32), array([294]))
	Y Val Labels:(array([1.], dtype=float32), array([293]))
Training group 4, split 2
	Early stopping at epoch 13
	Y Train Labels:(array([1.], dtype=float32), array([587]))
	Y Val Labels:(array([1.], dtype=float32), array([293]))
Training group 4, split 3
