


--------------------------------------------------
Starting lstm.py at '2024-10-26 23:14:03.827362'.
Reading '../classifiedDAOs.json'... Done.
Total training Data: 1578
DAOs trained so far:446
Size of training set: 658
Size of test set: 474
Preparing data for training...
Preparing data for testing...
Parameters:
	Num epochs: 60
	Initial learning rate: 0.001
	Patience: 12
	Window size: 60
	Timeseries splits: 3
	Minimum number of timeseries datapoints: 64
Gradient boosting params: 
	{"max_depth": 3, "learning_rate": 0.05, "n_estimators": 100, "objective": "binary:logistic", "eval_metric": "logloss"}
	Creating sequence for 'internxt'... Training group 0, split 1
	Early stopping at epoch 13
	Y Train Labels:(array([1.], dtype=float32), array([492]))
	Y Val Labels:(array([1.], dtype=float32), array([489]))
Training group 0, split 2
	Early stopping at epoch 13
	Y Train Labels:(array([1.], dtype=float32), array([981]))
	Y Val Labels:(array([1.], dtype=float32), array([489]))
Training group 0, split 3
	Early stopping at epoch 13
	Y Train Labels:(array([1.], dtype=float32), array([1470]))
	Y Val Labels:(array([1.], dtype=float32), array([489]))
Done.
	Creating sequence for 'k21'... Training group 1, split 1
	Early stopping at epoch 13
	Y Train Labels:(array([1.], dtype=float32), array([293]))
	Y Val Labels:(array([0., 1.], dtype=float32), array([176, 115]))
Training group 1, split 2
	Early stopping at epoch 13
	Y Train Labels:(array([0., 1.], dtype=float32), array([176, 408]))
	Y Val Labels:(array([0.], dtype=float32), array([291]))
Training group 1, split 3
	Early stopping at epoch 13
	Y Train Labels:(array([0., 1.], dtype=float32), array([467, 408]))
	Y Val Labels:(array([0.], dtype=float32), array([291]))
Done.
	Creating sequence for 'moby'... Training group 2, split 1
	Early stopping at epoch 13
	Y Train Labels:(array([0., 1.], dtype=float32), array([21, 21]))
	Y Val Labels:(array([0.], dtype=float32), array([41]))
Training group 2, split 2
	Early stopping at epoch 13
	Y Train Labels:(array([0., 1.], dtype=float32), array([62, 21]))
	Y Val Labels:(array([0.], dtype=float32), array([41]))
Training group 2, split 3
	Early stopping at epoch 13
	Y Train Labels:(array([0., 1.], dtype=float32), array([103,  21]))
	Y Val Labels:(array([0.], dtype=float32), array([41]))
Done.
	Creating sequence for 'statera'... Training group 3, split 1
	Early stopping at epoch 13
	Y Train Labels:(array([1.], dtype=float32), array([167]))
	Y Val Labels:(array([1.], dtype=float32), array([164]))
Training group 3, split 2
	Early stopping at epoch 13
	Y Train Labels:(array([1.], dtype=float32), array([331]))
	Y Val Labels:(array([0., 1.], dtype=float32), array([139,  25]))
Training group 3, split 3
	Early stopping at epoch 13
	Y Train Labels:(array([0., 1.], dtype=float32), array([139, 356]))
	Y Val Labels:(array([0.], dtype=float32), array([164]))
Done.
	Creating sequence for 'dawn-protocol'... Training group 4, split 1
	Early stopping at epoch 13
	Y Train Labels:(array([1.], dtype=float32), array([270]))
	Y Val Labels:(array([1.], dtype=float32), array([270]))
Training group 4, split 2
	Early stopping at epoch 13
	Y Train Labels:(array([1.], dtype=float32), array([540]))
	Y Val Labels:(array([0., 1.], dtype=float32), array([ 85, 185]))
Training group 4, split 3
	Early stopping at epoch 13
	Y Train Labels:(array([0., 1.], dtype=float32), array([ 85, 725]))
	Y Val Labels:(array([0.], dtype=float32), array([270]))
Done.
	Creating sequence for 'silent-notary'... Training group 5, split 1
