


--------------------------------------------------
Starting lstm.py at '2024-10-26 23:30:25.490570'.
Reading '../classifiedDAOs.json'... Done.
Total training Data: 1578
DAOs trained so far:558
Size of training set: 546
Size of test set: 474
Preparing data for training...
Preparing data for testing...
Parameters:
	Num epochs: 60
	Initial learning rate: 0.001
	Patience: 12
	Window size: 60
	Timeseries splits: 3
	Minimum number of timeseries datapoints: 64
Gradient boosting params: 
	{"max_depth": 3, "learning_rate": 0.05, "n_estimators": 100, "objective": "binary:logistic", "eval_metric": "logloss"}
	Creating sequence for 'gamecredits'... Training group 0, split 1
	Early stopping at epoch 13
	Y Train Labels:(array([1.], dtype=float32), array([580]))
	Y Val Labels:(array([1.], dtype=float32), array([577]))
Training group 0, split 2
	Early stopping at epoch 13
	Y Train Labels:(array([1.], dtype=float32), array([1157]))
	Y Val Labels:(array([1.], dtype=float32), array([577]))
Training group 0, split 3
	Early stopping at epoch 13
	Y Train Labels:(array([1.], dtype=float32), array([1734]))
	Y Val Labels:(array([1.], dtype=float32), array([577]))
Done.
	Creating sequence for 'hive'... Training group 1, split 1
	Early stopping at epoch 13
	Y Train Labels:(array([1.], dtype=float32), array([375]))
	Y Val Labels:(array([1.], dtype=float32), array([375]))
Training group 1, split 2
	Early stopping at epoch 13
	Y Train Labels:(array([1.], dtype=float32), array([750]))
	Y Val Labels:(array([1.], dtype=float32), array([375]))
Training group 1, split 3
	Early stopping at epoch 13
	Y Train Labels:(array([1.], dtype=float32), array([1125]))
	Y Val Labels:(array([1.], dtype=float32), array([375]))
Done.
	Creating sequence for 'lcx'... Training group 2, split 1
	Early stopping at epoch 13
	Y Train Labels:(array([1.], dtype=float32), array([354]))
	Y Val Labels:(array([1.], dtype=float32), array([354]))
Training group 2, split 2
	Early stopping at epoch 13
	Y Train Labels:(array([1.], dtype=float32), array([708]))
	Y Val Labels:(array([1.], dtype=float32), array([354]))
Training group 2, split 3
	Early stopping at epoch 13
	Y Train Labels:(array([1.], dtype=float32), array([1062]))
	Y Val Labels:(array([1.], dtype=float32), array([354]))
Done.
	Creating sequence for 'aeon'... Training group 3, split 1
	Early stopping at epoch 13
	Y Train Labels:(array([1.], dtype=float32), array([480]))
	Y Val Labels:(array([1.], dtype=float32), array([478]))
Training group 3, split 2
