


--------------------------------------------------
Starting lstm.py at '2024-10-25 17:14:46.469686'.
Reading './balancedDataset.json'... Done.
Total training Data: 1030
DAOs trained so far:382
Size of training set: 339
Size of test set: 309
Preparing data for training...
Preparing data for testing...
Parameters:
	Num epochs: 60
	Initial learning rate: 0.001
	Patience: 12
	Window size: 60
	Timeseries splits: 3
	Minimum number of timeseries datapoints: 64
Gradient boosting params: 
	{"max_depth": 3, "learning_rate": 0.05, "n_estimators": 100, "objective": "binary:logistic", "eval_metric": "logloss"}
	Creating sequence for 'hiens3'... Training group 0, split 1
	Early stopping at epoch 13
	Y Train Labels:(array([0., 1.], dtype=float32), array([74, 98]))
	Y Val Labels:(array([0.], dtype=float32), array([170]))
Training group 0, split 2
	Early stopping at epoch 13
	Y Train Labels:(array([0., 1.], dtype=float32), array([244,  98]))
	Y Val Labels:(array([0.], dtype=float32), array([170]))
Training group 0, split 3
	Early stopping at epoch 13
	Y Train Labels:(array([0., 1.], dtype=float32), array([414,  98]))
	Y Val Labels:(array([0.], dtype=float32), array([170]))
Done.
	Creating sequence for 'autonio'... Training group 1, split 1
	Early stopping at epoch 13
	Y Train Labels:(array([1.], dtype=float32), array([480]))
	Y Val Labels:(array([1.], dtype=float32), array([480]))
Training group 1, split 2
	Early stopping at epoch 13
	Y Train Labels:(array([1.], dtype=float32), array([960]))
	Y Val Labels:(array([0., 1.], dtype=float32), array([ 26, 454]))
Training group 1, split 3
	Early stopping at epoch 13
	Y Train Labels:(array([0., 1.], dtype=float32), array([  26, 1414]))
	Y Val Labels:(array([0.], dtype=float32), array([480]))
Done.
	Creating sequence for 'azuro-protocol'... Training group 2, split 1
	Early stopping at epoch 13
	Y Train Labels:(array([0.], dtype=float32), array([10]))
	Y Val Labels:(array([0.], dtype=float32), array([9]))
Training group 2, split 2
	Early stopping at epoch 13
	Y Train Labels:(array([0.], dtype=float32), array([19]))
	Y Val Labels:(array([0.], dtype=float32), array([9]))
Training group 2, split 3
	Early stopping at epoch 13
	Y Train Labels:(array([0.], dtype=float32), array([28]))
	Y Val Labels:(array([0.], dtype=float32), array([9]))
Done.
	Creating sequence for 'beyond-finance'... Training group 3, split 1
	Early stopping at epoch 13
	Y Train Labels:(array([0., 1.], dtype=float32), array([ 97, 203]))
	Y Val Labels:(array([0.], dtype=float32), array([300]))
Training group 3, split 2
	Early stopping at epoch 13
	Y Train Labels:(array([0., 1.], dtype=float32), array([397, 203]))
	Y Val Labels:(array([0.], dtype=float32), array([300]))
Training group 3, split 3
	Early stopping at epoch 13
	Y Train Labels:(array([0., 1.], dtype=float32), array([697, 203]))
	Y Val Labels:(array([0.], dtype=float32), array([300]))
Done.
	Creating sequence for 'tars-protocol'... Training group 4, split 1
	Early stopping at epoch 13
	Y Train Labels:(array([1.], dtype=float32), array([23]))
	Y Val Labels:(array([1.], dtype=float32), array([21]))
Training group 4, split 2
	Early stopping at epoch 13
	Y Train Labels:(array([1.], dtype=float32), array([44]))
	Y Val Labels:(array([1.], dtype=float32), array([21]))
Training group 4, split 3
	Early stopping at epoch 13
	Y Train Labels:(array([1.], dtype=float32), array([65]))
	Y Val Labels:(array([1.], dtype=float32), array([21]))
Done.
	Creating sequence for 'ethereum-classic'... Training group 5, split 1
	Early stopping at epoch 13
	Y Train Labels:(array([1.], dtype=float32), array([541]))
	Y Val Labels:(array([1.], dtype=float32), array([539]))
Training group 5, split 2
