


--------------------------------------------------
Starting lstm.py at '2024-10-27 01:06:25.515738'.
Reading '../classifiedDAOs.json'... Done.
Total training Data: 1578
DAOs trained so far:942
Size of training set: 162
Size of test set: 474
Preparing data for training...
Preparing data for testing...
Parameters:
	Num epochs: 60
	Initial learning rate: 0.001
	Patience: 12
	Window size: 60
	Timeseries splits: 3
	Minimum number of timeseries datapoints: 64
Gradient boosting params: 
	{"max_depth": 3, "learning_rate": 0.05, "n_estimators": 100, "objective": "binary:logistic", "eval_metric": "logloss"}
	Creating sequence for 'lif3'... Training group 0, split 1
	Y Train Labels:(array([0., 1.], dtype=float32), array([191,   2]))
	Y Val Labels:(array([0.], dtype=float32), array([193]))
Training group 0, split 2
	Y Train Labels:(array([0., 1.], dtype=float32), array([384,   2]))
	Y Val Labels:(array([0.], dtype=float32), array([193]))
Training group 0, split 3
	Y Train Labels:(array([0., 1.], dtype=float32), array([577,   2]))
	Y Val Labels:(array([0.], dtype=float32), array([193]))
Done.
	Creating sequence for 'x-cash'... Training group 1, split 1
	Early stopping at epoch 39
	Y Train Labels:(array([1.], dtype=float32), array([314]))
	Y Val Labels:(array([0., 1.], dtype=float32), array([ 77, 237]))
Training group 1, split 2
	Y Train Labels:(array([0., 1.], dtype=float32), array([ 77, 551]))
	Y Val Labels:(array([0.], dtype=float32), array([314]))
Training group 1, split 3
	Early stopping at epoch 32
	Y Train Labels:(array([0., 1.], dtype=float32), array([391, 551]))
	Y Val Labels:(array([0.], dtype=float32), array([314]))
Done.
	Creating sequence for 'aptos'... Training group 2, split 1
	Y Train Labels:(array([1.], dtype=float32), array([149]))
	Y Val Labels:(array([1.], dtype=float32), array([149]))
Training group 2, split 2
	Y Train Labels:(array([1.], dtype=float32), array([298]))
	Y Val Labels:(array([1.], dtype=float32), array([149]))
Training group 2, split 3
	Y Train Labels:(array([1.], dtype=float32), array([447]))
	Y Val Labels:(array([1.], dtype=float32), array([149]))
Done.
	Creating sequence for 'dappradar'... Training group 3, split 1
	Y Train Labels:(array([1.], dtype=float32), array([240]))
	Y Val Labels:(array([1.], dtype=float32), array([238]))
Training group 3, split 2
	Y Train Labels:(array([1.], dtype=float32), array([478]))
	Y Val Labels:(array([1.], dtype=float32), array([238]))
Training group 3, split 3
	Y Train Labels:(array([1.], dtype=float32), array([716]))
	Y Val Labels:(array([1.], dtype=float32), array([238]))
Done.
	Creating sequence for 'maker'... Training group 4, split 1
	Y Train Labels:(array([1.], dtype=float32), array([586]))
	Y Val Labels:(array([1.], dtype=float32), array([584]))
Training group 4, split 2
