


--------------------------------------------------
Starting lstm.py at '2024-10-27 01:27:41.735339'.
Reading '../classifiedDAOs.json'... Done.
Total training Data: 1578
DAOs trained so far:1000
Size of training set: 104
Size of test set: 474
Preparing data for training...
Preparing data for testing...
Parameters:
	Num epochs: 60
	Initial learning rate: 0.001
	Patience: 12
	Window size: 60
	Timeseries splits: 3
	Minimum number of timeseries datapoints: 64
Gradient boosting params: 
	{"max_depth": 3, "learning_rate": 0.05, "n_estimators": 100, "objective": "binary:logistic", "eval_metric": "logloss"}
	Creating sequence for 'nexo'... Training group 0, split 1
	Y Train Labels:(array([1.], dtype=float32), array([481]))
	Y Val Labels:(array([1.], dtype=float32), array([478]))
Training group 0, split 2
	Y Train Labels:(array([1.], dtype=float32), array([959]))
	Y Val Labels:(array([1.], dtype=float32), array([478]))
Training group 0, split 3
	Y Train Labels:(array([1.], dtype=float32), array([1437]))
	Y Val Labels:(array([1.], dtype=float32), array([478]))
Done.
	Creating sequence for 'arweave'... Training group 1, split 1
	Y Train Labels:(array([1.], dtype=float32), array([367]))
	Y Val Labels:(array([1.], dtype=float32), array([366]))
Training group 1, split 2
	Y Train Labels:(array([1.], dtype=float32), array([733]))
	Y Val Labels:(array([1.], dtype=float32), array([366]))
Training group 1, split 3
	Y Train Labels:(array([1.], dtype=float32), array([1099]))
	Y Val Labels:(array([1.], dtype=float32), array([366]))
Done.
	Creating sequence for 'maps'... Training group 2, split 1
	Early stopping at epoch 13
	Y Train Labels:(array([1.], dtype=float32), array([309]))
	Y Val Labels:(array([0., 1.], dtype=float32), array([234,  74]))
Training group 2, split 2
	Y Train Labels:(array([0., 1.], dtype=float32), array([234, 383]))
	Y Val Labels:(array([0.], dtype=float32), array([308]))
Training group 2, split 3
	Early stopping at epoch 13
	Y Train Labels:(array([0., 1.], dtype=float32), array([542, 383]))
	Y Val Labels:(array([0.], dtype=float32), array([308]))
Done.
	Creating sequence for 'assemble-protocol'... Training group 3, split 1
	Y Train Labels:(array([1.], dtype=float32), array([243]))
	Y Val Labels:(array([1.], dtype=float32), array([240]))
Training group 3, split 2
	Early stopping at epoch 28
	Y Train Labels:(array([1.], dtype=float32), array([483]))
	Y Val Labels:(array([1.], dtype=float32), array([240]))
Training group 3, split 3
	Early stopping at epoch 15
	Y Train Labels:(array([1.], dtype=float32), array([723]))
	Y Val Labels:(array([0., 1.], dtype=float32), array([123, 117]))
Done.
	Creating sequence for 'tontoken'... Training group 4, split 1
	Y Train Labels:(array([0.], dtype=float32), array([340]))
	Y Val Labels:(array([0.], dtype=float32), array([338]))
Training group 4, split 2
