


--------------------------------------------------
Starting lstm.py at '2024-10-23 16:43:06.427421'.
Reading '../classifiedDAOs.json'... Done.
Total training Data: 1578
DAOs trained so far:94
Size of training set: 1010
Size of test set: 474
Preparing data for training...
Preparing data for testing...
Parameters:
	Num epochs: 60
	Initial learning rate: 0.001
	Patience: 12
	Window size: 60
	Timeseries splits: 3
	Minimum number of timeseries datapoints: 64
Gradient boosting params: 
	{"max_depth": 3, "learning_rate": 0.05, "n_estimators": 100, "objective": "binary:logistic", "eval_metric": "logloss"}
	Creating sequence for 'bakerytoken'... Training group 0, split 1
	Y Train Labels:(array([1.], dtype=float32), array([290]))
	Y Val Labels:(array([1.], dtype=float32), array([287]))
Training group 0, split 2
	Y Train Labels:(array([1.], dtype=float32), array([577]))
	Y Val Labels:(array([1.], dtype=float32), array([287]))
Training group 0, split 3
	Early stopping at epoch 13
	Y Train Labels:(array([1.], dtype=float32), array([864]))
	Y Val Labels:(array([0., 1.], dtype=float32), array([135, 152]))
Done.
	Creating sequence for 'wrapped-nxm'... Training group 1, split 1
	Y Train Labels:(array([1.], dtype=float32), array([206]))
	Y Val Labels:(array([1.], dtype=float32), array([203]))
Training group 1, split 2
	Y Train Labels:(array([1.], dtype=float32), array([409]))
	Y Val Labels:(array([1.], dtype=float32), array([203]))
Training group 1, split 3
	Early stopping at epoch 13
	Y Train Labels:(array([1.], dtype=float32), array([612]))
	Y Val Labels:(array([0., 1.], dtype=float32), array([ 44, 159]))
Done.
	Creating sequence for 'experience-chain'... Training group 2, split 1
	Y Train Labels:(array([1.], dtype=float32), array([462]))
	Y Val Labels:(array([1.], dtype=float32), array([460]))
Training group 2, split 2
	Early stopping at epoch 13
	Y Train Labels:(array([1.], dtype=float32), array([922]))
	Y Val Labels:(array([0., 1.], dtype=float32), array([354, 106]))
Training group 2, split 3
	Early stopping at epoch 35
	Y Train Labels:(array([0., 1.], dtype=float32), array([ 354, 1028]))
	Y Val Labels:(array([0.], dtype=float32), array([460]))
Done.
	Creating sequence for 'refereum'... Training group 3, split 1
	Early stopping at epoch 25
	Y Train Labels:(array([1.], dtype=float32), array([574]))
	Y Val Labels:(array([1.], dtype=float32), array([573]))
Training group 3, split 2
	Y Train Labels:(array([1.], dtype=float32), array([1147]))
	Y Val Labels:(array([1.], dtype=float32), array([573]))
Training group 3, split 3
	Early stopping at epoch 13
	Y Train Labels:(array([1.], dtype=float32), array([1720]))
	Y Val Labels:(array([0., 1.], dtype=float32), array([373, 200]))
Done.
	Creating sequence for 'portuma'... Training group 4, split 1
	Early stopping at epoch 29
	Y Train Labels:(array([0., 1.], dtype=float32), array([ 84, 157]))
	Y Val Labels:(array([0.], dtype=float32), array([238]))
Training group 4, split 2
	Early stopping at epoch 29
	Y Train Labels:(array([0., 1.], dtype=float32), array([322, 157]))
	Y Val Labels:(array([0.], dtype=float32), array([238]))
Training group 4, split 3
	Early stopping at epoch 32
	Y Train Labels:(array([0., 1.], dtype=float32), array([560, 157]))
	Y Val Labels:(array([0.], dtype=float32), array([238]))
Done.
	Creating sequence for 'solfarm'... Training group 5, split 1
	Early stopping at epoch 13
	Y Train Labels:(array([0., 1.], dtype=float32), array([ 83, 174]))
	Y Val Labels:(array([0.], dtype=float32), array([256]))
Training group 5, split 2
	Y Train Labels:(array([0., 1.], dtype=float32), array([339, 174]))
	Y Val Labels:(array([0.], dtype=float32), array([256]))
Training group 5, split 3
	Y Train Labels:(array([0., 1.], dtype=float32), array([595, 174]))
	Y Val Labels:(array([0.], dtype=float32), array([256]))
Done.
	Creating sequence for 'wilder-world'... Training group 6, split 1
	Y Train Labels:(array([1.], dtype=float32), array([240]))
	Y Val Labels:(array([1.], dtype=float32), array([237]))
Training group 6, split 2
	Y Train Labels:(array([1.], dtype=float32), array([477]))
	Y Val Labels:(array([1.], dtype=float32), array([237]))
Training group 6, split 3
	Y Train Labels:(array([1.], dtype=float32), array([714]))
	Y Val Labels:(array([1.], dtype=float32), array([237]))
Done.
	Creating sequence for 'dvision-network'... Training group 7, split 1
	Y Train Labels:(array([1.], dtype=float32), array([238]))
	Y Val Labels:(array([1.], dtype=float32), array([238]))
Training group 7, split 2
	Y Train Labels:(array([1.], dtype=float32), array([476]))
	Y Val Labels:(array([1.], dtype=float32), array([238]))
Training group 7, split 3
	Early stopping at epoch 13
	Y Train Labels:(array([1.], dtype=float32), array([714]))
	Y Val Labels:(array([0., 1.], dtype=float32), array([ 30, 208]))
Done.
	Creating sequence for 'yfdai-finance'... Training group 8, split 1
	Early stopping at epoch 13
	Y Train Labels:(array([1.], dtype=float32), array([340]))
	Y Val Labels:(array([0., 1.], dtype=float32), array([305,  33]))
Training group 8, split 2
