


--------------------------------------------------
Starting lstm.py at '2024-10-25 17:21:50.309221'.
Reading './balancedDataset.json'... Done.
Total training Data: 1030
DAOs trained so far:425
Size of training set: 296
Size of test set: 309
Preparing data for training...
Preparing data for testing...
Parameters:
	Num epochs: 60
	Initial learning rate: 0.001
	Patience: 12
	Window size: 60
	Timeseries splits: 3
	Minimum number of timeseries datapoints: 64
Gradient boosting params: 
	{"max_depth": 3, "learning_rate": 0.05, "n_estimators": 100, "objective": "binary:logistic", "eval_metric": "logloss"}
	Creating sequence for 'decred'... Training group 0, split 1
	Early stopping at epoch 13
	Y Train Labels:(array([1.], dtype=float32), array([561]))
	Y Val Labels:(array([1.], dtype=float32), array([558]))
Training group 0, split 2
	Early stopping at epoch 13
	Y Train Labels:(array([1.], dtype=float32), array([1119]))
	Y Val Labels:(array([1.], dtype=float32), array([558]))
Training group 0, split 3
	Early stopping at epoch 13
	Y Train Labels:(array([1.], dtype=float32), array([1677]))
	Y Val Labels:(array([1.], dtype=float32), array([558]))
Done.
	Creating sequence for 'grin'... Training group 1, split 1
	Early stopping at epoch 13
	Y Train Labels:(array([1.], dtype=float32), array([304]))
	Y Val Labels:(array([1.], dtype=float32), array([301]))
Training group 1, split 2
	Early stopping at epoch 13
	Y Train Labels:(array([1.], dtype=float32), array([605]))
	Y Val Labels:(array([1.], dtype=float32), array([301]))
Training group 1, split 3
	Early stopping at epoch 13
	Y Train Labels:(array([1.], dtype=float32), array([906]))
	Y Val Labels:(array([1.], dtype=float32), array([301]))
Done.
	Creating sequence for 'alchemist'... Training group 2, split 1
	Early stopping at epoch 13
	Y Train Labels:(array([1.], dtype=float32), array([284]))
	Y Val Labels:(array([0., 1.], dtype=float32), array([187,  97]))
Training group 2, split 2
	Early stopping at epoch 13
	Y Train Labels:(array([0., 1.], dtype=float32), array([187, 381]))
	Y Val Labels:(array([0.], dtype=float32), array([284]))
Training group 2, split 3
	Early stopping at epoch 13
	Y Train Labels:(array([0., 1.], dtype=float32), array([471, 381]))
	Y Val Labels:(array([0.], dtype=float32), array([284]))
Done.
	Creating sequence for 'blockasset'... Training group 3, split 1
	Early stopping at epoch 13
	Y Train Labels:(array([1.], dtype=float32), array([222]))
	Y Val Labels:(array([1.], dtype=float32), array([222]))
Training group 3, split 2
	Early stopping at epoch 13
	Y Train Labels:(array([1.], dtype=float32), array([444]))
	Y Val Labels:(array([1.], dtype=float32), array([222]))
Training group 3, split 3
	Early stopping at epoch 13
	Y Train Labels:(array([1.], dtype=float32), array([666]))
	Y Val Labels:(array([0., 1.], dtype=float32), array([ 56, 166]))
Done.
	Creating sequence for 'illuvium'... Training group 4, split 1
	Early stopping at epoch 13
	Y Train Labels:(array([1.], dtype=float32), array([268]))
	Y Val Labels:(array([1.], dtype=float32), array([268]))
Training group 4, split 2
	Early stopping at epoch 13
	Y Train Labels:(array([1.], dtype=float32), array([536]))
	Y Val Labels:(array([1.], dtype=float32), array([268]))
Training group 4, split 3
