


--------------------------------------------------
Starting lstm.py at '2024-10-10 13:49:01.785970'.
Reading './isDaoActiveData(4).json'... Done.
Total training Data: 379
Size of training set: 265
Size of test set: 114
Preparing data for training...
	Creating sequence for 'chiliz'... Hello1
Done.
	Creating sequence for 'alphabet-erc404'... Hello1
Done.
	Creating sequence for 'across-protocol'... Hello1
Done.
	Creating sequence for 'clore-ai'... Hello1
Done.
	Creating sequence for 'alchemist'... Hello1
Done.
	Creating sequence for 'cnns'... Hello1
Done.
	Creating sequence for 'bnktothefuture'... Hello1
Done.
	Creating sequence for 'cornucopias'... Hello1
Done.
	Creating sequence for 'aave-busd'... Skipped.
	Creating sequence for 'base-protocol'... Hello1
Done.
	Creating sequence for 'algorand'... Hello1
Done.
	Creating sequence for '0x0-ai-ai-smart-contract'... Hello1
Done.
	Creating sequence for 'bytom'... Hello1
Done.
	Creating sequence for 'as-roma-fan-token'... Hello1
Done.
	Creating sequence for 'cajutel'... Hello1
Done.
	Creating sequence for 'chainbing'... Hello1
Done.
	Creating sequence for 'calcium'... Hello1
Done.
	Creating sequence for 'belt'... Hello1
Done.
	Creating sequence for 'baasid'... Hello1
Done.
	Creating sequence for 'cobak-token'... Hello1
Done.
	Creating sequence for 'agatech'... Hello1
Done.
	Creating sequence for 'clearpool'... Hello1
Done.
	Creating sequence for 'bridge-mutual'... Hello1
Done.
	Creating sequence for 'bitget-wallet-token'... Hello1
Done.
	Creating sequence for 'chainx'... Hello1
Done.
	Creating sequence for 'anyswap'... Hello1
Done.
	Creating sequence for 'botto'... Hello1
Done.
	Creating sequence for 'bitcoin'... Hello1
Done.
	Creating sequence for 'centrifuge'... Hello1
Done.
	Creating sequence for 'basis-cash'... Hello1
Done.
	Creating sequence for 'bolt'... Hello1
Done.
	Creating sequence for 'creo-engine'... Hello1
Done.
	Creating sequence for 'band-protocol'... Hello1
Done.
	Creating sequence for 'celestia'... Hello1
Done.
	Creating sequence for 'antimatter'... Hello1
Done.
	Creating sequence for 'bistroo'... Hello1
Done.
	Creating sequence for 'aipad'... Hello1
Done.
	Creating sequence for 'bidao'... Hello1
Done.
	Creating sequence for 'bitmart-token'... Hello1
Done.
	Creating sequence for 'blocknet'... Hello1
Done.
	Creating sequence for 'aviator'... Hello1
Done.
	Creating sequence for 'ark'... Hello1
Done.
	Creating sequence for 'bifrost'... Hello1
Done.
	Creating sequence for 'assemble-protocol'... Hello1
Done.
	Creating sequence for 'aergo'... Hello1
Done.
	Creating sequence for 'artrade'... Hello1
Done.
	Creating sequence for 'access-protocol'... Hello1
Done.
	Creating sequence for 'aurusx'... Hello1
Done.
	Creating sequence for 'affyn'... Hello1
Done.
	Creating sequence for 'adapad'... Hello1
Done.
	Creating sequence for 'crypto-asset-governance-alliance'... Hello1
Done.
	Creating sequence for 'compound-basic-attention-token'... Hello1
Done.
	Creating sequence for 'aave-usdt'... Skipped.
	Creating sequence for 'apy-finance'... Hello1
Done.
	Creating sequence for 'arweave'... Hello1
Done.
	Creating sequence for 'ageofgods'... Hello1
Done.
	Creating sequence for 'biswap'... Hello1
Done.
	Creating sequence for 'dafi-protocol'... Hello1
Done.
	Creating sequence for 'biconomy'... Hello1
Done.
	Creating sequence for 'cumrocket'... Hello1
Done.
	Creating sequence for 'beoble'... Hello1
Done.
	Creating sequence for 'apm-coin'... Hello1
Done.
	Creating sequence for 'bottos'... Hello1
Done.
	Creating sequence for 'aave-usdc'... Skipped.
	Creating sequence for 'bullperks'... Hello1
Done.
	Creating sequence for 'bittorrent'... Hello1
Done.
	Creating sequence for 'aurory'... Hello1
Done.
	Creating sequence for 'acala'... Hello1
Done.
	Creating sequence for 'banano'... Hello1
Done.
	Creating sequence for 'aston-martin-cognizant-fan-token'... Hello1
Done.
	Creating sequence for 'argent'... Skipped.
	Creating sequence for 'celo-dollar'... Hello1
Done.
	Creating sequence for 'blendr-network'... Hello1
Done.
	Creating sequence for 'adamant-messenger'... Hello1
Done.
	Creating sequence for 'compound-ether'... Hello1
Done.
	Creating sequence for 'cloudbric'... Hello1
Done.
	Creating sequence for 'achain'... Hello1
Done.
	Creating sequence for 'ben-the-dog'... Hello1
Done.
	Creating sequence for 'arkham'... Hello1
Done.
	Creating sequence for 'cellframe'... Hello1
Done.
	Creating sequence for 'basic-attention-token'... Hello1
Done.
	Creating sequence for 'connex'... Hello1
Done.
	Creating sequence for 'coinsbit-token'... Hello1
Done.
	Creating sequence for 'chronicle'... Hello1
Done.
	Creating sequence for 'dacxi'... Hello1
Done.
	Creating sequence for 'arcs'... Hello1
Done.
	Creating sequence for 'billionhappiness'... Hello1
Done.
	Creating sequence for 'burger-swap'... Hello1
Done.
	Creating sequence for '1inch'... Hello1
Done.
	Creating sequence for 'binance-usd'... Hello1
Done.
	Creating sequence for 'beyond-finance'... Hello1
Done.
	Creating sequence for 'binemon'... Hello1
Done.
	Creating sequence for 'b20'... Hello1
Done.
	Creating sequence for 'bemo-staked-ton'... Hello1
Done.
	Creating sequence for 'aeron'... Hello1
Done.
	Creating sequence for 'coldstack'... Hello1
Done.
	Creating sequence for 'brz'... Hello1
Done.
	Creating sequence for 'blockstack'... Hello1
Done.
	Creating sequence for 'bamboo-defi'... Hello1
Done.
	Creating sequence for 'astroswap'... Hello1
Done.
	Creating sequence for 'barnbridge'... Hello1
Done.
	Creating sequence for 'bitcoin-wizards'... Hello1
Done.
	Creating sequence for 'commune-ai'... Hello1
Done.
	Creating sequence for 'alva'... Hello1
Done.
	Creating sequence for 'balpha'... Hello1
Done.
	Creating sequence for 'cardano'... Hello1
Done.
	Creating sequence for 'alvey-chain'... Hello1
Done.
	Creating sequence for 'adreward'... Hello1
Done.
	Creating sequence for 'acorn-protocol'... Hello1
Done.
	Creating sequence for 'bitcoin-cash'... Hello1
Done.
	Creating sequence for 'bazaars'... Hello1
Done.
	Creating sequence for 'cere-network'... Hello1
Done.
	Creating sequence for 'bnsd-finance'... Hello1
Done.
	Creating sequence for 'bitball-treasure'... Hello1
Done.
	Creating sequence for 'airight'... Hello1
Done.
	Creating sequence for 'auto'... Hello1
Done.
	Creating sequence for 'comtech-gold'... Hello1
Done.
	Creating sequence for 'bluzelle'... Hello1
Done.
	Creating sequence for 'bitkub-coin'... Hello1
Done.
	Creating sequence for 'aston-villa-fan-token'... Hello1
Done.
	Creating sequence for 'crash-on-base'... Hello1
Done.
	Creating sequence for 'aeon'... Hello1
Done.
	Creating sequence for 'alchemix'... Hello1
Done.
	Creating sequence for 'bitball'... Hello1
Done.
	Creating sequence for 'beefy-finance'... Hello1
Done.
	Creating sequence for 'calamari-network'... Hello1
Done.
	Creating sequence for 'crown-by-third-time-games'... Hello1
Done.
	Creating sequence for 'apeswap-finance'... Hello1
Done.
	Creating sequence for 'ait-protocol'... Hello1
Done.
	Creating sequence for 'ampleforth-governance-token'... Hello1
Done.
	Creating sequence for 'aion'... Hello1
Done.
	Creating sequence for 'autonio'... Hello1
Done.
	Creating sequence for 'airtor-protocol'... Hello1
Done.
	Creating sequence for 'acquire-fi'... Hello1
Done.
	Creating sequence for 'aptos'... Hello1
Done.
	Creating sequence for 'cyberfi'... Hello1
Done.
	Creating sequence for 'carvertical'... Hello1
Done.
	Creating sequence for 'captain-tsubasa'... Hello1
Done.
	Creating sequence for 'bitcoin-diamond'... Hello1
Done.
	Creating sequence for 'bitcoin-gold'... Hello1
Done.
	Creating sequence for 'cotrader'... Hello1
Done.
	Creating sequence for 'coin98'... Hello1
Done.
	Creating sequence for 'convex-finance'... Hello1
Done.
	Creating sequence for 'alpine-f1-team-fan-token'... Hello1
Done.
	Creating sequence for 'ampleforth'... Hello1
Done.
	Creating sequence for 'airswap'... Hello1
Done.
	Creating sequence for 'aerodrome-finance'... Hello1
Done.
	Creating sequence for 'blackcardcoin'... Hello1
Done.
	Creating sequence for 'ambo'... Skipped.
	Creating sequence for 'bepro-network'... Hello1
Done.
	Creating sequence for 'azuki'... Hello1
Done.
	Creating sequence for 'aioz-network'... Hello1
Done.
	Creating sequence for 'astar'... Hello1
Done.
	Creating sequence for 'augur'... Hello1
Done.
	Creating sequence for 'adshares'... Hello1
Done.
	Creating sequence for 'ceres'... Hello1
Done.
	Creating sequence for 'constitutiondao'... Hello1
Done.
	Creating sequence for 'aragon'... Hello1
Done.
	Creating sequence for 'areon-network'... Hello1
Done.
	Creating sequence for 'ai-analysis-token'... Hello1
Done.
	Creating sequence for 'armor'... Hello1
Done.
	Creating sequence for 'bitshares'... Hello1
Done.
	Creating sequence for 'cryptozoon'... Hello1
Done.
	Creating sequence for 'bitdao'... Hello1
Done.
	Creating sequence for 'convergence'... Hello1
Done.
	Creating sequence for 'contentos'... Hello1
Done.
	Creating sequence for 'alitas'... Hello1
Done.
	Creating sequence for 'akita-inu'... Hello1
Done.
	Creating sequence for 'aeternity'... Hello1
Done.
	Creating sequence for 'brainlet'... Skipped.
	Creating sequence for 'bread'... Hello1
Done.
	Creating sequence for 'contentbox'... Hello1
Done.
	Creating sequence for 'bad-idea-ai'... Hello1
Done.
	Creating sequence for 'crypto-ai-robo'... Hello1
Done.
	Creating sequence for 'blind-boxes'... Hello1
Done.
	Creating sequence for 'beam'... Hello1
Done.
	Creating sequence for 'alien-worlds'... Hello1
Done.
	Creating sequence for 'banana-gun'... Hello1
Done.
	Creating sequence for 'aave-mana'... Skipped.
	Creating sequence for 'amino'... Hello1
Done.
	Creating sequence for 'cashaa'... Hello1
Done.
	Creating sequence for 'catcoin'... Hello1
Done.
	Creating sequence for 'birake'... Hello1
Done.
	Creating sequence for 'altered-state-token'... Hello1
Done.
	Creating sequence for 'bonfida'... Hello1
Done.
	Creating sequence for 'bakerytoken'... Hello1
Done.
	Creating sequence for 'aave-link'... Skipped.
	Creating sequence for 'credefi'... Hello1
Done.
	Creating sequence for 'bella-protocol'... Hello1
Done.
	Creating sequence for 'ardor'... Hello1
Done.
	Creating sequence for 'acknoledger'... Hello1
Done.
	Creating sequence for 'cryptogpt'... Hello1
Done.
	Creating sequence for 'civic'... Hello1
Done.
	Creating sequence for 'bifi'... Hello1
Done.
	Creating sequence for 'axelar'... Hello1
Done.
	Creating sequence for 'amepay'... Hello1
Done.
	Creating sequence for 'clube-atletico-mineiro-fan-token'... Hello1
Done.
	Creating sequence for 'cyclone-protocol'... Hello1
Done.
	Creating sequence for 'apenft'... Hello1
Done.
	Creating sequence for 'celo'... Hello1
Done.
	Creating sequence for 'coinweb'... Hello1
Done.
	Creating sequence for 'concordium'... Hello1
Done.
	Creating sequence for 'chex-token'... Hello1
Done.
	Creating sequence for 'coinex-token'... Hello1
Done.
	Creating sequence for 'appcoins'... Hello1
Done.
	Creating sequence for 'boba-network'... Hello1
Done.
	Creating sequence for 'arcona'... Hello1
Done.
	Creating sequence for 'azuro-protocol'... Hello1
Done.
	Creating sequence for 'aave-tusd'... Skipped.
	Creating sequence for 'babb'... Hello1
Done.
	Creating sequence for 'cult-dao'... Hello1
Done.
	Creating sequence for 'avail'... Skipped.
	Creating sequence for 'amond'... Hello1
Done.
	Creating sequence for 'akash-network'... Hello1
Done.
	Creating sequence for 'bitcicoin'... Hello1
Done.
	Creating sequence for 'aave-knc'... Skipped.
	Creating sequence for '0x'... Hello1
Done.
	Creating sequence for 'billy'... Hello1
Done.
	Creating sequence for 'bbs-network'... Hello1
Done.
	Creating sequence for 'atlas-navi'... Hello1
Done.
	Creating sequence for 'api3'... Hello1
Done.
	Creating sequence for 'andy-on-sol'... Hello1
Done.
	Creating sequence for 'credits'... Hello1
Done.
	Creating sequence for '5ire'... Hello1
Done.
	Creating sequence for 'aethir'... Hello1
Done.
	Creating sequence for 'axie-infinity'... Hello1
Done.
	Creating sequence for 'compound-uniswap'... Hello1
Done.
	Creating sequence for 'beta-finance'... Hello1
Done.
	Creating sequence for 'blockasset'... Hello1
Done.
	Creating sequence for 'art-de-finance'... Hello1
Done.
	Creating sequence for '3space-art'... Hello1
Done.
	Creating sequence for 'carry'... Hello1
Done.
	Creating sequence for 'amber'... Hello1
Done.
	Creating sequence for 'alephium'... Hello1
Done.
	Creating sequence for 'bibox-token'... Hello1
Done.
	Creating sequence for 'boson-protocol'... Hello1
Done.
	Creating sequence for 'arcblock'... Hello1
Done.
	Creating sequence for 'circuits-of-value'... Hello1
Done.
	Creating sequence for 'book-of-meme'... Hello1
Done.
	Creating sequence for 'aventus'... Hello1
Done.
	Creating sequence for 'adappter-token'... Hello1
Done.
	Creating sequence for '404aliens'... Hello1
Done.
	Creating sequence for 'cratos'... Hello1
Done.
	Creating sequence for 'cartesi'... Hello1
Done.
	Creating sequence for 'choise'... Hello1
Done.
	Creating sequence for 'amaterasu-omikami'... Hello1
Done.
	Creating sequence for 'adventure-gold'... Hello1
Done.
	Creating sequence for 'celer-network'... Hello1
Done.
	Creating sequence for 'bitpanda-ecosystem-token'... Hello1
Done.
	Creating sequence for 'celo-euro'... Hello1
Done.
	Creating sequence for 'bomb'... Hello1
Done.
	Creating sequence for 'cosmos'... Hello1
Done.
	Creating sequence for 'cudos'... Hello1
Done.
	Creating sequence for 'bora'... Hello1
Done.
	Creating sequence for 'altlayer'... Hello1
Done.
	Creating sequence for 'aave-dai'... Skipped.
	Creating sequence for 'aimalls'... Hello1
Done.
	Creating sequence for 'bitrock'... Hello1
Done.
	Creating sequence for 'acute-angle-cloud'... Hello1
Done.
	Creating sequence for 'blocery'... Hello1
Done.
	Creating sequence for 'beamswap'... Hello1
Done.
	Creating sequence for 'alkimi'... Hello1
Done.
	Creating sequence for 'attila'... Hello1
Done.
	Creating sequence for 'brickken'... Hello1
Done.
	Creating sequence for 'alethea-artificial-liquid-intelligence-token'... Hello1
Done.
Preparing data for testing...
	Creating sequence for 'cetus-protocol'... Hello1
Done.
	Creating sequence for 'aave-snx'... Skipped.
	Creating sequence for 'axel'... Hello1
Done.
	Creating sequence for 'bao-finance'... Hello1
Done.
	Creating sequence for 'babyswap'... Hello1
Done.
	Creating sequence for 'blockchain-monster-hunt'... Hello1
Done.
	Creating sequence for 'conun'... Hello1
Done.
	Creating sequence for 'brn-metaverse'... Hello1
Done.
	Creating sequence for 'berry-data'... Hello1
Done.
	Creating sequence for 'aave-bat'... Skipped.
	Creating sequence for 'ankr'... Hello1
Done.
	Creating sequence for 'bondly'... Hello1
Done.
	Creating sequence for 'cryptofranc'... Hello1
Done.
	Creating sequence for 'crowns'... Hello1
Done.
	Creating sequence for 'bosagora'... Hello1
Done.
	Creating sequence for 'bobo-coin'... Hello1
Done.
	Creating sequence for 'coinfi'... Hello1
Done.
	Creating sequence for 'crvusd'... Hello1
Done.
	Creating sequence for '88mph'... Hello1
Done.
	Creating sequence for '0chain'... Hello1
Done.
	Creating sequence for 'autonolas'... Hello1
Done.
	Creating sequence for 'byte'... Hello1
Done.
	Creating sequence for 'corite'... Hello1
Done.
	Creating sequence for 'breederdao'... Hello1
Done.
	Creating sequence for 'coti'... Hello1
Done.
	Creating sequence for 'blockv'... Hello1
Done.
	Creating sequence for 'aurora-near'... Hello1
Done.
	Creating sequence for 'audius'... Hello1
Done.
	Creating sequence for 'cropbytes'... Hello1
Done.
	Creating sequence for 'cheems'... Hello1
Done.
	Creating sequence for 'conceal'... Hello1
Done.
	Creating sequence for 'ariva'... Hello1
Done.
	Creating sequence for 'blockchain-certified-data-token'... Hello1
Done.
	Creating sequence for 'auctus'... Hello1
Done.
	Creating sequence for 'bitcoin-atom'... Hello1
Done.
	Creating sequence for 'aave-mkr'... Skipped.
	Creating sequence for 'alchemy-pay'... Hello1
Done.
	Creating sequence for 'befe'... Hello1
Done.
	Creating sequence for 'archloot'... Hello1
Done.
	Creating sequence for 'aelf'... Hello1
Done.
	Creating sequence for 'arsenal-fan-token'... Hello1
Done.
	Creating sequence for 'cookie'... Hello1
Done.
	Creating sequence for 'counterparty'... Hello1
Done.
	Creating sequence for 'binamon'... Hello1
Done.
	Creating sequence for 'blast'... Hello1
Done.
	Creating sequence for 'coinpoker'... Hello1
Done.
	Creating sequence for 'cvault-finance'... Hello1
Done.
	Creating sequence for 'alpaca-finance'... Hello1
Done.
	Creating sequence for 'aigentx'... Hello1
Done.
	Creating sequence for 'bouncebit'... Hello1
Done.
	Creating sequence for 'balancer'... Hello1
Done.
	Creating sequence for 'cindicator'... Hello1
Done.
	Creating sequence for 'altava'... Hello1
Done.
	Creating sequence for 'clintex-cti'... Hello1
Done.
	Creating sequence for 'anchor-protocol'... Hello1
Done.
	Creating sequence for 'aave'... Hello1
Done.
	Creating sequence for 'daex'... Hello1
Done.
	Creating sequence for 'carbon-browser'... Hello1
Done.
	Creating sequence for 'blazestake-staked-sol'... Hello1
Done.
	Creating sequence for 'city-tycoon-games'... Hello1
Done.
	Creating sequence for 'aura-finance'... Hello1
Done.
	Creating sequence for 'cryptoblades'... Hello1
Done.
	Creating sequence for 'atlas-protocol'... Hello1
Done.
	Creating sequence for 'covesting'... Hello1
Done.
	Creating sequence for 'boringdao'... Hello1
Done.
	Creating sequence for 'coreum'... Hello1
Done.
	Creating sequence for 'bald'... Hello1
Done.
	Creating sequence for 'cryptex-finance'... Hello1
Done.
	Creating sequence for 'daddy-tate'... Hello1
Done.
	Creating sequence for 'catheon-gaming'... Hello1
Done.
	Creating sequence for 'aave-susd'... Skipped.
	Creating sequence for 'cargox'... Hello1
Done.
	Creating sequence for 'bone-shibaswap'... Hello1
Done.
	Creating sequence for 'cortex'... Hello1
Done.
	Creating sequence for 'contracoin'... Hello1
Done.
	Creating sequence for 'bittensor'... Hello1
Done.
	Creating sequence for 'big-time'... Hello1
Done.
	Creating sequence for 'aurora'... Hello1
Done.
	Creating sequence for 'aryacoin'... Hello1
Done.
	Creating sequence for 'allianceblock-nexera'... Hello1
Done.
	Creating sequence for 'alanyaspor-fan-token'... Hello1
Done.
	Creating sequence for 'curate'... Hello1
Done.
	Creating sequence for '8pay'... Hello1
Done.
	Creating sequence for 'big-data-protocol'... Hello1
Done.
	Creating sequence for 'coinbase-wrapped-staked-eth'... Hello1
Done.
	Creating sequence for 'analos'... Hello1
Done.
	Creating sequence for 'coreto'... Hello1
Done.
	Creating sequence for 'blox'... Hello1
Done.
	Creating sequence for 'avinoc'... Hello1
Done.
	Creating sequence for 'bitcore'... Hello1
Done.
	Creating sequence for 'akropolis'... Hello1
Done.
	Creating sequence for 'compound-0x'... Hello1
Done.
	Creating sequence for 'bird-money'... Hello1
Done.
	Creating sequence for 'apyswap'... Hello1
Done.
	Creating sequence for 'aave-wbtc'... Skipped.
	Creating sequence for 'bridge-oracle'... Hello1
Done.
	Creating sequence for 'ancient8'... Hello1
Done.
	Creating sequence for 'catman'... Hello1
Done.
	Creating sequence for 'astrotools'... Hello1
Done.
	Creating sequence for 'azbit'... Hello1
Done.
	Creating sequence for 'aave-zrx'... Skipped.
	Creating sequence for 'cybervein'... Hello1
Done.
	Creating sequence for 'bscpad'... Hello1
Done.
	Creating sequence for 'ally'... Hello1
Done.
	Creating sequence for 'ambire-wallet'... Hello1
Done.
	Creating sequence for 'amazy'... Hello1
Done.
	Creating sequence for 'cyberconnect'... Hello1
Done.
	Creating sequence for 'covalent'... Hello1
Done.
	Creating sequence for 'cypherium'... Hello1
Done.
	Creating sequence for 'bancor'... Hello1
Done.
	Creating sequence for 'blockbank'... Hello1
Done.
	Creating sequence for 'crabada'... Hello1
Done.
	Creating sequence for 'beyond-protocol'... Hello1
Done.
	Creating sequence for 'axis-defi'... Hello1
Done.
Actual training set: 253 entries
Actual testing set:  108 entries
Actual training/total ratio: 0.6675461741424802
