


--------------------------------------------------
Starting lstm.py at '2024-10-10 13:54:32.585155'.
Reading './isDaoActiveData(4).json'... Done.
Total training Data: 379
Size of training set: 265
Size of test set: 114
Preparing data for training...
	Creating sequence for 'chiliz'... Hello0    [{'datetime': '2019-07-01T00:00:00Z', 'value':...
Name: priceUSD, dtype: object
Done.
	Creating sequence for 'alphabet-erc404'... Hello1    [{'datetime': '2024-02-20T00:00:00Z', 'value':...
Name: priceUSD, dtype: object
Done.
	Creating sequence for 'across-protocol'... Hello2    [{'datetime': '2022-11-28T00:00:00Z', 'value':...
Name: priceUSD, dtype: object
Done.
	Creating sequence for 'clore-ai'... Hello3    [{'datetime': '2023-05-31T00:00:00Z', 'value':...
Name: priceUSD, dtype: object
Done.
	Creating sequence for 'alchemist'... Hello4    [{'datetime': '2021-04-28T00:00:00Z', 'value':...
Name: priceUSD, dtype: object
Done.
	Creating sequence for 'cnns'... Hello5    [{'datetime': '2019-05-13T00:00:00Z', 'value':...
Name: priceUSD, dtype: object
Done.
	Creating sequence for 'bnktothefuture'... Hello6    [{'datetime': '2018-03-22T00:00:00Z', 'value':...
Name: priceUSD, dtype: object
Done.
	Creating sequence for 'cornucopias'... Hello7    [{'datetime': '2021-12-11T00:00:00Z', 'value':...
Name: priceUSD, dtype: object
Done.
	Creating sequence for 'aave-busd'... Skipped.
	Creating sequence for 'base-protocol'... Hello9    [{'datetime': '2020-12-03T00:00:00Z', 'value':...
Name: priceUSD, dtype: object
Done.
	Creating sequence for 'algorand'... Hello10    [{'datetime': '2019-06-21T00:00:00Z', 'value':...
Name: priceUSD, dtype: object
Done.
	Creating sequence for '0x0-ai-ai-smart-contract'... Hello11    [{'datetime': '2023-01-31T00:00:00Z', 'value':...
Name: priceUSD, dtype: object
Done.
	Creating sequence for 'bytom'... Hello12    [{'datetime': '2017-08-08T00:00:00Z', 'value':...
Name: priceUSD, dtype: object
Done.
	Creating sequence for 'as-roma-fan-token'... Hello13    [{'datetime': '2020-06-22T00:00:00Z', 'value':...
Name: priceUSD, dtype: object
Done.
	Creating sequence for 'cajutel'... Hello14    [{'datetime': '2019-01-31T00:00:00Z', 'value':...
Name: priceUSD, dtype: object
Done.
	Creating sequence for 'chainbing'... Hello15    [{'datetime': '2021-08-31T00:00:00Z', 'value':...
Name: priceUSD, dtype: object
Done.
	Creating sequence for 'calcium'... Hello16    [{'datetime': '2023-09-22T00:00:00Z', 'value':...
Name: priceUSD, dtype: object
Done.
	Creating sequence for 'belt'... Hello17    [{'datetime': '2021-03-11T00:00:00Z', 'value':...
Name: priceUSD, dtype: object
Done.
	Creating sequence for 'baasid'... Hello18    [{'datetime': '2018-08-10T00:00:00Z', 'value':...
Name: priceUSD, dtype: object
Done.
	Creating sequence for 'cobak-token'... Hello19    [{'datetime': '2020-12-24T00:00:00Z', 'value':...
Name: priceUSD, dtype: object
Done.
	Creating sequence for 'agatech'... Hello20    [{'datetime': '2023-12-05T00:00:00Z', 'value':...
Name: priceUSD, dtype: object
Done.
	Creating sequence for 'clearpool'... Hello21    [{'datetime': '2021-10-28T00:00:00Z', 'value':...
Name: priceUSD, dtype: object
Done.
	Creating sequence for 'bridge-mutual'... Hello22    [{'datetime': '2021-01-31T00:00:00Z', 'value':...
Name: priceUSD, dtype: object
Done.
	Creating sequence for 'bitget-wallet-token'... Hello23    [{'datetime': '2024-06-06T00:00:00Z', 'value':...
Name: priceUSD, dtype: object
Done.
	Creating sequence for 'chainx'... Hello24    [{'datetime': '2019-08-01T00:00:00Z', 'value':...
Name: priceUSD, dtype: object
Done.
	Creating sequence for 'anyswap'... Hello25    [{'datetime': '2020-08-17T00:00:00Z', 'value':...
Name: priceUSD, dtype: object
Done.
	Creating sequence for 'botto'... Hello26    [{'datetime': '2021-11-12T00:00:00Z', 'value':...
Name: priceUSD, dtype: object
Done.
	Creating sequence for 'bitcoin'... Hello27    [{'datetime': '2013-04-28T00:00:00Z', 'value':...
Name: priceUSD, dtype: object
Done.
	Creating sequence for 'centrifuge'... Hello28    [{'datetime': '2021-07-14T00:00:00Z', 'value':...
Name: priceUSD, dtype: object
Done.
	Creating sequence for 'basis-cash'... Hello29    [{'datetime': '2020-11-30T00:00:00Z', 'value':...
Name: priceUSD, dtype: object
Done.
	Creating sequence for 'bolt'... Hello30    [{'datetime': '2019-04-05T00:00:00Z', 'value':...
Name: priceUSD, dtype: object
Done.
	Creating sequence for 'creo-engine'... Hello31    [{'datetime': '2022-05-05T00:00:00Z', 'value':...
Name: priceUSD, dtype: object
Done.
	Creating sequence for 'band-protocol'... Hello32    [{'datetime': '2019-09-18T00:00:00Z', 'value':...
Name: priceUSD, dtype: object
Done.
	Creating sequence for 'celestia'... Hello33    [{'datetime': '2023-10-31T00:00:00Z', 'value':...
Name: priceUSD, dtype: object
Done.
	Creating sequence for 'antimatter'... Hello34    [{'datetime': '2021-03-02T00:00:00Z', 'value':...
Name: priceUSD, dtype: object
Done.
	Creating sequence for 'bistroo'... Hello35    [{'datetime': '2021-05-19T00:00:00Z', 'value':...
Name: priceUSD, dtype: object
Done.
	Creating sequence for 'aipad'... Hello36    [{'datetime': '2023-03-01T00:00:00Z', 'value':...
Name: priceUSD, dtype: object
Done.
	Creating sequence for 'bidao'... Hello37    [{'datetime': '2020-09-30T00:00:00Z', 'value':...
Name: priceUSD, dtype: object
Done.
	Creating sequence for 'bitmart-token'... Hello38    [{'datetime': '2018-07-13T00:00:00Z', 'value':...
Name: priceUSD, dtype: object
Done.
	Creating sequence for 'blocknet'... Hello39    [{'datetime': '2014-11-01T00:00:00Z', 'value':...
Name: priceUSD, dtype: object
Done.
	Creating sequence for 'aviator'... Hello40    [{'datetime': '2023-07-21T00:00:00Z', 'value':...
Name: priceUSD, dtype: object
Done.
	Creating sequence for 'ark'... Hello41    [{'datetime': '2017-03-22T00:00:00Z', 'value':...
Name: priceUSD, dtype: object
Done.
	Creating sequence for 'bifrost'... Hello42    [{'datetime': '2020-12-29T00:00:00Z', 'value':...
Name: priceUSD, dtype: object
Done.
	Creating sequence for 'assemble-protocol'... Hello43    [{'datetime': '2020-08-04T00:00:00Z', 'value':...
Name: priceUSD, dtype: object
Done.
	Creating sequence for 'aergo'... Hello44    [{'datetime': '2018-12-17T00:00:00Z', 'value':...
Name: priceUSD, dtype: object
Done.
	Creating sequence for 'artrade'... Hello45    [{'datetime': '2022-04-07T00:00:00Z', 'value':...
Name: priceUSD, dtype: object
Done.
	Creating sequence for 'access-protocol'... Hello46    [{'datetime': '2023-02-15T00:00:00Z', 'value':...
Name: priceUSD, dtype: object
Done.
	Creating sequence for 'aurusx'... Hello47    [{'datetime': '2020-10-08T00:00:00Z', 'value':...
Name: priceUSD, dtype: object
Done.
	Creating sequence for 'affyn'... Hello48    [{'datetime': '2022-01-30T00:00:00Z', 'value':...
Name: priceUSD, dtype: object
Done.
	Creating sequence for 'adapad'... Hello49    [{'datetime': '2021-09-09T00:00:00Z', 'value':...
Name: priceUSD, dtype: object
Done.
	Creating sequence for 'crypto-asset-governance-alliance'... Hello50    [{'datetime': '2023-11-13T00:00:00Z', 'value':...
Name: priceUSD, dtype: object
Done.
	Creating sequence for 'compound-basic-attention-token'... Hello51    [{'datetime': '2020-07-25T00:00:00Z', 'value':...
Name: priceUSD, dtype: object
Done.
	Creating sequence for 'aave-usdt'... Skipped.
	Creating sequence for 'apy-finance'... Hello53    [{'datetime': '2020-11-18T00:00:00Z', 'value':...
Name: priceUSD, dtype: object
Done.
	Creating sequence for 'arweave'... Hello54    [{'datetime': '2020-05-27T00:00:00Z', 'value':...
Name: priceUSD, dtype: object
Done.
	Creating sequence for 'ageofgods'... Hello55    [{'datetime': '2021-12-31T00:00:00Z', 'value':...
Name: priceUSD, dtype: object
Done.
	Creating sequence for 'biswap'... Hello56    [{'datetime': '2021-07-02T00:00:00Z', 'value':...
Name: priceUSD, dtype: object
Done.
	Creating sequence for 'dafi-protocol'... Hello57    [{'datetime': '2021-03-18T00:00:00Z', 'value':...
Name: priceUSD, dtype: object
Done.
	Creating sequence for 'biconomy'... Hello58    [{'datetime': '2021-12-01T00:00:00Z', 'value':...
Name: priceUSD, dtype: object
Done.
	Creating sequence for 'cumrocket'... Hello59    [{'datetime': '2021-04-14T00:00:00Z', 'value':...
Name: priceUSD, dtype: object
Done.
	Creating sequence for 'beoble'... Hello60    [{'datetime': '2024-02-28T00:00:00Z', 'value':...
Name: priceUSD, dtype: object
Done.
	Creating sequence for 'apm-coin'... Hello61    [{'datetime': '2019-12-27T00:00:00Z', 'value':...
Name: priceUSD, dtype: object
Done.
	Creating sequence for 'bottos'... Hello62    [{'datetime': '2018-01-14T00:00:00Z', 'value':...
Name: priceUSD, dtype: object
Done.
	Creating sequence for 'aave-usdc'... Skipped.
	Creating sequence for 'bullperks'... Hello64    [{'datetime': '2021-06-17T00:00:00Z', 'value':...
Name: priceUSD, dtype: object
Done.
	Creating sequence for 'bittorrent'... Hello65    [{'datetime': '2019-01-31T00:00:00Z', 'value':...
Name: priceUSD, dtype: object
Done.
	Creating sequence for 'aurory'... Hello66    [{'datetime': '2021-10-24T00:00:00Z', 'value':...
Name: priceUSD, dtype: object
Done.
	Creating sequence for 'acala'... Hello67    [{'datetime': '2022-01-25T00:00:00Z', 'value':...
Name: priceUSD, dtype: object
Done.
	Creating sequence for 'banano'... Hello68    [{'datetime': '2020-01-23T00:00:00Z', 'value':...
Name: priceUSD, dtype: object
Done.
	Creating sequence for 'aston-martin-cognizant-fan-token'... Hello69    [{'datetime': '2021-07-07T00:00:00Z', 'value':...
Name: priceUSD, dtype: object
Done.
	Creating sequence for 'argent'... Skipped.
	Creating sequence for 'celo-dollar'... Hello71    [{'datetime': '2020-09-30T00:00:00Z', 'value':...
Name: priceUSD, dtype: object
Done.
	Creating sequence for 'blendr-network'... Hello72    [{'datetime': '2024-03-06T00:00:00Z', 'value':...
Name: priceUSD, dtype: object
Done.
	Creating sequence for 'adamant-messenger'... Hello73    [{'datetime': '2019-01-17T00:00:00Z', 'value':...
Name: priceUSD, dtype: object
Done.
	Creating sequence for 'compound-ether'... Hello74    [{'datetime': '2020-07-24T00:00:00Z', 'value':...
Name: priceUSD, dtype: object
Done.
	Creating sequence for 'cloudbric'... Hello75    [{'datetime': '2019-01-30T00:00:00Z', 'value':...
Name: priceUSD, dtype: object
Done.
	Creating sequence for 'achain'... Hello76    [{'datetime': '2017-08-27T00:00:00Z', 'value':...
Name: priceUSD, dtype: object
Done.
	Creating sequence for 'ben-the-dog'... Hello77    [{'datetime': '2024-02-28T00:00:00Z', 'value':...
Name: priceUSD, dtype: object
Done.
	Creating sequence for 'arkham'... Hello78    [{'datetime': '2023-07-18T00:00:00Z', 'value':...
Name: priceUSD, dtype: object
Done.
	Creating sequence for 'cellframe'... Hello79    [{'datetime': '2021-03-30T00:00:00Z', 'value':...
Name: priceUSD, dtype: object
Done.
	Creating sequence for 'basic-attention-token'... Hello80    [{'datetime': '2017-06-01T00:00:00Z', 'value':...
Name: priceUSD, dtype: object
Done.
	Creating sequence for 'connex'... Hello81    [{'datetime': '2023-11-03T00:00:00Z', 'value':...
Name: priceUSD, dtype: object
Done.
	Creating sequence for 'coinsbit-token'... Hello82    [{'datetime': '2020-01-08T00:00:00Z', 'value':...
Name: priceUSD, dtype: object
Done.
	Creating sequence for 'chronicle'... Hello83    [{'datetime': '2021-09-18T00:00:00Z', 'value':...
Name: priceUSD, dtype: object
Done.
	Creating sequence for 'dacxi'... Hello84    [{'datetime': '2021-06-15T00:00:00Z', 'value':...
Name: priceUSD, dtype: object
Done.
	Creating sequence for 'arcs'... Hello85    [{'datetime': '2020-02-02T00:00:00Z', 'value':...
Name: priceUSD, dtype: object
Done.
	Creating sequence for 'billionhappiness'... Hello86    [{'datetime': '2020-10-20T00:00:00Z', 'value':...
Name: priceUSD, dtype: object
Done.
	Creating sequence for 'burger-swap'... Hello87    [{'datetime': '2020-09-25T00:00:00Z', 'value':...
Name: priceUSD, dtype: object
Done.
	Creating sequence for '1inch'... Hello88    [{'datetime': '2020-12-25T00:00:00Z', 'value':...
Name: priceUSD, dtype: object
Done.
	Creating sequence for 'binance-usd'... Hello89    [{'datetime': '2019-09-20T00:00:00Z', 'value':...
Name: priceUSD, dtype: object
Done.
	Creating sequence for 'beyond-finance'... Hello90    [{'datetime': '2021-04-14T00:00:00Z', 'value':...
Name: priceUSD, dtype: object
Done.
	Creating sequence for 'binemon'... Hello91    [{'datetime': '2021-08-27T00:00:00Z', 'value':...
Name: priceUSD, dtype: object
Done.
	Creating sequence for 'b20'... Hello92    [{'datetime': '2021-02-17T00:00:00Z', 'value':...
Name: priceUSD, dtype: object
Done.
	Creating sequence for 'bemo-staked-ton'... Hello93    [{'datetime': '2023-12-21T00:00:00Z', 'value':...
Name: priceUSD, dtype: object
Done.
	Creating sequence for 'aeron'... Hello94    [{'datetime': '2017-11-07T00:00:00Z', 'value':...
Name: priceUSD, dtype: object
Done.
	Creating sequence for 'coldstack'... Hello95    [{'datetime': '2021-05-15T00:00:00Z', 'value':...
Name: priceUSD, dtype: object
Done.
	Creating sequence for 'brz'... Hello96    [{'datetime': '2019-07-19T00:00:00Z', 'value':...
Name: priceUSD, dtype: object
Done.
	Creating sequence for 'blockstack'... Hello97    [{'datetime': '2019-10-28T00:00:00Z', 'value':...
Name: priceUSD, dtype: object
Done.
	Creating sequence for 'bamboo-defi'... Hello98    [{'datetime': '2021-03-24T00:00:00Z', 'value':...
Name: priceUSD, dtype: object
Done.
	Creating sequence for 'astroswap'... Hello99    [{'datetime': '2021-10-07T00:00:00Z', 'value':...
Name: priceUSD, dtype: object
Done.
	Creating sequence for 'barnbridge'... Hello100    [{'datetime': '2021-01-18T00:00:00Z', 'value':...
Name: priceUSD, dtype: object
Done.
	Creating sequence for 'bitcoin-wizards'... Hello101    [{'datetime': '2024-04-10T00:00:00Z', 'value':...
Name: priceUSD, dtype: object
Done.
	Creating sequence for 'commune-ai'... Hello102    [{'datetime': '2024-02-23T00:00:00Z', 'value':...
Name: priceUSD, dtype: object
Done.
	Creating sequence for 'alva'... Hello103    [{'datetime': '2023-09-19T00:00:00Z', 'value':...
Name: priceUSD, dtype: object
Done.
	Creating sequence for 'balpha'... Hello104    [{'datetime': '2021-03-15T00:00:00Z', 'value':...
Name: priceUSD, dtype: object
Done.
	Creating sequence for 'cardano'... Hello105    [{'datetime': '2017-10-01T00:00:00Z', 'value':...
Name: priceUSD, dtype: object
Done.
	Creating sequence for 'alvey-chain'... Hello106    [{'datetime': '2022-08-19T00:00:00Z', 'value':...
Name: priceUSD, dtype: object
Done.
	Creating sequence for 'adreward'... Hello107    [{'datetime': '2023-04-21T00:00:00Z', 'value':...
Name: priceUSD, dtype: object
Done.
	Creating sequence for 'acorn-protocol'... Hello108    [{'datetime': '2023-05-22T00:00:00Z', 'value':...
Name: priceUSD, dtype: object
Done.
	Creating sequence for 'bitcoin-cash'... Hello109    [{'datetime': '2017-07-23T00:00:00Z', 'value':...
Name: priceUSD, dtype: object
Done.
	Creating sequence for 'bazaars'... Hello110    [{'datetime': '2023-04-19T00:00:00Z', 'value':...
Name: priceUSD, dtype: object
Done.
	Creating sequence for 'cere-network'... Hello111    [{'datetime': '2021-11-09T00:00:00Z', 'value':...
Name: priceUSD, dtype: object
Done.
	Creating sequence for 'bnsd-finance'... Hello112    [{'datetime': '2020-09-06T00:00:00Z', 'value':...
Name: priceUSD, dtype: object
Done.
	Creating sequence for 'bitball-treasure'... Hello113    [{'datetime': '2019-11-05T00:00:00Z', 'value':...
Name: priceUSD, dtype: object
Done.
	Creating sequence for 'airight'... Hello114    [{'datetime': '2021-09-02T00:00:00Z', 'value':...
Name: priceUSD, dtype: object
Done.
	Creating sequence for 'auto'... Hello115    [{'datetime': '2021-02-03T00:00:00Z', 'value':...
Name: priceUSD, dtype: object
Done.
	Creating sequence for 'comtech-gold'... Hello116    [{'datetime': '2022-05-24T00:00:00Z', 'value':...
Name: priceUSD, dtype: object
Done.
	Creating sequence for 'bluzelle'... Hello117    [{'datetime': '2018-02-06T00:00:00Z', 'value':...
Name: priceUSD, dtype: object
Done.
	Creating sequence for 'bitkub-coin'... Hello118    [{'datetime': '2021-12-16T00:00:00Z', 'value':...
Name: priceUSD, dtype: object
Done.
	Creating sequence for 'aston-villa-fan-token'... Hello119    [{'datetime': '2021-11-24T00:00:00Z', 'value':...
Name: priceUSD, dtype: object
Done.
	Creating sequence for 'crash-on-base'... Hello120    [{'datetime': '2024-06-27T00:00:00Z', 'value':...
Name: priceUSD, dtype: object
Done.
	Creating sequence for 'aeon'... Hello121    [{'datetime': '2015-08-04T00:00:00Z', 'value':...
Name: priceUSD, dtype: object
Done.
	Creating sequence for 'alchemix'... Hello122    [{'datetime': '2021-03-02T00:00:00Z', 'value':...
Name: priceUSD, dtype: object
Done.
	Creating sequence for 'bitball'... Hello123    [{'datetime': '2019-01-11T00:00:00Z', 'value':...
Name: priceUSD, dtype: object
Done.
	Creating sequence for 'beefy-finance'... Hello124    [{'datetime': '2021-09-01T00:00:00Z', 'value':...
Name: priceUSD, dtype: object
Done.
	Creating sequence for 'calamari-network'... Hello125    [{'datetime': '2021-11-30T00:00:00Z', 'value':...
Name: priceUSD, dtype: object
Done.
	Creating sequence for 'crown-by-third-time-games'... Hello126    [{'datetime': '2023-05-23T00:00:00Z', 'value':...
Name: priceUSD, dtype: object
Done.
	Creating sequence for 'apeswap-finance'... Hello127    [{'datetime': '2021-03-12T00:00:00Z', 'value':...
Name: priceUSD, dtype: object
Done.
	Creating sequence for 'ait-protocol'... Hello128    [{'datetime': '2023-12-29T00:00:00Z', 'value':...
Name: priceUSD, dtype: object
Done.
	Creating sequence for 'ampleforth-governance-token'... Hello129    [{'datetime': '2021-04-22T00:00:00Z', 'value':...
Name: priceUSD, dtype: object
Done.
	Creating sequence for 'aion'... Hello130    [{'datetime': '2017-10-18T00:00:00Z', 'value':...
Name: priceUSD, dtype: object
Done.
	Creating sequence for 'autonio'... Hello131    [{'datetime': '2017-11-06T00:00:00Z', 'value':...
Name: priceUSD, dtype: object
Done.
	Creating sequence for 'airtor-protocol'... Hello132    [{'datetime': '2023-03-04T00:00:00Z', 'value':...
Name: priceUSD, dtype: object
Done.
	Creating sequence for 'acquire-fi'... Hello133    [{'datetime': '2022-09-29T00:00:00Z', 'value':...
Name: priceUSD, dtype: object
Done.
	Creating sequence for 'aptos'... Hello134    [{'datetime': '2022-10-19T00:00:00Z', 'value':...
Name: priceUSD, dtype: object
Done.
	Creating sequence for 'cyberfi'... Hello135    [{'datetime': '2020-11-18T00:00:00Z', 'value':...
Name: priceUSD, dtype: object
Done.
	Creating sequence for 'carvertical'... Hello136    [{'datetime': '2018-01-22T00:00:00Z', 'value':...
Name: priceUSD, dtype: object
Done.
	Creating sequence for 'captain-tsubasa'... Hello137    [{'datetime': '2023-09-20T00:00:00Z', 'value':...
Name: priceUSD, dtype: object
Done.
	Creating sequence for 'bitcoin-diamond'... Hello138    [{'datetime': '2017-11-24T00:00:00Z', 'value':...
Name: priceUSD, dtype: object
Done.
	Creating sequence for 'bitcoin-gold'... Hello139    [{'datetime': '2017-10-23T00:00:00Z', 'value':...
Name: priceUSD, dtype: object
Done.
	Creating sequence for 'cotrader'... Hello140    [{'datetime': '2019-03-07T00:00:00Z', 'value':...
Name: priceUSD, dtype: object
Done.
	Creating sequence for 'coin98'... Hello141    [{'datetime': '2021-08-09T00:00:00Z', 'value':...
Name: priceUSD, dtype: object
Done.
	Creating sequence for 'convex-finance'... Hello142    [{'datetime': '2021-05-18T00:00:00Z', 'value':...
Name: priceUSD, dtype: object
Done.
	Creating sequence for 'alpine-f1-team-fan-token'... Hello143    [{'datetime': '2022-02-21T00:00:00Z', 'value':...
Name: priceUSD, dtype: object
Done.
	Creating sequence for 'ampleforth'... Hello144    [{'datetime': '2019-06-28T00:00:00Z', 'value':...
Name: priceUSD, dtype: object
Done.
	Creating sequence for 'airswap'... Hello145    [{'datetime': '2017-10-17T00:00:00Z', 'value':...
Name: priceUSD, dtype: object
Done.
	Creating sequence for 'aerodrome-finance'... Hello146    [{'datetime': '2024-02-02T00:00:00Z', 'value':...
Name: priceUSD, dtype: object
Done.
	Creating sequence for 'blackcardcoin'... Hello147    [{'datetime': '2024-04-11T00:00:00Z', 'value':...
Name: priceUSD, dtype: object
Done.
	Creating sequence for 'ambo'... Skipped.
	Creating sequence for 'bepro-network'... Hello149    [{'datetime': '2019-12-21T00:00:00Z', 'value':...
Name: priceUSD, dtype: object
Done.
	Creating sequence for 'azuki'... Hello150    [{'datetime': '2020-11-11T00:00:00Z', 'value':...
Name: priceUSD, dtype: object
Done.
	Creating sequence for 'aioz-network'... Hello151    [{'datetime': '2021-04-05T00:00:00Z', 'value':...
Name: priceUSD, dtype: object
Done.
	Creating sequence for 'astar'... Hello152    [{'datetime': '2022-01-18T00:00:00Z', 'value':...
Name: priceUSD, dtype: object
Done.
	Creating sequence for 'augur'... Hello153    [{'datetime': '2015-10-27T00:00:00Z', 'value':...
Name: priceUSD, dtype: object
Done.
	Creating sequence for 'adshares'... Hello154    [{'datetime': '2017-08-12T00:00:00Z', 'value':...
Name: priceUSD, dtype: object
Done.
	Creating sequence for 'ceres'... Hello155    [{'datetime': '2021-08-27T00:00:00Z', 'value':...
Name: priceUSD, dtype: object
Done.
	Creating sequence for 'constitutiondao'... Hello156    [{'datetime': '2021-11-19T00:00:00Z', 'value':...
Name: priceUSD, dtype: object
Done.
	Creating sequence for 'aragon'... Hello157    [{'datetime': '2017-05-18T00:00:00Z', 'value':...
Name: priceUSD, dtype: object
Done.
	Creating sequence for 'areon-network'... Hello158    [{'datetime': '2023-01-19T00:00:00Z', 'value':...
Name: priceUSD, dtype: object
Done.
	Creating sequence for 'ai-analysis-token'... Hello159    [{'datetime': '2024-01-18T00:00:00Z', 'value':...
Name: priceUSD, dtype: object
Done.
	Creating sequence for 'armor'... Hello160    [{'datetime': '2021-01-27T00:00:00Z', 'value':...
Name: priceUSD, dtype: object
Done.
	Creating sequence for 'bitshares'... Hello161    [{'datetime': '2014-07-21T00:00:00Z', 'value':...
Name: priceUSD, dtype: object
Done.
	Creating sequence for 'cryptozoon'... Hello162    [{'datetime': '2021-08-03T00:00:00Z', 'value':...
Name: priceUSD, dtype: object
Done.
	Creating sequence for 'bitdao'... Hello163    [{'datetime': '2021-09-02T00:00:00Z', 'value':...
Name: priceUSD, dtype: object
Done.
	Creating sequence for 'convergence'... Hello164    [{'datetime': '2021-03-29T00:00:00Z', 'value':...
Name: priceUSD, dtype: object
Done.
	Creating sequence for 'contentos'... Hello165    [{'datetime': '2019-06-20T00:00:00Z', 'value':...
Name: priceUSD, dtype: object
Done.
	Creating sequence for 'alitas'... Hello166    [{'datetime': '2021-07-14T00:00:00Z', 'value':...
Name: priceUSD, dtype: object
Done.
	Creating sequence for 'akita-inu'... Hello167    [{'datetime': '2021-02-03T00:00:00Z', 'value':...
Name: priceUSD, dtype: object
Done.
	Creating sequence for 'aeternity'... Hello168    [{'datetime': '2017-06-01T00:00:00Z', 'value':...
Name: priceUSD, dtype: object
Done.
	Creating sequence for 'brainlet'... Skipped.
	Creating sequence for 'bread'... Hello170    [{'datetime': '2017-12-24T00:00:00Z', 'value':...
Name: priceUSD, dtype: object
Done.
	Creating sequence for 'contentbox'... Hello171    [{'datetime': '2018-07-19T00:00:00Z', 'value':...
Name: priceUSD, dtype: object
Done.
	Creating sequence for 'bad-idea-ai'... Hello172    [{'datetime': '2023-05-21T00:00:00Z', 'value':...
Name: priceUSD, dtype: object
Done.
	Creating sequence for 'crypto-ai-robo'... Hello173    [{'datetime': '2023-12-11T00:00:00Z', 'value':...
Name: priceUSD, dtype: object
Done.
	Creating sequence for 'blind-boxes'... Hello174    [{'datetime': '2021-03-31T00:00:00Z', 'value':...
Name: priceUSD, dtype: object
Done.
	Creating sequence for 'beam'... Hello175    [{'datetime': '2019-01-17T00:00:00Z', 'value':...
Name: priceUSD, dtype: object
Done.
	Creating sequence for 'alien-worlds'... Hello176    [{'datetime': '2021-04-14T00:00:00Z', 'value':...
Name: priceUSD, dtype: object
Done.
	Creating sequence for 'banana-gun'... Hello177    [{'datetime': '2023-09-20T00:00:00Z', 'value':...
Name: priceUSD, dtype: object
Done.
	Creating sequence for 'aave-mana'... Skipped.
	Creating sequence for 'amino'... Hello179    [{'datetime': '2019-09-10T00:00:00Z', 'value':...
Name: priceUSD, dtype: object
Done.
	Creating sequence for 'cashaa'... Hello180    [{'datetime': '2018-02-15T00:00:00Z', 'value':...
Name: priceUSD, dtype: object
Done.
	Creating sequence for 'catcoin'... Hello181    [{'datetime': '2022-04-30T00:00:00Z', 'value':...
Name: priceUSD, dtype: object
Done.
	Creating sequence for 'birake'... Hello182    [{'datetime': '2018-09-13T00:00:00Z', 'value':...
Name: priceUSD, dtype: object
Done.
	Creating sequence for 'altered-state-token'... Hello183    [{'datetime': '2022-04-09T00:00:00Z', 'value':...
Name: priceUSD, dtype: object
Done.
	Creating sequence for 'bonfida'... Hello184    [{'datetime': '2020-12-28T00:00:00Z', 'value':...
Name: priceUSD, dtype: object
Done.
	Creating sequence for 'bakerytoken'... Hello185    [{'datetime': '2021-04-29T00:00:00Z', 'value':...
Name: priceUSD, dtype: object
Done.
	Creating sequence for 'aave-link'... Skipped.
	Creating sequence for 'credefi'... Hello187    [{'datetime': '2021-12-10T00:00:00Z', 'value':...
Name: priceUSD, dtype: object
Done.
	Creating sequence for 'bella-protocol'... Hello188    [{'datetime': '2020-10-22T00:00:00Z', 'value':...
Name: priceUSD, dtype: object
Done.
	Creating sequence for 'ardor'... Hello189    [{'datetime': '2016-07-23T00:00:00Z', 'value':...
Name: priceUSD, dtype: object
Done.
	Creating sequence for 'acknoledger'... Hello190    [{'datetime': '2021-10-29T00:00:00Z', 'value':...
Name: priceUSD, dtype: object
Done.
	Creating sequence for 'cryptogpt'... Hello191    [{'datetime': '2023-03-10T00:00:00Z', 'value':...
Name: priceUSD, dtype: object
Done.
	Creating sequence for 'civic'... Hello192    [{'datetime': '2017-07-17T00:00:00Z', 'value':...
Name: priceUSD, dtype: object
Done.
	Creating sequence for 'bifi'... Hello193    [{'datetime': '2021-01-01T00:00:00Z', 'value':...
Name: priceUSD, dtype: object
Done.
	Creating sequence for 'axelar'... Hello194    [{'datetime': '2022-09-27T00:00:00Z', 'value':...
Name: priceUSD, dtype: object
Done.
	Creating sequence for 'amepay'... Hello195    [{'datetime': '2021-01-03T00:00:00Z', 'value':...
Name: priceUSD, dtype: object
Done.
	Creating sequence for 'clube-atletico-mineiro-fan-token'... Hello196    [{'datetime': '2021-11-25T00:00:00Z', 'value':...
Name: priceUSD, dtype: object
Done.
	Creating sequence for 'cyclone-protocol'... Hello197    [{'datetime': '2021-04-02T00:00:00Z', 'value':...
Name: priceUSD, dtype: object
Done.
	Creating sequence for 'apenft'... Hello198    [{'datetime': '2021-05-21T00:00:00Z', 'value':...
Name: priceUSD, dtype: object
Done.
	Creating sequence for 'celo'... Hello199    [{'datetime': '2020-05-22T00:00:00Z', 'value':...
Name: priceUSD, dtype: object
Done.
	Creating sequence for 'coinweb'... Hello200    [{'datetime': '2021-12-31T00:00:00Z', 'value':...
Name: priceUSD, dtype: object
Done.
	Creating sequence for 'concordium'... Hello201    [{'datetime': '2022-02-15T00:00:00Z', 'value':...
Name: priceUSD, dtype: object
Done.
	Creating sequence for 'chex-token'... Hello202    [{'datetime': '2021-02-21T00:00:00Z', 'value':...
Name: priceUSD, dtype: object
Done.
	Creating sequence for 'coinex-token'... Hello203    [{'datetime': '2018-10-24T00:00:00Z', 'value':...
Name: priceUSD, dtype: object
Done.
	Creating sequence for 'appcoins'... Hello204    [{'datetime': '2018-01-08T00:00:00Z', 'value':...
Name: priceUSD, dtype: object
Done.
	Creating sequence for 'boba-network'... Hello205    [{'datetime': '2021-11-21T00:00:00Z', 'value':...
Name: priceUSD, dtype: object
Done.
	Creating sequence for 'arcona'... Hello206    [{'datetime': '2020-08-06T00:00:00Z', 'value':...
Name: priceUSD, dtype: object
Done.
	Creating sequence for 'azuro-protocol'... Hello207    [{'datetime': '2024-06-20T00:00:00Z', 'value':...
Name: priceUSD, dtype: object
Done.
	Creating sequence for 'aave-tusd'... Skipped.
	Creating sequence for 'babb'... Hello209    [{'datetime': '2018-03-09T00:00:00Z', 'value':...
Name: priceUSD, dtype: object
Done.
	Creating sequence for 'cult-dao'... Hello210    [{'datetime': '2022-02-03T00:00:00Z', 'value':...
Name: priceUSD, dtype: object
Done.
	Creating sequence for 'avail'... Skipped.
	Creating sequence for 'amond'... Hello212    [{'datetime': '2019-09-28T00:00:00Z', 'value':...
Name: priceUSD, dtype: object
Done.
	Creating sequence for 'akash-network'... Hello213    [{'datetime': '2021-01-27T00:00:00Z', 'value':...
Name: priceUSD, dtype: object
Done.
	Creating sequence for 'bitcicoin'... Hello214    [{'datetime': '2021-01-30T00:00:00Z', 'value':...
Name: priceUSD, dtype: object
Done.
	Creating sequence for 'aave-knc'... Skipped.
	Creating sequence for '0x'... Hello216    [{'datetime': '2017-08-16T00:00:00Z', 'value':...
Name: priceUSD, dtype: object
Done.
	Creating sequence for 'billy'... Hello217    [{'datetime': '2024-06-20T00:00:00Z', 'value':...
Name: priceUSD, dtype: object
Done.
	Creating sequence for 'bbs-network'... Hello218    [{'datetime': '2022-02-19T00:00:00Z', 'value':...
Name: priceUSD, dtype: object
Done.
	Creating sequence for 'atlas-navi'... Hello219    [{'datetime': '2022-12-07T00:00:00Z', 'value':...
Name: priceUSD, dtype: object
Done.
	Creating sequence for 'api3'... Hello220    [{'datetime': '2020-11-30T00:00:00Z', 'value':...
Name: priceUSD, dtype: object
Done.
	Creating sequence for 'andy-on-sol'... Hello221    [{'datetime': '2024-03-12T00:00:00Z', 'value':...
Name: priceUSD, dtype: object
Done.
	Creating sequence for 'credits'... Hello222    [{'datetime': '2018-03-03T00:00:00Z', 'value':...
Name: priceUSD, dtype: object
Done.
	Creating sequence for '5ire'... Hello223    [{'datetime': '2023-12-05T00:00:00Z', 'value':...
Name: priceUSD, dtype: object
Done.
	Creating sequence for 'aethir'... Hello224    [{'datetime': '2024-06-12T00:00:00Z', 'value':...
Name: priceUSD, dtype: object
Done.
	Creating sequence for 'axie-infinity'... Hello225    [{'datetime': '2020-11-06T00:00:00Z', 'value':...
Name: priceUSD, dtype: object
Done.
	Creating sequence for 'compound-uniswap'... Hello226    [{'datetime': '2021-07-29T00:00:00Z', 'value':...
Name: priceUSD, dtype: object
Done.
	Creating sequence for 'beta-finance'... Hello227    [{'datetime': '2021-10-08T00:00:00Z', 'value':...
Name: priceUSD, dtype: object
Done.
	Creating sequence for 'blockasset'... Hello228    [{'datetime': '2021-12-16T00:00:00Z', 'value':...
Name: priceUSD, dtype: object
Done.
	Creating sequence for 'art-de-finance'... Hello229    [{'datetime': '2023-05-30T00:00:00Z', 'value':...
Name: priceUSD, dtype: object
Done.
	Creating sequence for '3space-art'... Hello230    [{'datetime': '2023-12-12T00:00:00Z', 'value':...
Name: priceUSD, dtype: object
Done.
	Creating sequence for 'carry'... Hello231    [{'datetime': '2019-05-17T00:00:00Z', 'value':...
Name: priceUSD, dtype: object
Done.
	Creating sequence for 'amber'... Hello232    [{'datetime': '2017-10-23T00:00:00Z', 'value':...
Name: priceUSD, dtype: object
Done.
	Creating sequence for 'alephium'... Hello233    [{'datetime': '2022-01-13T00:00:00Z', 'value':...
Name: priceUSD, dtype: object
Done.
	Creating sequence for 'bibox-token'... Hello234    [{'datetime': '2017-12-24T00:00:00Z', 'value':...
Name: priceUSD, dtype: object
Done.
	Creating sequence for 'boson-protocol'... Hello235    [{'datetime': '2021-05-11T00:00:00Z', 'value':...
Name: priceUSD, dtype: object
Done.
	Creating sequence for 'arcblock'... Hello236    [{'datetime': '2018-02-26T00:00:00Z', 'value':...
Name: priceUSD, dtype: object
Done.
	Creating sequence for 'circuits-of-value'... Hello237    [{'datetime': '2015-01-24T00:00:00Z', 'value':...
Name: priceUSD, dtype: object
Done.
	Creating sequence for 'book-of-meme'... Hello238    [{'datetime': '2024-03-14T00:00:00Z', 'value':...
Name: priceUSD, dtype: object
Done.
	Creating sequence for 'aventus'... Hello239    [{'datetime': '2017-09-06T00:00:00Z', 'value':...
Name: priceUSD, dtype: object
Done.
	Creating sequence for 'adappter-token'... Hello240    [{'datetime': '2020-12-17T00:00:00Z', 'value':...
Name: priceUSD, dtype: object
Done.
	Creating sequence for '404aliens'... Hello241    [{'datetime': '2024-02-20T00:00:00Z', 'value':...
Name: priceUSD, dtype: object
Done.
	Creating sequence for 'cratos'... Hello242    [{'datetime': '2021-09-24T00:00:00Z', 'value':...
Name: priceUSD, dtype: object
Done.
	Creating sequence for 'cartesi'... Hello243    [{'datetime': '2020-04-23T00:00:00Z', 'value':...
Name: priceUSD, dtype: object
Done.
	Creating sequence for 'choise'... Hello244    [{'datetime': '2022-06-08T00:00:00Z', 'value':...
Name: priceUSD, dtype: object
Done.
	Creating sequence for 'amaterasu-omikami'... Hello245    [{'datetime': '2023-09-20T00:00:00Z', 'value':...
Name: priceUSD, dtype: object
Done.
	Creating sequence for 'adventure-gold'... Hello246    [{'datetime': '2021-09-03T00:00:00Z', 'value':...
Name: priceUSD, dtype: object
Done.
	Creating sequence for 'celer-network'... Hello247    [{'datetime': '2019-03-25T00:00:00Z', 'value':...
Name: priceUSD, dtype: object
Done.
	Creating sequence for 'bitpanda-ecosystem-token'... Hello248    [{'datetime': '2019-10-18T00:00:00Z', 'value':...
Name: priceUSD, dtype: object
Done.
	Creating sequence for 'celo-euro'... Hello249    [{'datetime': '2021-06-30T00:00:00Z', 'value':...
Name: priceUSD, dtype: object
Done.
	Creating sequence for 'bomb'... Hello250    [{'datetime': '2019-05-22T00:00:00Z', 'value':...
Name: priceUSD, dtype: object
Done.
	Creating sequence for 'cosmos'... Hello251    [{'datetime': '2019-03-14T00:00:00Z', 'value':...
Name: priceUSD, dtype: object
Done.
	Creating sequence for 'cudos'... Hello252    [{'datetime': '2021-02-03T00:00:00Z', 'value':...
Name: priceUSD, dtype: object
Done.
	Creating sequence for 'bora'... Hello253    [{'datetime': '2019-03-18T00:00:00Z', 'value':...
Name: priceUSD, dtype: object
Done.
	Creating sequence for 'altlayer'... Hello254    [{'datetime': '2024-01-25T00:00:00Z', 'value':...
Name: priceUSD, dtype: object
Done.
	Creating sequence for 'aave-dai'... Skipped.
	Creating sequence for 'aimalls'... Hello256    [{'datetime': '2023-10-30T00:00:00Z', 'value':...
Name: priceUSD, dtype: object
Done.
	Creating sequence for 'bitrock'... Hello257    [{'datetime': '2023-07-17T00:00:00Z', 'value':...
Name: priceUSD, dtype: object
Done.
	Creating sequence for 'acute-angle-cloud'... Hello258    [{'datetime': '2018-01-20T00:00:00Z', 'value':...
Name: priceUSD, dtype: object
Done.
	Creating sequence for 'blocery'... Hello259    [{'datetime': '2021-02-03T00:00:00Z', 'value':...
Name: priceUSD, dtype: object
Done.
	Creating sequence for 'beamswap'... Hello260    [{'datetime': '2022-03-19T00:00:00Z', 'value':...
Name: priceUSD, dtype: object
Done.
	Creating sequence for 'alkimi'... Hello261    [{'datetime': '2021-08-27T00:00:00Z', 'value':...
Name: priceUSD, dtype: object
Done.
	Creating sequence for 'attila'... Hello262    [{'datetime': '2020-05-19T00:00:00Z', 'value':...
Name: priceUSD, dtype: object
Done.
	Creating sequence for 'brickken'... Hello263    [{'datetime': '2023-07-25T00:00:00Z', 'value':...
Name: priceUSD, dtype: object
Done.
	Creating sequence for 'alethea-artificial-liquid-intelligence-token'... Hello264    [{'datetime': '2022-02-14T00:00:00Z', 'value':...
Name: priceUSD, dtype: object
Done.
Preparing data for testing...
	Creating sequence for 'cetus-protocol'... Hello265    [{'datetime': '2023-05-10T00:00:00Z', 'value':...
Name: priceUSD, dtype: object
Done.
	Creating sequence for 'aave-snx'... Skipped.
	Creating sequence for 'axel'... Hello267    [{'datetime': '2020-08-06T00:00:00Z', 'value':...
Name: priceUSD, dtype: object
Done.
	Creating sequence for 'bao-finance'... Hello268    [{'datetime': '2021-03-02T00:00:00Z', 'value':...
Name: priceUSD, dtype: object
Done.
	Creating sequence for 'babyswap'... Hello269    [{'datetime': '2021-06-08T00:00:00Z', 'value':...
Name: priceUSD, dtype: object
Done.
	Creating sequence for 'blockchain-monster-hunt'... Hello270    [{'datetime': '2021-10-14T00:00:00Z', 'value':...
Name: priceUSD, dtype: object
Done.
	Creating sequence for 'conun'... Hello271    [{'datetime': '2019-12-25T00:00:00Z', 'value':...
Name: priceUSD, dtype: object
Done.
	Creating sequence for 'brn-metaverse'... Hello272    [{'datetime': '2022-04-15T00:00:00Z', 'value':...
Name: priceUSD, dtype: object
Done.
	Creating sequence for 'berry-data'... Hello273    [{'datetime': '2021-02-16T00:00:00Z', 'value':...
Name: priceUSD, dtype: object
Done.
	Creating sequence for 'aave-bat'... Skipped.
	Creating sequence for 'ankr'... Hello275    [{'datetime': '2019-03-06T00:00:00Z', 'value':...
Name: priceUSD, dtype: object
Done.
	Creating sequence for 'bondly'... Hello276    [{'datetime': '2021-01-09T00:00:00Z', 'value':...
Name: priceUSD, dtype: object
Done.
	Creating sequence for 'cryptofranc'... Hello277    [{'datetime': '2019-07-02T00:00:00Z', 'value':...
Name: priceUSD, dtype: object
Done.
	Creating sequence for 'crowns'... Hello278    [{'datetime': '2021-03-15T00:00:00Z', 'value':...
Name: priceUSD, dtype: object
Done.
	Creating sequence for 'bosagora'... Hello279    [{'datetime': '2019-08-05T00:00:00Z', 'value':...
Name: priceUSD, dtype: object
Done.
	Creating sequence for 'bobo-coin'... Hello280    [{'datetime': '2023-05-15T00:00:00Z', 'value':...
Name: priceUSD, dtype: object
Done.
	Creating sequence for 'coinfi'... Hello281    [{'datetime': '2018-01-29T00:00:00Z', 'value':...
Name: priceUSD, dtype: object
Done.
	Creating sequence for 'crvusd'... Hello282    [{'datetime': '2023-06-28T00:00:00Z', 'value':...
Name: priceUSD, dtype: object
Done.
	Creating sequence for '88mph'... Hello283    [{'datetime': '2020-11-24T00:00:00Z', 'value':...
Name: priceUSD, dtype: object
Done.
	Creating sequence for '0chain'... Hello284    [{'datetime': '2018-07-02T00:00:00Z', 'value':...
Name: priceUSD, dtype: object
Done.
	Creating sequence for 'autonolas'... Hello285    [{'datetime': '2023-11-20T00:00:00Z', 'value':...
Name: priceUSD, dtype: object
Done.
	Creating sequence for 'byte'... Hello286    [{'datetime': '2023-12-11T00:00:00Z', 'value':...
Name: priceUSD, dtype: object
Done.
	Creating sequence for 'corite'... Hello287    [{'datetime': '2022-09-29T00:00:00Z', 'value':...
Name: priceUSD, dtype: object
Done.
	Creating sequence for 'breederdao'... Hello288    [{'datetime': '2022-04-28T00:00:00Z', 'value':...
Name: priceUSD, dtype: object
Done.
	Creating sequence for 'coti'... Hello289    [{'datetime': '2019-06-04T00:00:00Z', 'value':...
Name: priceUSD, dtype: object
Done.
	Creating sequence for 'blockv'... Hello290    [{'datetime': '2017-11-28T00:00:00Z', 'value':...
Name: priceUSD, dtype: object
Done.
	Creating sequence for 'aurora-near'... Hello291    [{'datetime': '2021-11-19T00:00:00Z', 'value':...
Name: priceUSD, dtype: object
Done.
	Creating sequence for 'audius'... Hello292    [{'datetime': '2020-11-24T00:00:00Z', 'value':...
Name: priceUSD, dtype: object
Done.
	Creating sequence for 'cropbytes'... Hello293    [{'datetime': '2021-11-06T00:00:00Z', 'value':...
Name: priceUSD, dtype: object
Done.
	Creating sequence for 'cheems'... Hello294    [{'datetime': '2021-09-15T00:00:00Z', 'value':...
Name: priceUSD, dtype: object
Done.
	Creating sequence for 'conceal'... Hello295    [{'datetime': '2019-02-09T00:00:00Z', 'value':...
Name: priceUSD, dtype: object
Done.
	Creating sequence for 'ariva'... Hello296    [{'datetime': '2021-09-01T00:00:00Z', 'value':...
Name: priceUSD, dtype: object
Done.
	Creating sequence for 'blockchain-certified-data-token'... Hello297    [{'datetime': '2018-11-28T00:00:00Z', 'value':...
Name: priceUSD, dtype: object
Done.
	Creating sequence for 'auctus'... Hello298    [{'datetime': '2018-04-20T00:00:00Z', 'value':...
Name: priceUSD, dtype: object
Done.
	Creating sequence for 'bitcoin-atom'... Hello299    [{'datetime': '2018-01-13T00:00:00Z', 'value':...
Name: priceUSD, dtype: object
Done.
	Creating sequence for 'aave-mkr'... Skipped.
	Creating sequence for 'alchemy-pay'... Hello301    [{'datetime': '2020-09-09T00:00:00Z', 'value':...
Name: priceUSD, dtype: object
Done.
	Creating sequence for 'befe'... Hello302    [{'datetime': '2023-11-20T00:00:00Z', 'value':...
Name: priceUSD, dtype: object
Done.
	Creating sequence for 'archloot'... Hello303    [{'datetime': '2022-11-23T00:00:00Z', 'value':...
Name: priceUSD, dtype: object
Done.
	Creating sequence for 'aelf'... Hello304    [{'datetime': '2017-12-21T00:00:00Z', 'value':...
Name: priceUSD, dtype: object
Done.
	Creating sequence for 'arsenal-fan-token'... Hello305    [{'datetime': '2021-10-28T00:00:00Z', 'value':...
Name: priceUSD, dtype: object
Done.
	Creating sequence for 'cookie'... Hello306    [{'datetime': '2024-06-15T00:00:00Z', 'value':...
Name: priceUSD, dtype: object
Done.
	Creating sequence for 'counterparty'... Hello307    [{'datetime': '2014-02-15T00:00:00Z', 'value':...
Name: priceUSD, dtype: object
Done.
	Creating sequence for 'binamon'... Hello308    [{'datetime': '2021-06-30T00:00:00Z', 'value':...
Name: priceUSD, dtype: object
Done.
	Creating sequence for 'blast'... Hello309    [{'datetime': '2024-06-26T00:00:00Z', 'value':...
Name: priceUSD, dtype: object
Done.
	Creating sequence for 'coinpoker'... Hello310    [{'datetime': '2018-03-08T00:00:00Z', 'value':...
Name: priceUSD, dtype: object
Done.
	Creating sequence for 'cvault-finance'... Hello311    [{'datetime': '2020-09-30T00:00:00Z', 'value':...
Name: priceUSD, dtype: object
Done.
	Creating sequence for 'alpaca-finance'... Hello312    [{'datetime': '2021-07-27T00:00:00Z', 'value':...
Name: priceUSD, dtype: object
Done.
	Creating sequence for 'aigentx'... Hello313    [{'datetime': '2023-12-18T00:00:00Z', 'value':...
Name: priceUSD, dtype: object
Done.
	Creating sequence for 'bouncebit'... Hello314    [{'datetime': '2024-05-13T00:00:00Z', 'value':...
Name: priceUSD, dtype: object
Done.
	Creating sequence for 'balancer'... Hello315    [{'datetime': '2020-06-24T00:00:00Z', 'value':...
Name: priceUSD, dtype: object
Done.
	Creating sequence for 'cindicator'... Hello316    [{'datetime': '2017-10-13T00:00:00Z', 'value':...
Name: priceUSD, dtype: object
Done.
	Creating sequence for 'altava'... Hello317    [{'datetime': '2022-07-08T00:00:00Z', 'value':...
Name: priceUSD, dtype: object
Done.
	Creating sequence for 'clintex-cti'... Hello318    [{'datetime': '2020-12-04T00:00:00Z', 'value':...
Name: priceUSD, dtype: object
Done.
	Creating sequence for 'anchor-protocol'... Hello319    [{'datetime': '2021-03-18T00:00:00Z', 'value':...
Name: priceUSD, dtype: object
Done.
	Creating sequence for 'aave'... Hello320    [{'datetime': '2017-11-30T00:00:00Z', 'value':...
Name: priceUSD, dtype: object
Done.
	Creating sequence for 'daex'... Hello321    [{'datetime': '2018-05-02T00:00:00Z', 'value':...
Name: priceUSD, dtype: object
Done.
	Creating sequence for 'carbon-browser'... Hello322    [{'datetime': '2023-02-18T00:00:00Z', 'value':...
Name: priceUSD, dtype: object
Done.
	Creating sequence for 'blazestake-staked-sol'... Hello323    [{'datetime': '2023-12-28T00:00:00Z', 'value':...
Name: priceUSD, dtype: object
Done.
	Creating sequence for 'city-tycoon-games'... Hello324    [{'datetime': '2022-11-05T00:00:00Z', 'value':...
Name: priceUSD, dtype: object
Done.
	Creating sequence for 'aura-finance'... Hello325    [{'datetime': '2022-08-23T00:00:00Z', 'value':...
Name: priceUSD, dtype: object
Done.
	Creating sequence for 'cryptoblades'... Hello326    [{'datetime': '2021-07-27T00:00:00Z', 'value':...
Name: priceUSD, dtype: object
Done.
	Creating sequence for 'atlas-protocol'... Hello327    [{'datetime': '2018-11-28T00:00:00Z', 'value':...
Name: priceUSD, dtype: object
Done.
	Creating sequence for 'covesting'... Hello328    [{'datetime': '2018-01-23T00:00:00Z', 'value':...
Name: priceUSD, dtype: object
Done.
	Creating sequence for 'boringdao'... Hello329    [{'datetime': '2021-02-03T00:00:00Z', 'value':...
Name: priceUSD, dtype: object
Done.
	Creating sequence for 'coreum'... Hello330    [{'datetime': '2022-03-09T00:00:00Z', 'value':...
Name: priceUSD, dtype: object
Done.
	Creating sequence for 'bald'... Hello331    [{'datetime': '2023-07-31T00:00:00Z', 'value':...
Name: priceUSD, dtype: object
Done.
	Creating sequence for 'cryptex-finance'... Hello332    [{'datetime': '2021-06-10T00:00:00Z', 'value':...
Name: priceUSD, dtype: object
Done.
	Creating sequence for 'daddy-tate'... Hello333    [{'datetime': '2024-06-14T00:00:00Z', 'value':...
Name: priceUSD, dtype: object
Done.
	Creating sequence for 'catheon-gaming'... Hello334    [{'datetime': '2022-11-02T00:00:00Z', 'value':...
Name: priceUSD, dtype: object
Done.
	Creating sequence for 'aave-susd'... Skipped.
	Creating sequence for 'cargox'... Hello336    [{'datetime': '2018-01-31T00:00:00Z', 'value':...
Name: priceUSD, dtype: object
Done.
	Creating sequence for 'bone-shibaswap'... Hello337    [{'datetime': '2021-09-13T00:00:00Z', 'value':...
Name: priceUSD, dtype: object
Done.
	Creating sequence for 'cortex'... Hello338    [{'datetime': '2018-04-16T00:00:00Z', 'value':...
Name: priceUSD, dtype: object
Done.
	Creating sequence for 'contracoin'... Hello339    [{'datetime': '2020-03-14T00:00:00Z', 'value':...
Name: priceUSD, dtype: object
Done.
	Creating sequence for 'bittensor'... Hello340    [{'datetime': '2023-03-06T00:00:00Z', 'value':...
Name: priceUSD, dtype: object
Done.
	Creating sequence for 'big-time'... Hello341    [{'datetime': '2023-10-11T00:00:00Z', 'value':...
Name: priceUSD, dtype: object
Done.
	Creating sequence for 'aurora'... Hello342    [{'datetime': '2018-06-26T00:00:00Z', 'value':...
Name: priceUSD, dtype: object
Done.
	Creating sequence for 'aryacoin'... Hello343    [{'datetime': '2019-05-28T00:00:00Z', 'value':...
Name: priceUSD, dtype: object
Done.
	Creating sequence for 'allianceblock-nexera'... Hello344    [{'datetime': '2023-03-08T00:00:00Z', 'value':...
Name: priceUSD, dtype: object
Done.
	Creating sequence for 'alanyaspor-fan-token'... Hello345    [{'datetime': '2021-10-13T00:00:00Z', 'value':...
Name: priceUSD, dtype: object
Done.
	Creating sequence for 'curate'... Hello346    [{'datetime': '2020-12-10T00:00:00Z', 'value':...
Name: priceUSD, dtype: object
Done.
	Creating sequence for '8pay'... Hello347    [{'datetime': '2021-04-05T00:00:00Z', 'value':...
Name: priceUSD, dtype: object
Done.
	Creating sequence for 'big-data-protocol'... Hello348    [{'datetime': '2021-03-10T00:00:00Z', 'value':...
Name: priceUSD, dtype: object
Done.
	Creating sequence for 'coinbase-wrapped-staked-eth'... Hello349    [{'datetime': '2022-08-24T00:00:00Z', 'value':...
Name: priceUSD, dtype: object
Done.
	Creating sequence for 'analos'... Hello350    [{'datetime': '2023-12-22T00:00:00Z', 'value':...
Name: priceUSD, dtype: object
Done.
	Creating sequence for 'coreto'... Hello351    [{'datetime': '2021-02-12T00:00:00Z', 'value':...
Name: priceUSD, dtype: object
Done.
	Creating sequence for 'blox'... Hello352    [{'datetime': '2017-08-07T00:00:00Z', 'value':...
Name: priceUSD, dtype: object
Done.
	Creating sequence for 'avinoc'... Hello353    [{'datetime': '2018-08-07T00:00:00Z', 'value':...
Name: priceUSD, dtype: object
Done.
	Creating sequence for 'bitcore'... Hello354    [{'datetime': '2017-04-27T00:00:00Z', 'value':...
Name: priceUSD, dtype: object
Done.
	Creating sequence for 'akropolis'... Hello355    [{'datetime': '2019-07-19T00:00:00Z', 'value':...
Name: priceUSD, dtype: object
Done.
	Creating sequence for 'compound-0x'... Hello356    [{'datetime': '2020-07-25T00:00:00Z', 'value':...
Name: priceUSD, dtype: object
Done.
	Creating sequence for 'bird-money'... Hello357    [{'datetime': '2020-11-29T00:00:00Z', 'value':...
Name: priceUSD, dtype: object
Done.
	Creating sequence for 'apyswap'... Hello358    [{'datetime': '2021-03-02T00:00:00Z', 'value':...
Name: priceUSD, dtype: object
Done.
	Creating sequence for 'aave-wbtc'... Skipped.
	Creating sequence for 'bridge-oracle'... Hello360    [{'datetime': '2021-05-14T00:00:00Z', 'value':...
Name: priceUSD, dtype: object
Done.
	Creating sequence for 'ancient8'... Hello361    [{'datetime': '2024-07-17T00:00:00Z', 'value':...
Name: priceUSD, dtype: object
Done.
	Creating sequence for 'catman'... Hello362    [{'datetime': '2024-01-19T00:00:00Z', 'value':...
Name: priceUSD, dtype: object
Done.
	Creating sequence for 'astrotools'... Hello363    [{'datetime': '2020-09-05T00:00:00Z', 'value':...
Name: priceUSD, dtype: object
Done.
	Creating sequence for 'azbit'... Hello364    [{'datetime': '2019-10-13T00:00:00Z', 'value':...
Name: priceUSD, dtype: object
Done.
	Creating sequence for 'aave-zrx'... Skipped.
	Creating sequence for 'cybervein'... Hello366    [{'datetime': '2018-04-17T00:00:00Z', 'value':...
Name: priceUSD, dtype: object
Done.
	Creating sequence for 'bscpad'... Hello367    [{'datetime': '2021-03-04T00:00:00Z', 'value':...
Name: priceUSD, dtype: object
Done.
	Creating sequence for 'ally'... Hello368    [{'datetime': '2020-07-28T00:00:00Z', 'value':...
Name: priceUSD, dtype: object
Done.
	Creating sequence for 'ambire-wallet'... Hello369    [{'datetime': '2022-01-31T00:00:00Z', 'value':...
Name: priceUSD, dtype: object
Done.
	Creating sequence for 'amazy'... Hello370    [{'datetime': '2022-07-23T00:00:00Z', 'value':...
Name: priceUSD, dtype: object
Done.
	Creating sequence for 'cyberconnect'... Hello371    [{'datetime': '2023-08-15T00:00:00Z', 'value':...
Name: priceUSD, dtype: object
Done.
	Creating sequence for 'covalent'... Hello372    [{'datetime': '2021-06-24T00:00:00Z', 'value':...
Name: priceUSD, dtype: object
Done.
	Creating sequence for 'cypherium'... Hello373    [{'datetime': '2021-11-13T00:00:00Z', 'value':...
Name: priceUSD, dtype: object
Done.
	Creating sequence for 'bancor'... Hello374    [{'datetime': '2017-06-22T00:00:00Z', 'value':...
Name: priceUSD, dtype: object
Done.
	Creating sequence for 'blockbank'... Hello375    [{'datetime': '2021-05-17T00:00:00Z', 'value':...
Name: priceUSD, dtype: object
Done.
	Creating sequence for 'crabada'... Hello376    [{'datetime': '2021-11-13T00:00:00Z', 'value':...
Name: priceUSD, dtype: object
Done.
	Creating sequence for 'beyond-protocol'... Hello377    [{'datetime': '2021-10-05T00:00:00Z', 'value':...
Name: priceUSD, dtype: object
Done.
	Creating sequence for 'axis-defi'... Hello378    [{'datetime': '2020-08-22T00:00:00Z', 'value':...
Name: priceUSD, dtype: object
Done.
Actual training set: 253 entries
Actual testing set:  108 entries
Actual training/total ratio: 0.6675461741424802
