


--------------------------------------------------
Starting lstm.py at '2024-10-12 00:59:34.053497'.
Reading './isDaoActiveData(4).json'... Done.
Total training Data: 379
Size of training set: 144
Size of test set: 114
Preparing data for training...
Preparing data for testing...
Trained so far:121
Parameters:
	Num epochs: 60
	Initial learning rate: 0.001
	Patience: 12
	Window size: 60
	Timeseries splits: 3
	Minimum number of timeseries datapoints: 64
Gradient boosting params: 
	{"max_depth": 3, "learning_rate": 0.05, "n_estimators": 100, "objective": "binary:logistic", "eval_metric": "logloss"}
	Creating sequence for 'aeon'... Training group 0, split 1
	Y Train Labels:(array([1.], dtype=float32), array([480]))
	Y Val Labels:(array([1.], dtype=float32), array([478]))
Training group 0, split 2
	Early stopping at epoch 13
	Y Train Labels:(array([1.], dtype=float32), array([958]))
	Y Val Labels:(array([0., 1.], dtype=float32), array([404,  74]))
Training group 0, split 3
	Early stopping at epoch 52
	Y Train Labels:(array([0., 1.], dtype=float32), array([ 404, 1032]))
	Y Val Labels:(array([0.], dtype=float32), array([478]))
Done.
	Creating sequence for 'alchemix'... Training group 1, split 1
	Y Train Labels:(array([1.], dtype=float32), array([300]))
	Y Val Labels:(array([1.], dtype=float32), array([300]))
Training group 1, split 2
	Y Train Labels:(array([1.], dtype=float32), array([600]))
	Y Val Labels:(array([1.], dtype=float32), array([300]))
Training group 1, split 3
	Y Train Labels:(array([1.], dtype=float32), array([900]))
	Y Val Labels:(array([1.], dtype=float32), array([300]))
Done.
	Creating sequence for 'bitball'... Training group 2, split 1
	Y Train Labels:(array([1.], dtype=float32), array([234]))
	Y Val Labels:(array([1.], dtype=float32), array([234]))
Training group 2, split 2
	Y Train Labels:(array([1.], dtype=float32), array([468]))
	Y Val Labels:(array([1.], dtype=float32), array([234]))
Training group 2, split 3
	Y Train Labels:(array([1.], dtype=float32), array([702]))
	Y Val Labels:(array([1.], dtype=float32), array([234]))
Done.
	Creating sequence for 'beefy-finance'... Training group 3, split 1
	Y Train Labels:(array([1.], dtype=float32), array([256]))
	Y Val Labels:(array([1.], dtype=float32), array([256]))
Training group 3, split 2
	Y Train Labels:(array([1.], dtype=float32), array([512]))
	Y Val Labels:(array([1.], dtype=float32), array([256]))
Training group 3, split 3
	Y Train Labels:(array([1.], dtype=float32), array([768]))
	Y Val Labels:(array([1.], dtype=float32), array([256]))
Done.
	Creating sequence for 'calamari-network'... Training group 4, split 1
	Y Train Labels:(array([1.], dtype=float32), array([244]))
	Y Val Labels:(array([1.], dtype=float32), array([242]))
Training group 4, split 2
	Y Train Labels:(array([1.], dtype=float32), array([486]))
	Y Val Labels:(array([1.], dtype=float32), array([242]))
Training group 4, split 3
	Early stopping at epoch 13
	Y Train Labels:(array([1.], dtype=float32), array([728]))
	Y Val Labels:(array([0., 1.], dtype=float32), array([154,  88]))
Done.
	Creating sequence for 'crown-by-third-time-games'... Training group 5, split 1
	Y Train Labels:(array([1.], dtype=float32), array([110]))
	Y Val Labels:(array([1.], dtype=float32), array([107]))
Training group 5, split 2
	Y Train Labels:(array([1.], dtype=float32), array([217]))
	Y Val Labels:(array([1.], dtype=float32), array([107]))
Training group 5, split 3
	Y Train Labels:(array([1.], dtype=float32), array([324]))
	Y Val Labels:(array([1.], dtype=float32), array([107]))
Done.
	Creating sequence for 'apeswap-finance'... Training group 6, split 1
	Y Train Labels:(array([1.], dtype=float32), array([236]))
	Y Val Labels:(array([1.], dtype=float32), array([235]))
Training group 6, split 2
	Y Train Labels:(array([1.], dtype=float32), array([471]))
	Y Val Labels:(array([1.], dtype=float32), array([235]))
Training group 6, split 3
	Early stopping at epoch 13
	Y Train Labels:(array([1.], dtype=float32), array([706]))
	Y Val Labels:(array([0., 1.], dtype=float32), array([ 30, 205]))
Done.
	Creating sequence for 'ait-protocol'... Training group 7, split 1
	Y Train Labels:(array([0., 1.], dtype=float32), array([27, 28]))
	Y Val Labels:(array([0.], dtype=float32), array([52]))
Training group 7, split 2
	Early stopping at epoch 46
	Y Train Labels:(array([0., 1.], dtype=float32), array([79, 28]))
	Y Val Labels:(array([0.], dtype=float32), array([52]))
Training group 7, split 3
	Early stopping at epoch 21
	Y Train Labels:(array([0., 1.], dtype=float32), array([131,  28]))
	Y Val Labels:(array([0.], dtype=float32), array([52]))
Done.
	Creating sequence for 'ampleforth-governance-token'... Training group 8, split 1
	Y Train Labels:(array([1.], dtype=float32), array([291]))
	Y Val Labels:(array([1.], dtype=float32), array([289]))
Training group 8, split 2
	Y Train Labels:(array([1.], dtype=float32), array([580]))
	Y Val Labels:(array([1.], dtype=float32), array([289]))
Training group 8, split 3
	Y Train Labels:(array([1.], dtype=float32), array([869]))
	Y Val Labels:(array([1.], dtype=float32), array([289]))
Done.
	Creating sequence for 'aion'... Training group 9, split 1
	Early stopping at epoch 13
	Y Train Labels:(array([1.], dtype=float32), array([565]))
	Y Val Labels:(array([0., 1.], dtype=float32), array([427, 136]))
Training group 9, split 2
	Early stopping at epoch 24
	Y Train Labels:(array([0., 1.], dtype=float32), array([427, 701]))
	Y Val Labels:(array([0.], dtype=float32), array([563]))
Training group 9, split 3
	Y Train Labels:(array([0., 1.], dtype=float32), array([990, 701]))
	Y Val Labels:(array([0.], dtype=float32), array([563]))
Done.
	Creating sequence for 'autonio'... Training group 10, split 1
	Y Train Labels:(array([1.], dtype=float32), array([480]))
	Y Val Labels:(array([1.], dtype=float32), array([480]))
Training group 10, split 2
	Early stopping at epoch 13
	Y Train Labels:(array([1.], dtype=float32), array([960]))
	Y Val Labels:(array([0., 1.], dtype=float32), array([ 26, 454]))
Training group 10, split 3
	Y Train Labels:(array([0., 1.], dtype=float32), array([  26, 1414]))
	Y Val Labels:(array([0.], dtype=float32), array([480]))
Done.
	Creating sequence for 'airtor-protocol'... Training group 11, split 1
	Early stopping at epoch 13
	Y Train Labels:(array([1.], dtype=float32), array([82]))
	Y Val Labels:(array([1.], dtype=float32), array([79]))
Training group 11, split 2
	Y Train Labels:(array([1.], dtype=float32), array([161]))
	Y Val Labels:(array([1.], dtype=float32), array([79]))
Training group 11, split 3
	Y Train Labels:(array([1.], dtype=float32), array([240]))
	Y Val Labels:(array([1.], dtype=float32), array([79]))
Done.
	Creating sequence for 'acquire-fi'... Training group 12, split 1
	Y Train Labels:(array([0.], dtype=float32), array([169]))
	Y Val Labels:(array([0.], dtype=float32), array([166]))
Training group 12, split 2
	Y Train Labels:(array([0.], dtype=float32), array([335]))
	Y Val Labels:(array([0.], dtype=float32), array([166]))
Training group 12, split 3
	Y Train Labels:(array([0.], dtype=float32), array([501]))
	Y Val Labels:(array([0.], dtype=float32), array([166]))
Done.
	Creating sequence for 'aptos'... Training group 13, split 1
	Y Train Labels:(array([1.], dtype=float32), array([149]))
	Y Val Labels:(array([1.], dtype=float32), array([149]))
Training group 13, split 2
	Y Train Labels:(array([1.], dtype=float32), array([298]))
	Y Val Labels:(array([1.], dtype=float32), array([149]))
Training group 13, split 3
	Y Train Labels:(array([1.], dtype=float32), array([447]))
	Y Val Labels:(array([1.], dtype=float32), array([149]))
Done.
	Creating sequence for 'cyberfi'... Training group 14, split 1
	Y Train Labels:(array([1.], dtype=float32), array([153]))
	Y Val Labels:(array([1.], dtype=float32), array([150]))
Training group 14, split 2
	Early stopping at epoch 14
	Y Train Labels:(array([1.], dtype=float32), array([303]))
	Y Val Labels:(array([1.], dtype=float32), array([150]))
Training group 14, split 3
	Y Train Labels:(array([1.], dtype=float32), array([453]))
	Y Val Labels:(array([1.], dtype=float32), array([150]))
Done.
	Creating sequence for 'carvertical'... Training group 15, split 1
	Y Train Labels:(array([1.], dtype=float32), array([417]))
	Y Val Labels:(array([1.], dtype=float32), array([414]))
Training group 15, split 2
	Y Train Labels:(array([1.], dtype=float32), array([831]))
	Y Val Labels:(array([1.], dtype=float32), array([414]))
Training group 15, split 3
	Y Train Labels:(array([1.], dtype=float32), array([1245]))
	Y Val Labels:(array([1.], dtype=float32), array([414]))
Done.
	Creating sequence for 'captain-tsubasa'... Training group 16, split 1
	Early stopping at epoch 15
	Y Train Labels:(array([1.], dtype=float32), array([80]))
	Y Val Labels:(array([0., 1.], dtype=float32), array([51, 26]))
Training group 16, split 2
	Early stopping at epoch 59
	Y Train Labels:(array([0., 1.], dtype=float32), array([ 51, 106]))
	Y Val Labels:(array([0.], dtype=float32), array([77]))
Training group 16, split 3
	Early stopping at epoch 24
	Y Train Labels:(array([0., 1.], dtype=float32), array([128, 106]))
	Y Val Labels:(array([0.], dtype=float32), array([77]))
Done.
	Creating sequence for 'bitcoin-diamond'... Training group 17, split 1
	Y Train Labels:(array([1.], dtype=float32), array([566]))
	Y Val Labels:(array([1.], dtype=float32), array([564]))
Training group 17, split 2
	Early stopping at epoch 13
	Y Train Labels:(array([1.], dtype=float32), array([1130]))
	Y Val Labels:(array([0., 1.], dtype=float32), array([161, 403]))
Training group 17, split 3
	Y Train Labels:(array([0., 1.], dtype=float32), array([ 161, 1533]))
	Y Val Labels:(array([0.], dtype=float32), array([564]))
Done.
	Creating sequence for 'bitcoin-gold'... Training group 18, split 1
	Y Train Labels:(array([1.], dtype=float32), array([571]))
	Y Val Labels:(array([1.], dtype=float32), array([571]))
Training group 18, split 2
	Early stopping at epoch 13
	Y Train Labels:(array([1.], dtype=float32), array([1142]))
	Y Val Labels:(array([0., 1.], dtype=float32), array([294, 277]))
Training group 18, split 3
	Early stopping at epoch 50
	Y Train Labels:(array([0., 1.], dtype=float32), array([ 294, 1419]))
	Y Val Labels:(array([0.], dtype=float32), array([571]))
Done.
	Creating sequence for 'cotrader'... Training group 19, split 1
	Y Train Labels:(array([1.], dtype=float32), array([318]))
	Y Val Labels:(array([1.], dtype=float32), array([316]))
Training group 19, split 2
	Y Train Labels:(array([1.], dtype=float32), array([634]))
	Y Val Labels:(array([1.], dtype=float32), array([316]))
Training group 19, split 3
	Y Train Labels:(array([1.], dtype=float32), array([950]))
	Y Val Labels:(array([1.], dtype=float32), array([316]))
Done.
	Creating sequence for 'coin98'... Training group 20, split 1
	Y Train Labels:(array([1.], dtype=float32), array([263]))
	Y Val Labels:(array([1.], dtype=float32), array([262]))
Training group 20, split 2
	Y Train Labels:(array([1.], dtype=float32), array([525]))
	Y Val Labels:(array([1.], dtype=float32), array([262]))
Training group 20, split 3
	Y Train Labels:(array([1.], dtype=float32), array([787]))
	Y Val Labels:(array([1.], dtype=float32), array([262]))
Done.
	Creating sequence for 'convex-finance'... Training group 21, split 1
	Y Train Labels:(array([1.], dtype=float32), array([279]))
	Y Val Labels:(array([1.], dtype=float32), array([279]))
Training group 21, split 2
	Y Train Labels:(array([1.], dtype=float32), array([558]))
	Y Val Labels:(array([1.], dtype=float32), array([279]))
Training group 21, split 3
	Y Train Labels:(array([1.], dtype=float32), array([837]))
	Y Val Labels:(array([1.], dtype=float32), array([279]))
Done.
	Creating sequence for 'alpine-f1-team-fan-token'... Training group 22, split 1
	Early stopping at epoch 13
	Y Train Labels:(array([1.], dtype=float32), array([216]))
	Y Val Labels:(array([0., 1.], dtype=float32), array([ 62, 151]))
Training group 22, split 2
	Y Train Labels:(array([0., 1.], dtype=float32), array([ 62, 367]))
	Y Val Labels:(array([0.], dtype=float32), array([213]))
Training group 22, split 3
	Early stopping at epoch 27
	Y Train Labels:(array([0., 1.], dtype=float32), array([275, 367]))
	Y Val Labels:(array([0.], dtype=float32), array([213]))
Done.
	Creating sequence for 'ampleforth'... Training group 23, split 1
	Y Train Labels:(array([1.], dtype=float32), array([452]))
	Y Val Labels:(array([1.], dtype=float32), array([450]))
Training group 23, split 2
	Y Train Labels:(array([1.], dtype=float32), array([902]))
	Y Val Labels:(array([1.], dtype=float32), array([450]))
Training group 23, split 3
	Y Train Labels:(array([1.], dtype=float32), array([1352]))
	Y Val Labels:(array([1.], dtype=float32), array([450]))
Done.
	Creating sequence for 'airswap'... Training group 24, split 1
	Y Train Labels:(array([1.], dtype=float32), array([581]))
	Y Val Labels:(array([1.], dtype=float32), array([578]))
Training group 24, split 2
	Y Train Labels:(array([1.], dtype=float32), array([1159]))
	Y Val Labels:(array([1.], dtype=float32), array([578]))
Training group 24, split 3
	Y Train Labels:(array([1.], dtype=float32), array([1737]))
	Y Val Labels:(array([1.], dtype=float32), array([578]))
Done.
	Creating sequence for 'aerodrome-finance'... Training group 25, split 1
	Y Train Labels:(array([1.], dtype=float32), array([46]))
	Y Val Labels:(array([1.], dtype=float32), array([43]))
Training group 25, split 2
	Early stopping at epoch 13
	Y Train Labels:(array([1.], dtype=float32), array([89]))
	Y Val Labels:(array([0., 1.], dtype=float32), array([27, 16]))
Training group 25, split 3
	Early stopping at epoch 49
	Y Train Labels:(array([0., 1.], dtype=float32), array([ 27, 105]))
	Y Val Labels:(array([0.], dtype=float32), array([43]))
Done.
	Creating sequence for 'blackcardcoin'... Training group 26, split 1
	Early stopping at epoch 13
	Y Train Labels:(array([1.], dtype=float32), array([29]))
	Y Val Labels:(array([0., 1.], dtype=float32), array([15, 11]))
Training group 26, split 2
	Y Train Labels:(array([0., 1.], dtype=float32), array([15, 40]))
	Y Val Labels:(array([0.], dtype=float32), array([26]))
Training group 26, split 3
	Y Train Labels:(array([0., 1.], dtype=float32), array([41, 40]))
	Y Val Labels:(array([0.], dtype=float32), array([26]))
Done.
	Creating sequence for 'ambo'... Skipped.
	Creating sequence for 'bepro-network'... Training group 27, split 1
	Early stopping at epoch 42
	Y Train Labels:(array([1.], dtype=float32), array([420]))
	Y Val Labels:(array([0., 1.], dtype=float32), array([ 13, 407]))
Training group 27, split 2
	Early stopping at epoch 13
	Y Train Labels:(array([0., 1.], dtype=float32), array([ 13, 827]))
	Y Val Labels:(array([0.], dtype=float32), array([420]))
Training group 27, split 3
	Early stopping at epoch 46
	Y Train Labels:(array([0., 1.], dtype=float32), array([433, 827]))
	Y Val Labels:(array([0.], dtype=float32), array([420]))
Done.
	Creating sequence for 'azuki'... Training group 28, split 1
	Early stopping at epoch 21
	Y Train Labels:(array([1.], dtype=float32), array([245]))
	Y Val Labels:(array([0., 1.], dtype=float32), array([ 46, 198]))
Training group 28, split 2
	Early stopping at epoch 44
	Y Train Labels:(array([0., 1.], dtype=float32), array([ 46, 443]))
	Y Val Labels:(array([0.], dtype=float32), array([244]))
Training group 28, split 3
	Early stopping at epoch 43
	Y Train Labels:(array([0., 1.], dtype=float32), array([290, 443]))
	Y Val Labels:(array([0.], dtype=float32), array([244]))
Done.
	Creating sequence for 'aioz-network'... Training group 29, split 1
	Y Train Labels:(array([1.], dtype=float32), array([294]))
	Y Val Labels:(array([1.], dtype=float32), array([294]))
Training group 29, split 2
	Y Train Labels:(array([1.], dtype=float32), array([588]))
	Y Val Labels:(array([1.], dtype=float32), array([294]))
Training group 29, split 3
	Early stopping at epoch 13
	Y Train Labels:(array([1.], dtype=float32), array([882]))
	Y Val Labels:(array([0., 1.], dtype=float32), array([149, 145]))
Done.
	Creating sequence for 'astar'... Training group 30, split 1
	Y Train Labels:(array([1.], dtype=float32), array([219]))
	Y Val Labels:(array([1.], dtype=float32), array([216]))
Training group 30, split 2
	Y Train Labels:(array([1.], dtype=float32), array([435]))
	Y Val Labels:(array([1.], dtype=float32), array([216]))
Training group 30, split 3
	Y Train Labels:(array([1.], dtype=float32), array([651]))
	Y Val Labels:(array([1.], dtype=float32), array([216]))
Done.
	Creating sequence for 'augur'... Training group 31, split 1
	Y Train Labels:(array([1.], dtype=float32), array([587]))
	Y Val Labels:(array([1.], dtype=float32), array([586]))
Training group 31, split 2
	Y Train Labels:(array([1.], dtype=float32), array([1173]))
	Y Val Labels:(array([1.], dtype=float32), array([586]))
Training group 31, split 3
	Early stopping at epoch 13
	Y Train Labels:(array([1.], dtype=float32), array([1759]))
	Y Val Labels:(array([0., 1.], dtype=float32), array([222, 364]))
Done.
	Creating sequence for 'adshares'... Training group 32, split 1
	Y Train Labels:(array([1.], dtype=float32), array([569]))
	Y Val Labels:(array([1.], dtype=float32), array([568]))
Training group 32, split 2
