


--------------------------------------------------
Starting lstm.py at '2024-10-16 14:52:08.960720'.
Reading './isDaoActiveData(4).json'... Done.
Total training Data: 379
DAOs trained so far:112
Size of training set: 153
Size of test set: 114
Preparing data for training...
Preparing data for testing...
Parameters:
	Num epochs: 60
	Initial learning rate: 0.001
	Patience: 12
	Window size: 60
	Timeseries splits: 3
	Minimum number of timeseries datapoints: 64
Gradient boosting params: 
	{"max_depth": 3, "learning_rate": 0.05, "n_estimators": 100, "objective": "binary:logistic", "eval_metric": "logloss"}
	Creating sequence for 'bnsd-finance'... Training group 0, split 1
	Y Train Labels:(array([1.], dtype=float32), array([326]))
	Y Val Labels:(array([1.], dtype=float32), array([323]))
Training group 0, split 2
	Early stopping at epoch 13
	Y Train Labels:(array([1.], dtype=float32), array([649]))
	Y Val Labels:(array([0., 1.], dtype=float32), array([126, 197]))
Training group 0, split 3
	Early stopping at epoch 23
	Y Train Labels:(array([0., 1.], dtype=float32), array([126, 846]))
	Y Val Labels:(array([0.], dtype=float32), array([323]))
Done.
	Creating sequence for 'bitball-treasure'... Training group 1, split 1
	Early stopping at epoch 13
	Y Train Labels:(array([1.], dtype=float32), array([433]))
	Y Val Labels:(array([0., 1.], dtype=float32), array([ 86, 345]))
Training group 1, split 2
	Y Train Labels:(array([0., 1.], dtype=float32), array([ 86, 778]))
	Y Val Labels:(array([0.], dtype=float32), array([431]))
Training group 1, split 3
	Early stopping at epoch 28
	Y Train Labels:(array([0., 1.], dtype=float32), array([517, 778]))
	Y Val Labels:(array([0.], dtype=float32), array([431]))
Done.
	Creating sequence for 'airight'... Training group 2, split 1
	Y Train Labels:(array([1.], dtype=float32), array([263]))
	Y Val Labels:(array([1.], dtype=float32), array([263]))
Training group 2, split 2
	Y Train Labels:(array([1.], dtype=float32), array([526]))
	Y Val Labels:(array([1.], dtype=float32), array([263]))
Training group 2, split 3
	Early stopping at epoch 13
	Y Train Labels:(array([1.], dtype=float32), array([789]))
	Y Val Labels:(array([0., 1.], dtype=float32), array([195,  68]))
Done.
	Creating sequence for 'auto'... Training group 3, split 1
	Early stopping at epoch 40
	Y Train Labels:(array([0., 1.], dtype=float32), array([274,  44]))
	Y Val Labels:(array([0.], dtype=float32), array([317]))
Training group 3, split 2
	Early stopping at epoch 13
	Y Train Labels:(array([0., 1.], dtype=float32), array([591,  44]))
	Y Val Labels:(array([0.], dtype=float32), array([317]))
Training group 3, split 3
	Early stopping at epoch 13
	Y Train Labels:(array([0., 1.], dtype=float32), array([908,  44]))
	Y Val Labels:(array([0.], dtype=float32), array([317]))
Done.
	Creating sequence for 'comtech-gold'... Training group 4, split 1
	Y Train Labels:(array([1.], dtype=float32), array([200]))
	Y Val Labels:(array([1.], dtype=float32), array([198]))
Training group 4, split 2
	Y Train Labels:(array([1.], dtype=float32), array([398]))
	Y Val Labels:(array([1.], dtype=float32), array([198]))
Training group 4, split 3
	Y Train Labels:(array([1.], dtype=float32), array([596]))
	Y Val Labels:(array([1.], dtype=float32), array([198]))
Done.
	Creating sequence for 'bluzelle'... Training group 5, split 1
	Early stopping at epoch 25
	Y Train Labels:(array([1.], dtype=float32), array([574]))
	Y Val Labels:(array([1.], dtype=float32), array([573]))
Training group 5, split 2
