


--------------------------------------------------
Starting lstm.py at '2024-10-23 16:28:31.643379'.
Reading '../classifiedDAOs.json'... Done.
Total training Data: 1578
DAOs trained so far:18
Size of training set: 1086
Size of test set: 474
Preparing data for training...
Preparing data for testing...
Parameters:
	Num epochs: 60
	Initial learning rate: 0.001
	Patience: 12
	Window size: 60
	Timeseries splits: 3
	Minimum number of timeseries datapoints: 64
Gradient boosting params: 
	{"max_depth": 3, "learning_rate": 0.05, "n_estimators": 100, "objective": "binary:logistic", "eval_metric": "logloss"}
	Creating sequence for 'swingby'... Training group 0, split 1
	Early stopping at epoch 13
	Y Train Labels:(array([1.], dtype=float32), array([349]))
	Y Val Labels:(array([0., 1.], dtype=float32), array([288,  60]))
Training group 0, split 2
	Early stopping at epoch 24
	Y Train Labels:(array([0., 1.], dtype=float32), array([288, 409]))
	Y Val Labels:(array([0.], dtype=float32), array([348]))
Training group 0, split 3
	Early stopping at epoch 22
	Y Train Labels:(array([0., 1.], dtype=float32), array([636, 409]))
	Y Val Labels:(array([0.], dtype=float32), array([348]))
Done.
	Creating sequence for 'kendu-inu'... Training group 1, split 1
	Y Train Labels:(array([0.], dtype=float32), array([20]))
	Y Val Labels:(array([0.], dtype=float32), array([20]))
Training group 1, split 2
	Y Train Labels:(array([0.], dtype=float32), array([40]))
	Y Val Labels:(array([0.], dtype=float32), array([20]))
Training group 1, split 3
	Y Train Labels:(array([0.], dtype=float32), array([60]))
	Y Val Labels:(array([0.], dtype=float32), array([20]))
Done.
	Creating sequence for 'alchemist'... Training group 2, split 1
	Early stopping at epoch 13
	Y Train Labels:(array([1.], dtype=float32), array([284]))
	Y Val Labels:(array([0., 1.], dtype=float32), array([187,  97]))
Training group 2, split 2
	Early stopping at epoch 15
	Y Train Labels:(array([0., 1.], dtype=float32), array([187, 381]))
	Y Val Labels:(array([0.], dtype=float32), array([284]))
Training group 2, split 3
	Early stopping at epoch 13
	Y Train Labels:(array([0., 1.], dtype=float32), array([471, 381]))
	Y Val Labels:(array([0.], dtype=float32), array([284]))
Done.
	Creating sequence for 'bifi'... Training group 3, split 1
	Early stopping at epoch 13
	Y Train Labels:(array([0., 1.], dtype=float32), array([ 26, 302]))
	Y Val Labels:(array([0.], dtype=float32), array([325]))
Training group 3, split 2
	Early stopping at epoch 28
	Y Train Labels:(array([0., 1.], dtype=float32), array([351, 302]))
	Y Val Labels:(array([0.], dtype=float32), array([325]))
Training group 3, split 3
	Early stopping at epoch 28
	Y Train Labels:(array([0., 1.], dtype=float32), array([676, 302]))
	Y Val Labels:(array([0.], dtype=float32), array([325]))
Done.
	Creating sequence for 'ait-protocol'... Training group 4, split 1
	Early stopping at epoch 13
	Y Train Labels:(array([0., 1.], dtype=float32), array([27, 28]))
	Y Val Labels:(array([0.], dtype=float32), array([52]))
Training group 4, split 2
	Early stopping at epoch 29
	Y Train Labels:(array([0., 1.], dtype=float32), array([79, 28]))
	Y Val Labels:(array([0.], dtype=float32), array([52]))
Training group 4, split 3
	Early stopping at epoch 13
	Y Train Labels:(array([0., 1.], dtype=float32), array([131,  28]))
	Y Val Labels:(array([0.], dtype=float32), array([52]))
Done.
	Creating sequence for 'wmatic'... Training group 5, split 1
	Y Train Labels:(array([1.], dtype=float32), array([306]))
	Y Val Labels:(array([1.], dtype=float32), array([305]))
Training group 5, split 2
	Y Train Labels:(array([1.], dtype=float32), array([611]))
	Y Val Labels:(array([1.], dtype=float32), array([305]))
Training group 5, split 3
	Y Train Labels:(array([1.], dtype=float32), array([916]))
	Y Val Labels:(array([1.], dtype=float32), array([305]))
Done.
	Creating sequence for 'stronghold-token'... Training group 6, split 1
	Y Train Labels:(array([1.], dtype=float32), array([333]))
	Y Val Labels:(array([1.], dtype=float32), array([332]))
Training group 6, split 2
	Y Train Labels:(array([1.], dtype=float32), array([665]))
	Y Val Labels:(array([1.], dtype=float32), array([332]))
Training group 6, split 3
	Y Train Labels:(array([1.], dtype=float32), array([997]))
	Y Val Labels:(array([1.], dtype=float32), array([332]))
Done.
	Creating sequence for 'oasys'... Training group 7, split 1
	Y Train Labels:(array([1.], dtype=float32), array([110]))
	Y Val Labels:(array([1.], dtype=float32), array([109]))
Training group 7, split 2
	Y Train Labels:(array([1.], dtype=float32), array([219]))
	Y Val Labels:(array([1.], dtype=float32), array([109]))
Training group 7, split 3
	Y Train Labels:(array([1.], dtype=float32), array([328]))
	Y Val Labels:(array([1.], dtype=float32), array([109]))
Done.
	Creating sequence for 'waykichain-governance-coin'... Training group 8, split 1
	Y Train Labels:(array([1.], dtype=float32), array([363]))
	Y Val Labels:(array([1.], dtype=float32), array([360]))
Training group 8, split 2
	Y Train Labels:(array([1.], dtype=float32), array([723]))
	Y Val Labels:(array([1.], dtype=float32), array([360]))
Training group 8, split 3
