


--------------------------------------------------
Starting lstm.py at '2024-10-26 23:50:19.983297'.
Reading '../classifiedDAOs.json'... Done.
Total training Data: 1578
DAOs trained so far:704
Size of training set: 400
Size of test set: 474
Preparing data for training...
Preparing data for testing...
Parameters:
	Num epochs: 60
	Initial learning rate: 0.001
	Patience: 12
	Window size: 60
	Timeseries splits: 3
	Minimum number of timeseries datapoints: 64
Gradient boosting params: 
	{"max_depth": 3, "learning_rate": 0.05, "n_estimators": 100, "objective": "binary:logistic", "eval_metric": "logloss"}
	Creating sequence for 'opulous'... Training group 0, split 1
	Early stopping at epoch 13
	Y Train Labels:(array([1.], dtype=float32), array([230]))
	Y Val Labels:(array([1.], dtype=float32), array([229]))
Training group 0, split 2
	Early stopping at epoch 13
	Y Train Labels:(array([1.], dtype=float32), array([459]))
	Y Val Labels:(array([1.], dtype=float32), array([229]))
Training group 0, split 3
	Early stopping at epoch 13
	Y Train Labels:(array([1.], dtype=float32), array([688]))
	Y Val Labels:(array([1.], dtype=float32), array([229]))
Done.
	Creating sequence for 'instadapp'... Skipped.
	Creating sequence for '1inch'... Training group 1, split 1
	Early stopping at epoch 13
	Y Train Labels:(array([1.], dtype=float32), array([36]))
	Y Val Labels:(array([1.], dtype=float32), array([33]))
Training group 1, split 2
	Early stopping at epoch 13
	Y Train Labels:(array([1.], dtype=float32), array([69]))
	Y Val Labels:(array([1.], dtype=float32), array([33]))
Training group 1, split 3
	Early stopping at epoch 13
	Y Train Labels:(array([1.], dtype=float32), array([102]))
	Y Val Labels:(array([1.], dtype=float32), array([33]))
Done.
	Creating sequence for 'cashaa'... Training group 2, split 1
	Early stopping at epoch 13
	Y Train Labels:(array([1.], dtype=float32), array([91]))
	Y Val Labels:(array([1.], dtype=float32), array([88]))
Training group 2, split 2
	Early stopping at epoch 13
	Y Train Labels:(array([1.], dtype=float32), array([179]))
	Y Val Labels:(array([1.], dtype=float32), array([88]))
Training group 2, split 3
	Early stopping at epoch 13
	Y Train Labels:(array([1.], dtype=float32), array([267]))
	Y Val Labels:(array([1.], dtype=float32), array([88]))
Done.
	Creating sequence for 'iagon'... Training group 3, split 1
	Early stopping at epoch 13
	Y Train Labels:(array([1.], dtype=float32), array([113]))
	Y Val Labels:(array([1.], dtype=float32), array([113]))
Training group 3, split 2
	Early stopping at epoch 13
	Y Train Labels:(array([1.], dtype=float32), array([226]))
	Y Val Labels:(array([1.], dtype=float32), array([113]))
Training group 3, split 3
	Early stopping at epoch 13
	Y Train Labels:(array([1.], dtype=float32), array([339]))
	Y Val Labels:(array([1.], dtype=float32), array([113]))
Done.
	Creating sequence for 'derace'... Training group 4, split 1
	Early stopping at epoch 13
	Y Train Labels:(array([1.], dtype=float32), array([243]))
	Y Val Labels:(array([1.], dtype=float32), array([240]))
Training group 4, split 2
	Early stopping at epoch 13
	Y Train Labels:(array([1.], dtype=float32), array([483]))
	Y Val Labels:(array([1.], dtype=float32), array([240]))
Training group 4, split 3
	Early stopping at epoch 13
	Y Train Labels:(array([1.], dtype=float32), array([723]))
	Y Val Labels:(array([1.], dtype=float32), array([240]))
Done.
	Creating sequence for 'satt'... Training group 5, split 1
	Early stopping at epoch 13
	Y Train Labels:(array([1.], dtype=float32), array([349]))
	Y Val Labels:(array([1.], dtype=float32), array([349]))
Training group 5, split 2
